*************************************************
*	pack	(version 4.12.0.5)
*	Eric Majzoub
*	Sandia National Laboratories
*************************************************
*  Source file: main.c
*  Compile date: Dec 27 2012
*  Compile time: 17:19:04
*  commandline = /projects/e20438/bin/pack-4.12.0.5/pack_exe -f ../../NaCl_pegs.in -P -R -r 600 -t 15 -g 19170 
*  input file = ../../NaCl_pegs.in
**********************************************************************
**********************************************************************
**********************************************************************
* 
*       - General run comments -
* 
* WARN: no Rotations in Metropolis (-R flag).
* WARN: all anionic charge on center atom (-P flag).
*
**********************************************************************
*           - Input parameters -
*
*           restart  =         0         1 = restart calc
*        autoadjust  =         1   automatically set temp
*          aa_using  =         1        1=rej pct, 2=pCnt
*         basin hop  =         0           number of hops
*     non_per_ewald  =         0          1=nanopart calc
*
*             lat a  =   10.0000
*             lat b  =   10.0000
*             lat c  =   10.0000
*             alpha  =    1.5708
*             beta   =    1.5708
*             gamma  =    1.5708
*          cell vol  = 1000.0000
*      sqsh vol pct  =    0.2000
* 
*          cell_min  =    1.6700              min lat vec
*          cell_max  =  167.0000              max lat vec
* 
*         n_type_an  =         1          num type anions
*            num_an  =         1           tot num anions
* 
*          num_an_1  =         1        num anions type 1
*        num_vert_1  =         1     1=sph 2=dim 5=tet...
*       an_chrg_c_1  =   -1.0000      anion center charge
*       an_chrg_v_1  =    0.0000      anion vertex charge
*     tot_an_chrg_1  =   -1.0000       total anion charge
*           Rcent_1  =    1.6700         anion center rad
*           Rvert_1  =    0.0000         anion vertex rad
*             cvd_1  =    0.0000        cent to vert dist
*           Zcent_1  =        17           anion center Z
*           Zvert_1  =         0           anion vertex Z
* 
*          num_an_2  =         0        num anions type 2
*        num_vert_2  =         0     1=sph 2=dim 5=tet...
*       an_chrg_c_2  =    0.0000      anion center charge
*       an_chrg_v_2  =    0.0000      anion vertex charge
*     tot_an_chrg_2  =    0.0000       total anion charge
*           Rcent_2  =    0.0000         anion center rad
*           Rvert_2  =    0.0000         anion vertex rad
*             cvd_2  =    0.0000        cent to vert dist
*           Zcent_2  =         0           anion center Z
*           Zvert_2  =         0           anion vertex Z
* 
*         n_type_ca  =         1            num type cats
*            num_ca  =         1          tot num cations
* 
*          num_ca_1  =         1        num cations typ 1
*         ca_chrg_1  =    1.0000        cation chrg typ 1
*            Rcat_1  =    1.1600         cation rad typ 1
*            Zcat_1  =        11           cation Z typ 1
* 
*            C2VTOL  =  1.00e-08            c2v tolerance
*            ERRLIM  =  1.00e-06
*       REP_EPSILON  =  1.00e+00        soft sphere repul
*    TRANS_FRAC_MAX  =    0.5000                    fixed
*    TRANS_FRAC_MIN  =    0.0200
*      MAX_ANG_CHNG  =    9.9695                  degrees
*    VOLUM_FRAC_MAX  =    0.0700
*         EXT_PRESS  =  0.00e+00        external pressure
*      SQSH_VOL_PCT  =    0.2000             min orth val
*        ASPECT_MAX  =   20.0000                cell parm
*            dplane  =    1.6700            min plane sep
*      SCALE_FACTOR  =    1.2500         bhop max scaling
* 
*            d.o.f.  =        12       degrees of freedom
*          runs/dof  =       600         loops per d.o.f.
*              runs  =      7200              loops per T
*               ncc  =     28800     config changes per T
*            t_runs  =        15           num temp steps
*             efunc  =         0               0=SS  1=LJ
*       N_HALT_CHNG  =        15      halts after N 100%s
*
*      anneal_sched  =         3   0=lin or exp(-run_n^n)
*         temp_init  =  1.00e+00             initial temp
*         temp_finl  =  1.00e-03               final temp
* 
*          trn_chng  =         1              0=off  1=on
*          rot_chng  =         0              0=off  1=on
*          lat_chng  =         1              0=off  1=on
*          swp_chng  =         1              0=off  1=on
* 
*     SIMP_RESTARTS  =        11     no. simplex restarts
*  SIMP_RESTARTS BH  =        21  basin hop simp restarts
*         SIMP_NMAX  =      4500        max simplex iters
*          SIMP_DEG  =    1.0000          anion start deg
*         SIMP_LAMB  =    0.0100        vertex start frac
*       SIMP_ERRLIM  =  1.00e-08              error limit
* 
*           aa runs  =      1200           config changes
*      aa runs_step  =        10   config change increase
*       aa runs_max  =      1500  max auto config changes
*         aa t_runs  =         3            num temp runs
*      aa temp_step  =    0.5000                temp step
* 
*        aa chng hi  =         3  1=trn 2=rot 3=lat 4=swp
*        aa chng lo  =         3  1=trn 2=rot 3=lat 4=swp
* 
*      aa ht_pct_hi  =     0.650             high rej pct
*      aa ht_pct_lo  =     0.600             low  rej pct
* 
*      aa lt_pct_hi  =     0.999             high rej pct
*      aa lt_pct_lo  =     0.950             low  rej pct
* 
*            tmpfile =                   PR21310-best.tmp
* 
* Checking for out of bounds fractional coords.
*
**********************************************************************
*
*          - Parameters at START -
*
* Lattice parameters:
*
*             lat a  =   10.0000
*             lat b  =   10.0000
*             lat c  =   10.0000
*             alpha  =   90.0000
*             beta   =   90.0000
*             gamma  =   90.0000
*          cell vol  = 1000.0000
*          cv/ortho  =    1.0000
*
* Energies:
*               ecc  = -4.4978e-01
*               eng  =  0.0000e+00
*
*
* Geometry:
*
*      packing frac  =    0.0260
*      aspect ratio  =    1.0000
*
* (dE/dV):
*                Px  =  2.3897e-04                    x-dir
*                Py  =  1.6571e-04                    y-dir
*                Pz  =  4.5099e-05                    z-dir
*
* Distances (PBC only):
*                                 min           hard           diff
*           ca1_ca1  =   1.000000e+06   2.320000e+00   9.999977e+05
*           ca1_ca2  =   1.000000e+06   1.160000e+00   9.999988e+05
*           ca1_ac1  =   6.116724e+00   2.830000e+00   3.286724e+00
*           ca1_av1  =   1.000000e+06  -1.000000e+00   1.000001e+06
*           ca1_ac2  =   1.000000e+06  -1.000000e+00   1.000001e+06
*           ca1_av2  =   1.000000e+06  -1.000000e+00   1.000001e+06
*           ca2_ca2  =   1.000000e+06   0.000000e+00   1.000000e+06
*           ca2_ac1  =   1.000000e+06   1.670000e+00   9.999983e+05
*           ca2_av1  =   1.000000e+06  -1.000000e+00   1.000001e+06
*           ca2_ac2  =   1.000000e+06  -1.000000e+00   1.000001e+06
*           ca2_av2  =   1.000000e+06  -1.000000e+00   1.000001e+06
*           ac1_ac1  =   1.000000e+06   3.340000e+00   9.999967e+05
*           ac1_av1  =   1.000000e+06  -1.000000e+00   1.000001e+06
*           ac1_ac2  =   1.000000e+06  -1.000000e+00   1.000001e+06
*           ac1_av2  =   1.000000e+06  -1.000000e+00   1.000001e+06
*           av1_av1  =   1.000000e+06  -1.000000e+00   1.000001e+06
*           av1_av2  =   1.000000e+06  -1.000000e+00   1.000001e+06
*           av2_av2  =   1.000000e+06  -1.000000e+00   1.000001e+06
*
*
*
**********************************************************************
*
* ------------------------------------------------------------
*              Autoadjust high temperatrure:
* ------------------------------------------------------------
*              Autoadjusting on 3 (1=trn,2=rot,3=lat,4=swp)
*
**********************************************************************
*
*                 -- Autoadjust Metropolis Run --
*
*   autoadjust_temp_init  =  1.0000e+00
*   autoadjust_temp_step  =  5.0000e-01
*        autoadjust_runs  =        1200         configs per temp
*       autoadjust_count  =           1
*
**********************************************************************
*
* Metropolis: 3 temperature runs with these parameters:
*
*              runs  =      1200              loops per T
*               T_0  = 1.000e+00             initial temp
*               T_L  = 1.000e+00               final temp
*           T_alpha  = 8.000e+09          annealing alpha
*
*            T = T_0 * exp( -run_num**3 / T_alpha )
*
**********************************************************************
*H run      Temp       E_ion        E_ss   cel vol       SigPF       ar     ortho        pCnt          % Rejected Changes
*H                                                                                                 trn      rot      lat      swp
*T   1  1.00e+00  -5.727e-01  +0.000e+00    402.95   7.520e-02    1.962     0.783   3.670e-01    42.83     0.00     4.25     0.00
*T   2  1.00e+00  +1.073e-01  +0.000e+00    869.31   6.086e-02    3.782     0.926   9.568e-01    44.25     0.00     6.17     0.00
*T   3  1.00e+00  -5.260e-01  +0.000e+00    698.42   1.410e-02    4.270     0.345   7.730e-02    16.58     0.00     1.17     0.00
*
**********************************************************************
*
*                 -- AUTOADJUST [1] OUT --
*
*     target: lo % = 60.000000      hi % = 65.000000
*     Autoadjust % =  1.166667
*     Autoadjust: Lowering the temperature 5.000e-01 [a.u.]
*
**********************************************************************
*
*                 -- Autoadjust Metropolis Run --
*
*   autoadjust_temp_init  =  5.0000e-01
*   autoadjust_temp_step  =  5.0000e-01
*        autoadjust_runs  =        1210         configs per temp
*       autoadjust_count  =           2
*
**********************************************************************
*
* Metropolis: 3 temperature runs with these parameters:
*
*              runs  =      1210              loops per T
*               T_0  = 5.000e-01             initial temp
*               T_L  = 4.995e-01               final temp
*           T_alpha  = 7.996e+03          annealing alpha
*
*            T = T_0 * exp( -run_num**3 / T_alpha )
*
**********************************************************************
*H run      Temp       E_ion        E_ss   cel vol       SigPF       ar     ortho        pCnt          % Rejected Changes
*H                                                                                                 trn      rot      lat      swp
*T   1  5.00e-01  -4.884e-01  +0.000e+00    287.41   4.480e-02    2.624     0.545   3.009e-01    36.28     0.00     2.56     0.00
*T   2  5.00e-01  -2.238e-01  +0.000e+00   2281.55   5.547e-02    1.932     0.270   3.809e-01    40.99     0.00     6.36     0.00
*T   3  4.99e-01  -3.045e-01  +0.000e+00   2584.00   9.369e-03    1.424     0.862   9.513e-02    15.95     0.00     1.98     0.00
*
**********************************************************************
*
*                 -- AUTOADJUST [2] OUT --
*
*     target: lo % = 60.000000      hi % = 65.000000
*     Autoadjust % =  1.983471
*     Autoadjust: special case: (T-Tstep) = 0.000e+00 [a.u.]
*     Autoadjust: special case: ===> drop temp step to: 2.250e-01 [a.u.]
*     Autoadjust: Lowering the temperature 2.250e-01 [a.u.]
*
**********************************************************************
*
*                 -- Autoadjust Metropolis Run --
*
*   autoadjust_temp_init  =  2.7500e-01
*   autoadjust_temp_step  =  2.2500e-01
*        autoadjust_runs  =        1220         configs per temp
*       autoadjust_count  =           3
*
**********************************************************************
*
* Metropolis: 3 temperature runs with these parameters:
*
*              runs  =      1220              loops per T
*               T_0  = 2.750e-01             initial temp
*               T_L  = 2.747e-01               final temp
*           T_alpha  = 7.996e+03          annealing alpha
*
*            T = T_0 * exp( -run_num**3 / T_alpha )
*
**********************************************************************
*H run      Temp       E_ion        E_ss   cel vol       SigPF       ar     ortho        pCnt          % Rejected Changes
*H                                                                                                 trn      rot      lat      swp
*T   1  2.75e-01  -6.961e-01  +0.000e+00   1224.06   7.778e-02    1.627     0.593   3.537e-01    40.82     0.00     6.39     0.00
*T   2  2.75e-01  -3.596e-01  +0.000e+00   1157.97   7.507e-02    2.235     0.519   3.754e-01    46.64     0.00     8.20     0.00
*T   3  2.75e-01  -6.096e-01  +0.000e+00    312.23   3.730e-02    5.186     0.442   3.063e-01    39.18     0.00     5.74     0.00
*
**********************************************************************
*
*                 -- AUTOADJUST [3] OUT --
*
*     target: lo % = 60.000000      hi % = 65.000000
*     Autoadjust % =  5.737705
*     Autoadjust: Lowering the temperature 2.250e-01 [a.u.]
*
**********************************************************************
*
*                 -- Autoadjust Metropolis Run --
*
*   autoadjust_temp_init  =  5.0000e-02
*   autoadjust_temp_step  =  2.2500e-01
*        autoadjust_runs  =        1230         configs per temp
*       autoadjust_count  =           4
*
**********************************************************************
*
* Metropolis: 3 temperature runs with these parameters:
*
*              runs  =      1230              loops per T
*               T_0  = 5.000e-02             initial temp
*               T_L  = 4.995e-02               final temp
*           T_alpha  = 7.996e+03          annealing alpha
*
*            T = T_0 * exp( -run_num**3 / T_alpha )
*
**********************************************************************
*H run      Temp       E_ion        E_ss   cel vol       SigPF       ar     ortho        pCnt          % Rejected Changes
*H                                                                                                 trn      rot      lat      swp
*T   1  5.00e-02  -8.820e-01  +0.000e+00    316.51   7.261e-02    3.425     0.398   4.094e+00    87.64     0.00    25.61     0.00
*T   2  5.00e-02  -1.000e+00  +0.000e+00     76.08   1.611e-01    1.567     0.656   6.706e+00    90.00     0.00    31.06     0.00
*T   3  5.00e-02  -1.044e+00  +0.000e+00     93.43   1.418e-01    1.366     0.503   1.203e+00    91.79     0.00    33.74     0.00
*
**********************************************************************
*
*                 -- AUTOADJUST [4] OUT --
*
*     target: lo % = 60.000000      hi % = 65.000000
*     Autoadjust % = 33.739837
*     Autoadjust: special case: (T-Tstep) = -1.750e-01 [a.u.]
*     Autoadjust: special case: ===> drop temp step to: 1.013e-01 [a.u.]
*     Autoadjust: special case: (T-Tstep) = -5.125e-02 [a.u.]
*     Autoadjust: special case: ===> drop temp step to: 4.556e-02 [a.u.]
*     Autoadjust: Lowering the temperature 4.556e-02 [a.u.]
*
**********************************************************************
*
*                 -- Autoadjust Metropolis Run --
*
*   autoadjust_temp_init  =  4.4375e-03
*   autoadjust_temp_step  =  4.5563e-02
*        autoadjust_runs  =        1240         configs per temp
*       autoadjust_count  =           5
*
**********************************************************************
*
* Metropolis: 3 temperature runs with these parameters:
*
*              runs  =      1240              loops per T
*               T_0  = 4.438e-03             initial temp
*               T_L  = 4.433e-03               final temp
*           T_alpha  = 7.996e+03          annealing alpha
*
*            T = T_0 * exp( -run_num**3 / T_alpha )
*
**********************************************************************
*H run      Temp       E_ion        E_ss   cel vol       SigPF       ar     ortho        pCnt          % Rejected Changes
*H                                                                                                 trn      rot      lat      swp
*T   1  4.44e-03  -1.062e+00  +0.000e+00     81.66   2.022e-01    1.316     0.523   2.127e+01    99.92     0.00    80.89     0.00
*T   2  4.44e-03  -1.081e+00  +0.000e+00     82.32   1.980e-01    1.264     0.550   9.349e+00    99.84     0.00    87.34     0.00
*T   3  4.43e-03  -1.127e+00  +0.000e+00     69.43   2.218e-01    1.379     0.525   8.909e+00    99.92     0.00    88.39     0.00
*
**********************************************************************
*
*                 -- AUTOADJUST [5] OUT --
*
*     target: lo % = 60.000000      hi % = 65.000000
*     Autoadjust % = 88.387097
*     Autoadjust: overshot! drop temp step to: 2.050e-02 [a.u.]
*     Autoadjust: Raising the temperature 2.050e-02 [a.u.]
*
**********************************************************************
*
*                 -- Autoadjust Metropolis Run --
*
*   autoadjust_temp_init  =  2.4941e-02
*   autoadjust_temp_step  =  2.0503e-02
*        autoadjust_runs  =        1250         configs per temp
*       autoadjust_count  =           6
*
**********************************************************************
*
* Metropolis: 3 temperature runs with these parameters:
*
*              runs  =      1250              loops per T
*               T_0  = 2.494e-02             initial temp
*               T_L  = 2.492e-02               final temp
*           T_alpha  = 7.996e+03          annealing alpha
*
*            T = T_0 * exp( -run_num**3 / T_alpha )
*
**********************************************************************
*H run      Temp       E_ion        E_ss   cel vol       SigPF       ar     ortho        pCnt          % Rejected Changes
*H                                                                                                 trn      rot      lat      swp
*T   1  2.49e-02  -1.084e+00  +0.000e+00     61.71   1.975e-01    1.804     0.550   3.292e+00    98.00     0.00    51.68     0.00
*T   2  2.49e-02  -1.129e+00  +0.000e+00     65.79   1.928e-01    1.076     0.700   3.100e+00    97.76     0.00    51.92     0.00
*T   3  2.49e-02  -1.055e+00  +0.000e+00     73.48   1.730e-01    1.758     0.482   3.222e+00    96.88     0.00    54.00     0.00
*
**********************************************************************
*
*                 -- AUTOADJUST [6] OUT --
*
*     target: lo % = 60.000000      hi % = 65.000000
*     Autoadjust % = 54.000000
*     Autoadjust: overshot! drop temp step to: 9.226e-03 [a.u.]
*     Autoadjust: Lowering the temperature 9.226e-03 [a.u.]
*
**********************************************************************
*
*                 -- Autoadjust Metropolis Run --
*
*   autoadjust_temp_init  =  1.5714e-02
*   autoadjust_temp_step  =  9.2264e-03
*        autoadjust_runs  =        1260         configs per temp
*       autoadjust_count  =           7
*
**********************************************************************
*
* Metropolis: 3 temperature runs with these parameters:
*
*              runs  =      1260              loops per T
*               T_0  = 1.571e-02             initial temp
*               T_L  = 1.570e-02               final temp
*           T_alpha  = 7.996e+03          annealing alpha
*
*            T = T_0 * exp( -run_num**3 / T_alpha )
*
**********************************************************************
*H run      Temp       E_ion        E_ss   cel vol       SigPF       ar     ortho        pCnt          % Rejected Changes
*H                                                                                                 trn      rot      lat      swp
*T   1  1.57e-02  -1.050e+00  +0.000e+00     71.41   2.129e-01    2.039     0.412   4.761e+00    98.97     0.00    65.24     0.00
*T   2  1.57e-02  -1.126e+00  +0.000e+00     60.32   2.244e-01    2.010     0.468   2.533e+00    99.52     0.00    71.11     0.00
*T   3  1.57e-02  -1.133e+00  +0.000e+00     54.61   2.602e-01    1.601     0.585   2.820e+00    99.68     0.00    71.03     0.00
*
**********************************************************************
*
*                 -- AUTOADJUST [7] OUT --
*
*     target: lo % = 60.000000      hi % = 65.000000
*     Autoadjust % = 71.031746
*     Autoadjust: overshot! drop temp step to: 4.152e-03 [a.u.]
*     Autoadjust: Raising the temperature 4.152e-03 [a.u.]
*
**********************************************************************
*
*                 -- Autoadjust Metropolis Run --
*
*   autoadjust_temp_init  =  1.9866e-02
*   autoadjust_temp_step  =  4.1519e-03
*        autoadjust_runs  =        1270         configs per temp
*       autoadjust_count  =           8
*
**********************************************************************
*
* Metropolis: 3 temperature runs with these parameters:
*
*              runs  =      1270              loops per T
*               T_0  = 1.987e-02             initial temp
*               T_L  = 1.985e-02               final temp
*           T_alpha  = 7.996e+03          annealing alpha
*
*            T = T_0 * exp( -run_num**3 / T_alpha )
*
**********************************************************************
*H run      Temp       E_ion        E_ss   cel vol       SigPF       ar     ortho        pCnt          % Rejected Changes
*H                                                                                                 trn      rot      lat      swp
*T   1  1.99e-02  -1.086e+00  +0.000e+00     75.24   2.141e-01    1.145     0.692   6.417e+00    98.50     0.00    60.94     0.00
*T   2  1.99e-02  -1.084e+00  +0.000e+00     59.34   2.114e-01    1.564     0.641   3.732e+00    98.82     0.00    56.93     0.00
*T   3  1.98e-02  -1.087e+00  +0.000e+00     72.61   2.287e-01    1.550     0.601   5.277e+00    99.37     0.00    63.62     0.00
*
**********************************************************************
*
*                 -- AUTOADJUST [8] OUT --
*
*     target: lo % = 60.000000      hi % = 65.000000
*     Autoadjust % = 63.622047
*     Autoadjust: temp = 1.987e-02  is good!  Exiting autoadjust.
*
**********************************************************************
*
* ------------------------------------------------------------
*              Autoadjust low temperatrure:
* ------------------------------------------------------------
*              Autoadjusting on 3 (1=trn,2=rot,3=lat,4=swp)
*
**********************************************************************
*
*                 -- Autoadjust Metropolis Run --
*
*   autoadjust_temp_init  =  2.0000e-02
*   autoadjust_temp_step  =  5.0000e-01
*        autoadjust_runs  =        1200         configs per temp
*       autoadjust_count  =           1
*
**********************************************************************
*
* Metropolis: 3 temperature runs with these parameters:
*
*              runs  =      1200              loops per T
*               T_0  = 2.000e-02             initial temp
*               T_L  = 2.000e-02               final temp
*           T_alpha  = 1.600e+08          annealing alpha
*
*            T = T_0 * exp( -run_num**3 / T_alpha )
*
**********************************************************************
*H run      Temp       E_ion        E_ss   cel vol       SigPF       ar     ortho        pCnt          % Rejected Changes
*H                                                                                                 trn      rot      lat      swp
*T   1  2.00e-02  -1.101e+00  +0.000e+00     63.19   2.019e-01    1.110     0.490   4.653e+00    98.00     0.00    61.92     0.00
*T   2  2.00e-02  -1.027e+00  +0.000e+00     73.93   2.125e-01    1.914     0.494   3.881e+00    98.17     0.00    59.75     0.00
*T   3  2.00e-02  -1.068e+00  +0.000e+00     75.94   1.830e-01    1.200     0.471   3.252e+00    98.67     0.00    57.83     0.00
*
**********************************************************************
*
*                 -- AUTOADJUST [1] OUT --
*
*     target: lo % = 95.000000      hi % = 99.900000
*     Autoadjust % = 57.833333
*     Autoadjust: special case: (T-Tstep) = -4.800e-01 [a.u.]
*     Autoadjust: special case: ===> drop temp step to: 2.250e-01 [a.u.]
*     Autoadjust: special case: (T-Tstep) = -2.050e-01 [a.u.]
*     Autoadjust: special case: ===> drop temp step to: 1.013e-01 [a.u.]
*     Autoadjust: special case: (T-Tstep) = -8.125e-02 [a.u.]
*     Autoadjust: special case: ===> drop temp step to: 4.556e-02 [a.u.]
*     Autoadjust: special case: (T-Tstep) = -2.556e-02 [a.u.]
*     Autoadjust: special case: ===> drop temp step to: 2.050e-02 [a.u.]
*     Autoadjust: special case: (T-Tstep) = -5.031e-04 [a.u.]
*     Autoadjust: special case: ===> drop temp step to: 9.226e-03 [a.u.]
*     Autoadjust: Lowering the temperature 9.226e-03 [a.u.]
*
**********************************************************************
*
*                 -- Autoadjust Metropolis Run --
*
*   autoadjust_temp_init  =  1.0774e-02
*   autoadjust_temp_step  =  9.2264e-03
*        autoadjust_runs  =        1210         configs per temp
*       autoadjust_count  =           2
*
**********************************************************************
*
* Metropolis: 3 temperature runs with these parameters:
*
*              runs  =      1210              loops per T
*               T_0  = 1.077e-02             initial temp
*               T_L  = 1.076e-02               final temp
*           T_alpha  = 7.996e+03          annealing alpha
*
*            T = T_0 * exp( -run_num**3 / T_alpha )
*
**********************************************************************
*H run      Temp       E_ion        E_ss   cel vol       SigPF       ar     ortho        pCnt          % Rejected Changes
*H                                                                                                 trn      rot      lat      swp
*T   1  1.08e-02  -1.137e+00  +0.000e+00     47.67   2.854e-01    1.740     0.502   1.801e+01    99.83     0.00    71.98     0.00
*T   2  1.08e-02  -1.174e+00  +0.000e+00     46.42   3.166e-01    1.524     0.468   2.000e+00   100.00     0.00    74.21     0.00
*T   3  1.08e-02  -1.156e+00  +0.000e+00     47.55   3.062e-01    1.539     0.465   4.784e+00    99.92     0.00    71.24     0.00
*
**********************************************************************
*
*                 -- AUTOADJUST [2] OUT --
*
*     target: lo % = 95.000000      hi % = 99.900000
*     Autoadjust % = 71.239669
*     Autoadjust: Lowering the temperature 9.226e-03 [a.u.]
*
**********************************************************************
*
*                 -- Autoadjust Metropolis Run --
*
*   autoadjust_temp_init  =  1.5472e-03
*   autoadjust_temp_step  =  9.2264e-03
*        autoadjust_runs  =        1220         configs per temp
*       autoadjust_count  =           3
*
**********************************************************************
*
* Metropolis: 3 temperature runs with these parameters:
*
*              runs  =      1220              loops per T
*               T_0  = 1.547e-03             initial temp
*               T_L  = 1.546e-03               final temp
*           T_alpha  = 7.996e+03          annealing alpha
*
*            T = T_0 * exp( -run_num**3 / T_alpha )
*
**********************************************************************
*H run      Temp       E_ion        E_ss   cel vol       SigPF       ar     ortho        pCnt          % Rejected Changes
*H                                                                                                 trn      rot      lat      swp
*T   1  1.55e-03  -1.160e+00  +0.000e+00     46.86   3.630e-01    1.558     0.457   3.576e+00   100.00     0.00    95.49     0.00
*T   2  1.55e-03  -1.165e+00  +0.000e+00     46.86   3.663e-01    1.535     0.451   1.339e+00   100.00     0.00    95.82     0.00
*T   3  1.55e-03  -1.165e+00  +0.000e+00     46.45   3.620e-01    1.562     0.457   7.364e+00   100.00     0.00    94.75     0.00
*
**********************************************************************
*
*                 -- AUTOADJUST [3] OUT --
*
*     target: lo % = 95.000000      hi % = 99.900000
*     Autoadjust % = 94.754098
*     Autoadjust: special case: (T-Tstep) = -7.679e-03 [a.u.]
*     Autoadjust: special case: ===> drop temp step to: 4.152e-03 [a.u.]
*     Autoadjust: special case: (T-Tstep) = -2.605e-03 [a.u.]
*     Autoadjust: special case: ===> drop temp step to: 1.868e-03 [a.u.]
*     Autoadjust: special case: (T-Tstep) = -3.212e-04 [a.u.]
*     Autoadjust: special case: ===> drop temp step to: 8.408e-04 [a.u.]
*     Autoadjust: Lowering the temperature 8.408e-04 [a.u.]
*
**********************************************************************
*
*                 -- Autoadjust Metropolis Run --
*
*   autoadjust_temp_init  =  7.0643e-04
*   autoadjust_temp_step  =  8.4076e-04
*        autoadjust_runs  =        1230         configs per temp
*       autoadjust_count  =           4
*
**********************************************************************
*
* Metropolis: 3 temperature runs with these parameters:
*
*              runs  =      1230              loops per T
*               T_0  = 7.064e-04             initial temp
*               T_L  = 7.057e-04               final temp
*           T_alpha  = 7.996e+03          annealing alpha
*
*            T = T_0 * exp( -run_num**3 / T_alpha )
*
**********************************************************************
*H run      Temp       E_ion        E_ss   cel vol       SigPF       ar     ortho        pCnt          % Rejected Changes
*H                                                                                                 trn      rot      lat      swp
*T   1  7.06e-04  -1.168e+00  +0.000e+00     46.25   3.715e-01    1.553     0.455   7.433e+02   100.00     0.00    97.64     0.00
*T   2  7.06e-04  -1.169e+00  +0.000e+00     46.08   3.730e-01    1.553     0.454   5.189e-01   100.00     0.00    98.46     0.00
*T   3  7.06e-04  -1.168e+00  +0.000e+00     46.03   3.715e-01    1.566     0.457   2.353e+00   100.00     0.00    97.97     0.00
*
**********************************************************************
*
*                 -- AUTOADJUST [4] OUT --
*
*     target: lo % = 95.000000      hi % = 99.900000
*     Autoadjust % = 97.967480
*     Autoadjust: temp = 7.064e-04  is good!  Exiting autoadjust.
*
**********************************************************************
*
*
*          -- Initializing cell contents --
*
*
*
**********************************************************************
*
*            -- Starting Metropolis calculation --
*
*              temp_init  = 1.987e-02
*
**********************************************************************
*
* Metropolis: 15 temperature runs with these parameters:
*
*              runs  =      7200              loops per T
*               T_0  = 1.987e-02             initial temp
*               T_L  = 7.064e-04               final temp
*           T_alpha  = 8.224e+02          annealing alpha
*
*            T = T_0 * exp( -run_num**3 / T_alpha )
*
**********************************************************************
*H run      Temp       E_ion        E_ss   cel vol       SigPF       ar     ortho        pCnt          % Rejected Changes
*H                                                                                                 trn      rot      lat      swp
*M   1  1.99e-02  -1.080e+00  +0.000e+00     64.34   1.926e-01    1.290     0.851   1.280e+01    98.15     0.00    51.54     0.00
*M   2  1.98e-02  -1.067e+00  +0.000e+00     79.35   1.960e-01    2.225     0.424   4.864e+00    98.08     0.00    55.53     0.00
*M   3  1.97e-02  -1.035e+00  +0.000e+00     76.57   1.420e-01    1.343     0.862   4.460e+00    97.54     0.00    49.94     0.00
*M   4  1.92e-02  -1.069e+00  +0.000e+00     75.14   2.215e-01    1.092     0.560   4.660e+00    98.89     0.00    57.58     0.00
*M   5  1.84e-02  -1.037e+00  +0.000e+00     62.11   2.074e-01    1.695     0.669   4.900e+00    98.38     0.00    58.33     0.00
*M   6  1.71e-02  -1.057e+00  +0.000e+00     74.40   2.235e-01    1.381     0.597   5.166e+00    98.58     0.00    61.83     0.00
*M   7  1.53e-02  -1.084e+00  +0.000e+00     65.73   2.326e-01    1.701     0.501   6.853e+00    99.38     0.00    58.69     0.00
*M   8  1.31e-02  -1.129e+00  +0.000e+00     50.03   2.536e-01    1.727     0.483   3.851e+00    99.67     0.00    63.51     0.00
*M   9  1.07e-02  -1.117e+00  +0.000e+00     57.29   2.819e-01    1.460     0.643   5.172e+00    99.75     0.00    70.72     0.00
*M  10  8.19e-03  -1.147e+00  +0.000e+00     49.85   3.145e-01    1.534     0.668   4.713e+00    99.97     0.00    79.75     0.00
*M  11  5.89e-03  -1.150e+00  +0.000e+00     51.05   3.243e-01    1.464     0.641   9.107e+00    99.94     0.00    84.22     0.00
*M  12  3.94e-03  -1.181e+00  +0.000e+00     49.08   3.366e-01    1.390     0.585   5.407e+00    99.96     0.00    88.56     0.00
*M  13  2.43e-03  -1.189e+00  +0.000e+00     47.77   3.521e-01    1.385     0.627   3.155e+00   100.00     0.00    94.07     0.00
*M  14  1.37e-03  -1.191e+00  +0.000e+00     46.92   3.623e-01    1.428     0.632   3.949e+00   100.00     0.00    96.68     0.01
*M  15  7.06e-04  -1.193e+00  +0.000e+00     47.04   3.668e-01    1.404     0.630   3.158e+00   100.00     0.00    98.25     0.01
*
**********************************************************************
*
*
*          - Parameters at Post Ewald-Metro -
*
* Lattice parameters:
*
*             lat a  =    5.2347
*             lat b  =    3.7293
*             lat c  =    3.8226
*             alpha  =   67.9373
*             beta   =   42.9963
*             gamma  =   71.3167
*          cell vol  =   47.0401
*          cv/ortho  =    0.6304
*
* Energies:
*               ecc  = -1.1927e+00
*               eng  =  0.0000e+00
*
*
* Geometry:
*
*      packing frac  =    0.5537
*      aspect ratio  =    1.4037
*
* (dE/dV):
*                Px  =  9.9363e-03                    x-dir
*                Py  =  6.2311e-03                    y-dir
*                Pz  =  9.1872e-03                    z-dir
*
* Distances (PBC only):
*                                 min           hard           diff
*           ca1_ca1  =   1.000000e+06   2.320000e+00   9.999977e+05
*           ca1_ca2  =   1.000000e+06   1.160000e+00   9.999988e+05
*           ca1_ac1  =   2.833263e+00   2.830000e+00   3.262796e-03
*           ca1_av1  =   1.000000e+06  -1.000000e+00   1.000001e+06
*           ca1_ac2  =   1.000000e+06  -1.000000e+00   1.000001e+06
*           ca1_av2  =   1.000000e+06  -1.000000e+00   1.000001e+06
*           ca2_ca2  =   1.000000e+06   0.000000e+00   1.000000e+06
*           ca2_ac1  =   1.000000e+06   1.670000e+00   9.999983e+05
*           ca2_av1  =   1.000000e+06  -1.000000e+00   1.000001e+06
*           ca2_ac2  =   1.000000e+06  -1.000000e+00   1.000001e+06
*           ca2_av2  =   1.000000e+06  -1.000000e+00   1.000001e+06
*           ac1_ac1  =   1.000000e+06   3.340000e+00   9.999967e+05
*           ac1_av1  =   1.000000e+06  -1.000000e+00   1.000001e+06
*           ac1_ac2  =   1.000000e+06  -1.000000e+00   1.000001e+06
*           ac1_av2  =   1.000000e+06  -1.000000e+00   1.000001e+06
*           av1_av1  =   1.000000e+06  -1.000000e+00   1.000001e+06
*           av1_av2  =   1.000000e+06  -1.000000e+00   1.000001e+06
*           av2_av2  =   1.000000e+06  -1.000000e+00   1.000001e+06
*
*
*
**********************************************************************
*
*         - Comparing with 'best' structure -
*
****************************************************************
*
*          best ecc  = -1.2131e+00
*          best eng  =  0.0000e+00
*           ecc+eng  = -1.2131e+00
*          best vol  =  4.5987e+01
*           best pf  =  5.6641e-01
*
*     post_runs ecc  = -1.1927e+00
*     post_runs eng  =  0.0000e+00
*           ecc+eng  = -1.1927e+00
*     post_runs vol  =  4.7040e+01
*      post_runs pf  =  5.5373e-01
*
*       dV / V_runs  =  2.2397e-02
*
*          ecc_diff  = -2.0450e-02
*          eng_diff  =  0.0000e+00
*
*
****************************************************************
*
*  mag_ecc_diff > mag_eng_diff AND within BEST_VOL AND
* 'best' has lower energy than post runs! --> swapping.
*
****************************************************************
*
*
*          - Parameters at Post 'best-swap' -
*
* Lattice parameters:
*
*             lat a  =    3.6911
*             lat b  =    4.2183
*             lat c  =    5.6742
*             alpha  =   94.9742
*             beta   =   50.6579
*             gamma  =   59.1306
*          cell vol  =   45.9866
*          cv/ortho  =    0.5205
*
* Energies:
*               ecc  = -1.2131e+00
*               eng  =  0.0000e+00
*
*
* Geometry:
*
*      packing frac  =    0.5664
*      aspect ratio  =    1.5372
*
* (dE/dV):
*                Px  =  3.3141e-03                    x-dir
*                Py  =  1.0473e-02                    y-dir
*                Pz  =  1.2593e-02                    z-dir
*
* Distances (PBC only):
*                                 min           hard           diff
*           ca1_ca1  =   1.000000e+06   2.320000e+00   9.999977e+05
*           ca1_ca2  =   1.000000e+06   1.160000e+00   9.999988e+05
*           ca1_ac1  =   2.836359e+00   2.830000e+00   6.359012e-03
*           ca1_av1  =   1.000000e+06  -1.000000e+00   1.000001e+06
*           ca1_ac2  =   1.000000e+06  -1.000000e+00   1.000001e+06
*           ca1_av2  =   1.000000e+06  -1.000000e+00   1.000001e+06
*           ca2_ca2  =   1.000000e+06   0.000000e+00   1.000000e+06
*           ca2_ac1  =   1.000000e+06   1.670000e+00   9.999983e+05
*           ca2_av1  =   1.000000e+06  -1.000000e+00   1.000001e+06
*           ca2_ac2  =   1.000000e+06  -1.000000e+00   1.000001e+06
*           ca2_av2  =   1.000000e+06  -1.000000e+00   1.000001e+06
*           ac1_ac1  =   1.000000e+06   3.340000e+00   9.999967e+05
*           ac1_av1  =   1.000000e+06  -1.000000e+00   1.000001e+06
*           ac1_ac2  =   1.000000e+06  -1.000000e+00   1.000001e+06
*           ac1_av2  =   1.000000e+06  -1.000000e+00   1.000001e+06
*           av1_av1  =   1.000000e+06  -1.000000e+00   1.000001e+06
*           av1_av2  =   1.000000e+06  -1.000000e+00   1.000001e+06
*           av2_av2  =   1.000000e+06  -1.000000e+00   1.000001e+06
*
*
*
**********************************************************************
*
*         - Final Simplex relaxation with restarts -
*
**********************************************************************
*
*
****************************************************************
*
*
*        - Simplex Minimiziation Routine -
*
*
* Note: No aspect ratio constraint.
*
*
*            n_simp  =        15                   D.O.F.
*         simp_nmax  =      4500                max moves
*       simp_errlim  =  1.00e-08
*
*
*         - Initializing simplex arrays -
*
*
*      nfunk           rtol        pf        ar     ortho             e_ion              e_ss             e_tot
*X        12     1.4423e+00   0.56641   1.53725   0.52051    -1.2131420e+00     0.0000000e+00    -1.2131420e+00
*X      2001     2.4538e-06   0.57336   1.53276   0.51536    -1.2181501e+00     0.0000000e+00    -1.2181501e+00
*
*         simp_runs  =      3323               simp moves
*              rtol  =  9.96e-09               final rtol
*
* Simplex restart no. 1 of 10
*
*         - Initializing simplex arrays -
*
*
*      nfunk           rtol        pf        ar     ortho             e_ion              e_ss             e_tot
*X        11     1.5680e+00   0.59001   1.55582   0.50331    -1.2232412e+00     0.0000000e+00    -1.2232412e+00
*X      2001     1.2538e-05   0.58140   1.53524   0.51705    -1.2246781e+00     0.0000000e+00    -1.2246781e+00
*
*         simp_runs  =      3834               simp moves
*              rtol  =  9.59e-09               final rtol
*
* Simplex restart no. 2 of 10
*
*         - Initializing simplex arrays -
*
*
*      nfunk           rtol        pf        ar     ortho             e_ion              e_ss             e_tot
*X        12     1.5017e+00   0.57809   1.52545   0.52281    -1.2248255e+00     0.0000000e+00    -1.2248255e+00
*X      2000     4.2663e-06   0.57871   1.51880   0.51654    -1.2272277e+00     0.0000000e+00    -1.2272277e+00
*
*         simp_runs  =      3921               simp moves
*              rtol  =  9.81e-09               final rtol
*
* Simplex restart no. 3 of 10
*
*         - Initializing simplex arrays -
*
*
*      nfunk           rtol        pf        ar     ortho             e_ion              e_ss             e_tot
*X        11     1.4791e+00   0.57742   1.50993   0.51554    -1.2278552e+00     0.0000000e+00    -1.2278552e+00
*X      2001     1.9657e-06   0.57976   1.50586   0.51417    -1.2298569e+00     0.0000000e+00    -1.2298569e+00
*
*         simp_runs  =      3191               simp moves
*              rtol  =  9.11e-09               final rtol
*
* Simplex restart no. 4 of 10
*
*         - Initializing simplex arrays -
*
*
*      nfunk           rtol        pf        ar     ortho             e_ion              e_ss             e_tot
*X        12     1.5243e+00   0.57978   1.50587   0.51415    -1.2298719e+00     0.0000000e+00    -1.2298719e+00
*
*         simp_runs  =      1841               simp moves
*              rtol  =  9.34e-09               final rtol
*
* Simplex restart no. 5 of 10
*
*         - Initializing simplex arrays -
*
*
*      nfunk           rtol        pf        ar     ortho             e_ion              e_ss             e_tot
*X        11     1.5865e+00   0.58030   1.50179   0.51053    -1.2306775e+00     0.0000000e+00    -1.2306775e+00
*
*         simp_runs  =      1502               simp moves
*              rtol  =  9.86e-09               final rtol
*
* Simplex restart no. 6 of 10
*
*         - Initializing simplex arrays -
*
*
*      nfunk           rtol        pf        ar     ortho             e_ion              e_ss             e_tot
*X        11     1.5865e+00   0.58030   1.50170   0.51050    -1.2306879e+00     0.0000000e+00    -1.2306879e+00
*
*         simp_runs  =      1210               simp moves
*              rtol  =  9.74e-09               final rtol
*
* Simplex restart no. 7 of 10
*
*         - Initializing simplex arrays -
*
*
*      nfunk           rtol        pf        ar     ortho             e_ion              e_ss             e_tot
*X        11     1.5864e+00   0.58032   1.50175   0.51051    -1.2306948e+00     0.0000000e+00    -1.2306948e+00
*
*         simp_runs  =       807               simp moves
*              rtol  =  9.72e-09               final rtol
*
* Simplex restart no. 8 of 10
*
*         - Initializing simplex arrays -
*
*
*      nfunk           rtol        pf        ar     ortho             e_ion              e_ss             e_tot
*X        11     1.5864e+00   0.58032   1.50174   0.51051    -1.2306948e+00     0.0000000e+00    -1.2306948e+00
*
*         simp_runs  =       824               simp moves
*              rtol  =  9.85e-09               final rtol
*
* Simplex restart no. 9 of 10
*
*         - Initializing simplex arrays -
*
*
*      nfunk           rtol        pf        ar     ortho             e_ion              e_ss             e_tot
*X        11     1.5864e+00   0.58032   1.50174   0.51051    -1.2306948e+00     0.0000000e+00    -1.2306948e+00
*
*         simp_runs  =       818               simp moves
*              rtol  =  9.89e-09               final rtol
*
* Simplex restart no. 10 of 10
*
*         - Initializing simplex arrays -
*
*
*      nfunk           rtol        pf        ar     ortho             e_ion              e_ss             e_tot
*X        11     1.5864e+00   0.58032   1.50174   0.51051    -1.2306948e+00     0.0000000e+00    -1.2306948e+00
*
*         simp_runs  =       819               simp moves
*              rtol  =  9.15e-09               final rtol
*
****************************************************************
*
*          - Parameters at Post Simplex -
*
* Lattice parameters:
*
*             lat a  =    3.7689
*             lat b  =    4.1215
*             lat c  =    5.6600
*             alpha  =   92.5002
*             beta   =   48.2492
*             gamma  =   59.0691
*          cell vol  =   44.8844
*          cv/ortho  =    0.5105
*
* Energies:
*               ecc  = -1.2307e+00
*               eng  =  0.0000e+00
*
*
* Geometry:
*
*      packing frac  =    0.5803
*      aspect ratio  =    1.5017
*
* (dE/dV):
*                Px  =  1.0000e+04                    x-dir
*                Py  =  1.0299e-02                    y-dir
*                Pz  =  1.2040e-02                    z-dir
*
* Distances (PBC only):
*                                 min           hard           diff
*           ca1_ca1  =   1.000000e+06   2.320000e+00   9.999977e+05
*           ca1_ca2  =   1.000000e+06   1.160000e+00   9.999988e+05
*           ca1_ac1  =   2.830000e+00   2.830000e+00   9.832145e-08
*           ca1_av1  =   1.000000e+06  -1.000000e+00   1.000001e+06
*           ca1_ac2  =   1.000000e+06  -1.000000e+00   1.000001e+06
*           ca1_av2  =   1.000000e+06  -1.000000e+00   1.000001e+06
*           ca2_ca2  =   1.000000e+06   0.000000e+00   1.000000e+06
*           ca2_ac1  =   1.000000e+06   1.670000e+00   9.999983e+05
*           ca2_av1  =   1.000000e+06  -1.000000e+00   1.000001e+06
*           ca2_ac2  =   1.000000e+06  -1.000000e+00   1.000001e+06
*           ca2_av2  =   1.000000e+06  -1.000000e+00   1.000001e+06
*           ac1_ac1  =   1.000000e+06   3.340000e+00   9.999967e+05
*           ac1_av1  =   1.000000e+06  -1.000000e+00   1.000001e+06
*           ac1_ac2  =   1.000000e+06  -1.000000e+00   1.000001e+06
*           ac1_av2  =   1.000000e+06  -1.000000e+00   1.000001e+06
*           av1_av1  =   1.000000e+06  -1.000000e+00   1.000001e+06
*           av1_av2  =   1.000000e+06  -1.000000e+00   1.000001e+06
*           av2_av2  =   1.000000e+06  -1.000000e+00   1.000001e+06
*
*
***********************************************************
*        - Process and timing information -
*
* user time:   0 h 00 m 21.321013 s
* syst time:   0 h 00 m 00.023998 s
* signals: 0
* voluntary context switches: 7
* involuntary context switches: 16
*
***********************************************************
*SS symsearch output
*SS ( use:  | awk '($1=="*S"){print $0}' | sed 's/*S //' > temp.out )
*S Title
*S 1                 search type
*S 5.0 0.00001       displacement rms max min
*S 0.1 0.00001       strain rms max min
*S 1                 lattice input type
*S      3.76895     0.00000     0.00000
*S      2.11845     3.53534     0.00000
*S      3.76895    -2.54627     3.36855
*S 1 0 0
*S 0 1 0
*S 0 0 1
*S 2                 number of atoms
*S 11 0
*S      0.80068     0.68605     0.44229
*S      0.80066     0.68606     0.94229
*FF findsym output
*FF ( use:  | awk '($1=="*F"){print $0}' | sed 's/*F //' > temp.out )
*F Title
*F 0.001       displacement rms max min
*F 1                 lattice input type
*F      3.76895     0.00000     0.00000
*F      2.11845     3.53534     0.00000
*F      3.76895    -2.54627     3.36855
*F 1               basis vector in type
*F 1 0 0
*F 0 1 0
*F 0 0 1
*F 2                 number of atoms
*F 11 0
*F      0.80068     0.68605     0.44229
*F      0.80066     0.68606     0.94229
*DD powder output
*DD (use: | awk '($1=="*D"){print $0}' | sed 's/*D //' > temp.out )
*D 2
*D      3.76895     4.12147     5.66000
*D     92.50023    48.24922    59.06912
*D      0.80068     0.68605     0.44229        11
*D      0.80066     0.68606     0.94229         0
*PP poscar output
*PP (use: | awk '($1=="*P"){print $0}' | sed 's/*P //' > temp.out )
*P Z: 11 17 
*P 1.0 
*P      3.76894958     0.00000000     0.00000000
*P      2.11844879     3.53534440     0.00000000
*P      3.76894819    -2.54627163     3.36855053
*P 1 1 0 
*P Direct
*P       0.800675194764      0.686048413580      0.442287417666
*P       0.800660451549      0.686061888028      0.942294383859
*QQ poscar output
*QQ (use: | awk '($1=="*Q"){print $0}' | sed 's/*Q //' > temp.out )
*Q +1.000000000000 -1.000000000000 
*Q 1.0 
*Q      3.76894958     0.00000000     0.00000000
*Q      2.11844879     3.53534440     0.00000000
*Q      3.76894819    -2.54627163     3.36855053
*Q 1 1 0 
*Q Direct
*Q       0.800675194764      0.686048413580      0.442287417666
*Q       0.800660451549      0.686061888028      0.942294383859
*RR restart output
*RR (use: | awk '($1=="*R"){print $0}' | sed 's/*R //' > temp.out )
*R     3.768949580083    4.121466407632    5.660000205774
*R     1.614433510420    0.842107670045    1.030950611481
*R      1
*R      1     1
*R   -1.000000000000000   0.000000000000000
*R     0.000000000000    1.670000000000    0.000000000000    17     0
*R      1
*R      1   1.000000000000000
*R     1.160000000000    11
*R     0.800675194764    0.686048413580    0.442287417666
*R     0.800660451549    0.686061888028    0.942294383859
* XBS output
* CATION:
atom C     6.138021237    1.299233517    1.489867514
spec C     1.160000000    1.000000000    0.000000000    0.000000000
* ANION:
atom A     8.022494566    0.026127601    3.174166243
spec A     1.670000000    0.000000000    0.000000000    1.000000000
spec V     0.000000000    0.000000000    1.000000000    0.000000000
bonds A V  0.000000000    0.000000000    0.010000000    Black
* CELL PARAMETERS AND BORDER
atom 0    0.00000   0.00000   0.00000
atom 1    3.76895   0.00000   0.00000
atom 2    5.88740   3.53534   0.00000
atom 3    2.11845   3.53534   0.00000
atom 4    3.76895  -2.54627   3.36855
atom 5    7.53790  -2.54627   3.36855
atom 6    9.65635   0.98907   3.36855
atom 7    5.88740   0.98907   3.36855
spec 0     0.050000000    0.000000000    0.000000000    0.000000000
spec 1     0.050000000    0.000000000    0.000000000    0.000000000
spec 2     0.050000000    0.000000000    0.000000000    0.000000000
spec 3     0.050000000    0.000000000    0.000000000    0.000000000
spec 4     0.050000000    0.000000000    0.000000000    0.000000000
spec 5     0.050000000    0.000000000    0.000000000    0.000000000
spec 6     0.050000000    0.000000000    0.000000000    0.000000000
spec 7     0.050000000    0.000000000    0.000000000    0.000000000
bonds 0 1  3.765180631    3.772718530    0.010000000    Black
bonds 3 2  3.765180631    3.772718530    0.010000000    Black
bonds 4 5  3.765180631    3.772718530    0.010000000    Black
bonds 6 7  3.765180631    3.772718530    0.010000000    Black
bonds 1 2  4.117344941    4.125587874    0.010000000    Black
bonds 0 3  4.117344941    4.125587874    0.010000000    Black
bonds 5 6  4.117344941    4.125587874    0.010000000    Black
bonds 4 7  4.117344941    4.125587874    0.010000000    Black
bonds 0 4  5.654340206    5.665660206    0.010000000    Black
bonds 1 5  5.654340206    5.665660206    0.010000000    Black
bonds 2 6  5.654340206    5.665660206    0.010000000    Black
bonds 3 7  5.654340206    5.665660206    0.010000000    Black
inc 5.000000
dup    3.76895   0.00000   0.00000
dup    2.11845   3.53534   0.00000
dup    3.76895  -2.54627   3.36855
