*************************************************
*	pack	(version 4.12.0.5)
*	Eric Majzoub
*	Sandia National Laboratories
*************************************************
*  Source file: main.c
*  Compile date: Dec 27 2012
*  Compile time: 17:19:04
*  commandline = /projects/e20438/bin/pack-4.12.0.5/pack_exe -f ../../NaCl_pegs.in -P -R -r 400 -t 10 -g 6906 
*  input file = ../../NaCl_pegs.in
**********************************************************************
**********************************************************************
**********************************************************************
* 
*       - General run comments -
* 
* WARN: no Rotations in Metropolis (-R flag).
* WARN: all anionic charge on center atom (-P flag).
*
**********************************************************************
*           - Input parameters -
*
*           restart  =         0         1 = restart calc
*        autoadjust  =         1   automatically set temp
*          aa_using  =         1        1=rej pct, 2=pCnt
*         basin hop  =         0           number of hops
*     non_per_ewald  =         0          1=nanopart calc
*
*             lat a  =   10.0000
*             lat b  =   10.0000
*             lat c  =   10.0000
*             alpha  =    1.5708
*             beta   =    1.5708
*             gamma  =    1.5708
*          cell vol  = 1000.0000
*      sqsh vol pct  =    0.2000
* 
*          cell_min  =    1.6700              min lat vec
*          cell_max  =  167.0000              max lat vec
* 
*         n_type_an  =         1          num type anions
*            num_an  =         1           tot num anions
* 
*          num_an_1  =         1        num anions type 1
*        num_vert_1  =         1     1=sph 2=dim 5=tet...
*       an_chrg_c_1  =   -1.0000      anion center charge
*       an_chrg_v_1  =    0.0000      anion vertex charge
*     tot_an_chrg_1  =   -1.0000       total anion charge
*           Rcent_1  =    1.6700         anion center rad
*           Rvert_1  =    0.0000         anion vertex rad
*             cvd_1  =    0.0000        cent to vert dist
*           Zcent_1  =        17           anion center Z
*           Zvert_1  =         0           anion vertex Z
* 
*          num_an_2  =         0        num anions type 2
*        num_vert_2  =         0     1=sph 2=dim 5=tet...
*       an_chrg_c_2  =    0.0000      anion center charge
*       an_chrg_v_2  =    0.0000      anion vertex charge
*     tot_an_chrg_2  =    0.0000       total anion charge
*           Rcent_2  =    0.0000         anion center rad
*           Rvert_2  =    0.0000         anion vertex rad
*             cvd_2  =    0.0000        cent to vert dist
*           Zcent_2  =         0           anion center Z
*           Zvert_2  =         0           anion vertex Z
* 
*         n_type_ca  =         1            num type cats
*            num_ca  =         1          tot num cations
* 
*          num_ca_1  =         1        num cations typ 1
*         ca_chrg_1  =    1.0000        cation chrg typ 1
*            Rcat_1  =    1.1600         cation rad typ 1
*            Zcat_1  =        11           cation Z typ 1
* 
*            C2VTOL  =  1.00e-08            c2v tolerance
*            ERRLIM  =  1.00e-06
*       REP_EPSILON  =  1.00e+00        soft sphere repul
*    TRANS_FRAC_MAX  =    0.5000                    fixed
*    TRANS_FRAC_MIN  =    0.0200
*      MAX_ANG_CHNG  =    9.9695                  degrees
*    VOLUM_FRAC_MAX  =    0.0700
*         EXT_PRESS  =  0.00e+00        external pressure
*      SQSH_VOL_PCT  =    0.2000             min orth val
*        ASPECT_MAX  =   20.0000                cell parm
*            dplane  =    1.6700            min plane sep
*      SCALE_FACTOR  =    1.2500         bhop max scaling
* 
*            d.o.f.  =        12       degrees of freedom
*          runs/dof  =       400         loops per d.o.f.
*              runs  =      4800              loops per T
*               ncc  =     19200     config changes per T
*            t_runs  =        10           num temp steps
*             efunc  =         0               0=SS  1=LJ
*       N_HALT_CHNG  =        15      halts after N 100%s
*
*      anneal_sched  =         3   0=lin or exp(-run_n^n)
*         temp_init  =  1.00e+00             initial temp
*         temp_finl  =  1.00e-03               final temp
* 
*          trn_chng  =         1              0=off  1=on
*          rot_chng  =         0              0=off  1=on
*          lat_chng  =         1              0=off  1=on
*          swp_chng  =         1              0=off  1=on
* 
*     SIMP_RESTARTS  =        11     no. simplex restarts
*  SIMP_RESTARTS BH  =        21  basin hop simp restarts
*         SIMP_NMAX  =      4500        max simplex iters
*          SIMP_DEG  =    1.0000          anion start deg
*         SIMP_LAMB  =    0.0100        vertex start frac
*       SIMP_ERRLIM  =  1.00e-08              error limit
* 
*           aa runs  =      1200           config changes
*      aa runs_step  =        10   config change increase
*       aa runs_max  =      1500  max auto config changes
*         aa t_runs  =         3            num temp runs
*      aa temp_step  =    0.5000                temp step
* 
*        aa chng hi  =         3  1=trn 2=rot 3=lat 4=swp
*        aa chng lo  =         3  1=trn 2=rot 3=lat 4=swp
* 
*      aa ht_pct_hi  =     0.650             high rej pct
*      aa ht_pct_lo  =     0.600             low  rej pct
* 
*      aa lt_pct_hi  =     0.999             high rej pct
*      aa lt_pct_lo  =     0.950             low  rej pct
* 
*            tmpfile =                   PR19397-best.tmp
* 
* Checking for out of bounds fractional coords.
*
**********************************************************************
*
*          - Parameters at START -
*
* Lattice parameters:
*
*             lat a  =   10.0000
*             lat b  =   10.0000
*             lat c  =   10.0000
*             alpha  =   90.0000
*             beta   =   90.0000
*             gamma  =   90.0000
*          cell vol  = 1000.0000
*          cv/ortho  =    1.0000
*
* Energies:
*               ecc  = -4.5855e-01
*               eng  =  0.0000e+00
*
*
* Geometry:
*
*      packing frac  =    0.0260
*      aspect ratio  =    1.0000
*
* (dE/dV):
*                Px  =  2.4596e-05                    x-dir
*                Py  =  1.6867e-04                    y-dir
*                Pz  =  2.6528e-04                    z-dir
*
* Distances (PBC only):
*                                 min           hard           diff
*           ca1_ca1  =   1.000000e+06   2.320000e+00   9.999977e+05
*           ca1_ca2  =   1.000000e+06   1.160000e+00   9.999988e+05
*           ca1_ac1  =   5.942607e+00   2.830000e+00   3.112607e+00
*           ca1_av1  =   1.000000e+06  -1.000000e+00   1.000001e+06
*           ca1_ac2  =   1.000000e+06  -1.000000e+00   1.000001e+06
*           ca1_av2  =   1.000000e+06  -1.000000e+00   1.000001e+06
*           ca2_ca2  =   1.000000e+06   0.000000e+00   1.000000e+06
*           ca2_ac1  =   1.000000e+06   1.670000e+00   9.999983e+05
*           ca2_av1  =   1.000000e+06  -1.000000e+00   1.000001e+06
*           ca2_ac2  =   1.000000e+06  -1.000000e+00   1.000001e+06
*           ca2_av2  =   1.000000e+06  -1.000000e+00   1.000001e+06
*           ac1_ac1  =   1.000000e+06   3.340000e+00   9.999967e+05
*           ac1_av1  =   1.000000e+06  -1.000000e+00   1.000001e+06
*           ac1_ac2  =   1.000000e+06  -1.000000e+00   1.000001e+06
*           ac1_av2  =   1.000000e+06  -1.000000e+00   1.000001e+06
*           av1_av1  =   1.000000e+06  -1.000000e+00   1.000001e+06
*           av1_av2  =   1.000000e+06  -1.000000e+00   1.000001e+06
*           av2_av2  =   1.000000e+06  -1.000000e+00   1.000001e+06
*
*
*
**********************************************************************
*
* ------------------------------------------------------------
*              Autoadjust high temperatrure:
* ------------------------------------------------------------
*              Autoadjusting on 3 (1=trn,2=rot,3=lat,4=swp)
*
**********************************************************************
*
*                 -- Autoadjust Metropolis Run --
*
*   autoadjust_temp_init  =  1.0000e+00
*   autoadjust_temp_step  =  5.0000e-01
*        autoadjust_runs  =        1200         configs per temp
*       autoadjust_count  =           1
*
**********************************************************************
*
* Metropolis: 3 temperature runs with these parameters:
*
*              runs  =      1200              loops per T
*               T_0  = 1.000e+00             initial temp
*               T_L  = 1.000e+00               final temp
*           T_alpha  = 8.000e+09          annealing alpha
*
*            T = T_0 * exp( -run_num**3 / T_alpha )
*
**********************************************************************
*H run      Temp       E_ion        E_ss   cel vol       SigPF       ar     ortho        pCnt          % Rejected Changes
*H                                                                                                 trn      rot      lat      swp
*T   1  1.00e+00  -8.669e-01  +0.000e+00    132.51   6.458e-02    2.269     0.763   1.095e-01    39.17     0.00     3.25     0.00
*T   2  1.00e+00  -4.396e-01  +0.000e+00    150.07   7.226e-02    2.175     0.705   1.592e-01    45.33     0.00     3.67     0.00
*T   3  1.00e+00  -1.805e-01  +0.000e+00    282.92   6.223e-02    2.967     0.555   1.201e-01    37.75     0.00     3.75     0.00
*
**********************************************************************
*
*                 -- AUTOADJUST [1] OUT --
*
*     target: lo % = 60.000000      hi % = 65.000000
*     Autoadjust % =  3.750000
*     Autoadjust: Lowering the temperature 5.000e-01 [a.u.]
*
**********************************************************************
*
*                 -- Autoadjust Metropolis Run --
*
*   autoadjust_temp_init  =  5.0000e-01
*   autoadjust_temp_step  =  5.0000e-01
*        autoadjust_runs  =        1210         configs per temp
*       autoadjust_count  =           2
*
**********************************************************************
*
* Metropolis: 3 temperature runs with these parameters:
*
*              runs  =      1210              loops per T
*               T_0  = 5.000e-01             initial temp
*               T_L  = 4.995e-01               final temp
*           T_alpha  = 7.996e+03          annealing alpha
*
*            T = T_0 * exp( -run_num**3 / T_alpha )
*
**********************************************************************
*H run      Temp       E_ion        E_ss   cel vol       SigPF       ar     ortho        pCnt          % Rejected Changes
*H                                                                                                 trn      rot      lat      swp
*T   1  5.00e-01  -7.983e-01  +0.000e+00     83.51   7.958e-02    2.050     0.702   2.711e-01    50.17     0.00     5.79     0.00
*T   2  5.00e-01  -7.462e-01  +0.000e+00    167.75   8.833e-02    2.837     0.662   2.723e-01    44.55     0.00     5.12     0.00
*T   3  4.99e-01  -2.136e-01  +0.000e+00   1351.07   2.721e-02    1.059     0.234   8.270e-02    16.61     0.00     1.16     0.00
*
**********************************************************************
*
*                 -- AUTOADJUST [2] OUT --
*
*     target: lo % = 60.000000      hi % = 65.000000
*     Autoadjust % =  1.157025
*     Autoadjust: special case: (T-Tstep) = 0.000e+00 [a.u.]
*     Autoadjust: special case: ===> drop temp step to: 2.250e-01 [a.u.]
*     Autoadjust: Lowering the temperature 2.250e-01 [a.u.]
*
**********************************************************************
*
*                 -- Autoadjust Metropolis Run --
*
*   autoadjust_temp_init  =  2.7500e-01
*   autoadjust_temp_step  =  2.2500e-01
*        autoadjust_runs  =        1220         configs per temp
*       autoadjust_count  =           3
*
**********************************************************************
*
* Metropolis: 3 temperature runs with these parameters:
*
*              runs  =      1220              loops per T
*               T_0  = 2.750e-01             initial temp
*               T_L  = 2.747e-01               final temp
*           T_alpha  = 7.996e+03          annealing alpha
*
*            T = T_0 * exp( -run_num**3 / T_alpha )
*
**********************************************************************
*H run      Temp       E_ion        E_ss   cel vol       SigPF       ar     ortho        pCnt          % Rejected Changes
*H                                                                                                 trn      rot      lat      swp
*T   1  2.75e-01  -1.942e-01  +0.000e+00  16176.31   5.236e-02    1.167     0.940   6.187e-01    28.69     0.00     2.87     0.00
*T   2  2.75e-01  -7.760e-01  +0.000e+00    414.13   9.778e-03    1.166     0.875   3.318e-01    14.18     0.00     1.48     0.00
*T   3  2.75e-01  -4.789e-01  +0.000e+00    416.41   1.726e-02    2.371     0.646   4.232e-01    37.30     0.00     4.34     0.00
*
**********************************************************************
*
*                 -- AUTOADJUST [3] OUT --
*
*     target: lo % = 60.000000      hi % = 65.000000
*     Autoadjust % =  4.344262
*     Autoadjust: Lowering the temperature 2.250e-01 [a.u.]
*
**********************************************************************
*
*                 -- Autoadjust Metropolis Run --
*
*   autoadjust_temp_init  =  5.0000e-02
*   autoadjust_temp_step  =  2.2500e-01
*        autoadjust_runs  =        1230         configs per temp
*       autoadjust_count  =           4
*
**********************************************************************
*
* Metropolis: 3 temperature runs with these parameters:
*
*              runs  =      1230              loops per T
*               T_0  = 5.000e-02             initial temp
*               T_L  = 4.995e-02               final temp
*           T_alpha  = 7.996e+03          annealing alpha
*
*            T = T_0 * exp( -run_num**3 / T_alpha )
*
**********************************************************************
*H run      Temp       E_ion        E_ss   cel vol       SigPF       ar     ortho        pCnt          % Rejected Changes
*H                                                                                                 trn      rot      lat      swp
*T   1  5.00e-02  -1.040e+00  +0.000e+00     73.36   1.131e-01    1.363     0.566   3.295e+00    90.41     0.00    24.72     0.00
*T   2  5.00e-02  -8.668e-01  +0.000e+00    117.03   1.356e-01    1.707     0.662   2.077e+00    87.72     0.00    31.71     0.00
*T   3  5.00e-02  -1.061e+00  +0.000e+00     70.83   1.267e-01    1.155     0.360   1.294e+00    89.11     0.00    29.51     0.00
*
**********************************************************************
*
*                 -- AUTOADJUST [4] OUT --
*
*     target: lo % = 60.000000      hi % = 65.000000
*     Autoadjust % = 29.512195
*     Autoadjust: special case: (T-Tstep) = -1.750e-01 [a.u.]
*     Autoadjust: special case: ===> drop temp step to: 1.013e-01 [a.u.]
*     Autoadjust: special case: (T-Tstep) = -5.125e-02 [a.u.]
*     Autoadjust: special case: ===> drop temp step to: 4.556e-02 [a.u.]
*     Autoadjust: Lowering the temperature 4.556e-02 [a.u.]
*
**********************************************************************
*
*                 -- Autoadjust Metropolis Run --
*
*   autoadjust_temp_init  =  4.4375e-03
*   autoadjust_temp_step  =  4.5563e-02
*        autoadjust_runs  =        1240         configs per temp
*       autoadjust_count  =           5
*
**********************************************************************
*
* Metropolis: 3 temperature runs with these parameters:
*
*              runs  =      1240              loops per T
*               T_0  = 4.438e-03             initial temp
*               T_L  = 4.433e-03               final temp
*           T_alpha  = 7.996e+03          annealing alpha
*
*            T = T_0 * exp( -run_num**3 / T_alpha )
*
**********************************************************************
*H run      Temp       E_ion        E_ss   cel vol       SigPF       ar     ortho        pCnt          % Rejected Changes
*H                                                                                                 trn      rot      lat      swp
*T   1  4.44e-03  -1.128e+00  +0.000e+00     59.62   2.717e-01    1.101     0.306   4.324e+00   100.00     0.00    87.26     0.00
*T   2  4.44e-03  -1.134e+00  +0.000e+00     58.28   2.761e-01    1.121     0.314   2.261e+00   100.00     0.00    89.11     0.00
*T   3  4.43e-03  -1.132e+00  +0.000e+00     55.84   2.911e-01    1.053     0.313   5.443e+00    99.84     0.00    85.97     0.00
*
**********************************************************************
*
*                 -- AUTOADJUST [5] OUT --
*
*     target: lo % = 60.000000      hi % = 65.000000
*     Autoadjust % = 85.967742
*     Autoadjust: overshot! drop temp step to: 2.050e-02 [a.u.]
*     Autoadjust: Raising the temperature 2.050e-02 [a.u.]
*
**********************************************************************
*
*                 -- Autoadjust Metropolis Run --
*
*   autoadjust_temp_init  =  2.4941e-02
*   autoadjust_temp_step  =  2.0503e-02
*        autoadjust_runs  =        1250         configs per temp
*       autoadjust_count  =           6
*
**********************************************************************
*
* Metropolis: 3 temperature runs with these parameters:
*
*              runs  =      1250              loops per T
*               T_0  = 2.494e-02             initial temp
*               T_L  = 2.492e-02               final temp
*           T_alpha  = 7.996e+03          annealing alpha
*
*            T = T_0 * exp( -run_num**3 / T_alpha )
*
**********************************************************************
*H run      Temp       E_ion        E_ss   cel vol       SigPF       ar     ortho        pCnt          % Rejected Changes
*H                                                                                                 trn      rot      lat      swp
*T   1  2.49e-02  -1.018e+00  +0.000e+00     73.59   1.769e-01    1.821     0.499   3.785e+00    95.84     0.00    46.72     0.00
*T   2  2.49e-02  -1.079e+00  +0.000e+00     77.86   1.965e-01    1.731     0.440   2.202e+00    97.84     0.00    45.68     0.00
*T   3  2.49e-02  -1.017e+00  +0.000e+00     85.21   1.578e-01    1.762     0.387   3.604e+00    94.72     0.00    40.00     0.00
*
**********************************************************************
*
*                 -- AUTOADJUST [6] OUT --
*
*     target: lo % = 60.000000      hi % = 65.000000
*     Autoadjust % = 40.000000
*     Autoadjust: overshot! drop temp step to: 9.226e-03 [a.u.]
*     Autoadjust: Lowering the temperature 9.226e-03 [a.u.]
*
**********************************************************************
*
*                 -- Autoadjust Metropolis Run --
*
*   autoadjust_temp_init  =  1.5714e-02
*   autoadjust_temp_step  =  9.2264e-03
*        autoadjust_runs  =        1260         configs per temp
*       autoadjust_count  =           7
*
**********************************************************************
*
* Metropolis: 3 temperature runs with these parameters:
*
*              runs  =      1260              loops per T
*               T_0  = 1.571e-02             initial temp
*               T_L  = 1.570e-02               final temp
*           T_alpha  = 7.996e+03          annealing alpha
*
*            T = T_0 * exp( -run_num**3 / T_alpha )
*
**********************************************************************
*H run      Temp       E_ion        E_ss   cel vol       SigPF       ar     ortho        pCnt          % Rejected Changes
*H                                                                                                 trn      rot      lat      swp
*T   1  1.57e-02  -1.056e+00  +0.000e+00     68.80   2.168e-01    1.871     0.412   5.752e+00    98.81     0.00    62.70     0.00
*T   2  1.57e-02  -1.077e+00  +0.000e+00     62.92   1.733e-01    1.966     0.439   2.914e+00    98.49     0.00    52.38     0.00
*T   3  1.57e-02  -1.121e+00  +0.000e+00     59.08   2.303e-01    1.268     0.829   6.169e+00    99.37     0.00    59.37     0.00
*
**********************************************************************
*
*                 -- AUTOADJUST [7] OUT --
*
*     target: lo % = 60.000000      hi % = 65.000000
*     Autoadjust % = 59.365079
*     Autoadjust: Lowering the temperature 9.226e-03 [a.u.]
*
**********************************************************************
*
*                 -- Autoadjust Metropolis Run --
*
*   autoadjust_temp_init  =  6.4878e-03
*   autoadjust_temp_step  =  9.2264e-03
*        autoadjust_runs  =        1270         configs per temp
*       autoadjust_count  =           8
*
**********************************************************************
*
* Metropolis: 3 temperature runs with these parameters:
*
*              runs  =      1270              loops per T
*               T_0  = 6.488e-03             initial temp
*               T_L  = 6.481e-03               final temp
*           T_alpha  = 7.996e+03          annealing alpha
*
*            T = T_0 * exp( -run_num**3 / T_alpha )
*
**********************************************************************
*H run      Temp       E_ion        E_ss   cel vol       SigPF       ar     ortho        pCnt          % Rejected Changes
*H                                                                                                 trn      rot      lat      swp
*T   1  6.49e-03  -1.158e+00  +0.000e+00     48.14   3.076e-01    1.165     0.758   1.230e+01   100.00     0.00    80.16     0.00
*T   2  6.49e-03  -1.137e+00  +0.000e+00     55.30   3.041e-01    1.153     0.788   2.157e+00   100.00     0.00    78.90     0.00
*T   3  6.48e-03  -1.133e+00  +0.000e+00     51.86   3.254e-01    1.100     0.822   3.349e+00   100.00     0.00    85.51     0.00
*
**********************************************************************
*
*                 -- AUTOADJUST [8] OUT --
*
*     target: lo % = 60.000000      hi % = 65.000000
*     Autoadjust % = 85.511811
*     Autoadjust: overshot! drop temp step to: 4.152e-03 [a.u.]
*     Autoadjust: Raising the temperature 4.152e-03 [a.u.]
*
**********************************************************************
*
*                 -- Autoadjust Metropolis Run --
*
*   autoadjust_temp_init  =  1.0640e-02
*   autoadjust_temp_step  =  4.1519e-03
*        autoadjust_runs  =        1280         configs per temp
*       autoadjust_count  =           9
*
**********************************************************************
*
* Metropolis: 3 temperature runs with these parameters:
*
*              runs  =      1280              loops per T
*               T_0  = 1.064e-02             initial temp
*               T_L  = 1.063e-02               final temp
*           T_alpha  = 7.996e+03          annealing alpha
*
*            T = T_0 * exp( -run_num**3 / T_alpha )
*
**********************************************************************
*H run      Temp       E_ion        E_ss   cel vol       SigPF       ar     ortho        pCnt          % Rejected Changes
*H                                                                                                 trn      rot      lat      swp
*T   1  1.06e-02  -1.131e+00  +0.000e+00     51.60   2.920e-01    1.154     0.855   9.009e+00    99.84     0.00    71.56     0.00
*T   2  1.06e-02  -1.141e+00  +0.000e+00     56.10   2.597e-01    1.107     0.823   5.301e+00    99.69     0.00    70.55     0.00
*T   3  1.06e-02  -1.141e+00  +0.000e+00     54.90   2.695e-01    1.247     0.800   3.680e+00    99.61     0.00    75.23     0.00
*
**********************************************************************
*
*                 -- AUTOADJUST [9] OUT --
*
*     target: lo % = 60.000000      hi % = 65.000000
*     Autoadjust % = 75.234375
*     Autoadjust: Raising the temperature 4.152e-03 [a.u.]
*
**********************************************************************
*
*                 -- Autoadjust Metropolis Run --
*
*   autoadjust_temp_init  =  1.4792e-02
*   autoadjust_temp_step  =  4.1519e-03
*        autoadjust_runs  =        1290         configs per temp
*       autoadjust_count  =          10
*
**********************************************************************
*
* Metropolis: 3 temperature runs with these parameters:
*
*              runs  =      1290              loops per T
*               T_0  = 1.479e-02             initial temp
*               T_L  = 1.478e-02               final temp
*           T_alpha  = 7.996e+03          annealing alpha
*
*            T = T_0 * exp( -run_num**3 / T_alpha )
*
**********************************************************************
*H run      Temp       E_ion        E_ss   cel vol       SigPF       ar     ortho        pCnt          % Rejected Changes
*H                                                                                                 trn      rot      lat      swp
*T   1  1.48e-02  -1.139e+00  +0.000e+00     57.09   2.620e-01    1.111     0.671   6.717e+00    99.30     0.00    61.71     0.00
*T   2  1.48e-02  -1.096e+00  +0.000e+00     57.99   2.838e-01    1.256     0.620   3.568e+00    99.69     0.00    65.43     0.00
*T   3  1.48e-02  -1.140e+00  +0.000e+00     51.20   2.562e-01    1.580     0.574   2.492e+00    99.69     0.00    67.29     0.00
*
**********************************************************************
*
*                 -- AUTOADJUST [10] OUT --
*
*     target: lo % = 60.000000      hi % = 65.000000
*     Autoadjust % = 67.286822
*     Autoadjust: Raising the temperature 4.152e-03 [a.u.]
*
**********************************************************************
*
*                 -- Autoadjust Metropolis Run --
*
*   autoadjust_temp_init  =  1.8943e-02
*   autoadjust_temp_step  =  4.1519e-03
*        autoadjust_runs  =        1300         configs per temp
*       autoadjust_count  =          11
*
**********************************************************************
*
* Metropolis: 3 temperature runs with these parameters:
*
*              runs  =      1300              loops per T
*               T_0  = 1.894e-02             initial temp
*               T_L  = 1.892e-02               final temp
*           T_alpha  = 7.996e+03          annealing alpha
*
*            T = T_0 * exp( -run_num**3 / T_alpha )
*
**********************************************************************
*H run      Temp       E_ion        E_ss   cel vol       SigPF       ar     ortho        pCnt          % Rejected Changes
*H                                                                                                 trn      rot      lat      swp
*T   1  1.89e-02  -1.162e+00  +0.000e+00     44.27   2.786e-01    1.359     0.542   1.941e+00    99.69     0.00    61.92     0.00
*T   2  1.89e-02  -1.115e+00  +0.000e+00     60.29   2.758e-01    1.222     0.719   3.818e+00    99.77     0.00    63.92     0.00
*T   3  1.89e-02  -1.119e+00  +0.000e+00     56.65   2.450e-01    1.521     0.633   5.791e+00    99.54     0.00    55.69     0.00
*
**********************************************************************
*
*                 -- AUTOADJUST [11] OUT --
*
*     target: lo % = 60.000000      hi % = 65.000000
*     Autoadjust % = 55.692308
*     Autoadjust: overshot! drop temp step to: 1.868e-03 [a.u.]
*     Autoadjust: Lowering the temperature 1.868e-03 [a.u.]
*
**********************************************************************
*
*                 -- Autoadjust Metropolis Run --
*
*   autoadjust_temp_init  =  1.7075e-02
*   autoadjust_temp_step  =  1.8683e-03
*        autoadjust_runs  =        1310         configs per temp
*       autoadjust_count  =          12
*
**********************************************************************
*
* Metropolis: 3 temperature runs with these parameters:
*
*              runs  =      1310              loops per T
*               T_0  = 1.708e-02             initial temp
*               T_L  = 1.706e-02               final temp
*           T_alpha  = 7.996e+03          annealing alpha
*
*            T = T_0 * exp( -run_num**3 / T_alpha )
*
**********************************************************************
*H run      Temp       E_ion        E_ss   cel vol       SigPF       ar     ortho        pCnt          % Rejected Changes
*H                                                                                                 trn      rot      lat      swp
*T   1  1.71e-02  -1.080e+00  +0.000e+00     63.44   2.208e-01    1.377     0.688   4.955e+00    98.32     0.00    58.40     0.00
*T   2  1.71e-02  -1.080e+00  +0.000e+00     59.95   2.286e-01    2.186     0.480   6.971e+00    98.63     0.00    61.53     0.00
*T   3  1.71e-02  -1.084e+00  +0.000e+00     74.12   1.987e-01    2.110     0.502   3.963e+00    98.78     0.00    63.59     0.00
*
**********************************************************************
*
*                 -- AUTOADJUST [12] OUT --
*
*     target: lo % = 60.000000      hi % = 65.000000
*     Autoadjust % = 63.587786
*     Autoadjust: temp = 1.708e-02  is good!  Exiting autoadjust.
*
**********************************************************************
*
* ------------------------------------------------------------
*              Autoadjust low temperatrure:
* ------------------------------------------------------------
*              Autoadjusting on 3 (1=trn,2=rot,3=lat,4=swp)
*
**********************************************************************
*
*                 -- Autoadjust Metropolis Run --
*
*   autoadjust_temp_init  =  2.0000e-02
*   autoadjust_temp_step  =  5.0000e-01
*        autoadjust_runs  =        1200         configs per temp
*       autoadjust_count  =           1
*
**********************************************************************
*
* Metropolis: 3 temperature runs with these parameters:
*
*              runs  =      1200              loops per T
*               T_0  = 2.000e-02             initial temp
*               T_L  = 2.000e-02               final temp
*           T_alpha  = 1.600e+08          annealing alpha
*
*            T = T_0 * exp( -run_num**3 / T_alpha )
*
**********************************************************************
*H run      Temp       E_ion        E_ss   cel vol       SigPF       ar     ortho        pCnt          % Rejected Changes
*H                                                                                                 trn      rot      lat      swp
*T   1  2.00e-02  -1.137e+00  +0.000e+00     50.41   2.043e-01    1.530     0.547   5.208e+00    98.50     0.00    59.00     0.00
*T   2  2.00e-02  -1.003e+00  +0.000e+00    146.77   1.989e-01    1.449     0.854   9.907e+00    97.75     0.00    52.42     0.00
*T   3  2.00e-02  -1.006e+00  +0.000e+00     65.68   1.754e-01    1.252     0.962   3.989e+00    99.00     0.00    53.67     0.00
*
**********************************************************************
*
*                 -- AUTOADJUST [1] OUT --
*
*     target: lo % = 95.000000      hi % = 99.900000
*     Autoadjust % = 53.666667
*     Autoadjust: special case: (T-Tstep) = -4.800e-01 [a.u.]
*     Autoadjust: special case: ===> drop temp step to: 2.250e-01 [a.u.]
*     Autoadjust: special case: (T-Tstep) = -2.050e-01 [a.u.]
*     Autoadjust: special case: ===> drop temp step to: 1.013e-01 [a.u.]
*     Autoadjust: special case: (T-Tstep) = -8.125e-02 [a.u.]
*     Autoadjust: special case: ===> drop temp step to: 4.556e-02 [a.u.]
*     Autoadjust: special case: (T-Tstep) = -2.556e-02 [a.u.]
*     Autoadjust: special case: ===> drop temp step to: 2.050e-02 [a.u.]
*     Autoadjust: special case: (T-Tstep) = -5.031e-04 [a.u.]
*     Autoadjust: special case: ===> drop temp step to: 9.226e-03 [a.u.]
*     Autoadjust: Lowering the temperature 9.226e-03 [a.u.]
*
**********************************************************************
*
*                 -- Autoadjust Metropolis Run --
*
*   autoadjust_temp_init  =  1.0774e-02
*   autoadjust_temp_step  =  9.2264e-03
*        autoadjust_runs  =        1210         configs per temp
*       autoadjust_count  =           2
*
**********************************************************************
*
* Metropolis: 3 temperature runs with these parameters:
*
*              runs  =      1210              loops per T
*               T_0  = 1.077e-02             initial temp
*               T_L  = 1.076e-02               final temp
*           T_alpha  = 7.996e+03          annealing alpha
*
*            T = T_0 * exp( -run_num**3 / T_alpha )
*
**********************************************************************
*H run      Temp       E_ion        E_ss   cel vol       SigPF       ar     ortho        pCnt          % Rejected Changes
*H                                                                                                 trn      rot      lat      swp
*T   1  1.08e-02  -1.157e+00  +0.000e+00     47.57   3.087e-01    1.093     0.964   2.014e+01    99.59     0.00    72.89     0.00
*T   2  1.08e-02  -1.161e+00  +0.000e+00     48.93   3.043e-01    1.311     0.769   7.311e+00    99.83     0.00    76.78     0.00
*T   3  1.08e-02  -1.141e+00  +0.000e+00     44.40   3.123e-01    1.360     0.710   1.564e+00    99.92     0.00    73.47     0.00
*
**********************************************************************
*
*                 -- AUTOADJUST [2] OUT --
*
*     target: lo % = 95.000000      hi % = 99.900000
*     Autoadjust % = 73.471074
*     Autoadjust: Lowering the temperature 9.226e-03 [a.u.]
*
**********************************************************************
*
*                 -- Autoadjust Metropolis Run --
*
*   autoadjust_temp_init  =  1.5472e-03
*   autoadjust_temp_step  =  9.2264e-03
*        autoadjust_runs  =        1220         configs per temp
*       autoadjust_count  =           3
*
**********************************************************************
*
* Metropolis: 3 temperature runs with these parameters:
*
*              runs  =      1220              loops per T
*               T_0  = 1.547e-03             initial temp
*               T_L  = 1.546e-03               final temp
*           T_alpha  = 7.996e+03          annealing alpha
*
*            T = T_0 * exp( -run_num**3 / T_alpha )
*
**********************************************************************
*H run      Temp       E_ion        E_ss   cel vol       SigPF       ar     ortho        pCnt          % Rejected Changes
*H                                                                                                 trn      rot      lat      swp
*T   1  1.55e-03  -1.178e+00  +0.000e+00     42.38   3.992e-01    1.323     0.717   2.122e+02   100.00     0.00    95.74     0.00
*T   2  1.55e-03  -1.186e+00  +0.000e+00     41.37   4.041e-01    1.338     0.724   9.270e+00   100.00     0.00    95.57     0.00
*T   3  1.55e-03  -1.185e+00  +0.000e+00     41.66   4.125e-01    1.335     0.725   7.936e-01   100.00     0.00    97.13     0.00
*
**********************************************************************
*
*                 -- AUTOADJUST [3] OUT --
*
*     target: lo % = 95.000000      hi % = 99.900000
*     Autoadjust % = 97.131148
*     Autoadjust: temp = 1.547e-03  is good!  Exiting autoadjust.
*
**********************************************************************
*
*
*          -- Initializing cell contents --
*
*
*
**********************************************************************
*
*            -- Starting Metropolis calculation --
*
*              temp_init  = 1.708e-02
*
**********************************************************************
*
* Metropolis: 10 temperature runs with these parameters:
*
*              runs  =      4800              loops per T
*               T_0  = 1.708e-02             initial temp
*               T_L  = 1.547e-03               final temp
*           T_alpha  = 3.036e+02          annealing alpha
*
*            T = T_0 * exp( -run_num**3 / T_alpha )
*
**********************************************************************
*H run      Temp       E_ion        E_ss   cel vol       SigPF       ar     ortho        pCnt          % Rejected Changes
*H                                                                                                 trn      rot      lat      swp
*M   1  1.71e-02  -1.096e+00  +0.000e+00     58.88   1.795e-01    1.904     0.442   4.455e+01    98.19     0.00    50.62     0.00
*M   2  1.70e-02  -1.111e+00  +0.000e+00     63.75   2.242e-01    1.082     0.697   9.140e+00    98.75     0.00    58.77     0.00
*M   3  1.66e-02  -1.006e+00  +0.000e+00     84.51   2.101e-01    1.710     0.485   5.890e+00    98.75     0.00    63.00     0.00
*M   4  1.56e-02  -1.082e+00  +0.000e+00     53.35   2.531e-01    1.590     0.592   6.497e+00    99.52     0.00    62.56     0.00
*M   5  1.38e-02  -1.096e+00  +0.000e+00     69.22   2.500e-01    1.197     0.785   5.864e+00    99.46     0.00    69.44     0.00
*M   6  1.13e-02  -1.141e+00  +0.000e+00     50.17   2.655e-01    1.665     0.594   6.752e+00    99.54     0.00    73.96     0.00
*M   7  8.38e-03  -1.188e+00  +0.000e+00     46.05   3.400e-01    1.646     0.552   3.963e+00    99.96     0.00    84.04     0.00
*M   8  5.52e-03  -1.195e+00  +0.000e+00     48.02   3.490e-01    1.575     0.555   5.213e+00   100.00     0.00    88.77     0.00
*M   9  3.16e-03  -1.209e+00  +0.000e+00     46.24   3.590e-01    1.555     0.549   4.207e+00   100.00     0.00    93.42     0.00
*M  10  1.55e-03  -1.207e+00  +0.000e+00     45.92   3.701e-01    1.589     0.558   2.592e+00   100.00     0.00    96.60     0.00
*
**********************************************************************
*
*
*          - Parameters at Post Ewald-Metro -
*
* Lattice parameters:
*
*             lat a  =    3.6777
*             lat b  =    5.8423
*             lat c  =    3.8287
*             alpha  =   47.8851
*             beta   =  110.3276
*             gamma  =   79.5041
*          cell vol  =   45.9156
*          cv/ortho  =    0.5581
*
* Energies:
*               ecc  = -1.2071e+00
*               eng  =  0.0000e+00
*
*
* Geometry:
*
*      packing frac  =    0.5673
*      aspect ratio  =    1.5886
*
* (dE/dV):
*                Px  =  6.2793e-03                    x-dir
*                Py  =  8.4643e-03                    y-dir
*                Pz  =  1.1546e-02                    z-dir
*
* Distances (PBC only):
*                                 min           hard           diff
*           ca1_ca1  =   1.000000e+06   2.320000e+00   9.999977e+05
*           ca1_ca2  =   1.000000e+06   1.160000e+00   9.999988e+05
*           ca1_ac1  =   2.844262e+00   2.830000e+00   1.426190e-02
*           ca1_av1  =   1.000000e+06  -1.000000e+00   1.000001e+06
*           ca1_ac2  =   1.000000e+06  -1.000000e+00   1.000001e+06
*           ca1_av2  =   1.000000e+06  -1.000000e+00   1.000001e+06
*           ca2_ca2  =   1.000000e+06   0.000000e+00   1.000000e+06
*           ca2_ac1  =   1.000000e+06   1.670000e+00   9.999983e+05
*           ca2_av1  =   1.000000e+06  -1.000000e+00   1.000001e+06
*           ca2_ac2  =   1.000000e+06  -1.000000e+00   1.000001e+06
*           ca2_av2  =   1.000000e+06  -1.000000e+00   1.000001e+06
*           ac1_ac1  =   1.000000e+06   3.340000e+00   9.999967e+05
*           ac1_av1  =   1.000000e+06  -1.000000e+00   1.000001e+06
*           ac1_ac2  =   1.000000e+06  -1.000000e+00   1.000001e+06
*           ac1_av2  =   1.000000e+06  -1.000000e+00   1.000001e+06
*           av1_av1  =   1.000000e+06  -1.000000e+00   1.000001e+06
*           av1_av2  =   1.000000e+06  -1.000000e+00   1.000001e+06
*           av2_av2  =   1.000000e+06  -1.000000e+00   1.000001e+06
*
*
*
**********************************************************************
*
*         - Comparing with 'best' structure -
*
****************************************************************
*
*          best ecc  = -1.2147e+00
*          best eng  =  0.0000e+00
*           ecc+eng  = -1.2147e+00
*          best vol  =  4.6009e+01
*           best pf  =  5.6613e-01
*
*     post_runs ecc  = -1.2071e+00
*     post_runs eng  =  0.0000e+00
*           ecc+eng  = -1.2071e+00
*     post_runs vol  =  4.5916e+01
*      post_runs pf  =  5.6729e-01
*
*       dV / V_runs  =  2.0388e-03
*
*          ecc_diff  = -7.5806e-03
*          eng_diff  =  0.0000e+00
*
*
****************************************************************
*
*  mag_ecc_diff > mag_eng_diff AND within BEST_VOL AND
* 'best' has lower energy than post runs! --> swapping.
*
****************************************************************
*
*
*          - Parameters at Post 'best-swap' -
*
* Lattice parameters:
*
*             lat a  =    3.8243
*             lat b  =    5.8161
*             lat c  =    3.7764
*             alpha  =   48.2065
*             beta   =  112.2835
*             gamma  =   80.4049
*          cell vol  =   46.0093
*          cv/ortho  =    0.5478
*
* Energies:
*               ecc  = -1.2147e+00
*               eng  =  0.0000e+00
*
*
* Geometry:
*
*      packing frac  =    0.5661
*      aspect ratio  =    1.5401
*
* (dE/dV):
*                Px  =  7.7686e-03                    x-dir
*                Py  =  9.2784e-03                    y-dir
*                Pz  =  9.3541e-03                    z-dir
*
* Distances (PBC only):
*                                 min           hard           diff
*           ca1_ca1  =   1.000000e+06   2.320000e+00   9.999977e+05
*           ca1_ca2  =   1.000000e+06   1.160000e+00   9.999988e+05
*           ca1_ac1  =   2.831305e+00   2.830000e+00   1.304848e-03
*           ca1_av1  =   1.000000e+06  -1.000000e+00   1.000001e+06
*           ca1_ac2  =   1.000000e+06  -1.000000e+00   1.000001e+06
*           ca1_av2  =   1.000000e+06  -1.000000e+00   1.000001e+06
*           ca2_ca2  =   1.000000e+06   0.000000e+00   1.000000e+06
*           ca2_ac1  =   1.000000e+06   1.670000e+00   9.999983e+05
*           ca2_av1  =   1.000000e+06  -1.000000e+00   1.000001e+06
*           ca2_ac2  =   1.000000e+06  -1.000000e+00   1.000001e+06
*           ca2_av2  =   1.000000e+06  -1.000000e+00   1.000001e+06
*           ac1_ac1  =   1.000000e+06   3.340000e+00   9.999967e+05
*           ac1_av1  =   1.000000e+06  -1.000000e+00   1.000001e+06
*           ac1_ac2  =   1.000000e+06  -1.000000e+00   1.000001e+06
*           ac1_av2  =   1.000000e+06  -1.000000e+00   1.000001e+06
*           av1_av1  =   1.000000e+06  -1.000000e+00   1.000001e+06
*           av1_av2  =   1.000000e+06  -1.000000e+00   1.000001e+06
*           av2_av2  =   1.000000e+06  -1.000000e+00   1.000001e+06
*
*
*
**********************************************************************
*
*         - Final Simplex relaxation with restarts -
*
**********************************************************************
*
*
****************************************************************
*
*
*        - Simplex Minimiziation Routine -
*
*
* Note: No aspect ratio constraint.
*
*
*            n_simp  =        15                   D.O.F.
*         simp_nmax  =      4500                max moves
*       simp_errlim  =  1.00e-08
*
*
*         - Initializing simplex arrays -
*
*
*      nfunk           rtol        pf        ar     ortho             e_ion              e_ss             e_tot
*X        12     1.4418e-02   0.56613   1.54014   0.54775    -1.2146975e+00     0.0000000e+00    -1.2146975e+00
*X      2001     4.4059e-05   0.58259   1.53859   0.55590    -1.2247030e+00     0.0000000e+00    -1.2247030e+00
*
*         simp_runs  =      3246               simp moves
*              rtol  =  9.97e-09               final rtol
*
* Simplex restart no. 1 of 10
*
*         - Initializing simplex arrays -
*
*
*      nfunk           rtol        pf        ar     ortho             e_ion              e_ss             e_tot
*X        12     1.5454e+00   0.58536   1.54589   0.56106    -1.2251829e+00     0.0000000e+00    -1.2251829e+00
*
*         simp_runs  =      1480               simp moves
*              rtol  =  9.25e-09               final rtol
*
* Simplex restart no. 2 of 10
*
*         - Initializing simplex arrays -
*
*
*      nfunk           rtol        pf        ar     ortho             e_ion              e_ss             e_tot
*X        11     1.5493e+00   0.58577   1.54648   0.55979    -1.2256965e+00     0.0000000e+00    -1.2256965e+00
*
*         simp_runs  =      1276               simp moves
*              rtol  =  9.99e-09               final rtol
*
* Simplex restart no. 3 of 10
*
*         - Initializing simplex arrays -
*
*
*      nfunk           rtol        pf        ar     ortho             e_ion              e_ss             e_tot
*X        11     1.5452e+00   0.58411   1.54463   0.55197    -1.2258971e+00     0.0000000e+00    -1.2258971e+00
*
*         simp_runs  =      1958               simp moves
*              rtol  =  9.15e-09               final rtol
*
* Simplex restart no. 4 of 10
*
*         - Initializing simplex arrays -
*
*
*      nfunk           rtol        pf        ar     ortho             e_ion              e_ss             e_tot
*X        11     1.5535e+00   0.58437   1.53879   0.54844    -1.2266793e+00     0.0000000e+00    -1.2266793e+00
*
*         simp_runs  =      1912               simp moves
*              rtol  =  9.72e-09               final rtol
*
* Simplex restart no. 5 of 10
*
*         - Initializing simplex arrays -
*
*
*      nfunk           rtol        pf        ar     ortho             e_ion              e_ss             e_tot
*X        12     1.5424e+00   0.58460   1.53645   0.54746    -1.2271517e+00     0.0000000e+00    -1.2271517e+00
*
*         simp_runs  =       843               simp moves
*              rtol  =  9.43e-09               final rtol
*
* Simplex restart no. 6 of 10
*
*         - Initializing simplex arrays -
*
*
*      nfunk           rtol        pf        ar     ortho             e_ion              e_ss             e_tot
*X        12     1.5586e+00   0.58459   1.53642   0.54744    -1.2271542e+00     0.0000000e+00    -1.2271542e+00
*X      2000     7.1434e-08   0.58445   1.53472   0.54644    -1.2271875e+00     0.0000000e+00    -1.2271875e+00
*
*         simp_runs  =      2881               simp moves
*              rtol  =  9.79e-09               final rtol
*
* Simplex restart no. 7 of 10
*
*         - Initializing simplex arrays -
*
*
*      nfunk           rtol        pf        ar     ortho             e_ion              e_ss             e_tot
*X        12     1.5588e+00   0.58443   1.53450   0.54631    -1.2271936e+00     0.0000000e+00    -1.2271936e+00
*
*         simp_runs  =      1163               simp moves
*              rtol  =  9.96e-09               final rtol
*
* Simplex restart no. 8 of 10
*
*         - Initializing simplex arrays -
*
*
*      nfunk           rtol        pf        ar     ortho             e_ion              e_ss             e_tot
*X        12     1.5587e+00   0.58444   1.53449   0.54637    -1.2271948e+00     0.0000000e+00    -1.2271948e+00
*
*         simp_runs  =      1282               simp moves
*              rtol  =  8.89e-09               final rtol
*
* Simplex restart no. 9 of 10
*
*         - Initializing simplex arrays -
*
*
*      nfunk           rtol        pf        ar     ortho             e_ion              e_ss             e_tot
*X        12     1.5588e+00   0.58444   1.53449   0.54637    -1.2271956e+00     0.0000000e+00    -1.2271956e+00
*
*         simp_runs  =       856               simp moves
*              rtol  =  9.31e-09               final rtol
*
* Simplex restart no. 10 of 10
*
*         - Initializing simplex arrays -
*
*
*      nfunk           rtol        pf        ar     ortho             e_ion              e_ss             e_tot
*X        12     1.5588e+00   0.58444   1.53449   0.54638    -1.2271956e+00     0.0000000e+00    -1.2271956e+00
*
*         simp_runs  =       850               simp moves
*              rtol  =  9.25e-09               final rtol
*
****************************************************************
*
*          - Parameters at Post Simplex -
*
* Lattice parameters:
*
*             lat a  =    3.9061
*             lat b  =    5.6608
*             lat c  =    3.6890
*             alpha  =   49.3526
*             beta   =  113.2900
*             gamma  =   79.9179
*          cell vol  =   44.5682
*          cv/ortho  =    0.5464
*
* Energies:
*               ecc  = -1.2272e+00
*               eng  =  0.0000e+00
*
*
* Geometry:
*
*      packing frac  =    0.5844
*      aspect ratio  =    1.5345
*
* (dE/dV):
*                Px  =  8.9101e-03                    x-dir
*                Py  =  1.0000e+04                    y-dir
*                Pz  =  8.2921e-03                    z-dir
*
* Distances (PBC only):
*                                 min           hard           diff
*           ca1_ca1  =   1.000000e+06   2.320000e+00   9.999977e+05
*           ca1_ca2  =   1.000000e+06   1.160000e+00   9.999988e+05
*           ca1_ac1  =   2.830000e+00   2.830000e+00   2.682820e-08
*           ca1_av1  =   1.000000e+06  -1.000000e+00   1.000001e+06
*           ca1_ac2  =   1.000000e+06  -1.000000e+00   1.000001e+06
*           ca1_av2  =   1.000000e+06  -1.000000e+00   1.000001e+06
*           ca2_ca2  =   1.000000e+06   0.000000e+00   1.000000e+06
*           ca2_ac1  =   1.000000e+06   1.670000e+00   9.999983e+05
*           ca2_av1  =   1.000000e+06  -1.000000e+00   1.000001e+06
*           ca2_ac2  =   1.000000e+06  -1.000000e+00   1.000001e+06
*           ca2_av2  =   1.000000e+06  -1.000000e+00   1.000001e+06
*           ac1_ac1  =   1.000000e+06   3.340000e+00   9.999967e+05
*           ac1_av1  =   1.000000e+06  -1.000000e+00   1.000001e+06
*           ac1_ac2  =   1.000000e+06  -1.000000e+00   1.000001e+06
*           ac1_av2  =   1.000000e+06  -1.000000e+00   1.000001e+06
*           av1_av1  =   1.000000e+06  -1.000000e+00   1.000001e+06
*           av1_av2  =   1.000000e+06  -1.000000e+00   1.000001e+06
*           av2_av2  =   1.000000e+06  -1.000000e+00   1.000001e+06
*
*
***********************************************************
*        - Process and timing information -
*
* user time:   0 h 00 m 14.071174 s
* syst time:   0 h 00 m 00.020000 s
* signals: 0
* voluntary context switches: 8
* involuntary context switches: 14
*
***********************************************************
*SS symsearch output
*SS ( use:  | awk '($1=="*S"){print $0}' | sed 's/*S //' > temp.out )
*S Title
*S 1                 search type
*S 5.0 0.00001       displacement rms max min
*S 0.1 0.00001       strain rms max min
*S 1                 lattice input type
*S      3.90608     0.00000     0.00000
*S      0.99097     5.57340     0.00000
*S     -1.45859     2.70009     2.04722
*S 1 0 0
*S 0 1 0
*S 0 0 1
*S 2                 number of atoms
*S 11 0
*S      0.78387     0.27588     0.83721
*S      0.78385     0.77560     0.83769
*FF findsym output
*FF ( use:  | awk '($1=="*F"){print $0}' | sed 's/*F //' > temp.out )
*F Title
*F 0.001       displacement rms max min
*F 1                 lattice input type
*F      3.90608     0.00000     0.00000
*F      0.99097     5.57340     0.00000
*F     -1.45859     2.70009     2.04722
*F 1               basis vector in type
*F 1 0 0
*F 0 1 0
*F 0 0 1
*F 2                 number of atoms
*F 11 0
*F      0.78387     0.27588     0.83721
*F      0.78385     0.77560     0.83769
*DD powder output
*DD (use: | awk '($1=="*D"){print $0}' | sed 's/*D //' > temp.out )
*D 2
*D      3.90608     5.66082     3.68905
*D     49.35260   113.28996    79.91793
*D      0.78387     0.27588     0.83721        11
*D      0.78385     0.77560     0.83769         0
*PP poscar output
*PP (use: | awk '($1=="*P"){print $0}' | sed 's/*P //' > temp.out )
*P Z: 11 17 
*P 1.0 
*P      3.90607567     0.00000000     0.00000000
*P      0.99097483     5.57340077     0.00000000
*P     -1.45859248     2.70008806     2.04721985
*P 1 1 0 
*P Direct
*P       0.783867867667      0.275876964103      0.837212789297
*P       0.783850021981      0.775603060338      0.837693373162
*QQ poscar output
*QQ (use: | awk '($1=="*Q"){print $0}' | sed 's/*Q //' > temp.out )
*Q +1.000000000000 -1.000000000000 
*Q 1.0 
*Q      3.90607567     0.00000000     0.00000000
*Q      0.99097483     5.57340077     0.00000000
*Q     -1.45859248     2.70008806     2.04721985
*Q 1 1 0 
*Q Direct
*Q       0.783867867667      0.275876964103      0.837212789297
*Q       0.783850021981      0.775603060338      0.837693373162
*RR restart output
*RR (use: | awk '($1=="*R"){print $0}' | sed 's/*R //' > temp.out )
*R     3.906075665877    5.660815072770    3.689048202673
*R     0.861365304274    1.977282750765    1.394830955890
*R      1
*R      1     1
*R   -1.000000000000000   0.000000000000000
*R     0.000000000000    1.670000000000    0.000000000000    17     0
*R      1
*R      1   1.000000000000000
*R     1.160000000000    11
*R     0.783867867667    0.275876964103    0.837212789297
*R     0.783850021981    0.775603060338    0.837693373162
* XBS output
* CATION:
atom C     2.114082051    3.798121138    1.713958639
spec C     1.160000000    1.000000000    0.000000000    0.000000000
* ANION:
atom A     2.608527352    6.584592568    1.714942499
spec A     1.670000000    0.000000000    0.000000000    1.000000000
spec V     0.000000000    0.000000000    1.000000000    0.000000000
bonds A V  0.000000000    0.000000000    0.010000000    Black
* CELL PARAMETERS AND BORDER
atom 0    0.00000   0.00000   0.00000
atom 1    3.90608   0.00000   0.00000
atom 2    4.89705   5.57340   0.00000
atom 3    0.99097   5.57340   0.00000
atom 4   -1.45859   2.70009   2.04722
atom 5    2.44748   2.70009   2.04722
atom 6    3.43846   8.27349   2.04722
atom 7   -0.46762   8.27349   2.04722
spec 0     0.050000000    0.000000000    0.000000000    0.000000000
spec 1     0.050000000    0.000000000    0.000000000    0.000000000
spec 2     0.050000000    0.000000000    0.000000000    0.000000000
spec 3     0.050000000    0.000000000    0.000000000    0.000000000
spec 4     0.050000000    0.000000000    0.000000000    0.000000000
spec 5     0.050000000    0.000000000    0.000000000    0.000000000
spec 6     0.050000000    0.000000000    0.000000000    0.000000000
spec 7     0.050000000    0.000000000    0.000000000    0.000000000
bonds 0 1  3.902169590    3.909981742    0.010000000    Black
bonds 3 2  3.902169590    3.909981742    0.010000000    Black
bonds 4 5  3.902169590    3.909981742    0.010000000    Black
bonds 6 7  3.902169590    3.909981742    0.010000000    Black
bonds 1 2  5.655154258    5.666475888    0.010000000    Black
bonds 0 3  5.655154258    5.666475888    0.010000000    Black
bonds 5 6  5.655154258    5.666475888    0.010000000    Black
bonds 4 7  5.655154258    5.666475888    0.010000000    Black
bonds 0 4  3.685359154    3.692737251    0.010000000    Black
bonds 1 5  3.685359154    3.692737251    0.010000000    Black
bonds 2 6  3.685359154    3.692737251    0.010000000    Black
bonds 3 7  3.685359154    3.692737251    0.010000000    Black
inc 5.000000
dup    3.90608   0.00000   0.00000
dup    0.99097   5.57340   0.00000
dup   -1.45859   2.70009   2.04722
