*************************************************
*	pack	(version 4.12.0.5)
*	Eric Majzoub
*	Sandia National Laboratories
*************************************************
*  Source file: main.c
*  Compile date: Dec 27 2012
*  Compile time: 17:19:04
*  commandline = /projects/e20438/bin/pack-4.12.0.5/pack_exe -f ../../NaCl_pegs.in -P -R -r 400 -t 10 -g 18945 
*  input file = ../../NaCl_pegs.in
**********************************************************************
**********************************************************************
**********************************************************************
* 
*       - General run comments -
* 
* WARN: no Rotations in Metropolis (-R flag).
* WARN: all anionic charge on center atom (-P flag).
*
**********************************************************************
*           - Input parameters -
*
*           restart  =         0         1 = restart calc
*        autoadjust  =         1   automatically set temp
*          aa_using  =         1        1=rej pct, 2=pCnt
*         basin hop  =         0           number of hops
*     non_per_ewald  =         0          1=nanopart calc
*
*             lat a  =   10.0000
*             lat b  =   10.0000
*             lat c  =   10.0000
*             alpha  =    1.5708
*             beta   =    1.5708
*             gamma  =    1.5708
*          cell vol  = 1000.0000
*      sqsh vol pct  =    0.2000
* 
*          cell_min  =    1.6700              min lat vec
*          cell_max  =  167.0000              max lat vec
* 
*         n_type_an  =         1          num type anions
*            num_an  =         1           tot num anions
* 
*          num_an_1  =         1        num anions type 1
*        num_vert_1  =         1     1=sph 2=dim 5=tet...
*       an_chrg_c_1  =   -1.0000      anion center charge
*       an_chrg_v_1  =    0.0000      anion vertex charge
*     tot_an_chrg_1  =   -1.0000       total anion charge
*           Rcent_1  =    1.6700         anion center rad
*           Rvert_1  =    0.0000         anion vertex rad
*             cvd_1  =    0.0000        cent to vert dist
*           Zcent_1  =        17           anion center Z
*           Zvert_1  =         0           anion vertex Z
* 
*          num_an_2  =         0        num anions type 2
*        num_vert_2  =         0     1=sph 2=dim 5=tet...
*       an_chrg_c_2  =    0.0000      anion center charge
*       an_chrg_v_2  =    0.0000      anion vertex charge
*     tot_an_chrg_2  =    0.0000       total anion charge
*           Rcent_2  =    0.0000         anion center rad
*           Rvert_2  =    0.0000         anion vertex rad
*             cvd_2  =    0.0000        cent to vert dist
*           Zcent_2  =         0           anion center Z
*           Zvert_2  =         0           anion vertex Z
* 
*         n_type_ca  =         1            num type cats
*            num_ca  =         1          tot num cations
* 
*          num_ca_1  =         1        num cations typ 1
*         ca_chrg_1  =    1.0000        cation chrg typ 1
*            Rcat_1  =    1.1600         cation rad typ 1
*            Zcat_1  =        11           cation Z typ 1
* 
*            C2VTOL  =  1.00e-08            c2v tolerance
*            ERRLIM  =  1.00e-06
*       REP_EPSILON  =  1.00e+00        soft sphere repul
*    TRANS_FRAC_MAX  =    0.5000                    fixed
*    TRANS_FRAC_MIN  =    0.0200
*      MAX_ANG_CHNG  =    9.9695                  degrees
*    VOLUM_FRAC_MAX  =    0.0700
*         EXT_PRESS  =  0.00e+00        external pressure
*      SQSH_VOL_PCT  =    0.2000             min orth val
*        ASPECT_MAX  =   20.0000                cell parm
*            dplane  =    1.6700            min plane sep
*      SCALE_FACTOR  =    1.2500         bhop max scaling
* 
*            d.o.f.  =        12       degrees of freedom
*          runs/dof  =       400         loops per d.o.f.
*              runs  =      4800              loops per T
*               ncc  =     19200     config changes per T
*            t_runs  =        10           num temp steps
*             efunc  =         0               0=SS  1=LJ
*       N_HALT_CHNG  =        15      halts after N 100%s
*
*      anneal_sched  =         3   0=lin or exp(-run_n^n)
*         temp_init  =  1.00e+00             initial temp
*         temp_finl  =  1.00e-03               final temp
* 
*          trn_chng  =         1              0=off  1=on
*          rot_chng  =         0              0=off  1=on
*          lat_chng  =         1              0=off  1=on
*          swp_chng  =         1              0=off  1=on
* 
*     SIMP_RESTARTS  =        11     no. simplex restarts
*  SIMP_RESTARTS BH  =        21  basin hop simp restarts
*         SIMP_NMAX  =      4500        max simplex iters
*          SIMP_DEG  =    1.0000          anion start deg
*         SIMP_LAMB  =    0.0100        vertex start frac
*       SIMP_ERRLIM  =  1.00e-08              error limit
* 
*           aa runs  =      1200           config changes
*      aa runs_step  =        10   config change increase
*       aa runs_max  =      1500  max auto config changes
*         aa t_runs  =         3            num temp runs
*      aa temp_step  =    0.5000                temp step
* 
*        aa chng hi  =         3  1=trn 2=rot 3=lat 4=swp
*        aa chng lo  =         3  1=trn 2=rot 3=lat 4=swp
* 
*      aa ht_pct_hi  =     0.650             high rej pct
*      aa ht_pct_lo  =     0.600             low  rej pct
* 
*      aa lt_pct_hi  =     0.999             high rej pct
*      aa lt_pct_lo  =     0.950             low  rej pct
* 
*            tmpfile =                   PR19393-best.tmp
* 
* Checking for out of bounds fractional coords.
*
**********************************************************************
*
*          - Parameters at START -
*
* Lattice parameters:
*
*             lat a  =   10.0000
*             lat b  =   10.0000
*             lat c  =   10.0000
*             alpha  =   90.0000
*             beta   =   90.0000
*             gamma  =   90.0000
*          cell vol  = 1000.0000
*          cv/ortho  =    1.0000
*
* Energies:
*               ecc  = -4.2704e-01
*               eng  =  0.0000e+00
*
*
* Geometry:
*
*      packing frac  =    0.0260
*      aspect ratio  =    1.0000
*
* (dE/dV):
*                Px  =  1.2795e-04                    x-dir
*                Py  =  1.8022e-04                    y-dir
*                Pz  =  1.1887e-04                    z-dir
*
* Distances (PBC only):
*                                 min           hard           diff
*           ca1_ca1  =   1.000000e+06   2.320000e+00   9.999977e+05
*           ca1_ca2  =   1.000000e+06   1.160000e+00   9.999988e+05
*           ca1_ac1  =   6.758764e+00   2.830000e+00   3.928764e+00
*           ca1_av1  =   1.000000e+06  -1.000000e+00   1.000001e+06
*           ca1_ac2  =   1.000000e+06  -1.000000e+00   1.000001e+06
*           ca1_av2  =   1.000000e+06  -1.000000e+00   1.000001e+06
*           ca2_ca2  =   1.000000e+06   0.000000e+00   1.000000e+06
*           ca2_ac1  =   1.000000e+06   1.670000e+00   9.999983e+05
*           ca2_av1  =   1.000000e+06  -1.000000e+00   1.000001e+06
*           ca2_ac2  =   1.000000e+06  -1.000000e+00   1.000001e+06
*           ca2_av2  =   1.000000e+06  -1.000000e+00   1.000001e+06
*           ac1_ac1  =   1.000000e+06   3.340000e+00   9.999967e+05
*           ac1_av1  =   1.000000e+06  -1.000000e+00   1.000001e+06
*           ac1_ac2  =   1.000000e+06  -1.000000e+00   1.000001e+06
*           ac1_av2  =   1.000000e+06  -1.000000e+00   1.000001e+06
*           av1_av1  =   1.000000e+06  -1.000000e+00   1.000001e+06
*           av1_av2  =   1.000000e+06  -1.000000e+00   1.000001e+06
*           av2_av2  =   1.000000e+06  -1.000000e+00   1.000001e+06
*
*
*
**********************************************************************
*
* ------------------------------------------------------------
*              Autoadjust high temperatrure:
* ------------------------------------------------------------
*              Autoadjusting on 3 (1=trn,2=rot,3=lat,4=swp)
*
**********************************************************************
*
*                 -- Autoadjust Metropolis Run --
*
*   autoadjust_temp_init  =  1.0000e+00
*   autoadjust_temp_step  =  5.0000e-01
*        autoadjust_runs  =        1200         configs per temp
*       autoadjust_count  =           1
*
**********************************************************************
*
* Metropolis: 3 temperature runs with these parameters:
*
*              runs  =      1200              loops per T
*               T_0  = 1.000e+00             initial temp
*               T_L  = 1.000e+00               final temp
*           T_alpha  = 8.000e+09          annealing alpha
*
*            T = T_0 * exp( -run_num**3 / T_alpha )
*
**********************************************************************
*H run      Temp       E_ion        E_ss   cel vol       SigPF       ar     ortho        pCnt          % Rejected Changes
*H                                                                                                 trn      rot      lat      swp
*T   1  1.00e+00  -3.267e-01  +0.000e+00   1771.59   3.825e-02    1.857     0.867   1.041e-01    19.83     0.00     2.00     0.00
*T   2  1.00e+00  -3.606e-01  +0.000e+00   1652.42   1.030e-02    2.356     0.563   2.346e-02    14.42     0.00     1.00     0.00
*T   3  1.00e+00  -7.940e-01  +0.000e+00    254.25   7.094e-02    1.156     0.603   2.313e-01    40.33     0.00     4.25     0.00
*
**********************************************************************
*
*                 -- AUTOADJUST [1] OUT --
*
*     target: lo % = 60.000000      hi % = 65.000000
*     Autoadjust % =  4.250000
*     Autoadjust: Lowering the temperature 5.000e-01 [a.u.]
*
**********************************************************************
*
*                 -- Autoadjust Metropolis Run --
*
*   autoadjust_temp_init  =  5.0000e-01
*   autoadjust_temp_step  =  5.0000e-01
*        autoadjust_runs  =        1210         configs per temp
*       autoadjust_count  =           2
*
**********************************************************************
*
* Metropolis: 3 temperature runs with these parameters:
*
*              runs  =      1210              loops per T
*               T_0  = 5.000e-01             initial temp
*               T_L  = 4.995e-01               final temp
*           T_alpha  = 7.996e+03          annealing alpha
*
*            T = T_0 * exp( -run_num**3 / T_alpha )
*
**********************************************************************
*H run      Temp       E_ion        E_ss   cel vol       SigPF       ar     ortho        pCnt          % Rejected Changes
*H                                                                                                 trn      rot      lat      swp
*T   1  5.00e-01  -2.376e-01  +0.000e+00   1661.28   1.671e-02    3.013     0.255   7.091e-02    18.51     0.00     2.73     0.00
*T   2  5.00e-01  -5.584e-01  +0.000e+00    294.44   3.164e-02    3.309     0.271   2.504e-01    37.27     0.00     4.55     0.00
*T   3  4.99e-01  -2.170e-01  +0.000e+00   1928.36   1.193e-02    3.413     0.201   1.128e-01    14.30     0.00     2.64     0.00
*
**********************************************************************
*
*                 -- AUTOADJUST [2] OUT --
*
*     target: lo % = 60.000000      hi % = 65.000000
*     Autoadjust % =  2.644628
*     Autoadjust: special case: (T-Tstep) = 0.000e+00 [a.u.]
*     Autoadjust: special case: ===> drop temp step to: 2.250e-01 [a.u.]
*     Autoadjust: Lowering the temperature 2.250e-01 [a.u.]
*
**********************************************************************
*
*                 -- Autoadjust Metropolis Run --
*
*   autoadjust_temp_init  =  2.7500e-01
*   autoadjust_temp_step  =  2.2500e-01
*        autoadjust_runs  =        1220         configs per temp
*       autoadjust_count  =           3
*
**********************************************************************
*
* Metropolis: 3 temperature runs with these parameters:
*
*              runs  =      1220              loops per T
*               T_0  = 2.750e-01             initial temp
*               T_L  = 2.747e-01               final temp
*           T_alpha  = 7.996e+03          annealing alpha
*
*            T = T_0 * exp( -run_num**3 / T_alpha )
*
**********************************************************************
*H run      Temp       E_ion        E_ss   cel vol       SigPF       ar     ortho        pCnt          % Rejected Changes
*H                                                                                                 trn      rot      lat      swp
*T   1  2.75e-01  -6.156e-02  +0.000e+00 141818.87   3.980e-03    3.507     0.266   3.640e-01    16.31     0.00     2.38     0.00
*T   2  2.75e-01  -4.026e-01  +0.000e+00  31244.10   1.016e-04    1.810     0.392   5.918e-02     8.36     0.00     2.30     0.00
*T   3  2.75e-01  -7.063e-01  +0.000e+00    769.76   1.045e-02    1.713     0.418   3.287e-01    20.82     0.00     5.66     0.00
*
**********************************************************************
*
*                 -- AUTOADJUST [3] OUT --
*
*     target: lo % = 60.000000      hi % = 65.000000
*     Autoadjust % =  5.655738
*     Autoadjust: Lowering the temperature 2.250e-01 [a.u.]
*
**********************************************************************
*
*                 -- Autoadjust Metropolis Run --
*
*   autoadjust_temp_init  =  5.0000e-02
*   autoadjust_temp_step  =  2.2500e-01
*        autoadjust_runs  =        1230         configs per temp
*       autoadjust_count  =           4
*
**********************************************************************
*
* Metropolis: 3 temperature runs with these parameters:
*
*              runs  =      1230              loops per T
*               T_0  = 5.000e-02             initial temp
*               T_L  = 4.995e-02               final temp
*           T_alpha  = 7.996e+03          annealing alpha
*
*            T = T_0 * exp( -run_num**3 / T_alpha )
*
**********************************************************************
*H run      Temp       E_ion        E_ss   cel vol       SigPF       ar     ortho        pCnt          % Rejected Changes
*H                                                                                                 trn      rot      lat      swp
*T   1  5.00e-02  -7.578e-01  +0.000e+00    199.59   6.047e-02    3.067     0.459   3.536e+00    83.82     0.00    29.67     0.00
*T   2  5.00e-02  -7.963e-01  +0.000e+00    242.00   5.920e-02    2.605     0.244   2.674e+00    82.03     0.00    23.17     0.00
*T   3  5.00e-02  -8.674e-01  +0.000e+00    136.33   8.707e-02    2.389     0.439   3.422e+00    79.02     0.00    24.72     0.00
*
**********************************************************************
*
*                 -- AUTOADJUST [4] OUT --
*
*     target: lo % = 60.000000      hi % = 65.000000
*     Autoadjust % = 24.715447
*     Autoadjust: special case: (T-Tstep) = -1.750e-01 [a.u.]
*     Autoadjust: special case: ===> drop temp step to: 1.013e-01 [a.u.]
*     Autoadjust: special case: (T-Tstep) = -5.125e-02 [a.u.]
*     Autoadjust: special case: ===> drop temp step to: 4.556e-02 [a.u.]
*     Autoadjust: Lowering the temperature 4.556e-02 [a.u.]
*
**********************************************************************
*
*                 -- Autoadjust Metropolis Run --
*
*   autoadjust_temp_init  =  4.4375e-03
*   autoadjust_temp_step  =  4.5563e-02
*        autoadjust_runs  =        1240         configs per temp
*       autoadjust_count  =           5
*
**********************************************************************
*
* Metropolis: 3 temperature runs with these parameters:
*
*              runs  =      1240              loops per T
*               T_0  = 4.438e-03             initial temp
*               T_L  = 4.433e-03               final temp
*           T_alpha  = 7.996e+03          annealing alpha
*
*            T = T_0 * exp( -run_num**3 / T_alpha )
*
**********************************************************************
*H run      Temp       E_ion        E_ss   cel vol       SigPF       ar     ortho        pCnt          % Rejected Changes
*H                                                                                                 trn      rot      lat      swp
*T   1  4.44e-03  -1.091e+00  +0.000e+00     78.80   1.891e-01    2.005     0.361   1.609e+01    99.84     0.00    84.27     0.00
*T   2  4.44e-03  -1.114e+00  +0.000e+00     70.74   2.120e-01    2.034     0.372   8.594e+00    99.92     0.00    80.48     0.00
*T   3  4.43e-03  -1.137e+00  +0.000e+00     64.76   2.339e-01    1.906     0.395   7.015e+00   100.00     0.00    84.35     0.00
*
**********************************************************************
*
*                 -- AUTOADJUST [5] OUT --
*
*     target: lo % = 60.000000      hi % = 65.000000
*     Autoadjust % = 84.354839
*     Autoadjust: overshot! drop temp step to: 2.050e-02 [a.u.]
*     Autoadjust: Raising the temperature 2.050e-02 [a.u.]
*
**********************************************************************
*
*                 -- Autoadjust Metropolis Run --
*
*   autoadjust_temp_init  =  2.4941e-02
*   autoadjust_temp_step  =  2.0503e-02
*        autoadjust_runs  =        1250         configs per temp
*       autoadjust_count  =           6
*
**********************************************************************
*
* Metropolis: 3 temperature runs with these parameters:
*
*              runs  =      1250              loops per T
*               T_0  = 2.494e-02             initial temp
*               T_L  = 2.492e-02               final temp
*           T_alpha  = 7.996e+03          annealing alpha
*
*            T = T_0 * exp( -run_num**3 / T_alpha )
*
**********************************************************************
*H run      Temp       E_ion        E_ss   cel vol       SigPF       ar     ortho        pCnt          % Rejected Changes
*H                                                                                                 trn      rot      lat      swp
*T   1  2.49e-02  -1.011e+00  +0.000e+00    104.84   2.227e-01    1.397     0.470   3.227e+00    98.80     0.00    57.84     0.00
*T   2  2.49e-02  -1.036e+00  +0.000e+00     80.44   1.191e-01    2.044     0.461   5.669e+00    93.92     0.00    47.60     0.00
*T   3  2.49e-02  -1.029e+00  +0.000e+00    176.89   1.360e-01    3.021     0.564   4.080e+00    96.48     0.00    46.00     0.00
*
**********************************************************************
*
*                 -- AUTOADJUST [6] OUT --
*
*     target: lo % = 60.000000      hi % = 65.000000
*     Autoadjust % = 46.000000
*     Autoadjust: overshot! drop temp step to: 9.226e-03 [a.u.]
*     Autoadjust: Lowering the temperature 9.226e-03 [a.u.]
*
**********************************************************************
*
*                 -- Autoadjust Metropolis Run --
*
*   autoadjust_temp_init  =  1.5714e-02
*   autoadjust_temp_step  =  9.2264e-03
*        autoadjust_runs  =        1260         configs per temp
*       autoadjust_count  =           7
*
**********************************************************************
*
* Metropolis: 3 temperature runs with these parameters:
*
*              runs  =      1260              loops per T
*               T_0  = 1.571e-02             initial temp
*               T_L  = 1.570e-02               final temp
*           T_alpha  = 7.996e+03          annealing alpha
*
*            T = T_0 * exp( -run_num**3 / T_alpha )
*
**********************************************************************
*H run      Temp       E_ion        E_ss   cel vol       SigPF       ar     ortho        pCnt          % Rejected Changes
*H                                                                                                 trn      rot      lat      swp
*T   1  1.57e-02  -1.096e+00  +0.000e+00     69.61   1.690e-01    1.757     0.479   6.789e+00    98.73     0.00    56.67     0.00
*T   2  1.57e-02  -1.114e+00  +0.000e+00     60.97   2.466e-01    1.308     0.760   2.780e+00    99.05     0.00    68.81     0.00
*T   3  1.57e-02  -1.062e+00  +0.000e+00     77.47   2.371e-01    1.112     0.856   3.543e+00    98.97     0.00    64.44     0.00
*
**********************************************************************
*
*                 -- AUTOADJUST [7] OUT --
*
*     target: lo % = 60.000000      hi % = 65.000000
*     Autoadjust % = 64.444444
*     Autoadjust: temp = 1.571e-02  is good!  Exiting autoadjust.
*
**********************************************************************
*
* ------------------------------------------------------------
*              Autoadjust low temperatrure:
* ------------------------------------------------------------
*              Autoadjusting on 3 (1=trn,2=rot,3=lat,4=swp)
*
**********************************************************************
*
*                 -- Autoadjust Metropolis Run --
*
*   autoadjust_temp_init  =  2.0000e-02
*   autoadjust_temp_step  =  5.0000e-01
*        autoadjust_runs  =        1200         configs per temp
*       autoadjust_count  =           1
*
**********************************************************************
*
* Metropolis: 3 temperature runs with these parameters:
*
*              runs  =      1200              loops per T
*               T_0  = 2.000e-02             initial temp
*               T_L  = 2.000e-02               final temp
*           T_alpha  = 1.600e+08          annealing alpha
*
*            T = T_0 * exp( -run_num**3 / T_alpha )
*
**********************************************************************
*H run      Temp       E_ion        E_ss   cel vol       SigPF       ar     ortho        pCnt          % Rejected Changes
*H                                                                                                 trn      rot      lat      swp
*T   1  2.00e-02  -1.090e+00  +0.000e+00     57.58   2.657e-01    1.059     0.970   4.382e+00    99.25     0.00    63.00     0.00
*T   2  2.00e-02  -1.091e+00  +0.000e+00     57.06   2.613e-01    1.080     0.932   1.463e+00    99.33     0.00    59.08     0.00
*T   3  2.00e-02  -1.060e+00  +0.000e+00     69.02   2.182e-01    1.129     0.860   3.352e+00    98.92     0.00    55.42     0.00
*
**********************************************************************
*
*                 -- AUTOADJUST [1] OUT --
*
*     target: lo % = 95.000000      hi % = 99.900000
*     Autoadjust % = 55.416667
*     Autoadjust: special case: (T-Tstep) = -4.800e-01 [a.u.]
*     Autoadjust: special case: ===> drop temp step to: 2.250e-01 [a.u.]
*     Autoadjust: special case: (T-Tstep) = -2.050e-01 [a.u.]
*     Autoadjust: special case: ===> drop temp step to: 1.013e-01 [a.u.]
*     Autoadjust: special case: (T-Tstep) = -8.125e-02 [a.u.]
*     Autoadjust: special case: ===> drop temp step to: 4.556e-02 [a.u.]
*     Autoadjust: special case: (T-Tstep) = -2.556e-02 [a.u.]
*     Autoadjust: special case: ===> drop temp step to: 2.050e-02 [a.u.]
*     Autoadjust: special case: (T-Tstep) = -5.031e-04 [a.u.]
*     Autoadjust: special case: ===> drop temp step to: 9.226e-03 [a.u.]
*     Autoadjust: Lowering the temperature 9.226e-03 [a.u.]
*
**********************************************************************
*
*                 -- Autoadjust Metropolis Run --
*
*   autoadjust_temp_init  =  1.0774e-02
*   autoadjust_temp_step  =  9.2264e-03
*        autoadjust_runs  =        1210         configs per temp
*       autoadjust_count  =           2
*
**********************************************************************
*
* Metropolis: 3 temperature runs with these parameters:
*
*              runs  =      1210              loops per T
*               T_0  = 1.077e-02             initial temp
*               T_L  = 1.076e-02               final temp
*           T_alpha  = 7.996e+03          annealing alpha
*
*            T = T_0 * exp( -run_num**3 / T_alpha )
*
**********************************************************************
*H run      Temp       E_ion        E_ss   cel vol       SigPF       ar     ortho        pCnt          % Rejected Changes
*H                                                                                                 trn      rot      lat      swp
*T   1  1.08e-02  -1.147e+00  +0.000e+00     52.21   2.494e-01    1.258     0.858   1.640e+01    99.75     0.00    74.30     0.00
*T   2  1.08e-02  -1.146e+00  +0.000e+00     53.57   2.722e-01    1.267     0.856   3.105e+00    99.67     0.00    75.12     0.00
*T   3  1.08e-02  -1.128e+00  +0.000e+00     55.48   2.477e-01    1.228     0.836   3.598e+00    99.75     0.00    71.16     0.00
*
**********************************************************************
*
*                 -- AUTOADJUST [2] OUT --
*
*     target: lo % = 95.000000      hi % = 99.900000
*     Autoadjust % = 71.157025
*     Autoadjust: Lowering the temperature 9.226e-03 [a.u.]
*
**********************************************************************
*
*                 -- Autoadjust Metropolis Run --
*
*   autoadjust_temp_init  =  1.5472e-03
*   autoadjust_temp_step  =  9.2264e-03
*        autoadjust_runs  =        1220         configs per temp
*       autoadjust_count  =           3
*
**********************************************************************
*
* Metropolis: 3 temperature runs with these parameters:
*
*              runs  =      1220              loops per T
*               T_0  = 1.547e-03             initial temp
*               T_L  = 1.546e-03               final temp
*           T_alpha  = 7.996e+03          annealing alpha
*
*            T = T_0 * exp( -run_num**3 / T_alpha )
*
**********************************************************************
*H run      Temp       E_ion        E_ss   cel vol       SigPF       ar     ortho        pCnt          % Rejected Changes
*H                                                                                                 trn      rot      lat      swp
*T   1  1.55e-03  -1.135e+00  +0.000e+00     55.54   3.101e-01    1.191     0.837   1.561e+02   100.00     0.00    95.90     0.00
*T   2  1.55e-03  -1.136e+00  +0.000e+00     56.12   3.037e-01    1.154     0.839   1.836e+00   100.00     0.00    95.16     0.00
*T   3  1.55e-03  -1.147e+00  +0.000e+00     54.95   3.083e-01    1.130     0.834   3.057e+02   100.00     0.00    96.07     0.00
*
**********************************************************************
*
*                 -- AUTOADJUST [3] OUT --
*
*     target: lo % = 95.000000      hi % = 99.900000
*     Autoadjust % = 96.065574
*     Autoadjust: temp = 1.547e-03  is good!  Exiting autoadjust.
*
**********************************************************************
*
*
*          -- Initializing cell contents --
*
*
*
**********************************************************************
*
*            -- Starting Metropolis calculation --
*
*              temp_init  = 1.571e-02
*
**********************************************************************
*
* Metropolis: 10 temperature runs with these parameters:
*
*              runs  =      4800              loops per T
*               T_0  = 1.571e-02             initial temp
*               T_L  = 1.547e-03               final temp
*           T_alpha  = 3.145e+02          annealing alpha
*
*            T = T_0 * exp( -run_num**3 / T_alpha )
*
**********************************************************************
*H run      Temp       E_ion        E_ss   cel vol       SigPF       ar     ortho        pCnt          % Rejected Changes
*H                                                                                                 trn      rot      lat      swp
*M   1  1.57e-02  -1.056e+00  +0.000e+00     81.94   2.410e-01    1.245     0.609   4.190e+01    98.81     0.00    60.02     0.00
*M   2  1.57e-02  -1.117e+00  +0.000e+00     63.01   2.392e-01    1.505     0.570   6.365e+00    99.46     0.00    65.00     0.00
*M   3  1.53e-02  -1.101e+00  +0.000e+00     59.96   2.209e-01    1.566     0.428   5.100e+00    99.27     0.00    58.92     0.00
*M   4  1.44e-02  -1.069e+00  +0.000e+00     77.03   2.242e-01    2.034     0.394   5.642e+00    99.10     0.00    63.96     0.00
*M   5  1.28e-02  -1.173e+00  +0.000e+00     53.08   2.367e-01    1.628     0.447   6.646e+00    99.48     0.00    69.83     0.00
*M   6  1.06e-02  -1.160e+00  +0.000e+00     49.21   3.009e-01    1.768     0.526   3.009e+00    99.92     0.00    78.50     0.00
*M   7  7.91e-03  -1.175e+00  +0.000e+00     51.28   2.871e-01    1.982     0.452   5.257e+00    99.88     0.00    81.60     0.00
*M   8  5.28e-03  -1.183e+00  +0.000e+00     50.38   3.258e-01    1.654     0.463   3.212e+00    99.98     0.00    88.31     0.00
*M   9  3.08e-03  -1.198e+00  +0.000e+00     48.87   3.412e-01    1.703     0.466   3.321e+00   100.00     0.00    94.00     0.00
*M  10  1.55e-03  -1.201e+00  +0.000e+00     48.54   3.489e-01    1.726     0.470   5.084e+00   100.00     0.00    97.00     0.00
*
**********************************************************************
*
*
*          - Parameters at Post Ewald-Metro -
*
* Lattice parameters:
*
*             lat a  =    3.8355
*             lat b  =    4.0713
*             lat c  =    6.6198
*             alpha  =   74.4393
*             beta   =   33.5991
*             gamma  =   61.5842
*          cell vol  =   48.5371
*          cv/ortho  =    0.4695
*
* Energies:
*               ecc  = -1.2011e+00
*               eng  =  0.0000e+00
*
*
* Geometry:
*
*      packing frac  =    0.5366
*      aspect ratio  =    1.7259
*
* (dE/dV):
*                Px  =  4.8386e-03                    x-dir
*                Py  =  9.5778e-03                    y-dir
*                Pz  =  1.0330e-02                    z-dir
*
* Distances (PBC only):
*                                 min           hard           diff
*           ca1_ca1  =   1.000000e+06   2.320000e+00   9.999977e+05
*           ca1_ca2  =   1.000000e+06   1.160000e+00   9.999988e+05
*           ca1_ac1  =   2.830971e+00   2.830000e+00   9.710984e-04
*           ca1_av1  =   1.000000e+06  -1.000000e+00   1.000001e+06
*           ca1_ac2  =   1.000000e+06  -1.000000e+00   1.000001e+06
*           ca1_av2  =   1.000000e+06  -1.000000e+00   1.000001e+06
*           ca2_ca2  =   1.000000e+06   0.000000e+00   1.000000e+06
*           ca2_ac1  =   1.000000e+06   1.670000e+00   9.999983e+05
*           ca2_av1  =   1.000000e+06  -1.000000e+00   1.000001e+06
*           ca2_ac2  =   1.000000e+06  -1.000000e+00   1.000001e+06
*           ca2_av2  =   1.000000e+06  -1.000000e+00   1.000001e+06
*           ac1_ac1  =   1.000000e+06   3.340000e+00   9.999967e+05
*           ac1_av1  =   1.000000e+06  -1.000000e+00   1.000001e+06
*           ac1_ac2  =   1.000000e+06  -1.000000e+00   1.000001e+06
*           ac1_av2  =   1.000000e+06  -1.000000e+00   1.000001e+06
*           av1_av1  =   1.000000e+06  -1.000000e+00   1.000001e+06
*           av1_av2  =   1.000000e+06  -1.000000e+00   1.000001e+06
*           av2_av2  =   1.000000e+06  -1.000000e+00   1.000001e+06
*
*
*
**********************************************************************
*
*         - Comparing with 'best' structure -
*
****************************************************************
*
*          best ecc  = -1.2025e+00
*          best eng  =  0.0000e+00
*           ecc+eng  = -1.2025e+00
*          best vol  =  4.8548e+01
*           best pf  =  5.3653e-01
*
*     post_runs ecc  = -1.2011e+00
*     post_runs eng  =  0.0000e+00
*           ecc+eng  = -1.2011e+00
*     post_runs vol  =  4.8537e+01
*      post_runs pf  =  5.3665e-01
*
*       dV / V_runs  =  2.1670e-04
*
*          ecc_diff  = -1.4027e-03
*          eng_diff  =  0.0000e+00
*
*
****************************************************************
*
*  mag_ecc_diff > mag_eng_diff AND within BEST_VOL AND
* 'best' has lower energy than post runs! --> swapping.
*
****************************************************************
*
*
*          - Parameters at Post 'best-swap' -
*
* Lattice parameters:
*
*             lat a  =    4.0103
*             lat b  =    4.2585
*             lat c  =    6.5758
*             alpha  =   71.8386
*             beta   =   32.1060
*             gamma  =   58.3256
*          cell vol  =   48.5476
*          cv/ortho  =    0.4323
*
* Energies:
*               ecc  = -1.2025e+00
*               eng  =  0.0000e+00
*
*
* Geometry:
*
*      packing frac  =    0.5365
*      aspect ratio  =    1.6397
*
* (dE/dV):
*                Px  =  7.4012e-03                    x-dir
*                Py  =  1.0685e-02                    y-dir
*                Pz  =  6.6831e-03                    z-dir
*
* Distances (PBC only):
*                                 min           hard           diff
*           ca1_ca1  =   1.000000e+06   2.320000e+00   9.999977e+05
*           ca1_ca2  =   1.000000e+06   1.160000e+00   9.999988e+05
*           ca1_ac1  =   2.843456e+00   2.830000e+00   1.345582e-02
*           ca1_av1  =   1.000000e+06  -1.000000e+00   1.000001e+06
*           ca1_ac2  =   1.000000e+06  -1.000000e+00   1.000001e+06
*           ca1_av2  =   1.000000e+06  -1.000000e+00   1.000001e+06
*           ca2_ca2  =   1.000000e+06   0.000000e+00   1.000000e+06
*           ca2_ac1  =   1.000000e+06   1.670000e+00   9.999983e+05
*           ca2_av1  =   1.000000e+06  -1.000000e+00   1.000001e+06
*           ca2_ac2  =   1.000000e+06  -1.000000e+00   1.000001e+06
*           ca2_av2  =   1.000000e+06  -1.000000e+00   1.000001e+06
*           ac1_ac1  =   1.000000e+06   3.340000e+00   9.999967e+05
*           ac1_av1  =   1.000000e+06  -1.000000e+00   1.000001e+06
*           ac1_ac2  =   1.000000e+06  -1.000000e+00   1.000001e+06
*           ac1_av2  =   1.000000e+06  -1.000000e+00   1.000001e+06
*           av1_av1  =   1.000000e+06  -1.000000e+00   1.000001e+06
*           av1_av2  =   1.000000e+06  -1.000000e+00   1.000001e+06
*           av2_av2  =   1.000000e+06  -1.000000e+00   1.000001e+06
*
*
*
**********************************************************************
*
*         - Final Simplex relaxation with restarts -
*
**********************************************************************
*
*
****************************************************************
*
*
*        - Simplex Minimiziation Routine -
*
*
* Note: No aspect ratio constraint.
*
*
*            n_simp  =        15                   D.O.F.
*         simp_nmax  =      4500                max moves
*       simp_errlim  =  1.00e-08
*
*
*         - Initializing simplex arrays -
*
*
*      nfunk           rtol        pf        ar     ortho             e_ion              e_ss             e_tot
*X        11     1.4984e+00   0.53653   1.63972   0.43230    -1.2025102e+00     0.0000000e+00    -1.2025102e+00
*X      2000     1.6624e-05   0.55706   1.66324   0.38714    -1.2192821e+00     0.0000000e+00    -1.2192821e+00
*
*         simp_runs  =      3662               simp moves
*              rtol  =  9.97e-09               final rtol
*
* Simplex restart no. 1 of 10
*
*         - Initializing simplex arrays -
*
*
*      nfunk           rtol        pf        ar     ortho             e_ion              e_ss             e_tot
*X        11     1.5118e+00   0.55758   1.72835   0.37979    -1.2198843e+00     0.0000000e+00    -1.2198843e+00
*X      2001     3.3820e-07   0.57817   1.71931   0.36815    -1.2310505e+00     0.0000000e+00    -1.2310505e+00
*
*         simp_runs  =      3115               simp moves
*              rtol  =  9.87e-09               final rtol
*
* Simplex restart no. 2 of 10
*
*         - Initializing simplex arrays -
*
*
*      nfunk           rtol        pf        ar     ortho             e_ion              e_ss             e_tot
*X        11     1.5700e+00   0.57821   1.71906   0.36811    -1.2310629e+00     0.0000000e+00    -1.2310629e+00
*
*         simp_runs  =      1486               simp moves
*              rtol  =  9.86e-09               final rtol
*
* Simplex restart no. 3 of 10
*
*         - Initializing simplex arrays -
*
*
*      nfunk           rtol        pf        ar     ortho             e_ion              e_ss             e_tot
*X        11     1.5697e+00   0.57838   1.71961   0.36829    -1.2312625e+00     0.0000000e+00    -1.2312625e+00
*
*         simp_runs  =      1855               simp moves
*              rtol  =  9.68e-09               final rtol
*
* Simplex restart no. 4 of 10
*
*         - Initializing simplex arrays -
*
*
*      nfunk           rtol        pf        ar     ortho             e_ion              e_ss             e_tot
*X        11     1.5659e+00   0.57873   1.72200   0.36816    -1.2315486e+00     0.0000000e+00    -1.2315486e+00
*
*         simp_runs  =      1274               simp moves
*              rtol  =  9.53e-09               final rtol
*
* Simplex restart no. 5 of 10
*
*         - Initializing simplex arrays -
*
*
*      nfunk           rtol        pf        ar     ortho             e_ion              e_ss             e_tot
*X        11     1.5681e+00   0.57877   1.72330   0.36818    -1.2315873e+00     0.0000000e+00    -1.2315873e+00
*
*         simp_runs  =      1693               simp moves
*              rtol  =  9.28e-09               final rtol
*
* Simplex restart no. 6 of 10
*
*         - Initializing simplex arrays -
*
*
*      nfunk           rtol        pf        ar     ortho             e_ion              e_ss             e_tot
*X        11     1.5680e+00   0.57879   1.72321   0.36817    -1.2315999e+00     0.0000000e+00    -1.2315999e+00
*
*         simp_runs  =       909               simp moves
*              rtol  =  9.66e-09               final rtol
*
* Simplex restart no. 7 of 10
*
*         - Initializing simplex arrays -
*
*
*      nfunk           rtol        pf        ar     ortho             e_ion              e_ss             e_tot
*X        11     1.5681e+00   0.57879   1.72322   0.36817    -1.2316004e+00     0.0000000e+00    -1.2316004e+00
*
*         simp_runs  =       953               simp moves
*              rtol  =  8.65e-09               final rtol
*
* Simplex restart no. 8 of 10
*
*         - Initializing simplex arrays -
*
*
*      nfunk           rtol        pf        ar     ortho             e_ion              e_ss             e_tot
*X        11     1.5681e+00   0.57879   1.72322   0.36817    -1.2316006e+00     0.0000000e+00    -1.2316006e+00
*
*         simp_runs  =       845               simp moves
*              rtol  =  9.90e-09               final rtol
*
* Simplex restart no. 9 of 10
*
*         - Initializing simplex arrays -
*
*
*      nfunk           rtol        pf        ar     ortho             e_ion              e_ss             e_tot
*X        11     1.5681e+00   0.57879   1.72322   0.36817    -1.2316006e+00     0.0000000e+00    -1.2316006e+00
*
*         simp_runs  =       823               simp moves
*              rtol  =  8.08e-09               final rtol
*
* Simplex restart no. 10 of 10
*
*         - Initializing simplex arrays -
*
*
*      nfunk           rtol        pf        ar     ortho             e_ion              e_ss             e_tot
*X        11     1.5681e+00   0.57879   1.72322   0.36817    -1.2316006e+00     0.0000000e+00    -1.2316006e+00
*
*         simp_runs  =       837               simp moves
*              rtol  =  9.23e-09               final rtol
*
****************************************************************
*
*          - Parameters at Post Simplex -
*
* Lattice parameters:
*
*             lat a  =    4.2080
*             lat b  =    4.1057
*             lat c  =    7.0750
*             alpha  =   71.6971
*             beta   =   27.9781
*             gamma  =   58.1295
*          cell vol  =   45.0033
*          cv/ortho  =    0.3682
*
* Energies:
*               ecc  = -1.2316e+00
*               eng  =  0.0000e+00
*
*
* Geometry:
*
*      packing frac  =    0.5788
*      aspect ratio  =    1.7232
*
* (dE/dV):
*                Px  =  1.0000e+04                    x-dir
*                Py  =  9.1629e-03                    y-dir
*                Pz  =  1.0000e+04                    z-dir
*
* Distances (PBC only):
*                                 min           hard           diff
*           ca1_ca1  =   1.000000e+06   2.320000e+00   9.999977e+05
*           ca1_ca2  =   1.000000e+06   1.160000e+00   9.999988e+05
*           ca1_ac1  =   2.830000e+00   2.830000e+00   2.745633e-08
*           ca1_av1  =   1.000000e+06  -1.000000e+00   1.000001e+06
*           ca1_ac2  =   1.000000e+06  -1.000000e+00   1.000001e+06
*           ca1_av2  =   1.000000e+06  -1.000000e+00   1.000001e+06
*           ca2_ca2  =   1.000000e+06   0.000000e+00   1.000000e+06
*           ca2_ac1  =   1.000000e+06   1.670000e+00   9.999983e+05
*           ca2_av1  =   1.000000e+06  -1.000000e+00   1.000001e+06
*           ca2_ac2  =   1.000000e+06  -1.000000e+00   1.000001e+06
*           ca2_av2  =   1.000000e+06  -1.000000e+00   1.000001e+06
*           ac1_ac1  =   1.000000e+06   3.340000e+00   9.999967e+05
*           ac1_av1  =   1.000000e+06  -1.000000e+00   1.000001e+06
*           ac1_ac2  =   1.000000e+06  -1.000000e+00   1.000001e+06
*           ac1_av2  =   1.000000e+06  -1.000000e+00   1.000001e+06
*           av1_av1  =   1.000000e+06  -1.000000e+00   1.000001e+06
*           av1_av2  =   1.000000e+06  -1.000000e+00   1.000001e+06
*           av2_av2  =   1.000000e+06  -1.000000e+00   1.000001e+06
*
*
***********************************************************
*        - Process and timing information -
*
* user time:   0 h 00 m 14.010345 s
* syst time:   0 h 00 m 00.017000 s
* signals: 0
* voluntary context switches: 8
* involuntary context switches: 14
*
***********************************************************
*SS symsearch output
*SS ( use:  | awk '($1=="*S"){print $0}' | sed 's/*S //' > temp.out )
*S Title
*S 1                 search type
*S 5.0 0.00001       displacement rms max min
*S 0.1 0.00001       strain rms max min
*S 1                 lattice input type
*S      4.20804     0.00000     0.00000
*S      2.16782     3.48675     0.00000
*S      6.24815    -1.26840     3.06722
*S 1 0 0
*S 0 1 0
*S 0 0 1
*S 2                 number of atoms
*S 11 0
*S      0.88248     0.75058     0.88322
*S      0.38252     0.25057     0.38321
*FF findsym output
*FF ( use:  | awk '($1=="*F"){print $0}' | sed 's/*F //' > temp.out )
*F Title
*F 0.001       displacement rms max min
*F 1                 lattice input type
*F      4.20804     0.00000     0.00000
*F      2.16782     3.48675     0.00000
*F      6.24815    -1.26840     3.06722
*F 1               basis vector in type
*F 1 0 0
*F 0 1 0
*F 0 0 1
*F 2                 number of atoms
*F 11 0
*F      0.88248     0.75058     0.88322
*F      0.38252     0.25057     0.38321
*DD powder output
*DD (use: | awk '($1=="*D"){print $0}' | sed 's/*D //' > temp.out )
*D 2
*D      4.20804     4.10571     7.07503
*D     71.69708    27.97810    58.12948
*D      0.88248     0.75058     0.88322        11
*D      0.38252     0.25057     0.38321         0
*PP poscar output
*PP (use: | awk '($1=="*P"){print $0}' | sed 's/*P //' > temp.out )
*P Z: 11 17 
*P 1.0 
*P      4.20803545     0.00000000     0.00000000
*P      2.16782028     3.48674697     0.00000000
*P      6.24815118    -1.26840412     3.06721861
*P 1 1 0 
*P Direct
*P       0.882478926723      0.750584436555      0.883221186168
*P       0.382519782160      0.250570318014      0.383206425827
*QQ poscar output
*QQ (use: | awk '($1=="*Q"){print $0}' | sed 's/*Q //' > temp.out )
*Q +1.000000000000 -1.000000000000 
*Q 1.0 
*Q      4.20803545     0.00000000     0.00000000
*Q      2.16782028     3.48674697     0.00000000
*Q      6.24815118    -1.26840412     3.06721861
*Q 1 1 0 
*Q Direct
*Q       0.882478926723      0.750584436555      0.883221186168
*Q       0.382519782160      0.250570318014      0.383206425827
*RR restart output
*RR (use: | awk '($1=="*R"){print $0}' | sed 's/*R //' > temp.out )
*R     4.208035446185    4.105709343161    7.075031598271
*R     1.251350149613    0.488309983011    1.014550877097
*R      1
*R      1     1
*R   -1.000000000000000   0.000000000000000
*R     0.000000000000    1.670000000000    0.000000000000    17     0
*R      1
*R      1   1.000000000000000
*R     1.160000000000    11
*R     0.882478926723    0.750584436555    0.883221186168
*R     0.382519782160    0.250570318014    0.383206425827
* XBS output
* CATION:
atom C    10.859134259    1.496816622    2.709032459
spec C     1.160000000    1.000000000    0.000000000    0.000000000
* ANION:
atom A     4.547179899    0.387614689    1.175377881
spec A     1.670000000    0.000000000    0.000000000    1.000000000
spec V     0.000000000    0.000000000    1.000000000    0.000000000
bonds A V  0.000000000    0.000000000    0.010000000    Black
* CELL PARAMETERS AND BORDER
atom 0    0.00000   0.00000   0.00000
atom 1    4.20804   0.00000   0.00000
atom 2    6.37586   3.48675   0.00000
atom 3    2.16782   3.48675   0.00000
atom 4    6.24815  -1.26840   3.06722
atom 5   10.45619  -1.26840   3.06722
atom 6   12.62401   2.21834   3.06722
atom 7    8.41597   2.21834   3.06722
spec 0     0.050000000    0.000000000    0.000000000    0.000000000
spec 1     0.050000000    0.000000000    0.000000000    0.000000000
spec 2     0.050000000    0.000000000    0.000000000    0.000000000
spec 3     0.050000000    0.000000000    0.000000000    0.000000000
spec 4     0.050000000    0.000000000    0.000000000    0.000000000
spec 5     0.050000000    0.000000000    0.000000000    0.000000000
spec 6     0.050000000    0.000000000    0.000000000    0.000000000
spec 7     0.050000000    0.000000000    0.000000000    0.000000000
bonds 0 1  4.203827411    4.212243482    0.010000000    Black
bonds 3 2  4.203827411    4.212243482    0.010000000    Black
bonds 4 5  4.203827411    4.212243482    0.010000000    Black
bonds 6 7  4.203827411    4.212243482    0.010000000    Black
bonds 1 2  4.101603634    4.109815053    0.010000000    Black
bonds 0 3  4.101603634    4.109815053    0.010000000    Black
bonds 5 6  4.101603634    4.109815053    0.010000000    Black
bonds 4 7  4.101603634    4.109815053    0.010000000    Black
bonds 0 4  7.067956567    7.082106630    0.010000000    Black
bonds 1 5  7.067956567    7.082106630    0.010000000    Black
bonds 2 6  7.067956567    7.082106630    0.010000000    Black
bonds 3 7  7.067956567    7.082106630    0.010000000    Black
inc 5.000000
dup    4.20804   0.00000   0.00000
dup    2.16782   3.48675   0.00000
dup    6.24815  -1.26840   3.06722
