*************************************************
*	pack	(version 4.12.0.5)
*	Eric Majzoub
*	Sandia National Laboratories
*************************************************
*  Source file: main.c
*  Compile date: Dec 27 2012
*  Compile time: 17:19:04
*  commandline = /projects/e20438/bin/pack-4.12.0.5/pack_exe -f ../../NaCl_pegs.in -P -R -r 400 -t 10 -g 9529 
*  input file = ../../NaCl_pegs.in
**********************************************************************
**********************************************************************
**********************************************************************
* 
*       - General run comments -
* 
* WARN: no Rotations in Metropolis (-R flag).
* WARN: all anionic charge on center atom (-P flag).
*
**********************************************************************
*           - Input parameters -
*
*           restart  =         0         1 = restart calc
*        autoadjust  =         1   automatically set temp
*          aa_using  =         1        1=rej pct, 2=pCnt
*         basin hop  =         0           number of hops
*     non_per_ewald  =         0          1=nanopart calc
*
*             lat a  =   10.0000
*             lat b  =   10.0000
*             lat c  =   10.0000
*             alpha  =    1.5708
*             beta   =    1.5708
*             gamma  =    1.5708
*          cell vol  = 1000.0000
*      sqsh vol pct  =    0.2000
* 
*          cell_min  =    1.6700              min lat vec
*          cell_max  =  167.0000              max lat vec
* 
*         n_type_an  =         1          num type anions
*            num_an  =         1           tot num anions
* 
*          num_an_1  =         1        num anions type 1
*        num_vert_1  =         1     1=sph 2=dim 5=tet...
*       an_chrg_c_1  =   -1.0000      anion center charge
*       an_chrg_v_1  =    0.0000      anion vertex charge
*     tot_an_chrg_1  =   -1.0000       total anion charge
*           Rcent_1  =    1.6700         anion center rad
*           Rvert_1  =    0.0000         anion vertex rad
*             cvd_1  =    0.0000        cent to vert dist
*           Zcent_1  =        17           anion center Z
*           Zvert_1  =         0           anion vertex Z
* 
*          num_an_2  =         0        num anions type 2
*        num_vert_2  =         0     1=sph 2=dim 5=tet...
*       an_chrg_c_2  =    0.0000      anion center charge
*       an_chrg_v_2  =    0.0000      anion vertex charge
*     tot_an_chrg_2  =    0.0000       total anion charge
*           Rcent_2  =    0.0000         anion center rad
*           Rvert_2  =    0.0000         anion vertex rad
*             cvd_2  =    0.0000        cent to vert dist
*           Zcent_2  =         0           anion center Z
*           Zvert_2  =         0           anion vertex Z
* 
*         n_type_ca  =         1            num type cats
*            num_ca  =         1          tot num cations
* 
*          num_ca_1  =         1        num cations typ 1
*         ca_chrg_1  =    1.0000        cation chrg typ 1
*            Rcat_1  =    1.1600         cation rad typ 1
*            Zcat_1  =        11           cation Z typ 1
* 
*            C2VTOL  =  1.00e-08            c2v tolerance
*            ERRLIM  =  1.00e-06
*       REP_EPSILON  =  1.00e+00        soft sphere repul
*    TRANS_FRAC_MAX  =    0.5000                    fixed
*    TRANS_FRAC_MIN  =    0.0200
*      MAX_ANG_CHNG  =    9.9695                  degrees
*    VOLUM_FRAC_MAX  =    0.0700
*         EXT_PRESS  =  0.00e+00        external pressure
*      SQSH_VOL_PCT  =    0.2000             min orth val
*        ASPECT_MAX  =   20.0000                cell parm
*            dplane  =    1.6700            min plane sep
*      SCALE_FACTOR  =    1.2500         bhop max scaling
* 
*            d.o.f.  =        12       degrees of freedom
*          runs/dof  =       400         loops per d.o.f.
*              runs  =      4800              loops per T
*               ncc  =     19200     config changes per T
*            t_runs  =        10           num temp steps
*             efunc  =         0               0=SS  1=LJ
*       N_HALT_CHNG  =        15      halts after N 100%s
*
*      anneal_sched  =         3   0=lin or exp(-run_n^n)
*         temp_init  =  1.00e+00             initial temp
*         temp_finl  =  1.00e-03               final temp
* 
*          trn_chng  =         1              0=off  1=on
*          rot_chng  =         0              0=off  1=on
*          lat_chng  =         1              0=off  1=on
*          swp_chng  =         1              0=off  1=on
* 
*     SIMP_RESTARTS  =        11     no. simplex restarts
*  SIMP_RESTARTS BH  =        21  basin hop simp restarts
*         SIMP_NMAX  =      4500        max simplex iters
*          SIMP_DEG  =    1.0000          anion start deg
*         SIMP_LAMB  =    0.0100        vertex start frac
*       SIMP_ERRLIM  =  1.00e-08              error limit
* 
*           aa runs  =      1200           config changes
*      aa runs_step  =        10   config change increase
*       aa runs_max  =      1500  max auto config changes
*         aa t_runs  =         3            num temp runs
*      aa temp_step  =    0.5000                temp step
* 
*        aa chng hi  =         3  1=trn 2=rot 3=lat 4=swp
*        aa chng lo  =         3  1=trn 2=rot 3=lat 4=swp
* 
*      aa ht_pct_hi  =     0.650             high rej pct
*      aa ht_pct_lo  =     0.600             low  rej pct
* 
*      aa lt_pct_hi  =     0.999             high rej pct
*      aa lt_pct_lo  =     0.950             low  rej pct
* 
*            tmpfile =                   PR19596-best.tmp
* 
* Checking for out of bounds fractional coords.
*
**********************************************************************
*
*          - Parameters at START -
*
* Lattice parameters:
*
*             lat a  =   10.0000
*             lat b  =   10.0000
*             lat c  =   10.0000
*             alpha  =   90.0000
*             beta   =   90.0000
*             gamma  =   90.0000
*          cell vol  = 1000.0000
*          cv/ortho  =    1.0000
*
* Energies:
*               ecc  = -6.8632e-01
*               eng  =  0.0000e+00
*
*
* Geometry:
*
*      packing frac  =    0.0260
*      aspect ratio  =    1.0000
*
* (dE/dV):
*                Px  =  3.8403e-04                    x-dir
*                Py  =  3.1876e-04                    y-dir
*                Pz  = -1.6472e-05                    z-dir
*
* Distances (PBC only):
*                                 min           hard           diff
*           ca1_ca1  =   1.000000e+06   2.320000e+00   9.999977e+05
*           ca1_ca2  =   1.000000e+06   1.160000e+00   9.999988e+05
*           ca1_ac1  =   3.086948e+00   2.830000e+00   2.569480e-01
*           ca1_av1  =   1.000000e+06  -1.000000e+00   1.000001e+06
*           ca1_ac2  =   1.000000e+06  -1.000000e+00   1.000001e+06
*           ca1_av2  =   1.000000e+06  -1.000000e+00   1.000001e+06
*           ca2_ca2  =   1.000000e+06   0.000000e+00   1.000000e+06
*           ca2_ac1  =   1.000000e+06   1.670000e+00   9.999983e+05
*           ca2_av1  =   1.000000e+06  -1.000000e+00   1.000001e+06
*           ca2_ac2  =   1.000000e+06  -1.000000e+00   1.000001e+06
*           ca2_av2  =   1.000000e+06  -1.000000e+00   1.000001e+06
*           ac1_ac1  =   1.000000e+06   3.340000e+00   9.999967e+05
*           ac1_av1  =   1.000000e+06  -1.000000e+00   1.000001e+06
*           ac1_ac2  =   1.000000e+06  -1.000000e+00   1.000001e+06
*           ac1_av2  =   1.000000e+06  -1.000000e+00   1.000001e+06
*           av1_av1  =   1.000000e+06  -1.000000e+00   1.000001e+06
*           av1_av2  =   1.000000e+06  -1.000000e+00   1.000001e+06
*           av2_av2  =   1.000000e+06  -1.000000e+00   1.000001e+06
*
*
*
**********************************************************************
*
* ------------------------------------------------------------
*              Autoadjust high temperatrure:
* ------------------------------------------------------------
*              Autoadjusting on 3 (1=trn,2=rot,3=lat,4=swp)
*
**********************************************************************
*
*                 -- Autoadjust Metropolis Run --
*
*   autoadjust_temp_init  =  1.0000e+00
*   autoadjust_temp_step  =  5.0000e-01
*        autoadjust_runs  =        1200         configs per temp
*       autoadjust_count  =           1
*
**********************************************************************
*
* Metropolis: 3 temperature runs with these parameters:
*
*              runs  =      1200              loops per T
*               T_0  = 1.000e+00             initial temp
*               T_L  = 1.000e+00               final temp
*           T_alpha  = 8.000e+09          annealing alpha
*
*            T = T_0 * exp( -run_num**3 / T_alpha )
*
**********************************************************************
*H run      Temp       E_ion        E_ss   cel vol       SigPF       ar     ortho        pCnt          % Rejected Changes
*H                                                                                                 trn      rot      lat      swp
*T   1  1.00e+00  -4.321e-01  +0.000e+00    600.02   3.161e-02    1.773     0.885   3.499e-02    19.00     0.00     1.00     0.00
*T   2  1.00e+00  -4.918e-01  +0.000e+00    990.17   5.865e-02    1.763     0.722   8.516e-02    29.08     0.00     3.83     0.00
*T   3  1.00e+00  -7.933e-01  +0.000e+00    198.24   3.601e-02    1.711     0.312   4.932e-02    17.92     0.00     2.00     0.00
*
**********************************************************************
*
*                 -- AUTOADJUST [1] OUT --
*
*     target: lo % = 60.000000      hi % = 65.000000
*     Autoadjust % =  2.000000
*     Autoadjust: Lowering the temperature 5.000e-01 [a.u.]
*
**********************************************************************
*
*                 -- Autoadjust Metropolis Run --
*
*   autoadjust_temp_init  =  5.0000e-01
*   autoadjust_temp_step  =  5.0000e-01
*        autoadjust_runs  =        1210         configs per temp
*       autoadjust_count  =           2
*
**********************************************************************
*
* Metropolis: 3 temperature runs with these parameters:
*
*              runs  =      1210              loops per T
*               T_0  = 5.000e-01             initial temp
*               T_L  = 4.995e-01               final temp
*           T_alpha  = 7.996e+03          annealing alpha
*
*            T = T_0 * exp( -run_num**3 / T_alpha )
*
**********************************************************************
*H run      Temp       E_ion        E_ss   cel vol       SigPF       ar     ortho        pCnt          % Rejected Changes
*H                                                                                                 trn      rot      lat      swp
*T   1  5.00e-01  -7.962e-01  +0.000e+00    215.54   4.530e-02    1.936     0.394   1.688e-01    42.73     0.00     4.38     0.00
*T   2  5.00e-01  -2.621e-01  +0.000e+00    350.77   4.394e-02    6.672     0.521   5.604e-01    40.17     0.00     6.36     0.00
*T   3  4.99e-01  -3.574e-01  +0.000e+00    628.14   2.531e-02    6.056     0.384   3.918e-01    32.40     0.00     3.22     0.00
*
**********************************************************************
*
*                 -- AUTOADJUST [2] OUT --
*
*     target: lo % = 60.000000      hi % = 65.000000
*     Autoadjust % =  3.223140
*     Autoadjust: special case: (T-Tstep) = 0.000e+00 [a.u.]
*     Autoadjust: special case: ===> drop temp step to: 2.250e-01 [a.u.]
*     Autoadjust: Lowering the temperature 2.250e-01 [a.u.]
*
**********************************************************************
*
*                 -- Autoadjust Metropolis Run --
*
*   autoadjust_temp_init  =  2.7500e-01
*   autoadjust_temp_step  =  2.2500e-01
*        autoadjust_runs  =        1220         configs per temp
*       autoadjust_count  =           3
*
**********************************************************************
*
* Metropolis: 3 temperature runs with these parameters:
*
*              runs  =      1220              loops per T
*               T_0  = 2.750e-01             initial temp
*               T_L  = 2.747e-01               final temp
*           T_alpha  = 7.996e+03          annealing alpha
*
*            T = T_0 * exp( -run_num**3 / T_alpha )
*
**********************************************************************
*H run      Temp       E_ion        E_ss   cel vol       SigPF       ar     ortho        pCnt          % Rejected Changes
*H                                                                                                 trn      rot      lat      swp
*T   1  2.75e-01  -9.196e-01  +0.000e+00    228.57   3.795e-02    3.409     0.534   6.839e-01    49.75     0.00     7.62     0.00
*T   2  2.75e-01  -1.905e-01  +0.000e+00   7282.73   4.182e-02    1.861     0.868   3.608e-01    38.93     0.00     5.25     0.00
*T   3  2.75e-01  -5.342e-01  +0.000e+00   1111.10   8.556e-03    2.699     0.573   4.808e-01    31.07     0.00     2.05     0.00
*
**********************************************************************
*
*                 -- AUTOADJUST [3] OUT --
*
*     target: lo % = 60.000000      hi % = 65.000000
*     Autoadjust % =  2.049180
*     Autoadjust: Lowering the temperature 2.250e-01 [a.u.]
*
**********************************************************************
*
*                 -- Autoadjust Metropolis Run --
*
*   autoadjust_temp_init  =  5.0000e-02
*   autoadjust_temp_step  =  2.2500e-01
*        autoadjust_runs  =        1230         configs per temp
*       autoadjust_count  =           4
*
**********************************************************************
*
* Metropolis: 3 temperature runs with these parameters:
*
*              runs  =      1230              loops per T
*               T_0  = 5.000e-02             initial temp
*               T_L  = 4.995e-02               final temp
*           T_alpha  = 7.996e+03          annealing alpha
*
*            T = T_0 * exp( -run_num**3 / T_alpha )
*
**********************************************************************
*H run      Temp       E_ion        E_ss   cel vol       SigPF       ar     ortho        pCnt          % Rejected Changes
*H                                                                                                 trn      rot      lat      swp
*T   1  5.00e-02  -9.758e-01  +0.000e+00     92.91   7.044e-02    2.400     0.407   3.966e+00    94.47     0.00    24.63     0.00
*T   2  5.00e-02  -1.032e+00  +0.000e+00     74.32   1.248e-01    1.556     0.679   2.491e+00    84.88     0.00    27.72     0.00
*T   3  5.00e-02  -7.380e-01  +0.000e+00    241.20   1.357e-01    2.487     0.260   5.561e+00    81.38     0.00    26.42     0.00
*
**********************************************************************
*
*                 -- AUTOADJUST [4] OUT --
*
*     target: lo % = 60.000000      hi % = 65.000000
*     Autoadjust % = 26.422764
*     Autoadjust: special case: (T-Tstep) = -1.750e-01 [a.u.]
*     Autoadjust: special case: ===> drop temp step to: 1.013e-01 [a.u.]
*     Autoadjust: special case: (T-Tstep) = -5.125e-02 [a.u.]
*     Autoadjust: special case: ===> drop temp step to: 4.556e-02 [a.u.]
*     Autoadjust: Lowering the temperature 4.556e-02 [a.u.]
*
**********************************************************************
*
*                 -- Autoadjust Metropolis Run --
*
*   autoadjust_temp_init  =  4.4375e-03
*   autoadjust_temp_step  =  4.5563e-02
*        autoadjust_runs  =        1240         configs per temp
*       autoadjust_count  =           5
*
**********************************************************************
*
* Metropolis: 3 temperature runs with these parameters:
*
*              runs  =      1240              loops per T
*               T_0  = 4.438e-03             initial temp
*               T_L  = 4.433e-03               final temp
*           T_alpha  = 7.996e+03          annealing alpha
*
*            T = T_0 * exp( -run_num**3 / T_alpha )
*
**********************************************************************
*H run      Temp       E_ion        E_ss   cel vol       SigPF       ar     ortho        pCnt          % Rejected Changes
*H                                                                                                 trn      rot      lat      swp
*T   1  4.44e-03  -1.041e+00  +0.000e+00     96.94   1.396e-01    1.566     0.303   1.933e+02    98.79     0.00    77.26     0.00
*T   2  4.44e-03  -1.072e+00  +0.000e+00     90.73   1.800e-01    1.619     0.328   4.887e+00   100.00     0.00    88.71     0.00
*T   3  4.43e-03  -1.068e+00  +0.000e+00     92.82   1.727e-01    1.841     0.351   7.800e+00   100.00     0.00    87.66     0.00
*
**********************************************************************
*
*                 -- AUTOADJUST [5] OUT --
*
*     target: lo % = 60.000000      hi % = 65.000000
*     Autoadjust % = 87.661290
*     Autoadjust: overshot! drop temp step to: 2.050e-02 [a.u.]
*     Autoadjust: Raising the temperature 2.050e-02 [a.u.]
*
**********************************************************************
*
*                 -- Autoadjust Metropolis Run --
*
*   autoadjust_temp_init  =  2.4941e-02
*   autoadjust_temp_step  =  2.0503e-02
*        autoadjust_runs  =        1250         configs per temp
*       autoadjust_count  =           6
*
**********************************************************************
*
* Metropolis: 3 temperature runs with these parameters:
*
*              runs  =      1250              loops per T
*               T_0  = 2.494e-02             initial temp
*               T_L  = 2.492e-02               final temp
*           T_alpha  = 7.996e+03          annealing alpha
*
*            T = T_0 * exp( -run_num**3 / T_alpha )
*
**********************************************************************
*H run      Temp       E_ion        E_ss   cel vol       SigPF       ar     ortho        pCnt          % Rejected Changes
*H                                                                                                 trn      rot      lat      swp
*T   1  2.49e-02  -9.034e-01  +0.000e+00    115.49   1.462e-01    2.027     0.387   3.775e+00    94.80     0.00    46.56     0.00
*T   2  2.49e-02  -9.264e-01  +0.000e+00     85.77   1.304e-01    2.165     0.461   4.166e+00    94.08     0.00    43.76     0.00
*T   3  2.49e-02  -1.151e+00  +0.000e+00     60.53   2.014e-01    1.545     0.368   6.265e+00    98.16     0.00    53.68     0.00
*
**********************************************************************
*
*                 -- AUTOADJUST [6] OUT --
*
*     target: lo % = 60.000000      hi % = 65.000000
*     Autoadjust % = 53.680000
*     Autoadjust: overshot! drop temp step to: 9.226e-03 [a.u.]
*     Autoadjust: Lowering the temperature 9.226e-03 [a.u.]
*
**********************************************************************
*
*                 -- Autoadjust Metropolis Run --
*
*   autoadjust_temp_init  =  1.5714e-02
*   autoadjust_temp_step  =  9.2264e-03
*        autoadjust_runs  =        1260         configs per temp
*       autoadjust_count  =           7
*
**********************************************************************
*
* Metropolis: 3 temperature runs with these parameters:
*
*              runs  =      1260              loops per T
*               T_0  = 1.571e-02             initial temp
*               T_L  = 1.570e-02               final temp
*           T_alpha  = 7.996e+03          annealing alpha
*
*            T = T_0 * exp( -run_num**3 / T_alpha )
*
**********************************************************************
*H run      Temp       E_ion        E_ss   cel vol       SigPF       ar     ortho        pCnt          % Rejected Changes
*H                                                                                                 trn      rot      lat      swp
*T   1  1.57e-02  -1.096e+00  +0.000e+00     71.01   2.336e-01    1.517     0.540   3.309e+00    99.92     0.00    69.37     0.00
*T   2  1.57e-02  -1.103e+00  +0.000e+00     60.70   2.058e-01    1.846     0.513   3.702e+00    98.89     0.00    66.90     0.00
*T   3  1.57e-02  -1.056e+00  +0.000e+00     79.47   2.143e-01    1.988     0.414   3.437e+00    99.52     0.00    60.63     0.00
*
**********************************************************************
*
*                 -- AUTOADJUST [7] OUT --
*
*     target: lo % = 60.000000      hi % = 65.000000
*     Autoadjust % = 60.634921
*     Autoadjust: temp = 1.571e-02  is good!  Exiting autoadjust.
*
**********************************************************************
*
* ------------------------------------------------------------
*              Autoadjust low temperatrure:
* ------------------------------------------------------------
*              Autoadjusting on 3 (1=trn,2=rot,3=lat,4=swp)
*
**********************************************************************
*
*                 -- Autoadjust Metropolis Run --
*
*   autoadjust_temp_init  =  2.0000e-02
*   autoadjust_temp_step  =  5.0000e-01
*        autoadjust_runs  =        1200         configs per temp
*       autoadjust_count  =           1
*
**********************************************************************
*
* Metropolis: 3 temperature runs with these parameters:
*
*              runs  =      1200              loops per T
*               T_0  = 2.000e-02             initial temp
*               T_L  = 2.000e-02               final temp
*           T_alpha  = 1.600e+08          annealing alpha
*
*            T = T_0 * exp( -run_num**3 / T_alpha )
*
**********************************************************************
*H run      Temp       E_ion        E_ss   cel vol       SigPF       ar     ortho        pCnt          % Rejected Changes
*H                                                                                                 trn      rot      lat      swp
*T   1  2.00e-02  -1.110e+00  +0.000e+00     57.58   1.940e-01    2.138     0.435   3.340e+00    98.42     0.00    54.42     0.00
*T   2  2.00e-02  -1.018e+00  +0.000e+00     76.05   2.129e-01    1.715     0.599   2.175e+00    99.33     0.00    55.42     0.00
*T   3  2.00e-02  -1.081e+00  +0.000e+00     83.64   2.048e-01    1.453     0.857   4.259e+00    99.33     0.00    54.17     0.00
*
**********************************************************************
*
*                 -- AUTOADJUST [1] OUT --
*
*     target: lo % = 95.000000      hi % = 99.900000
*     Autoadjust % = 54.166667
*     Autoadjust: special case: (T-Tstep) = -4.800e-01 [a.u.]
*     Autoadjust: special case: ===> drop temp step to: 2.250e-01 [a.u.]
*     Autoadjust: special case: (T-Tstep) = -2.050e-01 [a.u.]
*     Autoadjust: special case: ===> drop temp step to: 1.013e-01 [a.u.]
*     Autoadjust: special case: (T-Tstep) = -8.125e-02 [a.u.]
*     Autoadjust: special case: ===> drop temp step to: 4.556e-02 [a.u.]
*     Autoadjust: special case: (T-Tstep) = -2.556e-02 [a.u.]
*     Autoadjust: special case: ===> drop temp step to: 2.050e-02 [a.u.]
*     Autoadjust: special case: (T-Tstep) = -5.031e-04 [a.u.]
*     Autoadjust: special case: ===> drop temp step to: 9.226e-03 [a.u.]
*     Autoadjust: Lowering the temperature 9.226e-03 [a.u.]
*
**********************************************************************
*
*                 -- Autoadjust Metropolis Run --
*
*   autoadjust_temp_init  =  1.0774e-02
*   autoadjust_temp_step  =  9.2264e-03
*        autoadjust_runs  =        1210         configs per temp
*       autoadjust_count  =           2
*
**********************************************************************
*
* Metropolis: 3 temperature runs with these parameters:
*
*              runs  =      1210              loops per T
*               T_0  = 1.077e-02             initial temp
*               T_L  = 1.076e-02               final temp
*           T_alpha  = 7.996e+03          annealing alpha
*
*            T = T_0 * exp( -run_num**3 / T_alpha )
*
**********************************************************************
*H run      Temp       E_ion        E_ss   cel vol       SigPF       ar     ortho        pCnt          % Rejected Changes
*H                                                                                                 trn      rot      lat      swp
*T   1  1.08e-02  -1.128e+00  +0.000e+00     59.14   2.504e-01    1.201     0.759   1.597e+01    99.83     0.00    66.86     0.00
*T   2  1.08e-02  -1.173e+00  +0.000e+00     51.11   3.045e-01    1.095     0.734   3.170e+00   100.00     0.00    77.77     0.00
*T   3  1.08e-02  -1.189e+00  +0.000e+00     50.66   3.006e-01    1.056     0.691   2.753e+00    99.92     0.00    76.69     0.00
*
**********************************************************************
*
*                 -- AUTOADJUST [2] OUT --
*
*     target: lo % = 95.000000      hi % = 99.900000
*     Autoadjust % = 76.694215
*     Autoadjust: Lowering the temperature 9.226e-03 [a.u.]
*
**********************************************************************
*
*                 -- Autoadjust Metropolis Run --
*
*   autoadjust_temp_init  =  1.5472e-03
*   autoadjust_temp_step  =  9.2264e-03
*        autoadjust_runs  =        1220         configs per temp
*       autoadjust_count  =           3
*
**********************************************************************
*
* Metropolis: 3 temperature runs with these parameters:
*
*              runs  =      1220              loops per T
*               T_0  = 1.547e-03             initial temp
*               T_L  = 1.546e-03               final temp
*           T_alpha  = 7.996e+03          annealing alpha
*
*            T = T_0 * exp( -run_num**3 / T_alpha )
*
**********************************************************************
*H run      Temp       E_ion        E_ss   cel vol       SigPF       ar     ortho        pCnt          % Rejected Changes
*H                                                                                                 trn      rot      lat      swp
*T   1  1.55e-03  -1.196e+00  +0.000e+00     49.55   3.454e-01    1.064     0.679   3.362e+02   100.00     0.00    95.08     0.00
*T   2  1.55e-03  -1.205e+00  +0.000e+00     48.49   3.504e-01    1.044     0.685   2.698e+00   100.00     0.00    96.64     0.00
*T   3  1.55e-03  -1.194e+00  +0.000e+00     50.33   3.435e-01    1.034     0.700   5.683e+00   100.00     0.00    94.34     0.00
*
**********************************************************************
*
*                 -- AUTOADJUST [3] OUT --
*
*     target: lo % = 95.000000      hi % = 99.900000
*     Autoadjust % = 94.344262
*     Autoadjust: special case: (T-Tstep) = -7.679e-03 [a.u.]
*     Autoadjust: special case: ===> drop temp step to: 4.152e-03 [a.u.]
*     Autoadjust: special case: (T-Tstep) = -2.605e-03 [a.u.]
*     Autoadjust: special case: ===> drop temp step to: 1.868e-03 [a.u.]
*     Autoadjust: special case: (T-Tstep) = -3.212e-04 [a.u.]
*     Autoadjust: special case: ===> drop temp step to: 8.408e-04 [a.u.]
*     Autoadjust: Lowering the temperature 8.408e-04 [a.u.]
*
**********************************************************************
*
*                 -- Autoadjust Metropolis Run --
*
*   autoadjust_temp_init  =  7.0643e-04
*   autoadjust_temp_step  =  8.4076e-04
*        autoadjust_runs  =        1230         configs per temp
*       autoadjust_count  =           4
*
**********************************************************************
*
* Metropolis: 3 temperature runs with these parameters:
*
*              runs  =      1230              loops per T
*               T_0  = 7.064e-04             initial temp
*               T_L  = 7.057e-04               final temp
*           T_alpha  = 7.996e+03          annealing alpha
*
*            T = T_0 * exp( -run_num**3 / T_alpha )
*
**********************************************************************
*H run      Temp       E_ion        E_ss   cel vol       SigPF       ar     ortho        pCnt          % Rejected Changes
*H                                                                                                 trn      rot      lat      swp
*T   1  7.06e-04  -1.208e+00  +0.000e+00     48.49   3.516e-01    1.031     0.693   8.007e+02   100.00     0.00    97.64     0.00
*T   2  7.06e-04  -1.208e+00  +0.000e+00     48.43   3.541e-01    1.036     0.691   3.128e+00   100.00     0.00    98.13     0.00
*T   3  7.06e-04  -1.204e+00  +0.000e+00     48.87   3.545e-01    1.042     0.691   2.061e+00   100.00     0.00    98.46     0.00
*
**********************************************************************
*
*                 -- AUTOADJUST [4] OUT --
*
*     target: lo % = 95.000000      hi % = 99.900000
*     Autoadjust % = 98.455285
*     Autoadjust: temp = 7.064e-04  is good!  Exiting autoadjust.
*
**********************************************************************
*
*
*          -- Initializing cell contents --
*
*
*
**********************************************************************
*
*            -- Starting Metropolis calculation --
*
*              temp_init  = 1.571e-02
*
**********************************************************************
*
* Metropolis: 10 temperature runs with these parameters:
*
*              runs  =      4800              loops per T
*               T_0  = 1.571e-02             initial temp
*               T_L  = 7.064e-04               final temp
*           T_alpha  = 2.350e+02          annealing alpha
*
*            T = T_0 * exp( -run_num**3 / T_alpha )
*
**********************************************************************
*H run      Temp       E_ion        E_ss   cel vol       SigPF       ar     ortho        pCnt          % Rejected Changes
*H                                                                                                 trn      rot      lat      swp
*M   1  1.57e-02  -1.105e+00  +0.000e+00     60.80   2.399e-01    1.283     0.592   1.539e+06    99.29     0.00    62.48     0.00
*M   2  1.56e-02  -1.074e+00  +0.000e+00     58.03   2.439e-01    1.423     0.708   3.753e+00    99.33     0.00    67.33     0.00
*M   3  1.52e-02  -1.050e+00  +0.000e+00     71.66   2.245e-01    1.021     0.913   6.419e+00    99.21     0.00    63.50     0.00
*M   4  1.40e-02  -1.030e+00  +0.000e+00     79.30   2.349e-01    1.983     0.429   5.886e+00    99.46     0.00    70.04     0.00
*M   5  1.20e-02  -1.106e+00  +0.000e+00     64.02   2.513e-01    1.871     0.415   6.526e+00    99.77     0.00    72.71     0.00
*M   6  9.23e-03  -1.099e+00  +0.000e+00     64.62   2.619e-01    1.927     0.470   4.336e+00    99.71     0.00    80.58     0.00
*M   7  6.27e-03  -1.133e+00  +0.000e+00     53.93   2.866e-01    2.221     0.465   4.447e+00    99.96     0.00    86.60     0.00
*M   8  3.65e-03  -1.156e+00  +0.000e+00     51.88   3.125e-01    2.036     0.493   5.864e+00    99.96     0.00    90.29     0.00
*M   9  1.78e-03  -1.162e+00  +0.000e+00     51.16   3.344e-01    2.084     0.482   2.303e+00   100.00     0.00    96.23     0.00
*M  10  7.06e-04  -1.166e+00  +0.000e+00     51.11   3.366e-01    2.060     0.482   1.475e+00   100.00     0.00    98.23     0.00
*
**********************************************************************
*
*
*          - Parameters at Post Ewald-Metro -
*
* Lattice parameters:
*
*             lat a  =    3.7753
*             lat b  =    3.6947
*             lat c  =    7.6100
*             alpha  =   91.4351
*             beta   =   33.9352
*             gamma  =  107.6291
*          cell vol  =   51.1148
*          cv/ortho  =    0.4815
*
* Energies:
*               ecc  = -1.1655e+00
*               eng  =  0.0000e+00
*
*
* Geometry:
*
*      packing frac  =    0.5096
*      aspect ratio  =    2.0597
*
* (dE/dV):
*                Px  =  5.2146e-03                    x-dir
*                Py  =  2.9335e-03                    y-dir
*                Pz  =  1.4654e-02                    z-dir
*
* Distances (PBC only):
*                                 min           hard           diff
*           ca1_ca1  =   1.000000e+06   2.320000e+00   9.999977e+05
*           ca1_ca2  =   1.000000e+06   1.160000e+00   9.999988e+05
*           ca1_ac1  =   2.871157e+00   2.830000e+00   4.115716e-02
*           ca1_av1  =   1.000000e+06  -1.000000e+00   1.000001e+06
*           ca1_ac2  =   1.000000e+06  -1.000000e+00   1.000001e+06
*           ca1_av2  =   1.000000e+06  -1.000000e+00   1.000001e+06
*           ca2_ca2  =   1.000000e+06   0.000000e+00   1.000000e+06
*           ca2_ac1  =   1.000000e+06   1.670000e+00   9.999983e+05
*           ca2_av1  =   1.000000e+06  -1.000000e+00   1.000001e+06
*           ca2_ac2  =   1.000000e+06  -1.000000e+00   1.000001e+06
*           ca2_av2  =   1.000000e+06  -1.000000e+00   1.000001e+06
*           ac1_ac1  =   1.000000e+06   3.340000e+00   9.999967e+05
*           ac1_av1  =   1.000000e+06  -1.000000e+00   1.000001e+06
*           ac1_ac2  =   1.000000e+06  -1.000000e+00   1.000001e+06
*           ac1_av2  =   1.000000e+06  -1.000000e+00   1.000001e+06
*           av1_av1  =   1.000000e+06  -1.000000e+00   1.000001e+06
*           av1_av2  =   1.000000e+06  -1.000000e+00   1.000001e+06
*           av2_av2  =   1.000000e+06  -1.000000e+00   1.000001e+06
*
*
*
**********************************************************************
*
*         - Comparing with 'best' structure -
*
****************************************************************
*
*          best ecc  = -1.2085e+00
*          best eng  =  0.0000e+00
*           ecc+eng  = -1.2085e+00
*          best vol  =  4.8406e+01
*           best pf  =  5.3811e-01
*
*     post_runs ecc  = -1.1655e+00
*     post_runs eng  =  0.0000e+00
*           ecc+eng  = -1.1655e+00
*     post_runs vol  =  5.1115e+01
*      post_runs pf  =  5.0959e-01
*
*       dV / V_runs  =  5.3001e-02
*
*          ecc_diff  = -4.2996e-02
*          eng_diff  =  0.0000e+00
*
*
****************************************************************
*
*  mag_ecc_diff > mag_eng_diff AND within BEST_VOL AND
* 'best' has lower energy than post runs! --> swapping.
*
****************************************************************
*
*
*          - Parameters at Post 'best-swap' -
*
* Lattice parameters:
*
*             lat a  =    4.1971
*             lat b  =    4.0606
*             lat c  =    4.1017
*             alpha  =   91.1893
*             beta   =   57.6272
*             gamma  =  119.6270
*          cell vol  =   48.4057
*          cv/ortho  =    0.6925
*
* Energies:
*               ecc  = -1.2085e+00
*               eng  =  0.0000e+00
*
*
* Geometry:
*
*      packing frac  =    0.5381
*      aspect ratio  =    1.0336
*
* (dE/dV):
*                Px  =  8.7074e-03                    x-dir
*                Py  =  8.2576e-03                    y-dir
*                Pz  =  8.0015e-03                    z-dir
*
* Distances (PBC only):
*                                 min           hard           diff
*           ca1_ca1  =   1.000000e+06   2.320000e+00   9.999977e+05
*           ca1_ca2  =   1.000000e+06   1.160000e+00   9.999988e+05
*           ca1_ac1  =   2.832556e+00   2.830000e+00   2.556158e-03
*           ca1_av1  =   1.000000e+06  -1.000000e+00   1.000001e+06
*           ca1_ac2  =   1.000000e+06  -1.000000e+00   1.000001e+06
*           ca1_av2  =   1.000000e+06  -1.000000e+00   1.000001e+06
*           ca2_ca2  =   1.000000e+06   0.000000e+00   1.000000e+06
*           ca2_ac1  =   1.000000e+06   1.670000e+00   9.999983e+05
*           ca2_av1  =   1.000000e+06  -1.000000e+00   1.000001e+06
*           ca2_ac2  =   1.000000e+06  -1.000000e+00   1.000001e+06
*           ca2_av2  =   1.000000e+06  -1.000000e+00   1.000001e+06
*           ac1_ac1  =   1.000000e+06   3.340000e+00   9.999967e+05
*           ac1_av1  =   1.000000e+06  -1.000000e+00   1.000001e+06
*           ac1_ac2  =   1.000000e+06  -1.000000e+00   1.000001e+06
*           ac1_av2  =   1.000000e+06  -1.000000e+00   1.000001e+06
*           av1_av1  =   1.000000e+06  -1.000000e+00   1.000001e+06
*           av1_av2  =   1.000000e+06  -1.000000e+00   1.000001e+06
*           av2_av2  =   1.000000e+06  -1.000000e+00   1.000001e+06
*
*
*
**********************************************************************
*
*         - Final Simplex relaxation with restarts -
*
**********************************************************************
*
*
****************************************************************
*
*
*        - Simplex Minimiziation Routine -
*
*
* Note: No aspect ratio constraint.
*
*
*            n_simp  =        15                   D.O.F.
*         simp_nmax  =      4500                max moves
*       simp_errlim  =  1.00e-08
*
*
*         - Initializing simplex arrays -
*
*
*      nfunk           rtol        pf        ar     ortho             e_ion              e_ss             e_tot
*X        11     1.4312e+00   0.53811   1.03359   0.69245    -1.2085210e+00     0.0000000e+00    -1.2085210e+00
*X      2001     4.4412e-08   0.56078   1.03364   0.68269    -1.2226971e+00     0.0000000e+00    -1.2226971e+00
*
*         simp_runs  =      2975               simp moves
*              rtol  =  9.07e-09               final rtol
*
* Simplex restart no. 1 of 10
*
*         - Initializing simplex arrays -
*
*
*      nfunk           rtol        pf        ar     ortho             e_ion              e_ss             e_tot
*X        11     1.4399e+00   0.56092   1.03271   0.68255    -1.2229010e+00     0.0000000e+00    -1.2229010e+00
*X      2001     3.5484e-07   0.56812   1.04235   0.68446    -1.2275939e+00     0.0000000e+00    -1.2275939e+00
*
*         simp_runs  =      3355               simp moves
*              rtol  =  9.46e-09               final rtol
*
* Simplex restart no. 2 of 10
*
*         - Initializing simplex arrays -
*
*
*      nfunk           rtol        pf        ar     ortho             e_ion              e_ss             e_tot
*X        12     1.4588e+00   0.56775   1.03845   0.68606    -1.2277196e+00     0.0000000e+00    -1.2277196e+00
*X      2001     1.1178e-07   0.56811   1.02420   0.69981    -1.2289803e+00     0.0000000e+00    -1.2289803e+00
*
*         simp_runs  =      3301               simp moves
*              rtol  =  9.64e-09               final rtol
*
* Simplex restart no. 3 of 10
*
*         - Initializing simplex arrays -
*
*
*      nfunk           rtol        pf        ar     ortho             e_ion              e_ss             e_tot
*X        11     1.3996e+00   0.56814   1.02444   0.70066    -1.2289961e+00     0.0000000e+00    -1.2289961e+00
*
*         simp_runs  =      1858               simp moves
*              rtol  =  9.40e-09               final rtol
*
* Simplex restart no. 4 of 10
*
*         - Initializing simplex arrays -
*
*
*      nfunk           rtol        pf        ar     ortho             e_ion              e_ss             e_tot
*X        11     1.4480e+00   0.57322   1.02997   0.70152    -1.2322185e+00     0.0000000e+00    -1.2322185e+00
*
*         simp_runs  =      1369               simp moves
*              rtol  =  9.81e-09               final rtol
*
* Simplex restart no. 5 of 10
*
*         - Initializing simplex arrays -
*
*
*      nfunk           rtol        pf        ar     ortho             e_ion              e_ss             e_tot
*X        12     1.4104e+00   0.57319   1.02646   0.70702    -1.2327998e+00     0.0000000e+00    -1.2327998e+00
*X      2000     1.3281e-06   0.57425   1.02517   0.70642    -1.2339323e+00     0.0000000e+00    -1.2339323e+00
*
*         simp_runs  =      3539               simp moves
*              rtol  =  9.92e-09               final rtol
*
* Simplex restart no. 6 of 10
*
*         - Initializing simplex arrays -
*
*
*      nfunk           rtol        pf        ar     ortho             e_ion              e_ss             e_tot
*X        12     1.4402e+00   0.57454   1.02313   0.70594    -1.2343150e+00     0.0000000e+00    -1.2343150e+00
*
*         simp_runs  =      1379               simp moves
*              rtol  =  9.62e-09               final rtol
*
* Simplex restart no. 7 of 10
*
*         - Initializing simplex arrays -
*
*
*      nfunk           rtol        pf        ar     ortho             e_ion              e_ss             e_tot
*X        11     1.4382e+00   0.57463   1.02299   0.70585    -1.2343979e+00     0.0000000e+00    -1.2343979e+00
*X      2001     3.1806e-08   0.57493   1.02488   0.70602    -1.2344818e+00     0.0000000e+00    -1.2344818e+00
*
*         simp_runs  =      2144               simp moves
*              rtol  =  9.87e-09               final rtol
*
* Simplex restart no. 8 of 10
*
*         - Initializing simplex arrays -
*
*
*      nfunk           rtol        pf        ar     ortho             e_ion              e_ss             e_tot
*X        11     1.4430e+00   0.57493   1.02488   0.70602    -1.2344820e+00     0.0000000e+00    -1.2344820e+00
*X      2000     2.1734e-08   0.57446   1.01850   0.70419    -1.2346508e+00     0.0000000e+00    -1.2346508e+00
*
*         simp_runs  =      2152               simp moves
*              rtol  =  9.98e-09               final rtol
*
* Simplex restart no. 9 of 10
*
*         - Initializing simplex arrays -
*
*
*      nfunk           rtol        pf        ar     ortho             e_ion              e_ss             e_tot
*X        11     1.4434e+00   0.57446   1.01850   0.70419    -1.2346509e+00     0.0000000e+00    -1.2346509e+00
*
*         simp_runs  =      1223               simp moves
*              rtol  =  9.34e-09               final rtol
*
* Simplex restart no. 10 of 10
*
*         - Initializing simplex arrays -
*
*
*      nfunk           rtol        pf        ar     ortho             e_ion              e_ss             e_tot
*X        11     1.4435e+00   0.57446   1.01850   0.70419    -1.2346531e+00     0.0000000e+00    -1.2346531e+00
*
*         simp_runs  =       838               simp moves
*              rtol  =  9.52e-09               final rtol
*
****************************************************************
*
*          - Parameters at Post Simplex -
*
* Lattice parameters:
*
*             lat a  =    4.0192
*             lat b  =    4.0394
*             lat c  =    3.9660
*             alpha  =   89.9809
*             beta   =   59.7166
*             gamma  =  119.9774
*          cell vol  =   45.3423
*          cv/ortho  =    0.7042
*
* Energies:
*               ecc  = -1.2347e+00
*               eng  =  0.0000e+00
*
*
* Geometry:
*
*      packing frac  =    0.5745
*      aspect ratio  =    1.0185
*
* (dE/dV):
*                Px  =  9.2341e-03                    x-dir
*                Py  =  9.4934e-03                    y-dir
*                Pz  =  8.5021e-03                    z-dir
*
* Distances (PBC only):
*                                 min           hard           diff
*           ca1_ca1  =   1.000000e+06   2.320000e+00   9.999977e+05
*           ca1_ca2  =   1.000000e+06   1.160000e+00   9.999988e+05
*           ca1_ac1  =   2.830000e+00   2.830000e+00   4.477149e-08
*           ca1_av1  =   1.000000e+06  -1.000000e+00   1.000001e+06
*           ca1_ac2  =   1.000000e+06  -1.000000e+00   1.000001e+06
*           ca1_av2  =   1.000000e+06  -1.000000e+00   1.000001e+06
*           ca2_ca2  =   1.000000e+06   0.000000e+00   1.000000e+06
*           ca2_ac1  =   1.000000e+06   1.670000e+00   9.999983e+05
*           ca2_av1  =   1.000000e+06  -1.000000e+00   1.000001e+06
*           ca2_ac2  =   1.000000e+06  -1.000000e+00   1.000001e+06
*           ca2_av2  =   1.000000e+06  -1.000000e+00   1.000001e+06
*           ac1_ac1  =   1.000000e+06   3.340000e+00   9.999967e+05
*           ac1_av1  =   1.000000e+06  -1.000000e+00   1.000001e+06
*           ac1_ac2  =   1.000000e+06  -1.000000e+00   1.000001e+06
*           ac1_av2  =   1.000000e+06  -1.000000e+00   1.000001e+06
*           av1_av1  =   1.000000e+06  -1.000000e+00   1.000001e+06
*           av1_av2  =   1.000000e+06  -1.000000e+00   1.000001e+06
*           av2_av2  =   1.000000e+06  -1.000000e+00   1.000001e+06
*
*
***********************************************************
*        - Process and timing information -
*
* user time:   0 h 00 m 13.154628 s
* syst time:   0 h 00 m 00.019999 s
* signals: 0
* voluntary context switches: 8
* involuntary context switches: 16
*
***********************************************************
*SS symsearch output
*SS ( use:  | awk '($1=="*S"){print $0}' | sed 's/*S //' > temp.out )
*S Title
*S 1                 search type
*S 5.0 0.00001       displacement rms max min
*S 0.1 0.00001       strain rms max min
*S 1                 lattice input type
*S      4.01922     0.00000     0.00000
*S     -2.01832     3.49903     0.00000
*S      1.99998     1.15516     3.22414
*S 1 0 0
*S 0 1 0
*S 0 0 1
*S 2                 number of atoms
*S 11 0
*S      0.29880     0.15611     0.10402
*S      0.29857     0.65584     0.60397
*FF findsym output
*FF ( use:  | awk '($1=="*F"){print $0}' | sed 's/*F //' > temp.out )
*F Title
*F 0.001       displacement rms max min
*F 1                 lattice input type
*F      4.01922     0.00000     0.00000
*F     -2.01832     3.49903     0.00000
*F      1.99998     1.15516     3.22414
*F 1               basis vector in type
*F 1 0 0
*F 0 1 0
*F 0 0 1
*F 2                 number of atoms
*F 11 0
*F      0.29880     0.15611     0.10402
*F      0.29857     0.65584     0.60397
*DD powder output
*DD (use: | awk '($1=="*D"){print $0}' | sed 's/*D //' > temp.out )
*D 2
*D      4.01922     4.03941     3.96603
*D     89.98093    59.71664   119.97736
*D      0.29880     0.15611     0.10402        11
*D      0.29857     0.65584     0.60397         0
*PP poscar output
*PP (use: | awk '($1=="*P"){print $0}' | sed 's/*P //' > temp.out )
*P Z: 11 17 
*P 1.0 
*P      4.01921554     0.00000000     0.00000000
*P     -2.01832476     3.49903301     0.00000000
*P      1.99997684     1.15515733     3.22414291
*P 1 1 0 
*P Direct
*P       0.298796468854      0.156113402594      0.104023251508
*P       0.298571993677      0.655838417693      0.603968612925
*QQ poscar output
*QQ (use: | awk '($1=="*Q"){print $0}' | sed 's/*Q //' > temp.out )
*Q +1.000000000000 -1.000000000000 
*Q 1.0 
*Q      4.01921554     0.00000000     0.00000000
*Q     -2.01832476     3.49903301     0.00000000
*Q      1.99997684     1.15515733     3.22414291
*Q 1 1 0 
*Q Direct
*Q       0.298796468854      0.156113402594      0.104023251508
*Q       0.298571993677      0.655838417693      0.603968612925
*RR restart output
*RR (use: | awk '($1=="*R"){print $0}' | sed 's/*R //' > temp.out )
*R     4.019215535505    4.039414172938    3.966029926523
*R     1.570463573038    1.042252057696    2.093999997782
*R      1
*R      1     1
*R   -1.000000000000000   0.000000000000000
*R     0.000000000000    1.670000000000    0.000000000000    17     0
*R      1
*R      1   1.000000000000000
*R     1.160000000000    11
*R     0.298796468854    0.156113402594    0.104023251508
*R     0.298571993677    0.655838417693    0.603968612925
* XBS output
* CATION:
atom C     1.093883958    0.666409171    0.335385829
spec C     1.160000000    1.000000000    0.000000000    0.000000000
* ANION:
atom A     1.084253519    2.992479047    1.947281124
spec A     1.670000000    0.000000000    0.000000000    1.000000000
spec V     0.000000000    0.000000000    1.000000000    0.000000000
bonds A V  0.000000000    0.000000000    0.010000000    Black
* CELL PARAMETERS AND BORDER
atom 0    0.00000   0.00000   0.00000
atom 1    4.01922   0.00000   0.00000
atom 2    2.00089   3.49903   0.00000
atom 3   -2.01832   3.49903   0.00000
atom 4    1.99998   1.15516   3.22414
atom 5    6.01919   1.15516   3.22414
atom 6    4.00087   4.65419   3.22414
atom 7   -0.01835   4.65419   3.22414
spec 0     0.050000000    0.000000000    0.000000000    0.000000000
spec 1     0.050000000    0.000000000    0.000000000    0.000000000
spec 2     0.050000000    0.000000000    0.000000000    0.000000000
spec 3     0.050000000    0.000000000    0.000000000    0.000000000
spec 4     0.050000000    0.000000000    0.000000000    0.000000000
spec 5     0.050000000    0.000000000    0.000000000    0.000000000
spec 6     0.050000000    0.000000000    0.000000000    0.000000000
spec 7     0.050000000    0.000000000    0.000000000    0.000000000
bonds 0 1  4.015196320    4.023234751    0.010000000    Black
bonds 3 2  4.015196320    4.023234751    0.010000000    Black
bonds 4 5  4.015196320    4.023234751    0.010000000    Black
bonds 6 7  4.015196320    4.023234751    0.010000000    Black
bonds 1 2  4.035374759    4.043453587    0.010000000    Black
bonds 0 3  4.035374759    4.043453587    0.010000000    Black
bonds 5 6  4.035374759    4.043453587    0.010000000    Black
bonds 4 7  4.035374759    4.043453587    0.010000000    Black
bonds 0 4  3.962063897    3.969995956    0.010000000    Black
bonds 1 5  3.962063897    3.969995956    0.010000000    Black
bonds 2 6  3.962063897    3.969995956    0.010000000    Black
bonds 3 7  3.962063897    3.969995956    0.010000000    Black
inc 5.000000
dup    4.01922   0.00000   0.00000
dup   -2.01832   3.49903   0.00000
dup    1.99998   1.15516   3.22414
