*************************************************
*	pack	(version 4.12.0.5)
*	Eric Majzoub
*	Sandia National Laboratories
*************************************************
*  Source file: main.c
*  Compile date: Dec 27 2012
*  Compile time: 17:19:04
*  commandline = /projects/e20438/bin/pack-4.12.0.5/pack_exe -f ../../NaCl_pegs.in -P -R -r 400 -t 20 -g 16319 
*  input file = ../../NaCl_pegs.in
**********************************************************************
**********************************************************************
**********************************************************************
* 
*       - General run comments -
* 
* WARN: no Rotations in Metropolis (-R flag).
* WARN: all anionic charge on center atom (-P flag).
*
**********************************************************************
*           - Input parameters -
*
*           restart  =         0         1 = restart calc
*        autoadjust  =         1   automatically set temp
*          aa_using  =         1        1=rej pct, 2=pCnt
*         basin hop  =         0           number of hops
*     non_per_ewald  =         0          1=nanopart calc
*
*             lat a  =   10.0000
*             lat b  =   10.0000
*             lat c  =   10.0000
*             alpha  =    1.5708
*             beta   =    1.5708
*             gamma  =    1.5708
*          cell vol  = 1000.0000
*      sqsh vol pct  =    0.2000
* 
*          cell_min  =    1.6700              min lat vec
*          cell_max  =  167.0000              max lat vec
* 
*         n_type_an  =         1          num type anions
*            num_an  =         1           tot num anions
* 
*          num_an_1  =         1        num anions type 1
*        num_vert_1  =         1     1=sph 2=dim 5=tet...
*       an_chrg_c_1  =   -1.0000      anion center charge
*       an_chrg_v_1  =    0.0000      anion vertex charge
*     tot_an_chrg_1  =   -1.0000       total anion charge
*           Rcent_1  =    1.6700         anion center rad
*           Rvert_1  =    0.0000         anion vertex rad
*             cvd_1  =    0.0000        cent to vert dist
*           Zcent_1  =        17           anion center Z
*           Zvert_1  =         0           anion vertex Z
* 
*          num_an_2  =         0        num anions type 2
*        num_vert_2  =         0     1=sph 2=dim 5=tet...
*       an_chrg_c_2  =    0.0000      anion center charge
*       an_chrg_v_2  =    0.0000      anion vertex charge
*     tot_an_chrg_2  =    0.0000       total anion charge
*           Rcent_2  =    0.0000         anion center rad
*           Rvert_2  =    0.0000         anion vertex rad
*             cvd_2  =    0.0000        cent to vert dist
*           Zcent_2  =         0           anion center Z
*           Zvert_2  =         0           anion vertex Z
* 
*         n_type_ca  =         1            num type cats
*            num_ca  =         1          tot num cations
* 
*          num_ca_1  =         1        num cations typ 1
*         ca_chrg_1  =    1.0000        cation chrg typ 1
*            Rcat_1  =    1.1600         cation rad typ 1
*            Zcat_1  =        11           cation Z typ 1
* 
*            C2VTOL  =  1.00e-08            c2v tolerance
*            ERRLIM  =  1.00e-06
*       REP_EPSILON  =  1.00e+00        soft sphere repul
*    TRANS_FRAC_MAX  =    0.5000                    fixed
*    TRANS_FRAC_MIN  =    0.0200
*      MAX_ANG_CHNG  =    9.9695                  degrees
*    VOLUM_FRAC_MAX  =    0.0700
*         EXT_PRESS  =  0.00e+00        external pressure
*      SQSH_VOL_PCT  =    0.2000             min orth val
*        ASPECT_MAX  =   20.0000                cell parm
*            dplane  =    1.6700            min plane sep
*      SCALE_FACTOR  =    1.2500         bhop max scaling
* 
*            d.o.f.  =        12       degrees of freedom
*          runs/dof  =       400         loops per d.o.f.
*              runs  =      4800              loops per T
*               ncc  =     19200     config changes per T
*            t_runs  =        20           num temp steps
*             efunc  =         0               0=SS  1=LJ
*       N_HALT_CHNG  =        15      halts after N 100%s
*
*      anneal_sched  =         3   0=lin or exp(-run_n^n)
*         temp_init  =  1.00e+00             initial temp
*         temp_finl  =  1.00e-03               final temp
* 
*          trn_chng  =         1              0=off  1=on
*          rot_chng  =         0              0=off  1=on
*          lat_chng  =         1              0=off  1=on
*          swp_chng  =         1              0=off  1=on
* 
*     SIMP_RESTARTS  =        11     no. simplex restarts
*  SIMP_RESTARTS BH  =        21  basin hop simp restarts
*         SIMP_NMAX  =      4500        max simplex iters
*          SIMP_DEG  =    1.0000          anion start deg
*         SIMP_LAMB  =    0.0100        vertex start frac
*       SIMP_ERRLIM  =  1.00e-08              error limit
* 
*           aa runs  =      1200           config changes
*      aa runs_step  =        10   config change increase
*       aa runs_max  =      1500  max auto config changes
*         aa t_runs  =         3            num temp runs
*      aa temp_step  =    0.5000                temp step
* 
*        aa chng hi  =         3  1=trn 2=rot 3=lat 4=swp
*        aa chng lo  =         3  1=trn 2=rot 3=lat 4=swp
* 
*      aa ht_pct_hi  =     0.650             high rej pct
*      aa ht_pct_lo  =     0.600             low  rej pct
* 
*      aa lt_pct_hi  =     0.999             high rej pct
*      aa lt_pct_lo  =     0.950             low  rej pct
* 
*            tmpfile =                   PR19796-best.tmp
* 
* Checking for out of bounds fractional coords.
*
**********************************************************************
*
*          - Parameters at START -
*
* Lattice parameters:
*
*             lat a  =   10.0000
*             lat b  =   10.0000
*             lat c  =   10.0000
*             alpha  =   90.0000
*             beta   =   90.0000
*             gamma  =   90.0000
*          cell vol  = 1000.0000
*          cv/ortho  =    1.0000
*
* Energies:
*               ecc  = -5.4947e-01
*               eng  =  0.0000e+00
*
*
* Geometry:
*
*      packing frac  =    0.0260
*      aspect ratio  =    1.0000
*
* (dE/dV):
*                Px  =  5.4275e-06                    x-dir
*                Py  =  9.3815e-05                    y-dir
*                Pz  =  4.5022e-04                    z-dir
*
* Distances (PBC only):
*                                 min           hard           diff
*           ca1_ca1  =   1.000000e+06   2.320000e+00   9.999977e+05
*           ca1_ca2  =   1.000000e+06   1.160000e+00   9.999988e+05
*           ca1_ac1  =   4.226308e+00   2.830000e+00   1.396308e+00
*           ca1_av1  =   1.000000e+06  -1.000000e+00   1.000001e+06
*           ca1_ac2  =   1.000000e+06  -1.000000e+00   1.000001e+06
*           ca1_av2  =   1.000000e+06  -1.000000e+00   1.000001e+06
*           ca2_ca2  =   1.000000e+06   0.000000e+00   1.000000e+06
*           ca2_ac1  =   1.000000e+06   1.670000e+00   9.999983e+05
*           ca2_av1  =   1.000000e+06  -1.000000e+00   1.000001e+06
*           ca2_ac2  =   1.000000e+06  -1.000000e+00   1.000001e+06
*           ca2_av2  =   1.000000e+06  -1.000000e+00   1.000001e+06
*           ac1_ac1  =   1.000000e+06   3.340000e+00   9.999967e+05
*           ac1_av1  =   1.000000e+06  -1.000000e+00   1.000001e+06
*           ac1_ac2  =   1.000000e+06  -1.000000e+00   1.000001e+06
*           ac1_av2  =   1.000000e+06  -1.000000e+00   1.000001e+06
*           av1_av1  =   1.000000e+06  -1.000000e+00   1.000001e+06
*           av1_av2  =   1.000000e+06  -1.000000e+00   1.000001e+06
*           av2_av2  =   1.000000e+06  -1.000000e+00   1.000001e+06
*
*
*
**********************************************************************
*
* ------------------------------------------------------------
*              Autoadjust high temperatrure:
* ------------------------------------------------------------
*              Autoadjusting on 3 (1=trn,2=rot,3=lat,4=swp)
*
**********************************************************************
*
*                 -- Autoadjust Metropolis Run --
*
*   autoadjust_temp_init  =  1.0000e+00
*   autoadjust_temp_step  =  5.0000e-01
*        autoadjust_runs  =        1200         configs per temp
*       autoadjust_count  =           1
*
**********************************************************************
*
* Metropolis: 3 temperature runs with these parameters:
*
*              runs  =      1200              loops per T
*               T_0  = 1.000e+00             initial temp
*               T_L  = 1.000e+00               final temp
*           T_alpha  = 8.000e+09          annealing alpha
*
*            T = T_0 * exp( -run_num**3 / T_alpha )
*
**********************************************************************
*H run      Temp       E_ion        E_ss   cel vol       SigPF       ar     ortho        pCnt          % Rejected Changes
*H                                                                                                 trn      rot      lat      swp
*T   1  1.00e+00  -7.494e-01  +0.000e+00    288.32   4.071e-02    2.167     0.356   9.841e-02    32.58     0.00     3.92     0.00
*T   2  1.00e+00  -7.742e-01  +0.000e+00    239.98   3.237e-02    1.604     0.255   6.861e-02    26.58     0.00     4.08     0.00
*T   3  1.00e+00  -9.102e-01  +0.000e+00     77.62   9.302e-02    1.690     0.397   1.710e-01    47.83     0.00     5.75     0.00
*
**********************************************************************
*
*                 -- AUTOADJUST [1] OUT --
*
*     target: lo % = 60.000000      hi % = 65.000000
*     Autoadjust % =  5.750000
*     Autoadjust: Lowering the temperature 5.000e-01 [a.u.]
*
**********************************************************************
*
*                 -- Autoadjust Metropolis Run --
*
*   autoadjust_temp_init  =  5.0000e-01
*   autoadjust_temp_step  =  5.0000e-01
*        autoadjust_runs  =        1210         configs per temp
*       autoadjust_count  =           2
*
**********************************************************************
*
* Metropolis: 3 temperature runs with these parameters:
*
*              runs  =      1210              loops per T
*               T_0  = 5.000e-01             initial temp
*               T_L  = 4.995e-01               final temp
*           T_alpha  = 7.996e+03          annealing alpha
*
*            T = T_0 * exp( -run_num**3 / T_alpha )
*
**********************************************************************
*H run      Temp       E_ion        E_ss   cel vol       SigPF       ar     ortho        pCnt          % Rejected Changes
*H                                                                                                 trn      rot      lat      swp
*T   1  5.00e-01  -5.956e-01  +0.000e+00   1007.22   1.129e-01    1.701     0.401   1.544e-01    58.10     0.00     8.35     0.00
*T   2  5.00e-01  -3.317e-01  +0.000e+00   2965.39   2.767e-02    2.139     0.234   1.088e-01    19.50     0.00     2.81     0.00
*T   3  4.99e-01  -1.753e-01  +0.000e+00   1407.04   1.490e-02    2.744     0.308   2.273e-01    28.84     0.00     4.13     0.00
*
**********************************************************************
*
*                 -- AUTOADJUST [2] OUT --
*
*     target: lo % = 60.000000      hi % = 65.000000
*     Autoadjust % =  4.132231
*     Autoadjust: special case: (T-Tstep) = 0.000e+00 [a.u.]
*     Autoadjust: special case: ===> drop temp step to: 2.250e-01 [a.u.]
*     Autoadjust: Lowering the temperature 2.250e-01 [a.u.]
*
**********************************************************************
*
*                 -- Autoadjust Metropolis Run --
*
*   autoadjust_temp_init  =  2.7500e-01
*   autoadjust_temp_step  =  2.2500e-01
*        autoadjust_runs  =        1220         configs per temp
*       autoadjust_count  =           3
*
**********************************************************************
*
* Metropolis: 3 temperature runs with these parameters:
*
*              runs  =      1220              loops per T
*               T_0  = 2.750e-01             initial temp
*               T_L  = 2.747e-01               final temp
*           T_alpha  = 7.996e+03          annealing alpha
*
*            T = T_0 * exp( -run_num**3 / T_alpha )
*
**********************************************************************
*H run      Temp       E_ion        E_ss   cel vol       SigPF       ar     ortho        pCnt          % Rejected Changes
*H                                                                                                 trn      rot      lat      swp
*T   1  2.75e-01  -6.483e-01  +0.000e+00   1169.90   1.112e-02    4.595     0.251   5.818e-01    44.43     0.00     5.41     0.00
*T   2  2.75e-01  -6.112e-02  +0.000e+00  13108.29   7.983e-03    4.383     0.411   3.845e-01    22.38     0.00     4.75     0.00
*T   3  2.75e-01  -6.904e-01  +0.000e+00    200.91   4.057e-02    1.478     0.534   4.893e-01    33.52     0.00     5.41     0.00
*
**********************************************************************
*
*                 -- AUTOADJUST [3] OUT --
*
*     target: lo % = 60.000000      hi % = 65.000000
*     Autoadjust % =  5.409836
*     Autoadjust: Lowering the temperature 2.250e-01 [a.u.]
*
**********************************************************************
*
*                 -- Autoadjust Metropolis Run --
*
*   autoadjust_temp_init  =  5.0000e-02
*   autoadjust_temp_step  =  2.2500e-01
*        autoadjust_runs  =        1230         configs per temp
*       autoadjust_count  =           4
*
**********************************************************************
*
* Metropolis: 3 temperature runs with these parameters:
*
*              runs  =      1230              loops per T
*               T_0  = 5.000e-02             initial temp
*               T_L  = 4.995e-02               final temp
*           T_alpha  = 7.996e+03          annealing alpha
*
*            T = T_0 * exp( -run_num**3 / T_alpha )
*
**********************************************************************
*H run      Temp       E_ion        E_ss   cel vol       SigPF       ar     ortho        pCnt          % Rejected Changes
*H                                                                                                 trn      rot      lat      swp
*T   1  5.00e-02  -9.923e-01  +0.000e+00     81.78   1.593e-01    1.578     0.694   2.572e+00    93.33     0.00    34.96     0.00
*T   2  5.00e-02  -8.041e-01  +0.000e+00    101.95   1.314e-01    1.449     0.352   2.783e+00    87.15     0.00    32.52     0.00
*T   3  5.00e-02  -9.220e-01  +0.000e+00     85.39   1.675e-01    1.981     0.546   2.300e+00    94.55     0.00    36.42     0.00
*
**********************************************************************
*
*                 -- AUTOADJUST [4] OUT --
*
*     target: lo % = 60.000000      hi % = 65.000000
*     Autoadjust % = 36.422764
*     Autoadjust: special case: (T-Tstep) = -1.750e-01 [a.u.]
*     Autoadjust: special case: ===> drop temp step to: 1.013e-01 [a.u.]
*     Autoadjust: special case: (T-Tstep) = -5.125e-02 [a.u.]
*     Autoadjust: special case: ===> drop temp step to: 4.556e-02 [a.u.]
*     Autoadjust: Lowering the temperature 4.556e-02 [a.u.]
*
**********************************************************************
*
*                 -- Autoadjust Metropolis Run --
*
*   autoadjust_temp_init  =  4.4375e-03
*   autoadjust_temp_step  =  4.5563e-02
*        autoadjust_runs  =        1240         configs per temp
*       autoadjust_count  =           5
*
**********************************************************************
*
* Metropolis: 3 temperature runs with these parameters:
*
*              runs  =      1240              loops per T
*               T_0  = 4.438e-03             initial temp
*               T_L  = 4.433e-03               final temp
*           T_alpha  = 7.996e+03          annealing alpha
*
*            T = T_0 * exp( -run_num**3 / T_alpha )
*
**********************************************************************
*H run      Temp       E_ion        E_ss   cel vol       SigPF       ar     ortho        pCnt          % Rejected Changes
*H                                                                                                 trn      rot      lat      swp
*T   1  4.44e-03  -1.090e+00  +0.000e+00     68.93   2.391e-01    1.940     0.472   3.853e+01    99.76     0.00    88.71     0.00
*T   2  4.44e-03  -1.130e+00  +0.000e+00     61.99   2.603e-01    1.729     0.410   1.049e+01    99.92     0.00    89.19     0.00
*T   3  4.43e-03  -1.134e+00  +0.000e+00     61.44   2.721e-01    1.729     0.404   3.486e+00   100.00     0.00    91.37     0.08
*
**********************************************************************
*
*                 -- AUTOADJUST [5] OUT --
*
*     target: lo % = 60.000000      hi % = 65.000000
*     Autoadjust % = 91.370968
*     Autoadjust: overshot! drop temp step to: 2.050e-02 [a.u.]
*     Autoadjust: Raising the temperature 2.050e-02 [a.u.]
*
**********************************************************************
*
*                 -- Autoadjust Metropolis Run --
*
*   autoadjust_temp_init  =  2.4941e-02
*   autoadjust_temp_step  =  2.0503e-02
*        autoadjust_runs  =        1250         configs per temp
*       autoadjust_count  =           6
*
**********************************************************************
*
* Metropolis: 3 temperature runs with these parameters:
*
*              runs  =      1250              loops per T
*               T_0  = 2.494e-02             initial temp
*               T_L  = 2.492e-02               final temp
*           T_alpha  = 7.996e+03          annealing alpha
*
*            T = T_0 * exp( -run_num**3 / T_alpha )
*
**********************************************************************
*H run      Temp       E_ion        E_ss   cel vol       SigPF       ar     ortho        pCnt          % Rejected Changes
*H                                                                                                 trn      rot      lat      swp
*T   1  2.49e-02  -1.042e+00  +0.000e+00     74.62   2.152e-01    1.899     0.431   3.653e+00    98.16     0.00    51.44     0.00
*T   2  2.49e-02  -1.088e+00  +0.000e+00     75.97   1.545e-01    1.982     0.410   2.959e+00    94.72     0.00    46.16     0.00
*T   3  2.49e-02  -1.100e+00  +0.000e+00     63.31   1.588e-01    1.131     0.848   3.217e+00    96.40     0.00    48.88     0.00
*
**********************************************************************
*
*                 -- AUTOADJUST [6] OUT --
*
*     target: lo % = 60.000000      hi % = 65.000000
*     Autoadjust % = 48.880000
*     Autoadjust: overshot! drop temp step to: 9.226e-03 [a.u.]
*     Autoadjust: Lowering the temperature 9.226e-03 [a.u.]
*
**********************************************************************
*
*                 -- Autoadjust Metropolis Run --
*
*   autoadjust_temp_init  =  1.5714e-02
*   autoadjust_temp_step  =  9.2264e-03
*        autoadjust_runs  =        1260         configs per temp
*       autoadjust_count  =           7
*
**********************************************************************
*
* Metropolis: 3 temperature runs with these parameters:
*
*              runs  =      1260              loops per T
*               T_0  = 1.571e-02             initial temp
*               T_L  = 1.570e-02               final temp
*           T_alpha  = 7.996e+03          annealing alpha
*
*            T = T_0 * exp( -run_num**3 / T_alpha )
*
**********************************************************************
*H run      Temp       E_ion        E_ss   cel vol       SigPF       ar     ortho        pCnt          % Rejected Changes
*H                                                                                                 trn      rot      lat      swp
*T   1  1.57e-02  -1.084e+00  +0.000e+00     73.49   2.425e-01    1.198     0.899   3.166e+00    99.52     0.00    63.25     0.00
*T   2  1.57e-02  -1.165e+00  +0.000e+00     46.56   2.471e-01    1.162     0.755   5.355e+00    99.44     0.00    62.54     0.00
*T   3  1.57e-02  -1.163e+00  +0.000e+00     42.86   3.173e-01    1.466     0.745   2.221e+00   100.00     0.00    64.84     0.00
*
**********************************************************************
*
*                 -- AUTOADJUST [7] OUT --
*
*     target: lo % = 60.000000      hi % = 65.000000
*     Autoadjust % = 64.841270
*     Autoadjust: temp = 1.571e-02  is good!  Exiting autoadjust.
*
**********************************************************************
*
* ------------------------------------------------------------
*              Autoadjust low temperatrure:
* ------------------------------------------------------------
*              Autoadjusting on 3 (1=trn,2=rot,3=lat,4=swp)
*
**********************************************************************
*
*                 -- Autoadjust Metropolis Run --
*
*   autoadjust_temp_init  =  2.0000e-02
*   autoadjust_temp_step  =  5.0000e-01
*        autoadjust_runs  =        1200         configs per temp
*       autoadjust_count  =           1
*
**********************************************************************
*
* Metropolis: 3 temperature runs with these parameters:
*
*              runs  =      1200              loops per T
*               T_0  = 2.000e-02             initial temp
*               T_L  = 2.000e-02               final temp
*           T_alpha  = 1.600e+08          annealing alpha
*
*            T = T_0 * exp( -run_num**3 / T_alpha )
*
**********************************************************************
*H run      Temp       E_ion        E_ss   cel vol       SigPF       ar     ortho        pCnt          % Rejected Changes
*H                                                                                                 trn      rot      lat      swp
*T   1  2.00e-02  -1.120e+00  +0.000e+00     56.97   2.626e-01    1.326     0.693   3.580e+00    99.17     0.00    57.42     0.00
*T   2  2.00e-02  -1.051e+00  +0.000e+00     86.63   2.250e-01    1.765     0.507   3.427e+00    99.08     0.00    60.25     0.00
*T   3  2.00e-02  -1.047e+00  +0.000e+00     90.52   1.613e-01    1.514     0.813   6.314e+00    96.33     0.00    56.17     0.00
*
**********************************************************************
*
*                 -- AUTOADJUST [1] OUT --
*
*     target: lo % = 95.000000      hi % = 99.900000
*     Autoadjust % = 56.166667
*     Autoadjust: special case: (T-Tstep) = -4.800e-01 [a.u.]
*     Autoadjust: special case: ===> drop temp step to: 2.250e-01 [a.u.]
*     Autoadjust: special case: (T-Tstep) = -2.050e-01 [a.u.]
*     Autoadjust: special case: ===> drop temp step to: 1.013e-01 [a.u.]
*     Autoadjust: special case: (T-Tstep) = -8.125e-02 [a.u.]
*     Autoadjust: special case: ===> drop temp step to: 4.556e-02 [a.u.]
*     Autoadjust: special case: (T-Tstep) = -2.556e-02 [a.u.]
*     Autoadjust: special case: ===> drop temp step to: 2.050e-02 [a.u.]
*     Autoadjust: special case: (T-Tstep) = -5.031e-04 [a.u.]
*     Autoadjust: special case: ===> drop temp step to: 9.226e-03 [a.u.]
*     Autoadjust: Lowering the temperature 9.226e-03 [a.u.]
*
**********************************************************************
*
*                 -- Autoadjust Metropolis Run --
*
*   autoadjust_temp_init  =  1.0774e-02
*   autoadjust_temp_step  =  9.2264e-03
*        autoadjust_runs  =        1210         configs per temp
*       autoadjust_count  =           2
*
**********************************************************************
*
* Metropolis: 3 temperature runs with these parameters:
*
*              runs  =      1210              loops per T
*               T_0  = 1.077e-02             initial temp
*               T_L  = 1.076e-02               final temp
*           T_alpha  = 7.996e+03          annealing alpha
*
*            T = T_0 * exp( -run_num**3 / T_alpha )
*
**********************************************************************
*H run      Temp       E_ion        E_ss   cel vol       SigPF       ar     ortho        pCnt          % Rejected Changes
*H                                                                                                 trn      rot      lat      swp
*T   1  1.08e-02  -1.151e+00  +0.000e+00     48.64   2.821e-01    1.271     0.793   9.956e+00    99.83     0.00    64.71     0.00
*T   2  1.08e-02  -1.178e+00  +0.000e+00     47.58   3.203e-01    1.251     0.731   3.520e+00    99.83     0.00    73.88     0.00
*T   3  1.08e-02  -1.091e+00  +0.000e+00     51.66   2.984e-01    1.522     0.563   3.510e+00    99.92     0.00    72.31     0.00
*
**********************************************************************
*
*                 -- AUTOADJUST [2] OUT --
*
*     target: lo % = 95.000000      hi % = 99.900000
*     Autoadjust % = 72.314050
*     Autoadjust: Lowering the temperature 9.226e-03 [a.u.]
*
**********************************************************************
*
*                 -- Autoadjust Metropolis Run --
*
*   autoadjust_temp_init  =  1.5472e-03
*   autoadjust_temp_step  =  9.2264e-03
*        autoadjust_runs  =        1220         configs per temp
*       autoadjust_count  =           3
*
**********************************************************************
*
* Metropolis: 3 temperature runs with these parameters:
*
*              runs  =      1220              loops per T
*               T_0  = 1.547e-03             initial temp
*               T_L  = 1.546e-03               final temp
*           T_alpha  = 7.996e+03          annealing alpha
*
*            T = T_0 * exp( -run_num**3 / T_alpha )
*
**********************************************************************
*H run      Temp       E_ion        E_ss   cel vol       SigPF       ar     ortho        pCnt          % Rejected Changes
*H                                                                                                 trn      rot      lat      swp
*T   1  1.55e-03  -1.200e+00  +0.000e+00     39.38   4.263e-01    1.408     0.532   4.617e+01   100.00     0.00    94.92     0.00
*T   2  1.55e-03  -1.198e+00  +0.000e+00     39.71   4.329e-01    1.408     0.539   1.444e+00   100.00     0.00    95.57     0.00
*T   3  1.55e-03  -1.211e+00  +0.000e+00     38.14   4.345e-01    1.415     0.512   6.581e+00   100.00     0.00    95.98     0.00
*
**********************************************************************
*
*                 -- AUTOADJUST [3] OUT --
*
*     target: lo % = 95.000000      hi % = 99.900000
*     Autoadjust % = 95.983607
*     Autoadjust: temp = 1.547e-03  is good!  Exiting autoadjust.
*
**********************************************************************
*
*
*          -- Initializing cell contents --
*
*
*
**********************************************************************
*
*            -- Starting Metropolis calculation --
*
*              temp_init  = 1.571e-02
*
**********************************************************************
*
* Metropolis: 20 temperature runs with these parameters:
*
*              runs  =      4800              loops per T
*               T_0  = 1.571e-02             initial temp
*               T_L  = 1.547e-03               final temp
*           T_alpha  = 2.959e+03          annealing alpha
*
*            T = T_0 * exp( -run_num**3 / T_alpha )
*
**********************************************************************
*H run      Temp       E_ion        E_ss   cel vol       SigPF       ar     ortho        pCnt          % Rejected Changes
*H                                                                                                 trn      rot      lat      swp
*M   1  1.57e-02  -1.078e+00  +0.000e+00     73.53   2.042e-01    1.543     0.658   2.784e+01    98.48     0.00    63.17     0.00
*M   2  1.57e-02  -1.175e+00  +0.000e+00     49.46   2.551e-01    1.475     0.597   4.199e+00    99.44     0.00    66.00     0.00
*M   3  1.57e-02  -1.048e+00  +0.000e+00     62.74   2.600e-01    1.940     0.502   3.708e+00    99.44     0.00    66.69     0.00
*M   4  1.56e-02  -1.170e+00  +0.000e+00     49.90   2.476e-01    1.230     0.752   6.477e+00    99.19     0.00    64.12     0.00
*M   5  1.54e-02  -1.109e+00  +0.000e+00     58.19   2.562e-01    1.010     0.929   5.890e+00    99.25     0.00    65.00     0.00
*M   6  1.51e-02  -1.155e+00  +0.000e+00     52.94   2.474e-01    1.343     0.620   3.291e+00    99.54     0.00    63.27     0.00
*M   7  1.46e-02  -1.110e+00  +0.000e+00     56.57   2.785e-01    1.555     0.593   2.892e+00    99.62     0.00    69.65     0.00
*M   8  1.40e-02  -1.096e+00  +0.000e+00     62.11   2.790e-01    1.647     0.491   2.995e+00    99.88     0.00    71.56     0.00
*M   9  1.32e-02  -9.883e-01  +0.000e+00     91.23   2.805e-01    1.914     0.589   5.355e+00    99.75     0.00    71.06     0.00
*M  10  1.23e-02  -1.120e+00  +0.000e+00     64.87   2.530e-01    1.883     0.512   4.083e+00    99.73     0.00    72.42     0.00
*M  11  1.12e-02  -1.145e+00  +0.000e+00     56.24   2.713e-01    1.628     0.430   4.983e+00    99.94     0.00    70.00     0.00
*M  12  1.00e-02  -1.084e+00  +0.000e+00     77.07   2.922e-01    1.205     0.778   4.500e+00    99.92     0.00    71.54     0.00
*M  13  8.76e-03  -1.081e+00  +0.000e+00     66.20   2.428e-01    1.110     0.605   8.084e+00    99.75     0.00    76.71     0.00
*M  14  7.48e-03  -1.114e+00  +0.000e+00     61.91   2.595e-01    1.345     0.696   5.381e+00    99.94     0.00    82.08     0.00
*M  15  6.22e-03  -1.135e+00  +0.000e+00     61.69   2.588e-01    1.326     0.619   3.607e+00    99.96     0.00    85.67     0.00
*M  16  5.02e-03  -1.116e+00  +0.000e+00     68.06   2.513e-01    1.284     0.709   6.624e+00    99.96     0.00    86.29     0.00
*M  17  3.94e-03  -1.147e+00  +0.000e+00     59.92   2.647e-01    1.281     0.750   8.683e+00    99.98     0.00    89.79     0.00
*M  18  2.99e-03  -1.139e+00  +0.000e+00     62.11   2.778e-01    1.260     0.751   3.038e+00    99.98     0.00    92.23     0.00
*M  19  2.19e-03  -1.149e+00  +0.000e+00     61.13   2.780e-01    1.246     0.738   5.354e+00   100.00     0.00    94.08     0.00
*M  20  1.55e-03  -1.155e+00  +0.000e+00     60.17   2.823e-01    1.217     0.730   2.450e+00   100.00     0.00    96.90     0.00
*
**********************************************************************
*
*
*          - Parameters at Post Ewald-Metro -
*
* Lattice parameters:
*
*             lat a  =    4.8817
*             lat b  =    4.2088
*             lat c  =    4.0098
*             alpha  =   71.6971
*             beta   =  115.1048
*             gamma  =   71.3193
*          cell vol  =   60.1710
*          cv/ortho  =    0.7304
*
* Energies:
*               ecc  = -1.1547e+00
*               eng  =  0.0000e+00
*
*
* Geometry:
*
*      packing frac  =    0.4329
*      aspect ratio  =    1.2174
*
* (dE/dV):
*                Px  =  8.3636e-03                    x-dir
*                Py  =  5.9365e-03                    y-dir
*                Pz  =  4.8904e-03                    z-dir
*
* Distances (PBC only):
*                                 min           hard           diff
*           ca1_ca1  =   1.000000e+06   2.320000e+00   9.999977e+05
*           ca1_ca2  =   1.000000e+06   1.160000e+00   9.999988e+05
*           ca1_ac1  =   2.833545e+00   2.830000e+00   3.545317e-03
*           ca1_av1  =   1.000000e+06  -1.000000e+00   1.000001e+06
*           ca1_ac2  =   1.000000e+06  -1.000000e+00   1.000001e+06
*           ca1_av2  =   1.000000e+06  -1.000000e+00   1.000001e+06
*           ca2_ca2  =   1.000000e+06   0.000000e+00   1.000000e+06
*           ca2_ac1  =   1.000000e+06   1.670000e+00   9.999983e+05
*           ca2_av1  =   1.000000e+06  -1.000000e+00   1.000001e+06
*           ca2_ac2  =   1.000000e+06  -1.000000e+00   1.000001e+06
*           ca2_av2  =   1.000000e+06  -1.000000e+00   1.000001e+06
*           ac1_ac1  =   1.000000e+06   3.340000e+00   9.999967e+05
*           ac1_av1  =   1.000000e+06  -1.000000e+00   1.000001e+06
*           ac1_ac2  =   1.000000e+06  -1.000000e+00   1.000001e+06
*           ac1_av2  =   1.000000e+06  -1.000000e+00   1.000001e+06
*           av1_av1  =   1.000000e+06  -1.000000e+00   1.000001e+06
*           av1_av2  =   1.000000e+06  -1.000000e+00   1.000001e+06
*           av2_av2  =   1.000000e+06  -1.000000e+00   1.000001e+06
*
*
*
**********************************************************************
*
*         - Comparing with 'best' structure -
*
****************************************************************
*
*          best ecc  = -1.2151e+00
*          best eng  =  0.0000e+00
*           ecc+eng  = -1.2151e+00
*          best vol  =  3.7816e+01
*           best pf  =  6.8878e-01
*
*     post_runs ecc  = -1.1547e+00
*     post_runs eng  =  0.0000e+00
*           ecc+eng  = -1.1547e+00
*     post_runs vol  =  6.0171e+01
*      post_runs pf  =  4.3289e-01
*
*       dV / V_runs  =  3.7152e-01
*
*          ecc_diff  = -6.0412e-02
*          eng_diff  =  0.0000e+00
*
*
****************************************************************
*
*  mag_ecc_diff > mag_eng_diff AND within BEST_VOL AND
* 'best' has lower energy than post runs! --> swapping.
*
****************************************************************
*
*
*          - Parameters at Post 'best-swap' -
*
* Lattice parameters:
*
*             lat a  =    3.3544
*             lat b  =    3.3596
*             lat c  =    4.6523
*             alpha  =   46.2451
*             beta   =   91.2217
*             gamma  =   92.8471
*          cell vol  =   37.8165
*          cv/ortho  =    0.7213
*
* Energies:
*               ecc  = -1.2151e+00
*               eng  =  0.0000e+00
*
*
* Geometry:
*
*      packing frac  =    0.6888
*      aspect ratio  =    1.3869
*
* (dE/dV):
*                Px  =  1.0626e-02                    x-dir
*                Py  =  9.7667e-03                    y-dir
*                Pz  =  1.1739e-02                    z-dir
*
* Distances (PBC only):
*                                 min           hard           diff
*           ca1_ca1  =   1.000000e+06   2.320000e+00   9.999977e+05
*           ca1_ca2  =   1.000000e+06   1.160000e+00   9.999988e+05
*           ca1_ac1  =   2.847971e+00   2.830000e+00   1.797096e-02
*           ca1_av1  =   1.000000e+06  -1.000000e+00   1.000001e+06
*           ca1_ac2  =   1.000000e+06  -1.000000e+00   1.000001e+06
*           ca1_av2  =   1.000000e+06  -1.000000e+00   1.000001e+06
*           ca2_ca2  =   1.000000e+06   0.000000e+00   1.000000e+06
*           ca2_ac1  =   1.000000e+06   1.670000e+00   9.999983e+05
*           ca2_av1  =   1.000000e+06  -1.000000e+00   1.000001e+06
*           ca2_ac2  =   1.000000e+06  -1.000000e+00   1.000001e+06
*           ca2_av2  =   1.000000e+06  -1.000000e+00   1.000001e+06
*           ac1_ac1  =   1.000000e+06   3.340000e+00   9.999967e+05
*           ac1_av1  =   1.000000e+06  -1.000000e+00   1.000001e+06
*           ac1_ac2  =   1.000000e+06  -1.000000e+00   1.000001e+06
*           ac1_av2  =   1.000000e+06  -1.000000e+00   1.000001e+06
*           av1_av1  =   1.000000e+06  -1.000000e+00   1.000001e+06
*           av1_av2  =   1.000000e+06  -1.000000e+00   1.000001e+06
*           av2_av2  =   1.000000e+06  -1.000000e+00   1.000001e+06
*
*
*
**********************************************************************
*
*         - Final Simplex relaxation with restarts -
*
**********************************************************************
*
*
****************************************************************
*
*
*        - Simplex Minimiziation Routine -
*
*
* Note: No aspect ratio constraint.
*
*
*            n_simp  =        15                   D.O.F.
*         simp_nmax  =      4500                max moves
*       simp_errlim  =  1.00e-08
*
*
*         - Initializing simplex arrays -
*
*
*      nfunk           rtol        pf        ar     ortho             e_ion              e_ss             e_tot
*X        11     3.3816e-03   0.68878   1.38693   0.72130    -1.2151248e+00     0.0000000e+00    -1.2151248e+00
*X      2000     3.4879e-07   0.70011   1.39151   0.71758    -1.2209333e+00     0.0000000e+00    -1.2209333e+00
*
*         simp_runs  =      3043               simp moves
*              rtol  =  9.55e-09               final rtol
*
* Simplex restart no. 1 of 10
*
*         - Initializing simplex arrays -
*
*
*      nfunk           rtol        pf        ar     ortho             e_ion              e_ss             e_tot
*X        12     1.4793e+00   0.70011   1.39152   0.71758    -1.2209366e+00     0.0000000e+00    -1.2209366e+00
*
*         simp_runs  =       798               simp moves
*              rtol  =  9.91e-09               final rtol
*
* Simplex restart no. 2 of 10
*
*         - Initializing simplex arrays -
*
*
*      nfunk           rtol        pf        ar     ortho             e_ion              e_ss             e_tot
*X        12     1.4792e+00   0.70011   1.39152   0.71758    -1.2209367e+00     0.0000000e+00    -1.2209367e+00
*
*         simp_runs  =       797               simp moves
*              rtol  =  9.86e-09               final rtol
*
* Simplex restart no. 3 of 10
*
*         - Initializing simplex arrays -
*
*
*      nfunk           rtol        pf        ar     ortho             e_ion              e_ss             e_tot
*X        12     1.4792e+00   0.70011   1.39152   0.71758    -1.2209367e+00     0.0000000e+00    -1.2209367e+00
*
*         simp_runs  =       802               simp moves
*              rtol  =  9.80e-09               final rtol
*
* Simplex restart no. 4 of 10
*
*         - Initializing simplex arrays -
*
*
*      nfunk           rtol        pf        ar     ortho             e_ion              e_ss             e_tot
*X        12     1.4792e+00   0.70011   1.39152   0.71758    -1.2209368e+00     0.0000000e+00    -1.2209368e+00
*
*         simp_runs  =       844               simp moves
*              rtol  =  8.91e-09               final rtol
*
* Simplex restart no. 5 of 10
*
*         - Initializing simplex arrays -
*
*
*      nfunk           rtol        pf        ar     ortho             e_ion              e_ss             e_tot
*X        12     1.4792e+00   0.70011   1.39152   0.71758    -1.2209368e+00     0.0000000e+00    -1.2209368e+00
*
*         simp_runs  =       786               simp moves
*              rtol  =  9.38e-09               final rtol
*
* Simplex restart no. 6 of 10
*
*         - Initializing simplex arrays -
*
*
*      nfunk           rtol        pf        ar     ortho             e_ion              e_ss             e_tot
*X        12     1.4792e+00   0.70011   1.39152   0.71758    -1.2209368e+00     0.0000000e+00    -1.2209368e+00
*
*         simp_runs  =       910               simp moves
*              rtol  =  9.24e-09               final rtol
*
* Simplex restart no. 7 of 10
*
*         - Initializing simplex arrays -
*
*
*      nfunk           rtol        pf        ar     ortho             e_ion              e_ss             e_tot
*X        12     1.4793e+00   0.70011   1.39152   0.71758    -1.2209368e+00     0.0000000e+00    -1.2209368e+00
*
*         simp_runs  =       791               simp moves
*              rtol  =  9.58e-09               final rtol
*
* Simplex restart no. 8 of 10
*
*         - Initializing simplex arrays -
*
*
*      nfunk           rtol        pf        ar     ortho             e_ion              e_ss             e_tot
*X        12     1.4793e+00   0.70011   1.39152   0.71758    -1.2209368e+00     0.0000000e+00    -1.2209368e+00
*
*         simp_runs  =       804               simp moves
*              rtol  =  9.85e-09               final rtol
*
* Simplex restart no. 9 of 10
*
*         - Initializing simplex arrays -
*
*
*      nfunk           rtol        pf        ar     ortho             e_ion              e_ss             e_tot
*X        12     1.4793e+00   0.70011   1.39152   0.71758    -1.2209368e+00     0.0000000e+00    -1.2209368e+00
*
*         simp_runs  =       811               simp moves
*              rtol  =  9.63e-09               final rtol
*
* Simplex restart no. 10 of 10
*
*         - Initializing simplex arrays -
*
*
*      nfunk           rtol        pf        ar     ortho             e_ion              e_ss             e_tot
*X        12     1.4793e+00   0.70011   1.39152   0.71758    -1.2209369e+00     0.0000000e+00    -1.2209369e+00
*
*         simp_runs  =       814               simp moves
*              rtol  =  9.31e-09               final rtol
*
****************************************************************
*
*          - Parameters at Post Simplex -
*
* Lattice parameters:
*
*             lat a  =    3.3400
*             lat b  =    3.3400
*             lat c  =    4.6477
*             alpha  =   45.9123
*             beta   =   91.3524
*             gamma  =   92.4715
*          cell vol  =   37.2047
*          cv/ortho  =    0.7176
*
* Energies:
*               ecc  = -1.2209e+00
*               eng  =  0.0000e+00
*
*
* Geometry:
*
*      packing frac  =    0.7001
*      aspect ratio  =    1.3915
*
* (dE/dV):
*                Px  =  1.0958e-02                    x-dir
*                Py  =  1.0196e-02                    y-dir
*                Pz  =  1.1663e-02                    z-dir
*
* Distances (PBC only):
*                                 min           hard           diff
*           ca1_ca1  =   1.000000e+06   2.320000e+00   9.999977e+05
*           ca1_ca2  =   1.000000e+06   1.160000e+00   9.999988e+05
*           ca1_ac1  =   2.830129e+00   2.830000e+00   1.290538e-04
*           ca1_av1  =   1.000000e+06  -1.000000e+00   1.000001e+06
*           ca1_ac2  =   1.000000e+06  -1.000000e+00   1.000001e+06
*           ca1_av2  =   1.000000e+06  -1.000000e+00   1.000001e+06
*           ca2_ca2  =   1.000000e+06   0.000000e+00   1.000000e+06
*           ca2_ac1  =   1.000000e+06   1.670000e+00   9.999983e+05
*           ca2_av1  =   1.000000e+06  -1.000000e+00   1.000001e+06
*           ca2_ac2  =   1.000000e+06  -1.000000e+00   1.000001e+06
*           ca2_av2  =   1.000000e+06  -1.000000e+00   1.000001e+06
*           ac1_ac1  =   1.000000e+06   3.340000e+00   9.999967e+05
*           ac1_av1  =   1.000000e+06  -1.000000e+00   1.000001e+06
*           ac1_ac2  =   1.000000e+06  -1.000000e+00   1.000001e+06
*           ac1_av2  =   1.000000e+06  -1.000000e+00   1.000001e+06
*           av1_av1  =   1.000000e+06  -1.000000e+00   1.000001e+06
*           av1_av2  =   1.000000e+06  -1.000000e+00   1.000001e+06
*           av2_av2  =   1.000000e+06  -1.000000e+00   1.000001e+06
*
*
***********************************************************
*        - Process and timing information -
*
* user time:   0 h 00 m 17.585664 s
* syst time:   0 h 00 m 00.004999 s
* signals: 0
* voluntary context switches: 7
* involuntary context switches: 8
*
***********************************************************
*SS symsearch output
*SS ( use:  | awk '($1=="*S"){print $0}' | sed 's/*S //' > temp.out )
*S Title
*S 1                 search type
*S 5.0 0.00001       displacement rms max min
*S 0.1 0.00001       strain rms max min
*S 1                 lattice input type
*S      3.34000     0.00000     0.00000
*S     -0.14403     3.33689     0.00000
*S     -0.10970     3.23194     3.33817
*S 1 0 0
*S 0 1 0
*S 0 0 1
*S 2                 number of atoms
*S 11 0
*S      0.56214     0.63875     0.22255
*S      0.06469     0.61525     0.73266
*FF findsym output
*FF ( use:  | awk '($1=="*F"){print $0}' | sed 's/*F //' > temp.out )
*F Title
*F 0.001       displacement rms max min
*F 1                 lattice input type
*F      3.34000     0.00000     0.00000
*F     -0.14403     3.33689     0.00000
*F     -0.10970     3.23194     3.33817
*F 1               basis vector in type
*F 1 0 0
*F 0 1 0
*F 0 0 1
*F 2                 number of atoms
*F 11 0
*F      0.56214     0.63875     0.22255
*F      0.06469     0.61525     0.73266
*DD powder output
*DD (use: | awk '($1=="*D"){print $0}' | sed 's/*D //' > temp.out )
*D 2
*D      3.34000     3.34000     4.64767
*D     45.91226    91.35244    92.47151
*D      0.56214     0.63875     0.22255        11
*D      0.06469     0.61525     0.73266         0
*PP poscar output
*PP (use: | awk '($1=="*P"){print $0}' | sed 's/*P //' > temp.out )
*P Z: 11 17 
*P 1.0 
*P      3.34000000     0.00000000     0.00000000
*P     -0.14402948     3.33689309     0.00000000
*P     -0.10969625     3.23193586     3.33817473
*P 1 1 0 
*P Direct
*P       0.562142035815      0.638751429527      0.222551893792
*P       0.064694081361      0.615249844502      0.732659311265
*QQ poscar output
*QQ (use: | awk '($1=="*Q"){print $0}' | sed 's/*Q //' > temp.out )
*Q +1.000000000000 -1.000000000000 
*Q 1.0 
*Q      3.34000000     0.00000000     0.00000000
*Q     -0.14402948     3.33689309     0.00000000
*Q     -0.10969625     3.23193586     3.33817473
*Q 1 1 0 
*Q Direct
*Q       0.562142035815      0.638751429527      0.222551893792
*Q       0.064694081361      0.615249844502      0.732659311265
*RR restart output
*RR (use: | awk '($1=="*R"){print $0}' | sed 's/*R //' > temp.out )
*R     3.340000001905    3.340000002549    4.647671809491
*R     0.801320155376    1.594400927951    1.613932302790
*R      1
*R      1     1
*R   -1.000000000000000   0.000000000000000
*R     0.000000000000    1.670000000000    0.000000000000    17     0
*R      1
*R      1   1.000000000000000
*R     1.160000000000    11
*R     0.562142035815    0.638751429527    0.222551893792
*R     0.064694081361    0.615249844502    0.732659311265
* XBS output
* CATION:
atom C     1.761142253    2.850718682    0.742917109
spec C     1.160000000    1.000000000    0.000000000    0.000000000
* ANION:
atom A     0.047094134    4.420930862    2.445744801
spec A     1.670000000    0.000000000    0.000000000    1.000000000
spec V     0.000000000    0.000000000    1.000000000    0.000000000
bonds A V  0.000000000    0.000000000    0.010000000    Black
* CELL PARAMETERS AND BORDER
atom 0    0.00000   0.00000   0.00000
atom 1    3.34000   0.00000   0.00000
atom 2    3.19597   3.33689   0.00000
atom 3   -0.14403   3.33689   0.00000
atom 4   -0.10970   3.23194   3.33817
atom 5    3.23030   3.23194   3.33817
atom 6    3.08627   6.56883   3.33817
atom 7   -0.25373   6.56883   3.33817
spec 0     0.050000000    0.000000000    0.000000000    0.000000000
spec 1     0.050000000    0.000000000    0.000000000    0.000000000
spec 2     0.050000000    0.000000000    0.000000000    0.000000000
spec 3     0.050000000    0.000000000    0.000000000    0.000000000
spec 4     0.050000000    0.000000000    0.000000000    0.000000000
spec 5     0.050000000    0.000000000    0.000000000    0.000000000
spec 6     0.050000000    0.000000000    0.000000000    0.000000000
spec 7     0.050000000    0.000000000    0.000000000    0.000000000
bonds 0 1  3.336660002    3.343340002    0.010000000    Black
bonds 3 2  3.336660002    3.343340002    0.010000000    Black
bonds 4 5  3.336660002    3.343340002    0.010000000    Black
bonds 6 7  3.336660002    3.343340002    0.010000000    Black
bonds 1 2  3.336660003    3.343340003    0.010000000    Black
bonds 0 3  3.336660003    3.343340003    0.010000000    Black
bonds 5 6  3.336660003    3.343340003    0.010000000    Black
bonds 4 7  3.336660003    3.343340003    0.010000000    Black
bonds 0 4  4.643024138    4.652319481    0.010000000    Black
bonds 1 5  4.643024138    4.652319481    0.010000000    Black
bonds 2 6  4.643024138    4.652319481    0.010000000    Black
bonds 3 7  4.643024138    4.652319481    0.010000000    Black
inc 5.000000
dup    3.34000   0.00000   0.00000
dup   -0.14403   3.33689   0.00000
dup   -0.10970   3.23194   3.33817
