*************************************************
*	pack	(version 4.12.0.5)
*	Eric Majzoub
*	Sandia National Laboratories
*************************************************
*  Source file: main.c
*  Compile date: Dec 27 2012
*  Compile time: 17:19:04
*  commandline = /projects/e20438/bin/pack-4.12.0.5/pack_exe -f ../../NaCl_pegs.in -P -R -r 600 -t 15 -g 19539 
*  input file = ../../NaCl_pegs.in
**********************************************************************
**********************************************************************
**********************************************************************
* 
*       - General run comments -
* 
* WARN: no Rotations in Metropolis (-R flag).
* WARN: all anionic charge on center atom (-P flag).
*
**********************************************************************
*           - Input parameters -
*
*           restart  =         0         1 = restart calc
*        autoadjust  =         1   automatically set temp
*          aa_using  =         1        1=rej pct, 2=pCnt
*         basin hop  =         0           number of hops
*     non_per_ewald  =         0          1=nanopart calc
*
*             lat a  =   10.0000
*             lat b  =   10.0000
*             lat c  =   10.0000
*             alpha  =    1.5708
*             beta   =    1.5708
*             gamma  =    1.5708
*          cell vol  = 1000.0000
*      sqsh vol pct  =    0.2000
* 
*          cell_min  =    1.6700              min lat vec
*          cell_max  =  167.0000              max lat vec
* 
*         n_type_an  =         1          num type anions
*            num_an  =         1           tot num anions
* 
*          num_an_1  =         1        num anions type 1
*        num_vert_1  =         1     1=sph 2=dim 5=tet...
*       an_chrg_c_1  =   -1.0000      anion center charge
*       an_chrg_v_1  =    0.0000      anion vertex charge
*     tot_an_chrg_1  =   -1.0000       total anion charge
*           Rcent_1  =    1.6700         anion center rad
*           Rvert_1  =    0.0000         anion vertex rad
*             cvd_1  =    0.0000        cent to vert dist
*           Zcent_1  =        17           anion center Z
*           Zvert_1  =         0           anion vertex Z
* 
*          num_an_2  =         0        num anions type 2
*        num_vert_2  =         0     1=sph 2=dim 5=tet...
*       an_chrg_c_2  =    0.0000      anion center charge
*       an_chrg_v_2  =    0.0000      anion vertex charge
*     tot_an_chrg_2  =    0.0000       total anion charge
*           Rcent_2  =    0.0000         anion center rad
*           Rvert_2  =    0.0000         anion vertex rad
*             cvd_2  =    0.0000        cent to vert dist
*           Zcent_2  =         0           anion center Z
*           Zvert_2  =         0           anion vertex Z
* 
*         n_type_ca  =         1            num type cats
*            num_ca  =         1          tot num cations
* 
*          num_ca_1  =         1        num cations typ 1
*         ca_chrg_1  =    1.0000        cation chrg typ 1
*            Rcat_1  =    1.1600         cation rad typ 1
*            Zcat_1  =        11           cation Z typ 1
* 
*            C2VTOL  =  1.00e-08            c2v tolerance
*            ERRLIM  =  1.00e-06
*       REP_EPSILON  =  1.00e+00        soft sphere repul
*    TRANS_FRAC_MAX  =    0.5000                    fixed
*    TRANS_FRAC_MIN  =    0.0200
*      MAX_ANG_CHNG  =    9.9695                  degrees
*    VOLUM_FRAC_MAX  =    0.0700
*         EXT_PRESS  =  0.00e+00        external pressure
*      SQSH_VOL_PCT  =    0.2000             min orth val
*        ASPECT_MAX  =   20.0000                cell parm
*            dplane  =    1.6700            min plane sep
*      SCALE_FACTOR  =    1.2500         bhop max scaling
* 
*            d.o.f.  =        12       degrees of freedom
*          runs/dof  =       600         loops per d.o.f.
*              runs  =      7200              loops per T
*               ncc  =     28800     config changes per T
*            t_runs  =        15           num temp steps
*             efunc  =         0               0=SS  1=LJ
*       N_HALT_CHNG  =        15      halts after N 100%s
*
*      anneal_sched  =         3   0=lin or exp(-run_n^n)
*         temp_init  =  1.00e+00             initial temp
*         temp_finl  =  1.00e-03               final temp
* 
*          trn_chng  =         1              0=off  1=on
*          rot_chng  =         0              0=off  1=on
*          lat_chng  =         1              0=off  1=on
*          swp_chng  =         1              0=off  1=on
* 
*     SIMP_RESTARTS  =        11     no. simplex restarts
*  SIMP_RESTARTS BH  =        21  basin hop simp restarts
*         SIMP_NMAX  =      4500        max simplex iters
*          SIMP_DEG  =    1.0000          anion start deg
*         SIMP_LAMB  =    0.0100        vertex start frac
*       SIMP_ERRLIM  =  1.00e-08              error limit
* 
*           aa runs  =      1200           config changes
*      aa runs_step  =        10   config change increase
*       aa runs_max  =      1500  max auto config changes
*         aa t_runs  =         3            num temp runs
*      aa temp_step  =    0.5000                temp step
* 
*        aa chng hi  =         3  1=trn 2=rot 3=lat 4=swp
*        aa chng lo  =         3  1=trn 2=rot 3=lat 4=swp
* 
*      aa ht_pct_hi  =     0.650             high rej pct
*      aa ht_pct_lo  =     0.600             low  rej pct
* 
*      aa lt_pct_hi  =     0.999             high rej pct
*      aa lt_pct_lo  =     0.950             low  rej pct
* 
*            tmpfile =                   PR21341-best.tmp
* 
* Checking for out of bounds fractional coords.
*
**********************************************************************
*
*          - Parameters at START -
*
* Lattice parameters:
*
*             lat a  =   10.0000
*             lat b  =   10.0000
*             lat c  =   10.0000
*             alpha  =   90.0000
*             beta   =   90.0000
*             gamma  =   90.0000
*          cell vol  = 1000.0000
*          cv/ortho  =    1.0000
*
* Energies:
*               ecc  = -2.0888e+00
*               eng  =  4.3467e+05
*
*
* Geometry:
*
*      packing frac  =    0.0260
*      aspect ratio  =    1.0000
*
* (dE/dV):
*                Px  = -5.1914e+03                    x-dir
*                Py  = -1.1792e+00                    y-dir
*                Pz  = -2.3481e+01                    z-dir
*
* Distances (PBC only):
*                                 min           hard           diff
*           ca1_ca1  =   1.000000e+06   2.320000e+00   9.999977e+05
*           ca1_ca2  =   1.000000e+06   1.160000e+00   9.999988e+05
*           ca1_ac1  =   9.592673e-01   2.830000e+00  -1.870733e+00
*           ca1_av1  =   1.000000e+06  -1.000000e+00   1.000001e+06
*           ca1_ac2  =   1.000000e+06  -1.000000e+00   1.000001e+06
*           ca1_av2  =   1.000000e+06  -1.000000e+00   1.000001e+06
*           ca2_ca2  =   1.000000e+06   0.000000e+00   1.000000e+06
*           ca2_ac1  =   1.000000e+06   1.670000e+00   9.999983e+05
*           ca2_av1  =   1.000000e+06  -1.000000e+00   1.000001e+06
*           ca2_ac2  =   1.000000e+06  -1.000000e+00   1.000001e+06
*           ca2_av2  =   1.000000e+06  -1.000000e+00   1.000001e+06
*           ac1_ac1  =   1.000000e+06   3.340000e+00   9.999967e+05
*           ac1_av1  =   1.000000e+06  -1.000000e+00   1.000001e+06
*           ac1_ac2  =   1.000000e+06  -1.000000e+00   1.000001e+06
*           ac1_av2  =   1.000000e+06  -1.000000e+00   1.000001e+06
*           av1_av1  =   1.000000e+06  -1.000000e+00   1.000001e+06
*           av1_av2  =   1.000000e+06  -1.000000e+00   1.000001e+06
*           av2_av2  =   1.000000e+06  -1.000000e+00   1.000001e+06
*
*
*
**********************************************************************
*
* ------------------------------------------------------------
*              Autoadjust high temperatrure:
* ------------------------------------------------------------
*              Autoadjusting on 3 (1=trn,2=rot,3=lat,4=swp)
*
**********************************************************************
*
*                 -- Autoadjust Metropolis Run --
*
*   autoadjust_temp_init  =  1.0000e+00
*   autoadjust_temp_step  =  5.0000e-01
*        autoadjust_runs  =        1200         configs per temp
*       autoadjust_count  =           1
*
**********************************************************************
*
* Metropolis: 3 temperature runs with these parameters:
*
*              runs  =      1200              loops per T
*               T_0  = 1.000e+00             initial temp
*               T_L  = 1.000e+00               final temp
*           T_alpha  = 8.000e+09          annealing alpha
*
*            T = T_0 * exp( -run_num**3 / T_alpha )
*
**********************************************************************
*H run      Temp       E_ion        E_ss   cel vol       SigPF       ar     ortho        pCnt          % Rejected Changes
*H                                                                                                 trn      rot      lat      swp
*T   1  1.00e+00  -6.995e-01  +0.000e+00    281.80   1.913e-02    1.602     0.409   5.247e+07    11.92     0.00     1.75     0.00
*T   2  1.00e+00  -8.666e-01  +0.000e+00    109.04   7.437e-02    2.216     0.658   1.569e-01    40.50     0.00     3.50     0.00
*T   3  1.00e+00  -6.091e-01  +0.000e+00    657.92   8.461e-02    1.678     0.398   1.582e-01    47.58     0.00     5.75     0.00
*
**********************************************************************
*
*                 -- AUTOADJUST [1] OUT --
*
*     target: lo % = 60.000000      hi % = 65.000000
*     Autoadjust % =  5.750000
*     Autoadjust: Lowering the temperature 5.000e-01 [a.u.]
*
**********************************************************************
*
*                 -- Autoadjust Metropolis Run --
*
*   autoadjust_temp_init  =  5.0000e-01
*   autoadjust_temp_step  =  5.0000e-01
*        autoadjust_runs  =        1210         configs per temp
*       autoadjust_count  =           2
*
**********************************************************************
*
* Metropolis: 3 temperature runs with these parameters:
*
*              runs  =      1210              loops per T
*               T_0  = 5.000e-01             initial temp
*               T_L  = 4.995e-01               final temp
*           T_alpha  = 7.996e+03          annealing alpha
*
*            T = T_0 * exp( -run_num**3 / T_alpha )
*
**********************************************************************
*H run      Temp       E_ion        E_ss   cel vol       SigPF       ar     ortho        pCnt          % Rejected Changes
*H                                                                                                 trn      rot      lat      swp
*T   1  5.00e-01  -1.845e-01  +0.000e+00   1796.27   3.236e-02    2.267     0.601   2.698e-01    44.30     0.00     5.70     0.00
*T   2  5.00e-01  -5.017e-01  +0.000e+00   1000.15   5.105e-02    2.325     0.385   1.622e-01    33.72     0.00     3.22     0.00
*T   3  4.99e-01  -2.384e-01  +0.000e+00  14272.02   2.696e-02    1.811     0.271   1.457e-01    18.43     0.00     3.80     0.00
*
**********************************************************************
*
*                 -- AUTOADJUST [2] OUT --
*
*     target: lo % = 60.000000      hi % = 65.000000
*     Autoadjust % =  3.801653
*     Autoadjust: special case: (T-Tstep) = 0.000e+00 [a.u.]
*     Autoadjust: special case: ===> drop temp step to: 2.250e-01 [a.u.]
*     Autoadjust: Lowering the temperature 2.250e-01 [a.u.]
*
**********************************************************************
*
*                 -- Autoadjust Metropolis Run --
*
*   autoadjust_temp_init  =  2.7500e-01
*   autoadjust_temp_step  =  2.2500e-01
*        autoadjust_runs  =        1220         configs per temp
*       autoadjust_count  =           3
*
**********************************************************************
*
* Metropolis: 3 temperature runs with these parameters:
*
*              runs  =      1220              loops per T
*               T_0  = 2.750e-01             initial temp
*               T_L  = 2.747e-01               final temp
*           T_alpha  = 7.996e+03          annealing alpha
*
*            T = T_0 * exp( -run_num**3 / T_alpha )
*
**********************************************************************
*H run      Temp       E_ion        E_ss   cel vol       SigPF       ar     ortho        pCnt          % Rejected Changes
*H                                                                                                 trn      rot      lat      swp
*T   1  2.75e-01  -7.624e-01  +0.000e+00    342.40   3.100e-02    2.910     0.262   5.175e-01    21.56     0.00     4.34     0.00
*T   2  2.75e-01  -5.671e-01  +0.000e+00   1861.51   1.926e-02    1.974     0.301   1.607e-01    27.05     0.00     3.69     0.00
*T   3  2.75e-01  -7.809e-01  +0.000e+00   2144.03   1.420e-02    3.569     0.748   3.322e-01    27.38     0.00     4.75     0.00
*
**********************************************************************
*
*                 -- AUTOADJUST [3] OUT --
*
*     target: lo % = 60.000000      hi % = 65.000000
*     Autoadjust % =  4.754098
*     Autoadjust: Lowering the temperature 2.250e-01 [a.u.]
*
**********************************************************************
*
*                 -- Autoadjust Metropolis Run --
*
*   autoadjust_temp_init  =  5.0000e-02
*   autoadjust_temp_step  =  2.2500e-01
*        autoadjust_runs  =        1230         configs per temp
*       autoadjust_count  =           4
*
**********************************************************************
*
* Metropolis: 3 temperature runs with these parameters:
*
*              runs  =      1230              loops per T
*               T_0  = 5.000e-02             initial temp
*               T_L  = 4.995e-02               final temp
*           T_alpha  = 7.996e+03          annealing alpha
*
*            T = T_0 * exp( -run_num**3 / T_alpha )
*
**********************************************************************
*H run      Temp       E_ion        E_ss   cel vol       SigPF       ar     ortho        pCnt          % Rejected Changes
*H                                                                                                 trn      rot      lat      swp
*T   1  5.00e-02  -8.603e-01  +0.000e+00   1644.37   1.359e-02    2.585     0.317   4.312e+00    97.40     0.00    24.31     0.00
*T   2  5.00e-02  -8.214e-01  +0.000e+00    433.31   3.529e-02    2.262     0.361   3.311e+00    96.50     0.00    23.17     0.00
*T   3  5.00e-02  -6.421e-01  +0.000e+00   1558.39   3.350e-02    4.243     0.315   2.522e+00    97.48     0.00    24.47     0.00
*
**********************************************************************
*
*                 -- AUTOADJUST [4] OUT --
*
*     target: lo % = 60.000000      hi % = 65.000000
*     Autoadjust % = 24.471545
*     Autoadjust: special case: (T-Tstep) = -1.750e-01 [a.u.]
*     Autoadjust: special case: ===> drop temp step to: 1.013e-01 [a.u.]
*     Autoadjust: special case: (T-Tstep) = -5.125e-02 [a.u.]
*     Autoadjust: special case: ===> drop temp step to: 4.556e-02 [a.u.]
*     Autoadjust: Lowering the temperature 4.556e-02 [a.u.]
*
**********************************************************************
*
*                 -- Autoadjust Metropolis Run --
*
*   autoadjust_temp_init  =  4.4375e-03
*   autoadjust_temp_step  =  4.5563e-02
*        autoadjust_runs  =        1240         configs per temp
*       autoadjust_count  =           5
*
**********************************************************************
*
* Metropolis: 3 temperature runs with these parameters:
*
*              runs  =      1240              loops per T
*               T_0  = 4.438e-03             initial temp
*               T_L  = 4.433e-03               final temp
*           T_alpha  = 7.996e+03          annealing alpha
*
*            T = T_0 * exp( -run_num**3 / T_alpha )
*
**********************************************************************
*H run      Temp       E_ion        E_ss   cel vol       SigPF       ar     ortho        pCnt          % Rejected Changes
*H                                                                                                 trn      rot      lat      swp
*T   1  4.44e-03  -1.016e+00  +0.000e+00    323.81   3.905e-02    2.588     0.317   1.081e+02    99.92     0.00    57.10     0.00
*T   2  4.44e-03  -1.032e+00  +0.000e+00    909.16   2.627e-02    8.338     0.300   2.184e+00   100.00     0.00    61.37     0.00
*T   3  4.43e-03  -1.030e+00  +0.000e+00    712.17   1.521e-02    6.499     0.303   1.774e+00   100.00     0.00    64.19     0.00
*
**********************************************************************
*
*                 -- AUTOADJUST [5] OUT --
*
*     target: lo % = 60.000000      hi % = 65.000000
*     Autoadjust % = 64.193548
*     Autoadjust: temp = 4.438e-03  is good!  Exiting autoadjust.
*
**********************************************************************
*
* ------------------------------------------------------------
*              Autoadjust low temperatrure:
* ------------------------------------------------------------
*              Autoadjusting on 3 (1=trn,2=rot,3=lat,4=swp)
*
**********************************************************************
*
*                 -- Autoadjust Metropolis Run --
*
*   autoadjust_temp_init  =  2.0000e-02
*   autoadjust_temp_step  =  5.0000e-01
*        autoadjust_runs  =        1200         configs per temp
*       autoadjust_count  =           1
*
**********************************************************************
*
* Metropolis: 3 temperature runs with these parameters:
*
*              runs  =      1200              loops per T
*               T_0  = 2.000e-02             initial temp
*               T_L  = 2.000e-02               final temp
*           T_alpha  = 1.600e+08          annealing alpha
*
*            T = T_0 * exp( -run_num**3 / T_alpha )
*
**********************************************************************
*H run      Temp       E_ion        E_ss   cel vol       SigPF       ar     ortho        pCnt          % Rejected Changes
*H                                                                                                 trn      rot      lat      swp
*T   1  2.00e-02  -9.915e-01  +0.000e+00    672.69   1.668e-02    6.017     0.331   1.418e+00   100.00     0.00    44.00     0.00
*T   2  2.00e-02  -9.878e-01  +0.000e+00    796.78   1.583e-02    6.004     0.370   4.495e+00    99.83     0.00    42.00     0.00
*T   3  2.00e-02  -1.001e+00  +0.000e+00    841.00   1.315e-02    7.510     0.299   2.400e+00   100.00     0.00    43.58     0.00
*
**********************************************************************
*
*                 -- AUTOADJUST [1] OUT --
*
*     target: lo % = 95.000000      hi % = 99.900000
*     Autoadjust % = 43.583333
*     Autoadjust: special case: (T-Tstep) = -4.800e-01 [a.u.]
*     Autoadjust: special case: ===> drop temp step to: 2.250e-01 [a.u.]
*     Autoadjust: special case: (T-Tstep) = -2.050e-01 [a.u.]
*     Autoadjust: special case: ===> drop temp step to: 1.013e-01 [a.u.]
*     Autoadjust: special case: (T-Tstep) = -8.125e-02 [a.u.]
*     Autoadjust: special case: ===> drop temp step to: 4.556e-02 [a.u.]
*     Autoadjust: special case: (T-Tstep) = -2.556e-02 [a.u.]
*     Autoadjust: special case: ===> drop temp step to: 2.050e-02 [a.u.]
*     Autoadjust: special case: (T-Tstep) = -5.031e-04 [a.u.]
*     Autoadjust: special case: ===> drop temp step to: 9.226e-03 [a.u.]
*     Autoadjust: Lowering the temperature 9.226e-03 [a.u.]
*
**********************************************************************
*
*                 -- Autoadjust Metropolis Run --
*
*   autoadjust_temp_init  =  1.0774e-02
*   autoadjust_temp_step  =  9.2264e-03
*        autoadjust_runs  =        1210         configs per temp
*       autoadjust_count  =           2
*
**********************************************************************
*
* Metropolis: 3 temperature runs with these parameters:
*
*              runs  =      1210              loops per T
*               T_0  = 1.077e-02             initial temp
*               T_L  = 1.076e-02               final temp
*           T_alpha  = 7.996e+03          annealing alpha
*
*            T = T_0 * exp( -run_num**3 / T_alpha )
*
**********************************************************************
*H run      Temp       E_ion        E_ss   cel vol       SigPF       ar     ortho        pCnt          % Rejected Changes
*H                                                                                                 trn      rot      lat      swp
*T   1  1.08e-02  -1.029e+00  +0.000e+00    626.64   2.602e-02    5.230     0.346   3.678e+00   100.00     0.00    57.19     0.00
*T   2  1.08e-02  -9.875e-01  +0.000e+00   1216.67   1.861e-02    9.533     0.315   3.672e+00   100.00     0.00    53.06     0.00
*T   3  1.08e-02  -1.026e+00  +0.000e+00    822.60   1.831e-02    8.043     0.324   2.487e+00   100.00     0.00    57.60     0.00
*
**********************************************************************
*
*                 -- AUTOADJUST [2] OUT --
*
*     target: lo % = 95.000000      hi % = 99.900000
*     Autoadjust % = 57.603306
*     Autoadjust: Lowering the temperature 9.226e-03 [a.u.]
*
**********************************************************************
*
*                 -- Autoadjust Metropolis Run --
*
*   autoadjust_temp_init  =  1.5472e-03
*   autoadjust_temp_step  =  9.2264e-03
*        autoadjust_runs  =        1220         configs per temp
*       autoadjust_count  =           3
*
**********************************************************************
*
* Metropolis: 3 temperature runs with these parameters:
*
*              runs  =      1220              loops per T
*               T_0  = 1.547e-03             initial temp
*               T_L  = 1.546e-03               final temp
*           T_alpha  = 7.996e+03          annealing alpha
*
*            T = T_0 * exp( -run_num**3 / T_alpha )
*
**********************************************************************
*H run      Temp       E_ion        E_ss   cel vol       SigPF       ar     ortho        pCnt          % Rejected Changes
*H                                                                                                 trn      rot      lat      swp
*T   1  1.55e-03  -1.058e+00  +0.000e+00    636.65   2.221e-02    6.759     0.305   1.389e+02   100.00     0.00    75.66     0.00
*T   2  1.55e-03  -1.063e+00  +0.000e+00    665.87   2.431e-02    7.279     0.304   2.501e+00   100.00     0.00    77.54     0.00
*T   3  1.55e-03  -1.055e+00  +0.000e+00    660.78   2.263e-02    6.787     0.316   3.249e+00   100.00     0.00    78.44     0.00
*
**********************************************************************
*
*                 -- AUTOADJUST [3] OUT --
*
*     target: lo % = 95.000000      hi % = 99.900000
*     Autoadjust % = 78.442623
*     Autoadjust: special case: (T-Tstep) = -7.679e-03 [a.u.]
*     Autoadjust: special case: ===> drop temp step to: 4.152e-03 [a.u.]
*     Autoadjust: special case: (T-Tstep) = -2.605e-03 [a.u.]
*     Autoadjust: special case: ===> drop temp step to: 1.868e-03 [a.u.]
*     Autoadjust: special case: (T-Tstep) = -3.212e-04 [a.u.]
*     Autoadjust: special case: ===> drop temp step to: 8.408e-04 [a.u.]
*     Autoadjust: Lowering the temperature 8.408e-04 [a.u.]
*
**********************************************************************
*
*                 -- Autoadjust Metropolis Run --
*
*   autoadjust_temp_init  =  7.0643e-04
*   autoadjust_temp_step  =  8.4076e-04
*        autoadjust_runs  =        1230         configs per temp
*       autoadjust_count  =           4
*
**********************************************************************
*
* Metropolis: 3 temperature runs with these parameters:
*
*              runs  =      1230              loops per T
*               T_0  = 7.064e-04             initial temp
*               T_L  = 7.057e-04               final temp
*           T_alpha  = 7.996e+03          annealing alpha
*
*            T = T_0 * exp( -run_num**3 / T_alpha )
*
**********************************************************************
*H run      Temp       E_ion        E_ss   cel vol       SigPF       ar     ortho        pCnt          % Rejected Changes
*H                                                                                                 trn      rot      lat      swp
*T   1  7.06e-04  -1.062e+00  +0.000e+00    591.75   2.597e-02    6.302     0.306   6.255e+02   100.00     0.00    84.47     0.00
*T   2  7.06e-04  -1.065e+00  +0.000e+00    744.90   2.263e-02    8.193     0.307   4.558e+00   100.00     0.00    83.58     0.00
*T   3  7.06e-04  -1.063e+00  +0.000e+00    827.69   2.064e-02    9.024     0.307   6.169e+02   100.00     0.00    85.53     0.00
*
**********************************************************************
*
*                 -- AUTOADJUST [4] OUT --
*
*     target: lo % = 95.000000      hi % = 99.900000
*     Autoadjust % = 85.528455
*     Autoadjust: special case: (T-Tstep) = -1.343e-04 [a.u.]
*     Autoadjust: special case: ===> drop temp step to: 3.783e-04 [a.u.]
*     Autoadjust: Lowering the temperature 3.783e-04 [a.u.]
*
**********************************************************************
*
*                 -- Autoadjust Metropolis Run --
*
*   autoadjust_temp_init  =  3.2809e-04
*   autoadjust_temp_step  =  3.7834e-04
*        autoadjust_runs  =        1240         configs per temp
*       autoadjust_count  =           5
*
**********************************************************************
*
* Metropolis: 3 temperature runs with these parameters:
*
*              runs  =      1240              loops per T
*               T_0  = 3.281e-04             initial temp
*               T_L  = 3.278e-04               final temp
*           T_alpha  = 7.996e+03          annealing alpha
*
*            T = T_0 * exp( -run_num**3 / T_alpha )
*
**********************************************************************
*H run      Temp       E_ion        E_ss   cel vol       SigPF       ar     ortho        pCnt          % Rejected Changes
*H                                                                                                 trn      rot      lat      swp
*T   1  3.28e-04  -1.066e+00  +0.000e+00    720.09   2.215e-02    7.984     0.301   6.799e+00   100.00     0.00    90.97     0.00
*T   2  3.28e-04  -1.067e+00  +0.000e+00    811.35   2.197e-02    9.111     0.301   3.627e+00   100.00     0.00    92.50     0.00
*T   3  3.28e-04  -1.068e+00  +0.000e+00    810.98   2.069e-02    9.071     0.304   5.945e+00   100.00     0.00    91.21     0.00
*
**********************************************************************
*
*                 -- AUTOADJUST [5] OUT --
*
*     target: lo % = 95.000000      hi % = 99.900000
*     Autoadjust % = 91.209677
*     Autoadjust: special case: (T-Tstep) = -5.025e-05 [a.u.]
*     Autoadjust: special case: ===> drop temp step to: 1.703e-04 [a.u.]
*     Autoadjust: Lowering the temperature 1.703e-04 [a.u.]
*
**********************************************************************
*
*                 -- Autoadjust Metropolis Run --
*
*   autoadjust_temp_init  =  1.5784e-04
*   autoadjust_temp_step  =  1.7025e-04
*        autoadjust_runs  =        1250         configs per temp
*       autoadjust_count  =           6
*
**********************************************************************
*
* Metropolis: 3 temperature runs with these parameters:
*
*              runs  =      1250              loops per T
*               T_0  = 1.578e-04             initial temp
*               T_L  = 1.577e-04               final temp
*           T_alpha  = 7.996e+03          annealing alpha
*
*            T = T_0 * exp( -run_num**3 / T_alpha )
*
**********************************************************************
*H run      Temp       E_ion        E_ss   cel vol       SigPF       ar     ortho        pCnt          % Rejected Changes
*H                                                                                                 trn      rot      lat      swp
*T   1  1.58e-04  -1.068e+00  +0.000e+00    814.27   2.099e-02    9.205     0.301   1.840e+00   100.00     0.00    95.36     0.00
*T   2  1.58e-04  -1.069e+00  +0.000e+00    833.06   2.087e-02    9.411     0.303   4.411e+00   100.00     0.00    96.80     0.00
*T   3  1.58e-04  -1.069e+00  +0.000e+00    862.03   2.043e-02    9.761     0.302   1.574e+00   100.00     0.00    96.32     0.00
*
**********************************************************************
*
*                 -- AUTOADJUST [6] OUT --
*
*     target: lo % = 95.000000      hi % = 99.900000
*     Autoadjust % = 96.320000
*     Autoadjust: temp = 1.578e-04  is good!  Exiting autoadjust.
*
**********************************************************************
*
*
*          -- Initializing cell contents --
*
*
*
**********************************************************************
*
*            -- Starting Metropolis calculation --
*
*              temp_init  = 4.438e-03
*
**********************************************************************
*
* Metropolis: 15 temperature runs with these parameters:
*
*              runs  =      7200              loops per T
*               T_0  = 4.438e-03             initial temp
*               T_L  = 1.578e-04               final temp
*           T_alpha  = 8.225e+02          annealing alpha
*
*            T = T_0 * exp( -run_num**3 / T_alpha )
*
**********************************************************************
*H run      Temp       E_ion        E_ss   cel vol       SigPF       ar     ortho        pCnt          % Rejected Changes
*H                                                                                                 trn      rot      lat      swp
*M   1  4.44e-03  -1.109e+00  +0.000e+00     63.23   2.155e-01    1.681     0.371   4.902e+02    99.78     0.00    79.28     0.00
*M   2  4.43e-03  -1.171e+00  +0.000e+00     54.67   2.800e-01    1.931     0.424   2.521e+01    99.89     0.00    85.85     0.00
*M   3  4.39e-03  -1.152e+00  +0.000e+00     57.03   2.927e-01    2.041     0.468   8.254e+00   100.00     0.00    88.44     0.00
*M   4  4.29e-03  -1.173e+00  +0.000e+00     53.84   3.003e-01    1.803     0.435   4.534e+00   100.00     0.00    88.57     0.00
*M   5  4.11e-03  -1.164e+00  +0.000e+00     55.83   3.115e-01    1.903     0.450   4.909e+00   100.00     0.00    91.38     0.00
*M   6  3.81e-03  -1.173e+00  +0.000e+00     52.04   3.093e-01    1.792     0.472   4.937e+00   100.00     0.00    90.89     0.00
*M   7  3.41e-03  -1.172e+00  +0.000e+00     53.93   3.193e-01    1.933     0.479   3.064e+00   100.00     0.00    93.25     0.00
*M   8  2.92e-03  -1.170e+00  +0.000e+00     53.44   3.201e-01    1.895     0.495   8.448e+00   100.00     0.00    93.82     0.00
*M   9  2.38e-03  -1.176e+00  +0.000e+00     52.00   3.247e-01    1.772     0.478   3.067e+00   100.00     0.00    94.97     0.00
*M  10  1.83e-03  -1.189e+00  +0.000e+00     51.51   3.301e-01    1.850     0.472   4.309e+00   100.00     0.00    96.44     0.00
*M  11  1.32e-03  -1.184e+00  +0.000e+00     52.04   3.309e-01    1.820     0.466   2.563e+00   100.00     0.00    96.93     0.00
*M  12  8.80e-04  -1.187e+00  +0.000e+00     51.49   3.335e-01    1.824     0.469   7.777e+00   100.00     0.00    98.17     0.00
*M  13  5.43e-04  -1.190e+00  +0.000e+00     51.19   3.364e-01    1.822     0.462   7.811e+00   100.00     0.00    98.90     0.01
*M  14  3.07e-04  -1.190e+00  +0.000e+00     51.22   3.383e-01    1.825     0.463   1.325e+00   100.00     0.00    99.36     0.00
*M  15  1.58e-04  -1.191e+00  +0.000e+00     51.14   3.388e-01    1.825     0.463   1.142e+00   100.00     0.00    99.64     0.00
*
**********************************************************************
*
*
*          - Parameters at Post Ewald-Metro -
*
* Lattice parameters:
*
*             lat a  =    7.1278
*             lat b  =    3.9666
*             lat c  =    3.9056
*             alpha  =  107.0108
*             beta   =  108.9564
*             gamma  =   29.3282
*          cell vol  =   51.1432
*          cv/ortho  =    0.4632
*
* Energies:
*               ecc  = -1.1910e+00
*               eng  =  0.0000e+00
*
*
* Geometry:
*
*      packing frac  =    0.5093
*      aspect ratio  =    1.8250
*
* (dE/dV):
*                Px  =  5.9920e-03                    x-dir
*                Py  =  6.4712e-03                    y-dir
*                Pz  =  1.0825e-02                    z-dir
*
* Distances (PBC only):
*                                 min           hard           diff
*           ca1_ca1  =   1.000000e+06   2.320000e+00   9.999977e+05
*           ca1_ca2  =   1.000000e+06   1.160000e+00   9.999988e+05
*           ca1_ac1  =   2.830124e+00   2.830000e+00   1.235065e-04
*           ca1_av1  =   1.000000e+06  -1.000000e+00   1.000001e+06
*           ca1_ac2  =   1.000000e+06  -1.000000e+00   1.000001e+06
*           ca1_av2  =   1.000000e+06  -1.000000e+00   1.000001e+06
*           ca2_ca2  =   1.000000e+06   0.000000e+00   1.000000e+06
*           ca2_ac1  =   1.000000e+06   1.670000e+00   9.999983e+05
*           ca2_av1  =   1.000000e+06  -1.000000e+00   1.000001e+06
*           ca2_ac2  =   1.000000e+06  -1.000000e+00   1.000001e+06
*           ca2_av2  =   1.000000e+06  -1.000000e+00   1.000001e+06
*           ac1_ac1  =   1.000000e+06   3.340000e+00   9.999967e+05
*           ac1_av1  =   1.000000e+06  -1.000000e+00   1.000001e+06
*           ac1_ac2  =   1.000000e+06  -1.000000e+00   1.000001e+06
*           ac1_av2  =   1.000000e+06  -1.000000e+00   1.000001e+06
*           av1_av1  =   1.000000e+06  -1.000000e+00   1.000001e+06
*           av1_av2  =   1.000000e+06  -1.000000e+00   1.000001e+06
*           av2_av2  =   1.000000e+06  -1.000000e+00   1.000001e+06
*
*
*
**********************************************************************
*
*         - Comparing with 'best' structure -
*
****************************************************************
*
*          best ecc  = -1.1920e+00
*          best eng  =  0.0000e+00
*           ecc+eng  = -1.1920e+00
*          best vol  =  5.1243e+01
*           best pf  =  5.0831e-01
*
*     post_runs ecc  = -1.1910e+00
*     post_runs eng  =  0.0000e+00
*           ecc+eng  = -1.1910e+00
*     post_runs vol  =  5.1143e+01
*      post_runs pf  =  5.0930e-01
*
*       dV / V_runs  =  1.9470e-03
*
*          ecc_diff  = -9.8640e-04
*          eng_diff  =  0.0000e+00
*
*
****************************************************************
*
*  mag_ecc_diff > mag_eng_diff AND within BEST_VOL AND
* 'best' has lower energy than post runs! --> swapping.
*
****************************************************************
*
*
*          - Parameters at Post 'best-swap' -
*
* Lattice parameters:
*
*             lat a  =    7.1424
*             lat b  =    4.0165
*             lat c  =    3.7409
*             alpha  =  106.1959
*             beta   =  108.2939
*             gamma  =   30.1971
*          cell vol  =   51.2428
*          cv/ortho  =    0.4775
*
* Energies:
*               ecc  = -1.1920e+00
*               eng  =  0.0000e+00
*
*
* Geometry:
*
*      packing frac  =    0.5083
*      aspect ratio  =    1.9093
*
* (dE/dV):
*                Px  =  6.6069e-03                    x-dir
*                Py  =  8.1402e-03                    y-dir
*                Pz  =  8.5148e-03                    z-dir
*
* Distances (PBC only):
*                                 min           hard           diff
*           ca1_ca1  =   1.000000e+06   2.320000e+00   9.999977e+05
*           ca1_ca2  =   1.000000e+06   1.160000e+00   9.999988e+05
*           ca1_ac1  =   2.833812e+00   2.830000e+00   3.811794e-03
*           ca1_av1  =   1.000000e+06  -1.000000e+00   1.000001e+06
*           ca1_ac2  =   1.000000e+06  -1.000000e+00   1.000001e+06
*           ca1_av2  =   1.000000e+06  -1.000000e+00   1.000001e+06
*           ca2_ca2  =   1.000000e+06   0.000000e+00   1.000000e+06
*           ca2_ac1  =   1.000000e+06   1.670000e+00   9.999983e+05
*           ca2_av1  =   1.000000e+06  -1.000000e+00   1.000001e+06
*           ca2_ac2  =   1.000000e+06  -1.000000e+00   1.000001e+06
*           ca2_av2  =   1.000000e+06  -1.000000e+00   1.000001e+06
*           ac1_ac1  =   1.000000e+06   3.340000e+00   9.999967e+05
*           ac1_av1  =   1.000000e+06  -1.000000e+00   1.000001e+06
*           ac1_ac2  =   1.000000e+06  -1.000000e+00   1.000001e+06
*           ac1_av2  =   1.000000e+06  -1.000000e+00   1.000001e+06
*           av1_av1  =   1.000000e+06  -1.000000e+00   1.000001e+06
*           av1_av2  =   1.000000e+06  -1.000000e+00   1.000001e+06
*           av2_av2  =   1.000000e+06  -1.000000e+00   1.000001e+06
*
*
*
**********************************************************************
*
*         - Final Simplex relaxation with restarts -
*
**********************************************************************
*
*
****************************************************************
*
*
*        - Simplex Minimiziation Routine -
*
*
* Note: No aspect ratio constraint.
*
*
*            n_simp  =        15                   D.O.F.
*         simp_nmax  =      4500                max moves
*       simp_errlim  =  1.00e-08
*
*
*         - Initializing simplex arrays -
*
*
*      nfunk           rtol        pf        ar     ortho             e_ion              e_ss             e_tot
*X        12     1.6291e+00   0.50831   1.90929   0.47749    -1.1920281e+00     0.0000000e+00    -1.1920281e+00
*X      2000     7.2566e-08   0.50989   1.90046   0.47647    -1.1933072e+00     0.0000000e+00    -1.1933072e+00
*
*         simp_runs  =      2674               simp moves
*              rtol  =  9.99e-09               final rtol
*
* Simplex restart no. 1 of 10
*
*         - Initializing simplex arrays -
*
*
*      nfunk           rtol        pf        ar     ortho             e_ion              e_ss             e_tot
*X        11     1.6475e+00   0.51011   1.88694   0.47509    -1.1933737e+00     0.0000000e+00    -1.1933737e+00
*
*         simp_runs  =      1052               simp moves
*              rtol  =  9.97e-09               final rtol
*
* Simplex restart no. 2 of 10
*
*         - Initializing simplex arrays -
*
*
*      nfunk           rtol        pf        ar     ortho             e_ion              e_ss             e_tot
*X        11     1.6505e+00   0.51015   1.88734   0.47508    -1.1934204e+00     0.0000000e+00    -1.1934204e+00
*
*         simp_runs  =       813               simp moves
*              rtol  =  9.44e-09               final rtol
*
* Simplex restart no. 3 of 10
*
*         - Initializing simplex arrays -
*
*
*      nfunk           rtol        pf        ar     ortho             e_ion              e_ss             e_tot
*X        11     1.6505e+00   0.51015   1.88735   0.47508    -1.1934205e+00     0.0000000e+00    -1.1934205e+00
*
*         simp_runs  =       821               simp moves
*              rtol  =  9.98e-09               final rtol
*
* Simplex restart no. 4 of 10
*
*         - Initializing simplex arrays -
*
*
*      nfunk           rtol        pf        ar     ortho             e_ion              e_ss             e_tot
*X        11     1.6505e+00   0.51015   1.88735   0.47508    -1.1934205e+00     0.0000000e+00    -1.1934205e+00
*
*         simp_runs  =       839               simp moves
*              rtol  =  9.90e-09               final rtol
*
* Simplex restart no. 5 of 10
*
*         - Initializing simplex arrays -
*
*
*      nfunk           rtol        pf        ar     ortho             e_ion              e_ss             e_tot
*X        11     1.6505e+00   0.51015   1.88735   0.47508    -1.1934205e+00     0.0000000e+00    -1.1934205e+00
*
*         simp_runs  =       831               simp moves
*              rtol  =  9.95e-09               final rtol
*
* Simplex restart no. 6 of 10
*
*         - Initializing simplex arrays -
*
*
*      nfunk           rtol        pf        ar     ortho             e_ion              e_ss             e_tot
*X        11     1.6505e+00   0.51015   1.88735   0.47508    -1.1934205e+00     0.0000000e+00    -1.1934205e+00
*
*         simp_runs  =       831               simp moves
*              rtol  =  9.95e-09               final rtol
*
* Simplex restart no. 7 of 10
*
*         - Initializing simplex arrays -
*
*
*      nfunk           rtol        pf        ar     ortho             e_ion              e_ss             e_tot
*X        11     1.6505e+00   0.51015   1.88735   0.47508    -1.1934205e+00     0.0000000e+00    -1.1934205e+00
*
*         simp_runs  =       831               simp moves
*              rtol  =  9.95e-09               final rtol
*
* Simplex restart no. 8 of 10
*
*         - Initializing simplex arrays -
*
*
*      nfunk           rtol        pf        ar     ortho             e_ion              e_ss             e_tot
*X        11     1.6505e+00   0.51015   1.88735   0.47508    -1.1934205e+00     0.0000000e+00    -1.1934205e+00
*
*         simp_runs  =       831               simp moves
*              rtol  =  9.95e-09               final rtol
*
* Simplex restart no. 9 of 10
*
*         - Initializing simplex arrays -
*
*
*      nfunk           rtol        pf        ar     ortho             e_ion              e_ss             e_tot
*X        11     1.6505e+00   0.51015   1.88735   0.47508    -1.1934205e+00     0.0000000e+00    -1.1934205e+00
*
*         simp_runs  =       831               simp moves
*              rtol  =  9.95e-09               final rtol
*
* Simplex restart no. 10 of 10
*
*         - Initializing simplex arrays -
*
*
*      nfunk           rtol        pf        ar     ortho             e_ion              e_ss             e_tot
*X        11     1.6505e+00   0.51015   1.88735   0.47508    -1.1934205e+00     0.0000000e+00    -1.1934205e+00
*
*         simp_runs  =       831               simp moves
*              rtol  =  9.95e-09               final rtol
*
****************************************************************
*
*          - Parameters at Post Simplex -
*
* Lattice parameters:
*
*             lat a  =    7.1192
*             lat b  =    4.0022
*             lat c  =    3.7721
*             alpha  =  106.2216
*             beta   =  108.3048
*             gamma  =   30.0303
*          cell vol  =   51.0588
*          cv/ortho  =    0.4751
*
* Energies:
*               ecc  = -1.1934e+00
*               eng  =  0.0000e+00
*
*
* Geometry:
*
*      packing frac  =    0.5101
*      aspect ratio  =    1.8873
*
* (dE/dV):
*                Px  =  6.3758e-03                    x-dir
*                Py  =  1.0000e+04                    y-dir
*                Pz  =  9.0732e-03                    z-dir
*
* Distances (PBC only):
*                                 min           hard           diff
*           ca1_ca1  =   1.000000e+06   2.320000e+00   9.999977e+05
*           ca1_ca2  =   1.000000e+06   1.160000e+00   9.999988e+05
*           ca1_ac1  =   2.830000e+00   2.830000e+00   7.496910e-10
*           ca1_av1  =   1.000000e+06  -1.000000e+00   1.000001e+06
*           ca1_ac2  =   1.000000e+06  -1.000000e+00   1.000001e+06
*           ca1_av2  =   1.000000e+06  -1.000000e+00   1.000001e+06
*           ca2_ca2  =   1.000000e+06   0.000000e+00   1.000000e+06
*           ca2_ac1  =   1.000000e+06   1.670000e+00   9.999983e+05
*           ca2_av1  =   1.000000e+06  -1.000000e+00   1.000001e+06
*           ca2_ac2  =   1.000000e+06  -1.000000e+00   1.000001e+06
*           ca2_av2  =   1.000000e+06  -1.000000e+00   1.000001e+06
*           ac1_ac1  =   1.000000e+06   3.340000e+00   9.999967e+05
*           ac1_av1  =   1.000000e+06  -1.000000e+00   1.000001e+06
*           ac1_ac2  =   1.000000e+06  -1.000000e+00   1.000001e+06
*           ac1_av2  =   1.000000e+06  -1.000000e+00   1.000001e+06
*           av1_av1  =   1.000000e+06  -1.000000e+00   1.000001e+06
*           av1_av2  =   1.000000e+06  -1.000000e+00   1.000001e+06
*           av2_av2  =   1.000000e+06  -1.000000e+00   1.000001e+06
*
*
***********************************************************
*        - Process and timing information -
*
* user time:   0 h 00 m 20.843785 s
* syst time:   0 h 00 m 00.006999 s
* signals: 0
* voluntary context switches: 7
* involuntary context switches: 21
*
***********************************************************
*SS symsearch output
*SS ( use:  | awk '($1=="*S"){print $0}' | sed 's/*S //' > temp.out )
*S Title
*S 1                 search type
*S 5.0 0.00001       displacement rms max min
*S 0.1 0.00001       strain rms max min
*S 1                 lattice input type
*S      7.11921     0.00000     0.00000
*S      3.46493     2.00292     0.00000
*S     -1.18470    -0.05608     3.58076
*S 1 0 0
*S 0 1 0
*S 0 0 1
*S 2                 number of atoms
*S 11 0
*S      0.74439     0.59836     0.47621
*S      0.33351     0.61469     0.03386
*FF findsym output
*FF ( use:  | awk '($1=="*F"){print $0}' | sed 's/*F //' > temp.out )
*F Title
*F 0.001       displacement rms max min
*F 1                 lattice input type
*F      7.11921     0.00000     0.00000
*F      3.46493     2.00292     0.00000
*F     -1.18470    -0.05608     3.58076
*F 1               basis vector in type
*F 1 0 0
*F 0 1 0
*F 0 0 1
*F 2                 number of atoms
*F 11 0
*F      0.74439     0.59836     0.47621
*F      0.33351     0.61469     0.03386
*DD powder output
*DD (use: | awk '($1=="*D"){print $0}' | sed 's/*D //' > temp.out )
*D 2
*D      7.11921     4.00218     3.77207
*D    106.22155   108.30483    30.03025
*D      0.74439     0.59836     0.47621        11
*D      0.33351     0.61469     0.03386         0
*PP poscar output
*PP (use: | awk '($1=="*P"){print $0}' | sed 's/*P //' > temp.out )
*P Z: 11 17 
*P 1.0 
*P      7.11920621     0.00000000     0.00000000
*P      3.46492955     2.00291823     0.00000000
*P     -1.18470413    -0.05608065     3.58076173
*P 1 1 0 
*P Direct
*P       0.744391964703      0.598357101084      0.476206985901
*P       0.333510562688      0.614688230797      0.033862117776
*QQ poscar output
*QQ (use: | awk '($1=="*Q"){print $0}' | sed 's/*Q //' > temp.out )
*Q +1.000000000000 -1.000000000000 
*Q 1.0 
*Q      7.11920621     0.00000000     0.00000000
*Q      3.46492955     2.00291823     0.00000000
*Q     -1.18470413    -0.05608065     3.58076173
*Q 1 1 0 
*Q Direct
*Q       0.744391964703      0.598357101084      0.476206985901
*Q       0.333510562688      0.614688230797      0.033862117776
*RR restart output
*RR (use: | awk '($1=="*R"){print $0}' | sed 's/*R //' > temp.out )
*R     7.119206208437    4.002176681267    3.772071511755
*R     1.853915831102    1.890275943905    0.524126812316
*R      1
*R      1     1
*R   -1.000000000000000   0.000000000000000
*R     0.000000000000    1.670000000000    0.000000000000    17     0
*R      1
*R      1   1.000000000000000
*R     1.160000000000    11
*R     0.744391964703    0.598357101084    0.476206985901
*R     0.333510562688    0.614688230797    0.033862117776
* XBS output
* CATION:
atom C     6.808580713    1.171754346    1.705183752
spec C     1.160000000    1.000000000    0.000000000    0.000000000
* ANION:
atom A     4.464065290    1.229271253    0.121252175
spec A     1.670000000    0.000000000    0.000000000    1.000000000
spec V     0.000000000    0.000000000    1.000000000    0.000000000
bonds A V  0.000000000    0.000000000    0.010000000    Black
* CELL PARAMETERS AND BORDER
atom 0    0.00000   0.00000   0.00000
atom 1    7.11921   0.00000   0.00000
atom 2   10.58414   2.00292   0.00000
atom 3    3.46493   2.00292   0.00000
atom 4   -1.18470  -0.05608   3.58076
atom 5    5.93450  -0.05608   3.58076
atom 6    9.39943   1.94684   3.58076
atom 7    2.28023   1.94684   3.58076
spec 0     0.050000000    0.000000000    0.000000000    0.000000000
spec 1     0.050000000    0.000000000    0.000000000    0.000000000
spec 2     0.050000000    0.000000000    0.000000000    0.000000000
spec 3     0.050000000    0.000000000    0.000000000    0.000000000
spec 4     0.050000000    0.000000000    0.000000000    0.000000000
spec 5     0.050000000    0.000000000    0.000000000    0.000000000
spec 6     0.050000000    0.000000000    0.000000000    0.000000000
spec 7     0.050000000    0.000000000    0.000000000    0.000000000
bonds 0 1  7.112087002    7.126325415    0.010000000    Black
bonds 3 2  7.112087002    7.126325415    0.010000000    Black
bonds 4 5  7.112087002    7.126325415    0.010000000    Black
bonds 6 7  7.112087002    7.126325415    0.010000000    Black
bonds 1 2  3.998174505    4.006178858    0.010000000    Black
bonds 0 3  3.998174505    4.006178858    0.010000000    Black
bonds 5 6  3.998174505    4.006178858    0.010000000    Black
bonds 4 7  3.998174505    4.006178858    0.010000000    Black
bonds 0 4  3.768299440    3.775843583    0.010000000    Black
bonds 1 5  3.768299440    3.775843583    0.010000000    Black
bonds 2 6  3.768299440    3.775843583    0.010000000    Black
bonds 3 7  3.768299440    3.775843583    0.010000000    Black
inc 5.000000
dup    7.11921   0.00000   0.00000
dup    3.46493   2.00292   0.00000
dup   -1.18470  -0.05608   3.58076
