*************************************************
*	pack	(version 4.12.0.5)
*	Eric Majzoub
*	Sandia National Laboratories
*************************************************
*  Source file: main.c
*  Compile date: Dec 27 2012
*  Compile time: 17:19:04
*  commandline = /projects/e20438/bin/pack-4.12.0.5/pack_exe -f ../../NaCl_pegs.in -P -R -r 300 -t 15 -g 32147 
*  input file = ../../NaCl_pegs.in
**********************************************************************
**********************************************************************
**********************************************************************
* 
*       - General run comments -
* 
* WARN: no Rotations in Metropolis (-R flag).
* WARN: all anionic charge on center atom (-P flag).
*
**********************************************************************
*           - Input parameters -
*
*           restart  =         0         1 = restart calc
*        autoadjust  =         1   automatically set temp
*          aa_using  =         1        1=rej pct, 2=pCnt
*         basin hop  =         0           number of hops
*     non_per_ewald  =         0          1=nanopart calc
*
*             lat a  =   10.0000
*             lat b  =   10.0000
*             lat c  =   10.0000
*             alpha  =    1.5708
*             beta   =    1.5708
*             gamma  =    1.5708
*          cell vol  = 1000.0000
*      sqsh vol pct  =    0.2000
* 
*          cell_min  =    1.6700              min lat vec
*          cell_max  =  167.0000              max lat vec
* 
*         n_type_an  =         1          num type anions
*            num_an  =         1           tot num anions
* 
*          num_an_1  =         1        num anions type 1
*        num_vert_1  =         1     1=sph 2=dim 5=tet...
*       an_chrg_c_1  =   -1.0000      anion center charge
*       an_chrg_v_1  =    0.0000      anion vertex charge
*     tot_an_chrg_1  =   -1.0000       total anion charge
*           Rcent_1  =    1.6700         anion center rad
*           Rvert_1  =    0.0000         anion vertex rad
*             cvd_1  =    0.0000        cent to vert dist
*           Zcent_1  =        17           anion center Z
*           Zvert_1  =         0           anion vertex Z
* 
*          num_an_2  =         0        num anions type 2
*        num_vert_2  =         0     1=sph 2=dim 5=tet...
*       an_chrg_c_2  =    0.0000      anion center charge
*       an_chrg_v_2  =    0.0000      anion vertex charge
*     tot_an_chrg_2  =    0.0000       total anion charge
*           Rcent_2  =    0.0000         anion center rad
*           Rvert_2  =    0.0000         anion vertex rad
*             cvd_2  =    0.0000        cent to vert dist
*           Zcent_2  =         0           anion center Z
*           Zvert_2  =         0           anion vertex Z
* 
*         n_type_ca  =         1            num type cats
*            num_ca  =         1          tot num cations
* 
*          num_ca_1  =         1        num cations typ 1
*         ca_chrg_1  =    1.0000        cation chrg typ 1
*            Rcat_1  =    1.1600         cation rad typ 1
*            Zcat_1  =        11           cation Z typ 1
* 
*            C2VTOL  =  1.00e-08            c2v tolerance
*            ERRLIM  =  1.00e-06
*       REP_EPSILON  =  1.00e+00        soft sphere repul
*    TRANS_FRAC_MAX  =    0.5000                    fixed
*    TRANS_FRAC_MIN  =    0.0200
*      MAX_ANG_CHNG  =    9.9695                  degrees
*    VOLUM_FRAC_MAX  =    0.0700
*         EXT_PRESS  =  0.00e+00        external pressure
*      SQSH_VOL_PCT  =    0.2000             min orth val
*        ASPECT_MAX  =   20.0000                cell parm
*            dplane  =    1.6700            min plane sep
*      SCALE_FACTOR  =    1.2500         bhop max scaling
* 
*            d.o.f.  =        12       degrees of freedom
*          runs/dof  =       300         loops per d.o.f.
*              runs  =      3600              loops per T
*               ncc  =     14400     config changes per T
*            t_runs  =        15           num temp steps
*             efunc  =         0               0=SS  1=LJ
*       N_HALT_CHNG  =        15      halts after N 100%s
*
*      anneal_sched  =         3   0=lin or exp(-run_n^n)
*         temp_init  =  1.00e+00             initial temp
*         temp_finl  =  1.00e-03               final temp
* 
*          trn_chng  =         1              0=off  1=on
*          rot_chng  =         0              0=off  1=on
*          lat_chng  =         1              0=off  1=on
*          swp_chng  =         1              0=off  1=on
* 
*     SIMP_RESTARTS  =        11     no. simplex restarts
*  SIMP_RESTARTS BH  =        21  basin hop simp restarts
*         SIMP_NMAX  =      4500        max simplex iters
*          SIMP_DEG  =    1.0000          anion start deg
*         SIMP_LAMB  =    0.0100        vertex start frac
*       SIMP_ERRLIM  =  1.00e-08              error limit
* 
*           aa runs  =      1200           config changes
*      aa runs_step  =        10   config change increase
*       aa runs_max  =      1500  max auto config changes
*         aa t_runs  =         3            num temp runs
*      aa temp_step  =    0.5000                temp step
* 
*        aa chng hi  =         3  1=trn 2=rot 3=lat 4=swp
*        aa chng lo  =         3  1=trn 2=rot 3=lat 4=swp
* 
*      aa ht_pct_hi  =     0.650             high rej pct
*      aa ht_pct_lo  =     0.600             low  rej pct
* 
*      aa lt_pct_hi  =     0.999             high rej pct
*      aa lt_pct_lo  =     0.950             low  rej pct
* 
*            tmpfile =                   PR20595-best.tmp
* 
* Checking for out of bounds fractional coords.
*
**********************************************************************
*
*          - Parameters at START -
*
* Lattice parameters:
*
*             lat a  =   10.0000
*             lat b  =   10.0000
*             lat c  =   10.0000
*             alpha  =   90.0000
*             beta   =   90.0000
*             gamma  =   90.0000
*          cell vol  = 1000.0000
*          cv/ortho  =    1.0000
*
* Energies:
*               ecc  = -4.5628e-01
*               eng  =  0.0000e+00
*
*
* Geometry:
*
*      packing frac  =    0.0260
*      aspect ratio  =    1.0000
*
* (dE/dV):
*                Px  = -1.0436e-05                    x-dir
*                Py  =  2.4126e-04                    y-dir
*                Pz  =  2.2545e-04                    z-dir
*
* Distances (PBC only):
*                                 min           hard           diff
*           ca1_ca1  =   1.000000e+06   2.320000e+00   9.999977e+05
*           ca1_ca2  =   1.000000e+06   1.160000e+00   9.999988e+05
*           ca1_ac1  =   6.039312e+00   2.830000e+00   3.209312e+00
*           ca1_av1  =   1.000000e+06  -1.000000e+00   1.000001e+06
*           ca1_ac2  =   1.000000e+06  -1.000000e+00   1.000001e+06
*           ca1_av2  =   1.000000e+06  -1.000000e+00   1.000001e+06
*           ca2_ca2  =   1.000000e+06   0.000000e+00   1.000000e+06
*           ca2_ac1  =   1.000000e+06   1.670000e+00   9.999983e+05
*           ca2_av1  =   1.000000e+06  -1.000000e+00   1.000001e+06
*           ca2_ac2  =   1.000000e+06  -1.000000e+00   1.000001e+06
*           ca2_av2  =   1.000000e+06  -1.000000e+00   1.000001e+06
*           ac1_ac1  =   1.000000e+06   3.340000e+00   9.999967e+05
*           ac1_av1  =   1.000000e+06  -1.000000e+00   1.000001e+06
*           ac1_ac2  =   1.000000e+06  -1.000000e+00   1.000001e+06
*           ac1_av2  =   1.000000e+06  -1.000000e+00   1.000001e+06
*           av1_av1  =   1.000000e+06  -1.000000e+00   1.000001e+06
*           av1_av2  =   1.000000e+06  -1.000000e+00   1.000001e+06
*           av2_av2  =   1.000000e+06  -1.000000e+00   1.000001e+06
*
*
*
**********************************************************************
*
* ------------------------------------------------------------
*              Autoadjust high temperatrure:
* ------------------------------------------------------------
*              Autoadjusting on 3 (1=trn,2=rot,3=lat,4=swp)
*
**********************************************************************
*
*                 -- Autoadjust Metropolis Run --
*
*   autoadjust_temp_init  =  1.0000e+00
*   autoadjust_temp_step  =  5.0000e-01
*        autoadjust_runs  =        1200         configs per temp
*       autoadjust_count  =           1
*
**********************************************************************
*
* Metropolis: 3 temperature runs with these parameters:
*
*              runs  =      1200              loops per T
*               T_0  = 1.000e+00             initial temp
*               T_L  = 1.000e+00               final temp
*           T_alpha  = 8.000e+09          annealing alpha
*
*            T = T_0 * exp( -run_num**3 / T_alpha )
*
**********************************************************************
*H run      Temp       E_ion        E_ss   cel vol       SigPF       ar     ortho        pCnt          % Rejected Changes
*H                                                                                                 trn      rot      lat      swp
*T   1  1.00e+00  -9.829e-01  +0.000e+00     93.95   1.158e-01    1.289     0.744   1.349e-01    36.17     0.00     4.00     0.00
*T   2  1.00e+00  -7.569e-01  +0.000e+00    204.79   1.046e-01    1.178     0.233   2.217e-01    49.17     0.00     5.75     0.00
*T   3  1.00e+00  -3.568e-01  +0.000e+00   1866.05   3.148e-02    4.114     0.283   4.468e-02    15.25     0.00     4.67     0.00
*
**********************************************************************
*
*                 -- AUTOADJUST [1] OUT --
*
*     target: lo % = 60.000000      hi % = 65.000000
*     Autoadjust % =  4.666667
*     Autoadjust: Lowering the temperature 5.000e-01 [a.u.]
*
**********************************************************************
*
*                 -- Autoadjust Metropolis Run --
*
*   autoadjust_temp_init  =  5.0000e-01
*   autoadjust_temp_step  =  5.0000e-01
*        autoadjust_runs  =        1210         configs per temp
*       autoadjust_count  =           2
*
**********************************************************************
*
* Metropolis: 3 temperature runs with these parameters:
*
*              runs  =      1210              loops per T
*               T_0  = 5.000e-01             initial temp
*               T_L  = 4.995e-01               final temp
*           T_alpha  = 7.996e+03          annealing alpha
*
*            T = T_0 * exp( -run_num**3 / T_alpha )
*
**********************************************************************
*H run      Temp       E_ion        E_ss   cel vol       SigPF       ar     ortho        pCnt          % Rejected Changes
*H                                                                                                 trn      rot      lat      swp
*T   1  5.00e-01  -6.123e-01  +0.000e+00  10764.85   9.085e-03    5.365     0.233   9.229e-02    15.12     0.00     4.38     0.00
*T   2  5.00e-01  +1.970e-01  +0.000e+00   1976.86   1.160e-02    3.734     0.277   1.909e-01    24.38     0.00     2.64     0.00
*T   3  4.99e-01  -4.471e-01  +0.000e+00    166.33   4.357e-02    2.372     0.732   2.056e-01    25.45     0.00     3.39     0.00
*
**********************************************************************
*
*                 -- AUTOADJUST [2] OUT --
*
*     target: lo % = 60.000000      hi % = 65.000000
*     Autoadjust % =  3.388430
*     Autoadjust: special case: (T-Tstep) = 0.000e+00 [a.u.]
*     Autoadjust: special case: ===> drop temp step to: 2.250e-01 [a.u.]
*     Autoadjust: Lowering the temperature 2.250e-01 [a.u.]
*
**********************************************************************
*
*                 -- Autoadjust Metropolis Run --
*
*   autoadjust_temp_init  =  2.7500e-01
*   autoadjust_temp_step  =  2.2500e-01
*        autoadjust_runs  =        1220         configs per temp
*       autoadjust_count  =           3
*
**********************************************************************
*
* Metropolis: 3 temperature runs with these parameters:
*
*              runs  =      1220              loops per T
*               T_0  = 2.750e-01             initial temp
*               T_L  = 2.747e-01               final temp
*           T_alpha  = 7.996e+03          annealing alpha
*
*            T = T_0 * exp( -run_num**3 / T_alpha )
*
**********************************************************************
*H run      Temp       E_ion        E_ss   cel vol       SigPF       ar     ortho        pCnt          % Rejected Changes
*H                                                                                                 trn      rot      lat      swp
*T   1  2.75e-01  -4.638e-01  +0.000e+00    336.41   6.804e-02    1.917     0.484   3.542e-01    53.93     0.00     5.16     0.00
*T   2  2.75e-01  -6.137e-01  +0.000e+00    337.87   3.291e-02    1.512     0.260   2.639e-01    31.72     0.00     5.49     0.00
*T   3  2.75e-01  -3.767e-01  +0.000e+00   1195.37   2.554e-02    4.442     0.377   1.717e-01    29.02     0.00     5.33     0.00
*
**********************************************************************
*
*                 -- AUTOADJUST [3] OUT --
*
*     target: lo % = 60.000000      hi % = 65.000000
*     Autoadjust % =  5.327869
*     Autoadjust: Lowering the temperature 2.250e-01 [a.u.]
*
**********************************************************************
*
*                 -- Autoadjust Metropolis Run --
*
*   autoadjust_temp_init  =  5.0000e-02
*   autoadjust_temp_step  =  2.2500e-01
*        autoadjust_runs  =        1230         configs per temp
*       autoadjust_count  =           4
*
**********************************************************************
*
* Metropolis: 3 temperature runs with these parameters:
*
*              runs  =      1230              loops per T
*               T_0  = 5.000e-02             initial temp
*               T_L  = 4.995e-02               final temp
*           T_alpha  = 7.996e+03          annealing alpha
*
*            T = T_0 * exp( -run_num**3 / T_alpha )
*
**********************************************************************
*H run      Temp       E_ion        E_ss   cel vol       SigPF       ar     ortho        pCnt          % Rejected Changes
*H                                                                                                 trn      rot      lat      swp
*T   1  5.00e-02  -9.041e-01  +0.000e+00    251.75   7.725e-02    1.564     0.594   4.058e+00    82.03     0.00    24.96     0.00
*T   2  5.00e-02  -8.612e-01  +0.000e+00    494.80   1.420e-01    2.535     0.599   6.659e+00    91.63     0.00    22.36     0.00
*T   3  5.00e-02  -8.645e-01  +0.000e+00    155.26   5.829e-02    3.602     0.375   2.580e+00    94.47     0.00    26.10     0.00
*
**********************************************************************
*
*                 -- AUTOADJUST [4] OUT --
*
*     target: lo % = 60.000000      hi % = 65.000000
*     Autoadjust % = 26.097561
*     Autoadjust: special case: (T-Tstep) = -1.750e-01 [a.u.]
*     Autoadjust: special case: ===> drop temp step to: 1.013e-01 [a.u.]
*     Autoadjust: special case: (T-Tstep) = -5.125e-02 [a.u.]
*     Autoadjust: special case: ===> drop temp step to: 4.556e-02 [a.u.]
*     Autoadjust: Lowering the temperature 4.556e-02 [a.u.]
*
**********************************************************************
*
*                 -- Autoadjust Metropolis Run --
*
*   autoadjust_temp_init  =  4.4375e-03
*   autoadjust_temp_step  =  4.5563e-02
*        autoadjust_runs  =        1240         configs per temp
*       autoadjust_count  =           5
*
**********************************************************************
*
* Metropolis: 3 temperature runs with these parameters:
*
*              runs  =      1240              loops per T
*               T_0  = 4.438e-03             initial temp
*               T_L  = 4.433e-03               final temp
*           T_alpha  = 7.996e+03          annealing alpha
*
*            T = T_0 * exp( -run_num**3 / T_alpha )
*
**********************************************************************
*H run      Temp       E_ion        E_ss   cel vol       SigPF       ar     ortho        pCnt          % Rejected Changes
*H                                                                                                 trn      rot      lat      swp
*T   1  4.44e-03  -1.025e+00  +0.000e+00    104.68   1.522e-01    2.956     0.387   3.429e+01    99.84     0.00    81.21     0.00
*T   2  4.44e-03  -1.037e+00  +0.000e+00     98.06   1.593e-01    3.165     0.393   1.906e+00   100.00     0.00    84.60     0.00
*T   3  4.43e-03  -1.030e+00  +0.000e+00    101.19   1.578e-01    3.109     0.387   2.005e+00   100.00     0.00    82.34     0.00
*
**********************************************************************
*
*                 -- AUTOADJUST [5] OUT --
*
*     target: lo % = 60.000000      hi % = 65.000000
*     Autoadjust % = 82.338710
*     Autoadjust: overshot! drop temp step to: 2.050e-02 [a.u.]
*     Autoadjust: Raising the temperature 2.050e-02 [a.u.]
*
**********************************************************************
*
*                 -- Autoadjust Metropolis Run --
*
*   autoadjust_temp_init  =  2.4941e-02
*   autoadjust_temp_step  =  2.0503e-02
*        autoadjust_runs  =        1250         configs per temp
*       autoadjust_count  =           6
*
**********************************************************************
*
* Metropolis: 3 temperature runs with these parameters:
*
*              runs  =      1250              loops per T
*               T_0  = 2.494e-02             initial temp
*               T_L  = 2.492e-02               final temp
*           T_alpha  = 7.996e+03          annealing alpha
*
*            T = T_0 * exp( -run_num**3 / T_alpha )
*
**********************************************************************
*H run      Temp       E_ion        E_ss   cel vol       SigPF       ar     ortho        pCnt          % Rejected Changes
*H                                                                                                 trn      rot      lat      swp
*T   1  2.49e-02  -1.037e+00  +0.000e+00     80.70   1.184e-01    1.491     0.427   4.364e+00    95.52     0.00    39.44     0.00
*T   2  2.49e-02  -1.043e+00  +0.000e+00     76.60   1.874e-01    2.126     0.427   4.752e+00    97.84     0.00    51.68     0.00
*T   3  2.49e-02  -9.708e-01  +0.000e+00     93.19   1.827e-01    2.481     0.590   3.288e+00    97.28     0.00    50.80     0.00
*
**********************************************************************
*
*                 -- AUTOADJUST [6] OUT --
*
*     target: lo % = 60.000000      hi % = 65.000000
*     Autoadjust % = 50.800000
*     Autoadjust: overshot! drop temp step to: 9.226e-03 [a.u.]
*     Autoadjust: Lowering the temperature 9.226e-03 [a.u.]
*
**********************************************************************
*
*                 -- Autoadjust Metropolis Run --
*
*   autoadjust_temp_init  =  1.5714e-02
*   autoadjust_temp_step  =  9.2264e-03
*        autoadjust_runs  =        1260         configs per temp
*       autoadjust_count  =           7
*
**********************************************************************
*
* Metropolis: 3 temperature runs with these parameters:
*
*              runs  =      1260              loops per T
*               T_0  = 1.571e-02             initial temp
*               T_L  = 1.570e-02               final temp
*           T_alpha  = 7.996e+03          annealing alpha
*
*            T = T_0 * exp( -run_num**3 / T_alpha )
*
**********************************************************************
*H run      Temp       E_ion        E_ss   cel vol       SigPF       ar     ortho        pCnt          % Rejected Changes
*H                                                                                                 trn      rot      lat      swp
*T   1  1.57e-02  -1.014e+00  +0.000e+00     98.39   2.089e-01    1.575     0.374   9.451e+00    98.65     0.00    67.86     0.00
*T   2  1.57e-02  -1.092e+00  +0.000e+00     70.64   2.070e-01    1.499     0.391   2.869e+00    98.57     0.00    67.38     0.00
*T   3  1.57e-02  -1.041e+00  +0.000e+00     62.95   2.279e-01    1.478     0.629   6.905e+00    98.97     0.00    63.97     0.00
*
**********************************************************************
*
*                 -- AUTOADJUST [7] OUT --
*
*     target: lo % = 60.000000      hi % = 65.000000
*     Autoadjust % = 63.968254
*     Autoadjust: temp = 1.571e-02  is good!  Exiting autoadjust.
*
**********************************************************************
*
* ------------------------------------------------------------
*              Autoadjust low temperatrure:
* ------------------------------------------------------------
*              Autoadjusting on 3 (1=trn,2=rot,3=lat,4=swp)
*
**********************************************************************
*
*                 -- Autoadjust Metropolis Run --
*
*   autoadjust_temp_init  =  2.0000e-02
*   autoadjust_temp_step  =  5.0000e-01
*        autoadjust_runs  =        1200         configs per temp
*       autoadjust_count  =           1
*
**********************************************************************
*
* Metropolis: 3 temperature runs with these parameters:
*
*              runs  =      1200              loops per T
*               T_0  = 2.000e-02             initial temp
*               T_L  = 2.000e-02               final temp
*           T_alpha  = 1.600e+08          annealing alpha
*
*            T = T_0 * exp( -run_num**3 / T_alpha )
*
**********************************************************************
*H run      Temp       E_ion        E_ss   cel vol       SigPF       ar     ortho        pCnt          % Rejected Changes
*H                                                                                                 trn      rot      lat      swp
*T   1  2.00e-02  -1.038e+00  +0.000e+00     76.12   2.688e-01    1.276     0.759   7.203e+00    99.17     0.00    58.67     0.00
*T   2  2.00e-02  -1.170e+00  +0.000e+00     53.79   2.418e-01    1.024     0.692   5.969e+00    99.08     0.00    58.50     0.00
*T   3  2.00e-02  -1.066e+00  +0.000e+00     62.00   2.668e-01    1.712     0.615   3.373e+00    99.58     0.00    61.00     0.00
*
**********************************************************************
*
*                 -- AUTOADJUST [1] OUT --
*
*     target: lo % = 95.000000      hi % = 99.900000
*     Autoadjust % = 61.000000
*     Autoadjust: special case: (T-Tstep) = -4.800e-01 [a.u.]
*     Autoadjust: special case: ===> drop temp step to: 2.250e-01 [a.u.]
*     Autoadjust: special case: (T-Tstep) = -2.050e-01 [a.u.]
*     Autoadjust: special case: ===> drop temp step to: 1.013e-01 [a.u.]
*     Autoadjust: special case: (T-Tstep) = -8.125e-02 [a.u.]
*     Autoadjust: special case: ===> drop temp step to: 4.556e-02 [a.u.]
*     Autoadjust: special case: (T-Tstep) = -2.556e-02 [a.u.]
*     Autoadjust: special case: ===> drop temp step to: 2.050e-02 [a.u.]
*     Autoadjust: special case: (T-Tstep) = -5.031e-04 [a.u.]
*     Autoadjust: special case: ===> drop temp step to: 9.226e-03 [a.u.]
*     Autoadjust: Lowering the temperature 9.226e-03 [a.u.]
*
**********************************************************************
*
*                 -- Autoadjust Metropolis Run --
*
*   autoadjust_temp_init  =  1.0774e-02
*   autoadjust_temp_step  =  9.2264e-03
*        autoadjust_runs  =        1210         configs per temp
*       autoadjust_count  =           2
*
**********************************************************************
*
* Metropolis: 3 temperature runs with these parameters:
*
*              runs  =      1210              loops per T
*               T_0  = 1.077e-02             initial temp
*               T_L  = 1.076e-02               final temp
*           T_alpha  = 7.996e+03          annealing alpha
*
*            T = T_0 * exp( -run_num**3 / T_alpha )
*
**********************************************************************
*H run      Temp       E_ion        E_ss   cel vol       SigPF       ar     ortho        pCnt          % Rejected Changes
*H                                                                                                 trn      rot      lat      swp
*T   1  1.08e-02  -1.126e+00  +0.000e+00     54.37   2.811e-01    1.306     0.731   9.248e+00    99.34     0.00    70.99     0.00
*T   2  1.08e-02  -1.141e+00  +0.000e+00     50.89   2.684e-01    1.328     0.718   4.559e+00    99.75     0.00    73.97     0.00
*T   3  1.08e-02  -1.089e+00  +0.000e+00     66.27   2.546e-01    1.410     0.797   4.889e+00    99.83     0.00    76.12     0.00
*
**********************************************************************
*
*                 -- AUTOADJUST [2] OUT --
*
*     target: lo % = 95.000000      hi % = 99.900000
*     Autoadjust % = 76.115702
*     Autoadjust: Lowering the temperature 9.226e-03 [a.u.]
*
**********************************************************************
*
*                 -- Autoadjust Metropolis Run --
*
*   autoadjust_temp_init  =  1.5472e-03
*   autoadjust_temp_step  =  9.2264e-03
*        autoadjust_runs  =        1220         configs per temp
*       autoadjust_count  =           3
*
**********************************************************************
*
* Metropolis: 3 temperature runs with these parameters:
*
*              runs  =      1220              loops per T
*               T_0  = 1.547e-03             initial temp
*               T_L  = 1.546e-03               final temp
*           T_alpha  = 7.996e+03          annealing alpha
*
*            T = T_0 * exp( -run_num**3 / T_alpha )
*
**********************************************************************
*H run      Temp       E_ion        E_ss   cel vol       SigPF       ar     ortho        pCnt          % Rejected Changes
*H                                                                                                 trn      rot      lat      swp
*T   1  1.55e-03  -1.137e+00  +0.000e+00     61.65   2.708e-01    1.322     0.791   2.313e+02    99.92     0.00    95.98     0.00
*T   2  1.55e-03  -1.138e+00  +0.000e+00     61.87   2.784e-01    1.307     0.787   1.053e+00   100.00     0.00    98.03     0.00
*T   3  1.55e-03  -1.140e+00  +0.000e+00     61.13   2.756e-01    1.326     0.789   1.361e+00   100.00     0.00    97.46     0.00
*
**********************************************************************
*
*                 -- AUTOADJUST [3] OUT --
*
*     target: lo % = 95.000000      hi % = 99.900000
*     Autoadjust % = 97.459016
*     Autoadjust: temp = 1.547e-03  is good!  Exiting autoadjust.
*
**********************************************************************
*
*
*          -- Initializing cell contents --
*
*
*
**********************************************************************
*
*            -- Starting Metropolis calculation --
*
*              temp_init  = 1.571e-02
*
**********************************************************************
*
* Metropolis: 15 temperature runs with these parameters:
*
*              runs  =      3600              loops per T
*               T_0  = 1.571e-02             initial temp
*               T_L  = 1.547e-03               final temp
*           T_alpha  = 1.184e+03          annealing alpha
*
*            T = T_0 * exp( -run_num**3 / T_alpha )
*
**********************************************************************
*H run      Temp       E_ion        E_ss   cel vol       SigPF       ar     ortho        pCnt          % Rejected Changes
*H                                                                                                 trn      rot      lat      swp
*M   1  1.57e-02  -1.062e+00  +0.000e+00     56.49   1.850e-01    1.440     0.898   2.139e+01    98.36     0.00    55.69     0.00
*M   2  1.57e-02  -1.003e+00  +0.000e+00    103.80   2.338e-01    1.378     0.945   4.697e+00    99.25     0.00    62.22     0.00
*M   3  1.56e-02  -1.112e+00  +0.000e+00     51.87   2.594e-01    1.089     0.987   6.440e+00    99.31     0.00    64.17     0.00
*M   4  1.54e-02  -1.135e+00  +0.000e+00     55.46   2.657e-01    1.189     0.863   3.224e+00    99.67     0.00    65.75     0.00
*M   5  1.49e-02  -1.142e+00  +0.000e+00     51.76   2.572e-01    1.227     0.885   5.224e+00    99.72     0.00    64.22     0.00
*M   6  1.41e-02  -1.139e+00  +0.000e+00     55.28   2.535e-01    1.296     0.735   4.493e+00    99.61     0.00    68.06     0.00
*M   7  1.31e-02  -1.157e+00  +0.000e+00     56.55   2.412e-01    1.135     0.860   9.671e+00    99.14     0.00    65.19     0.00
*M   8  1.18e-02  -1.160e+00  +0.000e+00     48.90   2.712e-01    1.226     0.935   6.053e+00    99.83     0.00    69.14     0.00
*M   9  1.02e-02  -1.161e+00  +0.000e+00     46.60   3.071e-01    1.292     0.904   3.139e+00    99.92     0.00    75.28     0.00
*M  10  8.49e-03  -1.155e+00  +0.000e+00     49.44   3.068e-01    1.352     0.803   3.101e+00    99.89     0.00    79.61     0.00
*M  11  6.75e-03  -1.138e+00  +0.000e+00     52.64   3.012e-01    1.278     0.836   8.054e+00    99.92     0.00    82.31     0.00
*M  12  5.10e-03  -1.189e+00  +0.000e+00     47.12   3.216e-01    1.189     0.835   8.212e+00    99.94     0.00    85.44     0.00
*M  13  3.65e-03  -1.181e+00  +0.000e+00     46.19   3.497e-01    1.144     0.787   2.596e+00   100.00     0.00    89.22     0.00
*M  14  2.46e-03  -1.181e+00  +0.000e+00     48.40   3.612e-01    1.144     0.852   2.343e+00   100.00     0.00    94.36     0.00
*M  15  1.55e-03  -1.190e+00  +0.000e+00     47.45   3.615e-01    1.178     0.846   3.647e+00   100.00     0.00    95.81     0.00
*
**********************************************************************
*
*
*          - Parameters at Post Ewald-Metro -
*
* Lattice parameters:
*
*             lat a  =    3.8230
*             lat b  =    3.5288
*             lat c  =    4.1582
*             alpha  =   89.3455
*             beta   =   57.8834
*             gamma  =   92.0591
*          cell vol  =   47.4508
*          cv/ortho  =    0.8459
*
* Energies:
*               ecc  = -1.1904e+00
*               eng  =  0.0000e+00
*
*
* Geometry:
*
*      packing frac  =    0.5489
*      aspect ratio  =    1.1784
*
* (dE/dV):
*                Px  =  5.6043e-03                    x-dir
*                Py  =  8.7756e-03                    y-dir
*                Pz  =  1.0707e-02                    z-dir
*
* Distances (PBC only):
*                                 min           hard           diff
*           ca1_ca1  =   1.000000e+06   2.320000e+00   9.999977e+05
*           ca1_ca2  =   1.000000e+06   1.160000e+00   9.999988e+05
*           ca1_ac1  =   2.846196e+00   2.830000e+00   1.619626e-02
*           ca1_av1  =   1.000000e+06  -1.000000e+00   1.000001e+06
*           ca1_ac2  =   1.000000e+06  -1.000000e+00   1.000001e+06
*           ca1_av2  =   1.000000e+06  -1.000000e+00   1.000001e+06
*           ca2_ca2  =   1.000000e+06   0.000000e+00   1.000000e+06
*           ca2_ac1  =   1.000000e+06   1.670000e+00   9.999983e+05
*           ca2_av1  =   1.000000e+06  -1.000000e+00   1.000001e+06
*           ca2_ac2  =   1.000000e+06  -1.000000e+00   1.000001e+06
*           ca2_av2  =   1.000000e+06  -1.000000e+00   1.000001e+06
*           ac1_ac1  =   1.000000e+06   3.340000e+00   9.999967e+05
*           ac1_av1  =   1.000000e+06  -1.000000e+00   1.000001e+06
*           ac1_ac2  =   1.000000e+06  -1.000000e+00   1.000001e+06
*           ac1_av2  =   1.000000e+06  -1.000000e+00   1.000001e+06
*           av1_av1  =   1.000000e+06  -1.000000e+00   1.000001e+06
*           av1_av2  =   1.000000e+06  -1.000000e+00   1.000001e+06
*           av2_av2  =   1.000000e+06  -1.000000e+00   1.000001e+06
*
*
*
**********************************************************************
*
*         - Comparing with 'best' structure -
*
****************************************************************
*
*          best ecc  = -1.2084e+00
*          best eng  =  0.0000e+00
*           ecc+eng  = -1.2084e+00
*          best vol  =  4.8565e+01
*           best pf  =  5.3634e-01
*
*     post_runs ecc  = -1.1904e+00
*     post_runs eng  =  0.0000e+00
*           ecc+eng  = -1.1904e+00
*     post_runs vol  =  4.7451e+01
*      post_runs pf  =  5.4894e-01
*
*       dV / V_runs  =  2.3478e-02
*
*          ecc_diff  = -1.7980e-02
*          eng_diff  =  0.0000e+00
*
*
****************************************************************
*
*  mag_ecc_diff > mag_eng_diff AND within BEST_VOL AND
* 'best' has lower energy than post runs! --> swapping.
*
****************************************************************
*
*
*          - Parameters at Post 'best-swap' -
*
* Lattice parameters:
*
*             lat a  =    4.1343
*             lat b  =    4.0716
*             lat c  =    4.1110
*             alpha  =   58.7819
*             beta   =   93.1123
*             gamma  =   62.7182
*          cell vol  =   48.5648
*          cv/ortho  =    0.7018
*
* Energies:
*               ecc  = -1.2084e+00
*               eng  =  0.0000e+00
*
*
* Geometry:
*
*      packing frac  =    0.5363
*      aspect ratio  =    1.0154
*
* (dE/dV):
*                Px  =  8.5757e-03                    x-dir
*                Py  =  8.9207e-03                    y-dir
*                Pz  =  7.3849e-03                    z-dir
*
* Distances (PBC only):
*                                 min           hard           diff
*           ca1_ca1  =   1.000000e+06   2.320000e+00   9.999977e+05
*           ca1_ca2  =   1.000000e+06   1.160000e+00   9.999988e+05
*           ca1_ac1  =   2.837254e+00   2.830000e+00   7.253519e-03
*           ca1_av1  =   1.000000e+06  -1.000000e+00   1.000001e+06
*           ca1_ac2  =   1.000000e+06  -1.000000e+00   1.000001e+06
*           ca1_av2  =   1.000000e+06  -1.000000e+00   1.000001e+06
*           ca2_ca2  =   1.000000e+06   0.000000e+00   1.000000e+06
*           ca2_ac1  =   1.000000e+06   1.670000e+00   9.999983e+05
*           ca2_av1  =   1.000000e+06  -1.000000e+00   1.000001e+06
*           ca2_ac2  =   1.000000e+06  -1.000000e+00   1.000001e+06
*           ca2_av2  =   1.000000e+06  -1.000000e+00   1.000001e+06
*           ac1_ac1  =   1.000000e+06   3.340000e+00   9.999967e+05
*           ac1_av1  =   1.000000e+06  -1.000000e+00   1.000001e+06
*           ac1_ac2  =   1.000000e+06  -1.000000e+00   1.000001e+06
*           ac1_av2  =   1.000000e+06  -1.000000e+00   1.000001e+06
*           av1_av1  =   1.000000e+06  -1.000000e+00   1.000001e+06
*           av1_av2  =   1.000000e+06  -1.000000e+00   1.000001e+06
*           av2_av2  =   1.000000e+06  -1.000000e+00   1.000001e+06
*
*
*
**********************************************************************
*
*         - Final Simplex relaxation with restarts -
*
**********************************************************************
*
*
****************************************************************
*
*
*        - Simplex Minimiziation Routine -
*
*
* Note: No aspect ratio constraint.
*
*
*            n_simp  =        15                   D.O.F.
*         simp_nmax  =      4500                max moves
*       simp_errlim  =  1.00e-08
*
*
*         - Initializing simplex arrays -
*
*
*      nfunk           rtol        pf        ar     ortho             e_ion              e_ss             e_tot
*X        12     1.4809e+00   0.53634   1.01540   0.70180    -1.2083691e+00     0.0000000e+00    -1.2083691e+00
*X      2000     9.1529e-06   0.55290   1.03390   0.71041    -1.2188049e+00     0.0000000e+00    -1.2188049e+00
*X      4001     2.4306e-07   0.55735   1.04379   0.71879    -1.2195882e+00     0.0000000e+00    -1.2195882e+00
*
*         simp_runs  =      4501               simp moves
*              rtol  =  1.37e-07               final rtol
*
* Simplex restart no. 1 of 10
*
*         - Initializing simplex arrays -
*
*
*      nfunk           rtol        pf        ar     ortho             e_ion              e_ss             e_tot
*X        11     1.4505e+00   0.55862   1.04698   0.72137    -1.2196207e+00     0.0000000e+00    -1.2196207e+00
*
*         simp_runs  =      1791               simp moves
*              rtol  =  9.91e-09               final rtol
*
* Simplex restart no. 2 of 10
*
*         - Initializing simplex arrays -
*
*
*      nfunk           rtol        pf        ar     ortho             e_ion              e_ss             e_tot
*X        11     1.5299e+00   0.56124   1.04309   0.72115    -1.2216990e+00     0.0000000e+00    -1.2216990e+00
*
*         simp_runs  =       814               simp moves
*              rtol  =  9.47e-09               final rtol
*
* Simplex restart no. 3 of 10
*
*         - Initializing simplex arrays -
*
*
*      nfunk           rtol        pf        ar     ortho             e_ion              e_ss             e_tot
*X        11     1.5299e+00   0.56124   1.04309   0.72115    -1.2216992e+00     0.0000000e+00    -1.2216992e+00
*X      2001     2.3794e-08   0.57630   1.04773   0.73138    -1.2255224e+00     0.0000000e+00    -1.2255224e+00
*
*         simp_runs  =      2048               simp moves
*              rtol  =  9.55e-09               final rtol
*
* Simplex restart no. 4 of 10
*
*         - Initializing simplex arrays -
*
*
*      nfunk           rtol        pf        ar     ortho             e_ion              e_ss             e_tot
*X        11     1.4897e+00   0.57630   1.04773   0.73138    -1.2255224e+00     0.0000000e+00    -1.2255224e+00
*X      2001     2.2120e-08   0.57666   1.03413   0.72382    -1.2285219e+00     0.0000000e+00    -1.2285219e+00
*
*         simp_runs  =      2868               simp moves
*              rtol  =  8.84e-09               final rtol
*
* Simplex restart no. 5 of 10
*
*         - Initializing simplex arrays -
*
*
*      nfunk           rtol        pf        ar     ortho             e_ion              e_ss             e_tot
*X        11     1.4992e+00   0.57684   1.03412   0.72335    -1.2286011e+00     0.0000000e+00    -1.2286011e+00
*
*         simp_runs  =      1654               simp moves
*              rtol  =  8.93e-09               final rtol
*
* Simplex restart no. 6 of 10
*
*         - Initializing simplex arrays -
*
*
*      nfunk           rtol        pf        ar     ortho             e_ion              e_ss             e_tot
*X        11     1.5052e+00   0.57694   1.03410   0.72331    -1.2287142e+00     0.0000000e+00    -1.2287142e+00
*X      2001     1.5901e-05   0.56982   1.01770   0.71295    -1.2310117e+00     0.0000000e+00    -1.2310117e+00
*
*         simp_runs  =      2971               simp moves
*              rtol  =  9.35e-09               final rtol
*
* Simplex restart no. 7 of 10
*
*         - Initializing simplex arrays -
*
*
*      nfunk           rtol        pf        ar     ortho             e_ion              e_ss             e_tot
*X        11     1.4909e+00   0.56979   1.01755   0.71283    -1.2310194e+00     0.0000000e+00    -1.2310194e+00
*X      2001     1.1410e-06   0.57378   1.00047   0.70665    -1.2343420e+00     0.0000000e+00    -1.2343420e+00
*
*         simp_runs  =      3836               simp moves
*              rtol  =  9.05e-09               final rtol
*
* Simplex restart no. 8 of 10
*
*         - Initializing simplex arrays -
*
*
*      nfunk           rtol        pf        ar     ortho             e_ion              e_ss             e_tot
*X        11     1.4906e+00   0.57423   1.00266   0.70677    -1.2346659e+00     0.0000000e+00    -1.2346659e+00
*X      2001     2.7764e-08   0.57441   1.00271   0.70670    -1.2347953e+00     0.0000000e+00    -1.2347953e+00
*
*         simp_runs  =      2270               simp moves
*              rtol  =  9.25e-09               final rtol
*
* Simplex restart no. 9 of 10
*
*         - Initializing simplex arrays -
*
*
*      nfunk           rtol        pf        ar     ortho             e_ion              e_ss             e_tot
*X        11     1.4932e+00   0.57441   1.00271   0.70670    -1.2347955e+00     0.0000000e+00    -1.2347955e+00
*X      2000     1.9538e-08   0.57449   1.00224   0.70693    -1.2348523e+00     0.0000000e+00    -1.2348523e+00
*
*         simp_runs  =      2709               simp moves
*              rtol  =  9.74e-09               final rtol
*
* Simplex restart no. 10 of 10
*
*         - Initializing simplex arrays -
*
*
*      nfunk           rtol        pf        ar     ortho             e_ion              e_ss             e_tot
*X        11     1.4915e+00   0.57450   1.00224   0.70692    -1.2348537e+00     0.0000000e+00    -1.2348537e+00
*
*         simp_runs  =      1129               simp moves
*              rtol  =  9.92e-09               final rtol
*
****************************************************************
*
*          - Parameters at Post Simplex -
*
* Lattice parameters:
*
*             lat a  =    3.9977
*             lat b  =    4.0040
*             lat c  =    4.0067
*             alpha  =   59.4951
*             beta   =   90.0001
*             gamma  =   60.4899
*          cell vol  =   45.3368
*          cv/ortho  =    0.7069
*
* Energies:
*               ecc  = -1.2349e+00
*               eng  =  0.0000e+00
*
*
* Geometry:
*
*      packing frac  =    0.5745
*      aspect ratio  =    1.0022
*
* (dE/dV):
*                Px  =  9.1697e-03                    x-dir
*                Py  =  9.0855e-03                    y-dir
*                Pz  =  1.0000e+04                    z-dir
*
* Distances (PBC only):
*                                 min           hard           diff
*           ca1_ca1  =   1.000000e+06   2.320000e+00   9.999977e+05
*           ca1_ca2  =   1.000000e+06   1.160000e+00   9.999988e+05
*           ca1_ac1  =   2.830000e+00   2.830000e+00   3.802335e-07
*           ca1_av1  =   1.000000e+06  -1.000000e+00   1.000001e+06
*           ca1_ac2  =   1.000000e+06  -1.000000e+00   1.000001e+06
*           ca1_av2  =   1.000000e+06  -1.000000e+00   1.000001e+06
*           ca2_ca2  =   1.000000e+06   0.000000e+00   1.000000e+06
*           ca2_ac1  =   1.000000e+06   1.670000e+00   9.999983e+05
*           ca2_av1  =   1.000000e+06  -1.000000e+00   1.000001e+06
*           ca2_ac2  =   1.000000e+06  -1.000000e+00   1.000001e+06
*           ca2_av2  =   1.000000e+06  -1.000000e+00   1.000001e+06
*           ac1_ac1  =   1.000000e+06   3.340000e+00   9.999967e+05
*           ac1_av1  =   1.000000e+06  -1.000000e+00   1.000001e+06
*           ac1_ac2  =   1.000000e+06  -1.000000e+00   1.000001e+06
*           ac1_av2  =   1.000000e+06  -1.000000e+00   1.000001e+06
*           av1_av1  =   1.000000e+06  -1.000000e+00   1.000001e+06
*           av1_av2  =   1.000000e+06  -1.000000e+00   1.000001e+06
*           av2_av2  =   1.000000e+06  -1.000000e+00   1.000001e+06
*
*
***********************************************************
*        - Process and timing information -
*
* user time:   0 h 00 m 12.406978 s
* syst time:   0 h 00 m 00.020998 s
* signals: 0
* voluntary context switches: 7
* involuntary context switches: 11
*
***********************************************************
*SS symsearch output
*SS ( use:  | awk '($1=="*S"){print $0}' | sed 's/*S //' > temp.out )
*S Title
*S 1                 search type
*S 5.0 0.00001       displacement rms max min
*S 0.1 0.00001       strain rms max min
*S 1                 lattice input type
*S      3.99774     0.00000     0.00000
*S      1.97227     3.48455     0.00000
*S     -0.00001     2.33705     3.25454
*S 1 0 0
*S 0 1 0
*S 0 0 1
*S 2                 number of atoms
*S 11 0
*S      0.94007     0.58638     0.45113
*S      0.43996     0.58662     0.95101
*FF findsym output
*FF ( use:  | awk '($1=="*F"){print $0}' | sed 's/*F //' > temp.out )
*F Title
*F 0.001       displacement rms max min
*F 1                 lattice input type
*F      3.99774     0.00000     0.00000
*F      1.97227     3.48455     0.00000
*F     -0.00001     2.33705     3.25454
*F 1               basis vector in type
*F 1 0 0
*F 0 1 0
*F 0 0 1
*F 2                 number of atoms
*F 11 0
*F      0.94007     0.58638     0.45113
*F      0.43996     0.58662     0.95101
*DD powder output
*DD (use: | awk '($1=="*D"){print $0}' | sed 's/*D //' > temp.out )
*D 2
*D      3.99774     4.00399     4.00672
*D     59.49510    90.00009    60.48994
*D      0.94007     0.58638     0.45113        11
*D      0.43996     0.58662     0.95101         0
*PP poscar output
*PP (use: | awk '($1=="*P"){print $0}' | sed 's/*P //' > temp.out )
*P Z: 11 17 
*P 1.0 
*P      3.99774045     0.00000000     0.00000000
*P      1.97227084     3.48454935     0.00000000
*P     -0.00000635     2.33705245     3.25453916
*P 1 1 0 
*P Direct
*P       0.940074674722      0.586382201099      0.451130442667
*P       0.439955816833      0.586617896946      0.951011729028
*QQ poscar output
*QQ (use: | awk '($1=="*Q"){print $0}' | sed 's/*Q //' > temp.out )
*Q +1.000000000000 -1.000000000000 
*Q 1.0 
*Q      3.99774045     0.00000000     0.00000000
*Q      1.97227084     3.48454935     0.00000000
*Q     -0.00000635     2.33705245     3.25453916
*Q 1 1 0 
*Q Direct
*Q       0.940074674722      0.586382201099      0.451130442667
*Q       0.439955816833      0.586617896946      0.951011729028
*RR restart output
*RR (use: | awk '($1=="*R"){print $0}' | sed 's/*R //' > temp.out )
*R     3.997740453731    4.003990062815    4.006724262448
*R     1.038385327930    1.570797912691    1.055748630373
*R      1
*R      1     1
*R   -1.000000000000000   0.000000000000000
*R     0.000000000000    1.670000000000    0.000000000000    17     0
*R      1
*R      1   1.000000000000000
*R     1.160000000000    11
*R     0.940074674722    0.586382201099    0.451130442667
*R     0.439955816833    0.586617896946    0.951011729028
* XBS output
* CATION:
atom C     4.914676209    3.097593221    1.468221693
spec C     1.160000000    1.000000000    0.000000000    0.000000000
* ANION:
atom A     2.915792499    4.266663300    3.095104916
spec A     1.670000000    0.000000000    0.000000000    1.000000000
spec V     0.000000000    0.000000000    1.000000000    0.000000000
bonds A V  0.000000000    0.000000000    0.010000000    Black
* CELL PARAMETERS AND BORDER
atom 0    0.00000   0.00000   0.00000
atom 1    3.99774   0.00000   0.00000
atom 2    5.97001   3.48455   0.00000
atom 3    1.97227   3.48455   0.00000
atom 4   -0.00001   2.33705   3.25454
atom 5    3.99773   2.33705   3.25454
atom 6    5.97000   5.82160   3.25454
atom 7    1.97226   5.82160   3.25454
spec 0     0.050000000    0.000000000    0.000000000    0.000000000
spec 1     0.050000000    0.000000000    0.000000000    0.000000000
spec 2     0.050000000    0.000000000    0.000000000    0.000000000
spec 3     0.050000000    0.000000000    0.000000000    0.000000000
spec 4     0.050000000    0.000000000    0.000000000    0.000000000
spec 5     0.050000000    0.000000000    0.000000000    0.000000000
spec 6     0.050000000    0.000000000    0.000000000    0.000000000
spec 7     0.050000000    0.000000000    0.000000000    0.000000000
bonds 0 1  3.993742713    4.001738194    0.010000000    Black
bonds 3 2  3.993742713    4.001738194    0.010000000    Black
bonds 4 5  3.993742713    4.001738194    0.010000000    Black
bonds 6 7  3.993742713    4.001738194    0.010000000    Black
bonds 1 2  3.999986073    4.007994053    0.010000000    Black
bonds 0 3  3.999986073    4.007994053    0.010000000    Black
bonds 5 6  3.999986073    4.007994053    0.010000000    Black
bonds 4 7  3.999986073    4.007994053    0.010000000    Black
bonds 0 4  4.002717538    4.010730987    0.010000000    Black
bonds 1 5  4.002717538    4.010730987    0.010000000    Black
bonds 2 6  4.002717538    4.010730987    0.010000000    Black
bonds 3 7  4.002717538    4.010730987    0.010000000    Black
inc 5.000000
dup    3.99774   0.00000   0.00000
dup    1.97227   3.48455   0.00000
dup   -0.00001   2.33705   3.25454
