*************************************************
*	pack	(version 4.12.0.5)
*	Eric Majzoub
*	Sandia National Laboratories
*************************************************
*  Source file: main.c
*  Compile date: Dec 27 2012
*  Compile time: 17:19:04
*  commandline = /projects/e20438/bin/pack-4.12.0.5/pack_exe -f ../../NaCl_pegs.in -P -R -r 200 -t 15 -g 16144 
*  input file = ../../NaCl_pegs.in
**********************************************************************
**********************************************************************
**********************************************************************
* 
*       - General run comments -
* 
* WARN: no Rotations in Metropolis (-R flag).
* WARN: all anionic charge on center atom (-P flag).
*
**********************************************************************
*           - Input parameters -
*
*           restart  =         0         1 = restart calc
*        autoadjust  =         1   automatically set temp
*          aa_using  =         1        1=rej pct, 2=pCnt
*         basin hop  =         0           number of hops
*     non_per_ewald  =         0          1=nanopart calc
*
*             lat a  =   10.0000
*             lat b  =   10.0000
*             lat c  =   10.0000
*             alpha  =    1.5708
*             beta   =    1.5708
*             gamma  =    1.5708
*          cell vol  = 1000.0000
*      sqsh vol pct  =    0.2000
* 
*          cell_min  =    1.6700              min lat vec
*          cell_max  =  167.0000              max lat vec
* 
*         n_type_an  =         1          num type anions
*            num_an  =         1           tot num anions
* 
*          num_an_1  =         1        num anions type 1
*        num_vert_1  =         1     1=sph 2=dim 5=tet...
*       an_chrg_c_1  =   -1.0000      anion center charge
*       an_chrg_v_1  =    0.0000      anion vertex charge
*     tot_an_chrg_1  =   -1.0000       total anion charge
*           Rcent_1  =    1.6700         anion center rad
*           Rvert_1  =    0.0000         anion vertex rad
*             cvd_1  =    0.0000        cent to vert dist
*           Zcent_1  =        17           anion center Z
*           Zvert_1  =         0           anion vertex Z
* 
*          num_an_2  =         0        num anions type 2
*        num_vert_2  =         0     1=sph 2=dim 5=tet...
*       an_chrg_c_2  =    0.0000      anion center charge
*       an_chrg_v_2  =    0.0000      anion vertex charge
*     tot_an_chrg_2  =    0.0000       total anion charge
*           Rcent_2  =    0.0000         anion center rad
*           Rvert_2  =    0.0000         anion vertex rad
*             cvd_2  =    0.0000        cent to vert dist
*           Zcent_2  =         0           anion center Z
*           Zvert_2  =         0           anion vertex Z
* 
*         n_type_ca  =         1            num type cats
*            num_ca  =         1          tot num cations
* 
*          num_ca_1  =         1        num cations typ 1
*         ca_chrg_1  =    1.0000        cation chrg typ 1
*            Rcat_1  =    1.1600         cation rad typ 1
*            Zcat_1  =        11           cation Z typ 1
* 
*            C2VTOL  =  1.00e-08            c2v tolerance
*            ERRLIM  =  1.00e-06
*       REP_EPSILON  =  1.00e+00        soft sphere repul
*    TRANS_FRAC_MAX  =    0.5000                    fixed
*    TRANS_FRAC_MIN  =    0.0200
*      MAX_ANG_CHNG  =    9.9695                  degrees
*    VOLUM_FRAC_MAX  =    0.0700
*         EXT_PRESS  =  0.00e+00        external pressure
*      SQSH_VOL_PCT  =    0.2000             min orth val
*        ASPECT_MAX  =   20.0000                cell parm
*            dplane  =    1.6700            min plane sep
*      SCALE_FACTOR  =    1.2500         bhop max scaling
* 
*            d.o.f.  =        12       degrees of freedom
*          runs/dof  =       200         loops per d.o.f.
*              runs  =      2400              loops per T
*               ncc  =      9600     config changes per T
*            t_runs  =        15           num temp steps
*             efunc  =         0               0=SS  1=LJ
*       N_HALT_CHNG  =        15      halts after N 100%s
*
*      anneal_sched  =         3   0=lin or exp(-run_n^n)
*         temp_init  =  1.00e+00             initial temp
*         temp_finl  =  1.00e-03               final temp
* 
*          trn_chng  =         1              0=off  1=on
*          rot_chng  =         0              0=off  1=on
*          lat_chng  =         1              0=off  1=on
*          swp_chng  =         1              0=off  1=on
* 
*     SIMP_RESTARTS  =        11     no. simplex restarts
*  SIMP_RESTARTS BH  =        21  basin hop simp restarts
*         SIMP_NMAX  =      4500        max simplex iters
*          SIMP_DEG  =    1.0000          anion start deg
*         SIMP_LAMB  =    0.0100        vertex start frac
*       SIMP_ERRLIM  =  1.00e-08              error limit
* 
*           aa runs  =      1200           config changes
*      aa runs_step  =        10   config change increase
*       aa runs_max  =      1500  max auto config changes
*         aa t_runs  =         3            num temp runs
*      aa temp_step  =    0.5000                temp step
* 
*        aa chng hi  =         3  1=trn 2=rot 3=lat 4=swp
*        aa chng lo  =         3  1=trn 2=rot 3=lat 4=swp
* 
*      aa ht_pct_hi  =     0.650             high rej pct
*      aa ht_pct_lo  =     0.600             low  rej pct
* 
*      aa lt_pct_hi  =     0.999             high rej pct
*      aa lt_pct_lo  =     0.950             low  rej pct
* 
*            tmpfile =                   PR20398-best.tmp
* 
* Checking for out of bounds fractional coords.
*
**********************************************************************
*
*          - Parameters at START -
*
* Lattice parameters:
*
*             lat a  =   10.0000
*             lat b  =   10.0000
*             lat c  =   10.0000
*             alpha  =   90.0000
*             beta   =   90.0000
*             gamma  =   90.0000
*          cell vol  = 1000.0000
*          cv/ortho  =    1.0000
*
* Energies:
*               ecc  = -6.6573e-01
*               eng  =  0.0000e+00
*
*
* Geometry:
*
*      packing frac  =    0.0260
*      aspect ratio  =    1.0000
*
* (dE/dV):
*                Px  =  1.7488e-04                    x-dir
*                Py  =  2.4289e-04                    y-dir
*                Pz  =  2.4796e-04                    z-dir
*
* Distances (PBC only):
*                                 min           hard           diff
*           ca1_ca1  =   1.000000e+06   2.320000e+00   9.999977e+05
*           ca1_ca2  =   1.000000e+06   1.160000e+00   9.999988e+05
*           ca1_ac1  =   3.189368e+00   2.830000e+00   3.593680e-01
*           ca1_av1  =   1.000000e+06  -1.000000e+00   1.000001e+06
*           ca1_ac2  =   1.000000e+06  -1.000000e+00   1.000001e+06
*           ca1_av2  =   1.000000e+06  -1.000000e+00   1.000001e+06
*           ca2_ca2  =   1.000000e+06   0.000000e+00   1.000000e+06
*           ca2_ac1  =   1.000000e+06   1.670000e+00   9.999983e+05
*           ca2_av1  =   1.000000e+06  -1.000000e+00   1.000001e+06
*           ca2_ac2  =   1.000000e+06  -1.000000e+00   1.000001e+06
*           ca2_av2  =   1.000000e+06  -1.000000e+00   1.000001e+06
*           ac1_ac1  =   1.000000e+06   3.340000e+00   9.999967e+05
*           ac1_av1  =   1.000000e+06  -1.000000e+00   1.000001e+06
*           ac1_ac2  =   1.000000e+06  -1.000000e+00   1.000001e+06
*           ac1_av2  =   1.000000e+06  -1.000000e+00   1.000001e+06
*           av1_av1  =   1.000000e+06  -1.000000e+00   1.000001e+06
*           av1_av2  =   1.000000e+06  -1.000000e+00   1.000001e+06
*           av2_av2  =   1.000000e+06  -1.000000e+00   1.000001e+06
*
*
*
**********************************************************************
*
* ------------------------------------------------------------
*              Autoadjust high temperatrure:
* ------------------------------------------------------------
*              Autoadjusting on 3 (1=trn,2=rot,3=lat,4=swp)
*
**********************************************************************
*
*                 -- Autoadjust Metropolis Run --
*
*   autoadjust_temp_init  =  1.0000e+00
*   autoadjust_temp_step  =  5.0000e-01
*        autoadjust_runs  =        1200         configs per temp
*       autoadjust_count  =           1
*
**********************************************************************
*
* Metropolis: 3 temperature runs with these parameters:
*
*              runs  =      1200              loops per T
*               T_0  = 1.000e+00             initial temp
*               T_L  = 1.000e+00               final temp
*           T_alpha  = 8.000e+09          annealing alpha
*
*            T = T_0 * exp( -run_num**3 / T_alpha )
*
**********************************************************************
*H run      Temp       E_ion        E_ss   cel vol       SigPF       ar     ortho        pCnt          % Rejected Changes
*H                                                                                                 trn      rot      lat      swp
*T   1  1.00e+00  +1.647e-01  +0.000e+00   9969.49   3.601e-02    3.608     0.517   1.187e-01    22.17     0.00     2.00     0.00
*T   2  1.00e+00  -7.354e-01  +0.000e+00    496.04   2.008e-02    2.189     0.455   1.134e-01    23.92     0.00     2.58     0.00
*T   3  1.00e+00  -5.580e-01  +0.000e+00    394.19   2.549e-02    1.943     0.247   2.856e-02    15.50     0.00     2.08     0.00
*
**********************************************************************
*
*                 -- AUTOADJUST [1] OUT --
*
*     target: lo % = 60.000000      hi % = 65.000000
*     Autoadjust % =  2.083333
*     Autoadjust: Lowering the temperature 5.000e-01 [a.u.]
*
**********************************************************************
*
*                 -- Autoadjust Metropolis Run --
*
*   autoadjust_temp_init  =  5.0000e-01
*   autoadjust_temp_step  =  5.0000e-01
*        autoadjust_runs  =        1210         configs per temp
*       autoadjust_count  =           2
*
**********************************************************************
*
* Metropolis: 3 temperature runs with these parameters:
*
*              runs  =      1210              loops per T
*               T_0  = 5.000e-01             initial temp
*               T_L  = 4.995e-01               final temp
*           T_alpha  = 7.996e+03          annealing alpha
*
*            T = T_0 * exp( -run_num**3 / T_alpha )
*
**********************************************************************
*H run      Temp       E_ion        E_ss   cel vol       SigPF       ar     ortho        pCnt          % Rejected Changes
*H                                                                                                 trn      rot      lat      swp
*T   1  5.00e-01  -7.617e-01  +0.000e+00    240.77   3.669e-02    1.472     0.324   9.172e-02    27.69     0.00     3.72     0.00
*T   2  5.00e-01  -5.678e-01  +0.000e+00    377.21   4.462e-02    3.303     0.382   1.537e-01    35.54     0.00     3.97     0.00
*T   3  4.99e-01  -4.085e-01  +0.000e+00    876.95   2.103e-02    3.977     0.278   6.267e-02    27.69     0.00     2.64     0.00
*
**********************************************************************
*
*                 -- AUTOADJUST [2] OUT --
*
*     target: lo % = 60.000000      hi % = 65.000000
*     Autoadjust % =  2.644628
*     Autoadjust: special case: (T-Tstep) = 0.000e+00 [a.u.]
*     Autoadjust: special case: ===> drop temp step to: 2.250e-01 [a.u.]
*     Autoadjust: Lowering the temperature 2.250e-01 [a.u.]
*
**********************************************************************
*
*                 -- Autoadjust Metropolis Run --
*
*   autoadjust_temp_init  =  2.7500e-01
*   autoadjust_temp_step  =  2.2500e-01
*        autoadjust_runs  =        1220         configs per temp
*       autoadjust_count  =           3
*
**********************************************************************
*
* Metropolis: 3 temperature runs with these parameters:
*
*              runs  =      1220              loops per T
*               T_0  = 2.750e-01             initial temp
*               T_L  = 2.747e-01               final temp
*           T_alpha  = 7.996e+03          annealing alpha
*
*            T = T_0 * exp( -run_num**3 / T_alpha )
*
**********************************************************************
*H run      Temp       E_ion        E_ss   cel vol       SigPF       ar     ortho        pCnt          % Rejected Changes
*H                                                                                                 trn      rot      lat      swp
*T   1  2.75e-01  -6.138e-01  +0.000e+00    525.96   1.237e-02    2.299     0.438   3.410e-01    27.62     0.00     4.02     0.00
*T   2  2.75e-01  -5.807e-01  +0.000e+00    908.88   5.382e-02    3.012     0.531   4.132e-01    49.92     0.00     6.80     0.00
*T   3  2.75e-01  -4.952e-01  +0.000e+00    198.29   5.200e-02    3.234     0.470   3.511e-01    45.16     0.00     6.39     0.00
*
**********************************************************************
*
*                 -- AUTOADJUST [3] OUT --
*
*     target: lo % = 60.000000      hi % = 65.000000
*     Autoadjust % =  6.393443
*     Autoadjust: Lowering the temperature 2.250e-01 [a.u.]
*
**********************************************************************
*
*                 -- Autoadjust Metropolis Run --
*
*   autoadjust_temp_init  =  5.0000e-02
*   autoadjust_temp_step  =  2.2500e-01
*        autoadjust_runs  =        1230         configs per temp
*       autoadjust_count  =           4
*
**********************************************************************
*
* Metropolis: 3 temperature runs with these parameters:
*
*              runs  =      1230              loops per T
*               T_0  = 5.000e-02             initial temp
*               T_L  = 4.995e-02               final temp
*           T_alpha  = 7.996e+03          annealing alpha
*
*            T = T_0 * exp( -run_num**3 / T_alpha )
*
**********************************************************************
*H run      Temp       E_ion        E_ss   cel vol       SigPF       ar     ortho        pCnt          % Rejected Changes
*H                                                                                                 trn      rot      lat      swp
*T   1  5.00e-02  -9.899e-01  +0.000e+00    119.16   1.436e-01    1.092     0.419   4.667e+00    91.46     0.00    35.04     0.00
*T   2  5.00e-02  -8.844e-01  +0.000e+00    157.64   1.121e-01    1.515     0.782   2.065e+00    85.04     0.00    28.37     0.00
*T   3  5.00e-02  -8.330e-01  +0.000e+00    179.67   9.043e-02    2.656     0.502   2.426e+00    86.26     0.00    25.61     0.00
*
**********************************************************************
*
*                 -- AUTOADJUST [4] OUT --
*
*     target: lo % = 60.000000      hi % = 65.000000
*     Autoadjust % = 25.609756
*     Autoadjust: special case: (T-Tstep) = -1.750e-01 [a.u.]
*     Autoadjust: special case: ===> drop temp step to: 1.013e-01 [a.u.]
*     Autoadjust: special case: (T-Tstep) = -5.125e-02 [a.u.]
*     Autoadjust: special case: ===> drop temp step to: 4.556e-02 [a.u.]
*     Autoadjust: Lowering the temperature 4.556e-02 [a.u.]
*
**********************************************************************
*
*                 -- Autoadjust Metropolis Run --
*
*   autoadjust_temp_init  =  4.4375e-03
*   autoadjust_temp_step  =  4.5563e-02
*        autoadjust_runs  =        1240         configs per temp
*       autoadjust_count  =           5
*
**********************************************************************
*
* Metropolis: 3 temperature runs with these parameters:
*
*              runs  =      1240              loops per T
*               T_0  = 4.438e-03             initial temp
*               T_L  = 4.433e-03               final temp
*           T_alpha  = 7.996e+03          annealing alpha
*
*            T = T_0 * exp( -run_num**3 / T_alpha )
*
**********************************************************************
*H run      Temp       E_ion        E_ss   cel vol       SigPF       ar     ortho        pCnt          % Rejected Changes
*H                                                                                                 trn      rot      lat      swp
*T   1  4.44e-03  -1.023e+00  +0.000e+00    115.03   1.380e-01    2.222     0.327   7.293e+01    99.76     0.00    86.61     0.00
*T   2  4.44e-03  -1.087e+00  +0.000e+00     73.76   1.569e-01    1.710     0.341   1.735e+01    99.60     0.00    87.58     0.00
*T   3  4.43e-03  -1.107e+00  +0.000e+00     78.32   2.151e-01    1.618     0.363   4.082e+00    99.76     0.00    88.15     0.00
*
**********************************************************************
*
*                 -- AUTOADJUST [5] OUT --
*
*     target: lo % = 60.000000      hi % = 65.000000
*     Autoadjust % = 88.145161
*     Autoadjust: overshot! drop temp step to: 2.050e-02 [a.u.]
*     Autoadjust: Raising the temperature 2.050e-02 [a.u.]
*
**********************************************************************
*
*                 -- Autoadjust Metropolis Run --
*
*   autoadjust_temp_init  =  2.4941e-02
*   autoadjust_temp_step  =  2.0503e-02
*        autoadjust_runs  =        1250         configs per temp
*       autoadjust_count  =           6
*
**********************************************************************
*
* Metropolis: 3 temperature runs with these parameters:
*
*              runs  =      1250              loops per T
*               T_0  = 2.494e-02             initial temp
*               T_L  = 2.492e-02               final temp
*           T_alpha  = 7.996e+03          annealing alpha
*
*            T = T_0 * exp( -run_num**3 / T_alpha )
*
**********************************************************************
*H run      Temp       E_ion        E_ss   cel vol       SigPF       ar     ortho        pCnt          % Rejected Changes
*H                                                                                                 trn      rot      lat      swp
*T   1  2.49e-02  -1.008e+00  +0.000e+00     98.28   1.258e-01    1.316     0.589   5.567e+00    94.80     0.00    46.80     0.00
*T   2  2.49e-02  -1.082e+00  +0.000e+00     78.74   1.403e-01    1.294     0.592   6.087e+00    93.28     0.00    43.60     0.00
*T   3  2.49e-02  -1.061e+00  +0.000e+00     72.35   1.853e-01    1.602     0.588   3.487e+00    96.40     0.00    51.12     0.00
*
**********************************************************************
*
*                 -- AUTOADJUST [6] OUT --
*
*     target: lo % = 60.000000      hi % = 65.000000
*     Autoadjust % = 51.120000
*     Autoadjust: overshot! drop temp step to: 9.226e-03 [a.u.]
*     Autoadjust: Lowering the temperature 9.226e-03 [a.u.]
*
**********************************************************************
*
*                 -- Autoadjust Metropolis Run --
*
*   autoadjust_temp_init  =  1.5714e-02
*   autoadjust_temp_step  =  9.2264e-03
*        autoadjust_runs  =        1260         configs per temp
*       autoadjust_count  =           7
*
**********************************************************************
*
* Metropolis: 3 temperature runs with these parameters:
*
*              runs  =      1260              loops per T
*               T_0  = 1.571e-02             initial temp
*               T_L  = 1.570e-02               final temp
*           T_alpha  = 7.996e+03          annealing alpha
*
*            T = T_0 * exp( -run_num**3 / T_alpha )
*
**********************************************************************
*H run      Temp       E_ion        E_ss   cel vol       SigPF       ar     ortho        pCnt          % Rejected Changes
*H                                                                                                 trn      rot      lat      swp
*T   1  1.57e-02  -1.069e+00  +0.000e+00     72.45   2.367e-01    1.951     0.549   3.142e+00    99.68     0.00    67.06     0.00
*T   2  1.57e-02  -1.134e+00  +0.000e+00     47.45   2.547e-01    2.215     0.479   3.010e+00    99.29     0.00    63.17     0.00
*T   3  1.57e-02  -1.107e+00  +0.000e+00     61.94   2.336e-01    2.190     0.423   5.001e+00    99.13     0.00    59.13     0.00
*
**********************************************************************
*
*                 -- AUTOADJUST [7] OUT --
*
*     target: lo % = 60.000000      hi % = 65.000000
*     Autoadjust % = 59.126984
*     Autoadjust: Lowering the temperature 9.226e-03 [a.u.]
*
**********************************************************************
*
*                 -- Autoadjust Metropolis Run --
*
*   autoadjust_temp_init  =  6.4878e-03
*   autoadjust_temp_step  =  9.2264e-03
*        autoadjust_runs  =        1270         configs per temp
*       autoadjust_count  =           8
*
**********************************************************************
*
* Metropolis: 3 temperature runs with these parameters:
*
*              runs  =      1270              loops per T
*               T_0  = 6.488e-03             initial temp
*               T_L  = 6.481e-03               final temp
*           T_alpha  = 7.996e+03          annealing alpha
*
*            T = T_0 * exp( -run_num**3 / T_alpha )
*
**********************************************************************
*H run      Temp       E_ion        E_ss   cel vol       SigPF       ar     ortho        pCnt          % Rejected Changes
*H                                                                                                 trn      rot      lat      swp
*T   1  6.49e-03  -1.114e+00  +0.000e+00     59.79   2.591e-01    2.241     0.441   1.184e+01    99.76     0.00    83.15     0.00
*T   2  6.49e-03  -1.098e+00  +0.000e+00     64.18   2.590e-01    2.208     0.447   2.163e+00    99.92     0.00    84.65     0.00
*T   3  6.48e-03  -1.130e+00  +0.000e+00     62.00   2.454e-01    2.119     0.443   5.007e+00    99.84     0.00    84.33     0.00
*
**********************************************************************
*
*                 -- AUTOADJUST [8] OUT --
*
*     target: lo % = 60.000000      hi % = 65.000000
*     Autoadjust % = 84.330709
*     Autoadjust: overshot! drop temp step to: 4.152e-03 [a.u.]
*     Autoadjust: Raising the temperature 4.152e-03 [a.u.]
*
**********************************************************************
*
*                 -- Autoadjust Metropolis Run --
*
*   autoadjust_temp_init  =  1.0640e-02
*   autoadjust_temp_step  =  4.1519e-03
*        autoadjust_runs  =        1280         configs per temp
*       autoadjust_count  =           9
*
**********************************************************************
*
* Metropolis: 3 temperature runs with these parameters:
*
*              runs  =      1280              loops per T
*               T_0  = 1.064e-02             initial temp
*               T_L  = 1.063e-02               final temp
*           T_alpha  = 7.996e+03          annealing alpha
*
*            T = T_0 * exp( -run_num**3 / T_alpha )
*
**********************************************************************
*H run      Temp       E_ion        E_ss   cel vol       SigPF       ar     ortho        pCnt          % Rejected Changes
*H                                                                                                 trn      rot      lat      swp
*T   1  1.06e-02  -1.110e+00  +0.000e+00     65.93   2.456e-01    1.860     0.427   1.633e+00   100.00     0.00    80.78     0.00
*T   2  1.06e-02  -1.100e+00  +0.000e+00     63.34   2.347e-01    1.643     0.477   9.700e+00    99.84     0.00    74.69     0.00
*T   3  1.06e-02  -1.116e+00  +0.000e+00     68.67   2.416e-01    1.629     0.528   3.074e+00    99.84     0.00    73.36     0.00
*
**********************************************************************
*
*                 -- AUTOADJUST [9] OUT --
*
*     target: lo % = 60.000000      hi % = 65.000000
*     Autoadjust % = 73.359375
*     Autoadjust: Raising the temperature 4.152e-03 [a.u.]
*
**********************************************************************
*
*                 -- Autoadjust Metropolis Run --
*
*   autoadjust_temp_init  =  1.4792e-02
*   autoadjust_temp_step  =  4.1519e-03
*        autoadjust_runs  =        1290         configs per temp
*       autoadjust_count  =          10
*
**********************************************************************
*
* Metropolis: 3 temperature runs with these parameters:
*
*              runs  =      1290              loops per T
*               T_0  = 1.479e-02             initial temp
*               T_L  = 1.478e-02               final temp
*           T_alpha  = 7.996e+03          annealing alpha
*
*            T = T_0 * exp( -run_num**3 / T_alpha )
*
**********************************************************************
*H run      Temp       E_ion        E_ss   cel vol       SigPF       ar     ortho        pCnt          % Rejected Changes
*H                                                                                                 trn      rot      lat      swp
*T   1  1.48e-02  -1.032e+00  +0.000e+00     89.05   2.114e-01    1.955     0.469   6.285e+00    99.69     0.00    70.54     0.00
*T   2  1.48e-02  -1.166e+00  +0.000e+00     53.44   2.647e-01    1.680     0.429   8.041e+00    99.69     0.00    70.08     0.00
*T   3  1.48e-02  -1.074e+00  +0.000e+00     70.54   2.515e-01    1.717     0.441   3.930e+00    99.84     0.00    61.01     0.00
*
**********************************************************************
*
*                 -- AUTOADJUST [10] OUT --
*
*     target: lo % = 60.000000      hi % = 65.000000
*     Autoadjust % = 61.007752
*     Autoadjust: temp = 1.479e-02  is good!  Exiting autoadjust.
*
**********************************************************************
*
* ------------------------------------------------------------
*              Autoadjust low temperatrure:
* ------------------------------------------------------------
*              Autoadjusting on 3 (1=trn,2=rot,3=lat,4=swp)
*
**********************************************************************
*
*                 -- Autoadjust Metropolis Run --
*
*   autoadjust_temp_init  =  2.0000e-02
*   autoadjust_temp_step  =  5.0000e-01
*        autoadjust_runs  =        1200         configs per temp
*       autoadjust_count  =           1
*
**********************************************************************
*
* Metropolis: 3 temperature runs with these parameters:
*
*              runs  =      1200              loops per T
*               T_0  = 2.000e-02             initial temp
*               T_L  = 2.000e-02               final temp
*           T_alpha  = 1.600e+08          annealing alpha
*
*            T = T_0 * exp( -run_num**3 / T_alpha )
*
**********************************************************************
*H run      Temp       E_ion        E_ss   cel vol       SigPF       ar     ortho        pCnt          % Rejected Changes
*H                                                                                                 trn      rot      lat      swp
*T   1  2.00e-02  -1.005e+00  +0.000e+00     80.43   1.676e-01    1.741     0.657   5.515e+00    97.17     0.00    49.83     0.00
*T   2  2.00e-02  -1.057e+00  +0.000e+00    144.98   1.739e-01    1.836     0.637   3.546e+00    99.17     0.00    50.50     0.00
*T   3  2.00e-02  -9.690e-01  +0.000e+00    230.05   1.030e-01    2.104     0.615   2.033e+00    99.42     0.00    50.67     0.00
*
**********************************************************************
*
*                 -- AUTOADJUST [1] OUT --
*
*     target: lo % = 95.000000      hi % = 99.900000
*     Autoadjust % = 50.666667
*     Autoadjust: special case: (T-Tstep) = -4.800e-01 [a.u.]
*     Autoadjust: special case: ===> drop temp step to: 2.250e-01 [a.u.]
*     Autoadjust: special case: (T-Tstep) = -2.050e-01 [a.u.]
*     Autoadjust: special case: ===> drop temp step to: 1.013e-01 [a.u.]
*     Autoadjust: special case: (T-Tstep) = -8.125e-02 [a.u.]
*     Autoadjust: special case: ===> drop temp step to: 4.556e-02 [a.u.]
*     Autoadjust: special case: (T-Tstep) = -2.556e-02 [a.u.]
*     Autoadjust: special case: ===> drop temp step to: 2.050e-02 [a.u.]
*     Autoadjust: special case: (T-Tstep) = -5.031e-04 [a.u.]
*     Autoadjust: special case: ===> drop temp step to: 9.226e-03 [a.u.]
*     Autoadjust: Lowering the temperature 9.226e-03 [a.u.]
*
**********************************************************************
*
*                 -- Autoadjust Metropolis Run --
*
*   autoadjust_temp_init  =  1.0774e-02
*   autoadjust_temp_step  =  9.2264e-03
*        autoadjust_runs  =        1210         configs per temp
*       autoadjust_count  =           2
*
**********************************************************************
*
* Metropolis: 3 temperature runs with these parameters:
*
*              runs  =      1210              loops per T
*               T_0  = 1.077e-02             initial temp
*               T_L  = 1.076e-02               final temp
*           T_alpha  = 7.996e+03          annealing alpha
*
*            T = T_0 * exp( -run_num**3 / T_alpha )
*
**********************************************************************
*H run      Temp       E_ion        E_ss   cel vol       SigPF       ar     ortho        pCnt          % Rejected Changes
*H                                                                                                 trn      rot      lat      swp
*T   1  1.08e-02  -1.033e+00  +0.000e+00     92.29   1.109e-01    2.100     0.429   5.972e+00    99.75     0.00    62.15     0.00
*T   2  1.08e-02  -1.068e+00  +0.000e+00     65.40   2.209e-01    2.041     0.478   3.862e+00    99.67     0.00    73.55     0.00
*T   3  1.08e-02  -1.107e+00  +0.000e+00     60.85   2.630e-01    1.909     0.433   4.458e+00    99.50     0.00    78.35     0.00
*
**********************************************************************
*
*                 -- AUTOADJUST [2] OUT --
*
*     target: lo % = 95.000000      hi % = 99.900000
*     Autoadjust % = 78.347107
*     Autoadjust: Lowering the temperature 9.226e-03 [a.u.]
*
**********************************************************************
*
*                 -- Autoadjust Metropolis Run --
*
*   autoadjust_temp_init  =  1.5472e-03
*   autoadjust_temp_step  =  9.2264e-03
*        autoadjust_runs  =        1220         configs per temp
*       autoadjust_count  =           3
*
**********************************************************************
*
* Metropolis: 3 temperature runs with these parameters:
*
*              runs  =      1220              loops per T
*               T_0  = 1.547e-03             initial temp
*               T_L  = 1.546e-03               final temp
*           T_alpha  = 7.996e+03          annealing alpha
*
*            T = T_0 * exp( -run_num**3 / T_alpha )
*
**********************************************************************
*H run      Temp       E_ion        E_ss   cel vol       SigPF       ar     ortho        pCnt          % Rejected Changes
*H                                                                                                 trn      rot      lat      swp
*T   1  1.55e-03  -1.163e+00  +0.000e+00     52.64   3.238e-01    1.847     0.428   1.316e+01   100.00     0.00    94.84     0.00
*T   2  1.55e-03  -1.168e+00  +0.000e+00     51.29   3.252e-01    1.890     0.431   2.937e+00   100.00     0.00    96.15     0.00
*T   3  1.55e-03  -1.167e+00  +0.000e+00     51.61   3.306e-01    1.866     0.434   1.771e+00   100.00     0.00    96.80     0.00
*
**********************************************************************
*
*                 -- AUTOADJUST [3] OUT --
*
*     target: lo % = 95.000000      hi % = 99.900000
*     Autoadjust % = 96.803279
*     Autoadjust: temp = 1.547e-03  is good!  Exiting autoadjust.
*
**********************************************************************
*
*
*          -- Initializing cell contents --
*
*
*
**********************************************************************
*
*            -- Starting Metropolis calculation --
*
*              temp_init  = 1.479e-02
*
**********************************************************************
*
* Metropolis: 15 temperature runs with these parameters:
*
*              runs  =      2400              loops per T
*               T_0  = 1.479e-02             initial temp
*               T_L  = 1.547e-03               final temp
*           T_alpha  = 1.215e+03          annealing alpha
*
*            T = T_0 * exp( -run_num**3 / T_alpha )
*
**********************************************************************
*H run      Temp       E_ion        E_ss   cel vol       SigPF       ar     ortho        pCnt          % Rejected Changes
*H                                                                                                 trn      rot      lat      swp
*M   1  1.48e-02  -1.160e+00  +0.000e+00     50.18   1.916e-01    1.403     0.369   5.040e+01    98.75     0.00    53.83     0.00
*M   2  1.48e-02  -1.160e+00  +0.000e+00     47.34   2.348e-01    1.446     0.437   4.650e+00    99.50     0.00    58.12     0.00
*M   3  1.47e-02  -1.108e+00  +0.000e+00     69.23   2.340e-01    1.350     0.471   7.728e+00    99.29     0.00    60.12     0.00
*M   4  1.45e-02  -1.074e+00  +0.000e+00     65.32   2.375e-01    1.896     0.448   4.853e+00    99.58     0.00    61.38     0.00
*M   5  1.40e-02  -1.096e+00  +0.000e+00     57.46   2.406e-01    2.114     0.480   4.670e+00    99.58     0.00    68.46     0.00
*M   6  1.33e-02  -1.130e+00  +0.000e+00     58.30   2.672e-01    1.807     0.489   5.233e+00    99.67     0.00    74.21     0.00
*M   7  1.24e-02  -1.146e+00  +0.000e+00     53.98   2.582e-01    1.517     0.481   4.833e+00    99.58     0.00    73.25     0.00
*M   8  1.12e-02  -1.141e+00  +0.000e+00     58.66   2.684e-01    1.755     0.522   4.899e+00    99.75     0.00    76.25     0.00
*M   9  9.71e-03  -1.119e+00  +0.000e+00     57.03   2.668e-01    1.686     0.432   4.541e+00    99.92     0.00    78.38     0.00
*M  10  8.12e-03  -1.155e+00  +0.000e+00     58.16   2.788e-01    1.920     0.447   2.462e+00   100.00     0.00    83.12     0.00
*M  11  6.50e-03  -1.148e+00  +0.000e+00     54.91   2.809e-01    1.781     0.470   5.219e+00   100.00     0.00    79.21     0.00
*M  12  4.95e-03  -1.177e+00  +0.000e+00     51.74   3.079e-01    1.890     0.474   3.436e+00   100.00     0.00    86.04     0.00
*M  13  3.57e-03  -1.157e+00  +0.000e+00     55.71   3.141e-01    2.068     0.482   1.794e+01   100.00     0.00    89.17     0.00
*M  14  2.43e-03  -1.182e+00  +0.000e+00     51.01   3.185e-01    1.917     0.446   5.723e+00   100.00     0.00    92.54     0.00
*M  15  1.55e-03  -1.182e+00  +0.000e+00     51.20   3.288e-01    1.897     0.452   1.530e+00   100.00     0.00    94.71     0.00
*
**********************************************************************
*
*
*          - Parameters at Post Ewald-Metro -
*
* Lattice parameters:
*
*             lat a  =    4.1617
*             lat b  =    7.1857
*             lat c  =    3.7872
*             alpha  =   82.4852
*             beta   =   77.2702
*             gamma  =   27.9064
*          cell vol  =   51.1955
*          cv/ortho  =    0.4520
*
* Energies:
*               ecc  = -1.1823e+00
*               eng  =  0.0000e+00
*
*
* Geometry:
*
*      packing frac  =    0.5088
*      aspect ratio  =    1.8974
*
* (dE/dV):
*                Px  =  2.2186e-03                    x-dir
*                Py  =  1.1243e-02                    y-dir
*                Pz  =  9.6320e-03                    z-dir
*
* Distances (PBC only):
*                                 min           hard           diff
*           ca1_ca1  =   1.000000e+06   2.320000e+00   9.999977e+05
*           ca1_ca2  =   1.000000e+06   1.160000e+00   9.999988e+05
*           ca1_ac1  =   2.875087e+00   2.830000e+00   4.508750e-02
*           ca1_av1  =   1.000000e+06  -1.000000e+00   1.000001e+06
*           ca1_ac2  =   1.000000e+06  -1.000000e+00   1.000001e+06
*           ca1_av2  =   1.000000e+06  -1.000000e+00   1.000001e+06
*           ca2_ca2  =   1.000000e+06   0.000000e+00   1.000000e+06
*           ca2_ac1  =   1.000000e+06   1.670000e+00   9.999983e+05
*           ca2_av1  =   1.000000e+06  -1.000000e+00   1.000001e+06
*           ca2_ac2  =   1.000000e+06  -1.000000e+00   1.000001e+06
*           ca2_av2  =   1.000000e+06  -1.000000e+00   1.000001e+06
*           ac1_ac1  =   1.000000e+06   3.340000e+00   9.999967e+05
*           ac1_av1  =   1.000000e+06  -1.000000e+00   1.000001e+06
*           ac1_ac2  =   1.000000e+06  -1.000000e+00   1.000001e+06
*           ac1_av2  =   1.000000e+06  -1.000000e+00   1.000001e+06
*           av1_av1  =   1.000000e+06  -1.000000e+00   1.000001e+06
*           av1_av2  =   1.000000e+06  -1.000000e+00   1.000001e+06
*           av2_av2  =   1.000000e+06  -1.000000e+00   1.000001e+06
*
*
*
**********************************************************************
*
*         - Comparing with 'best' structure -
*
****************************************************************
*
*          best ecc  = -1.1887e+00
*          best eng  =  0.0000e+00
*           ecc+eng  = -1.1887e+00
*          best vol  =  4.9852e+01
*           best pf  =  5.2250e-01
*
*     post_runs ecc  = -1.1823e+00
*     post_runs eng  =  0.0000e+00
*           ecc+eng  = -1.1823e+00
*     post_runs vol  =  5.1196e+01
*      post_runs pf  =  5.0878e-01
*
*       dV / V_runs  =  2.6246e-02
*
*          ecc_diff  = -6.4302e-03
*          eng_diff  =  0.0000e+00
*
*
****************************************************************
*
*  mag_ecc_diff > mag_eng_diff AND within BEST_VOL AND
* 'best' has lower energy than post runs! --> swapping.
*
****************************************************************
*
*
*          - Parameters at Post 'best-swap' -
*
* Lattice parameters:
*
*             lat a  =    4.0752
*             lat b  =    6.7415
*             lat c  =    4.3976
*             alpha  =   71.7024
*             beta   =   59.0997
*             gamma  =   30.2673
*          cell vol  =   49.8518
*          cv/ortho  =    0.4126
*
* Energies:
*               ecc  = -1.1887e+00
*               eng  =  0.0000e+00
*
*
* Geometry:
*
*      packing frac  =    0.5225
*      aspect ratio  =    1.6543
*
* (dE/dV):
*                Px  =  7.9668e-03                    x-dir
*                Py  =  4.5747e-03                    y-dir
*                Pz  =  1.1303e-02                    z-dir
*
* Distances (PBC only):
*                                 min           hard           diff
*           ca1_ca1  =   1.000000e+06   2.320000e+00   9.999977e+05
*           ca1_ca2  =   1.000000e+06   1.160000e+00   9.999988e+05
*           ca1_ac1  =   2.835285e+00   2.830000e+00   5.284778e-03
*           ca1_av1  =   1.000000e+06  -1.000000e+00   1.000001e+06
*           ca1_ac2  =   1.000000e+06  -1.000000e+00   1.000001e+06
*           ca1_av2  =   1.000000e+06  -1.000000e+00   1.000001e+06
*           ca2_ca2  =   1.000000e+06   0.000000e+00   1.000000e+06
*           ca2_ac1  =   1.000000e+06   1.670000e+00   9.999983e+05
*           ca2_av1  =   1.000000e+06  -1.000000e+00   1.000001e+06
*           ca2_ac2  =   1.000000e+06  -1.000000e+00   1.000001e+06
*           ca2_av2  =   1.000000e+06  -1.000000e+00   1.000001e+06
*           ac1_ac1  =   1.000000e+06   3.340000e+00   9.999967e+05
*           ac1_av1  =   1.000000e+06  -1.000000e+00   1.000001e+06
*           ac1_ac2  =   1.000000e+06  -1.000000e+00   1.000001e+06
*           ac1_av2  =   1.000000e+06  -1.000000e+00   1.000001e+06
*           av1_av1  =   1.000000e+06  -1.000000e+00   1.000001e+06
*           av1_av2  =   1.000000e+06  -1.000000e+00   1.000001e+06
*           av2_av2  =   1.000000e+06  -1.000000e+00   1.000001e+06
*
*
*
**********************************************************************
*
*         - Final Simplex relaxation with restarts -
*
**********************************************************************
*
*
****************************************************************
*
*
*        - Simplex Minimiziation Routine -
*
*
* Note: No aspect ratio constraint.
*
*
*            n_simp  =        15                   D.O.F.
*         simp_nmax  =      4500                max moves
*       simp_errlim  =  1.00e-08
*
*
*         - Initializing simplex arrays -
*
*
*      nfunk           rtol        pf        ar     ortho             e_ion              e_ss             e_tot
*X        12     1.4756e+00   0.52379   1.65898   0.41165    -1.1899592e+00     0.0000000e+00    -1.1899592e+00
*X      2000     1.3108e-06   0.54581   1.65378   0.42073    -1.2119365e+00     0.0000000e+00    -1.2119365e+00
*
*         simp_runs  =      3061               simp moves
*              rtol  =  9.87e-09               final rtol
*
* Simplex restart no. 1 of 10
*
*         - Initializing simplex arrays -
*
*
*      nfunk           rtol        pf        ar     ortho             e_ion              e_ss             e_tot
*X        11     1.5231e+00   0.54581   1.65387   0.42076    -1.2119478e+00     0.0000000e+00    -1.2119478e+00
*X      2001     4.5506e-08   0.54754   1.64441   0.42032    -1.2135748e+00     0.0000000e+00    -1.2135748e+00
*
*         simp_runs  =      2997               simp moves
*              rtol  =  9.69e-09               final rtol
*
* Simplex restart no. 2 of 10
*
*         - Initializing simplex arrays -
*
*
*      nfunk           rtol        pf        ar     ortho             e_ion              e_ss             e_tot
*X        12     1.5512e+00   0.54759   1.64441   0.42025    -1.2135992e+00     0.0000000e+00    -1.2135992e+00
*
*         simp_runs  =      1151               simp moves
*              rtol  =  9.28e-09               final rtol
*
* Simplex restart no. 3 of 10
*
*         - Initializing simplex arrays -
*
*
*      nfunk           rtol        pf        ar     ortho             e_ion              e_ss             e_tot
*X        12     1.5508e+00   0.54759   1.64441   0.42025    -1.2136033e+00     0.0000000e+00    -1.2136033e+00
*
*         simp_runs  =       842               simp moves
*              rtol  =  9.91e-09               final rtol
*
* Simplex restart no. 4 of 10
*
*         - Initializing simplex arrays -
*
*
*      nfunk           rtol        pf        ar     ortho             e_ion              e_ss             e_tot
*X        12     1.5508e+00   0.54759   1.64441   0.42025    -1.2136033e+00     0.0000000e+00    -1.2136033e+00
*
*         simp_runs  =       848               simp moves
*              rtol  =  9.34e-09               final rtol
*
* Simplex restart no. 5 of 10
*
*         - Initializing simplex arrays -
*
*
*      nfunk           rtol        pf        ar     ortho             e_ion              e_ss             e_tot
*X        12     1.5508e+00   0.54759   1.64441   0.42025    -1.2136034e+00     0.0000000e+00    -1.2136034e+00
*
*         simp_runs  =       866               simp moves
*              rtol  =  9.70e-09               final rtol
*
* Simplex restart no. 6 of 10
*
*         - Initializing simplex arrays -
*
*
*      nfunk           rtol        pf        ar     ortho             e_ion              e_ss             e_tot
*X        12     1.5508e+00   0.54759   1.64441   0.42025    -1.2136034e+00     0.0000000e+00    -1.2136034e+00
*
*         simp_runs  =       868               simp moves
*              rtol  =  9.73e-09               final rtol
*
* Simplex restart no. 7 of 10
*
*         - Initializing simplex arrays -
*
*
*      nfunk           rtol        pf        ar     ortho             e_ion              e_ss             e_tot
*X        12     1.5508e+00   0.54759   1.64441   0.42025    -1.2136034e+00     0.0000000e+00    -1.2136034e+00
*
*         simp_runs  =       868               simp moves
*              rtol  =  9.74e-09               final rtol
*
* Simplex restart no. 8 of 10
*
*         - Initializing simplex arrays -
*
*
*      nfunk           rtol        pf        ar     ortho             e_ion              e_ss             e_tot
*X        12     1.5508e+00   0.54759   1.64441   0.42025    -1.2136034e+00     0.0000000e+00    -1.2136034e+00
*
*         simp_runs  =       866               simp moves
*              rtol  =  9.70e-09               final rtol
*
* Simplex restart no. 9 of 10
*
*         - Initializing simplex arrays -
*
*
*      nfunk           rtol        pf        ar     ortho             e_ion              e_ss             e_tot
*X        12     1.5508e+00   0.54759   1.64441   0.42025    -1.2136034e+00     0.0000000e+00    -1.2136034e+00
*
*         simp_runs  =       866               simp moves
*              rtol  =  9.74e-09               final rtol
*
* Simplex restart no. 10 of 10
*
*         - Initializing simplex arrays -
*
*
*      nfunk           rtol        pf        ar     ortho             e_ion              e_ss             e_tot
*X        12     1.5508e+00   0.54759   1.64441   0.42025    -1.2136034e+00     0.0000000e+00    -1.2136034e+00
*
*         simp_runs  =       866               simp moves
*              rtol  =  9.74e-09               final rtol
*
****************************************************************
*
*          - Parameters at Post Simplex -
*
* Lattice parameters:
*
*             lat a  =    4.0507
*             lat b  =    6.6611
*             lat c  =    4.1950
*             alpha  =   72.0858
*             beta   =   59.5908
*             gamma  =   30.6227
*          cell vol  =   47.5676
*          cv/ortho  =    0.4202
*
* Energies:
*               ecc  = -1.2136e+00
*               eng  =  0.0000e+00
*
*
* Geometry:
*
*      packing frac  =    0.5476
*      aspect ratio  =    1.6444
*
* (dE/dV):
*                Px  =  1.0000e+04                    x-dir
*                Py  =  1.0000e+04                    y-dir
*                Pz  =  1.1377e-02                    z-dir
*
* Distances (PBC only):
*                                 min           hard           diff
*           ca1_ca1  =   1.000000e+06   2.320000e+00   9.999977e+05
*           ca1_ca2  =   1.000000e+06   1.160000e+00   9.999988e+05
*           ca1_ac1  =   2.830000e+00   2.830000e+00   3.628448e-07
*           ca1_av1  =   1.000000e+06  -1.000000e+00   1.000001e+06
*           ca1_ac2  =   1.000000e+06  -1.000000e+00   1.000001e+06
*           ca1_av2  =   1.000000e+06  -1.000000e+00   1.000001e+06
*           ca2_ca2  =   1.000000e+06   0.000000e+00   1.000000e+06
*           ca2_ac1  =   1.000000e+06   1.670000e+00   9.999983e+05
*           ca2_av1  =   1.000000e+06  -1.000000e+00   1.000001e+06
*           ca2_ac2  =   1.000000e+06  -1.000000e+00   1.000001e+06
*           ca2_av2  =   1.000000e+06  -1.000000e+00   1.000001e+06
*           ac1_ac1  =   1.000000e+06   3.340000e+00   9.999967e+05
*           ac1_av1  =   1.000000e+06  -1.000000e+00   1.000001e+06
*           ac1_ac2  =   1.000000e+06  -1.000000e+00   1.000001e+06
*           ac1_av2  =   1.000000e+06  -1.000000e+00   1.000001e+06
*           av1_av1  =   1.000000e+06  -1.000000e+00   1.000001e+06
*           av1_av2  =   1.000000e+06  -1.000000e+00   1.000001e+06
*           av2_av2  =   1.000000e+06  -1.000000e+00   1.000001e+06
*
*
***********************************************************
*        - Process and timing information -
*
* user time:   0 h 00 m 12.907582 s
* syst time:   0 h 00 m 00.009999 s
* signals: 0
* voluntary context switches: 7
* involuntary context switches: 14
*
***********************************************************
*SS symsearch output
*SS ( use:  | awk '($1=="*S"){print $0}' | sed 's/*S //' > temp.out )
*S Title
*S 1                 search type
*S 5.0 0.00001       displacement rms max min
*S 0.1 0.00001       strain rms max min
*S 1                 lattice input type
*S      4.05073     0.00000     0.00000
*S      5.73211     3.39303     0.00000
*S      2.12337    -1.05404     3.46091
*S 1 0 0
*S 0 1 0
*S 0 0 1
*S 2                 number of atoms
*S 11 0
*S      0.15261     0.14639     0.27584
*S      0.57044     0.67300     0.80282
*FF findsym output
*FF ( use:  | awk '($1=="*F"){print $0}' | sed 's/*F //' > temp.out )
*F Title
*F 0.001       displacement rms max min
*F 1                 lattice input type
*F      4.05073     0.00000     0.00000
*F      5.73211     3.39303     0.00000
*F      2.12337    -1.05404     3.46091
*F 1               basis vector in type
*F 1 0 0
*F 0 1 0
*F 0 0 1
*F 2                 number of atoms
*F 11 0
*F      0.15261     0.14639     0.27584
*F      0.57044     0.67300     0.80282
*DD powder output
*DD (use: | awk '($1=="*D"){print $0}' | sed 's/*D //' > temp.out )
*D 2
*D      4.05073     6.66106     4.19495
*D     72.08581    59.59075    30.62272
*D      0.15261     0.14639     0.27584        11
*D      0.57044     0.67300     0.80282         0
*PP poscar output
*PP (use: | awk '($1=="*P"){print $0}' | sed 's/*P //' > temp.out )
*P Z: 11 17 
*P 1.0 
*P      4.05072791     0.00000000     0.00000000
*P      5.73210889     3.39302823     0.00000000
*P      2.12337098    -1.05404280     3.46091156
*P 1 1 0 
*P Direct
*P       0.152608452019      0.146387809504      0.275836723725
*P       0.570437634002      0.673002714307      0.802823938859
*QQ poscar output
*QQ (use: | awk '($1=="*Q"){print $0}' | sed 's/*Q //' > temp.out )
*Q +1.000000000000 -1.000000000000 
*Q 1.0 
*Q      4.05072791     0.00000000     0.00000000
*Q      5.73210889     3.39302823     0.00000000
*Q      2.12337098    -1.05404280     3.46091156
*Q 1 1 0 
*Q Direct
*Q       0.152608452019      0.146387809504      0.275836723725
*Q       0.570437634002      0.673002714307      0.802823938859
*RR restart output
*RR (use: | awk '($1=="*R"){print $0}' | sed 's/*R //' > temp.out )
*R     4.050727906369    6.661059440715    4.194951653093
*R     1.258134721276    1.040054875076    0.534467259793
*R      1
*R      1     1
*R   -1.000000000000000   0.000000000000000
*R     0.000000000000    1.670000000000    0.000000000000    17     0
*R      1
*R      1   1.000000000000000
*R     1.160000000000    11
*R     0.152608452019    0.146387809504    0.275836723725
*R     0.570437634002    0.673002714307    0.802823938859
* XBS output
* CATION:
atom C     2.042989873    0.205954256    0.954646506
spec C     1.160000000    1.000000000    0.000000000    0.000000000
* ANION:
atom A     7.873105537    1.437306412    2.778502652
spec A     1.670000000    0.000000000    0.000000000    1.000000000
spec V     0.000000000    0.000000000    1.000000000    0.000000000
bonds A V  0.000000000    0.000000000    0.010000000    Black
* CELL PARAMETERS AND BORDER
atom 0    0.00000   0.00000   0.00000
atom 1    4.05073   0.00000   0.00000
atom 2    9.78284   3.39303   0.00000
atom 3    5.73211   3.39303   0.00000
atom 4    2.12337  -1.05404   3.46091
atom 5    6.17410  -1.05404   3.46091
atom 6   11.90621   2.33899   3.46091
atom 7    7.85548   2.33899   3.46091
spec 0     0.050000000    0.000000000    0.000000000    0.000000000
spec 1     0.050000000    0.000000000    0.000000000    0.000000000
spec 2     0.050000000    0.000000000    0.000000000    0.000000000
spec 3     0.050000000    0.000000000    0.000000000    0.000000000
spec 4     0.050000000    0.000000000    0.000000000    0.000000000
spec 5     0.050000000    0.000000000    0.000000000    0.000000000
spec 6     0.050000000    0.000000000    0.000000000    0.000000000
spec 7     0.050000000    0.000000000    0.000000000    0.000000000
bonds 0 1  4.046677178    4.054778634    0.010000000    Black
bonds 3 2  4.046677178    4.054778634    0.010000000    Black
bonds 4 5  4.046677178    4.054778634    0.010000000    Black
bonds 6 7  4.046677178    4.054778634    0.010000000    Black
bonds 1 2  6.654398381    6.667720500    0.010000000    Black
bonds 0 3  6.654398381    6.667720500    0.010000000    Black
bonds 5 6  6.654398381    6.667720500    0.010000000    Black
bonds 4 7  6.654398381    6.667720500    0.010000000    Black
bonds 0 4  4.190756701    4.199146605    0.010000000    Black
bonds 1 5  4.190756701    4.199146605    0.010000000    Black
bonds 2 6  4.190756701    4.199146605    0.010000000    Black
bonds 3 7  4.190756701    4.199146605    0.010000000    Black
inc 5.000000
dup    4.05073   0.00000   0.00000
dup    5.73211   3.39303   0.00000
dup    2.12337  -1.05404   3.46091
