*************************************************
*	pack	(version 4.12.0.5)
*	Eric Majzoub
*	Sandia National Laboratories
*************************************************
*  Source file: main.c
*  Compile date: Dec 27 2012
*  Compile time: 17:19:04
*  commandline = /projects/e20438/bin/pack-4.12.0.5/pack_exe -f ../../NaCl_pegs.in -P -R -r 400 -t 20 -g 4139 
*  input file = ../../NaCl_pegs.in
**********************************************************************
**********************************************************************
**********************************************************************
* 
*       - General run comments -
* 
* WARN: no Rotations in Metropolis (-R flag).
* WARN: all anionic charge on center atom (-P flag).
*
**********************************************************************
*           - Input parameters -
*
*           restart  =         0         1 = restart calc
*        autoadjust  =         1   automatically set temp
*          aa_using  =         1        1=rej pct, 2=pCnt
*         basin hop  =         0           number of hops
*     non_per_ewald  =         0          1=nanopart calc
*
*             lat a  =   10.0000
*             lat b  =   10.0000
*             lat c  =   10.0000
*             alpha  =    1.5708
*             beta   =    1.5708
*             gamma  =    1.5708
*          cell vol  = 1000.0000
*      sqsh vol pct  =    0.2000
* 
*          cell_min  =    1.6700              min lat vec
*          cell_max  =  167.0000              max lat vec
* 
*         n_type_an  =         1          num type anions
*            num_an  =         1           tot num anions
* 
*          num_an_1  =         1        num anions type 1
*        num_vert_1  =         1     1=sph 2=dim 5=tet...
*       an_chrg_c_1  =   -1.0000      anion center charge
*       an_chrg_v_1  =    0.0000      anion vertex charge
*     tot_an_chrg_1  =   -1.0000       total anion charge
*           Rcent_1  =    1.6700         anion center rad
*           Rvert_1  =    0.0000         anion vertex rad
*             cvd_1  =    0.0000        cent to vert dist
*           Zcent_1  =        17           anion center Z
*           Zvert_1  =         0           anion vertex Z
* 
*          num_an_2  =         0        num anions type 2
*        num_vert_2  =         0     1=sph 2=dim 5=tet...
*       an_chrg_c_2  =    0.0000      anion center charge
*       an_chrg_v_2  =    0.0000      anion vertex charge
*     tot_an_chrg_2  =    0.0000       total anion charge
*           Rcent_2  =    0.0000         anion center rad
*           Rvert_2  =    0.0000         anion vertex rad
*             cvd_2  =    0.0000        cent to vert dist
*           Zcent_2  =         0           anion center Z
*           Zvert_2  =         0           anion vertex Z
* 
*         n_type_ca  =         1            num type cats
*            num_ca  =         1          tot num cations
* 
*          num_ca_1  =         1        num cations typ 1
*         ca_chrg_1  =    1.0000        cation chrg typ 1
*            Rcat_1  =    1.1600         cation rad typ 1
*            Zcat_1  =        11           cation Z typ 1
* 
*            C2VTOL  =  1.00e-08            c2v tolerance
*            ERRLIM  =  1.00e-06
*       REP_EPSILON  =  1.00e+00        soft sphere repul
*    TRANS_FRAC_MAX  =    0.5000                    fixed
*    TRANS_FRAC_MIN  =    0.0200
*      MAX_ANG_CHNG  =    9.9695                  degrees
*    VOLUM_FRAC_MAX  =    0.0700
*         EXT_PRESS  =  0.00e+00        external pressure
*      SQSH_VOL_PCT  =    0.2000             min orth val
*        ASPECT_MAX  =   20.0000                cell parm
*            dplane  =    1.6700            min plane sep
*      SCALE_FACTOR  =    1.2500         bhop max scaling
* 
*            d.o.f.  =        12       degrees of freedom
*          runs/dof  =       400         loops per d.o.f.
*              runs  =      4800              loops per T
*               ncc  =     19200     config changes per T
*            t_runs  =        20           num temp steps
*             efunc  =         0               0=SS  1=LJ
*       N_HALT_CHNG  =        15      halts after N 100%s
*
*      anneal_sched  =         3   0=lin or exp(-run_n^n)
*         temp_init  =  1.00e+00             initial temp
*         temp_finl  =  1.00e-03               final temp
* 
*          trn_chng  =         1              0=off  1=on
*          rot_chng  =         0              0=off  1=on
*          lat_chng  =         1              0=off  1=on
*          swp_chng  =         1              0=off  1=on
* 
*     SIMP_RESTARTS  =        11     no. simplex restarts
*  SIMP_RESTARTS BH  =        21  basin hop simp restarts
*         SIMP_NMAX  =      4500        max simplex iters
*          SIMP_DEG  =    1.0000          anion start deg
*         SIMP_LAMB  =    0.0100        vertex start frac
*       SIMP_ERRLIM  =  1.00e-08              error limit
* 
*           aa runs  =      1200           config changes
*      aa runs_step  =        10   config change increase
*       aa runs_max  =      1500  max auto config changes
*         aa t_runs  =         3            num temp runs
*      aa temp_step  =    0.5000                temp step
* 
*        aa chng hi  =         3  1=trn 2=rot 3=lat 4=swp
*        aa chng lo  =         3  1=trn 2=rot 3=lat 4=swp
* 
*      aa ht_pct_hi  =     0.650             high rej pct
*      aa ht_pct_lo  =     0.600             low  rej pct
* 
*      aa lt_pct_hi  =     0.999             high rej pct
*      aa lt_pct_lo  =     0.950             low  rej pct
* 
*            tmpfile =                   PR19810-best.tmp
* 
* Checking for out of bounds fractional coords.
*
**********************************************************************
*
*          - Parameters at START -
*
* Lattice parameters:
*
*             lat a  =   10.0000
*             lat b  =   10.0000
*             lat c  =   10.0000
*             alpha  =   90.0000
*             beta   =   90.0000
*             gamma  =   90.0000
*          cell vol  = 1000.0000
*          cv/ortho  =    1.0000
*
* Energies:
*               ecc  = -5.1039e-01
*               eng  =  0.0000e+00
*
*
* Geometry:
*
*      packing frac  =    0.0260
*      aspect ratio  =    1.0000
*
* (dE/dV):
*                Px  =  1.3553e-04                    x-dir
*                Py  =  3.3494e-04                    y-dir
*                Pz  =  3.9917e-05                    z-dir
*
* Distances (PBC only):
*                                 min           hard           diff
*           ca1_ca1  =   1.000000e+06   2.320000e+00   9.999977e+05
*           ca1_ca2  =   1.000000e+06   1.160000e+00   9.999988e+05
*           ca1_ac1  =   4.675372e+00   2.830000e+00   1.845372e+00
*           ca1_av1  =   1.000000e+06  -1.000000e+00   1.000001e+06
*           ca1_ac2  =   1.000000e+06  -1.000000e+00   1.000001e+06
*           ca1_av2  =   1.000000e+06  -1.000000e+00   1.000001e+06
*           ca2_ca2  =   1.000000e+06   0.000000e+00   1.000000e+06
*           ca2_ac1  =   1.000000e+06   1.670000e+00   9.999983e+05
*           ca2_av1  =   1.000000e+06  -1.000000e+00   1.000001e+06
*           ca2_ac2  =   1.000000e+06  -1.000000e+00   1.000001e+06
*           ca2_av2  =   1.000000e+06  -1.000000e+00   1.000001e+06
*           ac1_ac1  =   1.000000e+06   3.340000e+00   9.999967e+05
*           ac1_av1  =   1.000000e+06  -1.000000e+00   1.000001e+06
*           ac1_ac2  =   1.000000e+06  -1.000000e+00   1.000001e+06
*           ac1_av2  =   1.000000e+06  -1.000000e+00   1.000001e+06
*           av1_av1  =   1.000000e+06  -1.000000e+00   1.000001e+06
*           av1_av2  =   1.000000e+06  -1.000000e+00   1.000001e+06
*           av2_av2  =   1.000000e+06  -1.000000e+00   1.000001e+06
*
*
*
**********************************************************************
*
* ------------------------------------------------------------
*              Autoadjust high temperatrure:
* ------------------------------------------------------------
*              Autoadjusting on 3 (1=trn,2=rot,3=lat,4=swp)
*
**********************************************************************
*
*                 -- Autoadjust Metropolis Run --
*
*   autoadjust_temp_init  =  1.0000e+00
*   autoadjust_temp_step  =  5.0000e-01
*        autoadjust_runs  =        1200         configs per temp
*       autoadjust_count  =           1
*
**********************************************************************
*
* Metropolis: 3 temperature runs with these parameters:
*
*              runs  =      1200              loops per T
*               T_0  = 1.000e+00             initial temp
*               T_L  = 1.000e+00               final temp
*           T_alpha  = 8.000e+09          annealing alpha
*
*            T = T_0 * exp( -run_num**3 / T_alpha )
*
**********************************************************************
*H run      Temp       E_ion        E_ss   cel vol       SigPF       ar     ortho        pCnt          % Rejected Changes
*H                                                                                                 trn      rot      lat      swp
*T   1  1.00e+00  -8.866e-01  +0.000e+00    121.35   7.934e-02    1.419     0.610   1.329e-01    21.58     0.00     3.17     0.00
*T   2  1.00e+00  -4.594e-01  +0.000e+00    869.33   9.804e-02    1.788     0.245   1.449e-01    37.50     0.00     3.83     0.00
*T   3  1.00e+00  -5.328e-01  +0.000e+00   2919.04   7.897e-03    2.296     0.295   1.663e-02     9.75     0.00     4.08     0.00
*
**********************************************************************
*
*                 -- AUTOADJUST [1] OUT --
*
*     target: lo % = 60.000000      hi % = 65.000000
*     Autoadjust % =  4.083333
*     Autoadjust: Lowering the temperature 5.000e-01 [a.u.]
*
**********************************************************************
*
*                 -- Autoadjust Metropolis Run --
*
*   autoadjust_temp_init  =  5.0000e-01
*   autoadjust_temp_step  =  5.0000e-01
*        autoadjust_runs  =        1210         configs per temp
*       autoadjust_count  =           2
*
**********************************************************************
*
* Metropolis: 3 temperature runs with these parameters:
*
*              runs  =      1210              loops per T
*               T_0  = 5.000e-01             initial temp
*               T_L  = 4.995e-01               final temp
*           T_alpha  = 7.996e+03          annealing alpha
*
*            T = T_0 * exp( -run_num**3 / T_alpha )
*
**********************************************************************
*H run      Temp       E_ion        E_ss   cel vol       SigPF       ar     ortho        pCnt          % Rejected Changes
*H                                                                                                 trn      rot      lat      swp
*T   1  5.00e-01  -5.413e-01  +0.000e+00    624.52   2.911e-02    1.804     0.553   1.165e-01    15.95     0.00     2.89     0.00
*T   2  5.00e-01  -2.016e-01  +0.000e+00    335.71   6.260e-02    2.628     0.328   2.848e-01    46.61     0.00     4.63     0.00
*T   3  4.99e-01  -5.229e-01  +0.000e+00   1537.83   3.431e-02    2.754     0.413   1.425e-01    26.86     0.00     3.55     0.00
*
**********************************************************************
*
*                 -- AUTOADJUST [2] OUT --
*
*     target: lo % = 60.000000      hi % = 65.000000
*     Autoadjust % =  3.553719
*     Autoadjust: special case: (T-Tstep) = 0.000e+00 [a.u.]
*     Autoadjust: special case: ===> drop temp step to: 2.250e-01 [a.u.]
*     Autoadjust: Lowering the temperature 2.250e-01 [a.u.]
*
**********************************************************************
*
*                 -- Autoadjust Metropolis Run --
*
*   autoadjust_temp_init  =  2.7500e-01
*   autoadjust_temp_step  =  2.2500e-01
*        autoadjust_runs  =        1220         configs per temp
*       autoadjust_count  =           3
*
**********************************************************************
*
* Metropolis: 3 temperature runs with these parameters:
*
*              runs  =      1220              loops per T
*               T_0  = 2.750e-01             initial temp
*               T_L  = 2.747e-01               final temp
*           T_alpha  = 7.996e+03          annealing alpha
*
*            T = T_0 * exp( -run_num**3 / T_alpha )
*
**********************************************************************
*H run      Temp       E_ion        E_ss   cel vol       SigPF       ar     ortho        pCnt          % Rejected Changes
*H                                                                                                 trn      rot      lat      swp
*T   1  2.75e-01  -7.375e-01  +0.000e+00   1220.96   1.371e-02    2.812     0.424   4.106e-01    21.72     0.00     4.26     0.00
*T   2  2.75e-01  -8.119e-01  +0.000e+00    231.94   6.127e-02    1.935     0.384   3.075e-01    47.38     0.00    10.16     0.00
*T   3  2.75e-01  -7.178e-02  +0.000e+00   2929.98   9.947e-02    4.725     0.818   1.369e+00    50.25     0.00     6.31     0.00
*
**********************************************************************
*
*                 -- AUTOADJUST [3] OUT --
*
*     target: lo % = 60.000000      hi % = 65.000000
*     Autoadjust % =  6.311475
*     Autoadjust: Lowering the temperature 2.250e-01 [a.u.]
*
**********************************************************************
*
*                 -- Autoadjust Metropolis Run --
*
*   autoadjust_temp_init  =  5.0000e-02
*   autoadjust_temp_step  =  2.2500e-01
*        autoadjust_runs  =        1230         configs per temp
*       autoadjust_count  =           4
*
**********************************************************************
*
* Metropolis: 3 temperature runs with these parameters:
*
*              runs  =      1230              loops per T
*               T_0  = 5.000e-02             initial temp
*               T_L  = 4.995e-02               final temp
*           T_alpha  = 7.996e+03          annealing alpha
*
*            T = T_0 * exp( -run_num**3 / T_alpha )
*
**********************************************************************
*H run      Temp       E_ion        E_ss   cel vol       SigPF       ar     ortho        pCnt          % Rejected Changes
*H                                                                                                 trn      rot      lat      swp
*T   1  5.00e-02  -7.522e-01  +0.000e+00    984.37   1.434e-02    3.641     0.246   2.670e+00    97.24     0.00    21.30     0.00
*T   2  5.00e-02  -8.725e-01  +0.000e+00    556.04   2.195e-02    4.105     0.386   3.252e+00    90.41     0.00    21.71     0.00
*T   3  5.00e-02  -6.278e-01  +0.000e+00    409.12   2.061e-02    4.694     0.343   4.695e+00    93.58     0.00    22.11     0.00
*
**********************************************************************
*
*                 -- AUTOADJUST [4] OUT --
*
*     target: lo % = 60.000000      hi % = 65.000000
*     Autoadjust % = 22.113821
*     Autoadjust: special case: (T-Tstep) = -1.750e-01 [a.u.]
*     Autoadjust: special case: ===> drop temp step to: 1.013e-01 [a.u.]
*     Autoadjust: special case: (T-Tstep) = -5.125e-02 [a.u.]
*     Autoadjust: special case: ===> drop temp step to: 4.556e-02 [a.u.]
*     Autoadjust: Lowering the temperature 4.556e-02 [a.u.]
*
**********************************************************************
*
*                 -- Autoadjust Metropolis Run --
*
*   autoadjust_temp_init  =  4.4375e-03
*   autoadjust_temp_step  =  4.5563e-02
*        autoadjust_runs  =        1240         configs per temp
*       autoadjust_count  =           5
*
**********************************************************************
*
* Metropolis: 3 temperature runs with these parameters:
*
*              runs  =      1240              loops per T
*               T_0  = 4.438e-03             initial temp
*               T_L  = 4.433e-03               final temp
*           T_alpha  = 7.996e+03          annealing alpha
*
*            T = T_0 * exp( -run_num**3 / T_alpha )
*
**********************************************************************
*H run      Temp       E_ion        E_ss   cel vol       SigPF       ar     ortho        pCnt          % Rejected Changes
*H                                                                                                 trn      rot      lat      swp
*T   1  4.44e-03  -9.260e-01  +0.000e+00    428.51   4.225e-02    4.347     0.341   8.349e+01    99.68     0.00    74.68     0.00
*T   2  4.44e-03  -1.051e+00  +0.000e+00    214.78   5.615e-02    4.598     0.522   2.079e+02    99.76     0.00    69.27     0.00
*T   3  4.43e-03  -1.058e+00  +0.000e+00    177.12   5.436e-02    4.537     0.450   3.371e+01   100.00     0.00    63.55     0.00
*
**********************************************************************
*
*                 -- AUTOADJUST [5] OUT --
*
*     target: lo % = 60.000000      hi % = 65.000000
*     Autoadjust % = 63.548387
*     Autoadjust: temp = 4.438e-03  is good!  Exiting autoadjust.
*
**********************************************************************
*
* ------------------------------------------------------------
*              Autoadjust low temperatrure:
* ------------------------------------------------------------
*              Autoadjusting on 3 (1=trn,2=rot,3=lat,4=swp)
*
**********************************************************************
*
*                 -- Autoadjust Metropolis Run --
*
*   autoadjust_temp_init  =  2.0000e-02
*   autoadjust_temp_step  =  5.0000e-01
*        autoadjust_runs  =        1200         configs per temp
*       autoadjust_count  =           1
*
**********************************************************************
*
* Metropolis: 3 temperature runs with these parameters:
*
*              runs  =      1200              loops per T
*               T_0  = 2.000e-02             initial temp
*               T_L  = 2.000e-02               final temp
*           T_alpha  = 1.600e+08          annealing alpha
*
*            T = T_0 * exp( -run_num**3 / T_alpha )
*
**********************************************************************
*H run      Temp       E_ion        E_ss   cel vol       SigPF       ar     ortho        pCnt          % Rejected Changes
*H                                                                                                 trn      rot      lat      swp
*T   1  2.00e-02  -1.002e+00  +0.000e+00    277.93   5.469e-02    2.915     0.899   3.535e+00    99.58     0.00    48.25     0.00
*T   2  2.00e-02  -1.024e+00  +0.000e+00    170.87   5.688e-02    2.724     0.441   2.503e+00    99.67     0.00    52.17     0.00
*T   3  2.00e-02  -9.590e-01  +0.000e+00    248.62   6.880e-02    5.059     0.494   4.457e+00    99.92     0.00    43.00     0.00
*
**********************************************************************
*
*                 -- AUTOADJUST [1] OUT --
*
*     target: lo % = 95.000000      hi % = 99.900000
*     Autoadjust % = 43.000000
*     Autoadjust: special case: (T-Tstep) = -4.800e-01 [a.u.]
*     Autoadjust: special case: ===> drop temp step to: 2.250e-01 [a.u.]
*     Autoadjust: special case: (T-Tstep) = -2.050e-01 [a.u.]
*     Autoadjust: special case: ===> drop temp step to: 1.013e-01 [a.u.]
*     Autoadjust: special case: (T-Tstep) = -8.125e-02 [a.u.]
*     Autoadjust: special case: ===> drop temp step to: 4.556e-02 [a.u.]
*     Autoadjust: special case: (T-Tstep) = -2.556e-02 [a.u.]
*     Autoadjust: special case: ===> drop temp step to: 2.050e-02 [a.u.]
*     Autoadjust: special case: (T-Tstep) = -5.031e-04 [a.u.]
*     Autoadjust: special case: ===> drop temp step to: 9.226e-03 [a.u.]
*     Autoadjust: Lowering the temperature 9.226e-03 [a.u.]
*
**********************************************************************
*
*                 -- Autoadjust Metropolis Run --
*
*   autoadjust_temp_init  =  1.0774e-02
*   autoadjust_temp_step  =  9.2264e-03
*        autoadjust_runs  =        1210         configs per temp
*       autoadjust_count  =           2
*
**********************************************************************
*
* Metropolis: 3 temperature runs with these parameters:
*
*              runs  =      1210              loops per T
*               T_0  = 1.077e-02             initial temp
*               T_L  = 1.076e-02               final temp
*           T_alpha  = 7.996e+03          annealing alpha
*
*            T = T_0 * exp( -run_num**3 / T_alpha )
*
**********************************************************************
*H run      Temp       E_ion        E_ss   cel vol       SigPF       ar     ortho        pCnt          % Rejected Changes
*H                                                                                                 trn      rot      lat      swp
*T   1  1.08e-02  -1.054e+00  +0.000e+00    446.04   4.578e-02    8.047     0.520   1.499e+01    99.75     0.00    61.40     0.00
*T   2  1.08e-02  -1.077e+00  +0.000e+00    413.38   3.229e-02   11.562     0.455   3.137e+00   100.00     0.00    67.11     0.00
*T   3  1.08e-02  -1.050e+00  +0.000e+00    350.85   3.652e-02    8.161     0.410   3.304e+00   100.00     0.00    65.12     0.00
*
**********************************************************************
*
*                 -- AUTOADJUST [2] OUT --
*
*     target: lo % = 95.000000      hi % = 99.900000
*     Autoadjust % = 65.123967
*     Autoadjust: Lowering the temperature 9.226e-03 [a.u.]
*
**********************************************************************
*
*                 -- Autoadjust Metropolis Run --
*
*   autoadjust_temp_init  =  1.5472e-03
*   autoadjust_temp_step  =  9.2264e-03
*        autoadjust_runs  =        1220         configs per temp
*       autoadjust_count  =           3
*
**********************************************************************
*
* Metropolis: 3 temperature runs with these parameters:
*
*              runs  =      1220              loops per T
*               T_0  = 1.547e-03             initial temp
*               T_L  = 1.546e-03               final temp
*           T_alpha  = 7.996e+03          annealing alpha
*
*            T = T_0 * exp( -run_num**3 / T_alpha )
*
**********************************************************************
*H run      Temp       E_ion        E_ss   cel vol       SigPF       ar     ortho        pCnt          % Rejected Changes
*H                                                                                                 trn      rot      lat      swp
*T   1  1.55e-03  -1.073e+00  +0.000e+00    299.00   5.554e-02    7.021     0.421   1.356e+02   100.00     0.00    90.16     0.00
*T   2  1.55e-03  -1.084e+00  +0.000e+00    322.02   5.361e-02    7.889     0.427   8.368e+00   100.00     0.00    89.51     0.00
*T   3  1.55e-03  -1.089e+00  +0.000e+00    326.27   5.062e-02    8.448     0.423   1.973e+00   100.00     0.00    90.16     0.00
*
**********************************************************************
*
*                 -- AUTOADJUST [3] OUT --
*
*     target: lo % = 95.000000      hi % = 99.900000
*     Autoadjust % = 90.163934
*     Autoadjust: special case: (T-Tstep) = -7.679e-03 [a.u.]
*     Autoadjust: special case: ===> drop temp step to: 4.152e-03 [a.u.]
*     Autoadjust: special case: (T-Tstep) = -2.605e-03 [a.u.]
*     Autoadjust: special case: ===> drop temp step to: 1.868e-03 [a.u.]
*     Autoadjust: special case: (T-Tstep) = -3.212e-04 [a.u.]
*     Autoadjust: special case: ===> drop temp step to: 8.408e-04 [a.u.]
*     Autoadjust: Lowering the temperature 8.408e-04 [a.u.]
*
**********************************************************************
*
*                 -- Autoadjust Metropolis Run --
*
*   autoadjust_temp_init  =  7.0643e-04
*   autoadjust_temp_step  =  8.4076e-04
*        autoadjust_runs  =        1230         configs per temp
*       autoadjust_count  =           4
*
**********************************************************************
*
* Metropolis: 3 temperature runs with these parameters:
*
*              runs  =      1230              loops per T
*               T_0  = 7.064e-04             initial temp
*               T_L  = 7.057e-04               final temp
*           T_alpha  = 7.996e+03          annealing alpha
*
*            T = T_0 * exp( -run_num**3 / T_alpha )
*
**********************************************************************
*H run      Temp       E_ion        E_ss   cel vol       SigPF       ar     ortho        pCnt          % Rejected Changes
*H                                                                                                 trn      rot      lat      swp
*T   1  7.06e-04  -1.088e+00  +0.000e+00    343.49   5.132e-02    8.982     0.427   6.457e+02   100.00     0.00    95.37     0.00
*T   2  7.06e-04  -1.090e+00  +0.000e+00    320.75   5.063e-02    8.366     0.425   3.940e+00   100.00     0.00    94.07     0.00
*T   3  7.06e-04  -1.091e+00  +0.000e+00    314.34   5.257e-02    8.166     0.421   3.820e+00   100.00     0.00    96.10     0.00
*
**********************************************************************
*
*                 -- AUTOADJUST [4] OUT --
*
*     target: lo % = 95.000000      hi % = 99.900000
*     Autoadjust % = 96.097561
*     Autoadjust: temp = 7.064e-04  is good!  Exiting autoadjust.
*
**********************************************************************
*
*
*          -- Initializing cell contents --
*
*
*
**********************************************************************
*
*            -- Starting Metropolis calculation --
*
*              temp_init  = 4.438e-03
*
**********************************************************************
*
* Metropolis: 20 temperature runs with these parameters:
*
*              runs  =      4800              loops per T
*               T_0  = 4.438e-03             initial temp
*               T_L  = 7.064e-04               final temp
*           T_alpha  = 3.733e+03          annealing alpha
*
*            T = T_0 * exp( -run_num**3 / T_alpha )
*
**********************************************************************
*H run      Temp       E_ion        E_ss   cel vol       SigPF       ar     ortho        pCnt          % Rejected Changes
*H                                                                                                 trn      rot      lat      swp
*M   1  4.44e-03  -1.076e+00  +0.000e+00    114.97   1.144e-01    1.935     0.417   3.763e+02    99.79     0.00    87.33     0.00
*M   2  4.44e-03  -1.115e+00  +0.000e+00     66.32   2.166e-01    2.243     0.403   1.318e+01    99.94     0.00    86.98     0.00
*M   3  4.43e-03  -1.122e+00  +0.000e+00     65.88   2.334e-01    2.284     0.413   5.082e+00    99.98     0.00    84.60     0.00
*M   4  4.41e-03  -1.133e+00  +0.000e+00     67.77   2.343e-01    2.175     0.414   5.551e+00    99.98     0.00    85.19     0.00
*M   5  4.36e-03  -1.140e+00  +0.000e+00     66.55   2.452e-01    2.179     0.415   3.240e+00   100.00     0.00    89.67     0.00
*M   6  4.29e-03  -1.138e+00  +0.000e+00     66.36   2.414e-01    2.212     0.404   2.910e+00   100.00     0.00    87.62     0.00
*M   7  4.19e-03  -1.131e+00  +0.000e+00     65.75   2.454e-01    2.266     0.416   6.544e+00   100.00     0.00    88.56     0.00
*M   8  4.05e-03  -1.133e+00  +0.000e+00     65.15   2.480e-01    2.267     0.414   6.033e+00   100.00     0.00    87.52     0.00
*M   9  3.87e-03  -1.131e+00  +0.000e+00     65.75   2.499e-01    2.268     0.431   2.920e+00   100.00     0.00    88.71     0.00
*M  10  3.65e-03  -1.145e+00  +0.000e+00     64.80   2.488e-01    2.193     0.426   2.865e+00    99.98     0.00    89.17     0.00
*M  11  3.39e-03  -1.145e+00  +0.000e+00     63.65   2.557e-01    2.238     0.433   2.122e+00   100.00     0.00    91.73     0.00
*M  12  3.11e-03  -1.139e+00  +0.000e+00     65.50   2.581e-01    2.208     0.434   2.533e+00   100.00     0.00    92.96     0.00
*M  13  2.79e-03  -1.140e+00  +0.000e+00     65.97   2.541e-01    2.188     0.434   3.907e+00   100.00     0.00    92.33     0.00
*M  14  2.46e-03  -1.138e+00  +0.000e+00     66.51   2.560e-01    2.187     0.432   3.321e+00   100.00     0.00    94.54     0.00
*M  15  2.13e-03  -1.143e+00  +0.000e+00     65.67   2.572e-01    2.178     0.437   4.258e+00   100.00     0.00    94.79     0.00
*M  16  1.80e-03  -1.147e+00  +0.000e+00     64.96   2.588e-01    2.174     0.430   2.078e+00   100.00     0.00    95.88     0.00
*M  17  1.48e-03  -1.144e+00  +0.000e+00     65.17   2.614e-01    2.193     0.431   2.786e+00   100.00     0.00    96.29     0.00
*M  18  1.19e-03  -1.149e+00  +0.000e+00     64.66   2.630e-01    2.176     0.429   3.290e+00   100.00     0.00    96.92     0.00
*M  19  9.30e-04  -1.145e+00  +0.000e+00     65.20   2.661e-01    2.185     0.433   4.631e+00   100.00     0.00    98.25     0.00
*M  20  7.06e-04  -1.150e+00  +0.000e+00     64.39   2.664e-01    2.179     0.431   5.587e+00   100.00     0.00    98.27     0.00
*
**********************************************************************
*
*
*          - Parameters at Post Ewald-Metro -
*
* Lattice parameters:
*
*             lat a  =    8.8333
*             lat b  =    4.1696
*             lat c  =    4.0544
*             alpha  =  104.2677
*             beta   =   60.9176
*             gamma  =   52.4679
*          cell vol  =   64.3857
*          cv/ortho  =    0.4312
*
* Energies:
*               ecc  = -1.1503e+00
*               eng  =  0.0000e+00
*
*
* Geometry:
*
*      packing frac  =    0.4046
*      aspect ratio  =    2.1787
*
* (dE/dV):
*                Px  =  8.6285e-03                    x-dir
*                Py  =  5.8773e-03                    y-dir
*                Pz  =  3.3602e-03                    z-dir
*
* Distances (PBC only):
*                                 min           hard           diff
*           ca1_ca1  =   1.000000e+06   2.320000e+00   9.999977e+05
*           ca1_ca2  =   1.000000e+06   1.160000e+00   9.999988e+05
*           ca1_ac1  =   2.833875e+00   2.830000e+00   3.874887e-03
*           ca1_av1  =   1.000000e+06  -1.000000e+00   1.000001e+06
*           ca1_ac2  =   1.000000e+06  -1.000000e+00   1.000001e+06
*           ca1_av2  =   1.000000e+06  -1.000000e+00   1.000001e+06
*           ca2_ca2  =   1.000000e+06   0.000000e+00   1.000000e+06
*           ca2_ac1  =   1.000000e+06   1.670000e+00   9.999983e+05
*           ca2_av1  =   1.000000e+06  -1.000000e+00   1.000001e+06
*           ca2_ac2  =   1.000000e+06  -1.000000e+00   1.000001e+06
*           ca2_av2  =   1.000000e+06  -1.000000e+00   1.000001e+06
*           ac1_ac1  =   1.000000e+06   3.340000e+00   9.999967e+05
*           ac1_av1  =   1.000000e+06  -1.000000e+00   1.000001e+06
*           ac1_ac2  =   1.000000e+06  -1.000000e+00   1.000001e+06
*           ac1_av2  =   1.000000e+06  -1.000000e+00   1.000001e+06
*           av1_av1  =   1.000000e+06  -1.000000e+00   1.000001e+06
*           av1_av2  =   1.000000e+06  -1.000000e+00   1.000001e+06
*           av2_av2  =   1.000000e+06  -1.000000e+00   1.000001e+06
*
*
*
**********************************************************************
*
*         - Comparing with 'best' structure -
*
****************************************************************
*
*          best ecc  = -1.1514e+00
*          best eng  =  0.0000e+00
*           ecc+eng  = -1.1514e+00
*          best vol  =  6.4229e+01
*           best pf  =  4.0554e-01
*
*     post_runs ecc  = -1.1503e+00
*     post_runs eng  =  0.0000e+00
*           ecc+eng  = -1.1503e+00
*     post_runs vol  =  6.4386e+01
*      post_runs pf  =  4.0455e-01
*
*       dV / V_runs  =  2.4288e-03
*
*          ecc_diff  = -1.0787e-03
*          eng_diff  =  0.0000e+00
*
*
****************************************************************
*
*  mag_ecc_diff > mag_eng_diff AND within BEST_VOL AND
* 'best' has lower energy than post runs! --> swapping.
*
****************************************************************
*
*
*          - Parameters at Post 'best-swap' -
*
* Lattice parameters:
*
*             lat a  =    8.8246
*             lat b  =    4.1658
*             lat c  =    4.0530
*             alpha  =  104.3224
*             beta   =   60.9495
*             gamma  =   52.4829
*          cell vol  =   64.2293
*          cv/ortho  =    0.4311
*
* Energies:
*               ecc  = -1.1514e+00
*               eng  =  0.0000e+00
*
*
* Geometry:
*
*      packing frac  =    0.4055
*      aspect ratio  =    2.1773
*
* (dE/dV):
*                Px  =  8.6615e-03                    x-dir
*                Py  =  5.8801e-03                    y-dir
*                Pz  =  3.3846e-03                    z-dir
*
* Distances (PBC only):
*                                 min           hard           diff
*           ca1_ca1  =   1.000000e+06   2.320000e+00   9.999977e+05
*           ca1_ca2  =   1.000000e+06   1.160000e+00   9.999988e+05
*           ca1_ac1  =   2.831078e+00   2.830000e+00   1.078355e-03
*           ca1_av1  =   1.000000e+06  -1.000000e+00   1.000001e+06
*           ca1_ac2  =   1.000000e+06  -1.000000e+00   1.000001e+06
*           ca1_av2  =   1.000000e+06  -1.000000e+00   1.000001e+06
*           ca2_ca2  =   1.000000e+06   0.000000e+00   1.000000e+06
*           ca2_ac1  =   1.000000e+06   1.670000e+00   9.999983e+05
*           ca2_av1  =   1.000000e+06  -1.000000e+00   1.000001e+06
*           ca2_ac2  =   1.000000e+06  -1.000000e+00   1.000001e+06
*           ca2_av2  =   1.000000e+06  -1.000000e+00   1.000001e+06
*           ac1_ac1  =   1.000000e+06   3.340000e+00   9.999967e+05
*           ac1_av1  =   1.000000e+06  -1.000000e+00   1.000001e+06
*           ac1_ac2  =   1.000000e+06  -1.000000e+00   1.000001e+06
*           ac1_av2  =   1.000000e+06  -1.000000e+00   1.000001e+06
*           av1_av1  =   1.000000e+06  -1.000000e+00   1.000001e+06
*           av1_av2  =   1.000000e+06  -1.000000e+00   1.000001e+06
*           av2_av2  =   1.000000e+06  -1.000000e+00   1.000001e+06
*
*
*
**********************************************************************
*
*         - Final Simplex relaxation with restarts -
*
**********************************************************************
*
*
****************************************************************
*
*
*        - Simplex Minimiziation Routine -
*
*
* Note: No aspect ratio constraint.
*
*
*            n_simp  =        15                   D.O.F.
*         simp_nmax  =      4500                max moves
*       simp_errlim  =  1.00e-08
*
*
*         - Initializing simplex arrays -
*
*
*      nfunk           rtol        pf        ar     ortho             e_ion              e_ss             e_tot
*X        11     1.6584e+00   0.40554   2.17730   0.43108    -1.1513979e+00     0.0000000e+00    -1.1513979e+00
*
*         simp_runs  =      1797               simp moves
*              rtol  =  9.46e-09               final rtol
*
* Simplex restart no. 1 of 10
*
*         - Initializing simplex arrays -
*
*
*      nfunk           rtol        pf        ar     ortho             e_ion              e_ss             e_tot
*X        11     1.6974e+00   0.40601   2.17842   0.43088    -1.1517500e+00     0.0000000e+00    -1.1517500e+00
*
*         simp_runs  =       891               simp moves
*              rtol  =  9.50e-09               final rtol
*
* Simplex restart no. 2 of 10
*
*         - Initializing simplex arrays -
*
*
*      nfunk           rtol        pf        ar     ortho             e_ion              e_ss             e_tot
*X        11     1.6974e+00   0.40601   2.17842   0.43088    -1.1517500e+00     0.0000000e+00    -1.1517500e+00
*
*         simp_runs  =       888               simp moves
*              rtol  =  8.93e-09               final rtol
*
* Simplex restart no. 3 of 10
*
*         - Initializing simplex arrays -
*
*
*      nfunk           rtol        pf        ar     ortho             e_ion              e_ss             e_tot
*X        11     1.6974e+00   0.40601   2.17842   0.43088    -1.1517501e+00     0.0000000e+00    -1.1517501e+00
*
*         simp_runs  =       895               simp moves
*              rtol  =  9.82e-09               final rtol
*
* Simplex restart no. 4 of 10
*
*         - Initializing simplex arrays -
*
*
*      nfunk           rtol        pf        ar     ortho             e_ion              e_ss             e_tot
*X        11     1.6974e+00   0.40601   2.17842   0.43088    -1.1517501e+00     0.0000000e+00    -1.1517501e+00
*
*         simp_runs  =       893               simp moves
*              rtol  =  9.11e-09               final rtol
*
* Simplex restart no. 5 of 10
*
*         - Initializing simplex arrays -
*
*
*      nfunk           rtol        pf        ar     ortho             e_ion              e_ss             e_tot
*X        11     1.6974e+00   0.40601   2.17842   0.43088    -1.1517501e+00     0.0000000e+00    -1.1517501e+00
*
*         simp_runs  =       961               simp moves
*              rtol  =  9.97e-09               final rtol
*
* Simplex restart no. 6 of 10
*
*         - Initializing simplex arrays -
*
*
*      nfunk           rtol        pf        ar     ortho             e_ion              e_ss             e_tot
*X        11     1.6974e+00   0.40601   2.17842   0.43088    -1.1517501e+00     0.0000000e+00    -1.1517501e+00
*
*         simp_runs  =       934               simp moves
*              rtol  =  9.71e-09               final rtol
*
* Simplex restart no. 7 of 10
*
*         - Initializing simplex arrays -
*
*
*      nfunk           rtol        pf        ar     ortho             e_ion              e_ss             e_tot
*X        11     1.6974e+00   0.40601   2.17842   0.43088    -1.1517501e+00     0.0000000e+00    -1.1517501e+00
*
*         simp_runs  =       940               simp moves
*              rtol  =  8.49e-09               final rtol
*
* Simplex restart no. 8 of 10
*
*         - Initializing simplex arrays -
*
*
*      nfunk           rtol        pf        ar     ortho             e_ion              e_ss             e_tot
*X        11     1.6974e+00   0.40601   2.17842   0.43088    -1.1517501e+00     0.0000000e+00    -1.1517501e+00
*
*         simp_runs  =       951               simp moves
*              rtol  =  9.70e-09               final rtol
*
* Simplex restart no. 9 of 10
*
*         - Initializing simplex arrays -
*
*
*      nfunk           rtol        pf        ar     ortho             e_ion              e_ss             e_tot
*X        11     1.6974e+00   0.40601   2.17842   0.43088    -1.1517501e+00     0.0000000e+00    -1.1517501e+00
*
*         simp_runs  =       971               simp moves
*              rtol  =  9.82e-09               final rtol
*
* Simplex restart no. 10 of 10
*
*         - Initializing simplex arrays -
*
*
*      nfunk           rtol        pf        ar     ortho             e_ion              e_ss             e_tot
*X        11     1.6974e+00   0.40601   2.17842   0.43088    -1.1517502e+00     0.0000000e+00    -1.1517502e+00
*
*         simp_runs  =       972               simp moves
*              rtol  =  9.88e-09               final rtol
*
****************************************************************
*
*          - Parameters at Post Simplex -
*
* Lattice parameters:
*
*             lat a  =    8.8251
*             lat b  =    4.1645
*             lat c  =    4.0511
*             alpha  =  104.3196
*             beta   =   60.9440
*             gamma  =   52.4773
*          cell vol  =   64.1540
*          cv/ortho  =    0.4309
*
* Energies:
*               ecc  = -1.1518e+00
*               eng  =  0.0000e+00
*
*
* Geometry:
*
*      packing frac  =    0.4060
*      aspect ratio  =    2.1784
*
* (dE/dV):
*                Px  =  1.0000e+04                    x-dir
*                Py  =  1.0000e+04                    y-dir
*                Pz  =  1.0000e+04                    z-dir
*
* Distances (PBC only):
*                                 min           hard           diff
*           ca1_ca1  =   1.000000e+06   2.320000e+00   9.999977e+05
*           ca1_ca2  =   1.000000e+06   1.160000e+00   9.999988e+05
*           ca1_ac1  =   2.830000e+00   2.830000e+00   5.621770e-10
*           ca1_av1  =   1.000000e+06  -1.000000e+00   1.000001e+06
*           ca1_ac2  =   1.000000e+06  -1.000000e+00   1.000001e+06
*           ca1_av2  =   1.000000e+06  -1.000000e+00   1.000001e+06
*           ca2_ca2  =   1.000000e+06   0.000000e+00   1.000000e+06
*           ca2_ac1  =   1.000000e+06   1.670000e+00   9.999983e+05
*           ca2_av1  =   1.000000e+06  -1.000000e+00   1.000001e+06
*           ca2_ac2  =   1.000000e+06  -1.000000e+00   1.000001e+06
*           ca2_av2  =   1.000000e+06  -1.000000e+00   1.000001e+06
*           ac1_ac1  =   1.000000e+06   3.340000e+00   9.999967e+05
*           ac1_av1  =   1.000000e+06  -1.000000e+00   1.000001e+06
*           ac1_ac2  =   1.000000e+06  -1.000000e+00   1.000001e+06
*           ac1_av2  =   1.000000e+06  -1.000000e+00   1.000001e+06
*           av1_av1  =   1.000000e+06  -1.000000e+00   1.000001e+06
*           av1_av2  =   1.000000e+06  -1.000000e+00   1.000001e+06
*           av2_av2  =   1.000000e+06  -1.000000e+00   1.000001e+06
*
*
***********************************************************
*        - Process and timing information -
*
* user time:   0 h 00 m 18.934078 s
* syst time:   0 h 00 m 00.005999 s
* signals: 0
* voluntary context switches: 7
* involuntary context switches: 12
*
***********************************************************
*SS symsearch output
*SS ( use:  | awk '($1=="*S"){print $0}' | sed 's/*S //' > temp.out )
*S Title
*S 1                 search type
*S 5.0 0.00001       displacement rms max min
*S 0.1 0.00001       strain rms max min
*S 1                 lattice input type
*S      8.82510     0.00000     0.00000
*S      2.53651     3.30293     0.00000
*S      1.96749    -2.77430     2.20092
*S 1 0 0
*S 0 1 0
*S 0 0 1
*S 2                 number of atoms
*S 11 0
*S      0.83202     0.87466     0.91307
*S      0.54798     0.74662     0.93527
*FF findsym output
*FF ( use:  | awk '($1=="*F"){print $0}' | sed 's/*F //' > temp.out )
*F Title
*F 0.001       displacement rms max min
*F 1                 lattice input type
*F      8.82510     0.00000     0.00000
*F      2.53651     3.30293     0.00000
*F      1.96749    -2.77430     2.20092
*F 1               basis vector in type
*F 1 0 0
*F 0 1 0
*F 0 0 1
*F 2                 number of atoms
*F 11 0
*F      0.83202     0.87466     0.91307
*F      0.54798     0.74662     0.93527
*DD powder output
*DD (use: | awk '($1=="*D"){print $0}' | sed 's/*D //' > temp.out )
*D 2
*D      8.82510     4.16452     4.05115
*D    104.31960    60.94405    52.47729
*D      0.83202     0.87466     0.91307        11
*D      0.54798     0.74662     0.93527         0
*PP poscar output
*PP (use: | awk '($1=="*P"){print $0}' | sed 's/*P //' > temp.out )
*P Z: 11 17 
*P 1.0 
*P      8.82510468     0.00000000     0.00000000
*P      2.53650837     3.30292996     0.00000000
*P      1.96749493    -2.77429511     2.20092093
*P 1 1 0 
*P Direct
*P       0.832019034834      0.874664348186      0.913065807322
*P       0.547979955897      0.746616535668      0.935268961066
*QQ poscar output
*QQ (use: | awk '($1=="*Q"){print $0}' | sed 's/*Q //' > temp.out )
*Q +1.000000000000 -1.000000000000 
*Q 1.0 
*Q      8.82510468     0.00000000     0.00000000
*Q      2.53650837     3.30292996     0.00000000
*Q      1.96749493    -2.77429511     2.20092093
*Q 1 1 0 
*Q Direct
*Q       0.832019034834      0.874664348186      0.913065807322
*Q       0.547979955897      0.746616535668      0.935268961066
*RR restart output
*RR (use: | awk '($1=="*R"){print $0}' | sed 's/*R //' > temp.out )
*R     8.825104677132    4.164519306973    4.051148301619
*R     1.820720578805    1.063674272726    0.915901407565
*R      1
*R      1     1
*R   -1.000000000000000   0.000000000000000
*R     0.000000000000    1.670000000000    0.000000000000    17     0
*R      1
*R      1   1.000000000000000
*R     1.160000000000    11
*R     0.832019034834    0.874664348186    0.913065807322
*R     0.547979955897    0.746616535668    0.935268961066
* XBS output
* CATION:
atom C    11.357700865    0.355841084    2.009585642
spec C     1.160000000    1.000000000    0.000000000    0.000000000
* ANION:
atom A     8.569916505   -0.128689973    2.058453027
spec A     1.670000000    0.000000000    0.000000000    1.000000000
spec V     0.000000000    0.000000000    1.000000000    0.000000000
bonds A V  0.000000000    0.000000000    0.010000000    Black
* CELL PARAMETERS AND BORDER
atom 0    0.00000   0.00000   0.00000
atom 1    8.82510   0.00000   0.00000
atom 2   11.36161   3.30293   0.00000
atom 3    2.53651   3.30293   0.00000
atom 4    1.96749  -2.77430   2.20092
atom 5   10.79260  -2.77430   2.20092
atom 6   13.32911   0.52863   2.20092
atom 7    4.50400   0.52863   2.20092
spec 0     0.050000000    0.000000000    0.000000000    0.000000000
spec 1     0.050000000    0.000000000    0.000000000    0.000000000
spec 2     0.050000000    0.000000000    0.000000000    0.000000000
spec 3     0.050000000    0.000000000    0.000000000    0.000000000
spec 4     0.050000000    0.000000000    0.000000000    0.000000000
spec 5     0.050000000    0.000000000    0.000000000    0.000000000
spec 6     0.050000000    0.000000000    0.000000000    0.000000000
spec 7     0.050000000    0.000000000    0.000000000    0.000000000
bonds 0 1  8.816279572    8.833929782    0.010000000    Black
bonds 3 2  8.816279572    8.833929782    0.010000000    Black
bonds 4 5  8.816279572    8.833929782    0.010000000    Black
bonds 6 7  8.816279572    8.833929782    0.010000000    Black
bonds 1 2  4.160354788    4.168683826    0.010000000    Black
bonds 0 3  4.160354788    4.168683826    0.010000000    Black
bonds 5 6  4.160354788    4.168683826    0.010000000    Black
bonds 4 7  4.160354788    4.168683826    0.010000000    Black
bonds 0 4  4.047097153    4.055199450    0.010000000    Black
bonds 1 5  4.047097153    4.055199450    0.010000000    Black
bonds 2 6  4.047097153    4.055199450    0.010000000    Black
bonds 3 7  4.047097153    4.055199450    0.010000000    Black
inc 5.000000
dup    8.82510   0.00000   0.00000
dup    2.53651   3.30293   0.00000
dup    1.96749  -2.77430   2.20092
