*************************************************
*	pack	(version 4.12.0.5)
*	Eric Majzoub
*	Sandia National Laboratories
*************************************************
*  Source file: main.c
*  Compile date: Dec 27 2012
*  Compile time: 17:19:04
*  commandline = /projects/e20438/bin/pack-4.12.0.5/pack_exe -f ../../NaCl_pegs.in -P -R -r 200 -t 15 -g 31061 
*  input file = ../../NaCl_pegs.in
**********************************************************************
**********************************************************************
**********************************************************************
* 
*       - General run comments -
* 
* WARN: no Rotations in Metropolis (-R flag).
* WARN: all anionic charge on center atom (-P flag).
*
**********************************************************************
*           - Input parameters -
*
*           restart  =         0         1 = restart calc
*        autoadjust  =         1   automatically set temp
*          aa_using  =         1        1=rej pct, 2=pCnt
*         basin hop  =         0           number of hops
*     non_per_ewald  =         0          1=nanopart calc
*
*             lat a  =   10.0000
*             lat b  =   10.0000
*             lat c  =   10.0000
*             alpha  =    1.5708
*             beta   =    1.5708
*             gamma  =    1.5708
*          cell vol  = 1000.0000
*      sqsh vol pct  =    0.2000
* 
*          cell_min  =    1.6700              min lat vec
*          cell_max  =  167.0000              max lat vec
* 
*         n_type_an  =         1          num type anions
*            num_an  =         1           tot num anions
* 
*          num_an_1  =         1        num anions type 1
*        num_vert_1  =         1     1=sph 2=dim 5=tet...
*       an_chrg_c_1  =   -1.0000      anion center charge
*       an_chrg_v_1  =    0.0000      anion vertex charge
*     tot_an_chrg_1  =   -1.0000       total anion charge
*           Rcent_1  =    1.6700         anion center rad
*           Rvert_1  =    0.0000         anion vertex rad
*             cvd_1  =    0.0000        cent to vert dist
*           Zcent_1  =        17           anion center Z
*           Zvert_1  =         0           anion vertex Z
* 
*          num_an_2  =         0        num anions type 2
*        num_vert_2  =         0     1=sph 2=dim 5=tet...
*       an_chrg_c_2  =    0.0000      anion center charge
*       an_chrg_v_2  =    0.0000      anion vertex charge
*     tot_an_chrg_2  =    0.0000       total anion charge
*           Rcent_2  =    0.0000         anion center rad
*           Rvert_2  =    0.0000         anion vertex rad
*             cvd_2  =    0.0000        cent to vert dist
*           Zcent_2  =         0           anion center Z
*           Zvert_2  =         0           anion vertex Z
* 
*         n_type_ca  =         1            num type cats
*            num_ca  =         1          tot num cations
* 
*          num_ca_1  =         1        num cations typ 1
*         ca_chrg_1  =    1.0000        cation chrg typ 1
*            Rcat_1  =    1.1600         cation rad typ 1
*            Zcat_1  =        11           cation Z typ 1
* 
*            C2VTOL  =  1.00e-08            c2v tolerance
*            ERRLIM  =  1.00e-06
*       REP_EPSILON  =  1.00e+00        soft sphere repul
*    TRANS_FRAC_MAX  =    0.5000                    fixed
*    TRANS_FRAC_MIN  =    0.0200
*      MAX_ANG_CHNG  =    9.9695                  degrees
*    VOLUM_FRAC_MAX  =    0.0700
*         EXT_PRESS  =  0.00e+00        external pressure
*      SQSH_VOL_PCT  =    0.2000             min orth val
*        ASPECT_MAX  =   20.0000                cell parm
*            dplane  =    1.6700            min plane sep
*      SCALE_FACTOR  =    1.2500         bhop max scaling
* 
*            d.o.f.  =        12       degrees of freedom
*          runs/dof  =       200         loops per d.o.f.
*              runs  =      2400              loops per T
*               ncc  =      9600     config changes per T
*            t_runs  =        15           num temp steps
*             efunc  =         0               0=SS  1=LJ
*       N_HALT_CHNG  =        15      halts after N 100%s
*
*      anneal_sched  =         3   0=lin or exp(-run_n^n)
*         temp_init  =  1.00e+00             initial temp
*         temp_finl  =  1.00e-03               final temp
* 
*          trn_chng  =         1              0=off  1=on
*          rot_chng  =         0              0=off  1=on
*          lat_chng  =         1              0=off  1=on
*          swp_chng  =         1              0=off  1=on
* 
*     SIMP_RESTARTS  =        11     no. simplex restarts
*  SIMP_RESTARTS BH  =        21  basin hop simp restarts
*         SIMP_NMAX  =      4500        max simplex iters
*          SIMP_DEG  =    1.0000          anion start deg
*         SIMP_LAMB  =    0.0100        vertex start frac
*       SIMP_ERRLIM  =  1.00e-08              error limit
* 
*           aa runs  =      1200           config changes
*      aa runs_step  =        10   config change increase
*       aa runs_max  =      1500  max auto config changes
*         aa t_runs  =         3            num temp runs
*      aa temp_step  =    0.5000                temp step
* 
*        aa chng hi  =         3  1=trn 2=rot 3=lat 4=swp
*        aa chng lo  =         3  1=trn 2=rot 3=lat 4=swp
* 
*      aa ht_pct_hi  =     0.650             high rej pct
*      aa ht_pct_lo  =     0.600             low  rej pct
* 
*      aa lt_pct_hi  =     0.999             high rej pct
*      aa lt_pct_lo  =     0.950             low  rej pct
* 
*            tmpfile =                   PR20402-best.tmp
* 
* Checking for out of bounds fractional coords.
*
**********************************************************************
*
*          - Parameters at START -
*
* Lattice parameters:
*
*             lat a  =   10.0000
*             lat b  =   10.0000
*             lat c  =   10.0000
*             alpha  =   90.0000
*             beta   =   90.0000
*             gamma  =   90.0000
*          cell vol  = 1000.0000
*          cv/ortho  =    1.0000
*
* Energies:
*               ecc  = -5.0997e-01
*               eng  =  0.0000e+00
*
*
* Geometry:
*
*      packing frac  =    0.0260
*      aspect ratio  =    1.0000
*
* (dE/dV):
*                Px  =  1.4769e-04                    x-dir
*                Py  =  3.9069e-04                    y-dir
*                Pz  = -2.8410e-05                    z-dir
*
* Distances (PBC only):
*                                 min           hard           diff
*           ca1_ca1  =   1.000000e+06   2.320000e+00   9.999977e+05
*           ca1_ca2  =   1.000000e+06   1.160000e+00   9.999988e+05
*           ca1_ac1  =   4.847917e+00   2.830000e+00   2.017917e+00
*           ca1_av1  =   1.000000e+06  -1.000000e+00   1.000001e+06
*           ca1_ac2  =   1.000000e+06  -1.000000e+00   1.000001e+06
*           ca1_av2  =   1.000000e+06  -1.000000e+00   1.000001e+06
*           ca2_ca2  =   1.000000e+06   0.000000e+00   1.000000e+06
*           ca2_ac1  =   1.000000e+06   1.670000e+00   9.999983e+05
*           ca2_av1  =   1.000000e+06  -1.000000e+00   1.000001e+06
*           ca2_ac2  =   1.000000e+06  -1.000000e+00   1.000001e+06
*           ca2_av2  =   1.000000e+06  -1.000000e+00   1.000001e+06
*           ac1_ac1  =   1.000000e+06   3.340000e+00   9.999967e+05
*           ac1_av1  =   1.000000e+06  -1.000000e+00   1.000001e+06
*           ac1_ac2  =   1.000000e+06  -1.000000e+00   1.000001e+06
*           ac1_av2  =   1.000000e+06  -1.000000e+00   1.000001e+06
*           av1_av1  =   1.000000e+06  -1.000000e+00   1.000001e+06
*           av1_av2  =   1.000000e+06  -1.000000e+00   1.000001e+06
*           av2_av2  =   1.000000e+06  -1.000000e+00   1.000001e+06
*
*
*
**********************************************************************
*
* ------------------------------------------------------------
*              Autoadjust high temperatrure:
* ------------------------------------------------------------
*              Autoadjusting on 3 (1=trn,2=rot,3=lat,4=swp)
*
**********************************************************************
*
*                 -- Autoadjust Metropolis Run --
*
*   autoadjust_temp_init  =  1.0000e+00
*   autoadjust_temp_step  =  5.0000e-01
*        autoadjust_runs  =        1200         configs per temp
*       autoadjust_count  =           1
*
**********************************************************************
*
* Metropolis: 3 temperature runs with these parameters:
*
*              runs  =      1200              loops per T
*               T_0  = 1.000e+00             initial temp
*               T_L  = 1.000e+00               final temp
*           T_alpha  = 8.000e+09          annealing alpha
*
*            T = T_0 * exp( -run_num**3 / T_alpha )
*
**********************************************************************
*H run      Temp       E_ion        E_ss   cel vol       SigPF       ar     ortho        pCnt          % Rejected Changes
*H                                                                                                 trn      rot      lat      swp
*T   1  1.00e+00  -5.973e-01  +0.000e+00    176.77   3.957e-02    2.054     0.404   1.350e-01    32.92     0.00     5.08     0.00
*T   2  1.00e+00  -7.623e-01  +0.000e+00    507.98   4.171e-02    2.040     0.738   5.419e-02    24.67     0.00     1.83     0.00
*T   3  1.00e+00  -3.537e-01  +0.000e+00   1560.00   6.934e-02    2.186     0.872   1.450e-01    30.67     0.00     3.42     0.00
*
**********************************************************************
*
*                 -- AUTOADJUST [1] OUT --
*
*     target: lo % = 60.000000      hi % = 65.000000
*     Autoadjust % =  3.416667
*     Autoadjust: Lowering the temperature 5.000e-01 [a.u.]
*
**********************************************************************
*
*                 -- Autoadjust Metropolis Run --
*
*   autoadjust_temp_init  =  5.0000e-01
*   autoadjust_temp_step  =  5.0000e-01
*        autoadjust_runs  =        1210         configs per temp
*       autoadjust_count  =           2
*
**********************************************************************
*
* Metropolis: 3 temperature runs with these parameters:
*
*              runs  =      1210              loops per T
*               T_0  = 5.000e-01             initial temp
*               T_L  = 4.995e-01               final temp
*           T_alpha  = 7.996e+03          annealing alpha
*
*            T = T_0 * exp( -run_num**3 / T_alpha )
*
**********************************************************************
*H run      Temp       E_ion        E_ss   cel vol       SigPF       ar     ortho        pCnt          % Rejected Changes
*H                                                                                                 trn      rot      lat      swp
*T   1  5.00e-01  -3.571e-01  +0.000e+00   4693.12   8.552e-03    2.557     0.277   2.267e-01    19.92     0.00     0.83     0.00
*T   2  5.00e-01  -3.717e-01  +0.000e+00    930.10   2.526e-02    1.857     0.202   1.269e-01    21.40     0.00     5.54     0.00
*T   3  4.99e-01  -2.613e-01  +0.000e+00   5306.68   5.263e-03    1.799     0.208   5.246e-02    10.00     0.00     6.53     0.00
*
**********************************************************************
*
*                 -- AUTOADJUST [2] OUT --
*
*     target: lo % = 60.000000      hi % = 65.000000
*     Autoadjust % =  6.528926
*     Autoadjust: special case: (T-Tstep) = 0.000e+00 [a.u.]
*     Autoadjust: special case: ===> drop temp step to: 2.250e-01 [a.u.]
*     Autoadjust: Lowering the temperature 2.250e-01 [a.u.]
*
**********************************************************************
*
*                 -- Autoadjust Metropolis Run --
*
*   autoadjust_temp_init  =  2.7500e-01
*   autoadjust_temp_step  =  2.2500e-01
*        autoadjust_runs  =        1220         configs per temp
*       autoadjust_count  =           3
*
**********************************************************************
*
* Metropolis: 3 temperature runs with these parameters:
*
*              runs  =      1220              loops per T
*               T_0  = 2.750e-01             initial temp
*               T_L  = 2.747e-01               final temp
*           T_alpha  = 7.996e+03          annealing alpha
*
*            T = T_0 * exp( -run_num**3 / T_alpha )
*
**********************************************************************
*H run      Temp       E_ion        E_ss   cel vol       SigPF       ar     ortho        pCnt          % Rejected Changes
*H                                                                                                 trn      rot      lat      swp
*T   1  2.75e-01  -1.641e-01  +0.000e+00  15997.81   1.542e-03    5.191     0.270   1.570e-01    11.97     0.00     2.87     0.00
*T   2  2.75e-01  -2.066e-01  +0.000e+00   1232.95   5.048e-03   10.630     0.401   6.224e-01    37.21     0.00     4.34     0.00
*T   3  2.75e-01  +9.597e-02  +0.000e+00   9490.42   9.827e-03   15.445     0.322   9.666e-01    50.66     0.00     5.66     0.00
*
**********************************************************************
*
*                 -- AUTOADJUST [3] OUT --
*
*     target: lo % = 60.000000      hi % = 65.000000
*     Autoadjust % =  5.655738
*     Autoadjust: Lowering the temperature 2.250e-01 [a.u.]
*
**********************************************************************
*
*                 -- Autoadjust Metropolis Run --
*
*   autoadjust_temp_init  =  5.0000e-02
*   autoadjust_temp_step  =  2.2500e-01
*        autoadjust_runs  =        1230         configs per temp
*       autoadjust_count  =           4
*
**********************************************************************
*
* Metropolis: 3 temperature runs with these parameters:
*
*              runs  =      1230              loops per T
*               T_0  = 5.000e-02             initial temp
*               T_L  = 4.995e-02               final temp
*           T_alpha  = 7.996e+03          annealing alpha
*
*            T = T_0 * exp( -run_num**3 / T_alpha )
*
**********************************************************************
*H run      Temp       E_ion        E_ss   cel vol       SigPF       ar     ortho        pCnt          % Rejected Changes
*H                                                                                                 trn      rot      lat      swp
*T   1  5.00e-02  -5.430e-01  +0.000e+00  11051.98   1.934e-03   12.754     0.391   2.822e+00    99.35     0.00    18.13     0.00
*T   2  5.00e-02  -6.187e-01  +0.000e+00   4065.23   4.109e-03   16.026     0.220   2.161e+00    99.11     0.00    19.51     0.00
*T   3  5.00e-02  -7.976e-01  +0.000e+00   3027.48   3.164e-03   17.825     0.293   4.319e+00    98.46     0.00    22.52     0.00
*
**********************************************************************
*
*                 -- AUTOADJUST [4] OUT --
*
*     target: lo % = 60.000000      hi % = 65.000000
*     Autoadjust % = 22.520325
*     Autoadjust: special case: (T-Tstep) = -1.750e-01 [a.u.]
*     Autoadjust: special case: ===> drop temp step to: 1.013e-01 [a.u.]
*     Autoadjust: special case: (T-Tstep) = -5.125e-02 [a.u.]
*     Autoadjust: special case: ===> drop temp step to: 4.556e-02 [a.u.]
*     Autoadjust: Lowering the temperature 4.556e-02 [a.u.]
*
**********************************************************************
*
*                 -- Autoadjust Metropolis Run --
*
*   autoadjust_temp_init  =  4.4375e-03
*   autoadjust_temp_step  =  4.5563e-02
*        autoadjust_runs  =        1240         configs per temp
*       autoadjust_count  =           5
*
**********************************************************************
*
* Metropolis: 3 temperature runs with these parameters:
*
*              runs  =      1240              loops per T
*               T_0  = 4.438e-03             initial temp
*               T_L  = 4.433e-03               final temp
*           T_alpha  = 7.996e+03          annealing alpha
*
*            T = T_0 * exp( -run_num**3 / T_alpha )
*
**********************************************************************
*H run      Temp       E_ion        E_ss   cel vol       SigPF       ar     ortho        pCnt          % Rejected Changes
*H                                                                                                 trn      rot      lat      swp
*T   1  4.44e-03  -9.706e-01  +0.000e+00   1144.22   9.772e-03    7.837     0.390   7.588e+01    99.92     0.00    60.08     0.00
*T   2  4.44e-03  -1.093e+00  +0.000e+00    686.50   2.080e-02    7.362     0.314   1.664e+02   100.00     0.00    66.21     0.00
*T   3  4.43e-03  -1.105e+00  +0.000e+00    413.90   3.360e-02    4.429     0.325   3.664e+00   100.00     0.00    70.16     0.00
*
**********************************************************************
*
*                 -- AUTOADJUST [5] OUT --
*
*     target: lo % = 60.000000      hi % = 65.000000
*     Autoadjust % = 70.161290
*     Autoadjust: overshot! drop temp step to: 2.050e-02 [a.u.]
*     Autoadjust: Raising the temperature 2.050e-02 [a.u.]
*
**********************************************************************
*
*                 -- Autoadjust Metropolis Run --
*
*   autoadjust_temp_init  =  2.4941e-02
*   autoadjust_temp_step  =  2.0503e-02
*        autoadjust_runs  =        1250         configs per temp
*       autoadjust_count  =           6
*
**********************************************************************
*
* Metropolis: 3 temperature runs with these parameters:
*
*              runs  =      1250              loops per T
*               T_0  = 2.494e-02             initial temp
*               T_L  = 2.492e-02               final temp
*           T_alpha  = 7.996e+03          annealing alpha
*
*            T = T_0 * exp( -run_num**3 / T_alpha )
*
**********************************************************************
*H run      Temp       E_ion        E_ss   cel vol       SigPF       ar     ortho        pCnt          % Rejected Changes
*H                                                                                                 trn      rot      lat      swp
*T   1  2.49e-02  -8.795e-01  +0.000e+00    169.23   7.127e-02    1.649     0.278   3.078e+00    99.68     0.00    42.88     0.00
*T   2  2.49e-02  -1.053e+00  +0.000e+00     67.49   1.522e-01    1.964     0.522   7.453e+00    95.44     0.00    45.92     0.00
*T   3  2.49e-02  -1.060e+00  +0.000e+00     61.54   1.632e-01    2.425     0.560   3.758e+00    94.80     0.00    47.84     0.00
*
**********************************************************************
*
*                 -- AUTOADJUST [6] OUT --
*
*     target: lo % = 60.000000      hi % = 65.000000
*     Autoadjust % = 47.840000
*     Autoadjust: overshot! drop temp step to: 9.226e-03 [a.u.]
*     Autoadjust: Lowering the temperature 9.226e-03 [a.u.]
*
**********************************************************************
*
*                 -- Autoadjust Metropolis Run --
*
*   autoadjust_temp_init  =  1.5714e-02
*   autoadjust_temp_step  =  9.2264e-03
*        autoadjust_runs  =        1260         configs per temp
*       autoadjust_count  =           7
*
**********************************************************************
*
* Metropolis: 3 temperature runs with these parameters:
*
*              runs  =      1260              loops per T
*               T_0  = 1.571e-02             initial temp
*               T_L  = 1.570e-02               final temp
*           T_alpha  = 7.996e+03          annealing alpha
*
*            T = T_0 * exp( -run_num**3 / T_alpha )
*
**********************************************************************
*H run      Temp       E_ion        E_ss   cel vol       SigPF       ar     ortho        pCnt          % Rejected Changes
*H                                                                                                 trn      rot      lat      swp
*T   1  1.57e-02  -1.065e+00  +0.000e+00     75.83   2.389e-01    1.854     0.546   7.466e+00    99.44     0.00    63.41     0.00
*T   2  1.57e-02  -1.103e+00  +0.000e+00     70.80   2.015e-01    1.788     0.442   5.603e+00    99.44     0.00    65.71     0.00
*T   3  1.57e-02  -1.097e+00  +0.000e+00     56.03   2.131e-01    1.443     0.548   5.516e+00    99.21     0.00    67.46     0.00
*
**********************************************************************
*
*                 -- AUTOADJUST [7] OUT --
*
*     target: lo % = 60.000000      hi % = 65.000000
*     Autoadjust % = 67.460317
*     Autoadjust: overshot! drop temp step to: 4.152e-03 [a.u.]
*     Autoadjust: Raising the temperature 4.152e-03 [a.u.]
*
**********************************************************************
*
*                 -- Autoadjust Metropolis Run --
*
*   autoadjust_temp_init  =  1.9866e-02
*   autoadjust_temp_step  =  4.1519e-03
*        autoadjust_runs  =        1270         configs per temp
*       autoadjust_count  =           8
*
**********************************************************************
*
* Metropolis: 3 temperature runs with these parameters:
*
*              runs  =      1270              loops per T
*               T_0  = 1.987e-02             initial temp
*               T_L  = 1.985e-02               final temp
*           T_alpha  = 7.996e+03          annealing alpha
*
*            T = T_0 * exp( -run_num**3 / T_alpha )
*
**********************************************************************
*H run      Temp       E_ion        E_ss   cel vol       SigPF       ar     ortho        pCnt          % Rejected Changes
*H                                                                                                 trn      rot      lat      swp
*T   1  1.99e-02  -1.064e+00  +0.000e+00     69.68   2.344e-01    1.453     0.670   5.377e+00    98.27     0.00    55.75     0.00
*T   2  1.99e-02  -9.309e-01  +0.000e+00     87.72   1.914e-01    1.514     0.691   5.119e+00    97.95     0.00    54.72     0.00
*T   3  1.98e-02  -1.072e+00  +0.000e+00     79.50   1.886e-01    1.531     0.705   6.497e+00    98.74     0.00    51.02     0.00
*
**********************************************************************
*
*                 -- AUTOADJUST [8] OUT --
*
*     target: lo % = 60.000000      hi % = 65.000000
*     Autoadjust % = 51.023622
*     Autoadjust: overshot! drop temp step to: 1.868e-03 [a.u.]
*     Autoadjust: Lowering the temperature 1.868e-03 [a.u.]
*
**********************************************************************
*
*                 -- Autoadjust Metropolis Run --
*
*   autoadjust_temp_init  =  1.7998e-02
*   autoadjust_temp_step  =  1.8683e-03
*        autoadjust_runs  =        1280         configs per temp
*       autoadjust_count  =           9
*
**********************************************************************
*
* Metropolis: 3 temperature runs with these parameters:
*
*              runs  =      1280              loops per T
*               T_0  = 1.800e-02             initial temp
*               T_L  = 1.798e-02               final temp
*           T_alpha  = 7.996e+03          annealing alpha
*
*            T = T_0 * exp( -run_num**3 / T_alpha )
*
**********************************************************************
*H run      Temp       E_ion        E_ss   cel vol       SigPF       ar     ortho        pCnt          % Rejected Changes
*H                                                                                                 trn      rot      lat      swp
*T   1  1.80e-02  -1.149e+00  +0.000e+00     45.95   2.495e-01    1.447     0.500   1.042e+01    99.06     0.00    60.39     0.00
*T   2  1.80e-02  -1.069e+00  +0.000e+00     56.70   2.458e-01    1.458     0.535   6.721e+00    98.83     0.00    60.55     0.00
*T   3  1.80e-02  -1.057e+00  +0.000e+00     65.16   2.796e-01    1.226     0.577   2.900e+00    99.45     0.00    62.89     0.00
*
**********************************************************************
*
*                 -- AUTOADJUST [9] OUT --
*
*     target: lo % = 60.000000      hi % = 65.000000
*     Autoadjust % = 62.890625
*     Autoadjust: temp = 1.800e-02  is good!  Exiting autoadjust.
*
**********************************************************************
*
* ------------------------------------------------------------
*              Autoadjust low temperatrure:
* ------------------------------------------------------------
*              Autoadjusting on 3 (1=trn,2=rot,3=lat,4=swp)
*
**********************************************************************
*
*                 -- Autoadjust Metropolis Run --
*
*   autoadjust_temp_init  =  2.0000e-02
*   autoadjust_temp_step  =  5.0000e-01
*        autoadjust_runs  =        1200         configs per temp
*       autoadjust_count  =           1
*
**********************************************************************
*
* Metropolis: 3 temperature runs with these parameters:
*
*              runs  =      1200              loops per T
*               T_0  = 2.000e-02             initial temp
*               T_L  = 2.000e-02               final temp
*           T_alpha  = 1.600e+08          annealing alpha
*
*            T = T_0 * exp( -run_num**3 / T_alpha )
*
**********************************************************************
*H run      Temp       E_ion        E_ss   cel vol       SigPF       ar     ortho        pCnt          % Rejected Changes
*H                                                                                                 trn      rot      lat      swp
*T   1  2.00e-02  -1.033e+00  +0.000e+00     80.73   1.591e-01    1.378     0.621   4.156e+00    96.00     0.00    49.42     0.00
*T   2  2.00e-02  -1.097e+00  +0.000e+00     66.44   2.038e-01    1.158     0.708   3.325e+00    98.92     0.00    54.58     0.00
*T   3  2.00e-02  -1.101e+00  +0.000e+00     70.53   1.949e-01    1.092     0.814   3.395e+00    98.50     0.00    58.17     0.00
*
**********************************************************************
*
*                 -- AUTOADJUST [1] OUT --
*
*     target: lo % = 95.000000      hi % = 99.900000
*     Autoadjust % = 58.166667
*     Autoadjust: special case: (T-Tstep) = -4.800e-01 [a.u.]
*     Autoadjust: special case: ===> drop temp step to: 2.250e-01 [a.u.]
*     Autoadjust: special case: (T-Tstep) = -2.050e-01 [a.u.]
*     Autoadjust: special case: ===> drop temp step to: 1.013e-01 [a.u.]
*     Autoadjust: special case: (T-Tstep) = -8.125e-02 [a.u.]
*     Autoadjust: special case: ===> drop temp step to: 4.556e-02 [a.u.]
*     Autoadjust: special case: (T-Tstep) = -2.556e-02 [a.u.]
*     Autoadjust: special case: ===> drop temp step to: 2.050e-02 [a.u.]
*     Autoadjust: special case: (T-Tstep) = -5.031e-04 [a.u.]
*     Autoadjust: special case: ===> drop temp step to: 9.226e-03 [a.u.]
*     Autoadjust: Lowering the temperature 9.226e-03 [a.u.]
*
**********************************************************************
*
*                 -- Autoadjust Metropolis Run --
*
*   autoadjust_temp_init  =  1.0774e-02
*   autoadjust_temp_step  =  9.2264e-03
*        autoadjust_runs  =        1210         configs per temp
*       autoadjust_count  =           2
*
**********************************************************************
*
* Metropolis: 3 temperature runs with these parameters:
*
*              runs  =      1210              loops per T
*               T_0  = 1.077e-02             initial temp
*               T_L  = 1.076e-02               final temp
*           T_alpha  = 7.996e+03          annealing alpha
*
*            T = T_0 * exp( -run_num**3 / T_alpha )
*
**********************************************************************
*H run      Temp       E_ion        E_ss   cel vol       SigPF       ar     ortho        pCnt          % Rejected Changes
*H                                                                                                 trn      rot      lat      swp
*T   1  1.08e-02  -1.103e+00  +0.000e+00     67.07   2.479e-01    1.186     0.828   6.414e+00    99.92     0.00    74.30     0.00
*T   2  1.08e-02  -1.157e+00  +0.000e+00     52.26   2.518e-01    1.044     0.879   6.680e+00    99.50     0.00    71.74     0.00
*T   3  1.08e-02  -1.166e+00  +0.000e+00     51.54   2.906e-01    1.131     0.887   4.624e+00   100.00     0.00    73.06     0.00
*
**********************************************************************
*
*                 -- AUTOADJUST [2] OUT --
*
*     target: lo % = 95.000000      hi % = 99.900000
*     Autoadjust % = 73.057851
*     Autoadjust: Lowering the temperature 9.226e-03 [a.u.]
*
**********************************************************************
*
*                 -- Autoadjust Metropolis Run --
*
*   autoadjust_temp_init  =  1.5472e-03
*   autoadjust_temp_step  =  9.2264e-03
*        autoadjust_runs  =        1220         configs per temp
*       autoadjust_count  =           3
*
**********************************************************************
*
* Metropolis: 3 temperature runs with these parameters:
*
*              runs  =      1220              loops per T
*               T_0  = 1.547e-03             initial temp
*               T_L  = 1.546e-03               final temp
*           T_alpha  = 7.996e+03          annealing alpha
*
*            T = T_0 * exp( -run_num**3 / T_alpha )
*
**********************************************************************
*H run      Temp       E_ion        E_ss   cel vol       SigPF       ar     ortho        pCnt          % Rejected Changes
*H                                                                                                 trn      rot      lat      swp
*T   1  1.55e-03  -1.191e+00  +0.000e+00     48.51   3.450e-01    1.121     0.892   1.669e+02   100.00     0.00    94.75     0.00
*T   2  1.55e-03  -1.193e+00  +0.000e+00     48.20   3.513e-01    1.111     0.892   4.318e+00   100.00     0.00    96.64     0.00
*T   3  1.55e-03  -1.188e+00  +0.000e+00     48.71   3.537e-01    1.099     0.897   2.437e+00   100.00     0.00    96.97     0.00
*
**********************************************************************
*
*                 -- AUTOADJUST [3] OUT --
*
*     target: lo % = 95.000000      hi % = 99.900000
*     Autoadjust % = 96.967213
*     Autoadjust: temp = 1.547e-03  is good!  Exiting autoadjust.
*
**********************************************************************
*
*
*          -- Initializing cell contents --
*
*
*
**********************************************************************
*
*            -- Starting Metropolis calculation --
*
*              temp_init  = 1.800e-02
*
**********************************************************************
*
* Metropolis: 15 temperature runs with these parameters:
*
*              runs  =      2400              loops per T
*               T_0  = 1.800e-02             initial temp
*               T_L  = 1.547e-03               final temp
*           T_alpha  = 1.118e+03          annealing alpha
*
*            T = T_0 * exp( -run_num**3 / T_alpha )
*
**********************************************************************
*H run      Temp       E_ion        E_ss   cel vol       SigPF       ar     ortho        pCnt          % Rejected Changes
*H                                                                                                 trn      rot      lat      swp
*M   1  1.80e-02  -1.104e+00  +0.000e+00     54.42   2.089e-01    2.085     0.538   9.366e+01    97.42     0.00    56.96     0.00
*M   2  1.80e-02  -1.106e+00  +0.000e+00     55.99   2.470e-01    1.792     0.667   3.438e+00    99.75     0.00    65.42     0.00
*M   3  1.79e-02  -1.069e+00  +0.000e+00     53.33   2.363e-01    1.389     0.586   4.098e+00    99.04     0.00    59.46     0.00
*M   4  1.76e-02  -1.091e+00  +0.000e+00     52.66   2.378e-01    1.410     0.781   3.394e+00    98.92     0.00    60.79     0.00
*M   5  1.70e-02  -1.124e+00  +0.000e+00     47.40   2.459e-01    1.476     0.807   4.173e+00    99.42     0.00    62.08     0.00
*M   6  1.61e-02  -1.150e+00  +0.000e+00     60.08   2.485e-01    1.293     0.676   7.270e+00    99.67     0.00    62.33     0.00
*M   7  1.48e-02  -1.102e+00  +0.000e+00     69.77   2.430e-01    1.246     0.699   3.998e+00    99.46     0.00    66.17     0.00
*M   8  1.32e-02  -1.147e+00  +0.000e+00     51.30   2.918e-01    1.348     0.726   4.693e+00    99.88     0.00    70.62     0.00
*M   9  1.14e-02  -1.155e+00  +0.000e+00     54.05   2.692e-01    1.404     0.722   2.964e+00    99.75     0.00    74.42     0.00
*M  10  9.38e-03  -1.170e+00  +0.000e+00     48.33   3.120e-01    1.443     0.659   4.647e+00    99.92     0.00    78.46     0.00
*M  11  7.36e-03  -1.152e+00  +0.000e+00     50.92   3.271e-01    1.510     0.667   2.225e+00   100.00     0.00    83.96     0.00
*M  12  5.47e-03  -1.188e+00  +0.000e+00     46.14   3.424e-01    1.393     0.653   2.502e+00   100.00     0.00    87.58     0.00
*M  13  3.84e-03  -1.186e+00  +0.000e+00     46.75   3.540e-01    1.390     0.609   3.406e+00    99.96     0.00    90.33     0.00
*M  14  2.52e-03  -1.198e+00  +0.000e+00     46.19   3.603e-01    1.453     0.628   7.875e+00   100.00     0.00    94.33     0.00
*M  15  1.55e-03  -1.204e+00  +0.000e+00     45.57   3.753e-01    1.437     0.636   1.446e+00   100.00     0.00    97.50     0.00
*
**********************************************************************
*
*
*          - Parameters at Post Ewald-Metro -
*
* Lattice parameters:
*
*             lat a  =    3.5337
*             lat b  =    5.0778
*             lat c  =    3.9928
*             alpha  =   70.1945
*             beta   =   89.4584
*             gamma  =   45.8560
*          cell vol  =   45.5670
*          cv/ortho  =    0.6360
*
* Energies:
*               ecc  = -1.2042e+00
*               eng  =  0.0000e+00
*
*
* Geometry:
*
*      packing frac  =    0.5716
*      aspect ratio  =    1.4370
*
* (dE/dV):
*                Px  =  1.0234e-02                    x-dir
*                Py  =  5.5931e-03                    y-dir
*                Pz  =  1.0599e-02                    z-dir
*
* Distances (PBC only):
*                                 min           hard           diff
*           ca1_ca1  =   1.000000e+06   2.320000e+00   9.999977e+05
*           ca1_ca2  =   1.000000e+06   1.160000e+00   9.999988e+05
*           ca1_ac1  =   2.879472e+00   2.830000e+00   4.947215e-02
*           ca1_av1  =   1.000000e+06  -1.000000e+00   1.000001e+06
*           ca1_ac2  =   1.000000e+06  -1.000000e+00   1.000001e+06
*           ca1_av2  =   1.000000e+06  -1.000000e+00   1.000001e+06
*           ca2_ca2  =   1.000000e+06   0.000000e+00   1.000000e+06
*           ca2_ac1  =   1.000000e+06   1.670000e+00   9.999983e+05
*           ca2_av1  =   1.000000e+06  -1.000000e+00   1.000001e+06
*           ca2_ac2  =   1.000000e+06  -1.000000e+00   1.000001e+06
*           ca2_av2  =   1.000000e+06  -1.000000e+00   1.000001e+06
*           ac1_ac1  =   1.000000e+06   3.340000e+00   9.999967e+05
*           ac1_av1  =   1.000000e+06  -1.000000e+00   1.000001e+06
*           ac1_ac2  =   1.000000e+06  -1.000000e+00   1.000001e+06
*           ac1_av2  =   1.000000e+06  -1.000000e+00   1.000001e+06
*           av1_av1  =   1.000000e+06  -1.000000e+00   1.000001e+06
*           av1_av2  =   1.000000e+06  -1.000000e+00   1.000001e+06
*           av2_av2  =   1.000000e+06  -1.000000e+00   1.000001e+06
*
*
*
**********************************************************************
*
*         - Comparing with 'best' structure -
*
****************************************************************
*
*          best ecc  = -1.2058e+00
*          best eng  =  0.0000e+00
*           ecc+eng  = -1.2058e+00
*          best vol  =  4.5404e+01
*           best pf  =  5.7368e-01
*
*     post_runs ecc  = -1.2042e+00
*     post_runs eng  =  0.0000e+00
*           ecc+eng  = -1.2042e+00
*     post_runs vol  =  4.5567e+01
*      post_runs pf  =  5.7163e-01
*
*       dV / V_runs  =  3.5689e-03
*
*          ecc_diff  = -1.6794e-03
*          eng_diff  =  0.0000e+00
*
*
****************************************************************
*
*  mag_ecc_diff > mag_eng_diff AND within BEST_VOL AND
* 'best' has lower energy than post runs! --> swapping.
*
****************************************************************
*
*
*          - Parameters at Post 'best-swap' -
*
* Lattice parameters:
*
*             lat a  =    3.5337
*             lat b  =    5.0757
*             lat c  =    3.9923
*             alpha  =   69.9429
*             beta   =   89.4870
*             gamma  =   45.8881
*          cell vol  =   45.4044
*          cv/ortho  =    0.6341
*
* Energies:
*               ecc  = -1.2058e+00
*               eng  =  0.0000e+00
*
*
* Geometry:
*
*      packing frac  =    0.5737
*      aspect ratio  =    1.4364
*
* (dE/dV):
*                Px  =  1.0354e-02                    x-dir
*                Py  =  5.6460e-03                    y-dir
*                Pz  =  1.0557e-02                    z-dir
*
* Distances (PBC only):
*                                 min           hard           diff
*           ca1_ca1  =   1.000000e+06   2.320000e+00   9.999977e+05
*           ca1_ca2  =   1.000000e+06   1.160000e+00   9.999988e+05
*           ca1_ac1  =   2.881761e+00   2.830000e+00   5.176057e-02
*           ca1_av1  =   1.000000e+06  -1.000000e+00   1.000001e+06
*           ca1_ac2  =   1.000000e+06  -1.000000e+00   1.000001e+06
*           ca1_av2  =   1.000000e+06  -1.000000e+00   1.000001e+06
*           ca2_ca2  =   1.000000e+06   0.000000e+00   1.000000e+06
*           ca2_ac1  =   1.000000e+06   1.670000e+00   9.999983e+05
*           ca2_av1  =   1.000000e+06  -1.000000e+00   1.000001e+06
*           ca2_ac2  =   1.000000e+06  -1.000000e+00   1.000001e+06
*           ca2_av2  =   1.000000e+06  -1.000000e+00   1.000001e+06
*           ac1_ac1  =   1.000000e+06   3.340000e+00   9.999967e+05
*           ac1_av1  =   1.000000e+06  -1.000000e+00   1.000001e+06
*           ac1_ac2  =   1.000000e+06  -1.000000e+00   1.000001e+06
*           ac1_av2  =   1.000000e+06  -1.000000e+00   1.000001e+06
*           av1_av1  =   1.000000e+06  -1.000000e+00   1.000001e+06
*           av1_av2  =   1.000000e+06  -1.000000e+00   1.000001e+06
*           av2_av2  =   1.000000e+06  -1.000000e+00   1.000001e+06
*
*
*
**********************************************************************
*
*         - Final Simplex relaxation with restarts -
*
**********************************************************************
*
*
****************************************************************
*
*
*        - Simplex Minimiziation Routine -
*
*
* Note: No aspect ratio constraint.
*
*
*            n_simp  =        15                   D.O.F.
*         simp_nmax  =      4500                max moves
*       simp_errlim  =  1.00e-08
*
*
*         - Initializing simplex arrays -
*
*
*      nfunk           rtol        pf        ar     ortho             e_ion              e_ss             e_tot
*X        12     1.4856e+00   0.57368   1.43639   0.63409    -1.2058328e+00     0.0000000e+00    -1.2058328e+00
*X      2000     3.6383e-07   0.58067   1.44612   0.62693    -1.2109394e+00     0.0000000e+00    -1.2109394e+00
*
*         simp_runs  =      2595               simp moves
*              rtol  =  9.90e-09               final rtol
*
* Simplex restart no. 1 of 10
*
*         - Initializing simplex arrays -
*
*
*      nfunk           rtol        pf        ar     ortho             e_ion              e_ss             e_tot
*X        12     1.4928e+00   0.57946   1.44652   0.62017    -1.2114697e+00     0.0000000e+00    -1.2114697e+00
*
*         simp_runs  =      1669               simp moves
*              rtol  =  9.76e-09               final rtol
*
* Simplex restart no. 2 of 10
*
*         - Initializing simplex arrays -
*
*
*      nfunk           rtol        pf        ar     ortho             e_ion              e_ss             e_tot
*X        12     1.5122e+00   0.58002   1.44669   0.62032    -1.2119030e+00     0.0000000e+00    -1.2119030e+00
*
*         simp_runs  =       800               simp moves
*              rtol  =  9.96e-09               final rtol
*
* Simplex restart no. 3 of 10
*
*         - Initializing simplex arrays -
*
*
*      nfunk           rtol        pf        ar     ortho             e_ion              e_ss             e_tot
*X        12     1.5122e+00   0.58002   1.44669   0.62032    -1.2119031e+00     0.0000000e+00    -1.2119031e+00
*
*         simp_runs  =       833               simp moves
*              rtol  =  9.65e-09               final rtol
*
* Simplex restart no. 4 of 10
*
*         - Initializing simplex arrays -
*
*
*      nfunk           rtol        pf        ar     ortho             e_ion              e_ss             e_tot
*X        12     1.5122e+00   0.58002   1.44669   0.62032    -1.2119031e+00     0.0000000e+00    -1.2119031e+00
*
*         simp_runs  =       825               simp moves
*              rtol  =  9.94e-09               final rtol
*
* Simplex restart no. 5 of 10
*
*         - Initializing simplex arrays -
*
*
*      nfunk           rtol        pf        ar     ortho             e_ion              e_ss             e_tot
*X        12     1.5122e+00   0.58002   1.44669   0.62032    -1.2119031e+00     0.0000000e+00    -1.2119031e+00
*
*         simp_runs  =       847               simp moves
*              rtol  =  9.81e-09               final rtol
*
* Simplex restart no. 6 of 10
*
*         - Initializing simplex arrays -
*
*
*      nfunk           rtol        pf        ar     ortho             e_ion              e_ss             e_tot
*X        12     1.5122e+00   0.58002   1.44669   0.62032    -1.2119031e+00     0.0000000e+00    -1.2119031e+00
*
*         simp_runs  =       846               simp moves
*              rtol  =  9.83e-09               final rtol
*
* Simplex restart no. 7 of 10
*
*         - Initializing simplex arrays -
*
*
*      nfunk           rtol        pf        ar     ortho             e_ion              e_ss             e_tot
*X        12     1.5122e+00   0.58002   1.44669   0.62032    -1.2119031e+00     0.0000000e+00    -1.2119031e+00
*
*         simp_runs  =       846               simp moves
*              rtol  =  9.83e-09               final rtol
*
* Simplex restart no. 8 of 10
*
*         - Initializing simplex arrays -
*
*
*      nfunk           rtol        pf        ar     ortho             e_ion              e_ss             e_tot
*X        12     1.5122e+00   0.58002   1.44669   0.62032    -1.2119031e+00     0.0000000e+00    -1.2119031e+00
*
*         simp_runs  =       846               simp moves
*              rtol  =  9.83e-09               final rtol
*
* Simplex restart no. 9 of 10
*
*         - Initializing simplex arrays -
*
*
*      nfunk           rtol        pf        ar     ortho             e_ion              e_ss             e_tot
*X        12     1.5122e+00   0.58002   1.44669   0.62032    -1.2119031e+00     0.0000000e+00    -1.2119031e+00
*
*         simp_runs  =       846               simp moves
*              rtol  =  9.83e-09               final rtol
*
* Simplex restart no. 10 of 10
*
*         - Initializing simplex arrays -
*
*
*      nfunk           rtol        pf        ar     ortho             e_ion              e_ss             e_tot
*X        12     1.5122e+00   0.58002   1.44669   0.62032    -1.2119031e+00     0.0000000e+00    -1.2119031e+00
*
*         simp_runs  =       846               simp moves
*              rtol  =  9.83e-09               final rtol
*
****************************************************************
*
*          - Parameters at Post Simplex -
*
* Lattice parameters:
*
*             lat a  =    3.5432
*             lat b  =    5.1259
*             lat c  =    3.9861
*             alpha  =   68.6757
*             beta   =   89.4914
*             gamma  =   45.7223
*          cell vol  =   44.9077
*          cv/ortho  =    0.6203
*
* Energies:
*               ecc  = -1.2119e+00
*               eng  =  0.0000e+00
*
*
* Geometry:
*
*      packing frac  =    0.5800
*      aspect ratio  =    1.4467
*
* (dE/dV):
*                Px  =  1.0000e+04                    x-dir
*                Py  =  1.0000e+04                    y-dir
*                Pz  =  9.8884e-03                    z-dir
*
* Distances (PBC only):
*                                 min           hard           diff
*           ca1_ca1  =   1.000000e+06   2.320000e+00   9.999977e+05
*           ca1_ca2  =   1.000000e+06   1.160000e+00   9.999988e+05
*           ca1_ac1  =   2.873959e+00   2.830000e+00   4.395863e-02
*           ca1_av1  =   1.000000e+06  -1.000000e+00   1.000001e+06
*           ca1_ac2  =   1.000000e+06  -1.000000e+00   1.000001e+06
*           ca1_av2  =   1.000000e+06  -1.000000e+00   1.000001e+06
*           ca2_ca2  =   1.000000e+06   0.000000e+00   1.000000e+06
*           ca2_ac1  =   1.000000e+06   1.670000e+00   9.999983e+05
*           ca2_av1  =   1.000000e+06  -1.000000e+00   1.000001e+06
*           ca2_ac2  =   1.000000e+06  -1.000000e+00   1.000001e+06
*           ca2_av2  =   1.000000e+06  -1.000000e+00   1.000001e+06
*           ac1_ac1  =   1.000000e+06   3.340000e+00   9.999967e+05
*           ac1_av1  =   1.000000e+06  -1.000000e+00   1.000001e+06
*           ac1_ac2  =   1.000000e+06  -1.000000e+00   1.000001e+06
*           ac1_av2  =   1.000000e+06  -1.000000e+00   1.000001e+06
*           av1_av1  =   1.000000e+06  -1.000000e+00   1.000001e+06
*           av1_av2  =   1.000000e+06  -1.000000e+00   1.000001e+06
*           av2_av2  =   1.000000e+06  -1.000000e+00   1.000001e+06
*
*
***********************************************************
*        - Process and timing information -
*
* user time:   0 h 00 m 11.609970 s
* syst time:   0 h 00 m 00.007999 s
* signals: 0
* voluntary context switches: 7
* involuntary context switches: 16
*
***********************************************************
*SS symsearch output
*SS ( use:  | awk '($1=="*S"){print $0}' | sed 's/*S //' > temp.out )
*S Title
*S 1                 search type
*S 5.0 0.00001       displacement rms max min
*S 0.1 0.00001       strain rms max min
*S 1                 lattice input type
*S      3.54319     0.00000     0.00000
*S      3.57857     3.66995     0.00000
*S      0.03538     1.99006     3.45356
*S 1 0 0
*S 0 1 0
*S 0 0 1
*S 2                 number of atoms
*S 11 0
*S      0.28337     0.79091     0.47657
*S      0.47848     0.09909     0.83880
*FF findsym output
*FF ( use:  | awk '($1=="*F"){print $0}' | sed 's/*F //' > temp.out )
*F Title
*F 0.001       displacement rms max min
*F 1                 lattice input type
*F      3.54319     0.00000     0.00000
*F      3.57857     3.66995     0.00000
*F      0.03538     1.99006     3.45356
*F 1               basis vector in type
*F 1 0 0
*F 0 1 0
*F 0 0 1
*F 2                 number of atoms
*F 11 0
*F      0.28337     0.79091     0.47657
*F      0.47848     0.09909     0.83880
*DD powder output
*DD (use: | awk '($1=="*D"){print $0}' | sed 's/*D //' > temp.out )
*D 2
*D      3.54319     5.12589     3.98606
*D     68.67569    89.49139    45.72231
*D      0.28337     0.79091     0.47657        11
*D      0.47848     0.09909     0.83880         0
*PP poscar output
*PP (use: | awk '($1=="*P"){print $0}' | sed 's/*P //' > temp.out )
*P Z: 11 17 
*P 1.0 
*P      3.54318511     0.00000000     0.00000000
*P      3.57856763     3.66995262     0.00000000
*P      0.03538367     1.99006104     3.45355816
*P 1 1 0 
*P Direct
*P       0.283373322842      0.790905710376      0.476565281195
*P       0.478481214665      0.099088925139      0.838799768367
*QQ poscar output
*QQ (use: | awk '($1=="*Q"){print $0}' | sed 's/*Q //' > temp.out )
*Q +1.000000000000 -1.000000000000 
*Q 1.0 
*Q      3.54318511     0.00000000     0.00000000
*Q      3.57856763     3.66995262     0.00000000
*Q      0.03538367     1.99006104     3.45355816
*Q 1 1 0 
*Q Direct
*Q       0.283373322842      0.790905710376      0.476565281195
*Q       0.478481214665      0.099088925139      0.838799768367
*RR restart output
*RR (use: | awk '($1=="*R"){print $0}' | sed 's/*R //' > temp.out )
*R     3.543185109977    5.125885143648    3.986058063072
*R     1.198616926294    1.561919353540    0.798004896095
*R      1
*R      1     1
*R   -1.000000000000000   0.000000000000000
*R     0.000000000000    1.670000000000    0.000000000000    17     0
*R      1
*R      1   1.000000000000000
*R     1.160000000000    11
*R     0.283373322842    0.790905710376    0.476565281195
*R     0.478481214665    0.099088925139    0.838799768367
* XBS output
* CATION:
atom C     3.851216334    3.850980486    1.645845914
spec C     1.160000000    1.000000000    0.000000000    0.000000000
* ANION:
atom A     2.079623746    2.032914400    2.896843781
spec A     1.670000000    0.000000000    0.000000000    1.000000000
spec V     0.000000000    0.000000000    1.000000000    0.000000000
bonds A V  0.000000000    0.000000000    0.010000000    Black
* CELL PARAMETERS AND BORDER
atom 0    0.00000   0.00000   0.00000
atom 1    3.54319   0.00000   0.00000
atom 2    7.12175   3.66995   0.00000
atom 3    3.57857   3.66995   0.00000
atom 4    0.03538   1.99006   3.45356
atom 5    3.57857   1.99006   3.45356
atom 6    7.15714   5.66001   3.45356
atom 7    3.61395   5.66001   3.45356
spec 0     0.050000000    0.000000000    0.000000000    0.000000000
spec 1     0.050000000    0.000000000    0.000000000    0.000000000
spec 2     0.050000000    0.000000000    0.000000000    0.000000000
spec 3     0.050000000    0.000000000    0.000000000    0.000000000
spec 4     0.050000000    0.000000000    0.000000000    0.000000000
spec 5     0.050000000    0.000000000    0.000000000    0.000000000
spec 6     0.050000000    0.000000000    0.000000000    0.000000000
spec 7     0.050000000    0.000000000    0.000000000    0.000000000
bonds 0 1  3.539641925    3.546728295    0.010000000    Black
bonds 3 2  3.539641925    3.546728295    0.010000000    Black
bonds 4 5  3.539641925    3.546728295    0.010000000    Black
bonds 6 7  3.539641925    3.546728295    0.010000000    Black
bonds 1 2  5.120759259    5.131011029    0.010000000    Black
bonds 0 3  5.120759259    5.131011029    0.010000000    Black
bonds 5 6  5.120759259    5.131011029    0.010000000    Black
bonds 4 7  5.120759259    5.131011029    0.010000000    Black
bonds 0 4  3.982072005    3.990044121    0.010000000    Black
bonds 1 5  3.982072005    3.990044121    0.010000000    Black
bonds 2 6  3.982072005    3.990044121    0.010000000    Black
bonds 3 7  3.982072005    3.990044121    0.010000000    Black
inc 5.000000
dup    3.54319   0.00000   0.00000
dup    3.57857   3.66995   0.00000
dup    0.03538   1.99006   3.45356
