*************************************************
*	pack	(version 4.12.0.5)
*	Eric Majzoub
*	Sandia National Laboratories
*************************************************
*  Source file: main.c
*  Compile date: Dec 27 2012
*  Compile time: 17:19:04
*  commandline = /projects/e20438/bin/pack-4.12.0.5/pack_exe -f ../../NaCl_pegs.in -P -R -r 600 -t 15 -g 27950 
*  input file = ../../NaCl_pegs.in
**********************************************************************
**********************************************************************
**********************************************************************
* 
*       - General run comments -
* 
* WARN: no Rotations in Metropolis (-R flag).
* WARN: all anionic charge on center atom (-P flag).
*
**********************************************************************
*           - Input parameters -
*
*           restart  =         0         1 = restart calc
*        autoadjust  =         1   automatically set temp
*          aa_using  =         1        1=rej pct, 2=pCnt
*         basin hop  =         0           number of hops
*     non_per_ewald  =         0          1=nanopart calc
*
*             lat a  =   10.0000
*             lat b  =   10.0000
*             lat c  =   10.0000
*             alpha  =    1.5708
*             beta   =    1.5708
*             gamma  =    1.5708
*          cell vol  = 1000.0000
*      sqsh vol pct  =    0.2000
* 
*          cell_min  =    1.6700              min lat vec
*          cell_max  =  167.0000              max lat vec
* 
*         n_type_an  =         1          num type anions
*            num_an  =         1           tot num anions
* 
*          num_an_1  =         1        num anions type 1
*        num_vert_1  =         1     1=sph 2=dim 5=tet...
*       an_chrg_c_1  =   -1.0000      anion center charge
*       an_chrg_v_1  =    0.0000      anion vertex charge
*     tot_an_chrg_1  =   -1.0000       total anion charge
*           Rcent_1  =    1.6700         anion center rad
*           Rvert_1  =    0.0000         anion vertex rad
*             cvd_1  =    0.0000        cent to vert dist
*           Zcent_1  =        17           anion center Z
*           Zvert_1  =         0           anion vertex Z
* 
*          num_an_2  =         0        num anions type 2
*        num_vert_2  =         0     1=sph 2=dim 5=tet...
*       an_chrg_c_2  =    0.0000      anion center charge
*       an_chrg_v_2  =    0.0000      anion vertex charge
*     tot_an_chrg_2  =    0.0000       total anion charge
*           Rcent_2  =    0.0000         anion center rad
*           Rvert_2  =    0.0000         anion vertex rad
*             cvd_2  =    0.0000        cent to vert dist
*           Zcent_2  =         0           anion center Z
*           Zvert_2  =         0           anion vertex Z
* 
*         n_type_ca  =         1            num type cats
*            num_ca  =         1          tot num cations
* 
*          num_ca_1  =         1        num cations typ 1
*         ca_chrg_1  =    1.0000        cation chrg typ 1
*            Rcat_1  =    1.1600         cation rad typ 1
*            Zcat_1  =        11           cation Z typ 1
* 
*            C2VTOL  =  1.00e-08            c2v tolerance
*            ERRLIM  =  1.00e-06
*       REP_EPSILON  =  1.00e+00        soft sphere repul
*    TRANS_FRAC_MAX  =    0.5000                    fixed
*    TRANS_FRAC_MIN  =    0.0200
*      MAX_ANG_CHNG  =    9.9695                  degrees
*    VOLUM_FRAC_MAX  =    0.0700
*         EXT_PRESS  =  0.00e+00        external pressure
*      SQSH_VOL_PCT  =    0.2000             min orth val
*        ASPECT_MAX  =   20.0000                cell parm
*            dplane  =    1.6700            min plane sep
*      SCALE_FACTOR  =    1.2500         bhop max scaling
* 
*            d.o.f.  =        12       degrees of freedom
*          runs/dof  =       600         loops per d.o.f.
*              runs  =      7200              loops per T
*               ncc  =     28800     config changes per T
*            t_runs  =        15           num temp steps
*             efunc  =         0               0=SS  1=LJ
*       N_HALT_CHNG  =        15      halts after N 100%s
*
*      anneal_sched  =         3   0=lin or exp(-run_n^n)
*         temp_init  =  1.00e+00             initial temp
*         temp_finl  =  1.00e-03               final temp
* 
*          trn_chng  =         1              0=off  1=on
*          rot_chng  =         0              0=off  1=on
*          lat_chng  =         1              0=off  1=on
*          swp_chng  =         1              0=off  1=on
* 
*     SIMP_RESTARTS  =        11     no. simplex restarts
*  SIMP_RESTARTS BH  =        21  basin hop simp restarts
*         SIMP_NMAX  =      4500        max simplex iters
*          SIMP_DEG  =    1.0000          anion start deg
*         SIMP_LAMB  =    0.0100        vertex start frac
*       SIMP_ERRLIM  =  1.00e-08              error limit
* 
*           aa runs  =      1200           config changes
*      aa runs_step  =        10   config change increase
*       aa runs_max  =      1500  max auto config changes
*         aa t_runs  =         3            num temp runs
*      aa temp_step  =    0.5000                temp step
* 
*        aa chng hi  =         3  1=trn 2=rot 3=lat 4=swp
*        aa chng lo  =         3  1=trn 2=rot 3=lat 4=swp
* 
*      aa ht_pct_hi  =     0.650             high rej pct
*      aa ht_pct_lo  =     0.600             low  rej pct
* 
*      aa lt_pct_hi  =     0.999             high rej pct
*      aa lt_pct_lo  =     0.950             low  rej pct
* 
*            tmpfile =                   PR21248-best.tmp
* 
* Checking for out of bounds fractional coords.
*
**********************************************************************
*
*          - Parameters at START -
*
* Lattice parameters:
*
*             lat a  =   10.0000
*             lat b  =   10.0000
*             lat c  =   10.0000
*             alpha  =   90.0000
*             beta   =   90.0000
*             gamma  =   90.0000
*          cell vol  = 1000.0000
*          cv/ortho  =    1.0000
*
* Energies:
*               ecc  = -4.7883e-01
*               eng  =  0.0000e+00
*
*
* Geometry:
*
*      packing frac  =    0.0260
*      aspect ratio  =    1.0000
*
* (dE/dV):
*                Px  = -1.7304e-05                    x-dir
*                Py  =  1.8671e-04                    y-dir
*                Pz  =  3.0942e-04                    z-dir
*
* Distances (PBC only):
*                                 min           hard           diff
*           ca1_ca1  =   1.000000e+06   2.320000e+00   9.999977e+05
*           ca1_ca2  =   1.000000e+06   1.160000e+00   9.999988e+05
*           ca1_ac1  =   5.435057e+00   2.830000e+00   2.605057e+00
*           ca1_av1  =   1.000000e+06  -1.000000e+00   1.000001e+06
*           ca1_ac2  =   1.000000e+06  -1.000000e+00   1.000001e+06
*           ca1_av2  =   1.000000e+06  -1.000000e+00   1.000001e+06
*           ca2_ca2  =   1.000000e+06   0.000000e+00   1.000000e+06
*           ca2_ac1  =   1.000000e+06   1.670000e+00   9.999983e+05
*           ca2_av1  =   1.000000e+06  -1.000000e+00   1.000001e+06
*           ca2_ac2  =   1.000000e+06  -1.000000e+00   1.000001e+06
*           ca2_av2  =   1.000000e+06  -1.000000e+00   1.000001e+06
*           ac1_ac1  =   1.000000e+06   3.340000e+00   9.999967e+05
*           ac1_av1  =   1.000000e+06  -1.000000e+00   1.000001e+06
*           ac1_ac2  =   1.000000e+06  -1.000000e+00   1.000001e+06
*           ac1_av2  =   1.000000e+06  -1.000000e+00   1.000001e+06
*           av1_av1  =   1.000000e+06  -1.000000e+00   1.000001e+06
*           av1_av2  =   1.000000e+06  -1.000000e+00   1.000001e+06
*           av2_av2  =   1.000000e+06  -1.000000e+00   1.000001e+06
*
*
*
**********************************************************************
*
* ------------------------------------------------------------
*              Autoadjust high temperatrure:
* ------------------------------------------------------------
*              Autoadjusting on 3 (1=trn,2=rot,3=lat,4=swp)
*
**********************************************************************
*
*                 -- Autoadjust Metropolis Run --
*
*   autoadjust_temp_init  =  1.0000e+00
*   autoadjust_temp_step  =  5.0000e-01
*        autoadjust_runs  =        1200         configs per temp
*       autoadjust_count  =           1
*
**********************************************************************
*
* Metropolis: 3 temperature runs with these parameters:
*
*              runs  =      1200              loops per T
*               T_0  = 1.000e+00             initial temp
*               T_L  = 1.000e+00               final temp
*           T_alpha  = 8.000e+09          annealing alpha
*
*            T = T_0 * exp( -run_num**3 / T_alpha )
*
**********************************************************************
*H run      Temp       E_ion        E_ss   cel vol       SigPF       ar     ortho        pCnt          % Rejected Changes
*H                                                                                                 trn      rot      lat      swp
*T   1  1.00e+00  -6.166e-01  +0.000e+00    360.63   3.307e-02    2.096     0.234   4.139e-02    20.00     0.00     1.83     0.00
*T   2  1.00e+00  -1.511e-01  +0.000e+00    338.59   3.771e-02    3.077     0.498   1.139e-01    30.50     0.00     2.67     0.00
*T   3  1.00e+00  -3.200e-01  +0.000e+00    308.50   2.945e-02    3.550     0.624   1.042e-01    25.33     0.00     3.75     0.00
*
**********************************************************************
*
*                 -- AUTOADJUST [1] OUT --
*
*     target: lo % = 60.000000      hi % = 65.000000
*     Autoadjust % =  3.750000
*     Autoadjust: Lowering the temperature 5.000e-01 [a.u.]
*
**********************************************************************
*
*                 -- Autoadjust Metropolis Run --
*
*   autoadjust_temp_init  =  5.0000e-01
*   autoadjust_temp_step  =  5.0000e-01
*        autoadjust_runs  =        1210         configs per temp
*       autoadjust_count  =           2
*
**********************************************************************
*
* Metropolis: 3 temperature runs with these parameters:
*
*              runs  =      1210              loops per T
*               T_0  = 5.000e-01             initial temp
*               T_L  = 4.995e-01               final temp
*           T_alpha  = 7.996e+03          annealing alpha
*
*            T = T_0 * exp( -run_num**3 / T_alpha )
*
**********************************************************************
*H run      Temp       E_ion        E_ss   cel vol       SigPF       ar     ortho        pCnt          % Rejected Changes
*H                                                                                                 trn      rot      lat      swp
*T   1  5.00e-01  +2.203e-01  +0.000e+00   1521.58   2.480e-02    1.863     0.233   2.337e-01    23.97     0.00     3.47     0.00
*T   2  5.00e-01  -3.885e-01  +0.000e+00   1829.84   1.882e-02    1.961     0.225   3.957e-01    29.17     0.00     5.54     0.00
*T   3  4.99e-01  -5.468e-01  +0.000e+00   1729.73   4.434e-03    8.783     0.407   2.424e-01    20.99     0.00     1.32     0.00
*
**********************************************************************
*
*                 -- AUTOADJUST [2] OUT --
*
*     target: lo % = 60.000000      hi % = 65.000000
*     Autoadjust % =  1.322314
*     Autoadjust: special case: (T-Tstep) = 0.000e+00 [a.u.]
*     Autoadjust: special case: ===> drop temp step to: 2.250e-01 [a.u.]
*     Autoadjust: Lowering the temperature 2.250e-01 [a.u.]
*
**********************************************************************
*
*                 -- Autoadjust Metropolis Run --
*
*   autoadjust_temp_init  =  2.7500e-01
*   autoadjust_temp_step  =  2.2500e-01
*        autoadjust_runs  =        1220         configs per temp
*       autoadjust_count  =           3
*
**********************************************************************
*
* Metropolis: 3 temperature runs with these parameters:
*
*              runs  =      1220              loops per T
*               T_0  = 2.750e-01             initial temp
*               T_L  = 2.747e-01               final temp
*           T_alpha  = 7.996e+03          annealing alpha
*
*            T = T_0 * exp( -run_num**3 / T_alpha )
*
**********************************************************************
*H run      Temp       E_ion        E_ss   cel vol       SigPF       ar     ortho        pCnt          % Rejected Changes
*H                                                                                                 trn      rot      lat      swp
*T   1  2.75e-01  -6.806e-01  +0.000e+00    644.86   1.383e-02    9.039     0.399   1.044e+00    56.39     0.00     6.15     0.00
*T   2  2.75e-01  -7.018e-01  +0.000e+00   2429.93   1.459e-02   13.736     0.338   1.522e+00    82.30     0.00     7.05     0.00
*T   3  2.75e-01  -6.669e-01  +0.000e+00    373.74   1.637e-02    6.716     0.566   1.283e+00    85.66     0.00     5.16     0.00
*
**********************************************************************
*
*                 -- AUTOADJUST [3] OUT --
*
*     target: lo % = 60.000000      hi % = 65.000000
*     Autoadjust % =  5.163934
*     Autoadjust: Lowering the temperature 2.250e-01 [a.u.]
*
**********************************************************************
*
*                 -- Autoadjust Metropolis Run --
*
*   autoadjust_temp_init  =  5.0000e-02
*   autoadjust_temp_step  =  2.2500e-01
*        autoadjust_runs  =        1230         configs per temp
*       autoadjust_count  =           4
*
**********************************************************************
*
* Metropolis: 3 temperature runs with these parameters:
*
*              runs  =      1230              loops per T
*               T_0  = 5.000e-02             initial temp
*               T_L  = 4.995e-02               final temp
*           T_alpha  = 7.996e+03          annealing alpha
*
*            T = T_0 * exp( -run_num**3 / T_alpha )
*
**********************************************************************
*H run      Temp       E_ion        E_ss   cel vol       SigPF       ar     ortho        pCnt          % Rejected Changes
*H                                                                                                 trn      rot      lat      swp
*T   1  5.00e-02  -1.022e+00  +0.000e+00     62.62   1.326e-01    1.054     0.307   5.018e+00    94.15     0.00    29.92     0.00
*T   2  5.00e-02  -9.235e-01  +0.000e+00    143.62   9.821e-02    2.810     0.526   1.655e+00    87.32     0.00    28.13     0.00
*T   3  5.00e-02  -8.250e-01  +0.000e+00    176.01   4.752e-02    2.322     0.337   2.318e+00    92.20     0.00    24.80     0.00
*
**********************************************************************
*
*                 -- AUTOADJUST [4] OUT --
*
*     target: lo % = 60.000000      hi % = 65.000000
*     Autoadjust % = 24.796748
*     Autoadjust: special case: (T-Tstep) = -1.750e-01 [a.u.]
*     Autoadjust: special case: ===> drop temp step to: 1.013e-01 [a.u.]
*     Autoadjust: special case: (T-Tstep) = -5.125e-02 [a.u.]
*     Autoadjust: special case: ===> drop temp step to: 4.556e-02 [a.u.]
*     Autoadjust: Lowering the temperature 4.556e-02 [a.u.]
*
**********************************************************************
*
*                 -- Autoadjust Metropolis Run --
*
*   autoadjust_temp_init  =  4.4375e-03
*   autoadjust_temp_step  =  4.5563e-02
*        autoadjust_runs  =        1240         configs per temp
*       autoadjust_count  =           5
*
**********************************************************************
*
* Metropolis: 3 temperature runs with these parameters:
*
*              runs  =      1240              loops per T
*               T_0  = 4.438e-03             initial temp
*               T_L  = 4.433e-03               final temp
*           T_alpha  = 7.996e+03          annealing alpha
*
*            T = T_0 * exp( -run_num**3 / T_alpha )
*
**********************************************************************
*H run      Temp       E_ion        E_ss   cel vol       SigPF       ar     ortho        pCnt          % Rejected Changes
*H                                                                                                 trn      rot      lat      swp
*T   1  4.44e-03  -1.044e+00  +0.000e+00     89.02   1.784e-01    1.776     0.342   5.942e+01    99.35     0.00    76.61     0.00
*T   2  4.44e-03  -1.076e+00  +0.000e+00     80.03   1.903e-01    1.735     0.323   4.095e+00   100.00     0.00    83.87     0.00
*T   3  4.43e-03  -1.066e+00  +0.000e+00     84.13   1.863e-01    1.789     0.321   2.604e+00    99.92     0.00    83.15     0.00
*
**********************************************************************
*
*                 -- AUTOADJUST [5] OUT --
*
*     target: lo % = 60.000000      hi % = 65.000000
*     Autoadjust % = 83.145161
*     Autoadjust: overshot! drop temp step to: 2.050e-02 [a.u.]
*     Autoadjust: Raising the temperature 2.050e-02 [a.u.]
*
**********************************************************************
*
*                 -- Autoadjust Metropolis Run --
*
*   autoadjust_temp_init  =  2.4941e-02
*   autoadjust_temp_step  =  2.0503e-02
*        autoadjust_runs  =        1250         configs per temp
*       autoadjust_count  =           6
*
**********************************************************************
*
* Metropolis: 3 temperature runs with these parameters:
*
*              runs  =      1250              loops per T
*               T_0  = 2.494e-02             initial temp
*               T_L  = 2.492e-02               final temp
*           T_alpha  = 7.996e+03          annealing alpha
*
*            T = T_0 * exp( -run_num**3 / T_alpha )
*
**********************************************************************
*H run      Temp       E_ion        E_ss   cel vol       SigPF       ar     ortho        pCnt          % Rejected Changes
*H                                                                                                 trn      rot      lat      swp
*T   1  2.49e-02  -1.081e+00  +0.000e+00     67.08   1.813e-01    1.612     0.411   4.732e+00    95.92     0.00    49.12     0.00
*T   2  2.49e-02  -1.105e+00  +0.000e+00     62.26   1.718e-01    1.281     0.593   3.762e+00    95.36     0.00    50.24     0.00
*T   3  2.49e-02  -1.058e+00  +0.000e+00     61.81   1.892e-01    1.545     0.701   3.148e+00    97.28     0.00    51.60     0.00
*
**********************************************************************
*
*                 -- AUTOADJUST [6] OUT --
*
*     target: lo % = 60.000000      hi % = 65.000000
*     Autoadjust % = 51.600000
*     Autoadjust: overshot! drop temp step to: 9.226e-03 [a.u.]
*     Autoadjust: Lowering the temperature 9.226e-03 [a.u.]
*
**********************************************************************
*
*                 -- Autoadjust Metropolis Run --
*
*   autoadjust_temp_init  =  1.5714e-02
*   autoadjust_temp_step  =  9.2264e-03
*        autoadjust_runs  =        1260         configs per temp
*       autoadjust_count  =           7
*
**********************************************************************
*
* Metropolis: 3 temperature runs with these parameters:
*
*              runs  =      1260              loops per T
*               T_0  = 1.571e-02             initial temp
*               T_L  = 1.570e-02               final temp
*           T_alpha  = 7.996e+03          annealing alpha
*
*            T = T_0 * exp( -run_num**3 / T_alpha )
*
**********************************************************************
*H run      Temp       E_ion        E_ss   cel vol       SigPF       ar     ortho        pCnt          % Rejected Changes
*H                                                                                                 trn      rot      lat      swp
*T   1  1.57e-02  -1.095e+00  +0.000e+00     59.50   2.576e-01    1.050     0.767   5.268e+00    99.44     0.00    62.70     0.00
*T   2  1.57e-02  -1.180e+00  +0.000e+00     50.71   2.192e-01    1.538     0.587   9.118e+00    99.05     0.00    61.27     0.00
*T   3  1.57e-02  -1.172e+00  +0.000e+00     51.62   2.510e-01    1.483     0.565   5.635e+00    99.84     0.00    57.94     0.00
*
**********************************************************************
*
*                 -- AUTOADJUST [7] OUT --
*
*     target: lo % = 60.000000      hi % = 65.000000
*     Autoadjust % = 57.936508
*     Autoadjust: Lowering the temperature 9.226e-03 [a.u.]
*
**********************************************************************
*
*                 -- Autoadjust Metropolis Run --
*
*   autoadjust_temp_init  =  6.4878e-03
*   autoadjust_temp_step  =  9.2264e-03
*        autoadjust_runs  =        1270         configs per temp
*       autoadjust_count  =           8
*
**********************************************************************
*
* Metropolis: 3 temperature runs with these parameters:
*
*              runs  =      1270              loops per T
*               T_0  = 6.488e-03             initial temp
*               T_L  = 6.481e-03               final temp
*           T_alpha  = 7.996e+03          annealing alpha
*
*            T = T_0 * exp( -run_num**3 / T_alpha )
*
**********************************************************************
*H run      Temp       E_ion        E_ss   cel vol       SigPF       ar     ortho        pCnt          % Rejected Changes
*H                                                                                                 trn      rot      lat      swp
*T   1  6.49e-03  -1.165e+00  +0.000e+00     53.10   3.184e-01    1.422     0.502   3.414e+00   100.00     0.00    80.31     0.00
*T   2  6.49e-03  -1.193e+00  +0.000e+00     49.30   3.141e-01    1.493     0.549   3.264e+00   100.00     0.00    78.27     0.00
*T   3  6.48e-03  -1.185e+00  +0.000e+00     47.43   3.083e-01    1.561     0.501   5.677e+00    99.84     0.00    77.01     0.00
*
**********************************************************************
*
*                 -- AUTOADJUST [8] OUT --
*
*     target: lo % = 60.000000      hi % = 65.000000
*     Autoadjust % = 77.007874
*     Autoadjust: overshot! drop temp step to: 4.152e-03 [a.u.]
*     Autoadjust: Raising the temperature 4.152e-03 [a.u.]
*
**********************************************************************
*
*                 -- Autoadjust Metropolis Run --
*
*   autoadjust_temp_init  =  1.0640e-02
*   autoadjust_temp_step  =  4.1519e-03
*        autoadjust_runs  =        1280         configs per temp
*       autoadjust_count  =           9
*
**********************************************************************
*
* Metropolis: 3 temperature runs with these parameters:
*
*              runs  =      1280              loops per T
*               T_0  = 1.064e-02             initial temp
*               T_L  = 1.063e-02               final temp
*           T_alpha  = 7.996e+03          annealing alpha
*
*            T = T_0 * exp( -run_num**3 / T_alpha )
*
**********************************************************************
*H run      Temp       E_ion        E_ss   cel vol       SigPF       ar     ortho        pCnt          % Rejected Changes
*H                                                                                                 trn      rot      lat      swp
*T   1  1.06e-02  -1.217e+00  +0.000e+00     46.28   2.973e-01    1.434     0.505   1.097e+01   100.00     0.00    61.48     0.00
*T   2  1.06e-02  -1.189e+00  +0.000e+00     47.23   3.010e-01    1.438     0.510   5.041e+00   100.00     0.00    67.27     0.00
*T   3  1.06e-02  -1.217e+00  +0.000e+00     46.45   2.944e-01    1.392     0.467   4.194e+00   100.00     0.00    65.16     0.00
*
**********************************************************************
*
*                 -- AUTOADJUST [9] OUT --
*
*     target: lo % = 60.000000      hi % = 65.000000
*     Autoadjust % = 65.156250
*     Autoadjust: Raising the temperature 4.152e-03 [a.u.]
*
**********************************************************************
*
*                 -- Autoadjust Metropolis Run --
*
*   autoadjust_temp_init  =  1.4792e-02
*   autoadjust_temp_step  =  4.1519e-03
*        autoadjust_runs  =        1290         configs per temp
*       autoadjust_count  =          10
*
**********************************************************************
*
* Metropolis: 3 temperature runs with these parameters:
*
*              runs  =      1290              loops per T
*               T_0  = 1.479e-02             initial temp
*               T_L  = 1.478e-02               final temp
*           T_alpha  = 7.996e+03          annealing alpha
*
*            T = T_0 * exp( -run_num**3 / T_alpha )
*
**********************************************************************
*H run      Temp       E_ion        E_ss   cel vol       SigPF       ar     ortho        pCnt          % Rejected Changes
*H                                                                                                 trn      rot      lat      swp
*T   1  1.48e-02  -1.149e+00  +0.000e+00     48.10   2.692e-01    1.605     0.507   4.081e+00    99.77     0.00    59.38     0.00
*T   2  1.48e-02  -1.149e+00  +0.000e+00     53.21   2.676e-01    1.356     0.489   2.176e+00    99.77     0.00    62.17     0.00
*T   3  1.48e-02  -1.065e+00  +0.000e+00     71.94   2.262e-01    1.467     0.483   6.039e+00    99.46     0.00    59.30     0.00
*
**********************************************************************
*
*                 -- AUTOADJUST [10] OUT --
*
*     target: lo % = 60.000000      hi % = 65.000000
*     Autoadjust % = 59.302326
*     Autoadjust: overshot! drop temp step to: 1.868e-03 [a.u.]
*     Autoadjust: Lowering the temperature 1.868e-03 [a.u.]
*
**********************************************************************
*
*                 -- Autoadjust Metropolis Run --
*
*   autoadjust_temp_init  =  1.2923e-02
*   autoadjust_temp_step  =  1.8683e-03
*        autoadjust_runs  =        1300         configs per temp
*       autoadjust_count  =          11
*
**********************************************************************
*
* Metropolis: 3 temperature runs with these parameters:
*
*              runs  =      1300              loops per T
*               T_0  = 1.292e-02             initial temp
*               T_L  = 1.291e-02               final temp
*           T_alpha  = 7.996e+03          annealing alpha
*
*            T = T_0 * exp( -run_num**3 / T_alpha )
*
**********************************************************************
*H run      Temp       E_ion        E_ss   cel vol       SigPF       ar     ortho        pCnt          % Rejected Changes
*H                                                                                                 trn      rot      lat      swp
*T   1  1.29e-02  -1.123e+00  +0.000e+00     55.74   2.216e-01    1.626     0.553   6.862e+00    99.08     0.00    65.08     0.00
*T   2  1.29e-02  -1.113e+00  +0.000e+00     55.37   2.467e-01    1.572     0.458   3.166e+00    99.85     0.00    66.69     0.00
*T   3  1.29e-02  -1.110e+00  +0.000e+00     62.27   2.565e-01    1.644     0.559   4.032e+00    99.69     0.00    61.54     0.00
*
**********************************************************************
*
*                 -- AUTOADJUST [11] OUT --
*
*     target: lo % = 60.000000      hi % = 65.000000
*     Autoadjust % = 61.538462
*     Autoadjust: temp = 1.292e-02  is good!  Exiting autoadjust.
*
**********************************************************************
*
* ------------------------------------------------------------
*              Autoadjust low temperatrure:
* ------------------------------------------------------------
*              Autoadjusting on 3 (1=trn,2=rot,3=lat,4=swp)
*
**********************************************************************
*
*                 -- Autoadjust Metropolis Run --
*
*   autoadjust_temp_init  =  2.0000e-02
*   autoadjust_temp_step  =  5.0000e-01
*        autoadjust_runs  =        1200         configs per temp
*       autoadjust_count  =           1
*
**********************************************************************
*
* Metropolis: 3 temperature runs with these parameters:
*
*              runs  =      1200              loops per T
*               T_0  = 2.000e-02             initial temp
*               T_L  = 2.000e-02               final temp
*           T_alpha  = 1.600e+08          annealing alpha
*
*            T = T_0 * exp( -run_num**3 / T_alpha )
*
**********************************************************************
*H run      Temp       E_ion        E_ss   cel vol       SigPF       ar     ortho        pCnt          % Rejected Changes
*H                                                                                                 trn      rot      lat      swp
*T   1  2.00e-02  -1.025e+00  +0.000e+00     82.87   1.983e-01    1.400     0.478   2.211e+00    99.08     0.00    56.17     0.00
*T   2  2.00e-02  -1.038e+00  +0.000e+00     48.98   2.120e-01    1.704     0.522   4.411e+00    98.42     0.00    57.75     0.00
*T   3  2.00e-02  -1.073e+00  +0.000e+00     65.21   2.284e-01    1.652     0.505   4.567e+00    99.08     0.00    53.58     0.00
*
**********************************************************************
*
*                 -- AUTOADJUST [1] OUT --
*
*     target: lo % = 95.000000      hi % = 99.900000
*     Autoadjust % = 53.583333
*     Autoadjust: special case: (T-Tstep) = -4.800e-01 [a.u.]
*     Autoadjust: special case: ===> drop temp step to: 2.250e-01 [a.u.]
*     Autoadjust: special case: (T-Tstep) = -2.050e-01 [a.u.]
*     Autoadjust: special case: ===> drop temp step to: 1.013e-01 [a.u.]
*     Autoadjust: special case: (T-Tstep) = -8.125e-02 [a.u.]
*     Autoadjust: special case: ===> drop temp step to: 4.556e-02 [a.u.]
*     Autoadjust: special case: (T-Tstep) = -2.556e-02 [a.u.]
*     Autoadjust: special case: ===> drop temp step to: 2.050e-02 [a.u.]
*     Autoadjust: special case: (T-Tstep) = -5.031e-04 [a.u.]
*     Autoadjust: special case: ===> drop temp step to: 9.226e-03 [a.u.]
*     Autoadjust: Lowering the temperature 9.226e-03 [a.u.]
*
**********************************************************************
*
*                 -- Autoadjust Metropolis Run --
*
*   autoadjust_temp_init  =  1.0774e-02
*   autoadjust_temp_step  =  9.2264e-03
*        autoadjust_runs  =        1210         configs per temp
*       autoadjust_count  =           2
*
**********************************************************************
*
* Metropolis: 3 temperature runs with these parameters:
*
*              runs  =      1210              loops per T
*               T_0  = 1.077e-02             initial temp
*               T_L  = 1.076e-02               final temp
*           T_alpha  = 7.996e+03          annealing alpha
*
*            T = T_0 * exp( -run_num**3 / T_alpha )
*
**********************************************************************
*H run      Temp       E_ion        E_ss   cel vol       SigPF       ar     ortho        pCnt          % Rejected Changes
*H                                                                                                 trn      rot      lat      swp
*T   1  1.08e-02  -1.074e+00  +0.000e+00     60.54   2.303e-01    1.508     0.442   3.295e+00    99.75     0.00    65.37     0.00
*T   2  1.08e-02  -1.137e+00  +0.000e+00     54.77   2.680e-01    1.402     0.518   4.226e+00    99.83     0.00    65.62     0.00
*T   3  1.08e-02  -1.093e+00  +0.000e+00     61.57   2.852e-01    1.479     0.592   3.862e+00    99.92     0.00    71.24     0.00
*
**********************************************************************
*
*                 -- AUTOADJUST [2] OUT --
*
*     target: lo % = 95.000000      hi % = 99.900000
*     Autoadjust % = 71.239669
*     Autoadjust: Lowering the temperature 9.226e-03 [a.u.]
*
**********************************************************************
*
*                 -- Autoadjust Metropolis Run --
*
*   autoadjust_temp_init  =  1.5472e-03
*   autoadjust_temp_step  =  9.2264e-03
*        autoadjust_runs  =        1220         configs per temp
*       autoadjust_count  =           3
*
**********************************************************************
*
* Metropolis: 3 temperature runs with these parameters:
*
*              runs  =      1220              loops per T
*               T_0  = 1.547e-03             initial temp
*               T_L  = 1.546e-03               final temp
*           T_alpha  = 7.996e+03          annealing alpha
*
*            T = T_0 * exp( -run_num**3 / T_alpha )
*
**********************************************************************
*H run      Temp       E_ion        E_ss   cel vol       SigPF       ar     ortho        pCnt          % Rejected Changes
*H                                                                                                 trn      rot      lat      swp
*T   1  1.55e-03  -1.176e+00  +0.000e+00     46.30   3.520e-01    1.427     0.471   2.311e+02   100.00     0.00    93.77     0.00
*T   2  1.55e-03  -1.169e+00  +0.000e+00     47.47   3.606e-01    1.451     0.487   7.037e+00   100.00     0.00    95.25     0.00
*T   3  1.55e-03  -1.174e+00  +0.000e+00     46.88   3.600e-01    1.458     0.479   2.886e+00   100.00     0.00    94.75     0.00
*
**********************************************************************
*
*                 -- AUTOADJUST [3] OUT --
*
*     target: lo % = 95.000000      hi % = 99.900000
*     Autoadjust % = 94.754098
*     Autoadjust: special case: (T-Tstep) = -7.679e-03 [a.u.]
*     Autoadjust: special case: ===> drop temp step to: 4.152e-03 [a.u.]
*     Autoadjust: special case: (T-Tstep) = -2.605e-03 [a.u.]
*     Autoadjust: special case: ===> drop temp step to: 1.868e-03 [a.u.]
*     Autoadjust: special case: (T-Tstep) = -3.212e-04 [a.u.]
*     Autoadjust: special case: ===> drop temp step to: 8.408e-04 [a.u.]
*     Autoadjust: Lowering the temperature 8.408e-04 [a.u.]
*
**********************************************************************
*
*                 -- Autoadjust Metropolis Run --
*
*   autoadjust_temp_init  =  7.0643e-04
*   autoadjust_temp_step  =  8.4076e-04
*        autoadjust_runs  =        1230         configs per temp
*       autoadjust_count  =           4
*
**********************************************************************
*
* Metropolis: 3 temperature runs with these parameters:
*
*              runs  =      1230              loops per T
*               T_0  = 7.064e-04             initial temp
*               T_L  = 7.057e-04               final temp
*           T_alpha  = 7.996e+03          annealing alpha
*
*            T = T_0 * exp( -run_num**3 / T_alpha )
*
**********************************************************************
*H run      Temp       E_ion        E_ss   cel vol       SigPF       ar     ortho        pCnt          % Rejected Changes
*H                                                                                                 trn      rot      lat      swp
*T   1  7.06e-04  -1.176e+00  +0.000e+00     46.57   3.675e-01    1.460     0.479   7.497e+02   100.00     0.00    97.89     0.00
*T   2  7.06e-04  -1.175e+00  +0.000e+00     46.69   3.696e-01    1.459     0.478   6.848e-01   100.00     0.00    98.54     0.00
*T   3  7.06e-04  -1.177e+00  +0.000e+00     46.39   3.677e-01    1.449     0.473   3.859e+00   100.00     0.00    97.07     0.00
*
**********************************************************************
*
*                 -- AUTOADJUST [4] OUT --
*
*     target: lo % = 95.000000      hi % = 99.900000
*     Autoadjust % = 97.073171
*     Autoadjust: temp = 7.064e-04  is good!  Exiting autoadjust.
*
**********************************************************************
*
*
*          -- Initializing cell contents --
*
*
*
**********************************************************************
*
*            -- Starting Metropolis calculation --
*
*              temp_init  = 1.292e-02
*
**********************************************************************
*
* Metropolis: 15 temperature runs with these parameters:
*
*              runs  =      7200              loops per T
*               T_0  = 1.292e-02             initial temp
*               T_L  = 7.064e-04               final temp
*           T_alpha  = 9.441e+02          annealing alpha
*
*            T = T_0 * exp( -run_num**3 / T_alpha )
*
**********************************************************************
*H run      Temp       E_ion        E_ss   cel vol       SigPF       ar     ortho        pCnt          % Rejected Changes
*H                                                                                                 trn      rot      lat      swp
*M   1  1.29e-02  -1.007e+00  +0.000e+00    183.86   8.244e-02    1.427     0.242   9.882e+01    99.60     0.00    66.42     0.00
*M   2  1.29e-02  -9.375e-01  +0.000e+00    212.89   7.583e-02    1.556     0.339   7.982e+00    99.61     0.00    73.01     0.00
*M   3  1.28e-02  -1.187e+00  +0.000e+00     51.05   2.109e-01    1.731     0.414   2.534e+01    99.74     0.00    73.90     0.00
*M   4  1.26e-02  -1.095e+00  +0.000e+00     54.59   2.543e-01    1.250     0.540   1.080e+01    99.58     0.00    71.86     0.00
*M   5  1.21e-02  -1.127e+00  +0.000e+00     51.26   2.863e-01    1.084     0.846   5.431e+00    99.92     0.00    70.49     0.00
*M   6  1.13e-02  -1.160e+00  +0.000e+00     45.88   2.587e-01    1.129     0.605   7.791e+00    99.79     0.00    71.10     0.00
*M   7  1.03e-02  -1.094e+00  +0.000e+00    107.55   2.995e-01    3.673     0.428   9.835e+00    99.99     0.00    72.33     0.00
*M   8  8.99e-03  -1.193e+00  +0.000e+00     50.21   2.834e-01    1.718     0.410   2.692e+01   100.00     0.00    67.29     0.00
*M   9  7.51e-03  -1.182e+00  +0.000e+00     42.17   3.206e-01    1.462     0.479   4.431e+00   100.00     0.00    76.76     0.00
*M  10  5.97e-03  -1.197e+00  +0.000e+00     49.81   3.310e-01    1.736     0.438   5.532e+00    99.99     0.00    82.15     0.00
*M  11  4.48e-03  -1.203e+00  +0.000e+00     48.82   3.314e-01    1.743     0.409   3.365e+00    99.99     0.00    86.42     0.00
*M  12  3.16e-03  -1.203e+00  +0.000e+00     48.80   3.345e-01    1.682     0.431   3.348e+00   100.00     0.00    90.22     0.00
*M  13  2.07e-03  -1.203e+00  +0.000e+00     48.14   3.460e-01    1.674     0.432   4.437e+00   100.00     0.00    93.74     0.00
*M  14  1.26e-03  -1.204e+00  +0.000e+00     48.84   3.543e-01    1.715     0.422   2.435e+00   100.00     0.00    96.83     0.00
*M  15  7.06e-04  -1.219e+00  +0.000e+00     47.17   3.538e-01    1.736     0.416   9.109e+00    99.99     0.00    97.79     0.01
*
**********************************************************************
*
*
*          - Parameters at Post Ewald-Metro -
*
* Lattice parameters:
*
*             lat a  =    4.0431
*             lat b  =    4.0207
*             lat c  =    6.9815
*             alpha  =   74.5859
*             beta   =   29.7786
*             gamma  =   90.3972
*          cell vol  =   47.1735
*          cv/ortho  =    0.4157
*
* Energies:
*               ecc  = -1.2187e+00
*               eng  =  0.0000e+00
*
*
* Geometry:
*
*      packing frac  =    0.5522
*      aspect ratio  =    1.7364
*
* (dE/dV):
*                Px  =  8.8080e-03                    x-dir
*                Py  =  9.2474e-03                    y-dir
*                Pz  =  7.7778e-03                    z-dir
*
* Distances (PBC only):
*                                 min           hard           diff
*           ca1_ca1  =   1.000000e+06   2.320000e+00   9.999977e+05
*           ca1_ca2  =   1.000000e+06   1.160000e+00   9.999988e+05
*           ca1_ac1  =   2.852244e+00   2.830000e+00   2.224351e-02
*           ca1_av1  =   1.000000e+06  -1.000000e+00   1.000001e+06
*           ca1_ac2  =   1.000000e+06  -1.000000e+00   1.000001e+06
*           ca1_av2  =   1.000000e+06  -1.000000e+00   1.000001e+06
*           ca2_ca2  =   1.000000e+06   0.000000e+00   1.000000e+06
*           ca2_ac1  =   1.000000e+06   1.670000e+00   9.999983e+05
*           ca2_av1  =   1.000000e+06  -1.000000e+00   1.000001e+06
*           ca2_ac2  =   1.000000e+06  -1.000000e+00   1.000001e+06
*           ca2_av2  =   1.000000e+06  -1.000000e+00   1.000001e+06
*           ac1_ac1  =   1.000000e+06   3.340000e+00   9.999967e+05
*           ac1_av1  =   1.000000e+06  -1.000000e+00   1.000001e+06
*           ac1_ac2  =   1.000000e+06  -1.000000e+00   1.000001e+06
*           ac1_av2  =   1.000000e+06  -1.000000e+00   1.000001e+06
*           av1_av1  =   1.000000e+06  -1.000000e+00   1.000001e+06
*           av1_av2  =   1.000000e+06  -1.000000e+00   1.000001e+06
*           av2_av2  =   1.000000e+06  -1.000000e+00   1.000001e+06
*
*
*
**********************************************************************
*
*         - Comparing with 'best' structure -
*
****************************************************************
*
*          best ecc  = -1.2262e+00
*          best eng  =  0.0000e+00
*           ecc+eng  = -1.2262e+00
*          best vol  =  4.6265e+01
*           best pf  =  5.6300e-01
*
*     post_runs ecc  = -1.2187e+00
*     post_runs eng  =  0.0000e+00
*           ecc+eng  = -1.2187e+00
*     post_runs vol  =  4.7174e+01
*      post_runs pf  =  5.5216e-01
*
*       dV / V_runs  =  1.9250e-02
*
*          ecc_diff  = -7.5080e-03
*          eng_diff  =  0.0000e+00
*
*
****************************************************************
*
*  mag_ecc_diff > mag_eng_diff AND within BEST_VOL AND
* 'best' has lower energy than post runs! --> swapping.
*
****************************************************************
*
*
*          - Parameters at Post 'best-swap' -
*
* Lattice parameters:
*
*             lat a  =    4.0964
*             lat b  =    4.0343
*             lat c  =    5.6859
*             alpha  =   44.9979
*             beta   =   44.1336
*             gamma  =   59.4420
*          cell vol  =   46.2654
*          cv/ortho  =    0.4924
*
* Energies:
*               ecc  = -1.2262e+00
*               eng  =  0.0000e+00
*
*
* Geometry:
*
*      packing frac  =    0.5630
*      aspect ratio  =    1.4094
*
* (dE/dV):
*                Px  =  9.4262e-03                    x-dir
*                Py  =  8.8770e-03                    y-dir
*                Pz  =  8.1992e-03                    z-dir
*
* Distances (PBC only):
*                                 min           hard           diff
*           ca1_ca1  =   1.000000e+06   2.320000e+00   9.999977e+05
*           ca1_ca2  =   1.000000e+06   1.160000e+00   9.999988e+05
*           ca1_ac1  =   2.843194e+00   2.830000e+00   1.319359e-02
*           ca1_av1  =   1.000000e+06  -1.000000e+00   1.000001e+06
*           ca1_ac2  =   1.000000e+06  -1.000000e+00   1.000001e+06
*           ca1_av2  =   1.000000e+06  -1.000000e+00   1.000001e+06
*           ca2_ca2  =   1.000000e+06   0.000000e+00   1.000000e+06
*           ca2_ac1  =   1.000000e+06   1.670000e+00   9.999983e+05
*           ca2_av1  =   1.000000e+06  -1.000000e+00   1.000001e+06
*           ca2_ac2  =   1.000000e+06  -1.000000e+00   1.000001e+06
*           ca2_av2  =   1.000000e+06  -1.000000e+00   1.000001e+06
*           ac1_ac1  =   1.000000e+06   3.340000e+00   9.999967e+05
*           ac1_av1  =   1.000000e+06  -1.000000e+00   1.000001e+06
*           ac1_ac2  =   1.000000e+06  -1.000000e+00   1.000001e+06
*           ac1_av2  =   1.000000e+06  -1.000000e+00   1.000001e+06
*           av1_av1  =   1.000000e+06  -1.000000e+00   1.000001e+06
*           av1_av2  =   1.000000e+06  -1.000000e+00   1.000001e+06
*           av2_av2  =   1.000000e+06  -1.000000e+00   1.000001e+06
*
*
*
**********************************************************************
*
*         - Final Simplex relaxation with restarts -
*
**********************************************************************
*
*
****************************************************************
*
*
*        - Simplex Minimiziation Routine -
*
*
* Note: No aspect ratio constraint.
*
*
*            n_simp  =        15                   D.O.F.
*         simp_nmax  =      4500                max moves
*       simp_errlim  =  1.00e-08
*
*
*         - Initializing simplex arrays -
*
*
*      nfunk           rtol        pf        ar     ortho             e_ion              e_ss             e_tot
*X        12     3.1007e-03   0.56300   1.40938   0.49236    -1.2261605e+00     0.0000000e+00    -1.2261605e+00
*X      2000     3.6368e-07   0.57467   1.40048   0.48423    -1.2331887e+00     0.0000000e+00    -1.2331887e+00
*X      4000     1.0817e-07   0.57610   1.39675   0.48242    -1.2334168e+00     0.0000000e+00    -1.2334168e+00
*
*         simp_runs  =      4114               simp moves
*              rtol  =  9.35e-09               final rtol
*
* Simplex restart no. 1 of 10
*
*         - Initializing simplex arrays -
*
*
*      nfunk           rtol        pf        ar     ortho             e_ion              e_ss             e_tot
*X        11     1.4539e+00   0.57560   1.39675   0.48283    -1.2338652e+00     0.0000000e+00    -1.2338652e+00
*
*         simp_runs  =      1634               simp moves
*              rtol  =  9.28e-09               final rtol
*
* Simplex restart no. 2 of 10
*
*         - Initializing simplex arrays -
*
*
*      nfunk           rtol        pf        ar     ortho             e_ion              e_ss             e_tot
*X        11     1.4246e+00   0.57525   1.39636   0.48325    -1.2344172e+00     0.0000000e+00    -1.2344172e+00
*
*         simp_runs  =       840               simp moves
*              rtol  =  9.24e-09               final rtol
*
* Simplex restart no. 3 of 10
*
*         - Initializing simplex arrays -
*
*
*      nfunk           rtol        pf        ar     ortho             e_ion              e_ss             e_tot
*X        11     1.4517e+00   0.57528   1.39639   0.48325    -1.2344405e+00     0.0000000e+00    -1.2344405e+00
*
*         simp_runs  =       772               simp moves
*              rtol  =  9.95e-09               final rtol
*
* Simplex restart no. 4 of 10
*
*         - Initializing simplex arrays -
*
*
*      nfunk           rtol        pf        ar     ortho             e_ion              e_ss             e_tot
*X        11     1.4517e+00   0.57528   1.39639   0.48325    -1.2344405e+00     0.0000000e+00    -1.2344405e+00
*
*         simp_runs  =       767               simp moves
*              rtol  =  9.67e-09               final rtol
*
* Simplex restart no. 5 of 10
*
*         - Initializing simplex arrays -
*
*
*      nfunk           rtol        pf        ar     ortho             e_ion              e_ss             e_tot
*X        11     1.4245e+00   0.57528   1.39639   0.48325    -1.2344405e+00     0.0000000e+00    -1.2344405e+00
*
*         simp_runs  =       809               simp moves
*              rtol  =  9.54e-09               final rtol
*
* Simplex restart no. 6 of 10
*
*         - Initializing simplex arrays -
*
*
*      nfunk           rtol        pf        ar     ortho             e_ion              e_ss             e_tot
*X        11     1.4517e+00   0.57528   1.39639   0.48325    -1.2344405e+00     0.0000000e+00    -1.2344405e+00
*
*         simp_runs  =       783               simp moves
*              rtol  =  9.97e-09               final rtol
*
* Simplex restart no. 7 of 10
*
*         - Initializing simplex arrays -
*
*
*      nfunk           rtol        pf        ar     ortho             e_ion              e_ss             e_tot
*X        11     1.4517e+00   0.57528   1.39639   0.48325    -1.2344405e+00     0.0000000e+00    -1.2344405e+00
*
*         simp_runs  =       816               simp moves
*              rtol  =  9.10e-09               final rtol
*
* Simplex restart no. 8 of 10
*
*         - Initializing simplex arrays -
*
*
*      nfunk           rtol        pf        ar     ortho             e_ion              e_ss             e_tot
*X        11     1.4517e+00   0.57528   1.39639   0.48325    -1.2344405e+00     0.0000000e+00    -1.2344405e+00
*
*         simp_runs  =       786               simp moves
*              rtol  =  9.91e-09               final rtol
*
* Simplex restart no. 9 of 10
*
*         - Initializing simplex arrays -
*
*
*      nfunk           rtol        pf        ar     ortho             e_ion              e_ss             e_tot
*X        11     1.4245e+00   0.57528   1.39639   0.48325    -1.2344405e+00     0.0000000e+00    -1.2344405e+00
*
*         simp_runs  =       802               simp moves
*              rtol  =  9.55e-09               final rtol
*
* Simplex restart no. 10 of 10
*
*         - Initializing simplex arrays -
*
*
*      nfunk           rtol        pf        ar     ortho             e_ion              e_ss             e_tot
*X        11     1.4517e+00   0.57528   1.39639   0.48325    -1.2344406e+00     0.0000000e+00    -1.2344406e+00
*
*         simp_runs  =       794               simp moves
*              rtol  =  9.72e-09               final rtol
*
****************************************************************
*
*          - Parameters at Post Simplex -
*
* Lattice parameters:
*
*             lat a  =    4.0840
*             lat b  =    4.0533
*             lat c  =    5.6600
*             alpha  =   44.2640
*             beta   =   43.8183
*             gamma  =   58.9828
*          cell vol  =   45.2775
*          cv/ortho  =    0.4833
*
* Energies:
*               ecc  = -1.2344e+00
*               eng  =  0.0000e+00
*
*
* Geometry:
*
*      packing frac  =    0.5753
*      aspect ratio  =    1.3964
*
* (dE/dV):
*                Px  =  9.9073e-03                    x-dir
*                Py  =  9.6156e-03                    y-dir
*                Pz  =  1.0000e+04                    z-dir
*
* Distances (PBC only):
*                                 min           hard           diff
*           ca1_ca1  =   1.000000e+06   2.320000e+00   9.999977e+05
*           ca1_ca2  =   1.000000e+06   1.160000e+00   9.999988e+05
*           ca1_ac1  =   2.830000e+00   2.830000e+00   2.570662e-09
*           ca1_av1  =   1.000000e+06  -1.000000e+00   1.000001e+06
*           ca1_ac2  =   1.000000e+06  -1.000000e+00   1.000001e+06
*           ca1_av2  =   1.000000e+06  -1.000000e+00   1.000001e+06
*           ca2_ca2  =   1.000000e+06   0.000000e+00   1.000000e+06
*           ca2_ac1  =   1.000000e+06   1.670000e+00   9.999983e+05
*           ca2_av1  =   1.000000e+06  -1.000000e+00   1.000001e+06
*           ca2_ac2  =   1.000000e+06  -1.000000e+00   1.000001e+06
*           ca2_av2  =   1.000000e+06  -1.000000e+00   1.000001e+06
*           ac1_ac1  =   1.000000e+06   3.340000e+00   9.999967e+05
*           ac1_av1  =   1.000000e+06  -1.000000e+00   1.000001e+06
*           ac1_ac2  =   1.000000e+06  -1.000000e+00   1.000001e+06
*           ac1_av2  =   1.000000e+06  -1.000000e+00   1.000001e+06
*           av1_av1  =   1.000000e+06  -1.000000e+00   1.000001e+06
*           av1_av2  =   1.000000e+06  -1.000000e+00   1.000001e+06
*           av2_av2  =   1.000000e+06  -1.000000e+00   1.000001e+06
*
*
***********************************************************
*        - Process and timing information -
*
* user time:   0 h 00 m 23.196096 s
* syst time:   0 h 00 m 00.010999 s
* signals: 0
* voluntary context switches: 7
* involuntary context switches: 20
*
***********************************************************
*SS symsearch output
*SS ( use:  | awk '($1=="*S"){print $0}' | sed 's/*S //' > temp.out )
*S Title
*S 1                 search type
*S 5.0 0.00001       displacement rms max min
*S 0.1 0.00001       strain rms max min
*S 1                 lattice input type
*S      4.08398     0.00000     0.00000
*S      2.08866     3.47374     0.00000
*S      4.08391     2.27405     3.19155
*S 1 0 0
*S 0 1 0
*S 0 0 1
*S 2                 number of atoms
*S 11 0
*S      0.30118     0.53426     0.10637
*S      0.30117     0.53426     0.60638
*FF findsym output
*FF ( use:  | awk '($1=="*F"){print $0}' | sed 's/*F //' > temp.out )
*F Title
*F 0.001       displacement rms max min
*F 1                 lattice input type
*F      4.08398     0.00000     0.00000
*F      2.08866     3.47374     0.00000
*F      4.08391     2.27405     3.19155
*F 1               basis vector in type
*F 1 0 0
*F 0 1 0
*F 0 0 1
*F 2                 number of atoms
*F 11 0
*F      0.30118     0.53426     0.10637
*F      0.30117     0.53426     0.60638
*DD powder output
*DD (use: | awk '($1=="*D"){print $0}' | sed 's/*D //' > temp.out )
*D 2
*D      4.08398     4.05332     5.66000
*D     44.26396    43.81829    58.98279
*D      0.30118     0.53426     0.10637        11
*D      0.30117     0.53426     0.60638         0
*PP poscar output
*PP (use: | awk '($1=="*P"){print $0}' | sed 's/*P //' > temp.out )
*P Z: 11 17 
*P 1.0 
*P      4.08397528     0.00000000     0.00000000
*P      2.08865520     3.47374230     0.00000000
*P      4.08391360     2.27404565     3.19154986
*P 1 1 0 
*P Direct
*P       0.301182812944      0.534263230000      0.106370961529
*P       0.301166657504      0.534260950810      0.606380731492
*QQ poscar output
*QQ (use: | awk '($1=="*Q"){print $0}' | sed 's/*Q //' > temp.out )
*Q +1.000000000000 -1.000000000000 
*Q 1.0 
*Q      4.08397528     0.00000000     0.00000000
*Q      2.08865520     3.47374230     0.00000000
*Q      4.08391360     2.27404565     3.19154986
*Q 1 1 0 
*Q Direct
*Q       0.301182812944      0.534263230000      0.106370961529
*Q       0.301166657504      0.534260950810      0.606380731492
*RR restart output
*RR (use: | awk '($1=="*R"){print $0}' | sed 's/*R //' > temp.out )
*R     4.083975277016    4.053315447993    5.660002156732
*R     0.772551875167    0.764773453784    1.029443913278
*R      1
*R      1     1
*R   -1.000000000000000   0.000000000000000
*R     0.000000000000    1.670000000000    0.000000000000    17     0
*R      1
*R      1   1.000000000000000
*R     1.160000000000    11
*R     0.301182812944    0.534263230000    0.106370961529
*R     0.301166657504    0.534260950810    0.606380731492
* XBS output
* CATION:
atom C     2.780324653    2.097785204    0.339488227
spec C     1.160000000    1.000000000    0.000000000    0.000000000
* ANION:
atom A     4.822250614    3.234822330    1.935294337
spec A     1.670000000    0.000000000    0.000000000    1.000000000
spec V     0.000000000    0.000000000    1.000000000    0.000000000
bonds A V  0.000000000    0.000000000    0.010000000    Black
* CELL PARAMETERS AND BORDER
atom 0    0.00000   0.00000   0.00000
atom 1    4.08398   0.00000   0.00000
atom 2    6.17263   3.47374   0.00000
atom 3    2.08866   3.47374   0.00000
atom 4    4.08391   2.27405   3.19155
atom 5    8.16789   2.27405   3.19155
atom 6   10.25654   5.74779   3.19155
atom 7    6.17257   5.74779   3.19155
spec 0     0.050000000    0.000000000    0.000000000    0.000000000
spec 1     0.050000000    0.000000000    0.000000000    0.000000000
spec 2     0.050000000    0.000000000    0.000000000    0.000000000
spec 3     0.050000000    0.000000000    0.000000000    0.000000000
spec 4     0.050000000    0.000000000    0.000000000    0.000000000
spec 5     0.050000000    0.000000000    0.000000000    0.000000000
spec 6     0.050000000    0.000000000    0.000000000    0.000000000
spec 7     0.050000000    0.000000000    0.000000000    0.000000000
bonds 0 1  4.079891302    4.088059252    0.010000000    Black
bonds 3 2  4.079891302    4.088059252    0.010000000    Black
bonds 4 5  4.079891302    4.088059252    0.010000000    Black
bonds 6 7  4.079891302    4.088059252    0.010000000    Black
bonds 1 2  4.049262133    4.057368763    0.010000000    Black
bonds 0 3  4.049262133    4.057368763    0.010000000    Black
bonds 5 6  4.049262133    4.057368763    0.010000000    Black
bonds 4 7  4.049262133    4.057368763    0.010000000    Black
bonds 0 4  5.654342155    5.665662159    0.010000000    Black
bonds 1 5  5.654342155    5.665662159    0.010000000    Black
bonds 2 6  5.654342155    5.665662159    0.010000000    Black
bonds 3 7  5.654342155    5.665662159    0.010000000    Black
inc 5.000000
dup    4.08398   0.00000   0.00000
dup    2.08866   3.47374   0.00000
dup    4.08391   2.27405   3.19155
