*************************************************
*	pack	(version 4.12.0.5)
*	Eric Majzoub
*	Sandia National Laboratories
*************************************************
*  Source file: main.c
*  Compile date: Dec 27 2012
*  Compile time: 17:19:04
*  commandline = /projects/e20438/bin/pack-4.12.0.5/pack_exe -f ../../NaCl_pegs.in -P -R -r 400 -t 15 -g 25743 
*  input file = ../../NaCl_pegs.in
**********************************************************************
**********************************************************************
**********************************************************************
* 
*       - General run comments -
* 
* WARN: no Rotations in Metropolis (-R flag).
* WARN: all anionic charge on center atom (-P flag).
*
**********************************************************************
*           - Input parameters -
*
*           restart  =         0         1 = restart calc
*        autoadjust  =         1   automatically set temp
*          aa_using  =         1        1=rej pct, 2=pCnt
*         basin hop  =         0           number of hops
*     non_per_ewald  =         0          1=nanopart calc
*
*             lat a  =   10.0000
*             lat b  =   10.0000
*             lat c  =   10.0000
*             alpha  =    1.5708
*             beta   =    1.5708
*             gamma  =    1.5708
*          cell vol  = 1000.0000
*      sqsh vol pct  =    0.2000
* 
*          cell_min  =    1.6700              min lat vec
*          cell_max  =  167.0000              max lat vec
* 
*         n_type_an  =         1          num type anions
*            num_an  =         1           tot num anions
* 
*          num_an_1  =         1        num anions type 1
*        num_vert_1  =         1     1=sph 2=dim 5=tet...
*       an_chrg_c_1  =   -1.0000      anion center charge
*       an_chrg_v_1  =    0.0000      anion vertex charge
*     tot_an_chrg_1  =   -1.0000       total anion charge
*           Rcent_1  =    1.6700         anion center rad
*           Rvert_1  =    0.0000         anion vertex rad
*             cvd_1  =    0.0000        cent to vert dist
*           Zcent_1  =        17           anion center Z
*           Zvert_1  =         0           anion vertex Z
* 
*          num_an_2  =         0        num anions type 2
*        num_vert_2  =         0     1=sph 2=dim 5=tet...
*       an_chrg_c_2  =    0.0000      anion center charge
*       an_chrg_v_2  =    0.0000      anion vertex charge
*     tot_an_chrg_2  =    0.0000       total anion charge
*           Rcent_2  =    0.0000         anion center rad
*           Rvert_2  =    0.0000         anion vertex rad
*             cvd_2  =    0.0000        cent to vert dist
*           Zcent_2  =         0           anion center Z
*           Zvert_2  =         0           anion vertex Z
* 
*         n_type_ca  =         1            num type cats
*            num_ca  =         1          tot num cations
* 
*          num_ca_1  =         1        num cations typ 1
*         ca_chrg_1  =    1.0000        cation chrg typ 1
*            Rcat_1  =    1.1600         cation rad typ 1
*            Zcat_1  =        11           cation Z typ 1
* 
*            C2VTOL  =  1.00e-08            c2v tolerance
*            ERRLIM  =  1.00e-06
*       REP_EPSILON  =  1.00e+00        soft sphere repul
*    TRANS_FRAC_MAX  =    0.5000                    fixed
*    TRANS_FRAC_MIN  =    0.0200
*      MAX_ANG_CHNG  =    9.9695                  degrees
*    VOLUM_FRAC_MAX  =    0.0700
*         EXT_PRESS  =  0.00e+00        external pressure
*      SQSH_VOL_PCT  =    0.2000             min orth val
*        ASPECT_MAX  =   20.0000                cell parm
*            dplane  =    1.6700            min plane sep
*      SCALE_FACTOR  =    1.2500         bhop max scaling
* 
*            d.o.f.  =        12       degrees of freedom
*          runs/dof  =       400         loops per d.o.f.
*              runs  =      4800              loops per T
*               ncc  =     19200     config changes per T
*            t_runs  =        15           num temp steps
*             efunc  =         0               0=SS  1=LJ
*       N_HALT_CHNG  =        15      halts after N 100%s
*
*      anneal_sched  =         3   0=lin or exp(-run_n^n)
*         temp_init  =  1.00e+00             initial temp
*         temp_finl  =  1.00e-03               final temp
* 
*          trn_chng  =         1              0=off  1=on
*          rot_chng  =         0              0=off  1=on
*          lat_chng  =         1              0=off  1=on
*          swp_chng  =         1              0=off  1=on
* 
*     SIMP_RESTARTS  =        11     no. simplex restarts
*  SIMP_RESTARTS BH  =        21  basin hop simp restarts
*         SIMP_NMAX  =      4500        max simplex iters
*          SIMP_DEG  =    1.0000          anion start deg
*         SIMP_LAMB  =    0.0100        vertex start frac
*       SIMP_ERRLIM  =  1.00e-08              error limit
* 
*           aa runs  =      1200           config changes
*      aa runs_step  =        10   config change increase
*       aa runs_max  =      1500  max auto config changes
*         aa t_runs  =         3            num temp runs
*      aa temp_step  =    0.5000                temp step
* 
*        aa chng hi  =         3  1=trn 2=rot 3=lat 4=swp
*        aa chng lo  =         3  1=trn 2=rot 3=lat 4=swp
* 
*      aa ht_pct_hi  =     0.650             high rej pct
*      aa ht_pct_lo  =     0.600             low  rej pct
* 
*      aa lt_pct_hi  =     0.999             high rej pct
*      aa lt_pct_lo  =     0.950             low  rej pct
* 
*            tmpfile =                   PR20820-best.tmp
* 
* Checking for out of bounds fractional coords.
*
**********************************************************************
*
*          - Parameters at START -
*
* Lattice parameters:
*
*             lat a  =   10.0000
*             lat b  =   10.0000
*             lat c  =   10.0000
*             alpha  =   90.0000
*             beta   =   90.0000
*             gamma  =   90.0000
*          cell vol  = 1000.0000
*          cv/ortho  =    1.0000
*
* Energies:
*               ecc  = -4.1077e-01
*               eng  =  0.0000e+00
*
*
* Geometry:
*
*      packing frac  =    0.0260
*      aspect ratio  =    1.0000
*
* (dE/dV):
*                Px  =  1.4077e-04                    x-dir
*                Py  =  1.2980e-04                    y-dir
*                Pz  =  1.4019e-04                    z-dir
*
* Distances (PBC only):
*                                 min           hard           diff
*           ca1_ca1  =   1.000000e+06   2.320000e+00   9.999977e+05
*           ca1_ca2  =   1.000000e+06   1.160000e+00   9.999988e+05
*           ca1_ac1  =   7.777714e+00   2.830000e+00   4.947714e+00
*           ca1_av1  =   1.000000e+06  -1.000000e+00   1.000001e+06
*           ca1_ac2  =   1.000000e+06  -1.000000e+00   1.000001e+06
*           ca1_av2  =   1.000000e+06  -1.000000e+00   1.000001e+06
*           ca2_ca2  =   1.000000e+06   0.000000e+00   1.000000e+06
*           ca2_ac1  =   1.000000e+06   1.670000e+00   9.999983e+05
*           ca2_av1  =   1.000000e+06  -1.000000e+00   1.000001e+06
*           ca2_ac2  =   1.000000e+06  -1.000000e+00   1.000001e+06
*           ca2_av2  =   1.000000e+06  -1.000000e+00   1.000001e+06
*           ac1_ac1  =   1.000000e+06   3.340000e+00   9.999967e+05
*           ac1_av1  =   1.000000e+06  -1.000000e+00   1.000001e+06
*           ac1_ac2  =   1.000000e+06  -1.000000e+00   1.000001e+06
*           ac1_av2  =   1.000000e+06  -1.000000e+00   1.000001e+06
*           av1_av1  =   1.000000e+06  -1.000000e+00   1.000001e+06
*           av1_av2  =   1.000000e+06  -1.000000e+00   1.000001e+06
*           av2_av2  =   1.000000e+06  -1.000000e+00   1.000001e+06
*
*
*
**********************************************************************
*
* ------------------------------------------------------------
*              Autoadjust high temperatrure:
* ------------------------------------------------------------
*              Autoadjusting on 3 (1=trn,2=rot,3=lat,4=swp)
*
**********************************************************************
*
*                 -- Autoadjust Metropolis Run --
*
*   autoadjust_temp_init  =  1.0000e+00
*   autoadjust_temp_step  =  5.0000e-01
*        autoadjust_runs  =        1200         configs per temp
*       autoadjust_count  =           1
*
**********************************************************************
*
* Metropolis: 3 temperature runs with these parameters:
*
*              runs  =      1200              loops per T
*               T_0  = 1.000e+00             initial temp
*               T_L  = 1.000e+00               final temp
*           T_alpha  = 8.000e+09          annealing alpha
*
*            T = T_0 * exp( -run_num**3 / T_alpha )
*
**********************************************************************
*H run      Temp       E_ion        E_ss   cel vol       SigPF       ar     ortho        pCnt          % Rejected Changes
*H                                                                                                 trn      rot      lat      swp
*T   1  1.00e+00  -7.221e-01  +0.000e+00    887.12   2.936e-02    2.832     0.681   5.568e-02    18.58     0.00     1.08     0.00
*T   2  1.00e+00  +7.633e-01  +0.000e+00   2355.56   1.035e-02    8.206     0.706   1.310e-01    16.50     0.00     1.75     0.00
*T   3  1.00e+00  -3.419e-01  +0.000e+00   4800.35   8.770e-03   16.325     0.935   1.320e+00    34.42     0.00     4.83     0.00
*
**********************************************************************
*
*                 -- AUTOADJUST [1] OUT --
*
*     target: lo % = 60.000000      hi % = 65.000000
*     Autoadjust % =  4.833333
*     Autoadjust: Lowering the temperature 5.000e-01 [a.u.]
*
**********************************************************************
*
*                 -- Autoadjust Metropolis Run --
*
*   autoadjust_temp_init  =  5.0000e-01
*   autoadjust_temp_step  =  5.0000e-01
*        autoadjust_runs  =        1210         configs per temp
*       autoadjust_count  =           2
*
**********************************************************************
*
* Metropolis: 3 temperature runs with these parameters:
*
*              runs  =      1210              loops per T
*               T_0  = 5.000e-01             initial temp
*               T_L  = 4.995e-01               final temp
*           T_alpha  = 7.996e+03          annealing alpha
*
*            T = T_0 * exp( -run_num**3 / T_alpha )
*
**********************************************************************
*H run      Temp       E_ion        E_ss   cel vol       SigPF       ar     ortho        pCnt          % Rejected Changes
*H                                                                                                 trn      rot      lat      swp
*T   1  5.00e-01  -4.160e-01  +0.000e+00   2132.34   7.642e-03   15.788     0.576   1.226e+00    68.43     0.00     5.87     0.00
*T   2  5.00e-01  +3.285e-02  +0.000e+00   9152.53   4.404e-03   10.237     0.736   9.319e-01    61.57     0.00     3.06     0.00
*T   3  4.99e-01  -6.425e-01  +0.000e+00   5019.35   2.270e-03    6.602     0.529   4.656e-01    31.07     0.00     1.74     0.00
*
**********************************************************************
*
*                 -- AUTOADJUST [2] OUT --
*
*     target: lo % = 60.000000      hi % = 65.000000
*     Autoadjust % =  1.735537
*     Autoadjust: special case: (T-Tstep) = 0.000e+00 [a.u.]
*     Autoadjust: special case: ===> drop temp step to: 2.250e-01 [a.u.]
*     Autoadjust: Lowering the temperature 2.250e-01 [a.u.]
*
**********************************************************************
*
*                 -- Autoadjust Metropolis Run --
*
*   autoadjust_temp_init  =  2.7500e-01
*   autoadjust_temp_step  =  2.2500e-01
*        autoadjust_runs  =        1220         configs per temp
*       autoadjust_count  =           3
*
**********************************************************************
*
* Metropolis: 3 temperature runs with these parameters:
*
*              runs  =      1220              loops per T
*               T_0  = 2.750e-01             initial temp
*               T_L  = 2.747e-01               final temp
*           T_alpha  = 7.996e+03          annealing alpha
*
*            T = T_0 * exp( -run_num**3 / T_alpha )
*
**********************************************************************
*H run      Temp       E_ion        E_ss   cel vol       SigPF       ar     ortho        pCnt          % Rejected Changes
*H                                                                                                 trn      rot      lat      swp
*T   1  2.75e-01  -6.064e-01  +0.000e+00  13555.51   2.841e-03   11.113     0.839   2.737e+00    76.80     0.00     5.90     0.00
*T   2  2.75e-01  +5.523e-01  +0.000e+00  73374.01   1.210e-03   15.714     0.737   2.431e+00    65.57     0.00     2.95     0.00
*T   3  2.75e-01  -2.730e-02  +0.000e+00  33586.74   2.430e-04    9.163     0.345   5.174e-01    21.56     0.00     2.21     0.00
*
**********************************************************************
*
*                 -- AUTOADJUST [3] OUT --
*
*     target: lo % = 60.000000      hi % = 65.000000
*     Autoadjust % =  2.213115
*     Autoadjust: Lowering the temperature 2.250e-01 [a.u.]
*
**********************************************************************
*
*                 -- Autoadjust Metropolis Run --
*
*   autoadjust_temp_init  =  5.0000e-02
*   autoadjust_temp_step  =  2.2500e-01
*        autoadjust_runs  =        1230         configs per temp
*       autoadjust_count  =           4
*
**********************************************************************
*
* Metropolis: 3 temperature runs with these parameters:
*
*              runs  =      1230              loops per T
*               T_0  = 5.000e-02             initial temp
*               T_L  = 4.995e-02               final temp
*           T_alpha  = 7.996e+03          annealing alpha
*
*            T = T_0 * exp( -run_num**3 / T_alpha )
*
**********************************************************************
*H run      Temp       E_ion        E_ss   cel vol       SigPF       ar     ortho        pCnt          % Rejected Changes
*H                                                                                                 trn      rot      lat      swp
*T   1  5.00e-02  -6.738e-01  +0.000e+00   3734.59   3.553e-03    5.064     0.290   8.388e+00    97.07     0.00    30.89     0.00
*T   2  5.00e-02  -7.912e-01  +0.000e+00   1163.26   9.508e-03    4.796     0.298   4.329e+00    94.88     0.00    20.24     0.00
*T   3  5.00e-02  -9.044e-01  +0.000e+00    367.07   4.915e-02    4.431     0.322   3.931e+00    95.12     0.00    26.67     0.00
*
**********************************************************************
*
*                 -- AUTOADJUST [4] OUT --
*
*     target: lo % = 60.000000      hi % = 65.000000
*     Autoadjust % = 26.666667
*     Autoadjust: special case: (T-Tstep) = -1.750e-01 [a.u.]
*     Autoadjust: special case: ===> drop temp step to: 1.013e-01 [a.u.]
*     Autoadjust: special case: (T-Tstep) = -5.125e-02 [a.u.]
*     Autoadjust: special case: ===> drop temp step to: 4.556e-02 [a.u.]
*     Autoadjust: Lowering the temperature 4.556e-02 [a.u.]
*
**********************************************************************
*
*                 -- Autoadjust Metropolis Run --
*
*   autoadjust_temp_init  =  4.4375e-03
*   autoadjust_temp_step  =  4.5563e-02
*        autoadjust_runs  =        1240         configs per temp
*       autoadjust_count  =           5
*
**********************************************************************
*
* Metropolis: 3 temperature runs with these parameters:
*
*              runs  =      1240              loops per T
*               T_0  = 4.438e-03             initial temp
*               T_L  = 4.433e-03               final temp
*           T_alpha  = 7.996e+03          annealing alpha
*
*            T = T_0 * exp( -run_num**3 / T_alpha )
*
**********************************************************************
*H run      Temp       E_ion        E_ss   cel vol       SigPF       ar     ortho        pCnt          % Rejected Changes
*H                                                                                                 trn      rot      lat      swp
*T   1  4.44e-03  -9.667e-01  +0.000e+00    334.34   5.166e-02    4.315     0.373   3.205e+01    99.92     0.00    74.84     0.00
*T   2  4.44e-03  -9.734e-01  +0.000e+00    306.26   4.991e-02    4.480     0.322   1.827e+00   100.00     0.00    71.77     0.00
*T   3  4.43e-03  -9.678e-01  +0.000e+00    384.04   4.540e-02    4.390     0.413   1.884e+00   100.00     0.00    76.05     0.00
*
**********************************************************************
*
*                 -- AUTOADJUST [5] OUT --
*
*     target: lo % = 60.000000      hi % = 65.000000
*     Autoadjust % = 76.048387
*     Autoadjust: overshot! drop temp step to: 2.050e-02 [a.u.]
*     Autoadjust: Raising the temperature 2.050e-02 [a.u.]
*
**********************************************************************
*
*                 -- Autoadjust Metropolis Run --
*
*   autoadjust_temp_init  =  2.4941e-02
*   autoadjust_temp_step  =  2.0503e-02
*        autoadjust_runs  =        1250         configs per temp
*       autoadjust_count  =           6
*
**********************************************************************
*
* Metropolis: 3 temperature runs with these parameters:
*
*              runs  =      1250              loops per T
*               T_0  = 2.494e-02             initial temp
*               T_L  = 2.492e-02               final temp
*           T_alpha  = 7.996e+03          annealing alpha
*
*            T = T_0 * exp( -run_num**3 / T_alpha )
*
**********************************************************************
*H run      Temp       E_ion        E_ss   cel vol       SigPF       ar     ortho        pCnt          % Rejected Changes
*H                                                                                                 trn      rot      lat      swp
*T   1  2.49e-02  -9.440e-01  +0.000e+00    343.02   3.753e-02    3.697     0.551   2.297e+00    99.68     0.00    40.24     0.00
*T   2  2.49e-02  -9.994e-01  +0.000e+00     93.17   1.011e-01    2.019     0.426   5.263e+00    99.52     0.00    47.84     0.00
*T   3  2.49e-02  -1.048e+00  +0.000e+00    125.12   8.838e-02    2.292     0.672   3.927e+00    99.20     0.00    44.96     0.00
*
**********************************************************************
*
*                 -- AUTOADJUST [6] OUT --
*
*     target: lo % = 60.000000      hi % = 65.000000
*     Autoadjust % = 44.960000
*     Autoadjust: overshot! drop temp step to: 9.226e-03 [a.u.]
*     Autoadjust: Lowering the temperature 9.226e-03 [a.u.]
*
**********************************************************************
*
*                 -- Autoadjust Metropolis Run --
*
*   autoadjust_temp_init  =  1.5714e-02
*   autoadjust_temp_step  =  9.2264e-03
*        autoadjust_runs  =        1260         configs per temp
*       autoadjust_count  =           7
*
**********************************************************************
*
* Metropolis: 3 temperature runs with these parameters:
*
*              runs  =      1260              loops per T
*               T_0  = 1.571e-02             initial temp
*               T_L  = 1.570e-02               final temp
*           T_alpha  = 7.996e+03          annealing alpha
*
*            T = T_0 * exp( -run_num**3 / T_alpha )
*
**********************************************************************
*H run      Temp       E_ion        E_ss   cel vol       SigPF       ar     ortho        pCnt          % Rejected Changes
*H                                                                                                 trn      rot      lat      swp
*T   1  1.57e-02  -1.134e+00  +0.000e+00     57.69   2.074e-01    1.779     0.424   5.383e+00    99.21     0.00    59.44     0.00
*T   2  1.57e-02  -1.160e+00  +0.000e+00     50.89   2.798e-01    1.924     0.498   2.496e+00    99.92     0.00    67.94     0.00
*T   3  1.57e-02  -1.048e+00  +0.000e+00     76.08   2.570e-01    1.684     0.433   5.387e+00    99.76     0.00    66.43     0.00
*
**********************************************************************
*
*                 -- AUTOADJUST [7] OUT --
*
*     target: lo % = 60.000000      hi % = 65.000000
*     Autoadjust % = 66.428571
*     Autoadjust: overshot! drop temp step to: 4.152e-03 [a.u.]
*     Autoadjust: Raising the temperature 4.152e-03 [a.u.]
*
**********************************************************************
*
*                 -- Autoadjust Metropolis Run --
*
*   autoadjust_temp_init  =  1.9866e-02
*   autoadjust_temp_step  =  4.1519e-03
*        autoadjust_runs  =        1270         configs per temp
*       autoadjust_count  =           8
*
**********************************************************************
*
* Metropolis: 3 temperature runs with these parameters:
*
*              runs  =      1270              loops per T
*               T_0  = 1.987e-02             initial temp
*               T_L  = 1.985e-02               final temp
*           T_alpha  = 7.996e+03          annealing alpha
*
*            T = T_0 * exp( -run_num**3 / T_alpha )
*
**********************************************************************
*H run      Temp       E_ion        E_ss   cel vol       SigPF       ar     ortho        pCnt          % Rejected Changes
*H                                                                                                 trn      rot      lat      swp
*T   1  1.99e-02  -1.100e+00  +0.000e+00     71.72   1.535e-01    1.682     0.433   5.802e+00    97.72     0.00    55.20     0.00
*T   2  1.99e-02  -1.028e+00  +0.000e+00    105.99   2.156e-01    1.709     0.512   3.829e+00    98.66     0.00    60.31     0.00
*T   3  1.98e-02  -1.087e+00  +0.000e+00     68.39   1.913e-01    1.973     0.417   1.853e+00    98.82     0.00    61.34     0.00
*
**********************************************************************
*
*                 -- AUTOADJUST [8] OUT --
*
*     target: lo % = 60.000000      hi % = 65.000000
*     Autoadjust % = 61.338583
*     Autoadjust: temp = 1.987e-02  is good!  Exiting autoadjust.
*
**********************************************************************
*
* ------------------------------------------------------------
*              Autoadjust low temperatrure:
* ------------------------------------------------------------
*              Autoadjusting on 3 (1=trn,2=rot,3=lat,4=swp)
*
**********************************************************************
*
*                 -- Autoadjust Metropolis Run --
*
*   autoadjust_temp_init  =  2.0000e-02
*   autoadjust_temp_step  =  5.0000e-01
*        autoadjust_runs  =        1200         configs per temp
*       autoadjust_count  =           1
*
**********************************************************************
*
* Metropolis: 3 temperature runs with these parameters:
*
*              runs  =      1200              loops per T
*               T_0  = 2.000e-02             initial temp
*               T_L  = 2.000e-02               final temp
*           T_alpha  = 1.600e+08          annealing alpha
*
*            T = T_0 * exp( -run_num**3 / T_alpha )
*
**********************************************************************
*H run      Temp       E_ion        E_ss   cel vol       SigPF       ar     ortho        pCnt          % Rejected Changes
*H                                                                                                 trn      rot      lat      swp
*T   1  2.00e-02  -1.042e+00  +0.000e+00     90.77   1.644e-01    1.694     0.453   7.864e+00    95.25     0.00    53.92     0.00
*T   2  2.00e-02  -1.015e+00  +0.000e+00     80.32   1.730e-01    2.458     0.478   5.247e+00    96.33     0.00    55.25     0.00
*T   3  2.00e-02  -1.032e+00  +0.000e+00     70.66   1.716e-01    2.273     0.428   7.742e+00    96.08     0.00    50.33     0.00
*
**********************************************************************
*
*                 -- AUTOADJUST [1] OUT --
*
*     target: lo % = 95.000000      hi % = 99.900000
*     Autoadjust % = 50.333333
*     Autoadjust: special case: (T-Tstep) = -4.800e-01 [a.u.]
*     Autoadjust: special case: ===> drop temp step to: 2.250e-01 [a.u.]
*     Autoadjust: special case: (T-Tstep) = -2.050e-01 [a.u.]
*     Autoadjust: special case: ===> drop temp step to: 1.013e-01 [a.u.]
*     Autoadjust: special case: (T-Tstep) = -8.125e-02 [a.u.]
*     Autoadjust: special case: ===> drop temp step to: 4.556e-02 [a.u.]
*     Autoadjust: special case: (T-Tstep) = -2.556e-02 [a.u.]
*     Autoadjust: special case: ===> drop temp step to: 2.050e-02 [a.u.]
*     Autoadjust: special case: (T-Tstep) = -5.031e-04 [a.u.]
*     Autoadjust: special case: ===> drop temp step to: 9.226e-03 [a.u.]
*     Autoadjust: Lowering the temperature 9.226e-03 [a.u.]
*
**********************************************************************
*
*                 -- Autoadjust Metropolis Run --
*
*   autoadjust_temp_init  =  1.0774e-02
*   autoadjust_temp_step  =  9.2264e-03
*        autoadjust_runs  =        1210         configs per temp
*       autoadjust_count  =           2
*
**********************************************************************
*
* Metropolis: 3 temperature runs with these parameters:
*
*              runs  =      1210              loops per T
*               T_0  = 1.077e-02             initial temp
*               T_L  = 1.076e-02               final temp
*           T_alpha  = 7.996e+03          annealing alpha
*
*            T = T_0 * exp( -run_num**3 / T_alpha )
*
**********************************************************************
*H run      Temp       E_ion        E_ss   cel vol       SigPF       ar     ortho        pCnt          % Rejected Changes
*H                                                                                                 trn      rot      lat      swp
*T   1  1.08e-02  -1.111e+00  +0.000e+00     66.70   2.388e-01    1.609     0.474   4.726e+00    99.59     0.00    72.64     0.00
*T   2  1.08e-02  -1.147e+00  +0.000e+00     53.85   2.658e-01    1.547     0.565   5.957e+00    99.83     0.00    78.26     0.00
*T   3  1.08e-02  -1.134e+00  +0.000e+00     55.74   2.805e-01    1.668     0.529   4.691e+00    99.92     0.00    73.14     0.00
*
**********************************************************************
*
*                 -- AUTOADJUST [2] OUT --
*
*     target: lo % = 95.000000      hi % = 99.900000
*     Autoadjust % = 73.140496
*     Autoadjust: Lowering the temperature 9.226e-03 [a.u.]
*
**********************************************************************
*
*                 -- Autoadjust Metropolis Run --
*
*   autoadjust_temp_init  =  1.5472e-03
*   autoadjust_temp_step  =  9.2264e-03
*        autoadjust_runs  =        1220         configs per temp
*       autoadjust_count  =           3
*
**********************************************************************
*
* Metropolis: 3 temperature runs with these parameters:
*
*              runs  =      1220              loops per T
*               T_0  = 1.547e-03             initial temp
*               T_L  = 1.546e-03               final temp
*           T_alpha  = 7.996e+03          annealing alpha
*
*            T = T_0 * exp( -run_num**3 / T_alpha )
*
**********************************************************************
*H run      Temp       E_ion        E_ss   cel vol       SigPF       ar     ortho        pCnt          % Rejected Changes
*H                                                                                                 trn      rot      lat      swp
*T   1  1.55e-03  -1.174e+00  +0.000e+00     49.14   3.426e-01    1.730     0.528   3.171e+02   100.00     0.00    95.16     0.00
*T   2  1.55e-03  -1.173e+00  +0.000e+00     49.08   3.419e-01    1.724     0.536   2.560e+00   100.00     0.00    95.41     0.00
*T   3  1.55e-03  -1.171e+00  +0.000e+00     49.61   3.465e-01    1.710     0.536   2.854e+00   100.00     0.00    97.05     0.00
*
**********************************************************************
*
*                 -- AUTOADJUST [3] OUT --
*
*     target: lo % = 95.000000      hi % = 99.900000
*     Autoadjust % = 97.049180
*     Autoadjust: temp = 1.547e-03  is good!  Exiting autoadjust.
*
**********************************************************************
*
*
*          -- Initializing cell contents --
*
*
*
**********************************************************************
*
*            -- Starting Metropolis calculation --
*
*              temp_init  = 1.987e-02
*
**********************************************************************
*
* Metropolis: 15 temperature runs with these parameters:
*
*              runs  =      4800              loops per T
*               T_0  = 1.987e-02             initial temp
*               T_L  = 1.547e-03               final temp
*           T_alpha  = 1.075e+03          annealing alpha
*
*            T = T_0 * exp( -run_num**3 / T_alpha )
*
**********************************************************************
*H run      Temp       E_ion        E_ss   cel vol       SigPF       ar     ortho        pCnt          % Rejected Changes
*H                                                                                                 trn      rot      lat      swp
*M   1  1.99e-02  -1.006e+00  +0.000e+00     56.00   2.228e-01    1.663     0.477   3.351e+01    97.94     0.00    51.54     0.00
*M   2  1.98e-02  -1.050e+00  +0.000e+00     76.50   1.652e-01    1.540     0.441   5.321e+00    97.17     0.00    55.29     0.00
*M   3  1.97e-02  -1.101e+00  +0.000e+00     57.96   1.881e-01    1.694     0.463   6.701e+00    97.75     0.00    60.35     0.00
*M   4  1.94e-02  -1.033e+00  +0.000e+00    110.26   1.924e-01    2.887     0.472   4.866e+00    98.25     0.00    59.04     0.00
*M   5  1.87e-02  -1.051e+00  +0.000e+00     67.70   1.729e-01    1.426     0.841   5.317e+00    98.12     0.00    55.44     0.00
*M   6  1.77e-02  -1.094e+00  +0.000e+00     57.50   2.449e-01    1.168     0.796   3.392e+00    99.46     0.00    60.62     0.00
*M   7  1.62e-02  -9.968e-01  +0.000e+00     74.36   2.216e-01    2.351     0.487   4.230e+00    99.12     0.00    60.75     0.00
*M   8  1.44e-02  -1.165e+00  +0.000e+00     44.38   2.233e-01    1.411     0.503   7.321e+00    98.83     0.00    66.60     0.00
*M   9  1.23e-02  -1.160e+00  +0.000e+00     49.50   2.983e-01    1.234     0.767   3.295e+00    99.96     0.00    70.94     0.00
*M  10  1.01e-02  -1.100e+00  +0.000e+00     70.48   2.969e-01    1.721     0.544   9.572e+00    99.92     0.00    76.06     0.00
*M  11  7.84e-03  -1.168e+00  +0.000e+00     53.60   2.968e-01    1.731     0.404   1.014e+01    99.94     0.00    78.79     0.00
*M  12  5.76e-03  -1.176e+00  +0.000e+00     49.96   3.063e-01    1.712     0.441   7.487e+00    99.94     0.00    84.04     0.00
*M  13  3.98e-03  -1.175e+00  +0.000e+00     53.24   3.210e-01    1.808     0.442   2.664e+00    99.96     0.00    89.71     0.00
*M  14  2.57e-03  -1.194e+00  +0.000e+00     50.66   3.278e-01    1.737     0.436   3.122e+00   100.00     0.00    93.12     0.00
*M  15  1.55e-03  -1.186e+00  +0.000e+00     51.49   3.339e-01    1.738     0.430   3.492e+00   100.00     0.00    95.77     0.00
*
**********************************************************************
*
*
*          - Parameters at Post Ewald-Metro -
*
* Lattice parameters:
*
*             lat a  =    4.0756
*             lat b  =    7.0818
*             lat c  =    4.1464
*             alpha  =   71.7687
*             beta   =   90.4557
*             gamma  =   32.4080
*          cell vol  =   51.4870
*          cv/ortho  =    0.4302
*
* Energies:
*               ecc  = -1.1863e+00
*               eng  =  0.0000e+00
*
*
* Geometry:
*
*      packing frac  =    0.5059
*      aspect ratio  =    1.7376
*
* (dE/dV):
*                Px  =  8.9493e-03                    x-dir
*                Py  =  6.2468e-03                    y-dir
*                Pz  =  7.8447e-03                    z-dir
*
* Distances (PBC only):
*                                 min           hard           diff
*           ca1_ca1  =   1.000000e+06   2.320000e+00   9.999977e+05
*           ca1_ca2  =   1.000000e+06   1.160000e+00   9.999988e+05
*           ca1_ac1  =   2.960685e+00   2.830000e+00   1.306846e-01
*           ca1_av1  =   1.000000e+06  -1.000000e+00   1.000001e+06
*           ca1_ac2  =   1.000000e+06  -1.000000e+00   1.000001e+06
*           ca1_av2  =   1.000000e+06  -1.000000e+00   1.000001e+06
*           ca2_ca2  =   1.000000e+06   0.000000e+00   1.000000e+06
*           ca2_ac1  =   1.000000e+06   1.670000e+00   9.999983e+05
*           ca2_av1  =   1.000000e+06  -1.000000e+00   1.000001e+06
*           ca2_ac2  =   1.000000e+06  -1.000000e+00   1.000001e+06
*           ca2_av2  =   1.000000e+06  -1.000000e+00   1.000001e+06
*           ac1_ac1  =   1.000000e+06   3.340000e+00   9.999967e+05
*           ac1_av1  =   1.000000e+06  -1.000000e+00   1.000001e+06
*           ac1_ac2  =   1.000000e+06  -1.000000e+00   1.000001e+06
*           ac1_av2  =   1.000000e+06  -1.000000e+00   1.000001e+06
*           av1_av1  =   1.000000e+06  -1.000000e+00   1.000001e+06
*           av1_av2  =   1.000000e+06  -1.000000e+00   1.000001e+06
*           av2_av2  =   1.000000e+06  -1.000000e+00   1.000001e+06
*
*
*
**********************************************************************
*
*         - Comparing with 'best' structure -
*
****************************************************************
*
*          best ecc  = -1.2025e+00
*          best eng  =  0.0000e+00
*           ecc+eng  = -1.2025e+00
*          best vol  =  4.8648e+01
*           best pf  =  5.3543e-01
*
*     post_runs ecc  = -1.1863e+00
*     post_runs eng  =  0.0000e+00
*           ecc+eng  = -1.1863e+00
*     post_runs vol  =  5.1487e+01
*      post_runs pf  =  5.0590e-01
*
*       dV / V_runs  =  5.5138e-02
*
*          ecc_diff  = -1.6217e-02
*          eng_diff  =  0.0000e+00
*
*
****************************************************************
*
*  mag_ecc_diff > mag_eng_diff AND within BEST_VOL AND
* 'best' has lower energy than post runs! --> swapping.
*
****************************************************************
*
*
*          - Parameters at Post 'best-swap' -
*
* Lattice parameters:
*
*             lat a  =    3.8999
*             lat b  =    6.6281
*             lat c  =    4.3873
*             alpha  =   73.3428
*             beta   =   92.6919
*             gamma  =   32.6492
*          cell vol  =   48.6481
*          cv/ortho  =    0.4290
*
* Energies:
*               ecc  = -1.2025e+00
*               eng  =  0.0000e+00
*
*
* Geometry:
*
*      packing frac  =    0.5354
*      aspect ratio  =    1.6995
*
* (dE/dV):
*                Px  =  7.8332e-03                    x-dir
*                Py  =  6.9260e-03                    y-dir
*                Pz  =  9.9596e-03                    z-dir
*
* Distances (PBC only):
*                                 min           hard           diff
*           ca1_ca1  =   1.000000e+06   2.320000e+00   9.999977e+05
*           ca1_ca2  =   1.000000e+06   1.160000e+00   9.999988e+05
*           ca1_ac1  =   2.831859e+00   2.830000e+00   1.859476e-03
*           ca1_av1  =   1.000000e+06  -1.000000e+00   1.000001e+06
*           ca1_ac2  =   1.000000e+06  -1.000000e+00   1.000001e+06
*           ca1_av2  =   1.000000e+06  -1.000000e+00   1.000001e+06
*           ca2_ca2  =   1.000000e+06   0.000000e+00   1.000000e+06
*           ca2_ac1  =   1.000000e+06   1.670000e+00   9.999983e+05
*           ca2_av1  =   1.000000e+06  -1.000000e+00   1.000001e+06
*           ca2_ac2  =   1.000000e+06  -1.000000e+00   1.000001e+06
*           ca2_av2  =   1.000000e+06  -1.000000e+00   1.000001e+06
*           ac1_ac1  =   1.000000e+06   3.340000e+00   9.999967e+05
*           ac1_av1  =   1.000000e+06  -1.000000e+00   1.000001e+06
*           ac1_ac2  =   1.000000e+06  -1.000000e+00   1.000001e+06
*           ac1_av2  =   1.000000e+06  -1.000000e+00   1.000001e+06
*           av1_av1  =   1.000000e+06  -1.000000e+00   1.000001e+06
*           av1_av2  =   1.000000e+06  -1.000000e+00   1.000001e+06
*           av2_av2  =   1.000000e+06  -1.000000e+00   1.000001e+06
*
*
*
**********************************************************************
*
*         - Final Simplex relaxation with restarts -
*
**********************************************************************
*
*
****************************************************************
*
*
*        - Simplex Minimiziation Routine -
*
*
* Note: No aspect ratio constraint.
*
*
*            n_simp  =        15                   D.O.F.
*         simp_nmax  =      4500                max moves
*       simp_errlim  =  1.00e-08
*
*
*         - Initializing simplex arrays -
*
*
*      nfunk           rtol        pf        ar     ortho             e_ion              e_ss             e_tot
*X        11     1.5188e+00   0.53543   1.69955   0.42897    -1.2025245e+00     0.0000000e+00    -1.2025245e+00
*X      2001     3.8825e-07   0.55147   1.73953   0.41460    -1.2162759e+00     0.0000000e+00    -1.2162759e+00
*
*         simp_runs  =      3184               simp moves
*              rtol  =  9.71e-09               final rtol
*
* Simplex restart no. 1 of 10
*
*         - Initializing simplex arrays -
*
*
*      nfunk           rtol        pf        ar     ortho             e_ion              e_ss             e_tot
*X        11     1.6042e+00   0.55149   1.73938   0.41467    -1.2162946e+00     0.0000000e+00    -1.2162946e+00
*X      2001     6.8631e-08   0.55122   1.72808   0.41772    -1.2163999e+00     0.0000000e+00    -1.2163999e+00
*
*         simp_runs  =      2295               simp moves
*              rtol  =  1.00e-08               final rtol
*
* Simplex restart no. 2 of 10
*
*         - Initializing simplex arrays -
*
*
*      nfunk           rtol        pf        ar     ortho             e_ion              e_ss             e_tot
*X        12     1.5442e+00   0.55122   1.72810   0.41772    -1.2164001e+00     0.0000000e+00    -1.2164001e+00
*X      2000     9.7564e-08   0.55188   1.73001   0.41679    -1.2168218e+00     0.0000000e+00    -1.2168218e+00
*
*         simp_runs  =      2808               simp moves
*              rtol  =  9.70e-09               final rtol
*
* Simplex restart no. 3 of 10
*
*         - Initializing simplex arrays -
*
*
*      nfunk           rtol        pf        ar     ortho             e_ion              e_ss             e_tot
*X        12     1.5685e+00   0.55193   1.73040   0.41670    -1.2168374e+00     0.0000000e+00    -1.2168374e+00
*X      2000     1.8938e-07   0.55281   1.73441   0.41654    -1.2173352e+00     0.0000000e+00    -1.2173352e+00
*
*         simp_runs  =      2361               simp moves
*              rtol  =  9.94e-09               final rtol
*
* Simplex restart no. 4 of 10
*
*         - Initializing simplex arrays -
*
*
*      nfunk           rtol        pf        ar     ortho             e_ion              e_ss             e_tot
*X        11     1.6007e+00   0.55281   1.73441   0.41654    -1.2173365e+00     0.0000000e+00    -1.2173365e+00
*X      2000     1.4726e-06   0.55302   1.70977   0.42217    -1.2175465e+00     0.0000000e+00    -1.2175465e+00
*
*         simp_runs  =      2333               simp moves
*              rtol  =  9.88e-09               final rtol
*
* Simplex restart no. 5 of 10
*
*         - Initializing simplex arrays -
*
*
*      nfunk           rtol        pf        ar     ortho             e_ion              e_ss             e_tot
*X        11     1.5535e+00   0.55307   1.70875   0.42240    -1.2175536e+00     0.0000000e+00    -1.2175536e+00
*X      2000     4.6240e-07   0.55718   1.70623   0.42632    -1.2191493e+00     0.0000000e+00    -1.2191493e+00
*X      4000     5.0670e-08   0.55909   1.70492   0.42832    -1.2196723e+00     0.0000000e+00    -1.2196723e+00
*
*         simp_runs  =      4500               simp moves
*              rtol  =  2.03e-08               final rtol
*
* Simplex restart no. 6 of 10
*
*         - Initializing simplex arrays -
*
*
*      nfunk           rtol        pf        ar     ortho             e_ion              e_ss             e_tot
*X        11     1.5521e+00   0.55909   1.70492   0.42832    -1.2196728e+00     0.0000000e+00    -1.2196728e+00
*X      2001     1.4855e-05   0.56019   1.70673   0.42828    -1.2204139e+00     0.0000000e+00    -1.2204139e+00
*
*         simp_runs  =      3509               simp moves
*              rtol  =  9.45e-09               final rtol
*
* Simplex restart no. 7 of 10
*
*         - Initializing simplex arrays -
*
*
*      nfunk           rtol        pf        ar     ortho             e_ion              e_ss             e_tot
*X        11     1.5426e+00   0.56045   1.70646   0.42846    -1.2205387e+00     0.0000000e+00    -1.2205387e+00
*
*         simp_runs  =      1747               simp moves
*              rtol  =  9.88e-09               final rtol
*
* Simplex restart no. 8 of 10
*
*         - Initializing simplex arrays -
*
*
*      nfunk           rtol        pf        ar     ortho             e_ion              e_ss             e_tot
*X        11     1.5876e+00   0.56079   1.70747   0.42815    -1.2209360e+00     0.0000000e+00    -1.2209360e+00
*
*         simp_runs  =       889               simp moves
*              rtol  =  9.85e-09               final rtol
*
* Simplex restart no. 9 of 10
*
*         - Initializing simplex arrays -
*
*
*      nfunk           rtol        pf        ar     ortho             e_ion              e_ss             e_tot
*X        11     1.5876e+00   0.56079   1.70747   0.42815    -1.2209363e+00     0.0000000e+00    -1.2209363e+00
*
*         simp_runs  =       859               simp moves
*              rtol  =  9.79e-09               final rtol
*
* Simplex restart no. 10 of 10
*
*         - Initializing simplex arrays -
*
*
*      nfunk           rtol        pf        ar     ortho             e_ion              e_ss             e_tot
*X        11     1.5876e+00   0.56079   1.70747   0.42815    -1.2209363e+00     0.0000000e+00    -1.2209363e+00
*
*         simp_runs  =       862               simp moves
*              rtol  =  9.75e-09               final rtol
*
****************************************************************
*
*          - Parameters at Post Simplex -
*
* Lattice parameters:
*
*             lat a  =    3.8618
*             lat b  =    6.5939
*             lat c  =    4.2602
*             alpha  =   73.1039
*             beta   =   91.8479
*             gamma  =   32.2455
*          cell vol  =   46.4478
*          cv/ortho  =    0.4281
*
* Energies:
*               ecc  = -1.2209e+00
*               eng  =  0.0000e+00
*
*
* Geometry:
*
*      packing frac  =    0.5608
*      aspect ratio  =    1.7075
*
* (dE/dV):
*                Px  =  8.5174e-03                    x-dir
*                Py  =  1.0000e+04                    y-dir
*                Pz  =  1.0510e-02                    z-dir
*
* Distances (PBC only):
*                                 min           hard           diff
*           ca1_ca1  =   1.000000e+06   2.320000e+00   9.999977e+05
*           ca1_ca2  =   1.000000e+06   1.160000e+00   9.999988e+05
*           ca1_ac1  =   2.830002e+00   2.830000e+00   1.569529e-06
*           ca1_av1  =   1.000000e+06  -1.000000e+00   1.000001e+06
*           ca1_ac2  =   1.000000e+06  -1.000000e+00   1.000001e+06
*           ca1_av2  =   1.000000e+06  -1.000000e+00   1.000001e+06
*           ca2_ca2  =   1.000000e+06   0.000000e+00   1.000000e+06
*           ca2_ac1  =   1.000000e+06   1.670000e+00   9.999983e+05
*           ca2_av1  =   1.000000e+06  -1.000000e+00   1.000001e+06
*           ca2_ac2  =   1.000000e+06  -1.000000e+00   1.000001e+06
*           ca2_av2  =   1.000000e+06  -1.000000e+00   1.000001e+06
*           ac1_ac1  =   1.000000e+06   3.340000e+00   9.999967e+05
*           ac1_av1  =   1.000000e+06  -1.000000e+00   1.000001e+06
*           ac1_ac2  =   1.000000e+06  -1.000000e+00   1.000001e+06
*           ac1_av2  =   1.000000e+06  -1.000000e+00   1.000001e+06
*           av1_av1  =   1.000000e+06  -1.000000e+00   1.000001e+06
*           av1_av2  =   1.000000e+06  -1.000000e+00   1.000001e+06
*           av2_av2  =   1.000000e+06  -1.000000e+00   1.000001e+06
*
*
***********************************************************
*        - Process and timing information -
*
* user time:   0 h 00 m 16.378072 s
* syst time:   0 h 00 m 00.020998 s
* signals: 0
* voluntary context switches: 7
* involuntary context switches: 18
*
***********************************************************
*SS symsearch output
*SS ( use:  | awk '($1=="*S"){print $0}' | sed 's/*S //' > temp.out )
*S Title
*S 1                 search type
*S 5.0 0.00001       displacement rms max min
*S 0.1 0.00001       strain rms max min
*S 1                 lattice input type
*S      3.86182     0.00000     0.00000
*S      5.57696     3.51818     0.00000
*S     -0.13738     2.53843     3.41865
*S 1 0 0
*S 0 1 0
*S 0 0 1
*S 2                 number of atoms
*S 11 0
*S      0.34323     0.77331     0.05738
*S      0.82738     0.77233     0.57198
*FF findsym output
*FF ( use:  | awk '($1=="*F"){print $0}' | sed 's/*F //' > temp.out )
*F Title
*F 0.001       displacement rms max min
*F 1                 lattice input type
*F      3.86182     0.00000     0.00000
*F      5.57696     3.51818     0.00000
*F     -0.13738     2.53843     3.41865
*F 1               basis vector in type
*F 1 0 0
*F 0 1 0
*F 0 0 1
*F 2                 number of atoms
*F 11 0
*F      0.34323     0.77331     0.05738
*F      0.82738     0.77233     0.57198
*DD powder output
*DD (use: | awk '($1=="*D"){print $0}' | sed 's/*D //' > temp.out )
*D 2
*D      3.86182     6.59394     4.26024
*D     73.10391    91.84790    32.24547
*D      0.34323     0.77331     0.05738        11
*D      0.82738     0.77233     0.57198         0
*PP poscar output
*PP (use: | awk '($1=="*P"){print $0}' | sed 's/*P //' > temp.out )
*P Z: 11 17 
*P 1.0 
*P      3.86182464     0.00000000     0.00000000
*P      5.57695563     3.51818064     0.00000000
*P     -0.13737727     2.53842755     3.41864537
*P 1 1 0 
*P Direct
*P       0.343229523360      0.773311387079      0.057381770346
*P       0.827383009275      0.772327680893      0.571976204988
*QQ poscar output
*QQ (use: | awk '($1=="*Q"){print $0}' | sed 's/*Q //' > temp.out )
*Q +1.000000000000 -1.000000000000 
*Q 1.0 
*Q      3.86182464     0.00000000     0.00000000
*Q      5.57695563     3.51818064     0.00000000
*Q     -0.13737727     2.53842755     3.41864537
*Q 1 1 0 
*Q Direct
*Q       0.343229523360      0.773311387079      0.057381770346
*Q       0.827383009275      0.772327680893      0.571976204988
*RR restart output
*RR (use: | awk '($1=="*R"){print $0}' | sed 's/*R //' > temp.out )
*R     3.861824635792    6.593938816659    4.260237446079
*R     1.275903848398    1.603048305422    0.562789636222
*R      1
*R      1     1
*R   -1.000000000000000   0.000000000000000
*R     0.000000000000    1.670000000000    0.000000000000    17     0
*R      1
*R      1   1.000000000000000
*R     1.160000000000    11
*R     0.343229523360    0.773311387079    0.057381770346
*R     0.827383009275    0.772327680893    0.571976204988
* XBS output
* CATION:
atom C     5.630332574    2.866308614    0.196167924
spec C     1.160000000    1.000000000    0.000000000    0.000000000
* ANION:
atom A     7.423868771    4.169108446    1.955383806
spec A     1.670000000    0.000000000    0.000000000    1.000000000
spec V     0.000000000    0.000000000    1.000000000    0.000000000
bonds A V  0.000000000    0.000000000    0.010000000    Black
* CELL PARAMETERS AND BORDER
atom 0    0.00000   0.00000   0.00000
atom 1    3.86182   0.00000   0.00000
atom 2    9.43878   3.51818   0.00000
atom 3    5.57696   3.51818   0.00000
atom 4   -0.13738   2.53843   3.41865
atom 5    3.72445   2.53843   3.41865
atom 6    9.30140   6.05661   3.41865
atom 7    5.43958   6.05661   3.41865
spec 0     0.050000000    0.000000000    0.000000000    0.000000000
spec 1     0.050000000    0.000000000    0.000000000    0.000000000
spec 2     0.050000000    0.000000000    0.000000000    0.000000000
spec 3     0.050000000    0.000000000    0.000000000    0.000000000
spec 4     0.050000000    0.000000000    0.000000000    0.000000000
spec 5     0.050000000    0.000000000    0.000000000    0.000000000
spec 6     0.050000000    0.000000000    0.000000000    0.000000000
spec 7     0.050000000    0.000000000    0.000000000    0.000000000
bonds 0 1  3.857962811    3.865686460    0.010000000    Black
bonds 3 2  3.857962811    3.865686460    0.010000000    Black
bonds 4 5  3.857962811    3.865686460    0.010000000    Black
bonds 6 7  3.857962811    3.865686460    0.010000000    Black
bonds 1 2  6.587344878    6.600532755    0.010000000    Black
bonds 0 3  6.587344878    6.600532755    0.010000000    Black
bonds 5 6  6.587344878    6.600532755    0.010000000    Black
bonds 4 7  6.587344878    6.600532755    0.010000000    Black
bonds 0 4  4.255977209    4.264497684    0.010000000    Black
bonds 1 5  4.255977209    4.264497684    0.010000000    Black
bonds 2 6  4.255977209    4.264497684    0.010000000    Black
bonds 3 7  4.255977209    4.264497684    0.010000000    Black
inc 5.000000
dup    3.86182   0.00000   0.00000
dup    5.57696   3.51818   0.00000
dup   -0.13738   2.53843   3.41865
