*************************************************
*	pack	(version 4.12.0.5)
*	Eric Majzoub
*	Sandia National Laboratories
*************************************************
*  Source file: main.c
*  Compile date: Dec 27 2012
*  Compile time: 17:19:04
*  commandline = /projects/e20438/bin/pack-4.12.0.5/pack_exe -f ../../NaCl_pegs.in -P -R -r 500 -t 15 -g 23204 
*  input file = ../../NaCl_pegs.in
**********************************************************************
**********************************************************************
**********************************************************************
* 
*       - General run comments -
* 
* WARN: no Rotations in Metropolis (-R flag).
* WARN: all anionic charge on center atom (-P flag).
*
**********************************************************************
*           - Input parameters -
*
*           restart  =         0         1 = restart calc
*        autoadjust  =         1   automatically set temp
*          aa_using  =         1        1=rej pct, 2=pCnt
*         basin hop  =         0           number of hops
*     non_per_ewald  =         0          1=nanopart calc
*
*             lat a  =   10.0000
*             lat b  =   10.0000
*             lat c  =   10.0000
*             alpha  =    1.5708
*             beta   =    1.5708
*             gamma  =    1.5708
*          cell vol  = 1000.0000
*      sqsh vol pct  =    0.2000
* 
*          cell_min  =    1.6700              min lat vec
*          cell_max  =  167.0000              max lat vec
* 
*         n_type_an  =         1          num type anions
*            num_an  =         1           tot num anions
* 
*          num_an_1  =         1        num anions type 1
*        num_vert_1  =         1     1=sph 2=dim 5=tet...
*       an_chrg_c_1  =   -1.0000      anion center charge
*       an_chrg_v_1  =    0.0000      anion vertex charge
*     tot_an_chrg_1  =   -1.0000       total anion charge
*           Rcent_1  =    1.6700         anion center rad
*           Rvert_1  =    0.0000         anion vertex rad
*             cvd_1  =    0.0000        cent to vert dist
*           Zcent_1  =        17           anion center Z
*           Zvert_1  =         0           anion vertex Z
* 
*          num_an_2  =         0        num anions type 2
*        num_vert_2  =         0     1=sph 2=dim 5=tet...
*       an_chrg_c_2  =    0.0000      anion center charge
*       an_chrg_v_2  =    0.0000      anion vertex charge
*     tot_an_chrg_2  =    0.0000       total anion charge
*           Rcent_2  =    0.0000         anion center rad
*           Rvert_2  =    0.0000         anion vertex rad
*             cvd_2  =    0.0000        cent to vert dist
*           Zcent_2  =         0           anion center Z
*           Zvert_2  =         0           anion vertex Z
* 
*         n_type_ca  =         1            num type cats
*            num_ca  =         1          tot num cations
* 
*          num_ca_1  =         1        num cations typ 1
*         ca_chrg_1  =    1.0000        cation chrg typ 1
*            Rcat_1  =    1.1600         cation rad typ 1
*            Zcat_1  =        11           cation Z typ 1
* 
*            C2VTOL  =  1.00e-08            c2v tolerance
*            ERRLIM  =  1.00e-06
*       REP_EPSILON  =  1.00e+00        soft sphere repul
*    TRANS_FRAC_MAX  =    0.5000                    fixed
*    TRANS_FRAC_MIN  =    0.0200
*      MAX_ANG_CHNG  =    9.9695                  degrees
*    VOLUM_FRAC_MAX  =    0.0700
*         EXT_PRESS  =  0.00e+00        external pressure
*      SQSH_VOL_PCT  =    0.2000             min orth val
*        ASPECT_MAX  =   20.0000                cell parm
*            dplane  =    1.6700            min plane sep
*      SCALE_FACTOR  =    1.2500         bhop max scaling
* 
*            d.o.f.  =        12       degrees of freedom
*          runs/dof  =       500         loops per d.o.f.
*              runs  =      6000              loops per T
*               ncc  =     24000     config changes per T
*            t_runs  =        15           num temp steps
*             efunc  =         0               0=SS  1=LJ
*       N_HALT_CHNG  =        15      halts after N 100%s
*
*      anneal_sched  =         3   0=lin or exp(-run_n^n)
*         temp_init  =  1.00e+00             initial temp
*         temp_finl  =  1.00e-03               final temp
* 
*          trn_chng  =         1              0=off  1=on
*          rot_chng  =         0              0=off  1=on
*          lat_chng  =         1              0=off  1=on
*          swp_chng  =         1              0=off  1=on
* 
*     SIMP_RESTARTS  =        11     no. simplex restarts
*  SIMP_RESTARTS BH  =        21  basin hop simp restarts
*         SIMP_NMAX  =      4500        max simplex iters
*          SIMP_DEG  =    1.0000          anion start deg
*         SIMP_LAMB  =    0.0100        vertex start frac
*       SIMP_ERRLIM  =  1.00e-08              error limit
* 
*           aa runs  =      1200           config changes
*      aa runs_step  =        10   config change increase
*       aa runs_max  =      1500  max auto config changes
*         aa t_runs  =         3            num temp runs
*      aa temp_step  =    0.5000                temp step
* 
*        aa chng hi  =         3  1=trn 2=rot 3=lat 4=swp
*        aa chng lo  =         3  1=trn 2=rot 3=lat 4=swp
* 
*      aa ht_pct_hi  =     0.650             high rej pct
*      aa ht_pct_lo  =     0.600             low  rej pct
* 
*      aa lt_pct_hi  =     0.999             high rej pct
*      aa lt_pct_lo  =     0.950             low  rej pct
* 
*            tmpfile =                   PR21116-best.tmp
* 
* Checking for out of bounds fractional coords.
*
**********************************************************************
*
*          - Parameters at START -
*
* Lattice parameters:
*
*             lat a  =   10.0000
*             lat b  =   10.0000
*             lat c  =   10.0000
*             alpha  =   90.0000
*             beta   =   90.0000
*             gamma  =   90.0000
*          cell vol  = 1000.0000
*          cv/ortho  =    1.0000
*
* Energies:
*               ecc  = -4.5969e-01
*               eng  =  0.0000e+00
*
*
* Geometry:
*
*      packing frac  =    0.0260
*      aspect ratio  =    1.0000
*
* (dE/dV):
*                Px  =  2.6380e-04                    x-dir
*                Py  =  2.0640e-04                    y-dir
*                Pz  = -1.0520e-05                    z-dir
*
* Distances (PBC only):
*                                 min           hard           diff
*           ca1_ca1  =   1.000000e+06   2.320000e+00   9.999977e+05
*           ca1_ca2  =   1.000000e+06   1.160000e+00   9.999988e+05
*           ca1_ac1  =   5.987243e+00   2.830000e+00   3.157243e+00
*           ca1_av1  =   1.000000e+06  -1.000000e+00   1.000001e+06
*           ca1_ac2  =   1.000000e+06  -1.000000e+00   1.000001e+06
*           ca1_av2  =   1.000000e+06  -1.000000e+00   1.000001e+06
*           ca2_ca2  =   1.000000e+06   0.000000e+00   1.000000e+06
*           ca2_ac1  =   1.000000e+06   1.670000e+00   9.999983e+05
*           ca2_av1  =   1.000000e+06  -1.000000e+00   1.000001e+06
*           ca2_ac2  =   1.000000e+06  -1.000000e+00   1.000001e+06
*           ca2_av2  =   1.000000e+06  -1.000000e+00   1.000001e+06
*           ac1_ac1  =   1.000000e+06   3.340000e+00   9.999967e+05
*           ac1_av1  =   1.000000e+06  -1.000000e+00   1.000001e+06
*           ac1_ac2  =   1.000000e+06  -1.000000e+00   1.000001e+06
*           ac1_av2  =   1.000000e+06  -1.000000e+00   1.000001e+06
*           av1_av1  =   1.000000e+06  -1.000000e+00   1.000001e+06
*           av1_av2  =   1.000000e+06  -1.000000e+00   1.000001e+06
*           av2_av2  =   1.000000e+06  -1.000000e+00   1.000001e+06
*
*
*
**********************************************************************
*
* ------------------------------------------------------------
*              Autoadjust high temperatrure:
* ------------------------------------------------------------
*              Autoadjusting on 3 (1=trn,2=rot,3=lat,4=swp)
*
**********************************************************************
*
*                 -- Autoadjust Metropolis Run --
*
*   autoadjust_temp_init  =  1.0000e+00
*   autoadjust_temp_step  =  5.0000e-01
*        autoadjust_runs  =        1200         configs per temp
*       autoadjust_count  =           1
*
**********************************************************************
*
* Metropolis: 3 temperature runs with these parameters:
*
*              runs  =      1200              loops per T
*               T_0  = 1.000e+00             initial temp
*               T_L  = 1.000e+00               final temp
*           T_alpha  = 8.000e+09          annealing alpha
*
*            T = T_0 * exp( -run_num**3 / T_alpha )
*
**********************************************************************
*H run      Temp       E_ion        E_ss   cel vol       SigPF       ar     ortho        pCnt          % Rejected Changes
*H                                                                                                 trn      rot      lat      swp
*T   1  1.00e+00  -2.934e-01  +0.000e+00   1402.35   1.994e-02    5.142     0.315   3.282e-02    14.17     0.00     1.75     0.00
*T   2  1.00e+00  -1.203e-01  +0.000e+00    743.90   3.822e-02    4.729     0.599   1.513e-01    32.00     0.00     1.50     0.00
*T   3  1.00e+00  -4.013e-02  +0.000e+00   4030.93   2.059e-02    4.206     0.222   2.504e-01    28.25     0.00     2.17     0.00
*
**********************************************************************
*
*                 -- AUTOADJUST [1] OUT --
*
*     target: lo % = 60.000000      hi % = 65.000000
*     Autoadjust % =  2.166667
*     Autoadjust: Lowering the temperature 5.000e-01 [a.u.]
*
**********************************************************************
*
*                 -- Autoadjust Metropolis Run --
*
*   autoadjust_temp_init  =  5.0000e-01
*   autoadjust_temp_step  =  5.0000e-01
*        autoadjust_runs  =        1210         configs per temp
*       autoadjust_count  =           2
*
**********************************************************************
*
* Metropolis: 3 temperature runs with these parameters:
*
*              runs  =      1210              loops per T
*               T_0  = 5.000e-01             initial temp
*               T_L  = 4.995e-01               final temp
*           T_alpha  = 7.996e+03          annealing alpha
*
*            T = T_0 * exp( -run_num**3 / T_alpha )
*
**********************************************************************
*H run      Temp       E_ion        E_ss   cel vol       SigPF       ar     ortho        pCnt          % Rejected Changes
*H                                                                                                 trn      rot      lat      swp
*T   1  5.00e-01  -4.776e-01  +0.000e+00   3415.11   1.475e-02    2.283     0.231   3.802e-01    35.45     0.00     5.79     0.00
*T   2  5.00e-01  -4.782e-01  +0.000e+00    616.27   5.485e-02    2.182     0.321   1.807e-01    23.39     0.00     2.23     0.00
*T   3  4.99e-01  -7.902e-01  +0.000e+00    219.35   2.029e-02    1.670     0.229   8.364e-02    19.34     0.00     4.38     0.00
*
**********************************************************************
*
*                 -- AUTOADJUST [2] OUT --
*
*     target: lo % = 60.000000      hi % = 65.000000
*     Autoadjust % =  4.380165
*     Autoadjust: special case: (T-Tstep) = 0.000e+00 [a.u.]
*     Autoadjust: special case: ===> drop temp step to: 2.250e-01 [a.u.]
*     Autoadjust: Lowering the temperature 2.250e-01 [a.u.]
*
**********************************************************************
*
*                 -- Autoadjust Metropolis Run --
*
*   autoadjust_temp_init  =  2.7500e-01
*   autoadjust_temp_step  =  2.2500e-01
*        autoadjust_runs  =        1220         configs per temp
*       autoadjust_count  =           3
*
**********************************************************************
*
* Metropolis: 3 temperature runs with these parameters:
*
*              runs  =      1220              loops per T
*               T_0  = 2.750e-01             initial temp
*               T_L  = 2.747e-01               final temp
*           T_alpha  = 7.996e+03          annealing alpha
*
*            T = T_0 * exp( -run_num**3 / T_alpha )
*
**********************************************************************
*H run      Temp       E_ion        E_ss   cel vol       SigPF       ar     ortho        pCnt          % Rejected Changes
*H                                                                                                 trn      rot      lat      swp
*T   1  2.75e-01  -7.768e-01  +0.000e+00    230.30   1.102e-01    1.483     0.574   2.898e-01    52.95     0.00    10.41     0.00
*T   2  2.75e-01  -1.471e-01  +0.000e+00   9801.03   9.685e-02    4.576     0.316   8.755e-01    49.26     0.00     8.20     0.00
*T   3  2.75e-01  +3.399e-01  +0.000e+00    426.58   2.265e-02    6.099     0.325   1.462e+00    61.23     0.00     7.13     0.00
*
**********************************************************************
*
*                 -- AUTOADJUST [3] OUT --
*
*     target: lo % = 60.000000      hi % = 65.000000
*     Autoadjust % =  7.131148
*     Autoadjust: Lowering the temperature 2.250e-01 [a.u.]
*
**********************************************************************
*
*                 -- Autoadjust Metropolis Run --
*
*   autoadjust_temp_init  =  5.0000e-02
*   autoadjust_temp_step  =  2.2500e-01
*        autoadjust_runs  =        1230         configs per temp
*       autoadjust_count  =           4
*
**********************************************************************
*
* Metropolis: 3 temperature runs with these parameters:
*
*              runs  =      1230              loops per T
*               T_0  = 5.000e-02             initial temp
*               T_L  = 4.995e-02               final temp
*           T_alpha  = 7.996e+03          annealing alpha
*
*            T = T_0 * exp( -run_num**3 / T_alpha )
*
**********************************************************************
*H run      Temp       E_ion        E_ss   cel vol       SigPF       ar     ortho        pCnt          % Rejected Changes
*H                                                                                                 trn      rot      lat      swp
*T   1  5.00e-02  -9.244e-01  +0.000e+00    122.64   9.394e-02    2.518     0.505   2.410e+00    93.33     0.00    21.79     0.00
*T   2  5.00e-02  -1.060e+00  +0.000e+00     87.48   1.423e-01    1.308     0.714   1.640e+00    92.36     0.00    33.41     0.00
*T   3  5.00e-02  -8.390e-01  +0.000e+00     88.28   9.892e-02    2.564     0.478   3.293e+00    92.36     0.00    34.72     0.00
*
**********************************************************************
*
*                 -- AUTOADJUST [4] OUT --
*
*     target: lo % = 60.000000      hi % = 65.000000
*     Autoadjust % = 34.715447
*     Autoadjust: special case: (T-Tstep) = -1.750e-01 [a.u.]
*     Autoadjust: special case: ===> drop temp step to: 1.013e-01 [a.u.]
*     Autoadjust: special case: (T-Tstep) = -5.125e-02 [a.u.]
*     Autoadjust: special case: ===> drop temp step to: 4.556e-02 [a.u.]
*     Autoadjust: Lowering the temperature 4.556e-02 [a.u.]
*
**********************************************************************
*
*                 -- Autoadjust Metropolis Run --
*
*   autoadjust_temp_init  =  4.4375e-03
*   autoadjust_temp_step  =  4.5563e-02
*        autoadjust_runs  =        1240         configs per temp
*       autoadjust_count  =           5
*
**********************************************************************
*
* Metropolis: 3 temperature runs with these parameters:
*
*              runs  =      1240              loops per T
*               T_0  = 4.438e-03             initial temp
*               T_L  = 4.433e-03               final temp
*           T_alpha  = 7.996e+03          annealing alpha
*
*            T = T_0 * exp( -run_num**3 / T_alpha )
*
**********************************************************************
*H run      Temp       E_ion        E_ss   cel vol       SigPF       ar     ortho        pCnt          % Rejected Changes
*H                                                                                                 trn      rot      lat      swp
*T   1  4.44e-03  -1.118e+00  +0.000e+00     61.23   2.258e-01    2.162     0.431   5.639e+01    99.60     0.00    80.89     0.00
*T   2  4.44e-03  -1.131e+00  +0.000e+00     59.86   2.805e-01    2.044     0.435   1.223e+01    99.84     0.00    90.16     0.00
*T   3  4.43e-03  -1.160e+00  +0.000e+00     51.66   3.033e-01    1.905     0.454   5.648e+00    99.92     0.00    88.47     0.00
*
**********************************************************************
*
*                 -- AUTOADJUST [5] OUT --
*
*     target: lo % = 60.000000      hi % = 65.000000
*     Autoadjust % = 88.467742
*     Autoadjust: overshot! drop temp step to: 2.050e-02 [a.u.]
*     Autoadjust: Raising the temperature 2.050e-02 [a.u.]
*
**********************************************************************
*
*                 -- Autoadjust Metropolis Run --
*
*   autoadjust_temp_init  =  2.4941e-02
*   autoadjust_temp_step  =  2.0503e-02
*        autoadjust_runs  =        1250         configs per temp
*       autoadjust_count  =           6
*
**********************************************************************
*
* Metropolis: 3 temperature runs with these parameters:
*
*              runs  =      1250              loops per T
*               T_0  = 2.494e-02             initial temp
*               T_L  = 2.492e-02               final temp
*           T_alpha  = 7.996e+03          annealing alpha
*
*            T = T_0 * exp( -run_num**3 / T_alpha )
*
**********************************************************************
*H run      Temp       E_ion        E_ss   cel vol       SigPF       ar     ortho        pCnt          % Rejected Changes
*H                                                                                                 trn      rot      lat      swp
*T   1  2.49e-02  -1.072e+00  +0.000e+00     75.98   2.139e-01    2.221     0.425   4.596e+00    98.24     0.00    60.48     0.00
*T   2  2.49e-02  -1.024e+00  +0.000e+00    131.54   1.452e-01    1.437     0.912   4.568e+00    95.12     0.00    50.56     0.00
*T   3  2.49e-02  -1.052e+00  +0.000e+00     80.90   1.363e-01    1.534     0.521   3.398e+00    96.32     0.00    49.20     0.00
*
**********************************************************************
*
*                 -- AUTOADJUST [6] OUT --
*
*     target: lo % = 60.000000      hi % = 65.000000
*     Autoadjust % = 49.200000
*     Autoadjust: overshot! drop temp step to: 9.226e-03 [a.u.]
*     Autoadjust: Lowering the temperature 9.226e-03 [a.u.]
*
**********************************************************************
*
*                 -- Autoadjust Metropolis Run --
*
*   autoadjust_temp_init  =  1.5714e-02
*   autoadjust_temp_step  =  9.2264e-03
*        autoadjust_runs  =        1260         configs per temp
*       autoadjust_count  =           7
*
**********************************************************************
*
* Metropolis: 3 temperature runs with these parameters:
*
*              runs  =      1260              loops per T
*               T_0  = 1.571e-02             initial temp
*               T_L  = 1.570e-02               final temp
*           T_alpha  = 7.996e+03          annealing alpha
*
*            T = T_0 * exp( -run_num**3 / T_alpha )
*
**********************************************************************
*H run      Temp       E_ion        E_ss   cel vol       SigPF       ar     ortho        pCnt          % Rejected Changes
*H                                                                                                 trn      rot      lat      swp
*T   1  1.57e-02  -1.079e+00  +0.000e+00     75.01   1.783e-01    1.581     0.343   7.274e+00    99.44     0.00    62.14     0.00
*T   2  1.57e-02  -1.013e+00  +0.000e+00     75.85   2.040e-01    1.341     0.299   3.241e+00    99.21     0.00    62.54     0.00
*T   3  1.57e-02  -1.053e+00  +0.000e+00     99.02   1.583e-01    1.237     0.352   4.379e+00    99.29     0.00    64.60     0.00
*
**********************************************************************
*
*                 -- AUTOADJUST [7] OUT --
*
*     target: lo % = 60.000000      hi % = 65.000000
*     Autoadjust % = 64.603175
*     Autoadjust: temp = 1.571e-02  is good!  Exiting autoadjust.
*
**********************************************************************
*
* ------------------------------------------------------------
*              Autoadjust low temperatrure:
* ------------------------------------------------------------
*              Autoadjusting on 3 (1=trn,2=rot,3=lat,4=swp)
*
**********************************************************************
*
*                 -- Autoadjust Metropolis Run --
*
*   autoadjust_temp_init  =  2.0000e-02
*   autoadjust_temp_step  =  5.0000e-01
*        autoadjust_runs  =        1200         configs per temp
*       autoadjust_count  =           1
*
**********************************************************************
*
* Metropolis: 3 temperature runs with these parameters:
*
*              runs  =      1200              loops per T
*               T_0  = 2.000e-02             initial temp
*               T_L  = 2.000e-02               final temp
*           T_alpha  = 1.600e+08          annealing alpha
*
*            T = T_0 * exp( -run_num**3 / T_alpha )
*
**********************************************************************
*H run      Temp       E_ion        E_ss   cel vol       SigPF       ar     ortho        pCnt          % Rejected Changes
*H                                                                                                 trn      rot      lat      swp
*T   1  2.00e-02  -1.030e+00  +0.000e+00    129.85   1.246e-01    2.028     0.482   4.287e+00    99.00     0.00    55.25     0.00
*T   2  2.00e-02  -8.821e-01  +0.000e+00    146.22   1.308e-01    2.330     0.615   5.388e+00    98.92     0.00    52.58     0.00
*T   3  2.00e-02  -1.033e+00  +0.000e+00    102.02   1.475e-01    1.894     0.450   4.604e+00    97.25     0.00    55.25     0.00
*
**********************************************************************
*
*                 -- AUTOADJUST [1] OUT --
*
*     target: lo % = 95.000000      hi % = 99.900000
*     Autoadjust % = 55.250000
*     Autoadjust: special case: (T-Tstep) = -4.800e-01 [a.u.]
*     Autoadjust: special case: ===> drop temp step to: 2.250e-01 [a.u.]
*     Autoadjust: special case: (T-Tstep) = -2.050e-01 [a.u.]
*     Autoadjust: special case: ===> drop temp step to: 1.013e-01 [a.u.]
*     Autoadjust: special case: (T-Tstep) = -8.125e-02 [a.u.]
*     Autoadjust: special case: ===> drop temp step to: 4.556e-02 [a.u.]
*     Autoadjust: special case: (T-Tstep) = -2.556e-02 [a.u.]
*     Autoadjust: special case: ===> drop temp step to: 2.050e-02 [a.u.]
*     Autoadjust: special case: (T-Tstep) = -5.031e-04 [a.u.]
*     Autoadjust: special case: ===> drop temp step to: 9.226e-03 [a.u.]
*     Autoadjust: Lowering the temperature 9.226e-03 [a.u.]
*
**********************************************************************
*
*                 -- Autoadjust Metropolis Run --
*
*   autoadjust_temp_init  =  1.0774e-02
*   autoadjust_temp_step  =  9.2264e-03
*        autoadjust_runs  =        1210         configs per temp
*       autoadjust_count  =           2
*
**********************************************************************
*
* Metropolis: 3 temperature runs with these parameters:
*
*              runs  =      1210              loops per T
*               T_0  = 1.077e-02             initial temp
*               T_L  = 1.076e-02               final temp
*           T_alpha  = 7.996e+03          annealing alpha
*
*            T = T_0 * exp( -run_num**3 / T_alpha )
*
**********************************************************************
*H run      Temp       E_ion        E_ss   cel vol       SigPF       ar     ortho        pCnt          % Rejected Changes
*H                                                                                                 trn      rot      lat      swp
*T   1  1.08e-02  -1.145e+00  +0.000e+00     57.95   2.309e-01    1.657     0.430   7.441e+00    99.42     0.00    72.07     0.00
*T   2  1.08e-02  -1.135e+00  +0.000e+00     55.23   2.682e-01    1.397     0.465   5.573e+00    99.83     0.00    68.51     0.00
*T   3  1.08e-02  -1.159e+00  +0.000e+00     52.30   2.906e-01    1.420     0.474   2.332e+00    99.83     0.00    77.27     0.00
*
**********************************************************************
*
*                 -- AUTOADJUST [2] OUT --
*
*     target: lo % = 95.000000      hi % = 99.900000
*     Autoadjust % = 77.272727
*     Autoadjust: Lowering the temperature 9.226e-03 [a.u.]
*
**********************************************************************
*
*                 -- Autoadjust Metropolis Run --
*
*   autoadjust_temp_init  =  1.5472e-03
*   autoadjust_temp_step  =  9.2264e-03
*        autoadjust_runs  =        1220         configs per temp
*       autoadjust_count  =           3
*
**********************************************************************
*
* Metropolis: 3 temperature runs with these parameters:
*
*              runs  =      1220              loops per T
*               T_0  = 1.547e-03             initial temp
*               T_L  = 1.546e-03               final temp
*           T_alpha  = 7.996e+03          annealing alpha
*
*            T = T_0 * exp( -run_num**3 / T_alpha )
*
**********************************************************************
*H run      Temp       E_ion        E_ss   cel vol       SigPF       ar     ortho        pCnt          % Rejected Changes
*H                                                                                                 trn      rot      lat      swp
*T   1  1.55e-03  -1.168e+00  +0.000e+00     50.64   3.346e-01    1.440     0.467   1.571e+02   100.00     0.00    96.80     0.00
*T   2  1.55e-03  -1.177e+00  +0.000e+00     49.32   3.425e-01    1.481     0.468   8.463e+00    99.92     0.00    96.15     0.00
*T   3  1.55e-03  -1.184e+00  +0.000e+00     48.75   3.483e-01    1.467     0.457   4.746e+00   100.00     0.00    96.64     0.00
*
**********************************************************************
*
*                 -- AUTOADJUST [3] OUT --
*
*     target: lo % = 95.000000      hi % = 99.900000
*     Autoadjust % = 96.639344
*     Autoadjust: temp = 1.547e-03  is good!  Exiting autoadjust.
*
**********************************************************************
*
*
*          -- Initializing cell contents --
*
*
*
**********************************************************************
*
*            -- Starting Metropolis calculation --
*
*              temp_init  = 1.571e-02
*
**********************************************************************
*
* Metropolis: 15 temperature runs with these parameters:
*
*              runs  =      6000              loops per T
*               T_0  = 1.571e-02             initial temp
*               T_L  = 1.547e-03               final temp
*           T_alpha  = 1.184e+03          annealing alpha
*
*            T = T_0 * exp( -run_num**3 / T_alpha )
*
**********************************************************************
*H run      Temp       E_ion        E_ss   cel vol       SigPF       ar     ortho        pCnt          % Rejected Changes
*H                                                                                                 trn      rot      lat      swp
*M   1  1.57e-02  -1.060e+00  +0.000e+00    112.87   1.277e-01    2.188     0.392   3.307e+01    99.33     0.00    67.67     0.00
*M   2  1.57e-02  -1.018e+00  +0.000e+00     87.00   1.300e-01    2.276     0.483   3.775e+00    99.78     0.00    71.37     0.00
*M   3  1.56e-02  -1.048e+00  +0.000e+00    113.68   2.313e-01    1.350     0.705   6.401e+00    99.27     0.00    66.27     0.00
*M   4  1.54e-02  -1.170e+00  +0.000e+00     50.62   2.291e-01    1.426     0.553   9.125e+00    98.98     0.00    63.78     0.00
*M   5  1.49e-02  -1.121e+00  +0.000e+00     53.86   2.628e-01    1.433     0.590   5.564e+00    99.23     0.00    70.17     0.00
*M   6  1.41e-02  -1.127e+00  +0.000e+00     62.17   2.647e-01    1.441     0.559   5.059e+00    99.73     0.00    69.28     0.00
*M   7  1.31e-02  -1.126e+00  +0.000e+00     59.99   2.589e-01    1.396     0.503   5.407e+00    99.73     0.00    71.30     0.00
*M   8  1.18e-02  -1.143e+00  +0.000e+00     52.68   2.823e-01    1.522     0.679   4.961e+00    99.70     0.00    75.22     0.00
*M   9  1.02e-02  -1.164e+00  +0.000e+00     45.11   2.906e-01    1.655     0.633   7.664e+00    99.80     0.00    76.90     0.00
*M  10  8.49e-03  -1.145e+00  +0.000e+00     47.79   3.206e-01    1.612     0.601   5.878e+00    99.92     0.00    80.60     0.00
*M  11  6.75e-03  -1.123e+00  +0.000e+00     45.41   3.589e-01    1.681     0.586   5.042e+00    99.95     0.00    83.35     0.00
*M  12  5.10e-03  -1.193e+00  +0.000e+00     40.56   3.823e-01    1.703     0.599   4.299e+00   100.00     0.00    87.83     0.00
*M  13  3.65e-03  -1.189e+00  +0.000e+00     40.49   4.106e-01    1.707     0.617   2.815e+00    99.98     0.00    91.68     0.00
*M  14  2.46e-03  -1.200e+00  +0.000e+00     40.00   4.258e-01    1.709     0.590   5.947e+00    99.98     0.00    95.17     0.00
*M  15  1.55e-03  -1.203e+00  +0.000e+00     39.58   4.299e-01    1.696     0.605   3.252e+00   100.00     0.00    96.70     0.00
*
**********************************************************************
*
*
*          - Parameters at Post Ewald-Metro -
*
* Lattice parameters:
*
*             lat a  =    3.3833
*             lat b  =    5.7284
*             lat c  =    3.3776
*             alpha  =   54.3710
*             beta   =   83.7082
*             gamma  =  118.1624
*          cell vol  =   39.5826
*          cv/ortho  =    0.6047
*
* Energies:
*               ecc  = -1.2032e+00
*               eng  =  0.0000e+00
*
*
* Geometry:
*
*      packing frac  =    0.6581
*      aspect ratio  =    1.6960
*
* (dE/dV):
*                Px  =  7.8167e-03                    x-dir
*                Py  =  1.2267e-02                    y-dir
*                Pz  =  1.0312e-02                    z-dir
*
* Distances (PBC only):
*                                 min           hard           diff
*           ca1_ca1  =   1.000000e+06   2.320000e+00   9.999977e+05
*           ca1_ca2  =   1.000000e+06   1.160000e+00   9.999988e+05
*           ca1_ac1  =   2.832160e+00   2.830000e+00   2.159947e-03
*           ca1_av1  =   1.000000e+06  -1.000000e+00   1.000001e+06
*           ca1_ac2  =   1.000000e+06  -1.000000e+00   1.000001e+06
*           ca1_av2  =   1.000000e+06  -1.000000e+00   1.000001e+06
*           ca2_ca2  =   1.000000e+06   0.000000e+00   1.000000e+06
*           ca2_ac1  =   1.000000e+06   1.670000e+00   9.999983e+05
*           ca2_av1  =   1.000000e+06  -1.000000e+00   1.000001e+06
*           ca2_ac2  =   1.000000e+06  -1.000000e+00   1.000001e+06
*           ca2_av2  =   1.000000e+06  -1.000000e+00   1.000001e+06
*           ac1_ac1  =   1.000000e+06   3.340000e+00   9.999967e+05
*           ac1_av1  =   1.000000e+06  -1.000000e+00   1.000001e+06
*           ac1_ac2  =   1.000000e+06  -1.000000e+00   1.000001e+06
*           ac1_av2  =   1.000000e+06  -1.000000e+00   1.000001e+06
*           av1_av1  =   1.000000e+06  -1.000000e+00   1.000001e+06
*           av1_av2  =   1.000000e+06  -1.000000e+00   1.000001e+06
*           av2_av2  =   1.000000e+06  -1.000000e+00   1.000001e+06
*
*
*
**********************************************************************
*
*         - Comparing with 'best' structure -
*
****************************************************************
*
*          best ecc  = -1.2063e+00
*          best eng  =  0.0000e+00
*           ecc+eng  = -1.2063e+00
*          best vol  =  3.9348e+01
*           best pf  =  6.6197e-01
*
*     post_runs ecc  = -1.2032e+00
*     post_runs eng  =  0.0000e+00
*           ecc+eng  = -1.2032e+00
*     post_runs vol  =  3.9583e+01
*      post_runs pf  =  6.5805e-01
*
*       dV / V_runs  =  5.9204e-03
*
*          ecc_diff  = -3.1583e-03
*          eng_diff  =  0.0000e+00
*
*
****************************************************************
*
*  mag_ecc_diff > mag_eng_diff AND within BEST_VOL AND
* 'best' has lower energy than post runs! --> swapping.
*
****************************************************************
*
*
*          - Parameters at Post 'best-swap' -
*
* Lattice parameters:
*
*             lat a  =    3.4485
*             lat b  =    5.7220
*             lat c  =    3.3640
*             alpha  =   54.5824
*             beta   =   83.7760
*             gamma  =  119.3016
*          cell vol  =   39.3483
*          cv/ortho  =    0.5928
*
* Energies:
*               ecc  = -1.2063e+00
*               eng  =  0.0000e+00
*
*
* Geometry:
*
*      packing frac  =    0.6620
*      aspect ratio  =    1.7009
*
* (dE/dV):
*                Px  =  9.5958e-03                    x-dir
*                Py  =  1.0781e-02                    y-dir
*                Pz  =  1.0280e-02                    z-dir
*
* Distances (PBC only):
*                                 min           hard           diff
*           ca1_ca1  =   1.000000e+06   2.320000e+00   9.999977e+05
*           ca1_ca2  =   1.000000e+06   1.160000e+00   9.999988e+05
*           ca1_ac1  =   2.831187e+00   2.830000e+00   1.186939e-03
*           ca1_av1  =   1.000000e+06  -1.000000e+00   1.000001e+06
*           ca1_ac2  =   1.000000e+06  -1.000000e+00   1.000001e+06
*           ca1_av2  =   1.000000e+06  -1.000000e+00   1.000001e+06
*           ca2_ca2  =   1.000000e+06   0.000000e+00   1.000000e+06
*           ca2_ac1  =   1.000000e+06   1.670000e+00   9.999983e+05
*           ca2_av1  =   1.000000e+06  -1.000000e+00   1.000001e+06
*           ca2_ac2  =   1.000000e+06  -1.000000e+00   1.000001e+06
*           ca2_av2  =   1.000000e+06  -1.000000e+00   1.000001e+06
*           ac1_ac1  =   1.000000e+06   3.340000e+00   9.999967e+05
*           ac1_av1  =   1.000000e+06  -1.000000e+00   1.000001e+06
*           ac1_ac2  =   1.000000e+06  -1.000000e+00   1.000001e+06
*           ac1_av2  =   1.000000e+06  -1.000000e+00   1.000001e+06
*           av1_av1  =   1.000000e+06  -1.000000e+00   1.000001e+06
*           av1_av2  =   1.000000e+06  -1.000000e+00   1.000001e+06
*           av2_av2  =   1.000000e+06  -1.000000e+00   1.000001e+06
*
*
*
**********************************************************************
*
*         - Final Simplex relaxation with restarts -
*
**********************************************************************
*
*
****************************************************************
*
*
*        - Simplex Minimiziation Routine -
*
*
* Note: No aspect ratio constraint.
*
*
*            n_simp  =        15                   D.O.F.
*         simp_nmax  =      4500                max moves
*       simp_errlim  =  1.00e-08
*
*
*         - Initializing simplex arrays -
*
*
*      nfunk           rtol        pf        ar     ortho             e_ion              e_ss             e_tot
*X        11     1.4445e+00   0.66197   1.70092   0.59277    -1.2063179e+00     0.0000000e+00    -1.2063179e+00
*X      2000     4.0657e-07   0.67172   1.68217   0.59184    -1.2107537e+00     0.0000000e+00    -1.2107537e+00
*
*         simp_runs  =      2436               simp moves
*              rtol  =  9.79e-09               final rtol
*
* Simplex restart no. 1 of 10
*
*         - Initializing simplex arrays -
*
*
*      nfunk           rtol        pf        ar     ortho             e_ion              e_ss             e_tot
*X        12     1.4781e+00   0.67174   1.68215   0.59181    -1.2107586e+00     0.0000000e+00    -1.2107586e+00
*
*         simp_runs  =      1745               simp moves
*              rtol  =  9.82e-09               final rtol
*
* Simplex restart no. 2 of 10
*
*         - Initializing simplex arrays -
*
*
*      nfunk           rtol        pf        ar     ortho             e_ion              e_ss             e_tot
*X        12     1.4814e+00   0.67174   1.68232   0.59174    -1.2107689e+00     0.0000000e+00    -1.2107689e+00
*
*         simp_runs  =       883               simp moves
*              rtol  =  9.91e-09               final rtol
*
* Simplex restart no. 3 of 10
*
*         - Initializing simplex arrays -
*
*
*      nfunk           rtol        pf        ar     ortho             e_ion              e_ss             e_tot
*X        12     1.4815e+00   0.67174   1.68232   0.59174    -1.2107689e+00     0.0000000e+00    -1.2107689e+00
*
*         simp_runs  =       853               simp moves
*              rtol  =  9.90e-09               final rtol
*
* Simplex restart no. 4 of 10
*
*         - Initializing simplex arrays -
*
*
*      nfunk           rtol        pf        ar     ortho             e_ion              e_ss             e_tot
*X        12     1.4815e+00   0.67174   1.68232   0.59174    -1.2107689e+00     0.0000000e+00    -1.2107689e+00
*
*         simp_runs  =       856               simp moves
*              rtol  =  9.72e-09               final rtol
*
* Simplex restart no. 5 of 10
*
*         - Initializing simplex arrays -
*
*
*      nfunk           rtol        pf        ar     ortho             e_ion              e_ss             e_tot
*X        12     1.4815e+00   0.67174   1.68232   0.59174    -1.2107689e+00     0.0000000e+00    -1.2107689e+00
*
*         simp_runs  =       867               simp moves
*              rtol  =  9.88e-09               final rtol
*
* Simplex restart no. 6 of 10
*
*         - Initializing simplex arrays -
*
*
*      nfunk           rtol        pf        ar     ortho             e_ion              e_ss             e_tot
*X        12     1.4815e+00   0.67174   1.68232   0.59174    -1.2107689e+00     0.0000000e+00    -1.2107689e+00
*
*         simp_runs  =       859               simp moves
*              rtol  =  9.85e-09               final rtol
*
* Simplex restart no. 7 of 10
*
*         - Initializing simplex arrays -
*
*
*      nfunk           rtol        pf        ar     ortho             e_ion              e_ss             e_tot
*X        12     1.4815e+00   0.67174   1.68232   0.59174    -1.2107689e+00     0.0000000e+00    -1.2107689e+00
*
*         simp_runs  =       855               simp moves
*              rtol  =  9.87e-09               final rtol
*
* Simplex restart no. 8 of 10
*
*         - Initializing simplex arrays -
*
*
*      nfunk           rtol        pf        ar     ortho             e_ion              e_ss             e_tot
*X        12     1.4815e+00   0.67174   1.68232   0.59174    -1.2107689e+00     0.0000000e+00    -1.2107689e+00
*
*         simp_runs  =       874               simp moves
*              rtol  =  9.78e-09               final rtol
*
* Simplex restart no. 9 of 10
*
*         - Initializing simplex arrays -
*
*
*      nfunk           rtol        pf        ar     ortho             e_ion              e_ss             e_tot
*X        12     1.4815e+00   0.67174   1.68232   0.59174    -1.2107689e+00     0.0000000e+00    -1.2107689e+00
*
*         simp_runs  =       874               simp moves
*              rtol  =  9.78e-09               final rtol
*
* Simplex restart no. 10 of 10
*
*         - Initializing simplex arrays -
*
*
*      nfunk           rtol        pf        ar     ortho             e_ion              e_ss             e_tot
*X        12     1.4815e+00   0.67174   1.68232   0.59174    -1.2107689e+00     0.0000000e+00    -1.2107689e+00
*
*         simp_runs  =       874               simp moves
*              rtol  =  9.78e-09               final rtol
*
****************************************************************
*
*          - Parameters at Post Simplex -
*
* Lattice parameters:
*
*             lat a  =    3.4443
*             lat b  =    5.6575
*             lat c  =    3.3629
*             alpha  =   54.8831
*             beta   =   84.0990
*             gamma  =  119.9541
*          cell vol  =   38.7759
*          cv/ortho  =    0.5917
*
* Energies:
*               ecc  = -1.2108e+00
*               eng  =  0.0000e+00
*
*
* Geometry:
*
*      packing frac  =    0.6717
*      aspect ratio  =    1.6823
*
* (dE/dV):
*                Px  =  1.0000e+04                    x-dir
*                Py  =  1.0000e+04                    y-dir
*                Pz  =  1.0000e+04                    z-dir
*
* Distances (PBC only):
*                                 min           hard           diff
*           ca1_ca1  =   1.000000e+06   2.320000e+00   9.999977e+05
*           ca1_ca2  =   1.000000e+06   1.160000e+00   9.999988e+05
*           ca1_ac1  =   2.830000e+00   2.830000e+00   1.909875e-09
*           ca1_av1  =   1.000000e+06  -1.000000e+00   1.000001e+06
*           ca1_ac2  =   1.000000e+06  -1.000000e+00   1.000001e+06
*           ca1_av2  =   1.000000e+06  -1.000000e+00   1.000001e+06
*           ca2_ca2  =   1.000000e+06   0.000000e+00   1.000000e+06
*           ca2_ac1  =   1.000000e+06   1.670000e+00   9.999983e+05
*           ca2_av1  =   1.000000e+06  -1.000000e+00   1.000001e+06
*           ca2_ac2  =   1.000000e+06  -1.000000e+00   1.000001e+06
*           ca2_av2  =   1.000000e+06  -1.000000e+00   1.000001e+06
*           ac1_ac1  =   1.000000e+06   3.340000e+00   9.999967e+05
*           ac1_av1  =   1.000000e+06  -1.000000e+00   1.000001e+06
*           ac1_ac2  =   1.000000e+06  -1.000000e+00   1.000001e+06
*           ac1_av2  =   1.000000e+06  -1.000000e+00   1.000001e+06
*           av1_av1  =   1.000000e+06  -1.000000e+00   1.000001e+06
*           av1_av2  =   1.000000e+06  -1.000000e+00   1.000001e+06
*           av2_av2  =   1.000000e+06  -1.000000e+00   1.000001e+06
*
*
***********************************************************
*        - Process and timing information -
*
* user time:   0 h 00 m 17.877605 s
* syst time:   0 h 00 m 00.003999 s
* signals: 0
* voluntary context switches: 7
* involuntary context switches: 20
*
***********************************************************
*SS symsearch output
*SS ( use:  | awk '($1=="*S"){print $0}' | sed 's/*S //' > temp.out )
*S Title
*S 1                 search type
*S 5.0 0.00001       displacement rms max min
*S 0.1 0.00001       strain rms max min
*S 1                 lattice input type
*S      3.44426     0.00000     0.00000
*S     -2.82480     4.90177     0.00000
*S      0.34574     2.43198     2.29674
*S 1 0 0
*S 0 1 0
*S 0 0 1
*S 2                 number of atoms
*S 11 0
*S      0.32519     0.71785     0.21161
*S      0.34643     0.22040     0.22303
*FF findsym output
*FF ( use:  | awk '($1=="*F"){print $0}' | sed 's/*F //' > temp.out )
*F Title
*F 0.001       displacement rms max min
*F 1                 lattice input type
*F      3.44426     0.00000     0.00000
*F     -2.82480     4.90177     0.00000
*F      0.34574     2.43198     2.29674
*F 1               basis vector in type
*F 1 0 0
*F 0 1 0
*F 0 0 1
*F 2                 number of atoms
*F 11 0
*F      0.32519     0.71785     0.21161
*F      0.34643     0.22040     0.22303
*DD powder output
*DD (use: | awk '($1=="*D"){print $0}' | sed 's/*D //' > temp.out )
*D 2
*D      3.44426     5.65746     3.36290
*D     54.88308    84.09897   119.95407
*D      0.32519     0.71785     0.21161        11
*D      0.34643     0.22040     0.22303         0
*PP poscar output
*PP (use: | awk '($1=="*P"){print $0}' | sed 's/*P //' > temp.out )
*P Z: 11 17 
*P 1.0 
*P      3.44426426     0.00000000     0.00000000
*P     -2.82480019     4.90176732     0.00000000
*P      0.34574096     2.43197525     2.29674474
*P 1 1 0 
*P Direct
*P       0.325191534935      0.717851338517      0.211611496099
*P       0.346427814003      0.220400781691      0.223034384912
*QQ poscar output
*QQ (use: | awk '($1=="*Q"){print $0}' | sed 's/*Q //' > temp.out )
*Q +1.000000000000 -1.000000000000 
*Q 1.0 
*Q      3.44426426     0.00000000     0.00000000
*Q     -2.82480019     4.90176732     0.00000000
*Q      0.34574096     2.43197525     2.29674474
*Q 1 1 0 
*Q Direct
*Q       0.325191534935      0.717851338517      0.211611496099
*Q       0.346427814003      0.220400781691      0.223034384912
*RR restart output
*RR (use: | awk '($1=="*R"){print $0}' | sed 's/*R //' > temp.out )
*R     3.444264262262    5.657456939199    3.362897083477
*R     0.957890422430    1.467803894508    2.093593516613
*R      1
*R      1     1
*R   -1.000000000000000   0.000000000000000
*R     0.000000000000    1.670000000000    0.000000000000    17     0
*R      1
*R      1   1.000000000000000
*R     1.160000000000    11
*R     0.325191534935    0.717851338517    0.211611496099
*R     0.346427814003    0.220400781691    0.223034384912
* XBS output
* CATION:
atom C    -0.834578255    4.033374156    0.486017590
spec C     1.160000000    1.000000000    0.000000000    0.000000000
* ANION:
atom A     0.647712890    1.622767454    0.512253049
spec A     1.670000000    0.000000000    0.000000000    1.000000000
spec V     0.000000000    0.000000000    1.000000000    0.000000000
bonds A V  0.000000000    0.000000000    0.010000000    Black
* CELL PARAMETERS AND BORDER
atom 0    0.00000   0.00000   0.00000
atom 1    3.44426   0.00000   0.00000
atom 2    0.61946   4.90177   0.00000
atom 3   -2.82480   4.90177   0.00000
atom 4    0.34574   2.43198   2.29674
atom 5    3.79001   2.43198   2.29674
atom 6    0.96521   7.33374   2.29674
atom 7   -2.47906   7.33374   2.29674
spec 0     0.050000000    0.000000000    0.000000000    0.000000000
spec 1     0.050000000    0.000000000    0.000000000    0.000000000
spec 2     0.050000000    0.000000000    0.000000000    0.000000000
spec 3     0.050000000    0.000000000    0.000000000    0.000000000
spec 4     0.050000000    0.000000000    0.000000000    0.000000000
spec 5     0.050000000    0.000000000    0.000000000    0.000000000
spec 6     0.050000000    0.000000000    0.000000000    0.000000000
spec 7     0.050000000    0.000000000    0.000000000    0.000000000
bonds 0 1  3.440819998    3.447708527    0.010000000    Black
bonds 3 2  3.440819998    3.447708527    0.010000000    Black
bonds 4 5  3.440819998    3.447708527    0.010000000    Black
bonds 6 7  3.440819998    3.447708527    0.010000000    Black
bonds 1 2  5.651799482    5.663114396    0.010000000    Black
bonds 0 3  5.651799482    5.663114396    0.010000000    Black
bonds 5 6  5.651799482    5.663114396    0.010000000    Black
bonds 4 7  5.651799482    5.663114396    0.010000000    Black
bonds 0 4  3.359534186    3.366259981    0.010000000    Black
bonds 1 5  3.359534186    3.366259981    0.010000000    Black
bonds 2 6  3.359534186    3.366259981    0.010000000    Black
bonds 3 7  3.359534186    3.366259981    0.010000000    Black
inc 5.000000
dup    3.44426   0.00000   0.00000
dup   -2.82480   4.90177   0.00000
dup    0.34574   2.43198   2.29674
