*************************************************
*	pack	(version 4.12.0.5)
*	Eric Majzoub
*	Sandia National Laboratories
*************************************************
*  Source file: main.c
*  Compile date: Dec 27 2012
*  Compile time: 17:19:04
*  commandline = /projects/e20438/bin/pack-4.12.0.5/pack_exe -f ../../NaCl_pegs.in -P -R -r 200 -t 15 -g 19884 
*  input file = ../../NaCl_pegs.in
**********************************************************************
**********************************************************************
**********************************************************************
* 
*       - General run comments -
* 
* WARN: no Rotations in Metropolis (-R flag).
* WARN: all anionic charge on center atom (-P flag).
*
**********************************************************************
*           - Input parameters -
*
*           restart  =         0         1 = restart calc
*        autoadjust  =         1   automatically set temp
*          aa_using  =         1        1=rej pct, 2=pCnt
*         basin hop  =         0           number of hops
*     non_per_ewald  =         0          1=nanopart calc
*
*             lat a  =   10.0000
*             lat b  =   10.0000
*             lat c  =   10.0000
*             alpha  =    1.5708
*             beta   =    1.5708
*             gamma  =    1.5708
*          cell vol  = 1000.0000
*      sqsh vol pct  =    0.2000
* 
*          cell_min  =    1.6700              min lat vec
*          cell_max  =  167.0000              max lat vec
* 
*         n_type_an  =         1          num type anions
*            num_an  =         1           tot num anions
* 
*          num_an_1  =         1        num anions type 1
*        num_vert_1  =         1     1=sph 2=dim 5=tet...
*       an_chrg_c_1  =   -1.0000      anion center charge
*       an_chrg_v_1  =    0.0000      anion vertex charge
*     tot_an_chrg_1  =   -1.0000       total anion charge
*           Rcent_1  =    1.6700         anion center rad
*           Rvert_1  =    0.0000         anion vertex rad
*             cvd_1  =    0.0000        cent to vert dist
*           Zcent_1  =        17           anion center Z
*           Zvert_1  =         0           anion vertex Z
* 
*          num_an_2  =         0        num anions type 2
*        num_vert_2  =         0     1=sph 2=dim 5=tet...
*       an_chrg_c_2  =    0.0000      anion center charge
*       an_chrg_v_2  =    0.0000      anion vertex charge
*     tot_an_chrg_2  =    0.0000       total anion charge
*           Rcent_2  =    0.0000         anion center rad
*           Rvert_2  =    0.0000         anion vertex rad
*             cvd_2  =    0.0000        cent to vert dist
*           Zcent_2  =         0           anion center Z
*           Zvert_2  =         0           anion vertex Z
* 
*         n_type_ca  =         1            num type cats
*            num_ca  =         1          tot num cations
* 
*          num_ca_1  =         1        num cations typ 1
*         ca_chrg_1  =    1.0000        cation chrg typ 1
*            Rcat_1  =    1.1600         cation rad typ 1
*            Zcat_1  =        11           cation Z typ 1
* 
*            C2VTOL  =  1.00e-08            c2v tolerance
*            ERRLIM  =  1.00e-06
*       REP_EPSILON  =  1.00e+00        soft sphere repul
*    TRANS_FRAC_MAX  =    0.5000                    fixed
*    TRANS_FRAC_MIN  =    0.0200
*      MAX_ANG_CHNG  =    9.9695                  degrees
*    VOLUM_FRAC_MAX  =    0.0700
*         EXT_PRESS  =  0.00e+00        external pressure
*      SQSH_VOL_PCT  =    0.2000             min orth val
*        ASPECT_MAX  =   20.0000                cell parm
*            dplane  =    1.6700            min plane sep
*      SCALE_FACTOR  =    1.2500         bhop max scaling
* 
*            d.o.f.  =        12       degrees of freedom
*          runs/dof  =       200         loops per d.o.f.
*              runs  =      2400              loops per T
*               ncc  =      9600     config changes per T
*            t_runs  =        15           num temp steps
*             efunc  =         0               0=SS  1=LJ
*       N_HALT_CHNG  =        15      halts after N 100%s
*
*      anneal_sched  =         3   0=lin or exp(-run_n^n)
*         temp_init  =  1.00e+00             initial temp
*         temp_finl  =  1.00e-03               final temp
* 
*          trn_chng  =         1              0=off  1=on
*          rot_chng  =         0              0=off  1=on
*          lat_chng  =         1              0=off  1=on
*          swp_chng  =         1              0=off  1=on
* 
*     SIMP_RESTARTS  =        11     no. simplex restarts
*  SIMP_RESTARTS BH  =        21  basin hop simp restarts
*         SIMP_NMAX  =      4500        max simplex iters
*          SIMP_DEG  =    1.0000          anion start deg
*         SIMP_LAMB  =    0.0100        vertex start frac
*       SIMP_ERRLIM  =  1.00e-08              error limit
* 
*           aa runs  =      1200           config changes
*      aa runs_step  =        10   config change increase
*       aa runs_max  =      1500  max auto config changes
*         aa t_runs  =         3            num temp runs
*      aa temp_step  =    0.5000                temp step
* 
*        aa chng hi  =         3  1=trn 2=rot 3=lat 4=swp
*        aa chng lo  =         3  1=trn 2=rot 3=lat 4=swp
* 
*      aa ht_pct_hi  =     0.650             high rej pct
*      aa ht_pct_lo  =     0.600             low  rej pct
* 
*      aa lt_pct_hi  =     0.999             high rej pct
*      aa lt_pct_lo  =     0.950             low  rej pct
* 
*            tmpfile =                   PR20502-best.tmp
* 
* Checking for out of bounds fractional coords.
*
**********************************************************************
*
*          - Parameters at START -
*
* Lattice parameters:
*
*             lat a  =   10.0000
*             lat b  =   10.0000
*             lat c  =   10.0000
*             alpha  =   90.0000
*             beta   =   90.0000
*             gamma  =   90.0000
*          cell vol  = 1000.0000
*          cv/ortho  =    1.0000
*
* Energies:
*               ecc  = -6.7054e-01
*               eng  =  0.0000e+00
*
*
* Geometry:
*
*      packing frac  =    0.0260
*      aspect ratio  =    1.0000
*
* (dE/dV):
*                Px  =  3.1556e-05                    x-dir
*                Py  =  1.6930e-04                    y-dir
*                Pz  =  4.6968e-04                    z-dir
*
* Distances (PBC only):
*                                 min           hard           diff
*           ca1_ca1  =   1.000000e+06   2.320000e+00   9.999977e+05
*           ca1_ca2  =   1.000000e+06   1.160000e+00   9.999988e+05
*           ca1_ac1  =   3.177514e+00   2.830000e+00   3.475138e-01
*           ca1_av1  =   1.000000e+06  -1.000000e+00   1.000001e+06
*           ca1_ac2  =   1.000000e+06  -1.000000e+00   1.000001e+06
*           ca1_av2  =   1.000000e+06  -1.000000e+00   1.000001e+06
*           ca2_ca2  =   1.000000e+06   0.000000e+00   1.000000e+06
*           ca2_ac1  =   1.000000e+06   1.670000e+00   9.999983e+05
*           ca2_av1  =   1.000000e+06  -1.000000e+00   1.000001e+06
*           ca2_ac2  =   1.000000e+06  -1.000000e+00   1.000001e+06
*           ca2_av2  =   1.000000e+06  -1.000000e+00   1.000001e+06
*           ac1_ac1  =   1.000000e+06   3.340000e+00   9.999967e+05
*           ac1_av1  =   1.000000e+06  -1.000000e+00   1.000001e+06
*           ac1_ac2  =   1.000000e+06  -1.000000e+00   1.000001e+06
*           ac1_av2  =   1.000000e+06  -1.000000e+00   1.000001e+06
*           av1_av1  =   1.000000e+06  -1.000000e+00   1.000001e+06
*           av1_av2  =   1.000000e+06  -1.000000e+00   1.000001e+06
*           av2_av2  =   1.000000e+06  -1.000000e+00   1.000001e+06
*
*
*
**********************************************************************
*
* ------------------------------------------------------------
*              Autoadjust high temperatrure:
* ------------------------------------------------------------
*              Autoadjusting on 3 (1=trn,2=rot,3=lat,4=swp)
*
**********************************************************************
*
*                 -- Autoadjust Metropolis Run --
*
*   autoadjust_temp_init  =  1.0000e+00
*   autoadjust_temp_step  =  5.0000e-01
*        autoadjust_runs  =        1200         configs per temp
*       autoadjust_count  =           1
*
**********************************************************************
*
* Metropolis: 3 temperature runs with these parameters:
*
*              runs  =      1200              loops per T
*               T_0  = 1.000e+00             initial temp
*               T_L  = 1.000e+00               final temp
*           T_alpha  = 8.000e+09          annealing alpha
*
*            T = T_0 * exp( -run_num**3 / T_alpha )
*
**********************************************************************
*H run      Temp       E_ion        E_ss   cel vol       SigPF       ar     ortho        pCnt          % Rejected Changes
*H                                                                                                 trn      rot      lat      swp
*T   1  1.00e+00  -5.657e-01  +0.000e+00    762.53   5.737e-02    1.683     0.863   8.102e-02    37.92     0.00     3.83     0.00
*T   2  1.00e+00  -7.368e-01  +0.000e+00    178.65   5.791e-02    3.826     0.577   2.251e-01    37.33     0.00     3.08     0.00
*T   3  1.00e+00  -2.696e-01  +0.000e+00   5777.26   4.720e-02    2.503     0.464   5.621e-02    16.83     0.00     2.25     0.00
*
**********************************************************************
*
*                 -- AUTOADJUST [1] OUT --
*
*     target: lo % = 60.000000      hi % = 65.000000
*     Autoadjust % =  2.250000
*     Autoadjust: Lowering the temperature 5.000e-01 [a.u.]
*
**********************************************************************
*
*                 -- Autoadjust Metropolis Run --
*
*   autoadjust_temp_init  =  5.0000e-01
*   autoadjust_temp_step  =  5.0000e-01
*        autoadjust_runs  =        1210         configs per temp
*       autoadjust_count  =           2
*
**********************************************************************
*
* Metropolis: 3 temperature runs with these parameters:
*
*              runs  =      1210              loops per T
*               T_0  = 5.000e-01             initial temp
*               T_L  = 4.995e-01               final temp
*           T_alpha  = 7.996e+03          annealing alpha
*
*            T = T_0 * exp( -run_num**3 / T_alpha )
*
**********************************************************************
*H run      Temp       E_ion        E_ss   cel vol       SigPF       ar     ortho        pCnt          % Rejected Changes
*H                                                                                                 trn      rot      lat      swp
*T   1  5.00e-01  -5.841e-01  +0.000e+00    274.66   8.950e-02    1.547     0.587   1.911e-01    32.64     0.00     4.46     0.00
*T   2  5.00e-01  -5.327e-01  +0.000e+00    214.31   7.337e-02    2.408     0.780   1.519e-01    47.52     0.00     5.45     0.00
*T   3  4.99e-01  -7.195e-01  +0.000e+00    318.14   4.740e-02    1.590     0.382   3.109e-01    43.72     0.00     6.36     0.00
*
**********************************************************************
*
*                 -- AUTOADJUST [2] OUT --
*
*     target: lo % = 60.000000      hi % = 65.000000
*     Autoadjust % =  6.363636
*     Autoadjust: special case: (T-Tstep) = 0.000e+00 [a.u.]
*     Autoadjust: special case: ===> drop temp step to: 2.250e-01 [a.u.]
*     Autoadjust: Lowering the temperature 2.250e-01 [a.u.]
*
**********************************************************************
*
*                 -- Autoadjust Metropolis Run --
*
*   autoadjust_temp_init  =  2.7500e-01
*   autoadjust_temp_step  =  2.2500e-01
*        autoadjust_runs  =        1220         configs per temp
*       autoadjust_count  =           3
*
**********************************************************************
*
* Metropolis: 3 temperature runs with these parameters:
*
*              runs  =      1220              loops per T
*               T_0  = 2.750e-01             initial temp
*               T_L  = 2.747e-01               final temp
*           T_alpha  = 7.996e+03          annealing alpha
*
*            T = T_0 * exp( -run_num**3 / T_alpha )
*
**********************************************************************
*H run      Temp       E_ion        E_ss   cel vol       SigPF       ar     ortho        pCnt          % Rejected Changes
*H                                                                                                 trn      rot      lat      swp
*T   1  2.75e-01  -9.049e-01  +0.000e+00    102.69   4.828e-02    3.094     0.473   2.320e-01    36.23     0.00     6.56     0.00
*T   2  2.75e-01  -7.970e-01  +0.000e+00    169.48   8.069e-02    2.035     0.380   3.111e-01    55.00     0.00     7.54     0.00
*T   3  2.75e-01  -7.238e-01  +0.000e+00    663.53   5.807e-02    1.677     0.258   2.779e-01    45.33     0.00     6.56     0.00
*
**********************************************************************
*
*                 -- AUTOADJUST [3] OUT --
*
*     target: lo % = 60.000000      hi % = 65.000000
*     Autoadjust % =  6.557377
*     Autoadjust: Lowering the temperature 2.250e-01 [a.u.]
*
**********************************************************************
*
*                 -- Autoadjust Metropolis Run --
*
*   autoadjust_temp_init  =  5.0000e-02
*   autoadjust_temp_step  =  2.2500e-01
*        autoadjust_runs  =        1230         configs per temp
*       autoadjust_count  =           4
*
**********************************************************************
*
* Metropolis: 3 temperature runs with these parameters:
*
*              runs  =      1230              loops per T
*               T_0  = 5.000e-02             initial temp
*               T_L  = 4.995e-02               final temp
*           T_alpha  = 7.996e+03          annealing alpha
*
*            T = T_0 * exp( -run_num**3 / T_alpha )
*
**********************************************************************
*H run      Temp       E_ion        E_ss   cel vol       SigPF       ar     ortho        pCnt          % Rejected Changes
*H                                                                                                 trn      rot      lat      swp
*T   1  5.00e-02  -8.058e-01  +0.000e+00    222.17   6.181e-02    1.857     0.323   2.183e+00    93.17     0.00    28.13     0.00
*T   2  5.00e-02  -9.192e-01  +0.000e+00     86.85   6.534e-02    1.506     0.336   1.808e+00    82.03     0.00    23.74     0.00
*T   3  5.00e-02  -7.616e-01  +0.000e+00    375.95   9.915e-02    2.220     0.342   2.174e+00    90.89     0.00    27.56     0.00
*
**********************************************************************
*
*                 -- AUTOADJUST [4] OUT --
*
*     target: lo % = 60.000000      hi % = 65.000000
*     Autoadjust % = 27.560976
*     Autoadjust: special case: (T-Tstep) = -1.750e-01 [a.u.]
*     Autoadjust: special case: ===> drop temp step to: 1.013e-01 [a.u.]
*     Autoadjust: special case: (T-Tstep) = -5.125e-02 [a.u.]
*     Autoadjust: special case: ===> drop temp step to: 4.556e-02 [a.u.]
*     Autoadjust: Lowering the temperature 4.556e-02 [a.u.]
*
**********************************************************************
*
*                 -- Autoadjust Metropolis Run --
*
*   autoadjust_temp_init  =  4.4375e-03
*   autoadjust_temp_step  =  4.5563e-02
*        autoadjust_runs  =        1240         configs per temp
*       autoadjust_count  =           5
*
**********************************************************************
*
* Metropolis: 3 temperature runs with these parameters:
*
*              runs  =      1240              loops per T
*               T_0  = 4.438e-03             initial temp
*               T_L  = 4.433e-03               final temp
*           T_alpha  = 7.996e+03          annealing alpha
*
*            T = T_0 * exp( -run_num**3 / T_alpha )
*
**********************************************************************
*H run      Temp       E_ion        E_ss   cel vol       SigPF       ar     ortho        pCnt          % Rejected Changes
*H                                                                                                 trn      rot      lat      swp
*T   1  4.44e-03  -9.844e-01  +0.000e+00    166.56   9.516e-02    2.081     0.297   3.935e+01    99.76     0.00    85.97     0.00
*T   2  4.44e-03  -1.015e+00  +0.000e+00    123.22   1.212e-01    2.150     0.292   5.835e+00   100.00     0.00    79.11     0.00
*T   3  4.43e-03  -1.029e+00  +0.000e+00    121.21   1.196e-01    2.134     0.293   4.995e+00    99.84     0.00    77.18     0.00
*
**********************************************************************
*
*                 -- AUTOADJUST [5] OUT --
*
*     target: lo % = 60.000000      hi % = 65.000000
*     Autoadjust % = 77.177419
*     Autoadjust: overshot! drop temp step to: 2.050e-02 [a.u.]
*     Autoadjust: Raising the temperature 2.050e-02 [a.u.]
*
**********************************************************************
*
*                 -- Autoadjust Metropolis Run --
*
*   autoadjust_temp_init  =  2.4941e-02
*   autoadjust_temp_step  =  2.0503e-02
*        autoadjust_runs  =        1250         configs per temp
*       autoadjust_count  =           6
*
**********************************************************************
*
* Metropolis: 3 temperature runs with these parameters:
*
*              runs  =      1250              loops per T
*               T_0  = 2.494e-02             initial temp
*               T_L  = 2.492e-02               final temp
*           T_alpha  = 7.996e+03          annealing alpha
*
*            T = T_0 * exp( -run_num**3 / T_alpha )
*
**********************************************************************
*H run      Temp       E_ion        E_ss   cel vol       SigPF       ar     ortho        pCnt          % Rejected Changes
*H                                                                                                 trn      rot      lat      swp
*T   1  2.49e-02  -9.243e-01  +0.000e+00    126.52   1.017e-01    2.134     0.342   4.627e+00    92.24     0.00    42.96     0.00
*T   2  2.49e-02  -9.681e-01  +0.000e+00    141.34   1.112e-01    1.829     0.583   3.581e+00    95.12     0.00    46.16     0.00
*T   3  2.49e-02  -1.072e+00  +0.000e+00    164.13   9.626e-02    3.125     0.557   5.092e+00    99.76     0.00    44.72     0.00
*
**********************************************************************
*
*                 -- AUTOADJUST [6] OUT --
*
*     target: lo % = 60.000000      hi % = 65.000000
*     Autoadjust % = 44.720000
*     Autoadjust: overshot! drop temp step to: 9.226e-03 [a.u.]
*     Autoadjust: Lowering the temperature 9.226e-03 [a.u.]
*
**********************************************************************
*
*                 -- Autoadjust Metropolis Run --
*
*   autoadjust_temp_init  =  1.5714e-02
*   autoadjust_temp_step  =  9.2264e-03
*        autoadjust_runs  =        1260         configs per temp
*       autoadjust_count  =           7
*
**********************************************************************
*
* Metropolis: 3 temperature runs with these parameters:
*
*              runs  =      1260              loops per T
*               T_0  = 1.571e-02             initial temp
*               T_L  = 1.570e-02               final temp
*           T_alpha  = 7.996e+03          annealing alpha
*
*            T = T_0 * exp( -run_num**3 / T_alpha )
*
**********************************************************************
*H run      Temp       E_ion        E_ss   cel vol       SigPF       ar     ortho        pCnt          % Rejected Changes
*H                                                                                                 trn      rot      lat      swp
*T   1  1.57e-02  -1.058e+00  +0.000e+00    100.04   1.310e-01    1.666     0.466   5.291e+00    99.92     0.00    48.41     0.00
*T   2  1.57e-02  -1.028e+00  +0.000e+00    175.19   1.240e-01    2.003     0.624   3.616e+00    99.68     0.00    50.08     0.00
*T   3  1.57e-02  -1.077e+00  +0.000e+00    108.89   1.201e-01    1.541     0.608   2.854e+00    99.92     0.00    55.24     0.00
*
**********************************************************************
*
*                 -- AUTOADJUST [7] OUT --
*
*     target: lo % = 60.000000      hi % = 65.000000
*     Autoadjust % = 55.238095
*     Autoadjust: Lowering the temperature 9.226e-03 [a.u.]
*
**********************************************************************
*
*                 -- Autoadjust Metropolis Run --
*
*   autoadjust_temp_init  =  6.4878e-03
*   autoadjust_temp_step  =  9.2264e-03
*        autoadjust_runs  =        1270         configs per temp
*       autoadjust_count  =           8
*
**********************************************************************
*
* Metropolis: 3 temperature runs with these parameters:
*
*              runs  =      1270              loops per T
*               T_0  = 6.488e-03             initial temp
*               T_L  = 6.481e-03               final temp
*           T_alpha  = 7.996e+03          annealing alpha
*
*            T = T_0 * exp( -run_num**3 / T_alpha )
*
**********************************************************************
*H run      Temp       E_ion        E_ss   cel vol       SigPF       ar     ortho        pCnt          % Rejected Changes
*H                                                                                                 trn      rot      lat      swp
*T   1  6.49e-03  -1.184e+00  +0.000e+00     48.06   2.941e-01    1.357     0.409   5.597e+01    99.84     0.00    76.93     0.00
*T   2  6.49e-03  -1.205e+00  +0.000e+00     47.57   3.283e-01    1.426     0.459   2.036e+00   100.00     0.00    85.59     0.00
*T   3  6.48e-03  -1.191e+00  +0.000e+00     50.53   3.240e-01    1.556     0.494   3.778e+00   100.00     0.00    84.17     0.00
*
**********************************************************************
*
*                 -- AUTOADJUST [8] OUT --
*
*     target: lo % = 60.000000      hi % = 65.000000
*     Autoadjust % = 84.173228
*     Autoadjust: overshot! drop temp step to: 4.152e-03 [a.u.]
*     Autoadjust: Raising the temperature 4.152e-03 [a.u.]
*
**********************************************************************
*
*                 -- Autoadjust Metropolis Run --
*
*   autoadjust_temp_init  =  1.0640e-02
*   autoadjust_temp_step  =  4.1519e-03
*        autoadjust_runs  =        1280         configs per temp
*       autoadjust_count  =           9
*
**********************************************************************
*
* Metropolis: 3 temperature runs with these parameters:
*
*              runs  =      1280              loops per T
*               T_0  = 1.064e-02             initial temp
*               T_L  = 1.063e-02               final temp
*           T_alpha  = 7.996e+03          annealing alpha
*
*            T = T_0 * exp( -run_num**3 / T_alpha )
*
**********************************************************************
*H run      Temp       E_ion        E_ss   cel vol       SigPF       ar     ortho        pCnt          % Rejected Changes
*H                                                                                                 trn      rot      lat      swp
*T   1  1.06e-02  -1.193e+00  +0.000e+00     46.06   3.084e-01    1.601     0.585   8.024e+00   100.00     0.00    78.91     0.00
*T   2  1.06e-02  -1.189e+00  +0.000e+00     46.18   3.175e-01    1.649     0.551   3.209e+00   100.00     0.00    75.31     0.00
*T   3  1.06e-02  -1.146e+00  +0.000e+00     47.15   3.276e-01    1.702     0.618   5.163e+00   100.00     0.00    78.52     0.00
*
**********************************************************************
*
*                 -- AUTOADJUST [9] OUT --
*
*     target: lo % = 60.000000      hi % = 65.000000
*     Autoadjust % = 78.515625
*     Autoadjust: Raising the temperature 4.152e-03 [a.u.]
*
**********************************************************************
*
*                 -- Autoadjust Metropolis Run --
*
*   autoadjust_temp_init  =  1.4792e-02
*   autoadjust_temp_step  =  4.1519e-03
*        autoadjust_runs  =        1290         configs per temp
*       autoadjust_count  =          10
*
**********************************************************************
*
* Metropolis: 3 temperature runs with these parameters:
*
*              runs  =      1290              loops per T
*               T_0  = 1.479e-02             initial temp
*               T_L  = 1.478e-02               final temp
*           T_alpha  = 7.996e+03          annealing alpha
*
*            T = T_0 * exp( -run_num**3 / T_alpha )
*
**********************************************************************
*H run      Temp       E_ion        E_ss   cel vol       SigPF       ar     ortho        pCnt          % Rejected Changes
*H                                                                                                 trn      rot      lat      swp
*T   1  1.48e-02  -1.182e+00  +0.000e+00     47.86   3.039e-01    1.604     0.548   6.824e+00    99.84     0.00    70.85     0.00
*T   2  1.48e-02  -1.132e+00  +0.000e+00     53.48   2.971e-01    1.597     0.510   3.172e+00   100.00     0.00    65.89     0.00
*T   3  1.48e-02  -1.145e+00  +0.000e+00     54.89   2.899e-01    1.454     0.589   2.707e+00   100.00     0.00    67.36     0.00
*
**********************************************************************
*
*                 -- AUTOADJUST [10] OUT --
*
*     target: lo % = 60.000000      hi % = 65.000000
*     Autoadjust % = 67.364341
*     Autoadjust: Raising the temperature 4.152e-03 [a.u.]
*
**********************************************************************
*
*                 -- Autoadjust Metropolis Run --
*
*   autoadjust_temp_init  =  1.8943e-02
*   autoadjust_temp_step  =  4.1519e-03
*        autoadjust_runs  =        1300         configs per temp
*       autoadjust_count  =          11
*
**********************************************************************
*
* Metropolis: 3 temperature runs with these parameters:
*
*              runs  =      1300              loops per T
*               T_0  = 1.894e-02             initial temp
*               T_L  = 1.892e-02               final temp
*           T_alpha  = 7.996e+03          annealing alpha
*
*            T = T_0 * exp( -run_num**3 / T_alpha )
*
**********************************************************************
*H run      Temp       E_ion        E_ss   cel vol       SigPF       ar     ortho        pCnt          % Rejected Changes
*H                                                                                                 trn      rot      lat      swp
*T   1  1.89e-02  -1.139e+00  +0.000e+00     55.29   2.137e-01    1.089     0.909   2.858e+00    98.85     0.00    57.38     0.00
*T   2  1.89e-02  -1.166e+00  +0.000e+00     54.68   2.273e-01    1.137     0.871   4.529e+00   100.00     0.00    57.85     0.00
*T   3  1.89e-02  -1.096e+00  +0.000e+00     63.14   2.069e-01    1.051     0.889   7.722e+00    97.54     0.00    54.23     0.00
*
**********************************************************************
*
*                 -- AUTOADJUST [11] OUT --
*
*     target: lo % = 60.000000      hi % = 65.000000
*     Autoadjust % = 54.230769
*     Autoadjust: overshot! drop temp step to: 1.868e-03 [a.u.]
*     Autoadjust: Lowering the temperature 1.868e-03 [a.u.]
*
**********************************************************************
*
*                 -- Autoadjust Metropolis Run --
*
*   autoadjust_temp_init  =  1.7075e-02
*   autoadjust_temp_step  =  1.8683e-03
*        autoadjust_runs  =        1310         configs per temp
*       autoadjust_count  =          12
*
**********************************************************************
*
* Metropolis: 3 temperature runs with these parameters:
*
*              runs  =      1310              loops per T
*               T_0  = 1.708e-02             initial temp
*               T_L  = 1.706e-02               final temp
*           T_alpha  = 7.996e+03          annealing alpha
*
*            T = T_0 * exp( -run_num**3 / T_alpha )
*
**********************************************************************
*H run      Temp       E_ion        E_ss   cel vol       SigPF       ar     ortho        pCnt          % Rejected Changes
*H                                                                                                 trn      rot      lat      swp
*T   1  1.71e-02  -1.098e+00  +0.000e+00     61.98   2.174e-01    1.211     0.854   3.385e+00    98.85     0.00    59.24     0.00
*T   2  1.71e-02  -1.074e+00  +0.000e+00     72.47   1.998e-01    1.403     0.661   2.468e+00    99.16     0.00    62.37     0.00
*T   3  1.71e-02  -1.079e+00  +0.000e+00     61.54   1.846e-01    1.313     0.900   7.847e+00    98.63     0.00    60.23     0.00
*
**********************************************************************
*
*                 -- AUTOADJUST [12] OUT --
*
*     target: lo % = 60.000000      hi % = 65.000000
*     Autoadjust % = 60.229008
*     Autoadjust: temp = 1.708e-02  is good!  Exiting autoadjust.
*
**********************************************************************
*
* ------------------------------------------------------------
*              Autoadjust low temperatrure:
* ------------------------------------------------------------
*              Autoadjusting on 3 (1=trn,2=rot,3=lat,4=swp)
*
**********************************************************************
*
*                 -- Autoadjust Metropolis Run --
*
*   autoadjust_temp_init  =  2.0000e-02
*   autoadjust_temp_step  =  5.0000e-01
*        autoadjust_runs  =        1200         configs per temp
*       autoadjust_count  =           1
*
**********************************************************************
*
* Metropolis: 3 temperature runs with these parameters:
*
*              runs  =      1200              loops per T
*               T_0  = 2.000e-02             initial temp
*               T_L  = 2.000e-02               final temp
*           T_alpha  = 1.600e+08          annealing alpha
*
*            T = T_0 * exp( -run_num**3 / T_alpha )
*
**********************************************************************
*H run      Temp       E_ion        E_ss   cel vol       SigPF       ar     ortho        pCnt          % Rejected Changes
*H                                                                                                 trn      rot      lat      swp
*T   1  2.00e-02  -1.051e+00  +0.000e+00     79.34   2.205e-01    1.102     0.848   4.159e+00    99.25     0.00    55.58     0.00
*T   2  2.00e-02  -1.091e+00  +0.000e+00     62.61   2.142e-01    1.054     0.936   4.168e+00    99.33     0.00    52.67     0.00
*T   3  2.00e-02  -1.112e+00  +0.000e+00     59.83   2.063e-01    1.063     0.895   8.111e+00    98.00     0.00    57.08     0.00
*
**********************************************************************
*
*                 -- AUTOADJUST [1] OUT --
*
*     target: lo % = 95.000000      hi % = 99.900000
*     Autoadjust % = 57.083333
*     Autoadjust: special case: (T-Tstep) = -4.800e-01 [a.u.]
*     Autoadjust: special case: ===> drop temp step to: 2.250e-01 [a.u.]
*     Autoadjust: special case: (T-Tstep) = -2.050e-01 [a.u.]
*     Autoadjust: special case: ===> drop temp step to: 1.013e-01 [a.u.]
*     Autoadjust: special case: (T-Tstep) = -8.125e-02 [a.u.]
*     Autoadjust: special case: ===> drop temp step to: 4.556e-02 [a.u.]
*     Autoadjust: special case: (T-Tstep) = -2.556e-02 [a.u.]
*     Autoadjust: special case: ===> drop temp step to: 2.050e-02 [a.u.]
*     Autoadjust: special case: (T-Tstep) = -5.031e-04 [a.u.]
*     Autoadjust: special case: ===> drop temp step to: 9.226e-03 [a.u.]
*     Autoadjust: Lowering the temperature 9.226e-03 [a.u.]
*
**********************************************************************
*
*                 -- Autoadjust Metropolis Run --
*
*   autoadjust_temp_init  =  1.0774e-02
*   autoadjust_temp_step  =  9.2264e-03
*        autoadjust_runs  =        1210         configs per temp
*       autoadjust_count  =           2
*
**********************************************************************
*
* Metropolis: 3 temperature runs with these parameters:
*
*              runs  =      1210              loops per T
*               T_0  = 1.077e-02             initial temp
*               T_L  = 1.076e-02               final temp
*           T_alpha  = 7.996e+03          annealing alpha
*
*            T = T_0 * exp( -run_num**3 / T_alpha )
*
**********************************************************************
*H run      Temp       E_ion        E_ss   cel vol       SigPF       ar     ortho        pCnt          % Rejected Changes
*H                                                                                                 trn      rot      lat      swp
*T   1  1.08e-02  -1.159e+00  +0.000e+00     51.37   2.999e-01    1.037     0.873   6.293e+00    99.92     0.00    76.03     0.00
*T   2  1.08e-02  -1.143e+00  +0.000e+00     53.38   2.965e-01    1.119     0.854   1.901e+00   100.00     0.00    75.21     0.00
*T   3  1.08e-02  -1.161e+00  +0.000e+00     51.68   3.098e-01    1.086     0.837   3.161e+00    99.83     0.00    73.88     0.00
*
**********************************************************************
*
*                 -- AUTOADJUST [2] OUT --
*
*     target: lo % = 95.000000      hi % = 99.900000
*     Autoadjust % = 73.884298
*     Autoadjust: Lowering the temperature 9.226e-03 [a.u.]
*
**********************************************************************
*
*                 -- Autoadjust Metropolis Run --
*
*   autoadjust_temp_init  =  1.5472e-03
*   autoadjust_temp_step  =  9.2264e-03
*        autoadjust_runs  =        1220         configs per temp
*       autoadjust_count  =           3
*
**********************************************************************
*
* Metropolis: 3 temperature runs with these parameters:
*
*              runs  =      1220              loops per T
*               T_0  = 1.547e-03             initial temp
*               T_L  = 1.546e-03               final temp
*           T_alpha  = 7.996e+03          annealing alpha
*
*            T = T_0 * exp( -run_num**3 / T_alpha )
*
**********************************************************************
*H run      Temp       E_ion        E_ss   cel vol       SigPF       ar     ortho        pCnt          % Rejected Changes
*H                                                                                                 trn      rot      lat      swp
*T   1  1.55e-03  -1.171e+00  +0.000e+00     50.58   3.368e-01    1.101     0.835   3.179e+02   100.00     0.00    95.74     0.00
*T   2  1.55e-03  -1.176e+00  +0.000e+00     50.25   3.331e-01    1.076     0.839   6.056e+00   100.00     0.00    94.84     0.00
*T   3  1.55e-03  -1.175e+00  +0.000e+00     50.28   3.396e-01    1.096     0.842   1.187e+00   100.00     0.00    96.64     0.00
*
**********************************************************************
*
*                 -- AUTOADJUST [3] OUT --
*
*     target: lo % = 95.000000      hi % = 99.900000
*     Autoadjust % = 96.639344
*     Autoadjust: temp = 1.547e-03  is good!  Exiting autoadjust.
*
**********************************************************************
*
*
*          -- Initializing cell contents --
*
*
*
**********************************************************************
*
*            -- Starting Metropolis calculation --
*
*              temp_init  = 1.708e-02
*
**********************************************************************
*
* Metropolis: 15 temperature runs with these parameters:
*
*              runs  =      2400              loops per T
*               T_0  = 1.708e-02             initial temp
*               T_L  = 1.547e-03               final temp
*           T_alpha  = 1.143e+03          annealing alpha
*
*            T = T_0 * exp( -run_num**3 / T_alpha )
*
**********************************************************************
*H run      Temp       E_ion        E_ss   cel vol       SigPF       ar     ortho        pCnt          % Rejected Changes
*H                                                                                                 trn      rot      lat      swp
*M   1  1.71e-02  -1.045e+00  +0.000e+00     64.95   2.350e-01    1.180     0.939   4.469e+01    98.25     0.00    55.71     0.00
*M   2  1.71e-02  -1.140e+00  +0.000e+00     52.09   2.379e-01    1.285     0.765   3.146e+00    99.25     0.00    61.79     0.00
*M   3  1.70e-02  -1.076e+00  +0.000e+00     60.25   2.351e-01    1.170     0.966   5.226e+00    99.50     0.00    58.75     0.00
*M   4  1.67e-02  -1.151e+00  +0.000e+00     46.87   2.531e-01    1.299     0.743   2.983e+00    99.25     0.00    62.08     0.00
*M   5  1.61e-02  -1.114e+00  +0.000e+00     67.08   2.352e-01    1.205     0.701   3.489e+00    99.67     0.00    60.50     0.00
*M   6  1.53e-02  -1.074e+00  +0.000e+00     59.41   2.278e-01    1.619     0.477   4.815e+00    99.08     0.00    61.54     0.00
*M   7  1.41e-02  -1.032e+00  +0.000e+00     87.17   2.787e-01    1.964     0.517   5.780e+00    99.38     0.00    64.17     0.00
*M   8  1.26e-02  -1.098e+00  +0.000e+00     56.05   2.150e-01    2.228     0.478   5.090e+00    99.25     0.00    72.29     0.00
*M   9  1.09e-02  -1.075e+00  +0.000e+00     64.50   2.579e-01    2.342     0.509   4.909e+00    99.71     0.00    73.92     0.00
*M  10  9.02e-03  -1.175e+00  +0.000e+00     46.81   2.827e-01    2.060     0.487   1.018e+01    99.88     0.00    78.08     0.00
*M  11  7.12e-03  -1.167e+00  +0.000e+00     51.47   3.200e-01    1.913     0.456   3.313e+00    99.96     0.00    80.42     0.00
*M  12  5.33e-03  -1.201e+00  +0.000e+00     47.99   3.259e-01    1.751     0.439   4.846e+00    99.96     0.00    87.71     0.00
*M  13  3.76e-03  -1.197e+00  +0.000e+00     47.69   3.417e-01    1.838     0.465   4.959e+00   100.00     0.00    90.67     0.00
*M  14  2.50e-03  -1.195e+00  +0.000e+00     48.10   3.460e-01    1.853     0.466   5.216e+00   100.00     0.00    94.17     0.00
*M  15  1.55e-03  -1.197e+00  +0.000e+00     47.65   3.563e-01    1.869     0.471   3.929e+00   100.00     0.00    95.42     0.00
*
**********************************************************************
*
*
*          - Parameters at Post Ewald-Metro -
*
* Lattice parameters:
*
*             lat a  =    3.7175
*             lat b  =    3.9145
*             lat c  =    6.9475
*             alpha  =  103.6843
*             beta   =   32.2344
*             gamma  =  114.5570
*          cell vol  =   47.6507
*          cv/ortho  =    0.4713
*
* Energies:
*               ecc  = -1.1967e+00
*               eng  =  0.0000e+00
*
*
* Geometry:
*
*      packing frac  =    0.5466
*      aspect ratio  =    1.8689
*
* (dE/dV):
*                Px  =  4.2329e-03                    x-dir
*                Py  =  8.6585e-03                    y-dir
*                Pz  =  1.2222e-02                    z-dir
*
* Distances (PBC only):
*                                 min           hard           diff
*           ca1_ca1  =   1.000000e+06   2.320000e+00   9.999977e+05
*           ca1_ca2  =   1.000000e+06   1.160000e+00   9.999988e+05
*           ca1_ac1  =   5.919859e+00   2.830000e+00   3.089859e+00
*           ca1_av1  =   1.000000e+06  -1.000000e+00   1.000001e+06
*           ca1_ac2  =   1.000000e+06  -1.000000e+00   1.000001e+06
*           ca1_av2  =   1.000000e+06  -1.000000e+00   1.000001e+06
*           ca2_ca2  =   1.000000e+06   0.000000e+00   1.000000e+06
*           ca2_ac1  =   1.000000e+06   1.670000e+00   9.999983e+05
*           ca2_av1  =   1.000000e+06  -1.000000e+00   1.000001e+06
*           ca2_ac2  =   1.000000e+06  -1.000000e+00   1.000001e+06
*           ca2_av2  =   1.000000e+06  -1.000000e+00   1.000001e+06
*           ac1_ac1  =   1.000000e+06   3.340000e+00   9.999967e+05
*           ac1_av1  =   1.000000e+06  -1.000000e+00   1.000001e+06
*           ac1_ac2  =   1.000000e+06  -1.000000e+00   1.000001e+06
*           ac1_av2  =   1.000000e+06  -1.000000e+00   1.000001e+06
*           av1_av1  =   1.000000e+06  -1.000000e+00   1.000001e+06
*           av1_av2  =   1.000000e+06  -1.000000e+00   1.000001e+06
*           av2_av2  =   1.000000e+06  -1.000000e+00   1.000001e+06
*
*
*
**********************************************************************
*
*         - Comparing with 'best' structure -
*
****************************************************************
*
*          best ecc  = -1.2114e+00
*          best eng  =  0.0000e+00
*           ecc+eng  = -1.2114e+00
*          best vol  =  4.7626e+01
*           best pf  =  5.4692e-01
*
*     post_runs ecc  = -1.1967e+00
*     post_runs eng  =  0.0000e+00
*           ecc+eng  = -1.1967e+00
*     post_runs vol  =  4.7651e+01
*      post_runs pf  =  5.4663e-01
*
*       dV / V_runs  =  5.1826e-04
*
*          ecc_diff  = -1.4730e-02
*          eng_diff  =  0.0000e+00
*
*
****************************************************************
*
*  mag_ecc_diff > mag_eng_diff AND within BEST_VOL AND
* 'best' has lower energy than post runs! --> swapping.
*
****************************************************************
*
*
*          - Parameters at Post 'best-swap' -
*
* Lattice parameters:
*
*             lat a  =    3.9005
*             lat b  =    5.8196
*             lat c  =    4.1915
*             alpha  =   42.6908
*             beta   =  118.5642
*             gamma  =   91.6537
*          cell vol  =   47.6260
*          cv/ortho  =    0.5006
*
* Energies:
*               ecc  = -1.2114e+00
*               eng  =  0.0000e+00
*
*
* Geometry:
*
*      packing frac  =    0.5469
*      aspect ratio  =    1.4920
*
* (dE/dV):
*                Px  =  6.9510e-03                    x-dir
*                Py  =  6.4208e-03                    y-dir
*                Pz  =  1.2064e-02                    z-dir
*
* Distances (PBC only):
*                                 min           hard           diff
*           ca1_ca1  =   1.000000e+06   2.320000e+00   9.999977e+05
*           ca1_ca2  =   1.000000e+06   1.160000e+00   9.999988e+05
*           ca1_ac1  =   2.835885e+00   2.830000e+00   5.885498e-03
*           ca1_av1  =   1.000000e+06  -1.000000e+00   1.000001e+06
*           ca1_ac2  =   1.000000e+06  -1.000000e+00   1.000001e+06
*           ca1_av2  =   1.000000e+06  -1.000000e+00   1.000001e+06
*           ca2_ca2  =   1.000000e+06   0.000000e+00   1.000000e+06
*           ca2_ac1  =   1.000000e+06   1.670000e+00   9.999983e+05
*           ca2_av1  =   1.000000e+06  -1.000000e+00   1.000001e+06
*           ca2_ac2  =   1.000000e+06  -1.000000e+00   1.000001e+06
*           ca2_av2  =   1.000000e+06  -1.000000e+00   1.000001e+06
*           ac1_ac1  =   1.000000e+06   3.340000e+00   9.999967e+05
*           ac1_av1  =   1.000000e+06  -1.000000e+00   1.000001e+06
*           ac1_ac2  =   1.000000e+06  -1.000000e+00   1.000001e+06
*           ac1_av2  =   1.000000e+06  -1.000000e+00   1.000001e+06
*           av1_av1  =   1.000000e+06  -1.000000e+00   1.000001e+06
*           av1_av2  =   1.000000e+06  -1.000000e+00   1.000001e+06
*           av2_av2  =   1.000000e+06  -1.000000e+00   1.000001e+06
*
*
*
**********************************************************************
*
*         - Final Simplex relaxation with restarts -
*
**********************************************************************
*
*
****************************************************************
*
*
*        - Simplex Minimiziation Routine -
*
*
* Note: No aspect ratio constraint.
*
*
*            n_simp  =        15                   D.O.F.
*         simp_nmax  =      4500                max moves
*       simp_errlim  =  1.00e-08
*
*
*         - Initializing simplex arrays -
*
*
*      nfunk           rtol        pf        ar     ortho             e_ion              e_ss             e_tot
*X        11     5.6571e-03   0.54692   1.49202   0.50057    -1.2114371e+00     0.0000000e+00    -1.2114371e+00
*X      2000     2.1076e-05   0.56794   1.44845   0.49664    -1.2240880e+00     0.0000000e+00    -1.2240880e+00
*
*         simp_runs  =      2272               simp moves
*              rtol  =  9.94e-09               final rtol
*
* Simplex restart no. 1 of 10
*
*         - Initializing simplex arrays -
*
*
*      nfunk           rtol        pf        ar     ortho             e_ion              e_ss             e_tot
*X        11     1.4949e+00   0.56714   1.47400   0.51204    -1.2249820e+00     0.0000000e+00    -1.2249820e+00
*X      2000     2.1934e-06   0.57531   1.45522   0.49837    -1.2320025e+00     0.0000000e+00    -1.2320025e+00
*
*         simp_runs  =      3093               simp moves
*              rtol  =  9.80e-09               final rtol
*
* Simplex restart no. 2 of 10
*
*         - Initializing simplex arrays -
*
*
*      nfunk           rtol        pf        ar     ortho             e_ion              e_ss             e_tot
*X        11     1.4451e+00   0.57539   1.45031   0.49474    -1.2322975e+00     0.0000000e+00    -1.2322975e+00
*X      2000     1.1406e-07   0.57652   1.44816   0.49507    -1.2329130e+00     0.0000000e+00    -1.2329130e+00
*
*         simp_runs  =      3705               simp moves
*              rtol  =  9.98e-09               final rtol
*
* Simplex restart no. 3 of 10
*
*         - Initializing simplex arrays -
*
*
*      nfunk           rtol        pf        ar     ortho             e_ion              e_ss             e_tot
*X        12     1.4809e+00   0.57654   1.44827   0.49509    -1.2329274e+00     0.0000000e+00    -1.2329274e+00
*
*         simp_runs  =       944               simp moves
*              rtol  =  9.78e-09               final rtol
*
* Simplex restart no. 4 of 10
*
*         - Initializing simplex arrays -
*
*
*      nfunk           rtol        pf        ar     ortho             e_ion              e_ss             e_tot
*X        12     1.4810e+00   0.57655   1.44806   0.49501    -1.2329411e+00     0.0000000e+00    -1.2329411e+00
*
*         simp_runs  =       937               simp moves
*              rtol  =  8.79e-09               final rtol
*
* Simplex restart no. 5 of 10
*
*         - Initializing simplex arrays -
*
*
*      nfunk           rtol        pf        ar     ortho             e_ion              e_ss             e_tot
*X        12     1.4811e+00   0.57655   1.44804   0.49501    -1.2329432e+00     0.0000000e+00    -1.2329432e+00
*
*         simp_runs  =       903               simp moves
*              rtol  =  9.80e-09               final rtol
*
* Simplex restart no. 6 of 10
*
*         - Initializing simplex arrays -
*
*
*      nfunk           rtol        pf        ar     ortho             e_ion              e_ss             e_tot
*X        12     1.4811e+00   0.57655   1.44804   0.49501    -1.2329432e+00     0.0000000e+00    -1.2329432e+00
*
*         simp_runs  =       897               simp moves
*              rtol  =  9.41e-09               final rtol
*
* Simplex restart no. 7 of 10
*
*         - Initializing simplex arrays -
*
*
*      nfunk           rtol        pf        ar     ortho             e_ion              e_ss             e_tot
*X        12     1.4811e+00   0.57655   1.44804   0.49501    -1.2329432e+00     0.0000000e+00    -1.2329432e+00
*
*         simp_runs  =       866               simp moves
*              rtol  =  9.80e-09               final rtol
*
* Simplex restart no. 8 of 10
*
*         - Initializing simplex arrays -
*
*
*      nfunk           rtol        pf        ar     ortho             e_ion              e_ss             e_tot
*X        12     1.4811e+00   0.57655   1.44804   0.49501    -1.2329432e+00     0.0000000e+00    -1.2329432e+00
*
*         simp_runs  =       886               simp moves
*              rtol  =  9.97e-09               final rtol
*
* Simplex restart no. 9 of 10
*
*         - Initializing simplex arrays -
*
*
*      nfunk           rtol        pf        ar     ortho             e_ion              e_ss             e_tot
*X        12     1.4811e+00   0.57655   1.44804   0.49501    -1.2329432e+00     0.0000000e+00    -1.2329432e+00
*
*         simp_runs  =       921               simp moves
*              rtol  =  8.68e-09               final rtol
*
* Simplex restart no. 10 of 10
*
*         - Initializing simplex arrays -
*
*
*      nfunk           rtol        pf        ar     ortho             e_ion              e_ss             e_tot
*X        12     1.4811e+00   0.57655   1.44804   0.49501    -1.2329432e+00     0.0000000e+00    -1.2329432e+00
*
*         simp_runs  =       893               simp moves
*              rtol  =  9.86e-09               final rtol
*
****************************************************************
*
*          - Parameters at Post Simplex -
*
* Lattice parameters:
*
*             lat a  =    3.9087
*             lat b  =    5.6600
*             lat c  =    4.1253
*             alpha  =   43.2218
*             beta   =  119.0402
*             gamma  =   90.9699
*          cell vol  =   45.1780
*          cv/ortho  =    0.4950
*
* Energies:
*               ecc  = -1.2329e+00
*               eng  =  0.0000e+00
*
*
* Geometry:
*
*      packing frac  =    0.5766
*      aspect ratio  =    1.4480
*
* (dE/dV):
*                Px  =  8.1168e-03                    x-dir
*                Py  =  1.0000e+04                    y-dir
*                Pz  =  1.2247e-02                    z-dir
*
* Distances (PBC only):
*                                 min           hard           diff
*           ca1_ca1  =   1.000000e+06   2.320000e+00   9.999977e+05
*           ca1_ca2  =   1.000000e+06   1.160000e+00   9.999988e+05
*           ca1_ac1  =   2.830000e+00   2.830000e+00   1.069841e-08
*           ca1_av1  =   1.000000e+06  -1.000000e+00   1.000001e+06
*           ca1_ac2  =   1.000000e+06  -1.000000e+00   1.000001e+06
*           ca1_av2  =   1.000000e+06  -1.000000e+00   1.000001e+06
*           ca2_ca2  =   1.000000e+06   0.000000e+00   1.000000e+06
*           ca2_ac1  =   1.000000e+06   1.670000e+00   9.999983e+05
*           ca2_av1  =   1.000000e+06  -1.000000e+00   1.000001e+06
*           ca2_ac2  =   1.000000e+06  -1.000000e+00   1.000001e+06
*           ca2_av2  =   1.000000e+06  -1.000000e+00   1.000001e+06
*           ac1_ac1  =   1.000000e+06   3.340000e+00   9.999967e+05
*           ac1_av1  =   1.000000e+06  -1.000000e+00   1.000001e+06
*           ac1_ac2  =   1.000000e+06  -1.000000e+00   1.000001e+06
*           ac1_av2  =   1.000000e+06  -1.000000e+00   1.000001e+06
*           av1_av1  =   1.000000e+06  -1.000000e+00   1.000001e+06
*           av1_av2  =   1.000000e+06  -1.000000e+00   1.000001e+06
*           av2_av2  =   1.000000e+06  -1.000000e+00   1.000001e+06
*
*
***********************************************************
*        - Process and timing information -
*
* user time:   0 h 00 m 12.569442 s
* syst time:   0 h 00 m 00.010000 s
* signals: 0
* voluntary context switches: 8
* involuntary context switches: 16
*
***********************************************************
*SS symsearch output
*SS ( use:  | awk '($1=="*S"){print $0}' | sed 's/*S //' > temp.out )
*S Title
*S 1                 search type
*S 5.0 0.00001       displacement rms max min
*S 0.1 0.00001       strain rms max min
*S 1                 lattice input type
*S      3.90872     0.00000     0.00000
*S     -0.09580     5.65919     0.00000
*S     -2.00253     2.97269     2.04238
*S 1 0 0
*S 0 1 0
*S 0 0 1
*S 2                 number of atoms
*S 11 0
*S      0.11314     0.28735     0.56721
*S      0.11306     0.78750     0.56692
*FF findsym output
*FF ( use:  | awk '($1=="*F"){print $0}' | sed 's/*F //' > temp.out )
*F Title
*F 0.001       displacement rms max min
*F 1                 lattice input type
*F      3.90872     0.00000     0.00000
*F     -0.09580     5.65919     0.00000
*F     -2.00253     2.97269     2.04238
*F 1               basis vector in type
*F 1 0 0
*F 0 1 0
*F 0 0 1
*F 2                 number of atoms
*F 11 0
*F      0.11314     0.28735     0.56721
*F      0.11306     0.78750     0.56692
*DD powder output
*DD (use: | awk '($1=="*D"){print $0}' | sed 's/*D //' > temp.out )
*D 2
*D      3.90872     5.66000     4.12533
*D     43.22180   119.04016    90.96985
*D      0.11314     0.28735     0.56721        11
*D      0.11306     0.78750     0.56692         0
*PP poscar output
*PP (use: | awk '($1=="*P"){print $0}' | sed 's/*P //' > temp.out )
*P Z: 11 17 
*P 1.0 
*P      3.90872452     0.00000000     0.00000000
*P     -0.09580295     5.65918905     0.00000000
*P     -2.00252778     2.97269120     2.04238333
*P 1 1 0 
*P Direct
*P       0.113135106234      0.287347658129      0.567213331247
*P       0.113056613941      0.787502071406      0.566920880442
*QQ poscar output
*QQ (use: | awk '($1=="*Q"){print $0}' | sed 's/*Q //' > temp.out )
*Q +1.000000000000 -1.000000000000 
*Q 1.0 
*Q      3.90872452     0.00000000     0.00000000
*Q     -0.09580295     5.65918905     0.00000000
*Q     -2.00252778     2.97269120     2.04238333
*Q 1 1 0 
*Q Direct
*Q       0.113135106234      0.287347658129      0.567213331247
*Q       0.113056613941      0.787502071406      0.566920880442
*RR restart output
*RR (use: | awk '($1=="*R"){print $0}' | sed 's/*R //' > temp.out )
*R     3.908724523420    5.659999906846    4.125329098903
*R     0.754362735692    2.077642744420    1.587723451279
*R      1
*R      1     1
*R   -1.000000000000000   0.000000000000000
*R     0.000000000000    1.670000000000    0.000000000000    17     0
*R      1
*R      1   1.000000000000000
*R     1.160000000000    11
*R     0.113135106234    0.287347658129    0.567213331247
*R     0.113056613941    0.787502071406    0.566920880442
* XBS output
* CATION:
atom C    -0.721175242    3.312304801    1.158467055
spec C     1.160000000    1.000000000    0.000000000    0.000000000
* ANION:
atom A    -0.768812673    6.141903815    1.157869758
spec A     1.670000000    0.000000000    0.000000000    1.000000000
spec V     0.000000000    0.000000000    1.000000000    0.000000000
bonds A V  0.000000000    0.000000000    0.010000000    Black
* CELL PARAMETERS AND BORDER
atom 0    0.00000   0.00000   0.00000
atom 1    3.90872   0.00000   0.00000
atom 2    3.81292   5.65919   0.00000
atom 3   -0.09580   5.65919   0.00000
atom 4   -2.00253   2.97269   2.04238
atom 5    1.90620   2.97269   2.04238
atom 6    1.81039   8.63188   2.04238
atom 7   -2.09833   8.63188   2.04238
spec 0     0.050000000    0.000000000    0.000000000    0.000000000
spec 1     0.050000000    0.000000000    0.000000000    0.000000000
spec 2     0.050000000    0.000000000    0.000000000    0.000000000
spec 3     0.050000000    0.000000000    0.000000000    0.000000000
spec 4     0.050000000    0.000000000    0.000000000    0.000000000
spec 5     0.050000000    0.000000000    0.000000000    0.000000000
spec 6     0.050000000    0.000000000    0.000000000    0.000000000
spec 7     0.050000000    0.000000000    0.000000000    0.000000000
bonds 0 1  3.904815799    3.912633248    0.010000000    Black
bonds 3 2  3.904815799    3.912633248    0.010000000    Black
bonds 4 5  3.904815799    3.912633248    0.010000000    Black
bonds 6 7  3.904815799    3.912633248    0.010000000    Black
bonds 1 2  5.654339907    5.665659907    0.010000000    Black
bonds 0 3  5.654339907    5.665659907    0.010000000    Black
bonds 5 6  5.654339907    5.665659907    0.010000000    Black
bonds 4 7  5.654339907    5.665659907    0.010000000    Black
bonds 0 4  4.121203770    4.129454428    0.010000000    Black
bonds 1 5  4.121203770    4.129454428    0.010000000    Black
bonds 2 6  4.121203770    4.129454428    0.010000000    Black
bonds 3 7  4.121203770    4.129454428    0.010000000    Black
inc 5.000000
dup    3.90872   0.00000   0.00000
dup   -0.09580   5.65919   0.00000
dup   -2.00253   2.97269   2.04238
