*************************************************
*	pack	(version 4.12.0.5)
*	Eric Majzoub
*	Sandia National Laboratories
*************************************************
*  Source file: main.c
*  Compile date: Dec 27 2012
*  Compile time: 17:19:04
*  commandline = /projects/e20438/bin/pack-4.12.0.5/pack_exe -f ../../NaCl_pegs.in -P -R -r 400 -t 10 -g 20184 
*  input file = ../../NaCl_pegs.in
**********************************************************************
**********************************************************************
**********************************************************************
* 
*       - General run comments -
* 
* WARN: no Rotations in Metropolis (-R flag).
* WARN: all anionic charge on center atom (-P flag).
*
**********************************************************************
*           - Input parameters -
*
*           restart  =         0         1 = restart calc
*        autoadjust  =         1   automatically set temp
*          aa_using  =         1        1=rej pct, 2=pCnt
*         basin hop  =         0           number of hops
*     non_per_ewald  =         0          1=nanopart calc
*
*             lat a  =   10.0000
*             lat b  =   10.0000
*             lat c  =   10.0000
*             alpha  =    1.5708
*             beta   =    1.5708
*             gamma  =    1.5708
*          cell vol  = 1000.0000
*      sqsh vol pct  =    0.2000
* 
*          cell_min  =    1.6700              min lat vec
*          cell_max  =  167.0000              max lat vec
* 
*         n_type_an  =         1          num type anions
*            num_an  =         1           tot num anions
* 
*          num_an_1  =         1        num anions type 1
*        num_vert_1  =         1     1=sph 2=dim 5=tet...
*       an_chrg_c_1  =   -1.0000      anion center charge
*       an_chrg_v_1  =    0.0000      anion vertex charge
*     tot_an_chrg_1  =   -1.0000       total anion charge
*           Rcent_1  =    1.6700         anion center rad
*           Rvert_1  =    0.0000         anion vertex rad
*             cvd_1  =    0.0000        cent to vert dist
*           Zcent_1  =        17           anion center Z
*           Zvert_1  =         0           anion vertex Z
* 
*          num_an_2  =         0        num anions type 2
*        num_vert_2  =         0     1=sph 2=dim 5=tet...
*       an_chrg_c_2  =    0.0000      anion center charge
*       an_chrg_v_2  =    0.0000      anion vertex charge
*     tot_an_chrg_2  =    0.0000       total anion charge
*           Rcent_2  =    0.0000         anion center rad
*           Rvert_2  =    0.0000         anion vertex rad
*             cvd_2  =    0.0000        cent to vert dist
*           Zcent_2  =         0           anion center Z
*           Zvert_2  =         0           anion vertex Z
* 
*         n_type_ca  =         1            num type cats
*            num_ca  =         1          tot num cations
* 
*          num_ca_1  =         1        num cations typ 1
*         ca_chrg_1  =    1.0000        cation chrg typ 1
*            Rcat_1  =    1.1600         cation rad typ 1
*            Zcat_1  =        11           cation Z typ 1
* 
*            C2VTOL  =  1.00e-08            c2v tolerance
*            ERRLIM  =  1.00e-06
*       REP_EPSILON  =  1.00e+00        soft sphere repul
*    TRANS_FRAC_MAX  =    0.5000                    fixed
*    TRANS_FRAC_MIN  =    0.0200
*      MAX_ANG_CHNG  =    9.9695                  degrees
*    VOLUM_FRAC_MAX  =    0.0700
*         EXT_PRESS  =  0.00e+00        external pressure
*      SQSH_VOL_PCT  =    0.2000             min orth val
*        ASPECT_MAX  =   20.0000                cell parm
*            dplane  =    1.6700            min plane sep
*      SCALE_FACTOR  =    1.2500         bhop max scaling
* 
*            d.o.f.  =        12       degrees of freedom
*          runs/dof  =       400         loops per d.o.f.
*              runs  =      4800              loops per T
*               ncc  =     19200     config changes per T
*            t_runs  =        10           num temp steps
*             efunc  =         0               0=SS  1=LJ
*       N_HALT_CHNG  =        15      halts after N 100%s
*
*      anneal_sched  =         3   0=lin or exp(-run_n^n)
*         temp_init  =  1.00e+00             initial temp
*         temp_finl  =  1.00e-03               final temp
* 
*          trn_chng  =         1              0=off  1=on
*          rot_chng  =         0              0=off  1=on
*          lat_chng  =         1              0=off  1=on
*          swp_chng  =         1              0=off  1=on
* 
*     SIMP_RESTARTS  =        11     no. simplex restarts
*  SIMP_RESTARTS BH  =        21  basin hop simp restarts
*         SIMP_NMAX  =      4500        max simplex iters
*          SIMP_DEG  =    1.0000          anion start deg
*         SIMP_LAMB  =    0.0100        vertex start frac
*       SIMP_ERRLIM  =  1.00e-08              error limit
* 
*           aa runs  =      1200           config changes
*      aa runs_step  =        10   config change increase
*       aa runs_max  =      1500  max auto config changes
*         aa t_runs  =         3            num temp runs
*      aa temp_step  =    0.5000                temp step
* 
*        aa chng hi  =         3  1=trn 2=rot 3=lat 4=swp
*        aa chng lo  =         3  1=trn 2=rot 3=lat 4=swp
* 
*      aa ht_pct_hi  =     0.650             high rej pct
*      aa ht_pct_lo  =     0.600             low  rej pct
* 
*      aa lt_pct_hi  =     0.999             high rej pct
*      aa lt_pct_lo  =     0.950             low  rej pct
* 
*            tmpfile =                   PR19600-best.tmp
* 
* Checking for out of bounds fractional coords.
*
**********************************************************************
*
*          - Parameters at START -
*
* Lattice parameters:
*
*             lat a  =   10.0000
*             lat b  =   10.0000
*             lat c  =   10.0000
*             alpha  =   90.0000
*             beta   =   90.0000
*             gamma  =   90.0000
*          cell vol  = 1000.0000
*          cv/ortho  =    1.0000
*
* Energies:
*               ecc  = -5.4113e-01
*               eng  =  0.0000e+00
*
*
* Geometry:
*
*      packing frac  =    0.0260
*      aspect ratio  =    1.0000
*
* (dE/dV):
*                Px  =  5.6339e-04                    x-dir
*                Py  =  3.5693e-07                    y-dir
*                Pz  = -2.2629e-05                    z-dir
*
* Distances (PBC only):
*                                 min           hard           diff
*           ca1_ca1  =   1.000000e+06   2.320000e+00   9.999977e+05
*           ca1_ca2  =   1.000000e+06   1.160000e+00   9.999988e+05
*           ca1_ac1  =   5.045237e+00   2.830000e+00   2.215237e+00
*           ca1_av1  =   1.000000e+06  -1.000000e+00   1.000001e+06
*           ca1_ac2  =   1.000000e+06  -1.000000e+00   1.000001e+06
*           ca1_av2  =   1.000000e+06  -1.000000e+00   1.000001e+06
*           ca2_ca2  =   1.000000e+06   0.000000e+00   1.000000e+06
*           ca2_ac1  =   1.000000e+06   1.670000e+00   9.999983e+05
*           ca2_av1  =   1.000000e+06  -1.000000e+00   1.000001e+06
*           ca2_ac2  =   1.000000e+06  -1.000000e+00   1.000001e+06
*           ca2_av2  =   1.000000e+06  -1.000000e+00   1.000001e+06
*           ac1_ac1  =   1.000000e+06   3.340000e+00   9.999967e+05
*           ac1_av1  =   1.000000e+06  -1.000000e+00   1.000001e+06
*           ac1_ac2  =   1.000000e+06  -1.000000e+00   1.000001e+06
*           ac1_av2  =   1.000000e+06  -1.000000e+00   1.000001e+06
*           av1_av1  =   1.000000e+06  -1.000000e+00   1.000001e+06
*           av1_av2  =   1.000000e+06  -1.000000e+00   1.000001e+06
*           av2_av2  =   1.000000e+06  -1.000000e+00   1.000001e+06
*
*
*
**********************************************************************
*
* ------------------------------------------------------------
*              Autoadjust high temperatrure:
* ------------------------------------------------------------
*              Autoadjusting on 3 (1=trn,2=rot,3=lat,4=swp)
*
**********************************************************************
*
*                 -- Autoadjust Metropolis Run --
*
*   autoadjust_temp_init  =  1.0000e+00
*   autoadjust_temp_step  =  5.0000e-01
*        autoadjust_runs  =        1200         configs per temp
*       autoadjust_count  =           1
*
**********************************************************************
*
* Metropolis: 3 temperature runs with these parameters:
*
*              runs  =      1200              loops per T
*               T_0  = 1.000e+00             initial temp
*               T_L  = 1.000e+00               final temp
*           T_alpha  = 8.000e+09          annealing alpha
*
*            T = T_0 * exp( -run_num**3 / T_alpha )
*
**********************************************************************
*H run      Temp       E_ion        E_ss   cel vol       SigPF       ar     ortho        pCnt          % Rejected Changes
*H                                                                                                 trn      rot      lat      swp
*T   1  1.00e+00  -7.236e-01  +0.000e+00    677.96   9.153e-02    1.484     0.262   1.055e-01    37.17     0.00     2.33     0.00
*T   2  1.00e+00  -7.606e-01  +0.000e+00    261.28   4.561e-02    2.182     0.371   9.568e-02    30.75     0.00     2.50     0.00
*T   3  1.00e+00  -7.778e-01  +0.000e+00    205.54   2.875e-02    2.737     0.395   3.131e-02    17.25     0.00     1.75     0.00
*
**********************************************************************
*
*                 -- AUTOADJUST [1] OUT --
*
*     target: lo % = 60.000000      hi % = 65.000000
*     Autoadjust % =  1.750000
*     Autoadjust: Lowering the temperature 5.000e-01 [a.u.]
*
**********************************************************************
*
*                 -- Autoadjust Metropolis Run --
*
*   autoadjust_temp_init  =  5.0000e-01
*   autoadjust_temp_step  =  5.0000e-01
*        autoadjust_runs  =        1210         configs per temp
*       autoadjust_count  =           2
*
**********************************************************************
*
* Metropolis: 3 temperature runs with these parameters:
*
*              runs  =      1210              loops per T
*               T_0  = 5.000e-01             initial temp
*               T_L  = 4.995e-01               final temp
*           T_alpha  = 7.996e+03          annealing alpha
*
*            T = T_0 * exp( -run_num**3 / T_alpha )
*
**********************************************************************
*H run      Temp       E_ion        E_ss   cel vol       SigPF       ar     ortho        pCnt          % Rejected Changes
*H                                                                                                 trn      rot      lat      swp
*T   1  5.00e-01  -5.327e-01  +0.000e+00    644.35   4.138e-02    2.374     0.203   2.570e-01    29.92     0.00     5.45     0.00
*T   2  5.00e-01  -8.111e-01  +0.000e+00    260.91   4.856e-02    1.327     0.202   1.663e-01    37.11     0.00     6.03     0.00
*T   3  4.99e-01  -4.509e-01  +0.000e+00    560.78   5.340e-02    1.117     0.310   1.257e-01    28.93     0.00     5.54     0.00
*
**********************************************************************
*
*                 -- AUTOADJUST [2] OUT --
*
*     target: lo % = 60.000000      hi % = 65.000000
*     Autoadjust % =  5.537190
*     Autoadjust: special case: (T-Tstep) = 0.000e+00 [a.u.]
*     Autoadjust: special case: ===> drop temp step to: 2.250e-01 [a.u.]
*     Autoadjust: Lowering the temperature 2.250e-01 [a.u.]
*
**********************************************************************
*
*                 -- Autoadjust Metropolis Run --
*
*   autoadjust_temp_init  =  2.7500e-01
*   autoadjust_temp_step  =  2.2500e-01
*        autoadjust_runs  =        1220         configs per temp
*       autoadjust_count  =           3
*
**********************************************************************
*
* Metropolis: 3 temperature runs with these parameters:
*
*              runs  =      1220              loops per T
*               T_0  = 2.750e-01             initial temp
*               T_L  = 2.747e-01               final temp
*           T_alpha  = 7.996e+03          annealing alpha
*
*            T = T_0 * exp( -run_num**3 / T_alpha )
*
**********************************************************************
*H run      Temp       E_ion        E_ss   cel vol       SigPF       ar     ortho        pCnt          % Rejected Changes
*H                                                                                                 trn      rot      lat      swp
*T   1  2.75e-01  -6.669e-01  +0.000e+00    756.88   4.372e-02    1.690     0.256   2.496e-01    34.75     0.00     7.54     0.00
*T   2  2.75e-01  -5.770e-01  +0.000e+00    378.87   3.214e-02    1.351     0.298   1.505e-01    32.05     0.00     4.18     0.00
*T   3  2.75e-01  -5.290e-01  +0.000e+00    305.97   6.916e-02    2.585     0.295   1.659e-01    48.28     0.00     7.95     0.00
*
**********************************************************************
*
*                 -- AUTOADJUST [3] OUT --
*
*     target: lo % = 60.000000      hi % = 65.000000
*     Autoadjust % =  7.950820
*     Autoadjust: Lowering the temperature 2.250e-01 [a.u.]
*
**********************************************************************
*
*                 -- Autoadjust Metropolis Run --
*
*   autoadjust_temp_init  =  5.0000e-02
*   autoadjust_temp_step  =  2.2500e-01
*        autoadjust_runs  =        1230         configs per temp
*       autoadjust_count  =           4
*
**********************************************************************
*
* Metropolis: 3 temperature runs with these parameters:
*
*              runs  =      1230              loops per T
*               T_0  = 5.000e-02             initial temp
*               T_L  = 4.995e-02               final temp
*           T_alpha  = 7.996e+03          annealing alpha
*
*            T = T_0 * exp( -run_num**3 / T_alpha )
*
**********************************************************************
*H run      Temp       E_ion        E_ss   cel vol       SigPF       ar     ortho        pCnt          % Rejected Changes
*H                                                                                                 trn      rot      lat      swp
*T   1  5.00e-02  -9.964e-01  +0.000e+00     89.94   8.369e-02    1.962     0.380   3.671e+00    92.93     0.00    20.41     0.00
*T   2  5.00e-02  -1.021e+00  +0.000e+00     77.28   1.416e-01    1.495     0.474   1.645e+00    92.03     0.00    33.33     0.00
*T   3  5.00e-02  -9.458e-01  +0.000e+00    118.13   1.416e-01    2.058     0.386   2.291e+00    87.80     0.00    28.37     0.00
*
**********************************************************************
*
*                 -- AUTOADJUST [4] OUT --
*
*     target: lo % = 60.000000      hi % = 65.000000
*     Autoadjust % = 28.373984
*     Autoadjust: special case: (T-Tstep) = -1.750e-01 [a.u.]
*     Autoadjust: special case: ===> drop temp step to: 1.013e-01 [a.u.]
*     Autoadjust: special case: (T-Tstep) = -5.125e-02 [a.u.]
*     Autoadjust: special case: ===> drop temp step to: 4.556e-02 [a.u.]
*     Autoadjust: Lowering the temperature 4.556e-02 [a.u.]
*
**********************************************************************
*
*                 -- Autoadjust Metropolis Run --
*
*   autoadjust_temp_init  =  4.4375e-03
*   autoadjust_temp_step  =  4.5563e-02
*        autoadjust_runs  =        1240         configs per temp
*       autoadjust_count  =           5
*
**********************************************************************
*
* Metropolis: 3 temperature runs with these parameters:
*
*              runs  =      1240              loops per T
*               T_0  = 4.438e-03             initial temp
*               T_L  = 4.433e-03               final temp
*           T_alpha  = 7.996e+03          annealing alpha
*
*            T = T_0 * exp( -run_num**3 / T_alpha )
*
**********************************************************************
*H run      Temp       E_ion        E_ss   cel vol       SigPF       ar     ortho        pCnt          % Rejected Changes
*H                                                                                                 trn      rot      lat      swp
*T   1  4.44e-03  -1.068e+00  +0.000e+00     97.92   1.649e-01    1.588     0.354   1.084e+01    99.92     0.00    86.53     0.00
*T   2  4.44e-03  -1.065e+00  +0.000e+00     96.83   1.711e-01    1.622     0.379   2.398e+00   100.00     0.00    84.92     0.00
*T   3  4.43e-03  -1.083e+00  +0.000e+00     82.06   1.794e-01    1.760     0.363   2.728e+00   100.00     0.00    86.45     0.00
*
**********************************************************************
*
*                 -- AUTOADJUST [5] OUT --
*
*     target: lo % = 60.000000      hi % = 65.000000
*     Autoadjust % = 86.451613
*     Autoadjust: overshot! drop temp step to: 2.050e-02 [a.u.]
*     Autoadjust: Raising the temperature 2.050e-02 [a.u.]
*
**********************************************************************
*
*                 -- Autoadjust Metropolis Run --
*
*   autoadjust_temp_init  =  2.4941e-02
*   autoadjust_temp_step  =  2.0503e-02
*        autoadjust_runs  =        1250         configs per temp
*       autoadjust_count  =           6
*
**********************************************************************
*
* Metropolis: 3 temperature runs with these parameters:
*
*              runs  =      1250              loops per T
*               T_0  = 2.494e-02             initial temp
*               T_L  = 2.492e-02               final temp
*           T_alpha  = 7.996e+03          annealing alpha
*
*            T = T_0 * exp( -run_num**3 / T_alpha )
*
**********************************************************************
*H run      Temp       E_ion        E_ss   cel vol       SigPF       ar     ortho        pCnt          % Rejected Changes
*H                                                                                                 trn      rot      lat      swp
*T   1  2.49e-02  -1.130e+00  +0.000e+00     72.06   1.625e-01    1.827     0.401   3.643e+00    96.72     0.00    46.08     0.00
*T   2  2.49e-02  -9.848e-01  +0.000e+00    160.50   1.267e-01    2.881     0.388   3.659e+00    97.12     0.00    48.48     0.00
*T   3  2.49e-02  -1.041e+00  +0.000e+00    145.57   9.760e-02    2.857     0.418   3.689e+00    95.36     0.00    38.64     0.00
*
**********************************************************************
*
*                 -- AUTOADJUST [6] OUT --
*
*     target: lo % = 60.000000      hi % = 65.000000
*     Autoadjust % = 38.640000
*     Autoadjust: overshot! drop temp step to: 9.226e-03 [a.u.]
*     Autoadjust: Lowering the temperature 9.226e-03 [a.u.]
*
**********************************************************************
*
*                 -- Autoadjust Metropolis Run --
*
*   autoadjust_temp_init  =  1.5714e-02
*   autoadjust_temp_step  =  9.2264e-03
*        autoadjust_runs  =        1260         configs per temp
*       autoadjust_count  =           7
*
**********************************************************************
*
* Metropolis: 3 temperature runs with these parameters:
*
*              runs  =      1260              loops per T
*               T_0  = 1.571e-02             initial temp
*               T_L  = 1.570e-02               final temp
*           T_alpha  = 7.996e+03          annealing alpha
*
*            T = T_0 * exp( -run_num**3 / T_alpha )
*
**********************************************************************
*H run      Temp       E_ion        E_ss   cel vol       SigPF       ar     ortho        pCnt          % Rejected Changes
*H                                                                                                 trn      rot      lat      swp
*T   1  1.57e-02  -1.057e+00  +0.000e+00     94.08   1.403e-01    1.743     0.329   7.447e+00    96.67     0.00    55.87     0.00
*T   2  1.57e-02  -1.079e+00  +0.000e+00     82.27   1.549e-01    1.767     0.387   3.776e+00    98.57     0.00    63.17     0.00
*T   3  1.57e-02  -1.085e+00  +0.000e+00     72.55   2.023e-01    1.526     0.503   4.878e+00    98.41     0.00    62.86     0.00
*
**********************************************************************
*
*                 -- AUTOADJUST [7] OUT --
*
*     target: lo % = 60.000000      hi % = 65.000000
*     Autoadjust % = 62.857143
*     Autoadjust: temp = 1.571e-02  is good!  Exiting autoadjust.
*
**********************************************************************
*
* ------------------------------------------------------------
*              Autoadjust low temperatrure:
* ------------------------------------------------------------
*              Autoadjusting on 3 (1=trn,2=rot,3=lat,4=swp)
*
**********************************************************************
*
*                 -- Autoadjust Metropolis Run --
*
*   autoadjust_temp_init  =  2.0000e-02
*   autoadjust_temp_step  =  5.0000e-01
*        autoadjust_runs  =        1200         configs per temp
*       autoadjust_count  =           1
*
**********************************************************************
*
* Metropolis: 3 temperature runs with these parameters:
*
*              runs  =      1200              loops per T
*               T_0  = 2.000e-02             initial temp
*               T_L  = 2.000e-02               final temp
*           T_alpha  = 1.600e+08          annealing alpha
*
*            T = T_0 * exp( -run_num**3 / T_alpha )
*
**********************************************************************
*H run      Temp       E_ion        E_ss   cel vol       SigPF       ar     ortho        pCnt          % Rejected Changes
*H                                                                                                 trn      rot      lat      swp
*T   1  2.00e-02  -1.107e+00  +0.000e+00     56.03   2.191e-01    1.362     0.440   3.732e+00    98.83     0.00    61.50     0.00
*T   2  2.00e-02  -1.095e+00  +0.000e+00     65.43   2.325e-01    1.711     0.461   2.517e+00    99.58     0.00    60.58     0.00
*T   3  2.00e-02  -1.120e+00  +0.000e+00     57.46   2.571e-01    1.699     0.542   6.104e+00    99.08     0.00    65.33     0.00
*
**********************************************************************
*
*                 -- AUTOADJUST [1] OUT --
*
*     target: lo % = 95.000000      hi % = 99.900000
*     Autoadjust % = 65.333333
*     Autoadjust: special case: (T-Tstep) = -4.800e-01 [a.u.]
*     Autoadjust: special case: ===> drop temp step to: 2.250e-01 [a.u.]
*     Autoadjust: special case: (T-Tstep) = -2.050e-01 [a.u.]
*     Autoadjust: special case: ===> drop temp step to: 1.013e-01 [a.u.]
*     Autoadjust: special case: (T-Tstep) = -8.125e-02 [a.u.]
*     Autoadjust: special case: ===> drop temp step to: 4.556e-02 [a.u.]
*     Autoadjust: special case: (T-Tstep) = -2.556e-02 [a.u.]
*     Autoadjust: special case: ===> drop temp step to: 2.050e-02 [a.u.]
*     Autoadjust: special case: (T-Tstep) = -5.031e-04 [a.u.]
*     Autoadjust: special case: ===> drop temp step to: 9.226e-03 [a.u.]
*     Autoadjust: Lowering the temperature 9.226e-03 [a.u.]
*
**********************************************************************
*
*                 -- Autoadjust Metropolis Run --
*
*   autoadjust_temp_init  =  1.0774e-02
*   autoadjust_temp_step  =  9.2264e-03
*        autoadjust_runs  =        1210         configs per temp
*       autoadjust_count  =           2
*
**********************************************************************
*
* Metropolis: 3 temperature runs with these parameters:
*
*              runs  =      1210              loops per T
*               T_0  = 1.077e-02             initial temp
*               T_L  = 1.076e-02               final temp
*           T_alpha  = 7.996e+03          annealing alpha
*
*            T = T_0 * exp( -run_num**3 / T_alpha )
*
**********************************************************************
*H run      Temp       E_ion        E_ss   cel vol       SigPF       ar     ortho        pCnt          % Rejected Changes
*H                                                                                                 trn      rot      lat      swp
*T   1  1.08e-02  -1.130e+00  +0.000e+00     57.25   2.750e-01    1.758     0.549   1.122e+01    99.92     0.00    74.13     0.00
*T   2  1.08e-02  -1.169e+00  +0.000e+00     52.07   2.894e-01    1.635     0.480   6.666e+00    99.92     0.00    72.48     0.00
*T   3  1.08e-02  -1.134e+00  +0.000e+00     51.46   3.006e-01    1.844     0.475   2.950e+00    99.92     0.00    78.51     0.00
*
**********************************************************************
*
*                 -- AUTOADJUST [2] OUT --
*
*     target: lo % = 95.000000      hi % = 99.900000
*     Autoadjust % = 78.512397
*     Autoadjust: Lowering the temperature 9.226e-03 [a.u.]
*
**********************************************************************
*
*                 -- Autoadjust Metropolis Run --
*
*   autoadjust_temp_init  =  1.5472e-03
*   autoadjust_temp_step  =  9.2264e-03
*        autoadjust_runs  =        1220         configs per temp
*       autoadjust_count  =           3
*
**********************************************************************
*
* Metropolis: 3 temperature runs with these parameters:
*
*              runs  =      1220              loops per T
*               T_0  = 1.547e-03             initial temp
*               T_L  = 1.546e-03               final temp
*           T_alpha  = 7.996e+03          annealing alpha
*
*            T = T_0 * exp( -run_num**3 / T_alpha )
*
**********************************************************************
*H run      Temp       E_ion        E_ss   cel vol       SigPF       ar     ortho        pCnt          % Rejected Changes
*H                                                                                                 trn      rot      lat      swp
*T   1  1.55e-03  -1.163e+00  +0.000e+00     48.95   3.486e-01    1.709     0.467   1.694e+02   100.00     0.00    94.18     0.00
*T   2  1.55e-03  -1.174e+00  +0.000e+00     48.85   3.464e-01    1.714     0.473   4.466e+00   100.00     0.00    96.07     0.00
*T   3  1.55e-03  -1.174e+00  +0.000e+00     48.63   3.455e-01    1.699     0.470   1.081e+00   100.00     0.00    95.82     0.00
*
**********************************************************************
*
*                 -- AUTOADJUST [3] OUT --
*
*     target: lo % = 95.000000      hi % = 99.900000
*     Autoadjust % = 95.819672
*     Autoadjust: temp = 1.547e-03  is good!  Exiting autoadjust.
*
**********************************************************************
*
*
*          -- Initializing cell contents --
*
*
*
**********************************************************************
*
*            -- Starting Metropolis calculation --
*
*              temp_init  = 1.571e-02
*
**********************************************************************
*
* Metropolis: 10 temperature runs with these parameters:
*
*              runs  =      4800              loops per T
*               T_0  = 1.571e-02             initial temp
*               T_L  = 1.547e-03               final temp
*           T_alpha  = 3.145e+02          annealing alpha
*
*            T = T_0 * exp( -run_num**3 / T_alpha )
*
**********************************************************************
*H run      Temp       E_ion        E_ss   cel vol       SigPF       ar     ortho        pCnt          % Rejected Changes
*H                                                                                                 trn      rot      lat      swp
*M   1  1.57e-02  -1.039e+00  +0.000e+00     67.79   2.677e-01    1.825     0.491   4.793e+01    98.60     0.00    64.04     0.00
*M   2  1.57e-02  -1.108e+00  +0.000e+00     69.26   2.159e-01    1.829     0.430   6.117e+00    98.85     0.00    63.19     0.00
*M   3  1.53e-02  -1.069e+00  +0.000e+00     73.29   2.080e-01    1.359     0.756   4.629e+00    99.06     0.00    65.67     0.00
*M   4  1.44e-02  -1.148e+00  +0.000e+00     58.96   2.344e-01    1.289     0.690   6.193e+00    99.19     0.00    65.62     0.00
*M   5  1.28e-02  -1.113e+00  +0.000e+00     56.91   2.575e-01    1.151     0.913   3.739e+00    99.73     0.00    69.54     0.00
*M   6  1.06e-02  -1.181e+00  +0.000e+00     45.87   2.804e-01    1.167     0.757   4.410e+00    99.83     0.00    73.40     0.00
*M   7  7.91e-03  -1.183e+00  +0.000e+00     50.39   3.158e-01    1.128     0.698   6.821e+00    99.96     0.00    79.17     0.00
*M   8  5.28e-03  -1.190e+00  +0.000e+00     48.71   3.371e-01    1.082     0.720   4.562e+00   100.00     0.00    86.46     0.00
*M   9  3.08e-03  -1.213e+00  +0.000e+00     47.76   3.557e-01    1.051     0.708   1.973e+00   100.00     0.00    93.00     0.00
*M  10  1.55e-03  -1.219e+00  +0.000e+00     47.08   3.592e-01    1.043     0.718   3.461e+00   100.00     0.00    96.19     0.00
*
**********************************************************************
*
*
*          - Parameters at Post Ewald-Metro -
*
* Lattice parameters:
*
*             lat a  =    4.1209
*             lat b  =    4.0293
*             lat c  =    3.9501
*             alpha  =  119.8013
*             beta   =   61.2718
*             gamma  =   89.2072
*          cell vol  =   47.0758
*          cv/ortho  =    0.7178
*
* Energies:
*               ecc  = -1.2190e+00
*               eng  =  0.0000e+00
*
*
* Geometry:
*
*      packing frac  =    0.5533
*      aspect ratio  =    1.0433
*
* (dE/dV):
*                Px  =  9.6068e-03                    x-dir
*                Py  =  8.1007e-03                    y-dir
*                Pz  =  8.1858e-03                    z-dir
*
* Distances (PBC only):
*                                 min           hard           diff
*           ca1_ca1  =   1.000000e+06   2.320000e+00   9.999977e+05
*           ca1_ca2  =   1.000000e+06   1.160000e+00   9.999988e+05
*           ca1_ac1  =   2.831829e+00   2.830000e+00   1.829462e-03
*           ca1_av1  =   1.000000e+06  -1.000000e+00   1.000001e+06
*           ca1_ac2  =   1.000000e+06  -1.000000e+00   1.000001e+06
*           ca1_av2  =   1.000000e+06  -1.000000e+00   1.000001e+06
*           ca2_ca2  =   1.000000e+06   0.000000e+00   1.000000e+06
*           ca2_ac1  =   1.000000e+06   1.670000e+00   9.999983e+05
*           ca2_av1  =   1.000000e+06  -1.000000e+00   1.000001e+06
*           ca2_ac2  =   1.000000e+06  -1.000000e+00   1.000001e+06
*           ca2_av2  =   1.000000e+06  -1.000000e+00   1.000001e+06
*           ac1_ac1  =   1.000000e+06   3.340000e+00   9.999967e+05
*           ac1_av1  =   1.000000e+06  -1.000000e+00   1.000001e+06
*           ac1_ac2  =   1.000000e+06  -1.000000e+00   1.000001e+06
*           ac1_av2  =   1.000000e+06  -1.000000e+00   1.000001e+06
*           av1_av1  =   1.000000e+06  -1.000000e+00   1.000001e+06
*           av1_av2  =   1.000000e+06  -1.000000e+00   1.000001e+06
*           av2_av2  =   1.000000e+06  -1.000000e+00   1.000001e+06
*
*
*
**********************************************************************
*
*         - Comparing with 'best' structure -
*
****************************************************************
*
*          best ecc  = -1.2199e+00
*          best eng  =  0.0000e+00
*           ecc+eng  = -1.2199e+00
*          best vol  =  4.7054e+01
*           best pf  =  5.5356e-01
*
*     post_runs ecc  = -1.2190e+00
*     post_runs eng  =  0.0000e+00
*           ecc+eng  = -1.2190e+00
*     post_runs vol  =  4.7076e+01
*      post_runs pf  =  5.5331e-01
*
*       dV / V_runs  =  4.5325e-04
*
*          ecc_diff  = -9.6585e-04
*          eng_diff  =  0.0000e+00
*
*
****************************************************************
*
*  mag_ecc_diff > mag_eng_diff AND within BEST_VOL AND
* 'best' has lower energy than post runs! --> swapping.
*
****************************************************************
*
*
*          - Parameters at Post 'best-swap' -
*
* Lattice parameters:
*
*             lat a  =    4.1364
*             lat b  =    4.0136
*             lat c  =    4.0163
*             alpha  =  118.7893
*             beta   =   59.1321
*             gamma  =   89.2283
*          cell vol  =   47.0544
*          cv/ortho  =    0.7057
*
* Energies:
*               ecc  = -1.2199e+00
*               eng  =  0.0000e+00
*
*
* Geometry:
*
*      packing frac  =    0.5536
*      aspect ratio  =    1.0306
*
* (dE/dV):
*                Px  =  8.9033e-03                    x-dir
*                Py  =  8.0716e-03                    y-dir
*                Pz  =  8.9508e-03                    z-dir
*
* Distances (PBC only):
*                                 min           hard           diff
*           ca1_ca1  =   1.000000e+06   2.320000e+00   9.999977e+05
*           ca1_ca2  =   1.000000e+06   1.160000e+00   9.999988e+05
*           ca1_ac1  =   2.831925e+00   2.830000e+00   1.924680e-03
*           ca1_av1  =   1.000000e+06  -1.000000e+00   1.000001e+06
*           ca1_ac2  =   1.000000e+06  -1.000000e+00   1.000001e+06
*           ca1_av2  =   1.000000e+06  -1.000000e+00   1.000001e+06
*           ca2_ca2  =   1.000000e+06   0.000000e+00   1.000000e+06
*           ca2_ac1  =   1.000000e+06   1.670000e+00   9.999983e+05
*           ca2_av1  =   1.000000e+06  -1.000000e+00   1.000001e+06
*           ca2_ac2  =   1.000000e+06  -1.000000e+00   1.000001e+06
*           ca2_av2  =   1.000000e+06  -1.000000e+00   1.000001e+06
*           ac1_ac1  =   1.000000e+06   3.340000e+00   9.999967e+05
*           ac1_av1  =   1.000000e+06  -1.000000e+00   1.000001e+06
*           ac1_ac2  =   1.000000e+06  -1.000000e+00   1.000001e+06
*           ac1_av2  =   1.000000e+06  -1.000000e+00   1.000001e+06
*           av1_av1  =   1.000000e+06  -1.000000e+00   1.000001e+06
*           av1_av2  =   1.000000e+06  -1.000000e+00   1.000001e+06
*           av2_av2  =   1.000000e+06  -1.000000e+00   1.000001e+06
*
*
*
**********************************************************************
*
*         - Final Simplex relaxation with restarts -
*
**********************************************************************
*
*
****************************************************************
*
*
*        - Simplex Minimiziation Routine -
*
*
* Note: No aspect ratio constraint.
*
*
*            n_simp  =        15                   D.O.F.
*         simp_nmax  =      4500                max moves
*       simp_errlim  =  1.00e-08
*
*
*         - Initializing simplex arrays -
*
*
*      nfunk           rtol        pf        ar     ortho             e_ion              e_ss             e_tot
*X        11     1.4008e+00   0.55356   1.03058   0.70569    -1.2199283e+00     0.0000000e+00    -1.2199283e+00
*X      2001     2.4157e-05   0.56534   1.00856   0.69843    -1.2278515e+00     0.0000000e+00    -1.2278515e+00
*X      4000     1.0285e-06   0.57335   1.03865   0.69248    -1.2317430e+00     0.0000000e+00    -1.2317430e+00
*
*         simp_runs  =      4501               simp moves
*              rtol  =  2.66e-07               final rtol
*
* Simplex restart no. 1 of 10
*
*         - Initializing simplex arrays -
*
*
*      nfunk           rtol        pf        ar     ortho             e_ion              e_ss             e_tot
*X        11     1.5095e+00   0.57341   1.03872   0.69250    -1.2317854e+00     0.0000000e+00    -1.2317854e+00
*X      2000     8.9806e-08   0.57357   1.03866   0.69248    -1.2320654e+00     0.0000000e+00    -1.2320654e+00
*
*         simp_runs  =      2427               simp moves
*              rtol  =  9.78e-09               final rtol
*
* Simplex restart no. 2 of 10
*
*         - Initializing simplex arrays -
*
*
*      nfunk           rtol        pf        ar     ortho             e_ion              e_ss             e_tot
*X        11     1.5350e+00   0.57357   1.03864   0.69248    -1.2320670e+00     0.0000000e+00    -1.2320670e+00
*
*         simp_runs  =      1799               simp moves
*              rtol  =  9.80e-09               final rtol
*
* Simplex restart no. 3 of 10
*
*         - Initializing simplex arrays -
*
*
*      nfunk           rtol        pf        ar     ortho             e_ion              e_ss             e_tot
*X        11     1.5348e+00   0.57376   1.03784   0.69271    -1.2321979e+00     0.0000000e+00    -1.2321979e+00
*
*         simp_runs  =       925               simp moves
*              rtol  =  9.25e-09               final rtol
*
* Simplex restart no. 4 of 10
*
*         - Initializing simplex arrays -
*
*
*      nfunk           rtol        pf        ar     ortho             e_ion              e_ss             e_tot
*X        11     1.5348e+00   0.57376   1.03784   0.69271    -1.2321997e+00     0.0000000e+00    -1.2321997e+00
*
*         simp_runs  =       850               simp moves
*              rtol  =  9.86e-09               final rtol
*
* Simplex restart no. 5 of 10
*
*         - Initializing simplex arrays -
*
*
*      nfunk           rtol        pf        ar     ortho             e_ion              e_ss             e_tot
*X        11     1.5348e+00   0.57376   1.03784   0.69271    -1.2321997e+00     0.0000000e+00    -1.2321997e+00
*
*         simp_runs  =       875               simp moves
*              rtol  =  9.64e-09               final rtol
*
* Simplex restart no. 6 of 10
*
*         - Initializing simplex arrays -
*
*
*      nfunk           rtol        pf        ar     ortho             e_ion              e_ss             e_tot
*X        11     1.5348e+00   0.57376   1.03784   0.69271    -1.2321997e+00     0.0000000e+00    -1.2321997e+00
*
*         simp_runs  =       869               simp moves
*              rtol  =  9.92e-09               final rtol
*
* Simplex restart no. 7 of 10
*
*         - Initializing simplex arrays -
*
*
*      nfunk           rtol        pf        ar     ortho             e_ion              e_ss             e_tot
*X        11     1.5348e+00   0.57376   1.03784   0.69271    -1.2321997e+00     0.0000000e+00    -1.2321997e+00
*
*         simp_runs  =       890               simp moves
*              rtol  =  9.71e-09               final rtol
*
* Simplex restart no. 8 of 10
*
*         - Initializing simplex arrays -
*
*
*      nfunk           rtol        pf        ar     ortho             e_ion              e_ss             e_tot
*X        11     1.5348e+00   0.57376   1.03784   0.69271    -1.2321997e+00     0.0000000e+00    -1.2321997e+00
*
*         simp_runs  =       890               simp moves
*              rtol  =  9.71e-09               final rtol
*
* Simplex restart no. 9 of 10
*
*         - Initializing simplex arrays -
*
*
*      nfunk           rtol        pf        ar     ortho             e_ion              e_ss             e_tot
*X        11     1.5348e+00   0.57376   1.03784   0.69271    -1.2321997e+00     0.0000000e+00    -1.2321997e+00
*
*         simp_runs  =       890               simp moves
*              rtol  =  9.71e-09               final rtol
*
* Simplex restart no. 10 of 10
*
*         - Initializing simplex arrays -
*
*
*      nfunk           rtol        pf        ar     ortho             e_ion              e_ss             e_tot
*X        11     1.5348e+00   0.57376   1.03784   0.69271    -1.2321997e+00     0.0000000e+00    -1.2321997e+00
*
*         simp_runs  =       890               simp moves
*              rtol  =  9.71e-09               final rtol
*
****************************************************************
*
*          - Parameters at Post Simplex -
*
* Lattice parameters:
*
*             lat a  =    3.9440
*             lat b  =    4.0595
*             lat c  =    4.0932
*             alpha  =  119.4737
*             beta   =   58.1752
*             gamma  =   90.0000
*          cell vol  =   45.3975
*          cv/ortho  =    0.6927
*
* Energies:
*               ecc  = -1.2322e+00
*               eng  =  0.0000e+00
*
*
* Geometry:
*
*      packing frac  =    0.5738
*      aspect ratio  =    1.0378
*
* (dE/dV):
*                Px  =  1.0000e+04                    x-dir
*                Py  =  9.7036e-03                    y-dir
*                Pz  =  1.0000e+04                    z-dir
*
* Distances (PBC only):
*                                 min           hard           diff
*           ca1_ca1  =   1.000000e+06   2.320000e+00   9.999977e+05
*           ca1_ca2  =   1.000000e+06   1.160000e+00   9.999988e+05
*           ca1_ac1  =   2.830000e+00   2.830000e+00   1.281617e-08
*           ca1_av1  =   1.000000e+06  -1.000000e+00   1.000001e+06
*           ca1_ac2  =   1.000000e+06  -1.000000e+00   1.000001e+06
*           ca1_av2  =   1.000000e+06  -1.000000e+00   1.000001e+06
*           ca2_ca2  =   1.000000e+06   0.000000e+00   1.000000e+06
*           ca2_ac1  =   1.000000e+06   1.670000e+00   9.999983e+05
*           ca2_av1  =   1.000000e+06  -1.000000e+00   1.000001e+06
*           ca2_ac2  =   1.000000e+06  -1.000000e+00   1.000001e+06
*           ca2_av2  =   1.000000e+06  -1.000000e+00   1.000001e+06
*           ac1_ac1  =   1.000000e+06   3.340000e+00   9.999967e+05
*           ac1_av1  =   1.000000e+06  -1.000000e+00   1.000001e+06
*           ac1_ac2  =   1.000000e+06  -1.000000e+00   1.000001e+06
*           ac1_av2  =   1.000000e+06  -1.000000e+00   1.000001e+06
*           av1_av1  =   1.000000e+06  -1.000000e+00   1.000001e+06
*           av1_av2  =   1.000000e+06  -1.000000e+00   1.000001e+06
*           av2_av2  =   1.000000e+06  -1.000000e+00   1.000001e+06
*
*
***********************************************************
*        - Process and timing information -
*
* user time:   0 h 00 m 12.085018 s
* syst time:   0 h 00 m 00.007000 s
* signals: 0
* voluntary context switches: 8
* involuntary context switches: 6
*
***********************************************************
*SS symsearch output
*SS ( use:  | awk '($1=="*S"){print $0}' | sed 's/*S //' > temp.out )
*S Title
*S 1                 search type
*S 5.0 0.00001       displacement rms max min
*S 0.1 0.00001       strain rms max min
*S 1                 lattice input type
*S      3.94401     0.00000     0.00000
*S      0.00000     4.05954     0.00000
*S      2.15846    -2.01397     2.83542
*S 1 0 0
*S 0 1 0
*S 0 0 1
*S 2                 number of atoms
*S 11 0
*S      0.72260     0.92992     0.92909
*S      0.22036     0.43195     0.93319
*FF findsym output
*FF ( use:  | awk '($1=="*F"){print $0}' | sed 's/*F //' > temp.out )
*F Title
*F 0.001       displacement rms max min
*F 1                 lattice input type
*F      3.94401     0.00000     0.00000
*F      0.00000     4.05954     0.00000
*F      2.15846    -2.01397     2.83542
*F 1               basis vector in type
*F 1 0 0
*F 0 1 0
*F 0 0 1
*F 2                 number of atoms
*F 11 0
*F      0.72260     0.92992     0.92909
*F      0.22036     0.43195     0.93319
*DD powder output
*DD (use: | awk '($1=="*D"){print $0}' | sed 's/*D //' > temp.out )
*D 2
*D      3.94401     4.05954     4.09325
*D    119.47366    58.17523    90.00000
*D      0.72260     0.92992     0.92909        11
*D      0.22036     0.43195     0.93319         0
*PP poscar output
*PP (use: | awk '($1=="*P"){print $0}' | sed 's/*P //' > temp.out )
*P Z: 11 17 
*P 1.0 
*P      3.94400796     0.00000000     0.00000000
*P      0.00000015     4.05953973     0.00000000
*P      2.15846462    -2.01397350     2.83542197
*P 1 1 0 
*P Direct
*P       0.722601879189      0.929921361349      0.929089350194
*P       0.220359906658      0.431953696791      0.933185926461
*QQ poscar output
*QQ (use: | awk '($1=="*Q"){print $0}' | sed 's/*Q //' > temp.out )
*Q +1.000000000000 -1.000000000000 
*Q 1.0 
*Q      3.94400796     0.00000000     0.00000000
*Q      0.00000015     4.05953973     0.00000000
*Q      2.15846462    -2.01397350     2.83542197
*Q 1 1 0 
*Q Direct
*Q       0.722601879189      0.929921361349      0.929089350194
*Q       0.220359906658      0.431953696791      0.933185926461
*RR restart output
*RR (use: | awk '($1=="*R"){print $0}' | sed 's/*R //' > temp.out )
*R     3.944007963111    4.059539729682    4.093247677866
*R     2.085208689260    1.015349226182    1.570796290586
*R      1
*R      1     1
*R   -1.000000000000000   0.000000000000000
*R     0.000000000000    1.670000000000    0.000000000000    17     0
*R      1
*R      1   1.000000000000000
*R     1.160000000000    11
*R     0.722601879189    0.929921361349    0.929089350194
*R     0.220359906658    0.431953696791    0.933185926461
* XBS output
* CATION:
atom C     4.855354195    1.903891379    2.634360358
spec C     1.160000000    1.000000000    0.000000000    0.000000000
* ANION:
atom A     2.883350098   -0.125878535    2.645975880
spec A     1.670000000    0.000000000    0.000000000    1.000000000
spec V     0.000000000    0.000000000    1.000000000    0.000000000
bonds A V  0.000000000    0.000000000    0.010000000    Black
* CELL PARAMETERS AND BORDER
atom 0    0.00000   0.00000   0.00000
atom 1    3.94401   0.00000   0.00000
atom 2    3.94401   4.05954   0.00000
atom 3    0.00000   4.05954   0.00000
atom 4    2.15846  -2.01397   2.83542
atom 5    6.10247  -2.01397   2.83542
atom 6    6.10247   2.04557   2.83542
atom 7    2.15846   2.04557   2.83542
spec 0     0.050000000    0.000000000    0.000000000    0.000000000
spec 1     0.050000000    0.000000000    0.000000000    0.000000000
spec 2     0.050000000    0.000000000    0.000000000    0.000000000
spec 3     0.050000000    0.000000000    0.000000000    0.000000000
spec 4     0.050000000    0.000000000    0.000000000    0.000000000
spec 5     0.050000000    0.000000000    0.000000000    0.000000000
spec 6     0.050000000    0.000000000    0.000000000    0.000000000
spec 7     0.050000000    0.000000000    0.000000000    0.000000000
bonds 0 1  3.940063955    3.947951971    0.010000000    Black
bonds 3 2  3.940063955    3.947951971    0.010000000    Black
bonds 4 5  3.940063955    3.947951971    0.010000000    Black
bonds 6 7  3.940063955    3.947951971    0.010000000    Black
bonds 1 2  4.055480190    4.063599269    0.010000000    Black
bonds 0 3  4.055480190    4.063599269    0.010000000    Black
bonds 5 6  4.055480190    4.063599269    0.010000000    Black
bonds 4 7  4.055480190    4.063599269    0.010000000    Black
bonds 0 4  4.089154430    4.097340926    0.010000000    Black
bonds 1 5  4.089154430    4.097340926    0.010000000    Black
bonds 2 6  4.089154430    4.097340926    0.010000000    Black
bonds 3 7  4.089154430    4.097340926    0.010000000    Black
inc 5.000000
dup    3.94401   0.00000   0.00000
dup    0.00000   4.05954   0.00000
dup    2.15846  -2.01397   2.83542
