*************************************************
*	pack	(version 4.12.0.5)
*	Eric Majzoub
*	Sandia National Laboratories
*************************************************
*  Source file: main.c
*  Compile date: Dec 27 2012
*  Compile time: 17:19:04
*  commandline = /projects/e20438/bin/pack-4.12.0.5/pack_exe -f ../../NaCl_pegs.in -P -R -r 400 -t 10 -g 21297 
*  input file = ../../NaCl_pegs.in
**********************************************************************
**********************************************************************
**********************************************************************
* 
*       - General run comments -
* 
* WARN: no Rotations in Metropolis (-R flag).
* WARN: all anionic charge on center atom (-P flag).
*
**********************************************************************
*           - Input parameters -
*
*           restart  =         0         1 = restart calc
*        autoadjust  =         1   automatically set temp
*          aa_using  =         1        1=rej pct, 2=pCnt
*         basin hop  =         0           number of hops
*     non_per_ewald  =         0          1=nanopart calc
*
*             lat a  =   10.0000
*             lat b  =   10.0000
*             lat c  =   10.0000
*             alpha  =    1.5708
*             beta   =    1.5708
*             gamma  =    1.5708
*          cell vol  = 1000.0000
*      sqsh vol pct  =    0.2000
* 
*          cell_min  =    1.6700              min lat vec
*          cell_max  =  167.0000              max lat vec
* 
*         n_type_an  =         1          num type anions
*            num_an  =         1           tot num anions
* 
*          num_an_1  =         1        num anions type 1
*        num_vert_1  =         1     1=sph 2=dim 5=tet...
*       an_chrg_c_1  =   -1.0000      anion center charge
*       an_chrg_v_1  =    0.0000      anion vertex charge
*     tot_an_chrg_1  =   -1.0000       total anion charge
*           Rcent_1  =    1.6700         anion center rad
*           Rvert_1  =    0.0000         anion vertex rad
*             cvd_1  =    0.0000        cent to vert dist
*           Zcent_1  =        17           anion center Z
*           Zvert_1  =         0           anion vertex Z
* 
*          num_an_2  =         0        num anions type 2
*        num_vert_2  =         0     1=sph 2=dim 5=tet...
*       an_chrg_c_2  =    0.0000      anion center charge
*       an_chrg_v_2  =    0.0000      anion vertex charge
*     tot_an_chrg_2  =    0.0000       total anion charge
*           Rcent_2  =    0.0000         anion center rad
*           Rvert_2  =    0.0000         anion vertex rad
*             cvd_2  =    0.0000        cent to vert dist
*           Zcent_2  =         0           anion center Z
*           Zvert_2  =         0           anion vertex Z
* 
*         n_type_ca  =         1            num type cats
*            num_ca  =         1          tot num cations
* 
*          num_ca_1  =         1        num cations typ 1
*         ca_chrg_1  =    1.0000        cation chrg typ 1
*            Rcat_1  =    1.1600         cation rad typ 1
*            Zcat_1  =        11           cation Z typ 1
* 
*            C2VTOL  =  1.00e-08            c2v tolerance
*            ERRLIM  =  1.00e-06
*       REP_EPSILON  =  1.00e+00        soft sphere repul
*    TRANS_FRAC_MAX  =    0.5000                    fixed
*    TRANS_FRAC_MIN  =    0.0200
*      MAX_ANG_CHNG  =    9.9695                  degrees
*    VOLUM_FRAC_MAX  =    0.0700
*         EXT_PRESS  =  0.00e+00        external pressure
*      SQSH_VOL_PCT  =    0.2000             min orth val
*        ASPECT_MAX  =   20.0000                cell parm
*            dplane  =    1.6700            min plane sep
*      SCALE_FACTOR  =    1.2500         bhop max scaling
* 
*            d.o.f.  =        12       degrees of freedom
*          runs/dof  =       400         loops per d.o.f.
*              runs  =      4800              loops per T
*               ncc  =     19200     config changes per T
*            t_runs  =        10           num temp steps
*             efunc  =         0               0=SS  1=LJ
*       N_HALT_CHNG  =        15      halts after N 100%s
*
*      anneal_sched  =         3   0=lin or exp(-run_n^n)
*         temp_init  =  1.00e+00             initial temp
*         temp_finl  =  1.00e-03               final temp
* 
*          trn_chng  =         1              0=off  1=on
*          rot_chng  =         0              0=off  1=on
*          lat_chng  =         1              0=off  1=on
*          swp_chng  =         1              0=off  1=on
* 
*     SIMP_RESTARTS  =        11     no. simplex restarts
*  SIMP_RESTARTS BH  =        21  basin hop simp restarts
*         SIMP_NMAX  =      4500        max simplex iters
*          SIMP_DEG  =    1.0000          anion start deg
*         SIMP_LAMB  =    0.0100        vertex start frac
*       SIMP_ERRLIM  =  1.00e-08              error limit
* 
*           aa runs  =      1200           config changes
*      aa runs_step  =        10   config change increase
*       aa runs_max  =      1500  max auto config changes
*         aa t_runs  =         3            num temp runs
*      aa temp_step  =    0.5000                temp step
* 
*        aa chng hi  =         3  1=trn 2=rot 3=lat 4=swp
*        aa chng lo  =         3  1=trn 2=rot 3=lat 4=swp
* 
*      aa ht_pct_hi  =     0.650             high rej pct
*      aa ht_pct_lo  =     0.600             low  rej pct
* 
*      aa lt_pct_hi  =     0.999             high rej pct
*      aa lt_pct_lo  =     0.950             low  rej pct
* 
*            tmpfile =                   PR19502-best.tmp
* 
* Checking for out of bounds fractional coords.
*
**********************************************************************
*
*          - Parameters at START -
*
* Lattice parameters:
*
*             lat a  =   10.0000
*             lat b  =   10.0000
*             lat c  =   10.0000
*             alpha  =   90.0000
*             beta   =   90.0000
*             gamma  =   90.0000
*          cell vol  = 1000.0000
*          cv/ortho  =    1.0000
*
* Energies:
*               ecc  = -4.1152e-01
*               eng  =  0.0000e+00
*
*
* Geometry:
*
*      packing frac  =    0.0260
*      aspect ratio  =    1.0000
*
* (dE/dV):
*                Px  =  1.2943e-04                    x-dir
*                Py  =  1.3699e-04                    y-dir
*                Pz  =  1.4509e-04                    z-dir
*
* Distances (PBC only):
*                                 min           hard           diff
*           ca1_ca1  =   1.000000e+06   2.320000e+00   9.999977e+05
*           ca1_ca2  =   1.000000e+06   1.160000e+00   9.999988e+05
*           ca1_ac1  =   7.733111e+00   2.830000e+00   4.903111e+00
*           ca1_av1  =   1.000000e+06  -1.000000e+00   1.000001e+06
*           ca1_ac2  =   1.000000e+06  -1.000000e+00   1.000001e+06
*           ca1_av2  =   1.000000e+06  -1.000000e+00   1.000001e+06
*           ca2_ca2  =   1.000000e+06   0.000000e+00   1.000000e+06
*           ca2_ac1  =   1.000000e+06   1.670000e+00   9.999983e+05
*           ca2_av1  =   1.000000e+06  -1.000000e+00   1.000001e+06
*           ca2_ac2  =   1.000000e+06  -1.000000e+00   1.000001e+06
*           ca2_av2  =   1.000000e+06  -1.000000e+00   1.000001e+06
*           ac1_ac1  =   1.000000e+06   3.340000e+00   9.999967e+05
*           ac1_av1  =   1.000000e+06  -1.000000e+00   1.000001e+06
*           ac1_ac2  =   1.000000e+06  -1.000000e+00   1.000001e+06
*           ac1_av2  =   1.000000e+06  -1.000000e+00   1.000001e+06
*           av1_av1  =   1.000000e+06  -1.000000e+00   1.000001e+06
*           av1_av2  =   1.000000e+06  -1.000000e+00   1.000001e+06
*           av2_av2  =   1.000000e+06  -1.000000e+00   1.000001e+06
*
*
*
**********************************************************************
*
* ------------------------------------------------------------
*              Autoadjust high temperatrure:
* ------------------------------------------------------------
*              Autoadjusting on 3 (1=trn,2=rot,3=lat,4=swp)
*
**********************************************************************
*
*                 -- Autoadjust Metropolis Run --
*
*   autoadjust_temp_init  =  1.0000e+00
*   autoadjust_temp_step  =  5.0000e-01
*        autoadjust_runs  =        1200         configs per temp
*       autoadjust_count  =           1
*
**********************************************************************
*
* Metropolis: 3 temperature runs with these parameters:
*
*              runs  =      1200              loops per T
*               T_0  = 1.000e+00             initial temp
*               T_L  = 1.000e+00               final temp
*           T_alpha  = 8.000e+09          annealing alpha
*
*            T = T_0 * exp( -run_num**3 / T_alpha )
*
**********************************************************************
*H run      Temp       E_ion        E_ss   cel vol       SigPF       ar     ortho        pCnt          % Rejected Changes
*H                                                                                                 trn      rot      lat      swp
*T   1  1.00e+00  +1.684e-01  +0.000e+00    250.70   4.319e-02    3.452     0.783   2.508e-01    32.08     0.00     4.58     0.00
*T   2  1.00e+00  -2.525e-01  +0.000e+00   5253.54   4.687e-02    2.266     0.822   2.039e-01    22.33     0.00     3.50     0.00
*T   3  1.00e+00  -5.976e-02  +0.000e+00    430.36   1.829e-02    2.444     0.329   4.220e-02    11.17     0.00     0.75     0.00
*
**********************************************************************
*
*                 -- AUTOADJUST [1] OUT --
*
*     target: lo % = 60.000000      hi % = 65.000000
*     Autoadjust % =  0.750000
*     Autoadjust: Lowering the temperature 5.000e-01 [a.u.]
*
**********************************************************************
*
*                 -- Autoadjust Metropolis Run --
*
*   autoadjust_temp_init  =  5.0000e-01
*   autoadjust_temp_step  =  5.0000e-01
*        autoadjust_runs  =        1210         configs per temp
*       autoadjust_count  =           2
*
**********************************************************************
*
* Metropolis: 3 temperature runs with these parameters:
*
*              runs  =      1210              loops per T
*               T_0  = 5.000e-01             initial temp
*               T_L  = 4.995e-01               final temp
*           T_alpha  = 7.996e+03          annealing alpha
*
*            T = T_0 * exp( -run_num**3 / T_alpha )
*
**********************************************************************
*H run      Temp       E_ion        E_ss   cel vol       SigPF       ar     ortho        pCnt          % Rejected Changes
*H                                                                                                 trn      rot      lat      swp
*T   1  5.00e-01  -6.410e-01  +0.000e+00     99.54   4.652e-02    2.190     0.481   3.191e-01    46.86     0.00     5.37     0.00
*T   2  5.00e-01  -8.327e-01  +0.000e+00    120.84   9.619e-02    1.357     0.546   2.166e-01    55.45     0.00     6.69     0.00
*T   3  4.99e-01  -3.574e-01  +0.000e+00   2198.65   8.373e-02    1.464     0.230   1.589e-01    39.26     0.00     4.88     0.00
*
**********************************************************************
*
*                 -- AUTOADJUST [2] OUT --
*
*     target: lo % = 60.000000      hi % = 65.000000
*     Autoadjust % =  4.876033
*     Autoadjust: special case: (T-Tstep) = 0.000e+00 [a.u.]
*     Autoadjust: special case: ===> drop temp step to: 2.250e-01 [a.u.]
*     Autoadjust: Lowering the temperature 2.250e-01 [a.u.]
*
**********************************************************************
*
*                 -- Autoadjust Metropolis Run --
*
*   autoadjust_temp_init  =  2.7500e-01
*   autoadjust_temp_step  =  2.2500e-01
*        autoadjust_runs  =        1220         configs per temp
*       autoadjust_count  =           3
*
**********************************************************************
*
* Metropolis: 3 temperature runs with these parameters:
*
*              runs  =      1220              loops per T
*               T_0  = 2.750e-01             initial temp
*               T_L  = 2.747e-01               final temp
*           T_alpha  = 7.996e+03          annealing alpha
*
*            T = T_0 * exp( -run_num**3 / T_alpha )
*
**********************************************************************
*H run      Temp       E_ion        E_ss   cel vol       SigPF       ar     ortho        pCnt          % Rejected Changes
*H                                                                                                 trn      rot      lat      swp
*T   1  2.75e-01  -7.794e-01  +0.000e+00    614.28   5.569e-02    2.271     0.377   4.173e-01    35.57     0.00     5.16     0.00
*T   2  2.75e-01  -5.571e-02  +0.000e+00   8492.83   1.208e-02    6.718     0.435   6.246e-01    30.74     0.00     2.79     0.00
*T   3  2.75e-01  -6.479e-01  +0.000e+00   1050.46   5.832e-03    2.462     0.345   6.715e-01    36.07     0.00     2.87     0.00
*
**********************************************************************
*
*                 -- AUTOADJUST [3] OUT --
*
*     target: lo % = 60.000000      hi % = 65.000000
*     Autoadjust % =  2.868852
*     Autoadjust: Lowering the temperature 2.250e-01 [a.u.]
*
**********************************************************************
*
*                 -- Autoadjust Metropolis Run --
*
*   autoadjust_temp_init  =  5.0000e-02
*   autoadjust_temp_step  =  2.2500e-01
*        autoadjust_runs  =        1230         configs per temp
*       autoadjust_count  =           4
*
**********************************************************************
*
* Metropolis: 3 temperature runs with these parameters:
*
*              runs  =      1230              loops per T
*               T_0  = 5.000e-02             initial temp
*               T_L  = 4.995e-02               final temp
*           T_alpha  = 7.996e+03          annealing alpha
*
*            T = T_0 * exp( -run_num**3 / T_alpha )
*
**********************************************************************
*H run      Temp       E_ion        E_ss   cel vol       SigPF       ar     ortho        pCnt          % Rejected Changes
*H                                                                                                 trn      rot      lat      swp
*T   1  5.00e-02  -8.564e-01  +0.000e+00    130.81   1.165e-01    1.593     0.711   5.722e+00    86.10     0.00    28.54     0.00
*T   2  5.00e-02  -9.857e-01  +0.000e+00     94.85   1.317e-01    1.177     0.774   1.428e+00    89.51     0.00    33.74     0.00
*T   3  5.00e-02  -9.198e-01  +0.000e+00    145.12   1.273e-01    2.022     0.855   2.140e+00    90.81     0.00    30.65     0.00
*
**********************************************************************
*
*                 -- AUTOADJUST [4] OUT --
*
*     target: lo % = 60.000000      hi % = 65.000000
*     Autoadjust % = 30.650407
*     Autoadjust: special case: (T-Tstep) = -1.750e-01 [a.u.]
*     Autoadjust: special case: ===> drop temp step to: 1.013e-01 [a.u.]
*     Autoadjust: special case: (T-Tstep) = -5.125e-02 [a.u.]
*     Autoadjust: special case: ===> drop temp step to: 4.556e-02 [a.u.]
*     Autoadjust: Lowering the temperature 4.556e-02 [a.u.]
*
**********************************************************************
*
*                 -- Autoadjust Metropolis Run --
*
*   autoadjust_temp_init  =  4.4375e-03
*   autoadjust_temp_step  =  4.5563e-02
*        autoadjust_runs  =        1240         configs per temp
*       autoadjust_count  =           5
*
**********************************************************************
*
* Metropolis: 3 temperature runs with these parameters:
*
*              runs  =      1240              loops per T
*               T_0  = 4.438e-03             initial temp
*               T_L  = 4.433e-03               final temp
*           T_alpha  = 7.996e+03          annealing alpha
*
*            T = T_0 * exp( -run_num**3 / T_alpha )
*
**********************************************************************
*H run      Temp       E_ion        E_ss   cel vol       SigPF       ar     ortho        pCnt          % Rejected Changes
*H                                                                                                 trn      rot      lat      swp
*T   1  4.44e-03  -1.062e+00  +0.000e+00     99.29   1.514e-01    1.685     0.663   6.610e+01    99.92     0.00    75.97     0.00
*T   2  4.44e-03  -1.067e+00  +0.000e+00     82.31   1.748e-01    1.525     0.600   2.851e+00    99.92     0.00    82.50     0.00
*T   3  4.43e-03  -1.096e+00  +0.000e+00     72.18   2.022e-01    1.496     0.450   1.154e+01    99.84     0.00    85.48     0.00
*
**********************************************************************
*
*                 -- AUTOADJUST [5] OUT --
*
*     target: lo % = 60.000000      hi % = 65.000000
*     Autoadjust % = 85.483871
*     Autoadjust: overshot! drop temp step to: 2.050e-02 [a.u.]
*     Autoadjust: Raising the temperature 2.050e-02 [a.u.]
*
**********************************************************************
*
*                 -- Autoadjust Metropolis Run --
*
*   autoadjust_temp_init  =  2.4941e-02
*   autoadjust_temp_step  =  2.0503e-02
*        autoadjust_runs  =        1250         configs per temp
*       autoadjust_count  =           6
*
**********************************************************************
*
* Metropolis: 3 temperature runs with these parameters:
*
*              runs  =      1250              loops per T
*               T_0  = 2.494e-02             initial temp
*               T_L  = 2.492e-02               final temp
*           T_alpha  = 7.996e+03          annealing alpha
*
*            T = T_0 * exp( -run_num**3 / T_alpha )
*
**********************************************************************
*H run      Temp       E_ion        E_ss   cel vol       SigPF       ar     ortho        pCnt          % Rejected Changes
*H                                                                                                 trn      rot      lat      swp
*T   1  2.49e-02  -1.028e+00  +0.000e+00     93.17   1.393e-01    1.408     0.355   4.138e+00    94.80     0.00    50.80     0.00
*T   2  2.49e-02  -1.040e+00  +0.000e+00     92.62   2.038e-01    1.724     0.461   4.011e+00    97.36     0.00    55.44     0.00
*T   3  2.49e-02  -1.026e+00  +0.000e+00     74.37   1.629e-01    1.356     0.496   4.745e+00    96.80     0.00    51.60     0.00
*
**********************************************************************
*
*                 -- AUTOADJUST [6] OUT --
*
*     target: lo % = 60.000000      hi % = 65.000000
*     Autoadjust % = 51.600000
*     Autoadjust: overshot! drop temp step to: 9.226e-03 [a.u.]
*     Autoadjust: Lowering the temperature 9.226e-03 [a.u.]
*
**********************************************************************
*
*                 -- Autoadjust Metropolis Run --
*
*   autoadjust_temp_init  =  1.5714e-02
*   autoadjust_temp_step  =  9.2264e-03
*        autoadjust_runs  =        1260         configs per temp
*       autoadjust_count  =           7
*
**********************************************************************
*
* Metropolis: 3 temperature runs with these parameters:
*
*              runs  =      1260              loops per T
*               T_0  = 1.571e-02             initial temp
*               T_L  = 1.570e-02               final temp
*           T_alpha  = 7.996e+03          annealing alpha
*
*            T = T_0 * exp( -run_num**3 / T_alpha )
*
**********************************************************************
*H run      Temp       E_ion        E_ss   cel vol       SigPF       ar     ortho        pCnt          % Rejected Changes
*H                                                                                                 trn      rot      lat      swp
*T   1  1.57e-02  -1.150e+00  +0.000e+00     54.00   2.429e-01    1.290     0.554   5.533e+00    99.13     0.00    68.25     0.00
*T   2  1.57e-02  -1.088e+00  +0.000e+00     62.13   2.511e-01    1.353     0.515   4.587e+00    99.44     0.00    70.87     0.00
*T   3  1.57e-02  -1.120e+00  +0.000e+00     50.17   2.632e-01    1.455     0.646   3.935e+00    99.37     0.00    71.11     0.00
*
**********************************************************************
*
*                 -- AUTOADJUST [7] OUT --
*
*     target: lo % = 60.000000      hi % = 65.000000
*     Autoadjust % = 71.111111
*     Autoadjust: overshot! drop temp step to: 4.152e-03 [a.u.]
*     Autoadjust: Raising the temperature 4.152e-03 [a.u.]
*
**********************************************************************
*
*                 -- Autoadjust Metropolis Run --
*
*   autoadjust_temp_init  =  1.9866e-02
*   autoadjust_temp_step  =  4.1519e-03
*        autoadjust_runs  =        1270         configs per temp
*       autoadjust_count  =           8
*
**********************************************************************
*
* Metropolis: 3 temperature runs with these parameters:
*
*              runs  =      1270              loops per T
*               T_0  = 1.987e-02             initial temp
*               T_L  = 1.985e-02               final temp
*           T_alpha  = 7.996e+03          annealing alpha
*
*            T = T_0 * exp( -run_num**3 / T_alpha )
*
**********************************************************************
*H run      Temp       E_ion        E_ss   cel vol       SigPF       ar     ortho        pCnt          % Rejected Changes
*H                                                                                                 trn      rot      lat      swp
*T   1  1.99e-02  -1.072e+00  +0.000e+00     58.63   2.601e-01    1.452     0.562   5.889e+00    99.21     0.00    64.65     0.00
*T   2  1.99e-02  -1.054e+00  +0.000e+00     72.37   2.568e-01    1.442     0.497   4.908e+00    99.29     0.00    61.89     0.00
*T   3  1.98e-02  -1.066e+00  +0.000e+00     68.33   2.471e-01    1.641     0.587   2.774e+00    99.45     0.00    64.80     0.00
*
**********************************************************************
*
*                 -- AUTOADJUST [8] OUT --
*
*     target: lo % = 60.000000      hi % = 65.000000
*     Autoadjust % = 64.803150
*     Autoadjust: temp = 1.987e-02  is good!  Exiting autoadjust.
*
**********************************************************************
*
* ------------------------------------------------------------
*              Autoadjust low temperatrure:
* ------------------------------------------------------------
*              Autoadjusting on 3 (1=trn,2=rot,3=lat,4=swp)
*
**********************************************************************
*
*                 -- Autoadjust Metropolis Run --
*
*   autoadjust_temp_init  =  2.0000e-02
*   autoadjust_temp_step  =  5.0000e-01
*        autoadjust_runs  =        1200         configs per temp
*       autoadjust_count  =           1
*
**********************************************************************
*
* Metropolis: 3 temperature runs with these parameters:
*
*              runs  =      1200              loops per T
*               T_0  = 2.000e-02             initial temp
*               T_L  = 2.000e-02               final temp
*           T_alpha  = 1.600e+08          annealing alpha
*
*            T = T_0 * exp( -run_num**3 / T_alpha )
*
**********************************************************************
*H run      Temp       E_ion        E_ss   cel vol       SigPF       ar     ortho        pCnt          % Rejected Changes
*H                                                                                                 trn      rot      lat      swp
*T   1  2.00e-02  -1.145e+00  +0.000e+00     52.04   2.562e-01    1.519     0.633   3.737e+00    99.17     0.00    66.25     0.00
*T   2  2.00e-02  -1.069e+00  +0.000e+00     73.57   2.426e-01    1.433     0.689   1.993e+00    99.25     0.00    60.67     0.00
*T   3  2.00e-02  -1.067e+00  +0.000e+00     81.34   2.333e-01    1.387     0.613   3.347e+00    99.00     0.00    54.67     0.00
*
**********************************************************************
*
*                 -- AUTOADJUST [1] OUT --
*
*     target: lo % = 95.000000      hi % = 99.900000
*     Autoadjust % = 54.666667
*     Autoadjust: special case: (T-Tstep) = -4.800e-01 [a.u.]
*     Autoadjust: special case: ===> drop temp step to: 2.250e-01 [a.u.]
*     Autoadjust: special case: (T-Tstep) = -2.050e-01 [a.u.]
*     Autoadjust: special case: ===> drop temp step to: 1.013e-01 [a.u.]
*     Autoadjust: special case: (T-Tstep) = -8.125e-02 [a.u.]
*     Autoadjust: special case: ===> drop temp step to: 4.556e-02 [a.u.]
*     Autoadjust: special case: (T-Tstep) = -2.556e-02 [a.u.]
*     Autoadjust: special case: ===> drop temp step to: 2.050e-02 [a.u.]
*     Autoadjust: special case: (T-Tstep) = -5.031e-04 [a.u.]
*     Autoadjust: special case: ===> drop temp step to: 9.226e-03 [a.u.]
*     Autoadjust: Lowering the temperature 9.226e-03 [a.u.]
*
**********************************************************************
*
*                 -- Autoadjust Metropolis Run --
*
*   autoadjust_temp_init  =  1.0774e-02
*   autoadjust_temp_step  =  9.2264e-03
*        autoadjust_runs  =        1210         configs per temp
*       autoadjust_count  =           2
*
**********************************************************************
*
* Metropolis: 3 temperature runs with these parameters:
*
*              runs  =      1210              loops per T
*               T_0  = 1.077e-02             initial temp
*               T_L  = 1.076e-02               final temp
*           T_alpha  = 7.996e+03          annealing alpha
*
*            T = T_0 * exp( -run_num**3 / T_alpha )
*
**********************************************************************
*H run      Temp       E_ion        E_ss   cel vol       SigPF       ar     ortho        pCnt          % Rejected Changes
*H                                                                                                 trn      rot      lat      swp
*T   1  1.08e-02  -1.109e+00  +0.000e+00     61.84   2.407e-01    1.520     0.667   6.454e+00    99.59     0.00    68.35     0.00
*T   2  1.08e-02  -1.149e+00  +0.000e+00     48.90   3.067e-01    1.425     0.562   4.031e+00    99.67     0.00    74.71     0.00
*T   3  1.08e-02  -1.129e+00  +0.000e+00     49.83   3.022e-01    1.440     0.499   5.642e+00    99.83     0.00    72.89     0.00
*
**********************************************************************
*
*                 -- AUTOADJUST [2] OUT --
*
*     target: lo % = 95.000000      hi % = 99.900000
*     Autoadjust % = 72.892562
*     Autoadjust: Lowering the temperature 9.226e-03 [a.u.]
*
**********************************************************************
*
*                 -- Autoadjust Metropolis Run --
*
*   autoadjust_temp_init  =  1.5472e-03
*   autoadjust_temp_step  =  9.2264e-03
*        autoadjust_runs  =        1220         configs per temp
*       autoadjust_count  =           3
*
**********************************************************************
*
* Metropolis: 3 temperature runs with these parameters:
*
*              runs  =      1220              loops per T
*               T_0  = 1.547e-03             initial temp
*               T_L  = 1.546e-03               final temp
*           T_alpha  = 7.996e+03          annealing alpha
*
*            T = T_0 * exp( -run_num**3 / T_alpha )
*
**********************************************************************
*H run      Temp       E_ion        E_ss   cel vol       SigPF       ar     ortho        pCnt          % Rejected Changes
*H                                                                                                 trn      rot      lat      swp
*T   1  1.55e-03  -1.147e+00  +0.000e+00     46.37   3.536e-01    1.393     0.487   3.093e+02   100.00     0.00    95.98     0.00
*T   2  1.55e-03  -1.153e+00  +0.000e+00     45.26   3.734e-01    1.382     0.477   2.532e+00   100.00     0.00    96.23     0.00
*T   3  1.55e-03  -1.152e+00  +0.000e+00     45.45   3.759e-01    1.377     0.476   1.702e+00   100.00     0.00    96.64     0.00
*
**********************************************************************
*
*                 -- AUTOADJUST [3] OUT --
*
*     target: lo % = 95.000000      hi % = 99.900000
*     Autoadjust % = 96.639344
*     Autoadjust: temp = 1.547e-03  is good!  Exiting autoadjust.
*
**********************************************************************
*
*
*          -- Initializing cell contents --
*
*
*
**********************************************************************
*
*            -- Starting Metropolis calculation --
*
*              temp_init  = 1.987e-02
*
**********************************************************************
*
* Metropolis: 10 temperature runs with these parameters:
*
*              runs  =      4800              loops per T
*               T_0  = 1.987e-02             initial temp
*               T_L  = 1.547e-03               final temp
*           T_alpha  = 2.856e+02          annealing alpha
*
*            T = T_0 * exp( -run_num**3 / T_alpha )
*
**********************************************************************
*H run      Temp       E_ion        E_ss   cel vol       SigPF       ar     ortho        pCnt          % Rejected Changes
*H                                                                                                 trn      rot      lat      swp
*M   1  1.99e-02  -1.022e+00  +0.000e+00     77.88   2.164e-01    1.260     0.909   2.116e+01    97.29     0.00    56.54     0.00
*M   2  1.98e-02  -1.069e+00  +0.000e+00     63.48   2.258e-01    1.359     0.450   3.542e+00    99.04     0.00    57.62     0.00
*M   3  1.93e-02  -1.057e+00  +0.000e+00     67.96   2.108e-01    1.540     0.597   5.659e+00    98.62     0.00    54.88     0.00
*M   4  1.81e-02  -1.071e+00  +0.000e+00     79.98   2.152e-01    1.675     0.447   5.775e+00    98.58     0.00    55.23     0.00
*M   5  1.59e-02  -1.136e+00  +0.000e+00     61.86   2.061e-01    1.670     0.400   4.779e+00    99.04     0.00    57.10     0.00
*M   6  1.28e-02  -1.174e+00  +0.000e+00     51.87   2.364e-01    1.146     0.819   4.905e+00    99.69     0.00    67.60     0.00
*M   7  9.32e-03  -1.163e+00  +0.000e+00     53.79   2.938e-01    1.115     0.753   1.871e+00    99.92     0.00    79.44     0.00
*M   8  5.98e-03  -1.181e+00  +0.000e+00     53.19   3.089e-01    1.053     0.706   3.211e+00    99.98     0.00    85.71     0.00
*M   9  3.31e-03  -1.200e+00  +0.000e+00     50.17   3.204e-01    1.125     0.660   2.333e+01   100.00     0.00    90.46     0.00
*M  10  1.55e-03  -1.202e+00  +0.000e+00     50.19   3.406e-01    1.094     0.660   1.559e+00   100.00     0.00    96.83     0.00
*
**********************************************************************
*
*
*          - Parameters at Post Ewald-Metro -
*
* Lattice parameters:
*
*             lat a  =    4.0110
*             lat b  =    4.3181
*             lat c  =    4.3879
*             alpha  =   54.2548
*             beta   =   59.1905
*             gamma  =   58.5166
*          cell vol  =   50.1920
*          cv/ortho  =    0.6604
*
* Energies:
*               ecc  = -1.2020e+00
*               eng  =  0.0000e+00
*
*
* Geometry:
*
*      packing frac  =    0.5190
*      aspect ratio  =    1.0939
*
* (dE/dV):
*                Px  =  8.4220e-03                    x-dir
*                Py  =  7.3120e-03                    y-dir
*                Pz  =  8.2138e-03                    z-dir
*
* Distances (PBC only):
*                                 min           hard           diff
*           ca1_ca1  =   1.000000e+06   2.320000e+00   9.999977e+05
*           ca1_ca2  =   1.000000e+06   1.160000e+00   9.999988e+05
*           ca1_ac1  =   2.838011e+00   2.830000e+00   8.010949e-03
*           ca1_av1  =   1.000000e+06  -1.000000e+00   1.000001e+06
*           ca1_ac2  =   1.000000e+06  -1.000000e+00   1.000001e+06
*           ca1_av2  =   1.000000e+06  -1.000000e+00   1.000001e+06
*           ca2_ca2  =   1.000000e+06   0.000000e+00   1.000000e+06
*           ca2_ac1  =   1.000000e+06   1.670000e+00   9.999983e+05
*           ca2_av1  =   1.000000e+06  -1.000000e+00   1.000001e+06
*           ca2_ac2  =   1.000000e+06  -1.000000e+00   1.000001e+06
*           ca2_av2  =   1.000000e+06  -1.000000e+00   1.000001e+06
*           ac1_ac1  =   1.000000e+06   3.340000e+00   9.999967e+05
*           ac1_av1  =   1.000000e+06  -1.000000e+00   1.000001e+06
*           ac1_ac2  =   1.000000e+06  -1.000000e+00   1.000001e+06
*           ac1_av2  =   1.000000e+06  -1.000000e+00   1.000001e+06
*           av1_av1  =   1.000000e+06  -1.000000e+00   1.000001e+06
*           av1_av2  =   1.000000e+06  -1.000000e+00   1.000001e+06
*           av2_av2  =   1.000000e+06  -1.000000e+00   1.000001e+06
*
*
*
**********************************************************************
*
*         - Comparing with 'best' structure -
*
****************************************************************
*
*          best ecc  = -1.2036e+00
*          best eng  =  0.0000e+00
*           ecc+eng  = -1.2036e+00
*          best vol  =  4.9720e+01
*           best pf  =  5.2388e-01
*
*     post_runs ecc  = -1.2020e+00
*     post_runs eng  =  0.0000e+00
*           ecc+eng  = -1.2020e+00
*     post_runs vol  =  5.0192e+01
*      post_runs pf  =  5.1896e-01
*
*       dV / V_runs  =  9.3941e-03
*
*          ecc_diff  = -1.6164e-03
*          eng_diff  =  0.0000e+00
*
*
****************************************************************
*
*  mag_ecc_diff > mag_eng_diff AND within BEST_VOL AND
* 'best' has lower energy than post runs! --> swapping.
*
****************************************************************
*
*
*          - Parameters at Post 'best-swap' -
*
* Lattice parameters:
*
*             lat a  =    3.9224
*             lat b  =    4.3641
*             lat c  =    4.4022
*             alpha  =   54.8985
*             beta   =   58.4959
*             gamma  =   58.2080
*          cell vol  =   49.7205
*          cv/ortho  =    0.6598
*
* Energies:
*               ecc  = -1.2036e+00
*               eng  =  0.0000e+00
*
*
* Geometry:
*
*      packing frac  =    0.5239
*      aspect ratio  =    1.1223
*
* (dE/dV):
*                Px  =  7.6210e-03                    x-dir
*                Py  =  8.0476e-03                    y-dir
*                Pz  =  8.5388e-03                    z-dir
*
* Distances (PBC only):
*                                 min           hard           diff
*           ca1_ca1  =   1.000000e+06   2.320000e+00   9.999977e+05
*           ca1_ca2  =   1.000000e+06   1.160000e+00   9.999988e+05
*           ca1_ac1  =   2.832467e+00   2.830000e+00   2.466519e-03
*           ca1_av1  =   1.000000e+06  -1.000000e+00   1.000001e+06
*           ca1_ac2  =   1.000000e+06  -1.000000e+00   1.000001e+06
*           ca1_av2  =   1.000000e+06  -1.000000e+00   1.000001e+06
*           ca2_ca2  =   1.000000e+06   0.000000e+00   1.000000e+06
*           ca2_ac1  =   1.000000e+06   1.670000e+00   9.999983e+05
*           ca2_av1  =   1.000000e+06  -1.000000e+00   1.000001e+06
*           ca2_ac2  =   1.000000e+06  -1.000000e+00   1.000001e+06
*           ca2_av2  =   1.000000e+06  -1.000000e+00   1.000001e+06
*           ac1_ac1  =   1.000000e+06   3.340000e+00   9.999967e+05
*           ac1_av1  =   1.000000e+06  -1.000000e+00   1.000001e+06
*           ac1_ac2  =   1.000000e+06  -1.000000e+00   1.000001e+06
*           ac1_av2  =   1.000000e+06  -1.000000e+00   1.000001e+06
*           av1_av1  =   1.000000e+06  -1.000000e+00   1.000001e+06
*           av1_av2  =   1.000000e+06  -1.000000e+00   1.000001e+06
*           av2_av2  =   1.000000e+06  -1.000000e+00   1.000001e+06
*
*
*
**********************************************************************
*
*         - Final Simplex relaxation with restarts -
*
**********************************************************************
*
*
****************************************************************
*
*
*        - Simplex Minimiziation Routine -
*
*
* Note: No aspect ratio constraint.
*
*
*            n_simp  =        15                   D.O.F.
*         simp_nmax  =      4500                max moves
*       simp_errlim  =  1.00e-08
*
*
*         - Initializing simplex arrays -
*
*
*      nfunk           rtol        pf        ar     ortho             e_ion              e_ss             e_tot
*X        12     1.5224e+00   0.52388   1.12232   0.65980    -1.2036053e+00     0.0000000e+00    -1.2036053e+00
*X      2000     6.8811e-06   0.53094   1.05585   0.65178    -1.2073282e+00     0.0000000e+00    -1.2073282e+00
*
*         simp_runs  =      2416               simp moves
*              rtol  =  9.76e-09               final rtol
*
* Simplex restart no. 1 of 10
*
*         - Initializing simplex arrays -
*
*
*      nfunk           rtol        pf        ar     ortho             e_ion              e_ss             e_tot
*X        11     1.5074e+00   0.53141   1.05207   0.65136    -1.2073954e+00     0.0000000e+00    -1.2073954e+00
*
*         simp_runs  =      1643               simp moves
*              rtol  =  9.66e-09               final rtol
*
* Simplex restart no. 2 of 10
*
*         - Initializing simplex arrays -
*
*
*      nfunk           rtol        pf        ar     ortho             e_ion              e_ss             e_tot
*X        11     1.5294e+00   0.53351   1.05230   0.65104    -1.2090132e+00     0.0000000e+00    -1.2090132e+00
*X      2000     5.7747e-05   0.57692   1.03371   0.57654    -1.2122895e+00     0.0000000e+00    -1.2122895e+00
*
*         simp_runs  =      3102               simp moves
*              rtol  =  9.54e-09               final rtol
*
* Simplex restart no. 3 of 10
*
*         - Initializing simplex arrays -
*
*
*      nfunk           rtol        pf        ar     ortho             e_ion              e_ss             e_tot
*X        11     1.4449e+00   0.57891   1.03692   0.57362    -1.2125441e+00     0.0000000e+00    -1.2125441e+00
*
*         simp_runs  =      1759               simp moves
*              rtol  =  9.98e-09               final rtol
*
* Simplex restart no. 4 of 10
*
*         - Initializing simplex arrays -
*
*
*      nfunk           rtol        pf        ar     ortho             e_ion              e_ss             e_tot
*X        12     1.5134e+00   0.58798   1.03021   0.57388    -1.2190166e+00     0.0000000e+00    -1.2190166e+00
*
*         simp_runs  =      1137               simp moves
*              rtol  =  9.88e-09               final rtol
*
* Simplex restart no. 5 of 10
*
*         - Initializing simplex arrays -
*
*
*      nfunk           rtol        pf        ar     ortho             e_ion              e_ss             e_tot
*X        11     1.5132e+00   0.58813   1.02981   0.57375    -1.2190777e+00     0.0000000e+00    -1.2190777e+00
*X      2000     7.9823e-07   0.58956   1.02938   0.57246    -1.2194879e+00     0.0000000e+00    -1.2194879e+00
*
*         simp_runs  =      2221               simp moves
*              rtol  =  9.86e-09               final rtol
*
* Simplex restart no. 6 of 10
*
*         - Initializing simplex arrays -
*
*
*      nfunk           rtol        pf        ar     ortho             e_ion              e_ss             e_tot
*X        12     1.5119e+00   0.58957   1.02939   0.57244    -1.2194890e+00     0.0000000e+00    -1.2194890e+00
*
*         simp_runs  =      1962               simp moves
*              rtol  =  9.92e-09               final rtol
*
* Simplex restart no. 7 of 10
*
*         - Initializing simplex arrays -
*
*
*      nfunk           rtol        pf        ar     ortho             e_ion              e_ss             e_tot
*X        12     1.5118e+00   0.58958   1.02942   0.57247    -1.2195083e+00     0.0000000e+00    -1.2195083e+00
*
*         simp_runs  =      1499               simp moves
*              rtol  =  9.91e-09               final rtol
*
* Simplex restart no. 8 of 10
*
*         - Initializing simplex arrays -
*
*
*      nfunk           rtol        pf        ar     ortho             e_ion              e_ss             e_tot
*X        12     1.5118e+00   0.58960   1.02943   0.57246    -1.2195170e+00     0.0000000e+00    -1.2195170e+00
*
*         simp_runs  =       924               simp moves
*              rtol  =  9.08e-09               final rtol
*
* Simplex restart no. 9 of 10
*
*         - Initializing simplex arrays -
*
*
*      nfunk           rtol        pf        ar     ortho             e_ion              e_ss             e_tot
*X        12     1.5118e+00   0.58960   1.02943   0.57246    -1.2195170e+00     0.0000000e+00    -1.2195170e+00
*
*         simp_runs  =       825               simp moves
*              rtol  =  9.98e-09               final rtol
*
* Simplex restart no. 10 of 10
*
*         - Initializing simplex arrays -
*
*
*      nfunk           rtol        pf        ar     ortho             e_ion              e_ss             e_tot
*X        12     1.5118e+00   0.58960   1.02943   0.57246    -1.2195171e+00     0.0000000e+00    -1.2195171e+00
*
*         simp_runs  =       888               simp moves
*              rtol  =  9.91e-09               final rtol
*
****************************************************************
*
*          - Parameters at Post Simplex -
*
* Lattice parameters:
*
*             lat a  =    4.3058
*             lat b  =    4.2849
*             lat c  =    4.1827
*             alpha  =   51.4063
*             beta   =   51.6343
*             gamma  =   52.7078
*          cell vol  =   44.1781
*          cv/ortho  =    0.5725
*
* Energies:
*               ecc  = -1.2195e+00
*               eng  =  0.0000e+00
*
*
* Geometry:
*
*      packing frac  =    0.5896
*      aspect ratio  =    1.0294
*
* (dE/dV):
*                Px  =  1.0000e+04                    x-dir
*                Py  =  1.0000e+04                    y-dir
*                Pz  =  1.0000e+04                    z-dir
*
* Distances (PBC only):
*                                 min           hard           diff
*           ca1_ca1  =   1.000000e+06   2.320000e+00   9.999977e+05
*           ca1_ca2  =   1.000000e+06   1.160000e+00   9.999988e+05
*           ca1_ac1  =   2.830000e+00   2.830000e+00   3.077251e-09
*           ca1_av1  =   1.000000e+06  -1.000000e+00   1.000001e+06
*           ca1_ac2  =   1.000000e+06  -1.000000e+00   1.000001e+06
*           ca1_av2  =   1.000000e+06  -1.000000e+00   1.000001e+06
*           ca2_ca2  =   1.000000e+06   0.000000e+00   1.000000e+06
*           ca2_ac1  =   1.000000e+06   1.670000e+00   9.999983e+05
*           ca2_av1  =   1.000000e+06  -1.000000e+00   1.000001e+06
*           ca2_ac2  =   1.000000e+06  -1.000000e+00   1.000001e+06
*           ca2_av2  =   1.000000e+06  -1.000000e+00   1.000001e+06
*           ac1_ac1  =   1.000000e+06   3.340000e+00   9.999967e+05
*           ac1_av1  =   1.000000e+06  -1.000000e+00   1.000001e+06
*           ac1_ac2  =   1.000000e+06  -1.000000e+00   1.000001e+06
*           ac1_av2  =   1.000000e+06  -1.000000e+00   1.000001e+06
*           av1_av1  =   1.000000e+06  -1.000000e+00   1.000001e+06
*           av1_av2  =   1.000000e+06  -1.000000e+00   1.000001e+06
*           av2_av2  =   1.000000e+06  -1.000000e+00   1.000001e+06
*
*
***********************************************************
*        - Process and timing information -
*
* user time:   0 h 00 m 12.050176 s
* syst time:   0 h 00 m 00.016000 s
* signals: 0
* voluntary context switches: 8
* involuntary context switches: 11
*
***********************************************************
*SS symsearch output
*SS ( use:  | awk '($1=="*S"){print $0}' | sed 's/*S //' > temp.out )
*S Title
*S 1                 search type
*S 5.0 0.00001       displacement rms max min
*S 0.1 0.00001       strain rms max min
*S 1                 lattice input type
*S      4.30584     0.00000     0.00000
*S      2.59616     3.40890     0.00000
*S      2.59612     1.30250     3.00978
*S 1 0 0
*S 0 1 0
*S 0 0 1
*S 2                 number of atoms
*S 11 0
*S      0.69213     0.19108     0.87197
*S      0.19219     0.69103     0.37191
*FF findsym output
*FF ( use:  | awk '($1=="*F"){print $0}' | sed 's/*F //' > temp.out )
*F Title
*F 0.001       displacement rms max min
*F 1                 lattice input type
*F      4.30584     0.00000     0.00000
*F      2.59616     3.40890     0.00000
*F      2.59612     1.30250     3.00978
*F 1               basis vector in type
*F 1 0 0
*F 0 1 0
*F 0 0 1
*F 2                 number of atoms
*F 11 0
*F      0.69213     0.19108     0.87197
*F      0.19219     0.69103     0.37191
*DD powder output
*DD (use: | awk '($1=="*D"){print $0}' | sed 's/*D //' > temp.out )
*D 2
*D      4.30584     4.28494     4.18272
*D     51.40628    51.63433    52.70777
*D      0.69213     0.19108     0.87197        11
*D      0.19219     0.69103     0.37191         0
*PP poscar output
*PP (use: | awk '($1=="*P"){print $0}' | sed 's/*P //' > temp.out )
*P Z: 11 17 
*P 1.0 
*P      4.30583519     0.00000000     0.00000000
*P      2.59615934     3.40890484     0.00000000
*P      2.59612299     1.30250459     3.00977974
*P 1 1 0 
*P Direct
*P       0.692125661467      0.191076330344      0.871966739639
*P       0.192191941642      0.691033908291      0.371906189331
*QQ poscar output
*QQ (use: | awk '($1=="*Q"){print $0}' | sed 's/*Q //' > temp.out )
*Q +1.000000000000 -1.000000000000 
*Q 1.0 
*Q      4.30583519     0.00000000     0.00000000
*Q      2.59615934     3.40890484     0.00000000
*Q      2.59612299     1.30250459     3.00977974
*Q 1 1 0 
*Q Direct
*Q       0.692125661467      0.191076330344      0.871966739639
*Q       0.192191941642      0.691033908291      0.371906189331
*RR restart output
*RR (use: | awk '($1=="*R"){print $0}' | sed 's/*R //' > temp.out )
*R     4.305835188167    4.284935880475    4.182720030270
*R     0.897208868663    0.901188986796    0.919924079073
*R      1
*R      1     1
*R   -1.000000000000000   0.000000000000000
*R     0.000000000000    1.670000000000    0.000000000000    17     0
*R      1
*R      1   1.000000000000000
*R     1.160000000000    11
*R     0.692125661467    0.191076330344    0.871966739639
*R     0.192191941642    0.691033908291    0.371906189331
* XBS output
* CATION:
atom C     5.739976525    1.787101704    2.624427827
spec C     1.160000000    1.000000000    0.000000000    0.000000000
* ANION:
atom A     3.587095169    2.840078349    1.119355714
spec A     1.670000000    0.000000000    0.000000000    1.000000000
spec V     0.000000000    0.000000000    1.000000000    0.000000000
bonds A V  0.000000000    0.000000000    0.010000000    Black
* CELL PARAMETERS AND BORDER
atom 0    0.00000   0.00000   0.00000
atom 1    4.30584   0.00000   0.00000
atom 2    6.90199   3.40890   0.00000
atom 3    2.59616   3.40890   0.00000
atom 4    2.59612   1.30250   3.00978
atom 5    6.90196   1.30250   3.00978
atom 6    9.49812   4.71141   3.00978
atom 7    5.19228   4.71141   3.00978
spec 0     0.050000000    0.000000000    0.000000000    0.000000000
spec 1     0.050000000    0.000000000    0.000000000    0.000000000
spec 2     0.050000000    0.000000000    0.000000000    0.000000000
spec 3     0.050000000    0.000000000    0.000000000    0.000000000
spec 4     0.050000000    0.000000000    0.000000000    0.000000000
spec 5     0.050000000    0.000000000    0.000000000    0.000000000
spec 6     0.050000000    0.000000000    0.000000000    0.000000000
spec 7     0.050000000    0.000000000    0.000000000    0.000000000
bonds 0 1  4.301529353    4.310141023    0.010000000    Black
bonds 3 2  4.301529353    4.310141023    0.010000000    Black
bonds 4 5  4.301529353    4.310141023    0.010000000    Black
bonds 6 7  4.301529353    4.310141023    0.010000000    Black
bonds 1 2  4.280650945    4.289220816    0.010000000    Black
bonds 0 3  4.280650945    4.289220816    0.010000000    Black
bonds 5 6  4.280650945    4.289220816    0.010000000    Black
bonds 4 7  4.280650945    4.289220816    0.010000000    Black
bonds 0 4  4.178537310    4.186902750    0.010000000    Black
bonds 1 5  4.178537310    4.186902750    0.010000000    Black
bonds 2 6  4.178537310    4.186902750    0.010000000    Black
bonds 3 7  4.178537310    4.186902750    0.010000000    Black
inc 5.000000
dup    4.30584   0.00000   0.00000
dup    2.59616   3.40890   0.00000
dup    2.59612   1.30250   3.00978
