*************************************************
*	pack	(version 4.12.0.5)
*	Eric Majzoub
*	Sandia National Laboratories
*************************************************
*  Source file: main.c
*  Compile date: Dec 27 2012
*  Compile time: 17:19:04
*  commandline = /projects/e20438/bin/pack-4.12.0.5/pack_exe -f ../../NaCl_pegs.in -P -R -r 500 -t 15 -g 13330 
*  input file = ../../NaCl_pegs.in
**********************************************************************
**********************************************************************
**********************************************************************
* 
*       - General run comments -
* 
* WARN: no Rotations in Metropolis (-R flag).
* WARN: all anionic charge on center atom (-P flag).
*
**********************************************************************
*           - Input parameters -
*
*           restart  =         0         1 = restart calc
*        autoadjust  =         1   automatically set temp
*          aa_using  =         1        1=rej pct, 2=pCnt
*         basin hop  =         0           number of hops
*     non_per_ewald  =         0          1=nanopart calc
*
*             lat a  =   10.0000
*             lat b  =   10.0000
*             lat c  =   10.0000
*             alpha  =    1.5708
*             beta   =    1.5708
*             gamma  =    1.5708
*          cell vol  = 1000.0000
*      sqsh vol pct  =    0.2000
* 
*          cell_min  =    1.6700              min lat vec
*          cell_max  =  167.0000              max lat vec
* 
*         n_type_an  =         1          num type anions
*            num_an  =         1           tot num anions
* 
*          num_an_1  =         1        num anions type 1
*        num_vert_1  =         1     1=sph 2=dim 5=tet...
*       an_chrg_c_1  =   -1.0000      anion center charge
*       an_chrg_v_1  =    0.0000      anion vertex charge
*     tot_an_chrg_1  =   -1.0000       total anion charge
*           Rcent_1  =    1.6700         anion center rad
*           Rvert_1  =    0.0000         anion vertex rad
*             cvd_1  =    0.0000        cent to vert dist
*           Zcent_1  =        17           anion center Z
*           Zvert_1  =         0           anion vertex Z
* 
*          num_an_2  =         0        num anions type 2
*        num_vert_2  =         0     1=sph 2=dim 5=tet...
*       an_chrg_c_2  =    0.0000      anion center charge
*       an_chrg_v_2  =    0.0000      anion vertex charge
*     tot_an_chrg_2  =    0.0000       total anion charge
*           Rcent_2  =    0.0000         anion center rad
*           Rvert_2  =    0.0000         anion vertex rad
*             cvd_2  =    0.0000        cent to vert dist
*           Zcent_2  =         0           anion center Z
*           Zvert_2  =         0           anion vertex Z
* 
*         n_type_ca  =         1            num type cats
*            num_ca  =         1          tot num cations
* 
*          num_ca_1  =         1        num cations typ 1
*         ca_chrg_1  =    1.0000        cation chrg typ 1
*            Rcat_1  =    1.1600         cation rad typ 1
*            Zcat_1  =        11           cation Z typ 1
* 
*            C2VTOL  =  1.00e-08            c2v tolerance
*            ERRLIM  =  1.00e-06
*       REP_EPSILON  =  1.00e+00        soft sphere repul
*    TRANS_FRAC_MAX  =    0.5000                    fixed
*    TRANS_FRAC_MIN  =    0.0200
*      MAX_ANG_CHNG  =    9.9695                  degrees
*    VOLUM_FRAC_MAX  =    0.0700
*         EXT_PRESS  =  0.00e+00        external pressure
*      SQSH_VOL_PCT  =    0.2000             min orth val
*        ASPECT_MAX  =   20.0000                cell parm
*            dplane  =    1.6700            min plane sep
*      SCALE_FACTOR  =    1.2500         bhop max scaling
* 
*            d.o.f.  =        12       degrees of freedom
*          runs/dof  =       500         loops per d.o.f.
*              runs  =      6000              loops per T
*               ncc  =     24000     config changes per T
*            t_runs  =        15           num temp steps
*             efunc  =         0               0=SS  1=LJ
*       N_HALT_CHNG  =        15      halts after N 100%s
*
*      anneal_sched  =         3   0=lin or exp(-run_n^n)
*         temp_init  =  1.00e+00             initial temp
*         temp_finl  =  1.00e-03               final temp
* 
*          trn_chng  =         1              0=off  1=on
*          rot_chng  =         0              0=off  1=on
*          lat_chng  =         1              0=off  1=on
*          swp_chng  =         1              0=off  1=on
* 
*     SIMP_RESTARTS  =        11     no. simplex restarts
*  SIMP_RESTARTS BH  =        21  basin hop simp restarts
*         SIMP_NMAX  =      4500        max simplex iters
*          SIMP_DEG  =    1.0000          anion start deg
*         SIMP_LAMB  =    0.0100        vertex start frac
*       SIMP_ERRLIM  =  1.00e-08              error limit
* 
*           aa runs  =      1200           config changes
*      aa runs_step  =        10   config change increase
*       aa runs_max  =      1500  max auto config changes
*         aa t_runs  =         3            num temp runs
*      aa temp_step  =    0.5000                temp step
* 
*        aa chng hi  =         3  1=trn 2=rot 3=lat 4=swp
*        aa chng lo  =         3  1=trn 2=rot 3=lat 4=swp
* 
*      aa ht_pct_hi  =     0.650             high rej pct
*      aa ht_pct_lo  =     0.600             low  rej pct
* 
*      aa lt_pct_hi  =     0.999             high rej pct
*      aa lt_pct_lo  =     0.950             low  rej pct
* 
*            tmpfile =                   PR21219-best.tmp
* 
* Checking for out of bounds fractional coords.
*
**********************************************************************
*
*          - Parameters at START -
*
* Lattice parameters:
*
*             lat a  =   10.0000
*             lat b  =   10.0000
*             lat c  =   10.0000
*             alpha  =   90.0000
*             beta   =   90.0000
*             gamma  =   90.0000
*          cell vol  = 1000.0000
*          cv/ortho  =    1.0000
*
* Energies:
*               ecc  = -6.3698e-01
*               eng  =  0.0000e+00
*
*
* Geometry:
*
*      packing frac  =    0.0260
*      aspect ratio  =    1.0000
*
* (dE/dV):
*                Px  =  5.0792e-04                    x-dir
*                Py  =  1.2644e-04                    y-dir
*                Pz  =  2.6158e-06                    z-dir
*
* Distances (PBC only):
*                                 min           hard           diff
*           ca1_ca1  =   1.000000e+06   2.320000e+00   9.999977e+05
*           ca1_ca2  =   1.000000e+06   1.160000e+00   9.999988e+05
*           ca1_ac1  =   3.400791e+00   2.830000e+00   5.707911e-01
*           ca1_av1  =   1.000000e+06  -1.000000e+00   1.000001e+06
*           ca1_ac2  =   1.000000e+06  -1.000000e+00   1.000001e+06
*           ca1_av2  =   1.000000e+06  -1.000000e+00   1.000001e+06
*           ca2_ca2  =   1.000000e+06   0.000000e+00   1.000000e+06
*           ca2_ac1  =   1.000000e+06   1.670000e+00   9.999983e+05
*           ca2_av1  =   1.000000e+06  -1.000000e+00   1.000001e+06
*           ca2_ac2  =   1.000000e+06  -1.000000e+00   1.000001e+06
*           ca2_av2  =   1.000000e+06  -1.000000e+00   1.000001e+06
*           ac1_ac1  =   1.000000e+06   3.340000e+00   9.999967e+05
*           ac1_av1  =   1.000000e+06  -1.000000e+00   1.000001e+06
*           ac1_ac2  =   1.000000e+06  -1.000000e+00   1.000001e+06
*           ac1_av2  =   1.000000e+06  -1.000000e+00   1.000001e+06
*           av1_av1  =   1.000000e+06  -1.000000e+00   1.000001e+06
*           av1_av2  =   1.000000e+06  -1.000000e+00   1.000001e+06
*           av2_av2  =   1.000000e+06  -1.000000e+00   1.000001e+06
*
*
*
**********************************************************************
*
* ------------------------------------------------------------
*              Autoadjust high temperatrure:
* ------------------------------------------------------------
*              Autoadjusting on 3 (1=trn,2=rot,3=lat,4=swp)
*
**********************************************************************
*
*                 -- Autoadjust Metropolis Run --
*
*   autoadjust_temp_init  =  1.0000e+00
*   autoadjust_temp_step  =  5.0000e-01
*        autoadjust_runs  =        1200         configs per temp
*       autoadjust_count  =           1
*
**********************************************************************
*
* Metropolis: 3 temperature runs with these parameters:
*
*              runs  =      1200              loops per T
*               T_0  = 1.000e+00             initial temp
*               T_L  = 1.000e+00               final temp
*           T_alpha  = 8.000e+09          annealing alpha
*
*            T = T_0 * exp( -run_num**3 / T_alpha )
*
**********************************************************************
*H run      Temp       E_ion        E_ss   cel vol       SigPF       ar     ortho        pCnt          % Rejected Changes
*H                                                                                                 trn      rot      lat      swp
*T   1  1.00e+00  -4.584e-01  +0.000e+00    271.38   6.278e-02    3.153     0.657   1.102e-01    31.50     0.00     2.50     0.00
*T   2  1.00e+00  -7.295e-01  +0.000e+00    485.70   3.884e-02    3.886     0.538   7.106e-02    22.92     0.00     2.33     0.00
*T   3  1.00e+00  -4.304e-01  +0.000e+00   3371.37   2.526e-02    2.467     0.201   4.567e-02    12.67     0.00     3.83     0.00
*
**********************************************************************
*
*                 -- AUTOADJUST [1] OUT --
*
*     target: lo % = 60.000000      hi % = 65.000000
*     Autoadjust % =  3.833333
*     Autoadjust: Lowering the temperature 5.000e-01 [a.u.]
*
**********************************************************************
*
*                 -- Autoadjust Metropolis Run --
*
*   autoadjust_temp_init  =  5.0000e-01
*   autoadjust_temp_step  =  5.0000e-01
*        autoadjust_runs  =        1210         configs per temp
*       autoadjust_count  =           2
*
**********************************************************************
*
* Metropolis: 3 temperature runs with these parameters:
*
*              runs  =      1210              loops per T
*               T_0  = 5.000e-01             initial temp
*               T_L  = 4.995e-01               final temp
*           T_alpha  = 7.996e+03          annealing alpha
*
*            T = T_0 * exp( -run_num**3 / T_alpha )
*
**********************************************************************
*H run      Temp       E_ion        E_ss   cel vol       SigPF       ar     ortho        pCnt          % Rejected Changes
*H                                                                                                 trn      rot      lat      swp
*T   1  5.00e-01  -5.642e-01  +0.000e+00   6307.78   1.604e-03    3.505     0.316   5.791e-02    10.41     0.00     7.77     0.00
*T   2  5.00e-01  +7.253e-02  +0.000e+00  16686.90   5.255e-03    6.246     0.615   2.274e-01    21.07     0.00     1.07     0.00
*T   3  4.99e-01  -8.091e-01  +0.000e+00    805.70   2.830e-02    5.157     0.690   1.562e+00    57.02     0.00     6.03     0.00
*
**********************************************************************
*
*                 -- AUTOADJUST [2] OUT --
*
*     target: lo % = 60.000000      hi % = 65.000000
*     Autoadjust % =  6.033058
*     Autoadjust: special case: (T-Tstep) = 0.000e+00 [a.u.]
*     Autoadjust: special case: ===> drop temp step to: 2.250e-01 [a.u.]
*     Autoadjust: Lowering the temperature 2.250e-01 [a.u.]
*
**********************************************************************
*
*                 -- Autoadjust Metropolis Run --
*
*   autoadjust_temp_init  =  2.7500e-01
*   autoadjust_temp_step  =  2.2500e-01
*        autoadjust_runs  =        1220         configs per temp
*       autoadjust_count  =           3
*
**********************************************************************
*
* Metropolis: 3 temperature runs with these parameters:
*
*              runs  =      1220              loops per T
*               T_0  = 2.750e-01             initial temp
*               T_L  = 2.747e-01               final temp
*           T_alpha  = 7.996e+03          annealing alpha
*
*            T = T_0 * exp( -run_num**3 / T_alpha )
*
**********************************************************************
*H run      Temp       E_ion        E_ss   cel vol       SigPF       ar     ortho        pCnt          % Rejected Changes
*H                                                                                                 trn      rot      lat      swp
*T   1  2.75e-01  -7.347e-01  +0.000e+00    188.51   3.347e-02    2.190     0.338   1.275e+00    72.30     0.00     6.89     0.00
*T   2  2.75e-01  -6.882e-01  +0.000e+00    150.01   9.483e-02    1.788     0.555   5.152e-01    58.03     0.00     8.85     0.00
*T   3  2.75e-01  -7.480e-01  +0.000e+00    358.09   5.531e-02    1.541     0.308   2.077e-01    55.57     0.00     7.21     0.00
*
**********************************************************************
*
*                 -- AUTOADJUST [3] OUT --
*
*     target: lo % = 60.000000      hi % = 65.000000
*     Autoadjust % =  7.213115
*     Autoadjust: Lowering the temperature 2.250e-01 [a.u.]
*
**********************************************************************
*
*                 -- Autoadjust Metropolis Run --
*
*   autoadjust_temp_init  =  5.0000e-02
*   autoadjust_temp_step  =  2.2500e-01
*        autoadjust_runs  =        1230         configs per temp
*       autoadjust_count  =           4
*
**********************************************************************
*
* Metropolis: 3 temperature runs with these parameters:
*
*              runs  =      1230              loops per T
*               T_0  = 5.000e-02             initial temp
*               T_L  = 4.995e-02               final temp
*           T_alpha  = 7.996e+03          annealing alpha
*
*            T = T_0 * exp( -run_num**3 / T_alpha )
*
**********************************************************************
*H run      Temp       E_ion        E_ss   cel vol       SigPF       ar     ortho        pCnt          % Rejected Changes
*H                                                                                                 trn      rot      lat      swp
*T   1  5.00e-02  -5.493e-01  +0.000e+00   1425.49   1.597e-02    1.828     0.220   2.643e+00    91.95     0.00    26.26     0.00
*T   2  5.00e-02  -8.679e-01  +0.000e+00    328.79   3.711e-02    2.174     0.373   5.402e+00    92.85     0.00    25.37     0.00
*T   3  5.00e-02  -9.389e-01  +0.000e+00    111.54   6.976e-02    2.729     0.439   2.341e+00    95.61     0.00    28.94     0.00
*
**********************************************************************
*
*                 -- AUTOADJUST [4] OUT --
*
*     target: lo % = 60.000000      hi % = 65.000000
*     Autoadjust % = 28.943089
*     Autoadjust: special case: (T-Tstep) = -1.750e-01 [a.u.]
*     Autoadjust: special case: ===> drop temp step to: 1.013e-01 [a.u.]
*     Autoadjust: special case: (T-Tstep) = -5.125e-02 [a.u.]
*     Autoadjust: special case: ===> drop temp step to: 4.556e-02 [a.u.]
*     Autoadjust: Lowering the temperature 4.556e-02 [a.u.]
*
**********************************************************************
*
*                 -- Autoadjust Metropolis Run --
*
*   autoadjust_temp_init  =  4.4375e-03
*   autoadjust_temp_step  =  4.5563e-02
*        autoadjust_runs  =        1240         configs per temp
*       autoadjust_count  =           5
*
**********************************************************************
*
* Metropolis: 3 temperature runs with these parameters:
*
*              runs  =      1240              loops per T
*               T_0  = 4.438e-03             initial temp
*               T_L  = 4.433e-03               final temp
*           T_alpha  = 7.996e+03          annealing alpha
*
*            T = T_0 * exp( -run_num**3 / T_alpha )
*
**********************************************************************
*H run      Temp       E_ion        E_ss   cel vol       SigPF       ar     ortho        pCnt          % Rejected Changes
*H                                                                                                 trn      rot      lat      swp
*T   1  4.44e-03  -1.146e+00  +0.000e+00     58.24   2.345e-01    1.674     0.376   1.324e+02    99.84     0.00    77.34     0.00
*T   2  4.44e-03  -1.124e+00  +0.000e+00     63.93   2.652e-01    1.832     0.382   1.195e+01    99.92     0.00    84.35     0.00
*T   3  4.43e-03  -1.139e+00  +0.000e+00     59.77   2.650e-01    1.836     0.381   2.950e+00    99.92     0.00    87.26     0.00
*
**********************************************************************
*
*                 -- AUTOADJUST [5] OUT --
*
*     target: lo % = 60.000000      hi % = 65.000000
*     Autoadjust % = 87.258065
*     Autoadjust: overshot! drop temp step to: 2.050e-02 [a.u.]
*     Autoadjust: Raising the temperature 2.050e-02 [a.u.]
*
**********************************************************************
*
*                 -- Autoadjust Metropolis Run --
*
*   autoadjust_temp_init  =  2.4941e-02
*   autoadjust_temp_step  =  2.0503e-02
*        autoadjust_runs  =        1250         configs per temp
*       autoadjust_count  =           6
*
**********************************************************************
*
* Metropolis: 3 temperature runs with these parameters:
*
*              runs  =      1250              loops per T
*               T_0  = 2.494e-02             initial temp
*               T_L  = 2.492e-02               final temp
*           T_alpha  = 7.996e+03          annealing alpha
*
*            T = T_0 * exp( -run_num**3 / T_alpha )
*
**********************************************************************
*H run      Temp       E_ion        E_ss   cel vol       SigPF       ar     ortho        pCnt          % Rejected Changes
*H                                                                                                 trn      rot      lat      swp
*T   1  2.49e-02  -1.085e+00  +0.000e+00     76.58   1.602e-01    1.979     0.435   2.753e+00    96.40     0.00    48.16     0.00
*T   2  2.49e-02  -1.082e+00  +0.000e+00     57.62   2.086e-01    1.267     0.870   2.032e+00    98.80     0.00    48.96     0.00
*T   3  2.49e-02  -1.022e+00  +0.000e+00     73.33   2.168e-01    1.156     0.908   3.138e+00    98.96     0.00    51.84     0.00
*
**********************************************************************
*
*                 -- AUTOADJUST [6] OUT --
*
*     target: lo % = 60.000000      hi % = 65.000000
*     Autoadjust % = 51.840000
*     Autoadjust: overshot! drop temp step to: 9.226e-03 [a.u.]
*     Autoadjust: Lowering the temperature 9.226e-03 [a.u.]
*
**********************************************************************
*
*                 -- Autoadjust Metropolis Run --
*
*   autoadjust_temp_init  =  1.5714e-02
*   autoadjust_temp_step  =  9.2264e-03
*        autoadjust_runs  =        1260         configs per temp
*       autoadjust_count  =           7
*
**********************************************************************
*
* Metropolis: 3 temperature runs with these parameters:
*
*              runs  =      1260              loops per T
*               T_0  = 1.571e-02             initial temp
*               T_L  = 1.570e-02               final temp
*           T_alpha  = 7.996e+03          annealing alpha
*
*            T = T_0 * exp( -run_num**3 / T_alpha )
*
**********************************************************************
*H run      Temp       E_ion        E_ss   cel vol       SigPF       ar     ortho        pCnt          % Rejected Changes
*H                                                                                                 trn      rot      lat      swp
*T   1  1.57e-02  -1.035e+00  +0.000e+00     75.19   2.251e-01    1.462     0.680   3.765e+00    99.21     0.00    63.57     0.00
*T   2  1.57e-02  -1.068e+00  +0.000e+00     74.13   1.790e-01    1.328     0.607   5.376e+00    98.10     0.00    56.51     0.00
*T   3  1.57e-02  -1.135e+00  +0.000e+00     51.98   2.217e-01    1.564     0.593   4.372e+00    98.49     0.00    60.63     0.00
*
**********************************************************************
*
*                 -- AUTOADJUST [7] OUT --
*
*     target: lo % = 60.000000      hi % = 65.000000
*     Autoadjust % = 60.634921
*     Autoadjust: temp = 1.571e-02  is good!  Exiting autoadjust.
*
**********************************************************************
*
* ------------------------------------------------------------
*              Autoadjust low temperatrure:
* ------------------------------------------------------------
*              Autoadjusting on 3 (1=trn,2=rot,3=lat,4=swp)
*
**********************************************************************
*
*                 -- Autoadjust Metropolis Run --
*
*   autoadjust_temp_init  =  2.0000e-02
*   autoadjust_temp_step  =  5.0000e-01
*        autoadjust_runs  =        1200         configs per temp
*       autoadjust_count  =           1
*
**********************************************************************
*
* Metropolis: 3 temperature runs with these parameters:
*
*              runs  =      1200              loops per T
*               T_0  = 2.000e-02             initial temp
*               T_L  = 2.000e-02               final temp
*           T_alpha  = 1.600e+08          annealing alpha
*
*            T = T_0 * exp( -run_num**3 / T_alpha )
*
**********************************************************************
*H run      Temp       E_ion        E_ss   cel vol       SigPF       ar     ortho        pCnt          % Rejected Changes
*H                                                                                                 trn      rot      lat      swp
*T   1  2.00e-02  -1.114e+00  +0.000e+00     53.10   2.115e-01    1.623     0.435   6.780e+00    99.00     0.00    56.42     0.00
*T   2  2.00e-02  -1.092e+00  +0.000e+00     69.87   2.154e-01    1.190     0.478   4.845e+00    99.25     0.00    51.75     0.00
*T   3  2.00e-02  -9.595e-01  +0.000e+00     95.36   2.069e-01    1.586     0.465   3.554e+00    98.33     0.00    55.83     0.00
*
**********************************************************************
*
*                 -- AUTOADJUST [1] OUT --
*
*     target: lo % = 95.000000      hi % = 99.900000
*     Autoadjust % = 55.833333
*     Autoadjust: special case: (T-Tstep) = -4.800e-01 [a.u.]
*     Autoadjust: special case: ===> drop temp step to: 2.250e-01 [a.u.]
*     Autoadjust: special case: (T-Tstep) = -2.050e-01 [a.u.]
*     Autoadjust: special case: ===> drop temp step to: 1.013e-01 [a.u.]
*     Autoadjust: special case: (T-Tstep) = -8.125e-02 [a.u.]
*     Autoadjust: special case: ===> drop temp step to: 4.556e-02 [a.u.]
*     Autoadjust: special case: (T-Tstep) = -2.556e-02 [a.u.]
*     Autoadjust: special case: ===> drop temp step to: 2.050e-02 [a.u.]
*     Autoadjust: special case: (T-Tstep) = -5.031e-04 [a.u.]
*     Autoadjust: special case: ===> drop temp step to: 9.226e-03 [a.u.]
*     Autoadjust: Lowering the temperature 9.226e-03 [a.u.]
*
**********************************************************************
*
*                 -- Autoadjust Metropolis Run --
*
*   autoadjust_temp_init  =  1.0774e-02
*   autoadjust_temp_step  =  9.2264e-03
*        autoadjust_runs  =        1210         configs per temp
*       autoadjust_count  =           2
*
**********************************************************************
*
* Metropolis: 3 temperature runs with these parameters:
*
*              runs  =      1210              loops per T
*               T_0  = 1.077e-02             initial temp
*               T_L  = 1.076e-02               final temp
*           T_alpha  = 7.996e+03          annealing alpha
*
*            T = T_0 * exp( -run_num**3 / T_alpha )
*
**********************************************************************
*H run      Temp       E_ion        E_ss   cel vol       SigPF       ar     ortho        pCnt          % Rejected Changes
*H                                                                                                 trn      rot      lat      swp
*T   1  1.08e-02  -1.141e+00  +0.000e+00     61.62   2.289e-01    1.218     0.432   1.157e+01    99.59     0.00    79.83     0.00
*T   2  1.08e-02  -1.123e+00  +0.000e+00     59.08   2.639e-01    1.138     0.387   4.217e+00    99.92     0.00    76.45     0.00
*T   3  1.08e-02  -1.157e+00  +0.000e+00     50.17   2.719e-01    1.315     0.568   4.982e+00    99.67     0.00    74.05     0.00
*
**********************************************************************
*
*                 -- AUTOADJUST [2] OUT --
*
*     target: lo % = 95.000000      hi % = 99.900000
*     Autoadjust % = 74.049587
*     Autoadjust: Lowering the temperature 9.226e-03 [a.u.]
*
**********************************************************************
*
*                 -- Autoadjust Metropolis Run --
*
*   autoadjust_temp_init  =  1.5472e-03
*   autoadjust_temp_step  =  9.2264e-03
*        autoadjust_runs  =        1220         configs per temp
*       autoadjust_count  =           3
*
**********************************************************************
*
* Metropolis: 3 temperature runs with these parameters:
*
*              runs  =      1220              loops per T
*               T_0  = 1.547e-03             initial temp
*               T_L  = 1.546e-03               final temp
*           T_alpha  = 7.996e+03          annealing alpha
*
*            T = T_0 * exp( -run_num**3 / T_alpha )
*
**********************************************************************
*H run      Temp       E_ion        E_ss   cel vol       SigPF       ar     ortho        pCnt          % Rejected Changes
*H                                                                                                 trn      rot      lat      swp
*T   1  1.55e-03  -1.181e+00  +0.000e+00     49.10   3.377e-01    1.222     0.576   2.155e+01   100.00     0.00    93.69     0.00
*T   2  1.55e-03  -1.180e+00  +0.000e+00     48.79   3.486e-01    1.237     0.574   1.149e+00   100.00     0.00    96.80     0.00
*T   3  1.55e-03  -1.182e+00  +0.000e+00     48.97   3.522e-01    1.224     0.580   1.916e+00   100.00     0.00    97.70     0.00
*
**********************************************************************
*
*                 -- AUTOADJUST [3] OUT --
*
*     target: lo % = 95.000000      hi % = 99.900000
*     Autoadjust % = 97.704918
*     Autoadjust: temp = 1.547e-03  is good!  Exiting autoadjust.
*
**********************************************************************
*
*
*          -- Initializing cell contents --
*
*
*
**********************************************************************
*
*            -- Starting Metropolis calculation --
*
*              temp_init  = 1.571e-02
*
**********************************************************************
*
* Metropolis: 15 temperature runs with these parameters:
*
*              runs  =      6000              loops per T
*               T_0  = 1.571e-02             initial temp
*               T_L  = 1.547e-03               final temp
*           T_alpha  = 1.184e+03          annealing alpha
*
*            T = T_0 * exp( -run_num**3 / T_alpha )
*
**********************************************************************
*H run      Temp       E_ion        E_ss   cel vol       SigPF       ar     ortho        pCnt          % Rejected Changes
*H                                                                                                 trn      rot      lat      swp
*M   1  1.57e-02  -1.135e+00  +0.000e+00     53.00   1.930e-01    1.406     0.686   3.442e+01    98.88     0.00    62.08     0.00
*M   2  1.57e-02  -1.098e+00  +0.000e+00     59.04   2.460e-01    1.296     0.767   5.240e+00    99.13     0.00    62.93     0.00
*M   3  1.56e-02  -1.012e+00  +0.000e+00     82.53   2.292e-01    1.393     0.872   4.868e+00    99.32     0.00    62.87     0.00
*M   4  1.54e-02  -1.127e+00  +0.000e+00     54.80   2.379e-01    1.292     0.719   5.712e+00    99.35     0.00    62.87     0.00
*M   5  1.49e-02  -1.158e+00  +0.000e+00     58.03   2.483e-01    1.230     0.669   4.105e+00    99.67     0.00    66.62     0.00
*M   6  1.41e-02  -1.131e+00  +0.000e+00     58.23   2.498e-01    1.808     0.470   7.622e+00    99.37     0.00    65.28     0.00
*M   7  1.31e-02  -1.089e+00  +0.000e+00     69.10   3.039e-01    1.984     0.532   4.970e+00    99.88     0.00    70.50     0.00
*M   8  1.18e-02  -1.157e+00  +0.000e+00     46.15   2.988e-01    1.550     0.623   6.037e+00    99.88     0.00    74.28     0.00
*M   9  1.02e-02  -1.157e+00  +0.000e+00     46.23   3.013e-01    1.577     0.715   4.450e+00    99.83     0.00    76.70     0.00
*M  10  8.49e-03  -1.148e+00  +0.000e+00     49.20   3.242e-01    1.600     0.700   3.391e+00    99.98     0.00    81.77     0.00
*M  11  6.75e-03  -1.182e+00  +0.000e+00     43.94   3.335e-01    1.412     0.677   5.033e+00    99.98     0.00    84.67     0.00
*M  12  5.10e-03  -1.166e+00  +0.000e+00     45.12   3.581e-01    1.606     0.696   5.148e+00    99.98     0.00    89.10     0.00
*M  13  3.65e-03  -1.172e+00  +0.000e+00     44.18   3.719e-01    1.542     0.677   2.543e+00   100.00     0.00    91.55     0.00
*M  14  2.46e-03  -1.180e+00  +0.000e+00     45.28   3.780e-01    1.436     0.687   1.490e+00    99.98     0.00    94.97     0.00
*M  15  1.55e-03  -1.181e+00  +0.000e+00     44.73   3.824e-01    1.450     0.682   2.978e+00   100.00     0.00    96.32     0.00
*
**********************************************************************
*
*
*          - Parameters at Post Ewald-Metro -
*
* Lattice parameters:
*
*             lat a  =    5.0851
*             lat b  =    3.6753
*             lat c  =    3.5072
*             alpha  =   88.6587
*             beta   =   44.3705
*             gamma  =   80.2828
*          cell vol  =   44.7266
*          cv/ortho  =    0.6824
*
* Energies:
*               ecc  = -1.1811e+00
*               eng  =  0.0000e+00
*
*
* Geometry:
*
*      packing frac  =    0.5824
*      aspect ratio  =    1.4499
*
* (dE/dV):
*                Px  =  6.9916e-03                    x-dir
*                Py  =  9.8791e-03                    y-dir
*                Pz  =  9.5371e-03                    z-dir
*
* Distances (PBC only):
*                                 min           hard           diff
*           ca1_ca1  =   1.000000e+06   2.320000e+00   9.999977e+05
*           ca1_ca2  =   1.000000e+06   1.160000e+00   9.999988e+05
*           ca1_ac1  =   2.838650e+00   2.830000e+00   8.650424e-03
*           ca1_av1  =   1.000000e+06  -1.000000e+00   1.000001e+06
*           ca1_ac2  =   1.000000e+06  -1.000000e+00   1.000001e+06
*           ca1_av2  =   1.000000e+06  -1.000000e+00   1.000001e+06
*           ca2_ca2  =   1.000000e+06   0.000000e+00   1.000000e+06
*           ca2_ac1  =   1.000000e+06   1.670000e+00   9.999983e+05
*           ca2_av1  =   1.000000e+06  -1.000000e+00   1.000001e+06
*           ca2_ac2  =   1.000000e+06  -1.000000e+00   1.000001e+06
*           ca2_av2  =   1.000000e+06  -1.000000e+00   1.000001e+06
*           ac1_ac1  =   1.000000e+06   3.340000e+00   9.999967e+05
*           ac1_av1  =   1.000000e+06  -1.000000e+00   1.000001e+06
*           ac1_ac2  =   1.000000e+06  -1.000000e+00   1.000001e+06
*           ac1_av2  =   1.000000e+06  -1.000000e+00   1.000001e+06
*           av1_av1  =   1.000000e+06  -1.000000e+00   1.000001e+06
*           av1_av2  =   1.000000e+06  -1.000000e+00   1.000001e+06
*           av2_av2  =   1.000000e+06  -1.000000e+00   1.000001e+06
*
*
*
**********************************************************************
*
*         - Comparing with 'best' structure -
*
****************************************************************
*
*          best ecc  = -1.2039e+00
*          best eng  =  0.0000e+00
*           ecc+eng  = -1.2039e+00
*          best vol  =  3.8878e+01
*           best pf  =  6.6998e-01
*
*     post_runs ecc  = -1.1811e+00
*     post_runs eng  =  0.0000e+00
*           ecc+eng  = -1.1811e+00
*     post_runs vol  =  4.4727e+01
*      post_runs pf  =  5.8237e-01
*
*       dV / V_runs  =  1.3077e-01
*
*          ecc_diff  = -2.2811e-02
*          eng_diff  =  0.0000e+00
*
*
****************************************************************
*
*  mag_ecc_diff > mag_eng_diff AND within BEST_VOL AND
* 'best' has lower energy than post runs! --> swapping.
*
****************************************************************
*
*
*          - Parameters at Post 'best-swap' -
*
* Lattice parameters:
*
*             lat a  =    4.7100
*             lat b  =    4.7175
*             lat c  =    3.4638
*             alpha  =   90.5175
*             beta   =   45.4053
*             gamma  =   60.2964
*          cell vol  =   38.8779
*          cv/ortho  =    0.5051
*
* Energies:
*               ecc  = -1.2039e+00
*               eng  =  0.0000e+00
*
*
* Geometry:
*
*      packing frac  =    0.6700
*      aspect ratio  =    1.3620
*
* (dE/dV):
*                Px  =  1.1202e-02                    x-dir
*                Py  =  9.5213e-03                    y-dir
*                Pz  =  1.0244e-02                    z-dir
*
* Distances (PBC only):
*                                 min           hard           diff
*           ca1_ca1  =   1.000000e+06   2.320000e+00   9.999977e+05
*           ca1_ca2  =   1.000000e+06   1.160000e+00   9.999988e+05
*           ca1_ac1  =   2.849340e+00   2.830000e+00   1.933969e-02
*           ca1_av1  =   1.000000e+06  -1.000000e+00   1.000001e+06
*           ca1_ac2  =   1.000000e+06  -1.000000e+00   1.000001e+06
*           ca1_av2  =   1.000000e+06  -1.000000e+00   1.000001e+06
*           ca2_ca2  =   1.000000e+06   0.000000e+00   1.000000e+06
*           ca2_ac1  =   1.000000e+06   1.670000e+00   9.999983e+05
*           ca2_av1  =   1.000000e+06  -1.000000e+00   1.000001e+06
*           ca2_ac2  =   1.000000e+06  -1.000000e+00   1.000001e+06
*           ca2_av2  =   1.000000e+06  -1.000000e+00   1.000001e+06
*           ac1_ac1  =   1.000000e+06   3.340000e+00   9.999967e+05
*           ac1_av1  =   1.000000e+06  -1.000000e+00   1.000001e+06
*           ac1_ac2  =   1.000000e+06  -1.000000e+00   1.000001e+06
*           ac1_av2  =   1.000000e+06  -1.000000e+00   1.000001e+06
*           av1_av1  =   1.000000e+06  -1.000000e+00   1.000001e+06
*           av1_av2  =   1.000000e+06  -1.000000e+00   1.000001e+06
*           av2_av2  =   1.000000e+06  -1.000000e+00   1.000001e+06
*
*
*
**********************************************************************
*
*         - Final Simplex relaxation with restarts -
*
**********************************************************************
*
*
****************************************************************
*
*
*        - Simplex Minimiziation Routine -
*
*
* Note: No aspect ratio constraint.
*
*
*            n_simp  =        15                   D.O.F.
*         simp_nmax  =      4500                max moves
*       simp_errlim  =  1.00e-08
*
*
*         - Initializing simplex arrays -
*
*
*      nfunk           rtol        pf        ar     ortho             e_ion              e_ss             e_tot
*X        12     3.8604e-03   0.66998   1.36197   0.50515    -1.2046333e+00     0.0000000e+00    -1.2046333e+00
*
*         simp_runs  =      1423               simp moves
*              rtol  =  9.78e-09               final rtol
*
* Simplex restart no. 1 of 10
*
*         - Initializing simplex arrays -
*
*
*      nfunk           rtol        pf        ar     ortho             e_ion              e_ss             e_tot
*X        12     1.4227e+00   0.69955   1.41052   0.50915    -1.2206205e+00     0.0000000e+00    -1.2206205e+00
*
*         simp_runs  =      1095               simp moves
*              rtol  =  9.79e-09               final rtol
*
* Simplex restart no. 2 of 10
*
*         - Initializing simplex arrays -
*
*
*      nfunk           rtol        pf        ar     ortho             e_ion              e_ss             e_tot
*X        11     1.4196e+00   0.69955   1.41052   0.50915    -1.2206304e+00     0.0000000e+00    -1.2206304e+00
*
*         simp_runs  =       879               simp moves
*              rtol  =  9.97e-09               final rtol
*
* Simplex restart no. 3 of 10
*
*         - Initializing simplex arrays -
*
*
*      nfunk           rtol        pf        ar     ortho             e_ion              e_ss             e_tot
*X        11     1.4196e+00   0.69955   1.41052   0.50915    -1.2206304e+00     0.0000000e+00    -1.2206304e+00
*
*         simp_runs  =       884               simp moves
*              rtol  =  9.76e-09               final rtol
*
* Simplex restart no. 4 of 10
*
*         - Initializing simplex arrays -
*
*
*      nfunk           rtol        pf        ar     ortho             e_ion              e_ss             e_tot
*X        11     1.4196e+00   0.69955   1.41052   0.50915    -1.2206304e+00     0.0000000e+00    -1.2206304e+00
*
*         simp_runs  =       887               simp moves
*              rtol  =  9.72e-09               final rtol
*
* Simplex restart no. 5 of 10
*
*         - Initializing simplex arrays -
*
*
*      nfunk           rtol        pf        ar     ortho             e_ion              e_ss             e_tot
*X        11     1.4196e+00   0.69955   1.41052   0.50915    -1.2206304e+00     0.0000000e+00    -1.2206304e+00
*
*         simp_runs  =       887               simp moves
*              rtol  =  9.72e-09               final rtol
*
* Simplex restart no. 6 of 10
*
*         - Initializing simplex arrays -
*
*
*      nfunk           rtol        pf        ar     ortho             e_ion              e_ss             e_tot
*X        11     1.4196e+00   0.69955   1.41052   0.50915    -1.2206304e+00     0.0000000e+00    -1.2206304e+00
*
*         simp_runs  =       887               simp moves
*              rtol  =  9.72e-09               final rtol
*
* Simplex restart no. 7 of 10
*
*         - Initializing simplex arrays -
*
*
*      nfunk           rtol        pf        ar     ortho             e_ion              e_ss             e_tot
*X        11     1.4196e+00   0.69955   1.41052   0.50915    -1.2206304e+00     0.0000000e+00    -1.2206304e+00
*
*         simp_runs  =       887               simp moves
*              rtol  =  9.72e-09               final rtol
*
* Simplex restart no. 8 of 10
*
*         - Initializing simplex arrays -
*
*
*      nfunk           rtol        pf        ar     ortho             e_ion              e_ss             e_tot
*X        11     1.4196e+00   0.69955   1.41052   0.50915    -1.2206304e+00     0.0000000e+00    -1.2206304e+00
*
*         simp_runs  =       887               simp moves
*              rtol  =  9.72e-09               final rtol
*
* Simplex restart no. 9 of 10
*
*         - Initializing simplex arrays -
*
*
*      nfunk           rtol        pf        ar     ortho             e_ion              e_ss             e_tot
*X        11     1.4196e+00   0.69955   1.41052   0.50915    -1.2206304e+00     0.0000000e+00    -1.2206304e+00
*
*         simp_runs  =       887               simp moves
*              rtol  =  9.72e-09               final rtol
*
* Simplex restart no. 10 of 10
*
*         - Initializing simplex arrays -
*
*
*      nfunk           rtol        pf        ar     ortho             e_ion              e_ss             e_tot
*X        11     1.4196e+00   0.69955   1.41052   0.50915    -1.2206304e+00     0.0000000e+00    -1.2206304e+00
*
*         simp_runs  =       887               simp moves
*              rtol  =  9.72e-09               final rtol
*
****************************************************************
*
*          - Parameters at Post Simplex -
*
* Lattice parameters:
*
*             lat a  =    4.6476
*             lat b  =    4.7112
*             lat c  =    3.3400
*             alpha  =   90.5646
*             beta   =   45.9134
*             gamma  =   60.0160
*          cell vol  =   37.2343
*          cv/ortho  =    0.5091
*
* Energies:
*               ecc  = -1.2206e+00
*               eng  =  0.0000e+00
*
*
* Geometry:
*
*      packing frac  =    0.6996
*      aspect ratio  =    1.4105
*
* (dE/dV):
*                Px  =  1.0000e+04                    x-dir
*                Py  =  1.1094e-02                    y-dir
*                Pz  =  1.0000e+04                    z-dir
*
* Distances (PBC only):
*                                 min           hard           diff
*           ca1_ca1  =   1.000000e+06   2.320000e+00   9.999977e+05
*           ca1_ca2  =   1.000000e+06   1.160000e+00   9.999988e+05
*           ca1_ac1  =   2.879734e+00   2.830000e+00   4.973449e-02
*           ca1_av1  =   1.000000e+06  -1.000000e+00   1.000001e+06
*           ca1_ac2  =   1.000000e+06  -1.000000e+00   1.000001e+06
*           ca1_av2  =   1.000000e+06  -1.000000e+00   1.000001e+06
*           ca2_ca2  =   1.000000e+06   0.000000e+00   1.000000e+06
*           ca2_ac1  =   1.000000e+06   1.670000e+00   9.999983e+05
*           ca2_av1  =   1.000000e+06  -1.000000e+00   1.000001e+06
*           ca2_ac2  =   1.000000e+06  -1.000000e+00   1.000001e+06
*           ca2_av2  =   1.000000e+06  -1.000000e+00   1.000001e+06
*           ac1_ac1  =   1.000000e+06   3.340000e+00   9.999967e+05
*           ac1_av1  =   1.000000e+06  -1.000000e+00   1.000001e+06
*           ac1_ac2  =   1.000000e+06  -1.000000e+00   1.000001e+06
*           ac1_av2  =   1.000000e+06  -1.000000e+00   1.000001e+06
*           av1_av1  =   1.000000e+06  -1.000000e+00   1.000001e+06
*           av1_av2  =   1.000000e+06  -1.000000e+00   1.000001e+06
*           av2_av2  =   1.000000e+06  -1.000000e+00   1.000001e+06
*
*
***********************************************************
*        - Process and timing information -
*
* user time:   0 h 00 m 16.488984 s
* syst time:   0 h 00 m 00.001999 s
* signals: 0
* voluntary context switches: 7
* involuntary context switches: 15
*
***********************************************************
*SS symsearch output
*SS ( use:  | awk '($1=="*S"){print $0}' | sed 's/*S //' > temp.out )
*S Title
*S 1                 search type
*S 5.0 0.00001       displacement rms max min
*S 0.1 0.00001       strain rms max min
*S 1                 lattice input type
*S      4.64758     0.00000     0.00000
*S      2.35444     4.08063     0.00000
*S      2.32379    -1.37877     1.96331
*S 1 0 0
*S 0 1 0
*S 0 0 1
*S 2                 number of atoms
*S 11 0
*S      0.46963     0.07003     0.70582
*S      0.49689     0.56618     0.16177
*FF findsym output
*FF ( use:  | awk '($1=="*F"){print $0}' | sed 's/*F //' > temp.out )
*F Title
*F 0.001       displacement rms max min
*F 1                 lattice input type
*F      4.64758     0.00000     0.00000
*F      2.35444     4.08063     0.00000
*F      2.32379    -1.37877     1.96331
*F 1               basis vector in type
*F 1 0 0
*F 0 1 0
*F 0 0 1
*F 2                 number of atoms
*F 11 0
*F      0.46963     0.07003     0.70582
*F      0.49689     0.56618     0.16177
*DD powder output
*DD (use: | awk '($1=="*D"){print $0}' | sed 's/*D //' > temp.out )
*D 2
*D      4.64758     4.71115     3.34000
*D     90.56457    45.91337    60.01600
*D      0.46963     0.07003     0.70582        11
*D      0.49689     0.56618     0.16177         0
*PP poscar output
*PP (use: | awk '($1=="*P"){print $0}' | sed 's/*P //' > temp.out )
*P Z: 11 17 
*P 1.0 
*P      4.64757838     0.00000000     0.00000000
*P      2.35443596     4.08063395     0.00000000
*P      2.32378918    -1.37877061     1.96331237
*P 1 1 0 
*P Direct
*P       0.469634998040      0.070031496421      0.705823874434
*P       0.496892738046      0.566175114459      0.161768294130
*QQ poscar output
*QQ (use: | awk '($1=="*Q"){print $0}' | sed 's/*Q //' > temp.out )
*Q +1.000000000000 -1.000000000000 
*Q 1.0 
*Q      4.64757838     0.00000000     0.00000000
*Q      2.35443596     4.08063395     0.00000000
*Q      2.32378918    -1.37877061     1.96331237
*Q 1 1 0 
*Q Direct
*Q       0.469634998040      0.070031496421      0.705823874434
*Q       0.496892738046      0.566175114459      0.161768294130
*RR restart output
*RR (use: | awk '($1=="*R"){print $0}' | sed 's/*R //' > temp.out )
*R     4.647578384522    4.711150827525    3.340000001832
*R     1.580649867709    0.801339392483    1.047476807620
*R      1
*R      1     1
*R   -1.000000000000000   0.000000000000000
*R     0.000000000000    1.670000000000    0.000000000000    17     0
*R      1
*R      1   1.000000000000000
*R     1.160000000000    11
*R     0.469634998040    0.070031496421    0.705823874434
*R     0.496892738046    0.566175114459    0.161768294130
* XBS output
* CATION:
atom C     3.987736022   -0.687396315    1.385752741
spec C     1.160000000    1.000000000    0.000000000    0.000000000
* ANION:
atom A     4.018286411    2.087312022    0.317601692
spec A     1.670000000    0.000000000    0.000000000    1.000000000
spec V     0.000000000    0.000000000    1.000000000    0.000000000
bonds A V  0.000000000    0.000000000    0.010000000    Black
* CELL PARAMETERS AND BORDER
atom 0    0.00000   0.00000   0.00000
atom 1    4.64758   0.00000   0.00000
atom 2    7.00201   4.08063   0.00000
atom 3    2.35444   4.08063   0.00000
atom 4    2.32379  -1.37877   1.96331
atom 5    6.97137  -1.37877   1.96331
atom 6    9.32580   2.70186   1.96331
atom 7    4.67823   2.70186   1.96331
spec 0     0.050000000    0.000000000    0.000000000    0.000000000
spec 1     0.050000000    0.000000000    0.000000000    0.000000000
spec 2     0.050000000    0.000000000    0.000000000    0.000000000
spec 3     0.050000000    0.000000000    0.000000000    0.000000000
spec 4     0.050000000    0.000000000    0.000000000    0.000000000
spec 5     0.050000000    0.000000000    0.000000000    0.000000000
spec 6     0.050000000    0.000000000    0.000000000    0.000000000
spec 7     0.050000000    0.000000000    0.000000000    0.000000000
bonds 0 1  4.642930806    4.652225963    0.010000000    Black
bonds 3 2  4.642930806    4.652225963    0.010000000    Black
bonds 4 5  4.642930806    4.652225963    0.010000000    Black
bonds 6 7  4.642930806    4.652225963    0.010000000    Black
bonds 1 2  4.706439677    4.715861978    0.010000000    Black
bonds 0 3  4.706439677    4.715861978    0.010000000    Black
bonds 5 6  4.706439677    4.715861978    0.010000000    Black
bonds 4 7  4.706439677    4.715861978    0.010000000    Black
bonds 0 4  3.336660002    3.343340002    0.010000000    Black
bonds 1 5  3.336660002    3.343340002    0.010000000    Black
bonds 2 6  3.336660002    3.343340002    0.010000000    Black
bonds 3 7  3.336660002    3.343340002    0.010000000    Black
inc 5.000000
dup    4.64758   0.00000   0.00000
dup    2.35444   4.08063   0.00000
dup    2.32379  -1.37877   1.96331
