*************************************************
*	pack	(version 4.12.0.5)
*	Eric Majzoub
*	Sandia National Laboratories
*************************************************
*  Source file: main.c
*  Compile date: Dec 27 2012
*  Compile time: 17:19:04
*  commandline = /projects/e20438/bin/pack-4.12.0.5/pack_exe -f ../../NaCl_pegs.in -P -R -r 400 -t 10 -g 12904 
*  input file = ../../NaCl_pegs.in
**********************************************************************
**********************************************************************
**********************************************************************
* 
*       - General run comments -
* 
* WARN: no Rotations in Metropolis (-R flag).
* WARN: all anionic charge on center atom (-P flag).
*
**********************************************************************
*           - Input parameters -
*
*           restart  =         0         1 = restart calc
*        autoadjust  =         1   automatically set temp
*          aa_using  =         1        1=rej pct, 2=pCnt
*         basin hop  =         0           number of hops
*     non_per_ewald  =         0          1=nanopart calc
*
*             lat a  =   10.0000
*             lat b  =   10.0000
*             lat c  =   10.0000
*             alpha  =    1.5708
*             beta   =    1.5708
*             gamma  =    1.5708
*          cell vol  = 1000.0000
*      sqsh vol pct  =    0.2000
* 
*          cell_min  =    1.6700              min lat vec
*          cell_max  =  167.0000              max lat vec
* 
*         n_type_an  =         1          num type anions
*            num_an  =         1           tot num anions
* 
*          num_an_1  =         1        num anions type 1
*        num_vert_1  =         1     1=sph 2=dim 5=tet...
*       an_chrg_c_1  =   -1.0000      anion center charge
*       an_chrg_v_1  =    0.0000      anion vertex charge
*     tot_an_chrg_1  =   -1.0000       total anion charge
*           Rcent_1  =    1.6700         anion center rad
*           Rvert_1  =    0.0000         anion vertex rad
*             cvd_1  =    0.0000        cent to vert dist
*           Zcent_1  =        17           anion center Z
*           Zvert_1  =         0           anion vertex Z
* 
*          num_an_2  =         0        num anions type 2
*        num_vert_2  =         0     1=sph 2=dim 5=tet...
*       an_chrg_c_2  =    0.0000      anion center charge
*       an_chrg_v_2  =    0.0000      anion vertex charge
*     tot_an_chrg_2  =    0.0000       total anion charge
*           Rcent_2  =    0.0000         anion center rad
*           Rvert_2  =    0.0000         anion vertex rad
*             cvd_2  =    0.0000        cent to vert dist
*           Zcent_2  =         0           anion center Z
*           Zvert_2  =         0           anion vertex Z
* 
*         n_type_ca  =         1            num type cats
*            num_ca  =         1          tot num cations
* 
*          num_ca_1  =         1        num cations typ 1
*         ca_chrg_1  =    1.0000        cation chrg typ 1
*            Rcat_1  =    1.1600         cation rad typ 1
*            Zcat_1  =        11           cation Z typ 1
* 
*            C2VTOL  =  1.00e-08            c2v tolerance
*            ERRLIM  =  1.00e-06
*       REP_EPSILON  =  1.00e+00        soft sphere repul
*    TRANS_FRAC_MAX  =    0.5000                    fixed
*    TRANS_FRAC_MIN  =    0.0200
*      MAX_ANG_CHNG  =    9.9695                  degrees
*    VOLUM_FRAC_MAX  =    0.0700
*         EXT_PRESS  =  0.00e+00        external pressure
*      SQSH_VOL_PCT  =    0.2000             min orth val
*        ASPECT_MAX  =   20.0000                cell parm
*            dplane  =    1.6700            min plane sep
*      SCALE_FACTOR  =    1.2500         bhop max scaling
* 
*            d.o.f.  =        12       degrees of freedom
*          runs/dof  =       400         loops per d.o.f.
*              runs  =      4800              loops per T
*               ncc  =     19200     config changes per T
*            t_runs  =        10           num temp steps
*             efunc  =         0               0=SS  1=LJ
*       N_HALT_CHNG  =        15      halts after N 100%s
*
*      anneal_sched  =         3   0=lin or exp(-run_n^n)
*         temp_init  =  1.00e+00             initial temp
*         temp_finl  =  1.00e-03               final temp
* 
*          trn_chng  =         1              0=off  1=on
*          rot_chng  =         0              0=off  1=on
*          lat_chng  =         1              0=off  1=on
*          swp_chng  =         1              0=off  1=on
* 
*     SIMP_RESTARTS  =        11     no. simplex restarts
*  SIMP_RESTARTS BH  =        21  basin hop simp restarts
*         SIMP_NMAX  =      4500        max simplex iters
*          SIMP_DEG  =    1.0000          anion start deg
*         SIMP_LAMB  =    0.0100        vertex start frac
*       SIMP_ERRLIM  =  1.00e-08              error limit
* 
*           aa runs  =      1200           config changes
*      aa runs_step  =        10   config change increase
*       aa runs_max  =      1500  max auto config changes
*         aa t_runs  =         3            num temp runs
*      aa temp_step  =    0.5000                temp step
* 
*        aa chng hi  =         3  1=trn 2=rot 3=lat 4=swp
*        aa chng lo  =         3  1=trn 2=rot 3=lat 4=swp
* 
*      aa ht_pct_hi  =     0.650             high rej pct
*      aa ht_pct_lo  =     0.600             low  rej pct
* 
*      aa lt_pct_hi  =     0.999             high rej pct
*      aa lt_pct_lo  =     0.950             low  rej pct
* 
*            tmpfile =                   PR19544-best.tmp
* 
* Checking for out of bounds fractional coords.
*
**********************************************************************
*
*          - Parameters at START -
*
* Lattice parameters:
*
*             lat a  =   10.0000
*             lat b  =   10.0000
*             lat c  =   10.0000
*             alpha  =   90.0000
*             beta   =   90.0000
*             gamma  =   90.0000
*          cell vol  = 1000.0000
*          cv/ortho  =    1.0000
*
* Energies:
*               ecc  = -4.9110e-01
*               eng  =  0.0000e+00
*
*
* Geometry:
*
*      packing frac  =    0.0260
*      aspect ratio  =    1.0000
*
* (dE/dV):
*                Px  = -2.4275e-05                    x-dir
*                Py  =  2.4257e-04                    y-dir
*                Pz  =  2.7280e-04                    z-dir
*
* Distances (PBC only):
*                                 min           hard           diff
*           ca1_ca1  =   1.000000e+06   2.320000e+00   9.999977e+05
*           ca1_ca2  =   1.000000e+06   1.160000e+00   9.999988e+05
*           ca1_ac1  =   5.039365e+00   2.830000e+00   2.209365e+00
*           ca1_av1  =   1.000000e+06  -1.000000e+00   1.000001e+06
*           ca1_ac2  =   1.000000e+06  -1.000000e+00   1.000001e+06
*           ca1_av2  =   1.000000e+06  -1.000000e+00   1.000001e+06
*           ca2_ca2  =   1.000000e+06   0.000000e+00   1.000000e+06
*           ca2_ac1  =   1.000000e+06   1.670000e+00   9.999983e+05
*           ca2_av1  =   1.000000e+06  -1.000000e+00   1.000001e+06
*           ca2_ac2  =   1.000000e+06  -1.000000e+00   1.000001e+06
*           ca2_av2  =   1.000000e+06  -1.000000e+00   1.000001e+06
*           ac1_ac1  =   1.000000e+06   3.340000e+00   9.999967e+05
*           ac1_av1  =   1.000000e+06  -1.000000e+00   1.000001e+06
*           ac1_ac2  =   1.000000e+06  -1.000000e+00   1.000001e+06
*           ac1_av2  =   1.000000e+06  -1.000000e+00   1.000001e+06
*           av1_av1  =   1.000000e+06  -1.000000e+00   1.000001e+06
*           av1_av2  =   1.000000e+06  -1.000000e+00   1.000001e+06
*           av2_av2  =   1.000000e+06  -1.000000e+00   1.000001e+06
*
*
*
**********************************************************************
*
* ------------------------------------------------------------
*              Autoadjust high temperatrure:
* ------------------------------------------------------------
*              Autoadjusting on 3 (1=trn,2=rot,3=lat,4=swp)
*
**********************************************************************
*
*                 -- Autoadjust Metropolis Run --
*
*   autoadjust_temp_init  =  1.0000e+00
*   autoadjust_temp_step  =  5.0000e-01
*        autoadjust_runs  =        1200         configs per temp
*       autoadjust_count  =           1
*
**********************************************************************
*
* Metropolis: 3 temperature runs with these parameters:
*
*              runs  =      1200              loops per T
*               T_0  = 1.000e+00             initial temp
*               T_L  = 1.000e+00               final temp
*           T_alpha  = 8.000e+09          annealing alpha
*
*            T = T_0 * exp( -run_num**3 / T_alpha )
*
**********************************************************************
*H run      Temp       E_ion        E_ss   cel vol       SigPF       ar     ortho        pCnt          % Rejected Changes
*H                                                                                                 trn      rot      lat      swp
*T   1  1.00e+00  -5.606e-01  +0.000e+00    959.61   6.781e-02    2.264     0.638   8.920e-02    22.58     0.00     1.17     0.00
*T   2  1.00e+00  -7.462e-01  +0.000e+00    232.68   9.511e-02    1.709     0.360   2.021e-01    33.83     0.00     2.92     0.00
*T   3  1.00e+00  -2.231e-02  +0.000e+00   5811.20   4.639e-02    6.961     0.312   5.635e-02    22.33     0.00     1.17     0.00
*
**********************************************************************
*
*                 -- AUTOADJUST [1] OUT --
*
*     target: lo % = 60.000000      hi % = 65.000000
*     Autoadjust % =  1.166667
*     Autoadjust: Lowering the temperature 5.000e-01 [a.u.]
*
**********************************************************************
*
*                 -- Autoadjust Metropolis Run --
*
*   autoadjust_temp_init  =  5.0000e-01
*   autoadjust_temp_step  =  5.0000e-01
*        autoadjust_runs  =        1210         configs per temp
*       autoadjust_count  =           2
*
**********************************************************************
*
* Metropolis: 3 temperature runs with these parameters:
*
*              runs  =      1210              loops per T
*               T_0  = 5.000e-01             initial temp
*               T_L  = 4.995e-01               final temp
*           T_alpha  = 7.996e+03          annealing alpha
*
*            T = T_0 * exp( -run_num**3 / T_alpha )
*
**********************************************************************
*H run      Temp       E_ion        E_ss   cel vol       SigPF       ar     ortho        pCnt          % Rejected Changes
*H                                                                                                 trn      rot      lat      swp
*T   1  5.00e-01  -7.433e-01  +0.000e+00    927.42   8.720e-03    9.561     0.374   3.942e-01    36.36     0.00     3.06     0.00
*T   2  5.00e-01  -5.143e-01  +0.000e+00   2339.66   8.119e-03   17.316     0.337   8.120e-01    46.28     0.00     2.89     0.00
*T   3  4.99e-01  +7.121e-02  +0.000e+00   4750.74   4.190e-03   14.077     0.219   5.699e-01    46.36     0.00     2.73     0.00
*
**********************************************************************
*
*                 -- AUTOADJUST [2] OUT --
*
*     target: lo % = 60.000000      hi % = 65.000000
*     Autoadjust % =  2.727273
*     Autoadjust: special case: (T-Tstep) = 0.000e+00 [a.u.]
*     Autoadjust: special case: ===> drop temp step to: 2.250e-01 [a.u.]
*     Autoadjust: Lowering the temperature 2.250e-01 [a.u.]
*
**********************************************************************
*
*                 -- Autoadjust Metropolis Run --
*
*   autoadjust_temp_init  =  2.7500e-01
*   autoadjust_temp_step  =  2.2500e-01
*        autoadjust_runs  =        1220         configs per temp
*       autoadjust_count  =           3
*
**********************************************************************
*
* Metropolis: 3 temperature runs with these parameters:
*
*              runs  =      1220              loops per T
*               T_0  = 2.750e-01             initial temp
*               T_L  = 2.747e-01               final temp
*           T_alpha  = 7.996e+03          annealing alpha
*
*            T = T_0 * exp( -run_num**3 / T_alpha )
*
**********************************************************************
*H run      Temp       E_ion        E_ss   cel vol       SigPF       ar     ortho        pCnt          % Rejected Changes
*H                                                                                                 trn      rot      lat      swp
*T   1  2.75e-01  -3.647e-01  +0.000e+00   3089.45   3.997e-03    3.371     0.333   6.449e-01    45.00     0.00     4.59     0.00
*T   2  2.75e-01  -5.176e-01  +0.000e+00    420.11   2.954e-02    2.793     0.432   6.822e-01    48.85     0.00     6.15     0.00
*T   3  2.75e-01  -7.690e-01  +0.000e+00    333.99   3.625e-02    3.488     0.317   4.180e-01    42.30     0.00     7.05     0.00
*
**********************************************************************
*
*                 -- AUTOADJUST [3] OUT --
*
*     target: lo % = 60.000000      hi % = 65.000000
*     Autoadjust % =  7.049180
*     Autoadjust: Lowering the temperature 2.250e-01 [a.u.]
*
**********************************************************************
*
*                 -- Autoadjust Metropolis Run --
*
*   autoadjust_temp_init  =  5.0000e-02
*   autoadjust_temp_step  =  2.2500e-01
*        autoadjust_runs  =        1230         configs per temp
*       autoadjust_count  =           4
*
**********************************************************************
*
* Metropolis: 3 temperature runs with these parameters:
*
*              runs  =      1230              loops per T
*               T_0  = 5.000e-02             initial temp
*               T_L  = 4.995e-02               final temp
*           T_alpha  = 7.996e+03          annealing alpha
*
*            T = T_0 * exp( -run_num**3 / T_alpha )
*
**********************************************************************
*H run      Temp       E_ion        E_ss   cel vol       SigPF       ar     ortho        pCnt          % Rejected Changes
*H                                                                                                 trn      rot      lat      swp
*T   1  5.00e-02  -9.878e-01  +0.000e+00    107.28   1.328e-01    2.127     0.379   2.462e+00    95.04     0.00    27.64     0.00
*T   2  5.00e-02  -1.058e+00  +0.000e+00     70.61   9.591e-02    2.139     0.511   2.976e+00    82.85     0.00    26.26     0.00
*T   3  5.00e-02  -9.395e-01  +0.000e+00    160.01   1.456e-01    1.326     0.342   2.642e+00    85.69     0.00    33.41     0.00
*
**********************************************************************
*
*                 -- AUTOADJUST [4] OUT --
*
*     target: lo % = 60.000000      hi % = 65.000000
*     Autoadjust % = 33.414634
*     Autoadjust: special case: (T-Tstep) = -1.750e-01 [a.u.]
*     Autoadjust: special case: ===> drop temp step to: 1.013e-01 [a.u.]
*     Autoadjust: special case: (T-Tstep) = -5.125e-02 [a.u.]
*     Autoadjust: special case: ===> drop temp step to: 4.556e-02 [a.u.]
*     Autoadjust: Lowering the temperature 4.556e-02 [a.u.]
*
**********************************************************************
*
*                 -- Autoadjust Metropolis Run --
*
*   autoadjust_temp_init  =  4.4375e-03
*   autoadjust_temp_step  =  4.5563e-02
*        autoadjust_runs  =        1240         configs per temp
*       autoadjust_count  =           5
*
**********************************************************************
*
* Metropolis: 3 temperature runs with these parameters:
*
*              runs  =      1240              loops per T
*               T_0  = 4.438e-03             initial temp
*               T_L  = 4.433e-03               final temp
*           T_alpha  = 7.996e+03          annealing alpha
*
*            T = T_0 * exp( -run_num**3 / T_alpha )
*
**********************************************************************
*H run      Temp       E_ion        E_ss   cel vol       SigPF       ar     ortho        pCnt          % Rejected Changes
*H                                                                                                 trn      rot      lat      swp
*T   1  4.44e-03  -9.963e-01  +0.000e+00    139.89   1.143e-01    1.409     0.333   3.250e+01   100.00     0.00    89.76     0.00
*T   2  4.44e-03  -9.906e-01  +0.000e+00    144.60   1.177e-01    1.491     0.349   1.557e+00   100.00     0.00    91.61     0.00
*T   3  4.43e-03  -1.008e+00  +0.000e+00    113.98   1.228e-01    1.860     0.343   3.185e+00   100.00     0.00    86.21     0.00
*
**********************************************************************
*
*                 -- AUTOADJUST [5] OUT --
*
*     target: lo % = 60.000000      hi % = 65.000000
*     Autoadjust % = 86.209677
*     Autoadjust: overshot! drop temp step to: 2.050e-02 [a.u.]
*     Autoadjust: Raising the temperature 2.050e-02 [a.u.]
*
**********************************************************************
*
*                 -- Autoadjust Metropolis Run --
*
*   autoadjust_temp_init  =  2.4941e-02
*   autoadjust_temp_step  =  2.0503e-02
*        autoadjust_runs  =        1250         configs per temp
*       autoadjust_count  =           6
*
**********************************************************************
*
* Metropolis: 3 temperature runs with these parameters:
*
*              runs  =      1250              loops per T
*               T_0  = 2.494e-02             initial temp
*               T_L  = 2.492e-02               final temp
*           T_alpha  = 7.996e+03          annealing alpha
*
*            T = T_0 * exp( -run_num**3 / T_alpha )
*
**********************************************************************
*H run      Temp       E_ion        E_ss   cel vol       SigPF       ar     ortho        pCnt          % Rejected Changes
*H                                                                                                 trn      rot      lat      swp
*T   1  2.49e-02  -1.060e+00  +0.000e+00     70.09   1.509e-01    1.572     0.514   4.175e+00    93.84     0.00    49.12     0.00
*T   2  2.49e-02  -1.084e+00  +0.000e+00     75.00   1.732e-01    1.169     0.648   2.338e+00    97.60     0.00    54.88     0.00
*T   3  2.49e-02  -1.042e+00  +0.000e+00     77.32   1.468e-01    1.426     0.513   3.351e+00    95.12     0.00    47.28     0.00
*
**********************************************************************
*
*                 -- AUTOADJUST [6] OUT --
*
*     target: lo % = 60.000000      hi % = 65.000000
*     Autoadjust % = 47.280000
*     Autoadjust: overshot! drop temp step to: 9.226e-03 [a.u.]
*     Autoadjust: Lowering the temperature 9.226e-03 [a.u.]
*
**********************************************************************
*
*                 -- Autoadjust Metropolis Run --
*
*   autoadjust_temp_init  =  1.5714e-02
*   autoadjust_temp_step  =  9.2264e-03
*        autoadjust_runs  =        1260         configs per temp
*       autoadjust_count  =           7
*
**********************************************************************
*
* Metropolis: 3 temperature runs with these parameters:
*
*              runs  =      1260              loops per T
*               T_0  = 1.571e-02             initial temp
*               T_L  = 1.570e-02               final temp
*           T_alpha  = 7.996e+03          annealing alpha
*
*            T = T_0 * exp( -run_num**3 / T_alpha )
*
**********************************************************************
*H run      Temp       E_ion        E_ss   cel vol       SigPF       ar     ortho        pCnt          % Rejected Changes
*H                                                                                                 trn      rot      lat      swp
*T   1  1.57e-02  -1.141e+00  +0.000e+00     55.76   2.406e-01    1.336     0.437   1.040e+01    99.76     0.00    58.25     0.00
*T   2  1.57e-02  -1.111e+00  +0.000e+00     62.03   2.461e-01    1.495     0.561   4.146e+00    99.60     0.00    55.63     0.00
*T   3  1.57e-02  -1.117e+00  +0.000e+00     63.79   2.473e-01    1.330     0.540   1.547e+00    99.92     0.00    63.49     0.00
*
**********************************************************************
*
*                 -- AUTOADJUST [7] OUT --
*
*     target: lo % = 60.000000      hi % = 65.000000
*     Autoadjust % = 63.492063
*     Autoadjust: temp = 1.571e-02  is good!  Exiting autoadjust.
*
**********************************************************************
*
* ------------------------------------------------------------
*              Autoadjust low temperatrure:
* ------------------------------------------------------------
*              Autoadjusting on 3 (1=trn,2=rot,3=lat,4=swp)
*
**********************************************************************
*
*                 -- Autoadjust Metropolis Run --
*
*   autoadjust_temp_init  =  2.0000e-02
*   autoadjust_temp_step  =  5.0000e-01
*        autoadjust_runs  =        1200         configs per temp
*       autoadjust_count  =           1
*
**********************************************************************
*
* Metropolis: 3 temperature runs with these parameters:
*
*              runs  =      1200              loops per T
*               T_0  = 2.000e-02             initial temp
*               T_L  = 2.000e-02               final temp
*           T_alpha  = 1.600e+08          annealing alpha
*
*            T = T_0 * exp( -run_num**3 / T_alpha )
*
**********************************************************************
*H run      Temp       E_ion        E_ss   cel vol       SigPF       ar     ortho        pCnt          % Rejected Changes
*H                                                                                                 trn      rot      lat      swp
*T   1  2.00e-02  -1.077e+00  +0.000e+00     73.14   2.218e-01    1.669     0.432   5.583e+00    99.17     0.00    51.92     0.00
*T   2  2.00e-02  -1.025e+00  +0.000e+00     74.56   2.298e-01    2.184     0.466   3.580e+00    99.25     0.00    60.08     0.00
*T   3  2.00e-02  -1.042e+00  +0.000e+00     78.00   1.774e-01    1.915     0.369   4.071e+00    97.08     0.00    53.17     0.00
*
**********************************************************************
*
*                 -- AUTOADJUST [1] OUT --
*
*     target: lo % = 95.000000      hi % = 99.900000
*     Autoadjust % = 53.166667
*     Autoadjust: special case: (T-Tstep) = -4.800e-01 [a.u.]
*     Autoadjust: special case: ===> drop temp step to: 2.250e-01 [a.u.]
*     Autoadjust: special case: (T-Tstep) = -2.050e-01 [a.u.]
*     Autoadjust: special case: ===> drop temp step to: 1.013e-01 [a.u.]
*     Autoadjust: special case: (T-Tstep) = -8.125e-02 [a.u.]
*     Autoadjust: special case: ===> drop temp step to: 4.556e-02 [a.u.]
*     Autoadjust: special case: (T-Tstep) = -2.556e-02 [a.u.]
*     Autoadjust: special case: ===> drop temp step to: 2.050e-02 [a.u.]
*     Autoadjust: special case: (T-Tstep) = -5.031e-04 [a.u.]
*     Autoadjust: special case: ===> drop temp step to: 9.226e-03 [a.u.]
*     Autoadjust: Lowering the temperature 9.226e-03 [a.u.]
*
**********************************************************************
*
*                 -- Autoadjust Metropolis Run --
*
*   autoadjust_temp_init  =  1.0774e-02
*   autoadjust_temp_step  =  9.2264e-03
*        autoadjust_runs  =        1210         configs per temp
*       autoadjust_count  =           2
*
**********************************************************************
*
* Metropolis: 3 temperature runs with these parameters:
*
*              runs  =      1210              loops per T
*               T_0  = 1.077e-02             initial temp
*               T_L  = 1.076e-02               final temp
*           T_alpha  = 7.996e+03          annealing alpha
*
*            T = T_0 * exp( -run_num**3 / T_alpha )
*
**********************************************************************
*H run      Temp       E_ion        E_ss   cel vol       SigPF       ar     ortho        pCnt          % Rejected Changes
*H                                                                                                 trn      rot      lat      swp
*T   1  1.08e-02  -1.117e+00  +0.000e+00     57.61   2.595e-01    2.028     0.456   6.367e+00    99.83     0.00    74.71     0.00
*T   2  1.08e-02  -1.179e+00  +0.000e+00     50.87   2.711e-01    1.831     0.493   5.782e+00    99.83     0.00    75.95     0.00
*T   3  1.08e-02  -1.113e+00  +0.000e+00     60.05   2.806e-01    1.953     0.428   5.354e+00   100.00     0.00    77.19     0.00
*
**********************************************************************
*
*                 -- AUTOADJUST [2] OUT --
*
*     target: lo % = 95.000000      hi % = 99.900000
*     Autoadjust % = 77.190083
*     Autoadjust: Lowering the temperature 9.226e-03 [a.u.]
*
**********************************************************************
*
*                 -- Autoadjust Metropolis Run --
*
*   autoadjust_temp_init  =  1.5472e-03
*   autoadjust_temp_step  =  9.2264e-03
*        autoadjust_runs  =        1220         configs per temp
*       autoadjust_count  =           3
*
**********************************************************************
*
* Metropolis: 3 temperature runs with these parameters:
*
*              runs  =      1220              loops per T
*               T_0  = 1.547e-03             initial temp
*               T_L  = 1.546e-03               final temp
*           T_alpha  = 7.996e+03          annealing alpha
*
*            T = T_0 * exp( -run_num**3 / T_alpha )
*
**********************************************************************
*H run      Temp       E_ion        E_ss   cel vol       SigPF       ar     ortho        pCnt          % Rejected Changes
*H                                                                                                 trn      rot      lat      swp
*T   1  1.55e-03  -1.190e+00  +0.000e+00     50.93   3.258e-01    1.837     0.432   2.144e+02   100.00     0.00    94.43     0.00
*T   2  1.55e-03  -1.189e+00  +0.000e+00     51.03   3.305e-01    1.821     0.435   3.439e+00   100.00     0.00    94.84     0.00
*T   3  1.55e-03  -1.185e+00  +0.000e+00     51.34   3.330e-01    1.827     0.446   4.654e+00   100.00     0.00    94.92     0.00
*
**********************************************************************
*
*                 -- AUTOADJUST [3] OUT --
*
*     target: lo % = 95.000000      hi % = 99.900000
*     Autoadjust % = 94.918033
*     Autoadjust: special case: (T-Tstep) = -7.679e-03 [a.u.]
*     Autoadjust: special case: ===> drop temp step to: 4.152e-03 [a.u.]
*     Autoadjust: special case: (T-Tstep) = -2.605e-03 [a.u.]
*     Autoadjust: special case: ===> drop temp step to: 1.868e-03 [a.u.]
*     Autoadjust: special case: (T-Tstep) = -3.212e-04 [a.u.]
*     Autoadjust: special case: ===> drop temp step to: 8.408e-04 [a.u.]
*     Autoadjust: Lowering the temperature 8.408e-04 [a.u.]
*
**********************************************************************
*
*                 -- Autoadjust Metropolis Run --
*
*   autoadjust_temp_init  =  7.0643e-04
*   autoadjust_temp_step  =  8.4076e-04
*        autoadjust_runs  =        1230         configs per temp
*       autoadjust_count  =           4
*
**********************************************************************
*
* Metropolis: 3 temperature runs with these parameters:
*
*              runs  =      1230              loops per T
*               T_0  = 7.064e-04             initial temp
*               T_L  = 7.057e-04               final temp
*           T_alpha  = 7.996e+03          annealing alpha
*
*            T = T_0 * exp( -run_num**3 / T_alpha )
*
**********************************************************************
*H run      Temp       E_ion        E_ss   cel vol       SigPF       ar     ortho        pCnt          % Rejected Changes
*H                                                                                                 trn      rot      lat      swp
*T   1  7.06e-04  -1.192e+00  +0.000e+00     50.46   3.388e-01    1.829     0.441   9.721e+00   100.00     0.00    98.29     0.00
*T   2  7.06e-04  -1.192e+00  +0.000e+00     50.43   3.422e-01    1.832     0.441   1.139e-01   100.00     0.00    98.70     0.00
*T   3  7.06e-04  -1.192e+00  +0.000e+00     50.60   3.410e-01    1.821     0.440   9.362e-01   100.00     0.00    98.05     0.00
*
**********************************************************************
*
*                 -- AUTOADJUST [4] OUT --
*
*     target: lo % = 95.000000      hi % = 99.900000
*     Autoadjust % = 98.048780
*     Autoadjust: temp = 7.064e-04  is good!  Exiting autoadjust.
*
**********************************************************************
*
*
*          -- Initializing cell contents --
*
*
*
**********************************************************************
*
*            -- Starting Metropolis calculation --
*
*              temp_init  = 1.571e-02
*
**********************************************************************
*
* Metropolis: 10 temperature runs with these parameters:
*
*              runs  =      4800              loops per T
*               T_0  = 1.571e-02             initial temp
*               T_L  = 7.064e-04               final temp
*           T_alpha  = 2.350e+02          annealing alpha
*
*            T = T_0 * exp( -run_num**3 / T_alpha )
*
**********************************************************************
*H run      Temp       E_ion        E_ss   cel vol       SigPF       ar     ortho        pCnt          % Rejected Changes
*H                                                                                                 trn      rot      lat      swp
*M   1  1.57e-02  -1.162e+00  +0.000e+00     52.73   2.436e-01    1.749     0.469   3.179e+01    99.08     0.00    66.88     0.00
*M   2  1.56e-02  -1.112e+00  +0.000e+00     58.11   2.382e-01    1.620     0.504   5.852e+00    98.98     0.00    70.75     0.00
*M   3  1.52e-02  -1.073e+00  +0.000e+00     65.83   2.334e-01    1.442     0.509   6.389e+00    99.42     0.00    67.81     0.00
*M   4  1.40e-02  -1.157e+00  +0.000e+00     52.93   2.655e-01    1.478     0.544   4.314e+00    99.79     0.00    68.44     0.00
*M   5  1.20e-02  -1.166e+00  +0.000e+00     43.02   2.806e-01    1.457     0.706   8.401e+00    99.69     0.00    73.06     0.00
*M   6  9.23e-03  -1.152e+00  +0.000e+00     47.80   3.362e-01    1.207     0.803   4.234e+00    99.96     0.00    77.10     0.00
*M   7  6.27e-03  -1.132e+00  +0.000e+00     52.39   3.471e-01    1.221     0.770   3.660e+00    99.96     0.00    82.50     0.00
*M   8  3.65e-03  -1.170e+00  +0.000e+00     48.38   3.491e-01    1.137     0.740   3.570e+00   100.00     0.00    90.35     0.00
*M   9  1.78e-03  -1.182e+00  +0.000e+00     46.42   3.594e-01    1.188     0.743   3.573e+00   100.00     0.00    95.52     0.00
*M  10  7.06e-04  -1.182e+00  +0.000e+00     47.20   3.684e-01    1.193     0.750   2.941e+00   100.00     0.00    98.33     0.00
*
**********************************************************************
*
*
*          - Parameters at Post Ewald-Metro -
*
* Lattice parameters:
*
*             lat a  =    3.7317
*             lat b  =    3.7858
*             lat c  =    4.4521
*             alpha  =   91.3555
*             beta   =   53.2808
*             gamma  =  107.1772
*          cell vol  =   47.1981
*          cv/ortho  =    0.7504
*
* Energies:
*               ecc  = -1.1820e+00
*               eng  =  0.0000e+00
*
*
* Geometry:
*
*      packing frac  =    0.5519
*      aspect ratio  =    1.1930
*
* (dE/dV):
*                Px  =  5.6862e-03                    x-dir
*                Py  =  9.0450e-03                    y-dir
*                Pz  =  1.0311e-02                    z-dir
*
* Distances (PBC only):
*                                 min           hard           diff
*           ca1_ca1  =   1.000000e+06   2.320000e+00   9.999977e+05
*           ca1_ca2  =   1.000000e+06   1.160000e+00   9.999988e+05
*           ca1_ac1  =   2.845361e+00   2.830000e+00   1.536140e-02
*           ca1_av1  =   1.000000e+06  -1.000000e+00   1.000001e+06
*           ca1_ac2  =   1.000000e+06  -1.000000e+00   1.000001e+06
*           ca1_av2  =   1.000000e+06  -1.000000e+00   1.000001e+06
*           ca2_ca2  =   1.000000e+06   0.000000e+00   1.000000e+06
*           ca2_ac1  =   1.000000e+06   1.670000e+00   9.999983e+05
*           ca2_av1  =   1.000000e+06  -1.000000e+00   1.000001e+06
*           ca2_ac2  =   1.000000e+06  -1.000000e+00   1.000001e+06
*           ca2_av2  =   1.000000e+06  -1.000000e+00   1.000001e+06
*           ac1_ac1  =   1.000000e+06   3.340000e+00   9.999967e+05
*           ac1_av1  =   1.000000e+06  -1.000000e+00   1.000001e+06
*           ac1_ac2  =   1.000000e+06  -1.000000e+00   1.000001e+06
*           ac1_av2  =   1.000000e+06  -1.000000e+00   1.000001e+06
*           av1_av1  =   1.000000e+06  -1.000000e+00   1.000001e+06
*           av1_av2  =   1.000000e+06  -1.000000e+00   1.000001e+06
*           av2_av2  =   1.000000e+06  -1.000000e+00   1.000001e+06
*
*
*
**********************************************************************
*
*         - Comparing with 'best' structure -
*
****************************************************************
*
*          best ecc  = -1.2059e+00
*          best eng  =  0.0000e+00
*           ecc+eng  = -1.2059e+00
*          best vol  =  4.8263e+01
*           best pf  =  5.3970e-01
*
*     post_runs ecc  = -1.1820e+00
*     post_runs eng  =  0.0000e+00
*           ecc+eng  = -1.1820e+00
*     post_runs vol  =  4.7198e+01
*      post_runs pf  =  5.5187e-01
*
*       dV / V_runs  =  2.2559e-02
*
*          ecc_diff  = -2.3940e-02
*          eng_diff  =  0.0000e+00
*
*
****************************************************************
*
*  mag_ecc_diff > mag_eng_diff AND within BEST_VOL AND
* 'best' has lower energy than post runs! --> swapping.
*
****************************************************************
*
*
*          - Parameters at Post 'best-swap' -
*
* Lattice parameters:
*
*             lat a  =    3.8344
*             lat b  =    4.1190
*             lat c  =    5.7385
*             alpha  =   95.8796
*             beta   =   47.7675
*             gamma  =   63.8966
*          cell vol  =   48.2628
*          cv/ortho  =    0.5325
*
* Energies:
*               ecc  = -1.2059e+00
*               eng  =  0.0000e+00
*
*
* Geometry:
*
*      packing frac  =    0.5397
*      aspect ratio  =    1.4966
*
* (dE/dV):
*                Px  =  7.3823e-03                    x-dir
*                Py  =  7.8133e-03                    y-dir
*                Pz  =  9.7903e-03                    z-dir
*
* Distances (PBC only):
*                                 min           hard           diff
*           ca1_ca1  =   1.000000e+06   2.320000e+00   9.999977e+05
*           ca1_ca2  =   1.000000e+06   1.160000e+00   9.999988e+05
*           ca1_ac1  =   2.830020e+00   2.830000e+00   2.001978e-05
*           ca1_av1  =   1.000000e+06  -1.000000e+00   1.000001e+06
*           ca1_ac2  =   1.000000e+06  -1.000000e+00   1.000001e+06
*           ca1_av2  =   1.000000e+06  -1.000000e+00   1.000001e+06
*           ca2_ca2  =   1.000000e+06   0.000000e+00   1.000000e+06
*           ca2_ac1  =   1.000000e+06   1.670000e+00   9.999983e+05
*           ca2_av1  =   1.000000e+06  -1.000000e+00   1.000001e+06
*           ca2_ac2  =   1.000000e+06  -1.000000e+00   1.000001e+06
*           ca2_av2  =   1.000000e+06  -1.000000e+00   1.000001e+06
*           ac1_ac1  =   1.000000e+06   3.340000e+00   9.999967e+05
*           ac1_av1  =   1.000000e+06  -1.000000e+00   1.000001e+06
*           ac1_ac2  =   1.000000e+06  -1.000000e+00   1.000001e+06
*           ac1_av2  =   1.000000e+06  -1.000000e+00   1.000001e+06
*           av1_av1  =   1.000000e+06  -1.000000e+00   1.000001e+06
*           av1_av2  =   1.000000e+06  -1.000000e+00   1.000001e+06
*           av2_av2  =   1.000000e+06  -1.000000e+00   1.000001e+06
*
*
*
**********************************************************************
*
*         - Final Simplex relaxation with restarts -
*
**********************************************************************
*
*
****************************************************************
*
*
*        - Simplex Minimiziation Routine -
*
*
* Note: No aspect ratio constraint.
*
*
*            n_simp  =        15                   D.O.F.
*         simp_nmax  =      4500                max moves
*       simp_errlim  =  1.00e-08
*
*
*         - Initializing simplex arrays -
*
*
*      nfunk           rtol        pf        ar     ortho             e_ion              e_ss             e_tot
*X        12     4.6625e-03   0.53970   1.49657   0.53249    -1.2059372e+00     0.0000000e+00    -1.2059372e+00
*X      2001     8.8023e-07   0.55692   1.45996   0.51913    -1.2193158e+00     0.0000000e+00    -1.2193158e+00
*X      4000     3.1275e-07   0.55706   1.46060   0.51938    -1.2195344e+00     0.0000000e+00    -1.2195344e+00
*
*         simp_runs  =      4501               simp moves
*              rtol  =  3.85e-08               final rtol
*
* Simplex restart no. 1 of 10
*
*         - Initializing simplex arrays -
*
*
*      nfunk           rtol        pf        ar     ortho             e_ion              e_ss             e_tot
*X        12     1.5067e+00   0.55707   1.46056   0.51937    -1.2195386e+00     0.0000000e+00    -1.2195386e+00
*X      2000     9.4255e-06   0.55936   1.45985   0.52401    -1.2227136e+00     0.0000000e+00    -1.2227136e+00
*
*         simp_runs  =      3904               simp moves
*              rtol  =  9.98e-09               final rtol
*
* Simplex restart no. 2 of 10
*
*         - Initializing simplex arrays -
*
*
*      nfunk           rtol        pf        ar     ortho             e_ion              e_ss             e_tot
*X        12     1.4991e+00   0.55925   1.45962   0.52572    -1.2228798e+00     0.0000000e+00    -1.2228798e+00
*X      2000     5.1071e-07   0.55951   1.45891   0.52532    -1.2230793e+00     0.0000000e+00    -1.2230793e+00
*
*         simp_runs  =      2191               simp moves
*              rtol  =  9.91e-09               final rtol
*
* Simplex restart no. 3 of 10
*
*         - Initializing simplex arrays -
*
*
*      nfunk           rtol        pf        ar     ortho             e_ion              e_ss             e_tot
*X        12     1.6189e+00   0.55951   1.45891   0.52532    -1.2230793e+00     0.0000000e+00    -1.2230793e+00
*
*         simp_runs  =       805               simp moves
*              rtol  =  9.96e-09               final rtol
*
* Simplex restart no. 4 of 10
*
*         - Initializing simplex arrays -
*
*
*      nfunk           rtol        pf        ar     ortho             e_ion              e_ss             e_tot
*X        12     1.6189e+00   0.55951   1.45891   0.52532    -1.2230797e+00     0.0000000e+00    -1.2230797e+00
*
*         simp_runs  =       928               simp moves
*              rtol  =  9.00e-09               final rtol
*
* Simplex restart no. 5 of 10
*
*         - Initializing simplex arrays -
*
*
*      nfunk           rtol        pf        ar     ortho             e_ion              e_ss             e_tot
*X        12     1.6189e+00   0.55951   1.45891   0.52532    -1.2230798e+00     0.0000000e+00    -1.2230798e+00
*
*         simp_runs  =       865               simp moves
*              rtol  =  9.83e-09               final rtol
*
* Simplex restart no. 6 of 10
*
*         - Initializing simplex arrays -
*
*
*      nfunk           rtol        pf        ar     ortho             e_ion              e_ss             e_tot
*X        12     1.6189e+00   0.55951   1.45891   0.52532    -1.2230798e+00     0.0000000e+00    -1.2230798e+00
*
*         simp_runs  =       865               simp moves
*              rtol  =  9.83e-09               final rtol
*
* Simplex restart no. 7 of 10
*
*         - Initializing simplex arrays -
*
*
*      nfunk           rtol        pf        ar     ortho             e_ion              e_ss             e_tot
*X        12     1.6189e+00   0.55951   1.45891   0.52532    -1.2230798e+00     0.0000000e+00    -1.2230798e+00
*
*         simp_runs  =       865               simp moves
*              rtol  =  9.83e-09               final rtol
*
* Simplex restart no. 8 of 10
*
*         - Initializing simplex arrays -
*
*
*      nfunk           rtol        pf        ar     ortho             e_ion              e_ss             e_tot
*X        12     1.6189e+00   0.55951   1.45891   0.52532    -1.2230798e+00     0.0000000e+00    -1.2230798e+00
*
*         simp_runs  =       865               simp moves
*              rtol  =  9.83e-09               final rtol
*
* Simplex restart no. 9 of 10
*
*         - Initializing simplex arrays -
*
*
*      nfunk           rtol        pf        ar     ortho             e_ion              e_ss             e_tot
*X        12     1.6189e+00   0.55951   1.45891   0.52532    -1.2230798e+00     0.0000000e+00    -1.2230798e+00
*
*         simp_runs  =       865               simp moves
*              rtol  =  9.83e-09               final rtol
*
* Simplex restart no. 10 of 10
*
*         - Initializing simplex arrays -
*
*
*      nfunk           rtol        pf        ar     ortho             e_ion              e_ss             e_tot
*X        12     1.6189e+00   0.55951   1.45891   0.52532    -1.2230798e+00     0.0000000e+00    -1.2230798e+00
*
*         simp_runs  =       865               simp moves
*              rtol  =  9.83e-09               final rtol
*
****************************************************************
*
*          - Parameters at Post Simplex -
*
* Lattice parameters:
*
*             lat a  =    3.8778
*             lat b  =    4.0395
*             lat c  =    5.6574
*             alpha  =   93.6854
*             beta   =   46.7295
*             gamma  =   62.7449
*          cell vol  =   46.5543
*          cv/ortho  =    0.5253
*
* Energies:
*               ecc  = -1.2231e+00
*               eng  =  0.0000e+00
*
*
* Geometry:
*
*      packing frac  =    0.5595
*      aspect ratio  =    1.4589
*
* (dE/dV):
*                Px  =  1.0000e+04                    x-dir
*                Py  =  1.0000e+04                    y-dir
*                Pz  =  1.0000e+04                    z-dir
*
* Distances (PBC only):
*                                 min           hard           diff
*           ca1_ca1  =   1.000000e+06   2.320000e+00   9.999977e+05
*           ca1_ca2  =   1.000000e+06   1.160000e+00   9.999988e+05
*           ca1_ac1  =   2.830003e+00   2.830000e+00   2.821585e-06
*           ca1_av1  =   1.000000e+06  -1.000000e+00   1.000001e+06
*           ca1_ac2  =   1.000000e+06  -1.000000e+00   1.000001e+06
*           ca1_av2  =   1.000000e+06  -1.000000e+00   1.000001e+06
*           ca2_ca2  =   1.000000e+06   0.000000e+00   1.000000e+06
*           ca2_ac1  =   1.000000e+06   1.670000e+00   9.999983e+05
*           ca2_av1  =   1.000000e+06  -1.000000e+00   1.000001e+06
*           ca2_ac2  =   1.000000e+06  -1.000000e+00   1.000001e+06
*           ca2_av2  =   1.000000e+06  -1.000000e+00   1.000001e+06
*           ac1_ac1  =   1.000000e+06   3.340000e+00   9.999967e+05
*           ac1_av1  =   1.000000e+06  -1.000000e+00   1.000001e+06
*           ac1_ac2  =   1.000000e+06  -1.000000e+00   1.000001e+06
*           ac1_av2  =   1.000000e+06  -1.000000e+00   1.000001e+06
*           av1_av1  =   1.000000e+06  -1.000000e+00   1.000001e+06
*           av1_av2  =   1.000000e+06  -1.000000e+00   1.000001e+06
*           av2_av2  =   1.000000e+06  -1.000000e+00   1.000001e+06
*
*
***********************************************************
*        - Process and timing information -
*
* user time:   0 h 00 m 13.175094 s
* syst time:   0 h 00 m 00.015000 s
* signals: 0
* voluntary context switches: 8
* involuntary context switches: 11
*
***********************************************************
*SS symsearch output
*SS ( use:  | awk '($1=="*S"){print $0}' | sed 's/*S //' > temp.out )
*S Title
*S 1                 search type
*S 5.0 0.00001       displacement rms max min
*S 0.1 0.00001       strain rms max min
*S 1                 lattice input type
*S      3.87782     0.00000     0.00000
*S      1.84992     3.59106     0.00000
*S      3.87782    -2.40670     3.34310
*S 1 0 0
*S 0 1 0
*S 0 0 1
*S 2                 number of atoms
*S 11 0
*S      0.98159     0.02942     0.37454
*S      0.95246     0.05895     0.88958
*FF findsym output
*FF ( use:  | awk '($1=="*F"){print $0}' | sed 's/*F //' > temp.out )
*F Title
*F 0.001       displacement rms max min
*F 1                 lattice input type
*F      3.87782     0.00000     0.00000
*F      1.84992     3.59106     0.00000
*F      3.87782    -2.40670     3.34310
*F 1               basis vector in type
*F 1 0 0
*F 0 1 0
*F 0 0 1
*F 2                 number of atoms
*F 11 0
*F      0.98159     0.02942     0.37454
*F      0.95246     0.05895     0.88958
*DD powder output
*DD (use: | awk '($1=="*D"){print $0}' | sed 's/*D //' > temp.out )
*D 2
*D      3.87782     4.03955     5.65738
*D     93.68536    46.72951    62.74490
*D      0.98159     0.02942     0.37454        11
*D      0.95246     0.05895     0.88958         0
*PP poscar output
*PP (use: | awk '($1=="*P"){print $0}' | sed 's/*P //' > temp.out )
*P Z: 11 17 
*P 1.0 
*P      3.87781515     0.00000000     0.00000000
*P      1.84992388     3.59106344     0.00000000
*P      3.87781718    -2.40670046     3.34310143
*P 1 1 0 
*P Direct
*P       0.981591957309      0.029420904092      0.374540747279
*P       0.952461703828      0.058953200537      0.889582251134
*QQ poscar output
*QQ (use: | awk '($1=="*Q"){print $0}' | sed 's/*Q //' > temp.out )
*Q +1.000000000000 -1.000000000000 
*Q 1.0 
*Q      3.87781515     0.00000000     0.00000000
*Q      1.84992388     3.59106344     0.00000000
*Q      3.87781718    -2.40670046     3.34310143
*Q 1 1 0 
*Q Direct
*Q       0.981591957309      0.029420904092      0.374540747279
*Q       0.952461703828      0.058953200537      0.889582251134
*RR restart output
*RR (use: | awk '($1=="*R"){print $0}' | sed 's/*R //' > temp.out )
*R     3.877815146457    4.039548858258    5.657384584054
*R     1.635117979289    0.815583779177    1.095105046254
*R      1
*R      1     1
*R   -1.000000000000000   0.000000000000000
*R     0.000000000000    1.670000000000    0.000000000000    17     0
*R      1
*R      1   1.000000000000000
*R     1.160000000000    11
*R     0.981591957309    0.029420904092    0.374540747279
*R     0.952461703828    0.058953200537    0.889582251134
* XBS output
* CATION:
atom C     5.313259138   -0.795755055    1.252127706
spec C     1.160000000    1.000000000    0.000000000    0.000000000
* ANION:
atom A     7.252166693   -1.929253328    2.973963692
spec A     1.670000000    0.000000000    0.000000000    1.000000000
spec V     0.000000000    0.000000000    1.000000000    0.000000000
bonds A V  0.000000000    0.000000000    0.010000000    Black
* CELL PARAMETERS AND BORDER
atom 0    0.00000   0.00000   0.00000
atom 1    3.87782   0.00000   0.00000
atom 2    5.72774   3.59106   0.00000
atom 3    1.84992   3.59106   0.00000
atom 4    3.87782  -2.40670   3.34310
atom 5    7.75563  -2.40670   3.34310
atom 6    9.60556   1.18436   3.34310
atom 7    5.72774   1.18436   3.34310
spec 0     0.050000000    0.000000000    0.000000000    0.000000000
spec 1     0.050000000    0.000000000    0.000000000    0.000000000
spec 2     0.050000000    0.000000000    0.000000000    0.000000000
spec 3     0.050000000    0.000000000    0.000000000    0.000000000
spec 4     0.050000000    0.000000000    0.000000000    0.000000000
spec 5     0.050000000    0.000000000    0.000000000    0.000000000
spec 6     0.050000000    0.000000000    0.000000000    0.000000000
spec 7     0.050000000    0.000000000    0.000000000    0.000000000
bonds 0 1  3.873937331    3.881692962    0.010000000    Black
bonds 3 2  3.873937331    3.881692962    0.010000000    Black
bonds 4 5  3.873937331    3.881692962    0.010000000    Black
bonds 6 7  3.873937331    3.881692962    0.010000000    Black
bonds 1 2  4.035509309    4.043588407    0.010000000    Black
bonds 0 3  4.035509309    4.043588407    0.010000000    Black
bonds 5 6  4.035509309    4.043588407    0.010000000    Black
bonds 4 7  4.035509309    4.043588407    0.010000000    Black
bonds 0 4  5.651727199    5.663041969    0.010000000    Black
bonds 1 5  5.651727199    5.663041969    0.010000000    Black
bonds 2 6  5.651727199    5.663041969    0.010000000    Black
bonds 3 7  5.651727199    5.663041969    0.010000000    Black
inc 5.000000
dup    3.87782   0.00000   0.00000
dup    1.84992   3.59106   0.00000
dup    3.87782  -2.40670   3.34310
