*************************************************
*	pack	(version 4.12.0.5)
*	Eric Majzoub
*	Sandia National Laboratories
*************************************************
*  Source file: main.c
*  Compile date: Dec 27 2012
*  Compile time: 17:19:04
*  commandline = /projects/e20438/bin/pack-4.12.0.5/pack_exe -f ../../NaCl_pegs.in -P -R -r 400 -t 25 -g 3642 
*  input file = ../../NaCl_pegs.in
**********************************************************************
**********************************************************************
**********************************************************************
* 
*       - General run comments -
* 
* WARN: no Rotations in Metropolis (-R flag).
* WARN: all anionic charge on center atom (-P flag).
*
**********************************************************************
*           - Input parameters -
*
*           restart  =         0         1 = restart calc
*        autoadjust  =         1   automatically set temp
*          aa_using  =         1        1=rej pct, 2=pCnt
*         basin hop  =         0           number of hops
*     non_per_ewald  =         0          1=nanopart calc
*
*             lat a  =   10.0000
*             lat b  =   10.0000
*             lat c  =   10.0000
*             alpha  =    1.5708
*             beta   =    1.5708
*             gamma  =    1.5708
*          cell vol  = 1000.0000
*      sqsh vol pct  =    0.2000
* 
*          cell_min  =    1.6700              min lat vec
*          cell_max  =  167.0000              max lat vec
* 
*         n_type_an  =         1          num type anions
*            num_an  =         1           tot num anions
* 
*          num_an_1  =         1        num anions type 1
*        num_vert_1  =         1     1=sph 2=dim 5=tet...
*       an_chrg_c_1  =   -1.0000      anion center charge
*       an_chrg_v_1  =    0.0000      anion vertex charge
*     tot_an_chrg_1  =   -1.0000       total anion charge
*           Rcent_1  =    1.6700         anion center rad
*           Rvert_1  =    0.0000         anion vertex rad
*             cvd_1  =    0.0000        cent to vert dist
*           Zcent_1  =        17           anion center Z
*           Zvert_1  =         0           anion vertex Z
* 
*          num_an_2  =         0        num anions type 2
*        num_vert_2  =         0     1=sph 2=dim 5=tet...
*       an_chrg_c_2  =    0.0000      anion center charge
*       an_chrg_v_2  =    0.0000      anion vertex charge
*     tot_an_chrg_2  =    0.0000       total anion charge
*           Rcent_2  =    0.0000         anion center rad
*           Rvert_2  =    0.0000         anion vertex rad
*             cvd_2  =    0.0000        cent to vert dist
*           Zcent_2  =         0           anion center Z
*           Zvert_2  =         0           anion vertex Z
* 
*         n_type_ca  =         1            num type cats
*            num_ca  =         1          tot num cations
* 
*          num_ca_1  =         1        num cations typ 1
*         ca_chrg_1  =    1.0000        cation chrg typ 1
*            Rcat_1  =    1.1600         cation rad typ 1
*            Zcat_1  =        11           cation Z typ 1
* 
*            C2VTOL  =  1.00e-08            c2v tolerance
*            ERRLIM  =  1.00e-06
*       REP_EPSILON  =  1.00e+00        soft sphere repul
*    TRANS_FRAC_MAX  =    0.5000                    fixed
*    TRANS_FRAC_MIN  =    0.0200
*      MAX_ANG_CHNG  =    9.9695                  degrees
*    VOLUM_FRAC_MAX  =    0.0700
*         EXT_PRESS  =  0.00e+00        external pressure
*      SQSH_VOL_PCT  =    0.2000             min orth val
*        ASPECT_MAX  =   20.0000                cell parm
*            dplane  =    1.6700            min plane sep
*      SCALE_FACTOR  =    1.2500         bhop max scaling
* 
*            d.o.f.  =        12       degrees of freedom
*          runs/dof  =       400         loops per d.o.f.
*              runs  =      4800              loops per T
*               ncc  =     19200     config changes per T
*            t_runs  =        25           num temp steps
*             efunc  =         0               0=SS  1=LJ
*       N_HALT_CHNG  =        15      halts after N 100%s
*
*      anneal_sched  =         3   0=lin or exp(-run_n^n)
*         temp_init  =  1.00e+00             initial temp
*         temp_finl  =  1.00e-03               final temp
* 
*          trn_chng  =         1              0=off  1=on
*          rot_chng  =         0              0=off  1=on
*          lat_chng  =         1              0=off  1=on
*          swp_chng  =         1              0=off  1=on
* 
*     SIMP_RESTARTS  =        11     no. simplex restarts
*  SIMP_RESTARTS BH  =        21  basin hop simp restarts
*         SIMP_NMAX  =      4500        max simplex iters
*          SIMP_DEG  =    1.0000          anion start deg
*         SIMP_LAMB  =    0.0100        vertex start frac
*       SIMP_ERRLIM  =  1.00e-08              error limit
* 
*           aa runs  =      1200           config changes
*      aa runs_step  =        10   config change increase
*       aa runs_max  =      1500  max auto config changes
*         aa t_runs  =         3            num temp runs
*      aa temp_step  =    0.5000                temp step
* 
*        aa chng hi  =         3  1=trn 2=rot 3=lat 4=swp
*        aa chng lo  =         3  1=trn 2=rot 3=lat 4=swp
* 
*      aa ht_pct_hi  =     0.650             high rej pct
*      aa ht_pct_lo  =     0.600             low  rej pct
* 
*      aa lt_pct_hi  =     0.999             high rej pct
*      aa lt_pct_lo  =     0.950             low  rej pct
* 
*            tmpfile =                   PR20295-best.tmp
* 
* Checking for out of bounds fractional coords.
*
**********************************************************************
*
*          - Parameters at START -
*
* Lattice parameters:
*
*             lat a  =   10.0000
*             lat b  =   10.0000
*             lat c  =   10.0000
*             alpha  =   90.0000
*             beta   =   90.0000
*             gamma  =   90.0000
*          cell vol  = 1000.0000
*          cv/ortho  =    1.0000
*
* Energies:
*               ecc  = -4.8977e-01
*               eng  =  0.0000e+00
*
*
* Geometry:
*
*      packing frac  =    0.0260
*      aspect ratio  =    1.0000
*
* (dE/dV):
*                Px  =  2.3360e-04                    x-dir
*                Py  =  2.0991e-04                    y-dir
*                Pz  =  4.6257e-05                    z-dir
*
* Distances (PBC only):
*                                 min           hard           diff
*           ca1_ca1  =   1.000000e+06   2.320000e+00   9.999977e+05
*           ca1_ca2  =   1.000000e+06   1.160000e+00   9.999988e+05
*           ca1_ac1  =   4.944112e+00   2.830000e+00   2.114112e+00
*           ca1_av1  =   1.000000e+06  -1.000000e+00   1.000001e+06
*           ca1_ac2  =   1.000000e+06  -1.000000e+00   1.000001e+06
*           ca1_av2  =   1.000000e+06  -1.000000e+00   1.000001e+06
*           ca2_ca2  =   1.000000e+06   0.000000e+00   1.000000e+06
*           ca2_ac1  =   1.000000e+06   1.670000e+00   9.999983e+05
*           ca2_av1  =   1.000000e+06  -1.000000e+00   1.000001e+06
*           ca2_ac2  =   1.000000e+06  -1.000000e+00   1.000001e+06
*           ca2_av2  =   1.000000e+06  -1.000000e+00   1.000001e+06
*           ac1_ac1  =   1.000000e+06   3.340000e+00   9.999967e+05
*           ac1_av1  =   1.000000e+06  -1.000000e+00   1.000001e+06
*           ac1_ac2  =   1.000000e+06  -1.000000e+00   1.000001e+06
*           ac1_av2  =   1.000000e+06  -1.000000e+00   1.000001e+06
*           av1_av1  =   1.000000e+06  -1.000000e+00   1.000001e+06
*           av1_av2  =   1.000000e+06  -1.000000e+00   1.000001e+06
*           av2_av2  =   1.000000e+06  -1.000000e+00   1.000001e+06
*
*
*
**********************************************************************
*
* ------------------------------------------------------------
*              Autoadjust high temperatrure:
* ------------------------------------------------------------
*              Autoadjusting on 3 (1=trn,2=rot,3=lat,4=swp)
*
**********************************************************************
*
*                 -- Autoadjust Metropolis Run --
*
*   autoadjust_temp_init  =  1.0000e+00
*   autoadjust_temp_step  =  5.0000e-01
*        autoadjust_runs  =        1200         configs per temp
*       autoadjust_count  =           1
*
**********************************************************************
*
* Metropolis: 3 temperature runs with these parameters:
*
*              runs  =      1200              loops per T
*               T_0  = 1.000e+00             initial temp
*               T_L  = 1.000e+00               final temp
*           T_alpha  = 8.000e+09          annealing alpha
*
*            T = T_0 * exp( -run_num**3 / T_alpha )
*
**********************************************************************
*H run      Temp       E_ion        E_ss   cel vol       SigPF       ar     ortho        pCnt          % Rejected Changes
*H                                                                                                 trn      rot      lat      swp
*T   1  1.00e+00  -4.447e-01  +0.000e+00    316.02   7.732e-02    2.280     0.946   1.749e-01    39.17     0.00     3.17     0.00
*T   2  1.00e+00  -2.692e-01  +0.000e+00    888.07   4.904e-02    2.822     0.871   9.399e-02    33.50     0.00     3.83     0.00
*T   3  1.00e+00  -6.260e-01  +0.000e+00   2494.08   3.435e-02    3.222     0.441   1.456e-01    17.33     0.00     3.25     0.00
*
**********************************************************************
*
*                 -- AUTOADJUST [1] OUT --
*
*     target: lo % = 60.000000      hi % = 65.000000
*     Autoadjust % =  3.250000
*     Autoadjust: Lowering the temperature 5.000e-01 [a.u.]
*
**********************************************************************
*
*                 -- Autoadjust Metropolis Run --
*
*   autoadjust_temp_init  =  5.0000e-01
*   autoadjust_temp_step  =  5.0000e-01
*        autoadjust_runs  =        1210         configs per temp
*       autoadjust_count  =           2
*
**********************************************************************
*
* Metropolis: 3 temperature runs with these parameters:
*
*              runs  =      1210              loops per T
*               T_0  = 5.000e-01             initial temp
*               T_L  = 4.995e-01               final temp
*           T_alpha  = 7.996e+03          annealing alpha
*
*            T = T_0 * exp( -run_num**3 / T_alpha )
*
**********************************************************************
*H run      Temp       E_ion        E_ss   cel vol       SigPF       ar     ortho        pCnt          % Rejected Changes
*H                                                                                                 trn      rot      lat      swp
*T   1  5.00e-01  -5.894e-01  +0.000e+00    354.78   3.076e-02    2.896     0.365   1.810e-01    23.31     0.00     2.07     0.00
*T   2  5.00e-01  -4.839e-01  +0.000e+00    821.86   5.839e-02    2.303     0.336   2.036e-01    36.36     0.00     4.13     0.00
*T   3  4.99e-01  -4.470e-01  +0.000e+00   1092.86   2.806e-02    5.554     0.373   1.660e-01    25.29     0.00     2.48     0.00
*
**********************************************************************
*
*                 -- AUTOADJUST [2] OUT --
*
*     target: lo % = 60.000000      hi % = 65.000000
*     Autoadjust % =  2.479339
*     Autoadjust: special case: (T-Tstep) = 0.000e+00 [a.u.]
*     Autoadjust: special case: ===> drop temp step to: 2.250e-01 [a.u.]
*     Autoadjust: Lowering the temperature 2.250e-01 [a.u.]
*
**********************************************************************
*
*                 -- Autoadjust Metropolis Run --
*
*   autoadjust_temp_init  =  2.7500e-01
*   autoadjust_temp_step  =  2.2500e-01
*        autoadjust_runs  =        1220         configs per temp
*       autoadjust_count  =           3
*
**********************************************************************
*
* Metropolis: 3 temperature runs with these parameters:
*
*              runs  =      1220              loops per T
*               T_0  = 2.750e-01             initial temp
*               T_L  = 2.747e-01               final temp
*           T_alpha  = 7.996e+03          annealing alpha
*
*            T = T_0 * exp( -run_num**3 / T_alpha )
*
**********************************************************************
*H run      Temp       E_ion        E_ss   cel vol       SigPF       ar     ortho        pCnt          % Rejected Changes
*H                                                                                                 trn      rot      lat      swp
*T   1  2.75e-01  -3.499e-01  +0.000e+00   1463.28   1.326e-02    4.644     0.238   5.870e-01    45.90     0.00     6.39     0.00
*T   2  2.75e-01  -1.324e-01  +0.000e+00  18588.76   1.026e-02    7.065     0.272   7.141e-01    51.72     0.00     3.44     0.00
*T   3  2.75e-01  -3.666e-01  +0.000e+00   1985.91   3.299e-03   15.156     0.260   6.480e-01    49.10     0.00     7.05     0.00
*
**********************************************************************
*
*                 -- AUTOADJUST [3] OUT --
*
*     target: lo % = 60.000000      hi % = 65.000000
*     Autoadjust % =  7.049180
*     Autoadjust: Lowering the temperature 2.250e-01 [a.u.]
*
**********************************************************************
*
*                 -- Autoadjust Metropolis Run --
*
*   autoadjust_temp_init  =  5.0000e-02
*   autoadjust_temp_step  =  2.2500e-01
*        autoadjust_runs  =        1230         configs per temp
*       autoadjust_count  =           4
*
**********************************************************************
*
* Metropolis: 3 temperature runs with these parameters:
*
*              runs  =      1230              loops per T
*               T_0  = 5.000e-02             initial temp
*               T_L  = 4.995e-02               final temp
*           T_alpha  = 7.996e+03          annealing alpha
*
*            T = T_0 * exp( -run_num**3 / T_alpha )
*
**********************************************************************
*H run      Temp       E_ion        E_ss   cel vol       SigPF       ar     ortho        pCnt          % Rejected Changes
*H                                                                                                 trn      rot      lat      swp
*T   1  5.00e-02  -8.112e-01  +0.000e+00   2186.23   8.376e-03    7.863     0.556   2.220e+00    97.56     0.00    22.85     0.00
*T   2  5.00e-02  -6.943e-01  +0.000e+00    703.86   1.972e-02    2.892     0.250   3.803e+00    94.63     0.00    21.95     0.00
*T   3  5.00e-02  -7.867e-01  +0.000e+00    294.83   3.707e-02    1.390     0.341   3.469e+00    83.82     0.00    26.26     0.00
*
**********************************************************************
*
*                 -- AUTOADJUST [4] OUT --
*
*     target: lo % = 60.000000      hi % = 65.000000
*     Autoadjust % = 26.260163
*     Autoadjust: special case: (T-Tstep) = -1.750e-01 [a.u.]
*     Autoadjust: special case: ===> drop temp step to: 1.013e-01 [a.u.]
*     Autoadjust: special case: (T-Tstep) = -5.125e-02 [a.u.]
*     Autoadjust: special case: ===> drop temp step to: 4.556e-02 [a.u.]
*     Autoadjust: Lowering the temperature 4.556e-02 [a.u.]
*
**********************************************************************
*
*                 -- Autoadjust Metropolis Run --
*
*   autoadjust_temp_init  =  4.4375e-03
*   autoadjust_temp_step  =  4.5563e-02
*        autoadjust_runs  =        1240         configs per temp
*       autoadjust_count  =           5
*
**********************************************************************
*
* Metropolis: 3 temperature runs with these parameters:
*
*              runs  =      1240              loops per T
*               T_0  = 4.438e-03             initial temp
*               T_L  = 4.433e-03               final temp
*           T_alpha  = 7.996e+03          annealing alpha
*
*            T = T_0 * exp( -run_num**3 / T_alpha )
*
**********************************************************************
*H run      Temp       E_ion        E_ss   cel vol       SigPF       ar     ortho        pCnt          % Rejected Changes
*H                                                                                                 trn      rot      lat      swp
*T   1  4.44e-03  -1.002e+00  +0.000e+00    138.31   1.023e-01    1.630     0.272   1.004e+02    99.84     0.00    78.39     0.00
*T   2  4.44e-03  -1.006e+00  +0.000e+00    131.71   1.131e-01    1.665     0.269   1.784e+00    99.92     0.00    77.82     0.00
*T   3  4.43e-03  -1.006e+00  +0.000e+00    123.57   1.228e-01    1.655     0.294   6.933e-01   100.00     0.00    80.48     0.00
*
**********************************************************************
*
*                 -- AUTOADJUST [5] OUT --
*
*     target: lo % = 60.000000      hi % = 65.000000
*     Autoadjust % = 80.483871
*     Autoadjust: overshot! drop temp step to: 2.050e-02 [a.u.]
*     Autoadjust: Raising the temperature 2.050e-02 [a.u.]
*
**********************************************************************
*
*                 -- Autoadjust Metropolis Run --
*
*   autoadjust_temp_init  =  2.4941e-02
*   autoadjust_temp_step  =  2.0503e-02
*        autoadjust_runs  =        1250         configs per temp
*       autoadjust_count  =           6
*
**********************************************************************
*
* Metropolis: 3 temperature runs with these parameters:
*
*              runs  =      1250              loops per T
*               T_0  = 2.494e-02             initial temp
*               T_L  = 2.492e-02               final temp
*           T_alpha  = 7.996e+03          annealing alpha
*
*            T = T_0 * exp( -run_num**3 / T_alpha )
*
**********************************************************************
*H run      Temp       E_ion        E_ss   cel vol       SigPF       ar     ortho        pCnt          % Rejected Changes
*H                                                                                                 trn      rot      lat      swp
*T   1  2.49e-02  -9.449e-01  +0.000e+00     97.18   1.652e-01    1.630     0.595   3.678e+00    95.20     0.00    54.32     0.00
*T   2  2.49e-02  -1.141e+00  +0.000e+00     51.37   2.216e-01    1.731     0.501   4.338e+00    97.84     0.00    52.16     0.00
*T   3  2.49e-02  -1.092e+00  +0.000e+00     69.77   1.961e-01    1.431     0.559   4.298e+00    98.00     0.00    47.20     0.00
*
**********************************************************************
*
*                 -- AUTOADJUST [6] OUT --
*
*     target: lo % = 60.000000      hi % = 65.000000
*     Autoadjust % = 47.200000
*     Autoadjust: overshot! drop temp step to: 9.226e-03 [a.u.]
*     Autoadjust: Lowering the temperature 9.226e-03 [a.u.]
*
**********************************************************************
*
*                 -- Autoadjust Metropolis Run --
*
*   autoadjust_temp_init  =  1.5714e-02
*   autoadjust_temp_step  =  9.2264e-03
*        autoadjust_runs  =        1260         configs per temp
*       autoadjust_count  =           7
*
**********************************************************************
*
* Metropolis: 3 temperature runs with these parameters:
*
*              runs  =      1260              loops per T
*               T_0  = 1.571e-02             initial temp
*               T_L  = 1.570e-02               final temp
*           T_alpha  = 7.996e+03          annealing alpha
*
*            T = T_0 * exp( -run_num**3 / T_alpha )
*
**********************************************************************
*H run      Temp       E_ion        E_ss   cel vol       SigPF       ar     ortho        pCnt          % Rejected Changes
*H                                                                                                 trn      rot      lat      swp
*T   1  1.57e-02  -1.134e+00  +0.000e+00     56.78   2.191e-01    1.204     0.740   7.012e+00    99.37     0.00    60.56     0.00
*T   2  1.57e-02  -1.130e+00  +0.000e+00     52.24   2.581e-01    1.328     0.641   1.966e+00    99.92     0.00    65.63     0.00
*T   3  1.57e-02  -1.150e+00  +0.000e+00     56.45   2.716e-01    1.282     0.775   4.143e+00    99.68     0.00    66.98     0.00
*
**********************************************************************
*
*                 -- AUTOADJUST [7] OUT --
*
*     target: lo % = 60.000000      hi % = 65.000000
*     Autoadjust % = 66.984127
*     Autoadjust: overshot! drop temp step to: 4.152e-03 [a.u.]
*     Autoadjust: Raising the temperature 4.152e-03 [a.u.]
*
**********************************************************************
*
*                 -- Autoadjust Metropolis Run --
*
*   autoadjust_temp_init  =  1.9866e-02
*   autoadjust_temp_step  =  4.1519e-03
*        autoadjust_runs  =        1270         configs per temp
*       autoadjust_count  =           8
*
**********************************************************************
*
* Metropolis: 3 temperature runs with these parameters:
*
*              runs  =      1270              loops per T
*               T_0  = 1.987e-02             initial temp
*               T_L  = 1.985e-02               final temp
*           T_alpha  = 7.996e+03          annealing alpha
*
*            T = T_0 * exp( -run_num**3 / T_alpha )
*
**********************************************************************
*H run      Temp       E_ion        E_ss   cel vol       SigPF       ar     ortho        pCnt          % Rejected Changes
*H                                                                                                 trn      rot      lat      swp
*T   1  1.99e-02  -1.109e+00  +0.000e+00     64.29   2.176e-01    1.283     0.717   5.687e+00    98.58     0.00    57.40     0.00
*T   2  1.99e-02  -1.028e+00  +0.000e+00     78.44   2.355e-01    1.435     0.692   5.389e+00    98.82     0.00    57.56     0.00
*T   3  1.98e-02  -1.050e+00  +0.000e+00     74.66   2.173e-01    1.403     0.588   2.142e+00    98.66     0.00    63.46     0.00
*
**********************************************************************
*
*                 -- AUTOADJUST [8] OUT --
*
*     target: lo % = 60.000000      hi % = 65.000000
*     Autoadjust % = 63.464567
*     Autoadjust: temp = 1.987e-02  is good!  Exiting autoadjust.
*
**********************************************************************
*
* ------------------------------------------------------------
*              Autoadjust low temperatrure:
* ------------------------------------------------------------
*              Autoadjusting on 3 (1=trn,2=rot,3=lat,4=swp)
*
**********************************************************************
*
*                 -- Autoadjust Metropolis Run --
*
*   autoadjust_temp_init  =  2.0000e-02
*   autoadjust_temp_step  =  5.0000e-01
*        autoadjust_runs  =        1200         configs per temp
*       autoadjust_count  =           1
*
**********************************************************************
*
* Metropolis: 3 temperature runs with these parameters:
*
*              runs  =      1200              loops per T
*               T_0  = 2.000e-02             initial temp
*               T_L  = 2.000e-02               final temp
*           T_alpha  = 1.600e+08          annealing alpha
*
*            T = T_0 * exp( -run_num**3 / T_alpha )
*
**********************************************************************
*H run      Temp       E_ion        E_ss   cel vol       SigPF       ar     ortho        pCnt          % Rejected Changes
*H                                                                                                 trn      rot      lat      swp
*T   1  2.00e-02  -1.068e+00  +0.000e+00     68.11   2.445e-01    1.439     0.601   4.118e+00    99.58     0.00    65.75     0.00
*T   2  2.00e-02  -1.116e+00  +0.000e+00     65.31   2.245e-01    1.423     0.510   3.105e+00    99.08     0.00    64.25     0.00
*T   3  2.00e-02  -1.107e+00  +0.000e+00     64.28   2.362e-01    1.164     0.645   3.252e+00    98.83     0.00    65.08     0.00
*
**********************************************************************
*
*                 -- AUTOADJUST [1] OUT --
*
*     target: lo % = 95.000000      hi % = 99.900000
*     Autoadjust % = 65.083333
*     Autoadjust: special case: (T-Tstep) = -4.800e-01 [a.u.]
*     Autoadjust: special case: ===> drop temp step to: 2.250e-01 [a.u.]
*     Autoadjust: special case: (T-Tstep) = -2.050e-01 [a.u.]
*     Autoadjust: special case: ===> drop temp step to: 1.013e-01 [a.u.]
*     Autoadjust: special case: (T-Tstep) = -8.125e-02 [a.u.]
*     Autoadjust: special case: ===> drop temp step to: 4.556e-02 [a.u.]
*     Autoadjust: special case: (T-Tstep) = -2.556e-02 [a.u.]
*     Autoadjust: special case: ===> drop temp step to: 2.050e-02 [a.u.]
*     Autoadjust: special case: (T-Tstep) = -5.031e-04 [a.u.]
*     Autoadjust: special case: ===> drop temp step to: 9.226e-03 [a.u.]
*     Autoadjust: Lowering the temperature 9.226e-03 [a.u.]
*
**********************************************************************
*
*                 -- Autoadjust Metropolis Run --
*
*   autoadjust_temp_init  =  1.0774e-02
*   autoadjust_temp_step  =  9.2264e-03
*        autoadjust_runs  =        1210         configs per temp
*       autoadjust_count  =           2
*
**********************************************************************
*
* Metropolis: 3 temperature runs with these parameters:
*
*              runs  =      1210              loops per T
*               T_0  = 1.077e-02             initial temp
*               T_L  = 1.076e-02               final temp
*           T_alpha  = 7.996e+03          annealing alpha
*
*            T = T_0 * exp( -run_num**3 / T_alpha )
*
**********************************************************************
*H run      Temp       E_ion        E_ss   cel vol       SigPF       ar     ortho        pCnt          % Rejected Changes
*H                                                                                                 trn      rot      lat      swp
*T   1  1.08e-02  -1.120e+00  +0.000e+00     57.22   2.949e-01    1.251     0.561   8.529e+00   100.00     0.00    78.84     0.00
*T   2  1.08e-02  -1.112e+00  +0.000e+00     55.10   2.818e-01    1.268     0.535   3.496e+00    99.92     0.00    78.10     0.00
*T   3  1.08e-02  -1.162e+00  +0.000e+00     48.46   3.043e-01    1.464     0.447   7.578e+00    99.75     0.00    79.09     0.00
*
**********************************************************************
*
*                 -- AUTOADJUST [2] OUT --
*
*     target: lo % = 95.000000      hi % = 99.900000
*     Autoadjust % = 79.090909
*     Autoadjust: Lowering the temperature 9.226e-03 [a.u.]
*
**********************************************************************
*
*                 -- Autoadjust Metropolis Run --
*
*   autoadjust_temp_init  =  1.5472e-03
*   autoadjust_temp_step  =  9.2264e-03
*        autoadjust_runs  =        1220         configs per temp
*       autoadjust_count  =           3
*
**********************************************************************
*
* Metropolis: 3 temperature runs with these parameters:
*
*              runs  =      1220              loops per T
*               T_0  = 1.547e-03             initial temp
*               T_L  = 1.546e-03               final temp
*           T_alpha  = 7.996e+03          annealing alpha
*
*            T = T_0 * exp( -run_num**3 / T_alpha )
*
**********************************************************************
*H run      Temp       E_ion        E_ss   cel vol       SigPF       ar     ortho        pCnt          % Rejected Changes
*H                                                                                                 trn      rot      lat      swp
*T   1  1.55e-03  -1.173e+00  +0.000e+00     46.54   3.611e-01    1.435     0.447   2.733e+00   100.00     0.00    96.72     0.00
*T   2  1.55e-03  -1.170e+00  +0.000e+00     47.03   3.641e-01    1.442     0.447   1.988e+00   100.00     0.00    97.05     0.00
*T   3  1.55e-03  -1.172e+00  +0.000e+00     46.75   3.629e-01    1.439     0.449   7.331e-01   100.00     0.00    95.98     0.00
*
**********************************************************************
*
*                 -- AUTOADJUST [3] OUT --
*
*     target: lo % = 95.000000      hi % = 99.900000
*     Autoadjust % = 95.983607
*     Autoadjust: temp = 1.547e-03  is good!  Exiting autoadjust.
*
**********************************************************************
*
*
*          -- Initializing cell contents --
*
*
*
**********************************************************************
*
*            -- Starting Metropolis calculation --
*
*              temp_init  = 1.987e-02
*
**********************************************************************
*
* Metropolis: 25 temperature runs with these parameters:
*
*              runs  =      4800              loops per T
*               T_0  = 1.987e-02             initial temp
*               T_L  = 1.547e-03               final temp
*           T_alpha  = 5.416e+03          annealing alpha
*
*            T = T_0 * exp( -run_num**3 / T_alpha )
*
**********************************************************************
*H run      Temp       E_ion        E_ss   cel vol       SigPF       ar     ortho        pCnt          % Rejected Changes
*H                                                                                                 trn      rot      lat      swp
*M   1  1.99e-02  -1.053e+00  +0.000e+00     69.34   2.395e-01    2.141     0.482   1.933e+01    98.04     0.00    55.50     0.00
*M   2  1.99e-02  -1.088e+00  +0.000e+00     68.94   2.091e-01    1.869     0.540   4.130e+00    98.50     0.00    56.88     0.00
*M   3  1.98e-02  -1.044e+00  +0.000e+00     70.39   1.583e-01    2.394     0.500   6.808e+00    96.94     0.00    54.00     0.00
*M   4  1.98e-02  -1.048e+00  +0.000e+00     85.77   1.677e-01    1.822     0.388   6.289e+00    97.44     0.00    54.83     0.00
*M   5  1.96e-02  -9.365e-01  +0.000e+00    141.39   1.691e-01    1.755     0.518   4.120e+00    96.81     0.00    54.04     0.00
*M   6  1.94e-02  -1.048e+00  +0.000e+00     81.42   2.114e-01    2.087     0.426   8.294e+00    97.50     0.00    62.17     0.00
*M   7  1.91e-02  -1.064e+00  +0.000e+00     73.90   2.198e-01    1.326     0.713   6.389e+00    98.67     0.00    61.31     0.00
*M   8  1.86e-02  -1.035e+00  +0.000e+00     70.66   1.820e-01    2.319     0.408   7.936e+00    98.88     0.00    56.02     0.00
*M   9  1.81e-02  -1.093e+00  +0.000e+00     56.00   2.231e-01    2.308     0.465   4.208e+00    98.90     0.00    60.17     0.00
*M  10  1.74e-02  -1.091e+00  +0.000e+00     53.55   2.212e-01    1.803     0.537   4.737e+00    98.88     0.00    59.65     0.00
*M  11  1.65e-02  -1.137e+00  +0.000e+00     56.13   2.212e-01    1.094     0.820   5.793e+00    98.92     0.00    61.73     0.00
*M  12  1.55e-02  -1.060e+00  +0.000e+00     65.32   2.399e-01    1.588     0.638   8.822e+00    99.10     0.00    66.40     0.00
*M  13  1.44e-02  -1.087e+00  +0.000e+00     64.76   2.575e-01    1.079     0.835   6.721e+00    99.23     0.00    68.48     0.00
*M  14  1.32e-02  -1.154e+00  +0.000e+00     54.26   2.641e-01    1.184     0.707   9.031e+00    99.54     0.00    65.58     0.00
*M  15  1.20e-02  -1.142e+00  +0.000e+00     48.35   2.792e-01    1.293     0.814   1.220e+01    99.73     0.00    68.04     0.00
*M  16  1.07e-02  -1.144e+00  +0.000e+00     57.60   3.056e-01    1.109     0.712   4.173e+00    99.96     0.00    75.94     0.00
*M  17  9.32e-03  -1.162e+00  +0.000e+00     52.03   2.884e-01    1.157     0.679   4.653e+00    99.98     0.00    76.17     0.00
*M  18  8.02e-03  -1.153e+00  +0.000e+00     53.70   3.092e-01    1.257     0.598   4.425e+00    99.94     0.00    80.85     0.00
*M  19  6.77e-03  -1.169e+00  +0.000e+00     50.90   2.937e-01    1.229     0.623   3.011e+00   100.00     0.00    83.06     0.00
*M  20  5.60e-03  -1.176e+00  +0.000e+00     52.67   2.957e-01    1.208     0.627   7.292e+00   100.00     0.00    86.31     0.00
*M  21  4.54e-03  -1.158e+00  +0.000e+00     56.39   3.028e-01    1.104     0.623   4.174e+00   100.00     0.00    87.92     0.00
*M  22  3.59e-03  -1.163e+00  +0.000e+00     52.14   3.127e-01    1.323     0.665   4.769e+00   100.00     0.00    90.92     0.00
*M  23  2.78e-03  -1.182e+00  +0.000e+00     52.13   3.261e-01    1.188     0.624   8.373e+00   100.00     0.00    93.46     0.00
*M  24  2.10e-03  -1.186e+00  +0.000e+00     52.73   3.194e-01    1.124     0.635   2.905e+00   100.00     0.00    94.65     0.00
*M  25  1.55e-03  -1.184e+00  +0.000e+00     53.07   3.251e-01    1.135     0.631   1.124e+00   100.00     0.00    97.04     0.00
*
**********************************************************************
*
*
*          - Parameters at Post Ewald-Metro -
*
* Lattice parameters:
*
*             lat a  =    4.6678
*             lat b  =    4.1129
*             lat c  =    4.3793
*             alpha  =   54.7115
*             beta   =   53.4482
*             gamma  =   80.4019
*          cell vol  =   53.0738
*          cv/ortho  =    0.6313
*
* Energies:
*               ecc  = -1.1839e+00
*               eng  =  0.0000e+00
*
*
* Geometry:
*
*      packing frac  =    0.4908
*      aspect ratio  =    1.1349
*
* (dE/dV):
*                Px  =  9.3030e-03                    x-dir
*                Py  =  4.6064e-03                    y-dir
*                Pz  =  8.3972e-03                    z-dir
*
* Distances (PBC only):
*                                 min           hard           diff
*           ca1_ca1  =   1.000000e+06   2.320000e+00   9.999977e+05
*           ca1_ca2  =   1.000000e+06   1.160000e+00   9.999988e+05
*           ca1_ac1  =   2.849101e+00   2.830000e+00   1.910142e-02
*           ca1_av1  =   1.000000e+06  -1.000000e+00   1.000001e+06
*           ca1_ac2  =   1.000000e+06  -1.000000e+00   1.000001e+06
*           ca1_av2  =   1.000000e+06  -1.000000e+00   1.000001e+06
*           ca2_ca2  =   1.000000e+06   0.000000e+00   1.000000e+06
*           ca2_ac1  =   1.000000e+06   1.670000e+00   9.999983e+05
*           ca2_av1  =   1.000000e+06  -1.000000e+00   1.000001e+06
*           ca2_ac2  =   1.000000e+06  -1.000000e+00   1.000001e+06
*           ca2_av2  =   1.000000e+06  -1.000000e+00   1.000001e+06
*           ac1_ac1  =   1.000000e+06   3.340000e+00   9.999967e+05
*           ac1_av1  =   1.000000e+06  -1.000000e+00   1.000001e+06
*           ac1_ac2  =   1.000000e+06  -1.000000e+00   1.000001e+06
*           ac1_av2  =   1.000000e+06  -1.000000e+00   1.000001e+06
*           av1_av1  =   1.000000e+06  -1.000000e+00   1.000001e+06
*           av1_av2  =   1.000000e+06  -1.000000e+00   1.000001e+06
*           av2_av2  =   1.000000e+06  -1.000000e+00   1.000001e+06
*
*
*
**********************************************************************
*
*         - Comparing with 'best' structure -
*
****************************************************************
*
*          best ecc  = -1.2136e+00
*          best eng  =  0.0000e+00
*           ecc+eng  = -1.2136e+00
*          best vol  =  4.7647e+01
*           best pf  =  5.4667e-01
*
*     post_runs ecc  = -1.1839e+00
*     post_runs eng  =  0.0000e+00
*           ecc+eng  = -1.1839e+00
*     post_runs vol  =  5.3074e+01
*      post_runs pf  =  4.9078e-01
*
*       dV / V_runs  =  1.0224e-01
*
*          ecc_diff  = -2.9736e-02
*          eng_diff  =  0.0000e+00
*
*
****************************************************************
*
*  mag_ecc_diff > mag_eng_diff AND within BEST_VOL AND
* 'best' has lower energy than post runs! --> swapping.
*
****************************************************************
*
*
*          - Parameters at Post 'best-swap' -
*
* Lattice parameters:
*
*             lat a  =    4.0073
*             lat b  =    4.0996
*             lat c  =    4.1709
*             alpha  =   58.7403
*             beta   =  119.2879
*             gamma  =   89.1370
*          cell vol  =   47.6473
*          cv/ortho  =    0.6954
*
* Energies:
*               ecc  = -1.2136e+00
*               eng  =  0.0000e+00
*
*
* Geometry:
*
*      packing frac  =    0.5467
*      aspect ratio  =    1.0408
*
* (dE/dV):
*                Px  =  7.9051e-03                    x-dir
*                Py  =  8.4442e-03                    y-dir
*                Pz  =  9.1218e-03                    z-dir
*
* Distances (PBC only):
*                                 min           hard           diff
*           ca1_ca1  =   1.000000e+06   2.320000e+00   9.999977e+05
*           ca1_ca2  =   1.000000e+06   1.160000e+00   9.999988e+05
*           ca1_ac1  =   2.842489e+00   2.830000e+00   1.248894e-02
*           ca1_av1  =   1.000000e+06  -1.000000e+00   1.000001e+06
*           ca1_ac2  =   1.000000e+06  -1.000000e+00   1.000001e+06
*           ca1_av2  =   1.000000e+06  -1.000000e+00   1.000001e+06
*           ca2_ca2  =   1.000000e+06   0.000000e+00   1.000000e+06
*           ca2_ac1  =   1.000000e+06   1.670000e+00   9.999983e+05
*           ca2_av1  =   1.000000e+06  -1.000000e+00   1.000001e+06
*           ca2_ac2  =   1.000000e+06  -1.000000e+00   1.000001e+06
*           ca2_av2  =   1.000000e+06  -1.000000e+00   1.000001e+06
*           ac1_ac1  =   1.000000e+06   3.340000e+00   9.999967e+05
*           ac1_av1  =   1.000000e+06  -1.000000e+00   1.000001e+06
*           ac1_ac2  =   1.000000e+06  -1.000000e+00   1.000001e+06
*           ac1_av2  =   1.000000e+06  -1.000000e+00   1.000001e+06
*           av1_av1  =   1.000000e+06  -1.000000e+00   1.000001e+06
*           av1_av2  =   1.000000e+06  -1.000000e+00   1.000001e+06
*           av2_av2  =   1.000000e+06  -1.000000e+00   1.000001e+06
*
*
*
**********************************************************************
*
*         - Final Simplex relaxation with restarts -
*
**********************************************************************
*
*
****************************************************************
*
*
*        - Simplex Minimiziation Routine -
*
*
* Note: No aspect ratio constraint.
*
*
*            n_simp  =        15                   D.O.F.
*         simp_nmax  =      4500                max moves
*       simp_errlim  =  1.00e-08
*
*
*         - Initializing simplex arrays -
*
*
*      nfunk           rtol        pf        ar     ortho             e_ion              e_ss             e_tot
*X        12     3.5628e-03   0.54667   1.04082   0.69537    -1.2136647e+00     0.0000000e+00    -1.2136647e+00
*X      2000     1.6623e-07   0.56738   1.01597   0.70612    -1.2298840e+00     0.0000000e+00    -1.2298840e+00
*
*         simp_runs  =      2927               simp moves
*              rtol  =  9.58e-09               final rtol
*
* Simplex restart no. 1 of 10
*
*         - Initializing simplex arrays -
*
*
*      nfunk           rtol        pf        ar     ortho             e_ion              e_ss             e_tot
*X        12     1.4717e+00   0.56751   1.00263   0.71264    -1.2300416e+00     0.0000000e+00    -1.2300416e+00
*
*         simp_runs  =      1440               simp moves
*              rtol  =  9.51e-09               final rtol
*
* Simplex restart no. 2 of 10
*
*         - Initializing simplex arrays -
*
*
*      nfunk           rtol        pf        ar     ortho             e_ion              e_ss             e_tot
*X        11     1.5145e+00   0.56947   1.00425   0.71043    -1.2314002e+00     0.0000000e+00    -1.2314002e+00
*
*         simp_runs  =       850               simp moves
*              rtol  =  9.88e-09               final rtol
*
* Simplex restart no. 3 of 10
*
*         - Initializing simplex arrays -
*
*
*      nfunk           rtol        pf        ar     ortho             e_ion              e_ss             e_tot
*X        11     1.5145e+00   0.56947   1.00423   0.71042    -1.2314011e+00     0.0000000e+00    -1.2314011e+00
*
*         simp_runs  =       827               simp moves
*              rtol  =  9.97e-09               final rtol
*
* Simplex restart no. 4 of 10
*
*         - Initializing simplex arrays -
*
*
*      nfunk           rtol        pf        ar     ortho             e_ion              e_ss             e_tot
*X        11     1.5145e+00   0.56947   1.00423   0.71042    -1.2314011e+00     0.0000000e+00    -1.2314011e+00
*
*         simp_runs  =       842               simp moves
*              rtol  =  9.77e-09               final rtol
*
* Simplex restart no. 5 of 10
*
*         - Initializing simplex arrays -
*
*
*      nfunk           rtol        pf        ar     ortho             e_ion              e_ss             e_tot
*X        11     1.5145e+00   0.56947   1.00423   0.71042    -1.2314011e+00     0.0000000e+00    -1.2314011e+00
*
*         simp_runs  =       842               simp moves
*              rtol  =  9.77e-09               final rtol
*
* Simplex restart no. 6 of 10
*
*         - Initializing simplex arrays -
*
*
*      nfunk           rtol        pf        ar     ortho             e_ion              e_ss             e_tot
*X        11     1.5145e+00   0.56947   1.00423   0.71042    -1.2314011e+00     0.0000000e+00    -1.2314011e+00
*
*         simp_runs  =       842               simp moves
*              rtol  =  9.77e-09               final rtol
*
* Simplex restart no. 7 of 10
*
*         - Initializing simplex arrays -
*
*
*      nfunk           rtol        pf        ar     ortho             e_ion              e_ss             e_tot
*X        11     1.5145e+00   0.56947   1.00423   0.71042    -1.2314011e+00     0.0000000e+00    -1.2314011e+00
*
*         simp_runs  =       842               simp moves
*              rtol  =  9.77e-09               final rtol
*
* Simplex restart no. 8 of 10
*
*         - Initializing simplex arrays -
*
*
*      nfunk           rtol        pf        ar     ortho             e_ion              e_ss             e_tot
*X        11     1.5145e+00   0.56947   1.00423   0.71042    -1.2314011e+00     0.0000000e+00    -1.2314011e+00
*
*         simp_runs  =       842               simp moves
*              rtol  =  9.77e-09               final rtol
*
* Simplex restart no. 9 of 10
*
*         - Initializing simplex arrays -
*
*
*      nfunk           rtol        pf        ar     ortho             e_ion              e_ss             e_tot
*X        11     1.5145e+00   0.56947   1.00423   0.71042    -1.2314011e+00     0.0000000e+00    -1.2314011e+00
*
*         simp_runs  =       842               simp moves
*              rtol  =  9.77e-09               final rtol
*
* Simplex restart no. 10 of 10
*
*         - Initializing simplex arrays -
*
*
*      nfunk           rtol        pf        ar     ortho             e_ion              e_ss             e_tot
*X        11     1.5145e+00   0.56947   1.00423   0.71042    -1.2314011e+00     0.0000000e+00    -1.2314011e+00
*
*         simp_runs  =       842               simp moves
*              rtol  =  9.77e-09               final rtol
*
****************************************************************
*
*          - Parameters at Post Simplex -
*
* Lattice parameters:
*
*             lat a  =    4.0108
*             lat b  =    3.9981
*             lat c  =    4.0150
*             alpha  =   60.2500
*             beta   =  119.9774
*             gamma  =   90.0679
*          cell vol  =   45.7397
*          cv/ortho  =    0.7104
*
* Energies:
*               ecc  = -1.2314e+00
*               eng  =  0.0000e+00
*
*
* Geometry:
*
*      packing frac  =    0.5695
*      aspect ratio  =    1.0042
*
* (dE/dV):
*                Px  =  9.1423e-03                    x-dir
*                Py  =  9.0511e-03                    y-dir
*                Pz  =  8.7286e-03                    z-dir
*
* Distances (PBC only):
*                                 min           hard           diff
*           ca1_ca1  =   1.000000e+06   2.320000e+00   9.999977e+05
*           ca1_ca2  =   1.000000e+06   1.160000e+00   9.999988e+05
*           ca1_ac1  =   2.830000e+00   2.830000e+00   3.770284e-09
*           ca1_av1  =   1.000000e+06  -1.000000e+00   1.000001e+06
*           ca1_ac2  =   1.000000e+06  -1.000000e+00   1.000001e+06
*           ca1_av2  =   1.000000e+06  -1.000000e+00   1.000001e+06
*           ca2_ca2  =   1.000000e+06   0.000000e+00   1.000000e+06
*           ca2_ac1  =   1.000000e+06   1.670000e+00   9.999983e+05
*           ca2_av1  =   1.000000e+06  -1.000000e+00   1.000001e+06
*           ca2_ac2  =   1.000000e+06  -1.000000e+00   1.000001e+06
*           ca2_av2  =   1.000000e+06  -1.000000e+00   1.000001e+06
*           ac1_ac1  =   1.000000e+06   3.340000e+00   9.999967e+05
*           ac1_av1  =   1.000000e+06  -1.000000e+00   1.000001e+06
*           ac1_ac2  =   1.000000e+06  -1.000000e+00   1.000001e+06
*           ac1_av2  =   1.000000e+06  -1.000000e+00   1.000001e+06
*           av1_av1  =   1.000000e+06  -1.000000e+00   1.000001e+06
*           av1_av2  =   1.000000e+06  -1.000000e+00   1.000001e+06
*           av2_av2  =   1.000000e+06  -1.000000e+00   1.000001e+06
*
*
***********************************************************
*        - Process and timing information -
*
* user time:   0 h 00 m 22.314216 s
* syst time:   0 h 00 m 00.009999 s
* signals: 0
* voluntary context switches: 8
* involuntary context switches: 26
*
***********************************************************
*SS symsearch output
*SS ( use:  | awk '($1=="*S"){print $0}' | sed 's/*S //' > temp.out )
*S Title
*S 1                 search type
*S 5.0 0.00001       displacement rms max min
*S 0.1 0.00001       strain rms max min
*S 1                 lattice input type
*S      4.01083     0.00000     0.00000
*S     -0.00474     3.99811     0.00000
*S     -2.00614     1.98995     2.85236
*S 1 0 0
*S 0 1 0
*S 0 0 1
*S 2                 number of atoms
*S 11 0
*S      0.29029     0.77116     0.61000
*S      0.78587     0.27557     0.60234
*FF findsym output
*FF ( use:  | awk '($1=="*F"){print $0}' | sed 's/*F //' > temp.out )
*F Title
*F 0.001       displacement rms max min
*F 1                 lattice input type
*F      4.01083     0.00000     0.00000
*F     -0.00474     3.99811     0.00000
*F     -2.00614     1.98995     2.85236
*F 1               basis vector in type
*F 1 0 0
*F 0 1 0
*F 0 0 1
*F 2                 number of atoms
*F 11 0
*F      0.29029     0.77116     0.61000
*F      0.78587     0.27557     0.60234
*DD powder output
*DD (use: | awk '($1=="*D"){print $0}' | sed 's/*D //' > temp.out )
*D 2
*D      4.01083     3.99811     4.01503
*D     60.24997   119.97736    90.06791
*D      0.29029     0.77116     0.61000        11
*D      0.78587     0.27557     0.60234         0
*PP poscar output
*PP (use: | awk '($1=="*P"){print $0}' | sed 's/*P //' > temp.out )
*P Z: 11 17 
*P 1.0 
*P      4.01083038     0.00000000     0.00000000
*P     -0.00473859     3.99810931     0.00000000
*P     -2.00613858     1.98994748     2.85235757
*P 1 1 0 
*P Direct
*P       0.290285619736      0.771162648103      0.610001705379
*P       0.785867311995      0.275570306121      0.602339052333
*QQ poscar output
*QQ (use: | awk '($1=="*Q"){print $0}' | sed 's/*Q //' > temp.out )
*Q +1.000000000000 -1.000000000000 
*Q 1.0 
*Q      4.01083038     0.00000000     0.00000000
*Q     -0.00473859     3.99810931     0.00000000
*Q     -2.00613858     1.98994748     2.85235757
*Q 1 1 0 
*Q Direct
*Q       0.290285619736      0.771162648103      0.610001705379
*Q       0.785867311995      0.275570306121      0.602339052333
*RR restart output
*RR (use: | awk '($1=="*R"){print $0}' | sed 's/*R //' > temp.out )
*R     4.010830383900    3.998112114434    4.015025115170
*R     1.051560287789    2.093999998025    1.571981533461
*R      1
*R      1     1
*R   -1.000000000000000   0.000000000000000
*R     0.000000000000    1.670000000000    0.000000000000    17     0
*R      1
*R      1   1.000000000000000
*R     1.160000000000    11
*R     0.290285619736    0.771162648103    0.610001705379
*R     0.785867311995    0.275570306121    0.602339052333
* XBS output
* CATION:
atom C    -0.063115792    4.297063916    1.739942983
spec C     1.160000000    1.000000000    0.000000000    0.000000000
* ANION:
atom A     1.942299069    2.300383284    1.718086356
spec A     1.670000000    0.000000000    0.000000000    1.000000000
spec V     0.000000000    0.000000000    1.000000000    0.000000000
bonds A V  0.000000000    0.000000000    0.010000000    Black
* CELL PARAMETERS AND BORDER
atom 0    0.00000   0.00000   0.00000
atom 1    4.01083   0.00000   0.00000
atom 2    4.00609   3.99811   0.00000
atom 3   -0.00474   3.99811   0.00000
atom 4   -2.00614   1.98995   2.85236
atom 5    2.00469   1.98995   2.85236
atom 6    1.99995   5.98806   2.85236
atom 7   -2.01088   5.98806   2.85236
spec 0     0.050000000    0.000000000    0.000000000    0.000000000
spec 1     0.050000000    0.000000000    0.000000000    0.000000000
spec 2     0.050000000    0.000000000    0.000000000    0.000000000
spec 3     0.050000000    0.000000000    0.000000000    0.000000000
spec 4     0.050000000    0.000000000    0.000000000    0.000000000
spec 5     0.050000000    0.000000000    0.000000000    0.000000000
spec 6     0.050000000    0.000000000    0.000000000    0.000000000
spec 7     0.050000000    0.000000000    0.000000000    0.000000000
bonds 0 1  4.006819554    4.014841214    0.010000000    Black
bonds 3 2  4.006819554    4.014841214    0.010000000    Black
bonds 4 5  4.006819554    4.014841214    0.010000000    Black
bonds 6 7  4.006819554    4.014841214    0.010000000    Black
bonds 1 2  3.994114002    4.002110227    0.010000000    Black
bonds 0 3  3.994114002    4.002110227    0.010000000    Black
bonds 5 6  3.994114002    4.002110227    0.010000000    Black
bonds 4 7  3.994114002    4.002110227    0.010000000    Black
bonds 0 4  4.011010090    4.019040140    0.010000000    Black
bonds 1 5  4.011010090    4.019040140    0.010000000    Black
bonds 2 6  4.011010090    4.019040140    0.010000000    Black
bonds 3 7  4.011010090    4.019040140    0.010000000    Black
inc 5.000000
dup    4.01083   0.00000   0.00000
dup   -0.00474   3.99811   0.00000
dup   -2.00614   1.98995   2.85236
