*************************************************
*	pack	(version 4.12.0.5)
*	Eric Majzoub
*	Sandia National Laboratories
*************************************************
*  Source file: main.c
*  Compile date: Dec 27 2012
*  Compile time: 17:19:04
*  commandline = /projects/e20438/bin/pack-4.12.0.5/pack_exe -f ../../NaCl_pegs.in -P -R -r 400 -t 20 -g 16030 
*  input file = ../../NaCl_pegs.in
**********************************************************************
**********************************************************************
**********************************************************************
* 
*       - General run comments -
* 
* WARN: no Rotations in Metropolis (-R flag).
* WARN: all anionic charge on center atom (-P flag).
*
**********************************************************************
*           - Input parameters -
*
*           restart  =         0         1 = restart calc
*        autoadjust  =         1   automatically set temp
*          aa_using  =         1        1=rej pct, 2=pCnt
*         basin hop  =         0           number of hops
*     non_per_ewald  =         0          1=nanopart calc
*
*             lat a  =   10.0000
*             lat b  =   10.0000
*             lat c  =   10.0000
*             alpha  =    1.5708
*             beta   =    1.5708
*             gamma  =    1.5708
*          cell vol  = 1000.0000
*      sqsh vol pct  =    0.2000
* 
*          cell_min  =    1.6700              min lat vec
*          cell_max  =  167.0000              max lat vec
* 
*         n_type_an  =         1          num type anions
*            num_an  =         1           tot num anions
* 
*          num_an_1  =         1        num anions type 1
*        num_vert_1  =         1     1=sph 2=dim 5=tet...
*       an_chrg_c_1  =   -1.0000      anion center charge
*       an_chrg_v_1  =    0.0000      anion vertex charge
*     tot_an_chrg_1  =   -1.0000       total anion charge
*           Rcent_1  =    1.6700         anion center rad
*           Rvert_1  =    0.0000         anion vertex rad
*             cvd_1  =    0.0000        cent to vert dist
*           Zcent_1  =        17           anion center Z
*           Zvert_1  =         0           anion vertex Z
* 
*          num_an_2  =         0        num anions type 2
*        num_vert_2  =         0     1=sph 2=dim 5=tet...
*       an_chrg_c_2  =    0.0000      anion center charge
*       an_chrg_v_2  =    0.0000      anion vertex charge
*     tot_an_chrg_2  =    0.0000       total anion charge
*           Rcent_2  =    0.0000         anion center rad
*           Rvert_2  =    0.0000         anion vertex rad
*             cvd_2  =    0.0000        cent to vert dist
*           Zcent_2  =         0           anion center Z
*           Zvert_2  =         0           anion vertex Z
* 
*         n_type_ca  =         1            num type cats
*            num_ca  =         1          tot num cations
* 
*          num_ca_1  =         1        num cations typ 1
*         ca_chrg_1  =    1.0000        cation chrg typ 1
*            Rcat_1  =    1.1600         cation rad typ 1
*            Zcat_1  =        11           cation Z typ 1
* 
*            C2VTOL  =  1.00e-08            c2v tolerance
*            ERRLIM  =  1.00e-06
*       REP_EPSILON  =  1.00e+00        soft sphere repul
*    TRANS_FRAC_MAX  =    0.5000                    fixed
*    TRANS_FRAC_MIN  =    0.0200
*      MAX_ANG_CHNG  =    9.9695                  degrees
*    VOLUM_FRAC_MAX  =    0.0700
*         EXT_PRESS  =  0.00e+00        external pressure
*      SQSH_VOL_PCT  =    0.2000             min orth val
*        ASPECT_MAX  =   20.0000                cell parm
*            dplane  =    1.6700            min plane sep
*      SCALE_FACTOR  =    1.2500         bhop max scaling
* 
*            d.o.f.  =        12       degrees of freedom
*          runs/dof  =       400         loops per d.o.f.
*              runs  =      4800              loops per T
*               ncc  =     19200     config changes per T
*            t_runs  =        20           num temp steps
*             efunc  =         0               0=SS  1=LJ
*       N_HALT_CHNG  =        15      halts after N 100%s
*
*      anneal_sched  =         3   0=lin or exp(-run_n^n)
*         temp_init  =  1.00e+00             initial temp
*         temp_finl  =  1.00e-03               final temp
* 
*          trn_chng  =         1              0=off  1=on
*          rot_chng  =         0              0=off  1=on
*          lat_chng  =         1              0=off  1=on
*          swp_chng  =         1              0=off  1=on
* 
*     SIMP_RESTARTS  =        11     no. simplex restarts
*  SIMP_RESTARTS BH  =        21  basin hop simp restarts
*         SIMP_NMAX  =      4500        max simplex iters
*          SIMP_DEG  =    1.0000          anion start deg
*         SIMP_LAMB  =    0.0100        vertex start frac
*       SIMP_ERRLIM  =  1.00e-08              error limit
* 
*           aa runs  =      1200           config changes
*      aa runs_step  =        10   config change increase
*       aa runs_max  =      1500  max auto config changes
*         aa t_runs  =         3            num temp runs
*      aa temp_step  =    0.5000                temp step
* 
*        aa chng hi  =         3  1=trn 2=rot 3=lat 4=swp
*        aa chng lo  =         3  1=trn 2=rot 3=lat 4=swp
* 
*      aa ht_pct_hi  =     0.650             high rej pct
*      aa ht_pct_lo  =     0.600             low  rej pct
* 
*      aa lt_pct_hi  =     0.999             high rej pct
*      aa lt_pct_lo  =     0.950             low  rej pct
* 
*            tmpfile =                   PR19931-best.tmp
* 
* Checking for out of bounds fractional coords.
*
**********************************************************************
*
*          - Parameters at START -
*
* Lattice parameters:
*
*             lat a  =   10.0000
*             lat b  =   10.0000
*             lat c  =   10.0000
*             alpha  =   90.0000
*             beta   =   90.0000
*             gamma  =   90.0000
*          cell vol  = 1000.0000
*          cv/ortho  =    1.0000
*
* Energies:
*               ecc  = -5.7781e-01
*               eng  =  0.0000e+00
*
*
* Geometry:
*
*      packing frac  =    0.0260
*      aspect ratio  =    1.0000
*
* (dE/dV):
*                Px  = -1.5373e-05                    x-dir
*                Py  =  6.1270e-05                    y-dir
*                Pz  =  5.3191e-04                    z-dir
*
* Distances (PBC only):
*                                 min           hard           diff
*           ca1_ca1  =   1.000000e+06   2.320000e+00   9.999977e+05
*           ca1_ca2  =   1.000000e+06   1.160000e+00   9.999988e+05
*           ca1_ac1  =   3.952166e+00   2.830000e+00   1.122166e+00
*           ca1_av1  =   1.000000e+06  -1.000000e+00   1.000001e+06
*           ca1_ac2  =   1.000000e+06  -1.000000e+00   1.000001e+06
*           ca1_av2  =   1.000000e+06  -1.000000e+00   1.000001e+06
*           ca2_ca2  =   1.000000e+06   0.000000e+00   1.000000e+06
*           ca2_ac1  =   1.000000e+06   1.670000e+00   9.999983e+05
*           ca2_av1  =   1.000000e+06  -1.000000e+00   1.000001e+06
*           ca2_ac2  =   1.000000e+06  -1.000000e+00   1.000001e+06
*           ca2_av2  =   1.000000e+06  -1.000000e+00   1.000001e+06
*           ac1_ac1  =   1.000000e+06   3.340000e+00   9.999967e+05
*           ac1_av1  =   1.000000e+06  -1.000000e+00   1.000001e+06
*           ac1_ac2  =   1.000000e+06  -1.000000e+00   1.000001e+06
*           ac1_av2  =   1.000000e+06  -1.000000e+00   1.000001e+06
*           av1_av1  =   1.000000e+06  -1.000000e+00   1.000001e+06
*           av1_av2  =   1.000000e+06  -1.000000e+00   1.000001e+06
*           av2_av2  =   1.000000e+06  -1.000000e+00   1.000001e+06
*
*
*
**********************************************************************
*
* ------------------------------------------------------------
*              Autoadjust high temperatrure:
* ------------------------------------------------------------
*              Autoadjusting on 3 (1=trn,2=rot,3=lat,4=swp)
*
**********************************************************************
*
*                 -- Autoadjust Metropolis Run --
*
*   autoadjust_temp_init  =  1.0000e+00
*   autoadjust_temp_step  =  5.0000e-01
*        autoadjust_runs  =        1200         configs per temp
*       autoadjust_count  =           1
*
**********************************************************************
*
* Metropolis: 3 temperature runs with these parameters:
*
*              runs  =      1200              loops per T
*               T_0  = 1.000e+00             initial temp
*               T_L  = 1.000e+00               final temp
*           T_alpha  = 8.000e+09          annealing alpha
*
*            T = T_0 * exp( -run_num**3 / T_alpha )
*
**********************************************************************
*H run      Temp       E_ion        E_ss   cel vol       SigPF       ar     ortho        pCnt          % Rejected Changes
*H                                                                                                 trn      rot      lat      swp
*T   1  1.00e+00  -6.485e-01  +0.000e+00    336.74   9.667e-02    1.309     0.440   1.224e-01    35.33     0.00     3.42     0.00
*T   2  1.00e+00  -8.858e-01  +0.000e+00    133.02   7.398e-02    1.715     0.505   1.032e-01    33.17     0.00     4.08     0.00
*T   3  1.00e+00  -1.021e-02  +0.000e+00    835.88   7.397e-02    3.760     0.463   2.213e-01    31.42     0.00     3.75     0.00
*
**********************************************************************
*
*                 -- AUTOADJUST [1] OUT --
*
*     target: lo % = 60.000000      hi % = 65.000000
*     Autoadjust % =  3.750000
*     Autoadjust: Lowering the temperature 5.000e-01 [a.u.]
*
**********************************************************************
*
*                 -- Autoadjust Metropolis Run --
*
*   autoadjust_temp_init  =  5.0000e-01
*   autoadjust_temp_step  =  5.0000e-01
*        autoadjust_runs  =        1210         configs per temp
*       autoadjust_count  =           2
*
**********************************************************************
*
* Metropolis: 3 temperature runs with these parameters:
*
*              runs  =      1210              loops per T
*               T_0  = 5.000e-01             initial temp
*               T_L  = 4.995e-01               final temp
*           T_alpha  = 7.996e+03          annealing alpha
*
*            T = T_0 * exp( -run_num**3 / T_alpha )
*
**********************************************************************
*H run      Temp       E_ion        E_ss   cel vol       SigPF       ar     ortho        pCnt          % Rejected Changes
*H                                                                                                 trn      rot      lat      swp
*T   1  5.00e-01  +8.248e-02  +0.000e+00   6708.32   2.862e-02   13.867     0.453   7.275e-01    43.47     0.00     3.80     0.00
*T   2  5.00e-01  +2.753e-02  +0.000e+00  35124.73   1.019e-03   17.381     0.372   5.854e-01    36.03     0.00     1.57     0.00
*T   3  4.99e-01  +5.040e-01  +0.000e+00  67989.51   3.689e-04   16.621     0.507   2.999e-01    21.40     0.00     2.23     0.00
*
**********************************************************************
*
*                 -- AUTOADJUST [2] OUT --
*
*     target: lo % = 60.000000      hi % = 65.000000
*     Autoadjust % =  2.231405
*     Autoadjust: special case: (T-Tstep) = 0.000e+00 [a.u.]
*     Autoadjust: special case: ===> drop temp step to: 2.250e-01 [a.u.]
*     Autoadjust: Lowering the temperature 2.250e-01 [a.u.]
*
**********************************************************************
*
*                 -- Autoadjust Metropolis Run --
*
*   autoadjust_temp_init  =  2.7500e-01
*   autoadjust_temp_step  =  2.2500e-01
*        autoadjust_runs  =        1220         configs per temp
*       autoadjust_count  =           3
*
**********************************************************************
*
* Metropolis: 3 temperature runs with these parameters:
*
*              runs  =      1220              loops per T
*               T_0  = 2.750e-01             initial temp
*               T_L  = 2.747e-01               final temp
*           T_alpha  = 7.996e+03          annealing alpha
*
*            T = T_0 * exp( -run_num**3 / T_alpha )
*
**********************************************************************
*H run      Temp       E_ion        E_ss   cel vol       SigPF       ar     ortho        pCnt          % Rejected Changes
*H                                                                                                 trn      rot      lat      swp
*T   1  2.75e-01  +1.644e-01  +0.000e+00   8195.23   8.961e-04    8.682     0.319   1.601e+00    46.56     0.00     2.79     0.00
*T   2  2.75e-01  +1.240e-01  +0.000e+00   7719.38   2.985e-03    5.975     0.592   7.548e-01    40.41     0.00     2.95     0.00
*T   3  2.75e-01  +4.518e-02  +0.000e+00   2907.62   4.109e-03    9.196     0.405   1.017e+00    39.10     0.00     3.77     0.00
*
**********************************************************************
*
*                 -- AUTOADJUST [3] OUT --
*
*     target: lo % = 60.000000      hi % = 65.000000
*     Autoadjust % =  3.770492
*     Autoadjust: Lowering the temperature 2.250e-01 [a.u.]
*
**********************************************************************
*
*                 -- Autoadjust Metropolis Run --
*
*   autoadjust_temp_init  =  5.0000e-02
*   autoadjust_temp_step  =  2.2500e-01
*        autoadjust_runs  =        1230         configs per temp
*       autoadjust_count  =           4
*
**********************************************************************
*
* Metropolis: 3 temperature runs with these parameters:
*
*              runs  =      1230              loops per T
*               T_0  = 5.000e-02             initial temp
*               T_L  = 4.995e-02               final temp
*           T_alpha  = 7.996e+03          annealing alpha
*
*            T = T_0 * exp( -run_num**3 / T_alpha )
*
**********************************************************************
*H run      Temp       E_ion        E_ss   cel vol       SigPF       ar     ortho        pCnt          % Rejected Changes
*H                                                                                                 trn      rot      lat      swp
*T   1  5.00e-02  -7.335e-01  +0.000e+00    583.49   1.505e-02    3.601     0.331   3.845e+00    95.37     0.00    21.87     0.00
*T   2  5.00e-02  -8.789e-01  +0.000e+00    341.21   3.339e-02    6.244     0.357   4.301e+00    93.58     0.00    21.95     0.00
*T   3  5.00e-02  -6.981e-01  +0.000e+00    506.13   2.169e-02    4.270     0.237   4.475e+00    87.07     0.00    22.20     0.00
*
**********************************************************************
*
*                 -- AUTOADJUST [4] OUT --
*
*     target: lo % = 60.000000      hi % = 65.000000
*     Autoadjust % = 22.195122
*     Autoadjust: special case: (T-Tstep) = -1.750e-01 [a.u.]
*     Autoadjust: special case: ===> drop temp step to: 1.013e-01 [a.u.]
*     Autoadjust: special case: (T-Tstep) = -5.125e-02 [a.u.]
*     Autoadjust: special case: ===> drop temp step to: 4.556e-02 [a.u.]
*     Autoadjust: Lowering the temperature 4.556e-02 [a.u.]
*
**********************************************************************
*
*                 -- Autoadjust Metropolis Run --
*
*   autoadjust_temp_init  =  4.4375e-03
*   autoadjust_temp_step  =  4.5563e-02
*        autoadjust_runs  =        1240         configs per temp
*       autoadjust_count  =           5
*
**********************************************************************
*
* Metropolis: 3 temperature runs with these parameters:
*
*              runs  =      1240              loops per T
*               T_0  = 4.438e-03             initial temp
*               T_L  = 4.433e-03               final temp
*           T_alpha  = 7.996e+03          annealing alpha
*
*            T = T_0 * exp( -run_num**3 / T_alpha )
*
**********************************************************************
*H run      Temp       E_ion        E_ss   cel vol       SigPF       ar     ortho        pCnt          % Rejected Changes
*H                                                                                                 trn      rot      lat      swp
*T   1  4.44e-03  -9.610e-01  +0.000e+00    339.18   4.063e-02    5.873     0.304   2.097e+02    99.60     0.00    57.50     0.00
*T   2  4.44e-03  -1.057e+00  +0.000e+00    289.16   4.321e-02    6.020     0.397   4.387e+01    99.84     0.00    68.95     0.00
*T   3  4.43e-03  -1.064e+00  +0.000e+00    252.97   5.031e-02    6.052     0.355   5.750e+00   100.00     0.00    72.18     0.00
*
**********************************************************************
*
*                 -- AUTOADJUST [5] OUT --
*
*     target: lo % = 60.000000      hi % = 65.000000
*     Autoadjust % = 72.177419
*     Autoadjust: overshot! drop temp step to: 2.050e-02 [a.u.]
*     Autoadjust: Raising the temperature 2.050e-02 [a.u.]
*
**********************************************************************
*
*                 -- Autoadjust Metropolis Run --
*
*   autoadjust_temp_init  =  2.4941e-02
*   autoadjust_temp_step  =  2.0503e-02
*        autoadjust_runs  =        1250         configs per temp
*       autoadjust_count  =           6
*
**********************************************************************
*
* Metropolis: 3 temperature runs with these parameters:
*
*              runs  =      1250              loops per T
*               T_0  = 2.494e-02             initial temp
*               T_L  = 2.492e-02               final temp
*           T_alpha  = 7.996e+03          annealing alpha
*
*            T = T_0 * exp( -run_num**3 / T_alpha )
*
**********************************************************************
*H run      Temp       E_ion        E_ss   cel vol       SigPF       ar     ortho        pCnt          % Rejected Changes
*H                                                                                                 trn      rot      lat      swp
*T   1  2.49e-02  -1.021e+00  +0.000e+00    337.18   2.132e-02    4.898     0.541   2.347e+00    99.84     0.00    32.24     0.00
*T   2  2.49e-02  -9.961e-01  +0.000e+00    289.52   7.214e-02    4.524     0.609   2.066e+00    99.60     0.00    41.60     0.00
*T   3  2.49e-02  -1.073e+00  +0.000e+00    313.90   5.316e-02    6.828     0.812   4.239e+00    99.52     0.00    37.76     0.00
*
**********************************************************************
*
*                 -- AUTOADJUST [6] OUT --
*
*     target: lo % = 60.000000      hi % = 65.000000
*     Autoadjust % = 37.760000
*     Autoadjust: overshot! drop temp step to: 9.226e-03 [a.u.]
*     Autoadjust: Lowering the temperature 9.226e-03 [a.u.]
*
**********************************************************************
*
*                 -- Autoadjust Metropolis Run --
*
*   autoadjust_temp_init  =  1.5714e-02
*   autoadjust_temp_step  =  9.2264e-03
*        autoadjust_runs  =        1260         configs per temp
*       autoadjust_count  =           7
*
**********************************************************************
*
* Metropolis: 3 temperature runs with these parameters:
*
*              runs  =      1260              loops per T
*               T_0  = 1.571e-02             initial temp
*               T_L  = 1.570e-02               final temp
*           T_alpha  = 7.996e+03          annealing alpha
*
*            T = T_0 * exp( -run_num**3 / T_alpha )
*
**********************************************************************
*H run      Temp       E_ion        E_ss   cel vol       SigPF       ar     ortho        pCnt          % Rejected Changes
*H                                                                                                 trn      rot      lat      swp
*T   1  1.57e-02  -1.063e+00  +0.000e+00    214.64   6.853e-02    5.560     0.502   4.833e+00   100.00     0.00    53.10     0.00
*T   2  1.57e-02  -1.082e+00  +0.000e+00    111.72   1.013e-01    3.338     0.474   1.705e+00   100.00     0.00    50.63     0.00
*T   3  1.57e-02  -1.032e+00  +0.000e+00    229.93   8.885e-02    4.244     0.631   3.380e+00   100.00     0.00    45.95     0.00
*
**********************************************************************
*
*                 -- AUTOADJUST [7] OUT --
*
*     target: lo % = 60.000000      hi % = 65.000000
*     Autoadjust % = 45.952381
*     Autoadjust: Lowering the temperature 9.226e-03 [a.u.]
*
**********************************************************************
*
*                 -- Autoadjust Metropolis Run --
*
*   autoadjust_temp_init  =  6.4878e-03
*   autoadjust_temp_step  =  9.2264e-03
*        autoadjust_runs  =        1270         configs per temp
*       autoadjust_count  =           8
*
**********************************************************************
*
* Metropolis: 3 temperature runs with these parameters:
*
*              runs  =      1270              loops per T
*               T_0  = 6.488e-03             initial temp
*               T_L  = 6.481e-03               final temp
*           T_alpha  = 7.996e+03          annealing alpha
*
*            T = T_0 * exp( -run_num**3 / T_alpha )
*
**********************************************************************
*H run      Temp       E_ion        E_ss   cel vol       SigPF       ar     ortho        pCnt          % Rejected Changes
*H                                                                                                 trn      rot      lat      swp
*T   1  6.49e-03  -1.115e+00  +0.000e+00    269.83   8.693e-02    6.265     0.680   6.282e+00   100.00     0.00    64.65     0.00
*T   2  6.49e-03  -1.114e+00  +0.000e+00    293.27   6.873e-02    6.500     0.671   2.863e+00   100.00     0.00    64.80     0.00
*T   3  6.48e-03  -1.110e+00  +0.000e+00    189.31   6.782e-02    5.906     0.469   1.435e+00   100.00     0.00    62.83     0.00
*
**********************************************************************
*
*                 -- AUTOADJUST [8] OUT --
*
*     target: lo % = 60.000000      hi % = 65.000000
*     Autoadjust % = 62.834646
*     Autoadjust: temp = 6.488e-03  is good!  Exiting autoadjust.
*
**********************************************************************
*
* ------------------------------------------------------------
*              Autoadjust low temperatrure:
* ------------------------------------------------------------
*              Autoadjusting on 3 (1=trn,2=rot,3=lat,4=swp)
*
**********************************************************************
*
*                 -- Autoadjust Metropolis Run --
*
*   autoadjust_temp_init  =  2.0000e-02
*   autoadjust_temp_step  =  5.0000e-01
*        autoadjust_runs  =        1200         configs per temp
*       autoadjust_count  =           1
*
**********************************************************************
*
* Metropolis: 3 temperature runs with these parameters:
*
*              runs  =      1200              loops per T
*               T_0  = 2.000e-02             initial temp
*               T_L  = 2.000e-02               final temp
*           T_alpha  = 1.600e+08          annealing alpha
*
*            T = T_0 * exp( -run_num**3 / T_alpha )
*
**********************************************************************
*H run      Temp       E_ion        E_ss   cel vol       SigPF       ar     ortho        pCnt          % Rejected Changes
*H                                                                                                 trn      rot      lat      swp
*T   1  2.00e-02  -1.041e+00  +0.000e+00    305.81   6.268e-02    8.618     0.448   2.260e+00    99.92     0.00    42.92     0.00
*T   2  2.00e-02  -1.094e+00  +0.000e+00     73.51   1.030e-01    2.479     0.419   1.737e+00    99.92     0.00    45.42     0.00
*T   3  2.00e-02  -1.064e+00  +0.000e+00     72.62   1.449e-01    2.073     0.427   5.865e+00    97.33     0.00    49.50     0.00
*
**********************************************************************
*
*                 -- AUTOADJUST [1] OUT --
*
*     target: lo % = 95.000000      hi % = 99.900000
*     Autoadjust % = 49.500000
*     Autoadjust: special case: (T-Tstep) = -4.800e-01 [a.u.]
*     Autoadjust: special case: ===> drop temp step to: 2.250e-01 [a.u.]
*     Autoadjust: special case: (T-Tstep) = -2.050e-01 [a.u.]
*     Autoadjust: special case: ===> drop temp step to: 1.013e-01 [a.u.]
*     Autoadjust: special case: (T-Tstep) = -8.125e-02 [a.u.]
*     Autoadjust: special case: ===> drop temp step to: 4.556e-02 [a.u.]
*     Autoadjust: special case: (T-Tstep) = -2.556e-02 [a.u.]
*     Autoadjust: special case: ===> drop temp step to: 2.050e-02 [a.u.]
*     Autoadjust: special case: (T-Tstep) = -5.031e-04 [a.u.]
*     Autoadjust: special case: ===> drop temp step to: 9.226e-03 [a.u.]
*     Autoadjust: Lowering the temperature 9.226e-03 [a.u.]
*
**********************************************************************
*
*                 -- Autoadjust Metropolis Run --
*
*   autoadjust_temp_init  =  1.0774e-02
*   autoadjust_temp_step  =  9.2264e-03
*        autoadjust_runs  =        1210         configs per temp
*       autoadjust_count  =           2
*
**********************************************************************
*
* Metropolis: 3 temperature runs with these parameters:
*
*              runs  =      1210              loops per T
*               T_0  = 1.077e-02             initial temp
*               T_L  = 1.076e-02               final temp
*           T_alpha  = 7.996e+03          annealing alpha
*
*            T = T_0 * exp( -run_num**3 / T_alpha )
*
**********************************************************************
*H run      Temp       E_ion        E_ss   cel vol       SigPF       ar     ortho        pCnt          % Rejected Changes
*H                                                                                                 trn      rot      lat      swp
*T   1  1.08e-02  -1.157e+00  +0.000e+00     57.32   2.546e-01    1.727     0.504   9.378e+00    99.75     0.00    73.06     0.00
*T   2  1.08e-02  -1.110e+00  +0.000e+00     67.02   2.375e-01    1.799     0.526   3.573e+00   100.00     0.00    78.93     0.00
*T   3  1.08e-02  -1.105e+00  +0.000e+00     66.68   2.544e-01    1.607     0.496   2.457e+00    99.67     0.00    73.80     0.00
*
**********************************************************************
*
*                 -- AUTOADJUST [2] OUT --
*
*     target: lo % = 95.000000      hi % = 99.900000
*     Autoadjust % = 73.801653
*     Autoadjust: Lowering the temperature 9.226e-03 [a.u.]
*
**********************************************************************
*
*                 -- Autoadjust Metropolis Run --
*
*   autoadjust_temp_init  =  1.5472e-03
*   autoadjust_temp_step  =  9.2264e-03
*        autoadjust_runs  =        1220         configs per temp
*       autoadjust_count  =           3
*
**********************************************************************
*
* Metropolis: 3 temperature runs with these parameters:
*
*              runs  =      1220              loops per T
*               T_0  = 1.547e-03             initial temp
*               T_L  = 1.546e-03               final temp
*           T_alpha  = 7.996e+03          annealing alpha
*
*            T = T_0 * exp( -run_num**3 / T_alpha )
*
**********************************************************************
*H run      Temp       E_ion        E_ss   cel vol       SigPF       ar     ortho        pCnt          % Rejected Changes
*H                                                                                                 trn      rot      lat      swp
*T   1  1.55e-03  -1.155e+00  +0.000e+00     51.42   3.154e-01    1.492     0.494   3.893e+01    99.92     0.00    93.03     0.00
*T   2  1.55e-03  -1.162e+00  +0.000e+00     51.10   3.333e-01    1.458     0.494   4.165e+00   100.00     0.00    96.80     0.00
*T   3  1.55e-03  -1.158e+00  +0.000e+00     52.06   3.325e-01    1.446     0.495   1.513e+00   100.00     0.00    96.72     0.00
*
**********************************************************************
*
*                 -- AUTOADJUST [3] OUT --
*
*     target: lo % = 95.000000      hi % = 99.900000
*     Autoadjust % = 96.721311
*     Autoadjust: temp = 1.547e-03  is good!  Exiting autoadjust.
*
**********************************************************************
*
*
*          -- Initializing cell contents --
*
*
*
**********************************************************************
*
*            -- Starting Metropolis calculation --
*
*              temp_init  = 6.488e-03
*
**********************************************************************
*
* Metropolis: 20 temperature runs with these parameters:
*
*              runs  =      4800              loops per T
*               T_0  = 6.488e-03             initial temp
*               T_L  = 1.547e-03               final temp
*           T_alpha  = 4.785e+03          annealing alpha
*
*            T = T_0 * exp( -run_num**3 / T_alpha )
*
**********************************************************************
*H run      Temp       E_ion        E_ss   cel vol       SigPF       ar     ortho        pCnt          % Rejected Changes
*H                                                                                                 trn      rot      lat      swp
*M   1  6.49e-03  -1.141e+00  +0.000e+00     60.75   1.669e-01    1.932     0.411   2.570e+02    99.46     0.00    64.50     0.00
*M   2  6.49e-03  -1.161e+00  +0.000e+00     55.02   2.782e-01    1.938     0.464   1.806e+01    99.92     0.00    82.56     0.00
*M   3  6.48e-03  -1.186e+00  +0.000e+00     47.78   3.021e-01    1.789     0.517   4.687e+00    99.96     0.00    82.44     0.00
*M   4  6.45e-03  -1.170e+00  +0.000e+00     51.43   3.251e-01    1.668     0.469   7.590e+00   100.00     0.00    82.75     0.00
*M   5  6.40e-03  -1.196e+00  +0.000e+00     47.71   3.291e-01    1.623     0.436   2.869e+00   100.00     0.00    84.42     0.00
*M   6  6.32e-03  -1.149e+00  +0.000e+00     56.48   3.065e-01    1.689     0.432   8.465e+00    99.96     0.00    83.25     0.00
*M   7  6.20e-03  -1.173e+00  +0.000e+00     51.56   2.919e-01    1.796     0.441   3.849e+00    99.98     0.00    82.44     0.00
*M   8  6.04e-03  -1.182e+00  +0.000e+00     50.36   3.035e-01    1.708     0.421   5.219e+00    99.96     0.00    83.06     0.00
*M   9  5.83e-03  -1.195e+00  +0.000e+00     50.77   3.068e-01    1.901     0.440   5.415e+00   100.00     0.00    84.60     0.00
*M  10  5.57e-03  -1.170e+00  +0.000e+00     52.56   3.116e-01    1.698     0.449   3.709e+00   100.00     0.00    85.21     0.00
*M  11  5.26e-03  -1.198e+00  +0.000e+00     49.72   3.206e-01    1.745     0.458   3.230e+00   100.00     0.00    89.00     0.00
*M  12  4.91e-03  -1.171e+00  +0.000e+00     52.28   3.222e-01    1.728     0.473   4.764e+00    99.98     0.00    89.40     0.02
*M  13  4.52e-03  -1.168e+00  +0.000e+00     50.87   3.277e-01    1.730     0.500   5.231e+00   100.00     0.00    90.54     0.00
*M  14  4.10e-03  -1.166e+00  +0.000e+00     49.29   3.322e-01    1.741     0.520   2.677e+00    99.98     0.00    91.04     0.00
*M  15  3.66e-03  -1.171e+00  +0.000e+00     49.98   3.404e-01    1.664     0.522   6.284e+00    99.98     0.00    91.62     0.00
*M  16  3.20e-03  -1.183e+00  +0.000e+00     48.03   3.386e-01    1.666     0.539   3.001e+00   100.00     0.00    92.46     0.00
*M  17  2.76e-03  -1.186e+00  +0.000e+00     46.95   3.503e-01    1.667     0.518   2.824e+01   100.00     0.00    94.17     0.00
*M  18  2.32e-03  -1.182e+00  +0.000e+00     45.81   3.607e-01    1.589     0.491   1.515e+00   100.00     0.00    95.46     0.00
*M  19  1.92e-03  -1.184e+00  +0.000e+00     47.13   3.622e-01    1.610     0.496   2.888e+00   100.00     0.00    95.69     0.00
*M  20  1.55e-03  -1.185e+00  +0.000e+00     47.20   3.618e-01    1.611     0.487   1.386e+00   100.00     0.00    96.04     0.00
*
**********************************************************************
*
*
*          - Parameters at Post Ewald-Metro -
*
* Lattice parameters:
*
*             lat a  =    6.3019
*             lat b  =    3.9341
*             lat c  =    3.9113
*             alpha  =  105.1589
*             beta   =  109.1883
*             gamma  =   31.0542
*          cell vol  =   47.2020
*          cv/ortho  =    0.4868
*
* Energies:
*               ecc  = -1.1852e+00
*               eng  =  0.0000e+00
*
*
* Geometry:
*
*      packing frac  =    0.5518
*      aspect ratio  =    1.6112
*
* (dE/dV):
*                Px  = -6.8042e-04                    x-dir
*                Py  =  1.3499e-02                    y-dir
*                Pz  =  1.2290e-02                    z-dir
*
* Distances (PBC only):
*                                 min           hard           diff
*           ca1_ca1  =   1.000000e+06   2.320000e+00   9.999977e+05
*           ca1_ca2  =   1.000000e+06   1.160000e+00   9.999988e+05
*           ca1_ac1  =   2.857154e+00   2.830000e+00   2.715353e-02
*           ca1_av1  =   1.000000e+06  -1.000000e+00   1.000001e+06
*           ca1_ac2  =   1.000000e+06  -1.000000e+00   1.000001e+06
*           ca1_av2  =   1.000000e+06  -1.000000e+00   1.000001e+06
*           ca2_ca2  =   1.000000e+06   0.000000e+00   1.000000e+06
*           ca2_ac1  =   1.000000e+06   1.670000e+00   9.999983e+05
*           ca2_av1  =   1.000000e+06  -1.000000e+00   1.000001e+06
*           ca2_ac2  =   1.000000e+06  -1.000000e+00   1.000001e+06
*           ca2_av2  =   1.000000e+06  -1.000000e+00   1.000001e+06
*           ac1_ac1  =   1.000000e+06   3.340000e+00   9.999967e+05
*           ac1_av1  =   1.000000e+06  -1.000000e+00   1.000001e+06
*           ac1_ac2  =   1.000000e+06  -1.000000e+00   1.000001e+06
*           ac1_av2  =   1.000000e+06  -1.000000e+00   1.000001e+06
*           av1_av1  =   1.000000e+06  -1.000000e+00   1.000001e+06
*           av1_av2  =   1.000000e+06  -1.000000e+00   1.000001e+06
*           av2_av2  =   1.000000e+06  -1.000000e+00   1.000001e+06
*
*
*
**********************************************************************
*
*         - Comparing with 'best' structure -
*
****************************************************************
*
*          best ecc  = -1.2112e+00
*          best eng  =  0.0000e+00
*           ecc+eng  = -1.2112e+00
*          best vol  =  4.7105e+01
*           best pf  =  5.5297e-01
*
*     post_runs ecc  = -1.1852e+00
*     post_runs eng  =  0.0000e+00
*           ecc+eng  = -1.1852e+00
*     post_runs vol  =  4.7202e+01
*      post_runs pf  =  5.5183e-01
*
*       dV / V_runs  =  2.0562e-03
*
*          ecc_diff  = -2.5998e-02
*          eng_diff  =  0.0000e+00
*
*
****************************************************************
*
*  mag_ecc_diff > mag_eng_diff AND within BEST_VOL AND
* 'best' has lower energy than post runs! --> swapping.
*
****************************************************************
*
*
*          - Parameters at Post 'best-swap' -
*
* Lattice parameters:
*
*             lat a  =    6.5553
*             lat b  =    3.9230
*             lat c  =    3.8821
*             alpha  =  114.4601
*             beta   =  119.5685
*             gamma  =   32.8533
*          cell vol  =   47.1050
*          cv/ortho  =    0.4718
*
* Energies:
*               ecc  = -1.2112e+00
*               eng  =  0.0000e+00
*
*
* Geometry:
*
*      packing frac  =    0.5530
*      aspect ratio  =    1.6886
*
* (dE/dV):
*                Px  =  7.2244e-03                    x-dir
*                Py  =  1.0267e-02                    y-dir
*                Pz  =  8.2208e-03                    z-dir
*
* Distances (PBC only):
*                                 min           hard           diff
*           ca1_ca1  =   1.000000e+06   2.320000e+00   9.999977e+05
*           ca1_ca2  =   1.000000e+06   1.160000e+00   9.999988e+05
*           ca1_ac1  =   2.834160e+00   2.830000e+00   4.160060e-03
*           ca1_av1  =   1.000000e+06  -1.000000e+00   1.000001e+06
*           ca1_ac2  =   1.000000e+06  -1.000000e+00   1.000001e+06
*           ca1_av2  =   1.000000e+06  -1.000000e+00   1.000001e+06
*           ca2_ca2  =   1.000000e+06   0.000000e+00   1.000000e+06
*           ca2_ac1  =   1.000000e+06   1.670000e+00   9.999983e+05
*           ca2_av1  =   1.000000e+06  -1.000000e+00   1.000001e+06
*           ca2_ac2  =   1.000000e+06  -1.000000e+00   1.000001e+06
*           ca2_av2  =   1.000000e+06  -1.000000e+00   1.000001e+06
*           ac1_ac1  =   1.000000e+06   3.340000e+00   9.999967e+05
*           ac1_av1  =   1.000000e+06  -1.000000e+00   1.000001e+06
*           ac1_ac2  =   1.000000e+06  -1.000000e+00   1.000001e+06
*           ac1_av2  =   1.000000e+06  -1.000000e+00   1.000001e+06
*           av1_av1  =   1.000000e+06  -1.000000e+00   1.000001e+06
*           av1_av2  =   1.000000e+06  -1.000000e+00   1.000001e+06
*           av2_av2  =   1.000000e+06  -1.000000e+00   1.000001e+06
*
*
*
**********************************************************************
*
*         - Final Simplex relaxation with restarts -
*
**********************************************************************
*
*
****************************************************************
*
*
*        - Simplex Minimiziation Routine -
*
*
* Note: No aspect ratio constraint.
*
*
*            n_simp  =        15                   D.O.F.
*         simp_nmax  =      4500                max moves
*       simp_errlim  =  1.00e-08
*
*
*         - Initializing simplex arrays -
*
*
*      nfunk           rtol        pf        ar     ortho             e_ion              e_ss             e_tot
*X        12     1.5256e+00   0.55297   1.68860   0.47184    -1.2111893e+00     0.0000000e+00    -1.2111893e+00
*X      2000     1.2099e-06   0.56913   1.68610   0.46561    -1.2239648e+00     0.0000000e+00    -1.2239648e+00
*
*         simp_runs  =      3293               simp moves
*              rtol  =  9.34e-09               final rtol
*
* Simplex restart no. 1 of 10
*
*         - Initializing simplex arrays -
*
*
*      nfunk           rtol        pf        ar     ortho             e_ion              e_ss             e_tot
*X        11     1.6221e+00   0.56925   1.68187   0.46469    -1.2241384e+00     0.0000000e+00    -1.2241384e+00
*
*         simp_runs  =      1752               simp moves
*              rtol  =  9.73e-09               final rtol
*
* Simplex restart no. 2 of 10
*
*         - Initializing simplex arrays -
*
*
*      nfunk           rtol        pf        ar     ortho             e_ion              e_ss             e_tot
*X        11     1.6281e+00   0.57006   1.68107   0.46492    -1.2246418e+00     0.0000000e+00    -1.2246418e+00
*
*         simp_runs  =      1156               simp moves
*              rtol  =  9.99e-09               final rtol
*
* Simplex restart no. 3 of 10
*
*         - Initializing simplex arrays -
*
*
*      nfunk           rtol        pf        ar     ortho             e_ion              e_ss             e_tot
*X        11     1.6306e+00   0.57008   1.68105   0.46489    -1.2246557e+00     0.0000000e+00    -1.2246557e+00
*
*         simp_runs  =       820               simp moves
*              rtol  =  9.92e-09               final rtol
*
* Simplex restart no. 4 of 10
*
*         - Initializing simplex arrays -
*
*
*      nfunk           rtol        pf        ar     ortho             e_ion              e_ss             e_tot
*X        11     1.6306e+00   0.57008   1.68105   0.46489    -1.2246558e+00     0.0000000e+00    -1.2246558e+00
*
*         simp_runs  =       851               simp moves
*              rtol  =  9.88e-09               final rtol
*
* Simplex restart no. 5 of 10
*
*         - Initializing simplex arrays -
*
*
*      nfunk           rtol        pf        ar     ortho             e_ion              e_ss             e_tot
*X        11     1.6306e+00   0.57008   1.68105   0.46489    -1.2246558e+00     0.0000000e+00    -1.2246558e+00
*
*         simp_runs  =       846               simp moves
*              rtol  =  9.97e-09               final rtol
*
* Simplex restart no. 6 of 10
*
*         - Initializing simplex arrays -
*
*
*      nfunk           rtol        pf        ar     ortho             e_ion              e_ss             e_tot
*X        11     1.6306e+00   0.57008   1.68105   0.46489    -1.2246558e+00     0.0000000e+00    -1.2246558e+00
*
*         simp_runs  =       863               simp moves
*              rtol  =  9.52e-09               final rtol
*
* Simplex restart no. 7 of 10
*
*         - Initializing simplex arrays -
*
*
*      nfunk           rtol        pf        ar     ortho             e_ion              e_ss             e_tot
*X        11     1.6306e+00   0.57008   1.68105   0.46489    -1.2246558e+00     0.0000000e+00    -1.2246558e+00
*
*         simp_runs  =       856               simp moves
*              rtol  =  9.84e-09               final rtol
*
* Simplex restart no. 8 of 10
*
*         - Initializing simplex arrays -
*
*
*      nfunk           rtol        pf        ar     ortho             e_ion              e_ss             e_tot
*X        11     1.6306e+00   0.57008   1.68105   0.46489    -1.2246558e+00     0.0000000e+00    -1.2246558e+00
*
*         simp_runs  =       850               simp moves
*              rtol  =  9.59e-09               final rtol
*
* Simplex restart no. 9 of 10
*
*         - Initializing simplex arrays -
*
*
*      nfunk           rtol        pf        ar     ortho             e_ion              e_ss             e_tot
*X        11     1.6306e+00   0.57008   1.68105   0.46489    -1.2246558e+00     0.0000000e+00    -1.2246558e+00
*
*         simp_runs  =       865               simp moves
*              rtol  =  9.65e-09               final rtol
*
* Simplex restart no. 10 of 10
*
*         - Initializing simplex arrays -
*
*
*      nfunk           rtol        pf        ar     ortho             e_ion              e_ss             e_tot
*X        11     1.6306e+00   0.57008   1.68105   0.46489    -1.2246558e+00     0.0000000e+00    -1.2246558e+00
*
*         simp_runs  =       870               simp moves
*              rtol  =  9.69e-09               final rtol
*
****************************************************************
*
*          - Parameters at Post Simplex -
*
* Lattice parameters:
*
*             lat a  =    6.4846
*             lat b  =    3.8575
*             lat c  =    3.9291
*             alpha  =  114.2444
*             beta   =  119.9755
*             gamma  =   32.4679
*          cell vol  =   45.6908
*          cv/ortho  =    0.4649
*
* Energies:
*               ecc  = -1.2247e+00
*               eng  =  0.0000e+00
*
*
* Geometry:
*
*      packing frac  =    0.5701
*      aspect ratio  =    1.6811
*
* (dE/dV):
*                Px  =  1.0000e+04                    x-dir
*                Py  =  1.0389e-02                    y-dir
*                Pz  =  9.5890e-03                    z-dir
*
* Distances (PBC only):
*                                 min           hard           diff
*           ca1_ca1  =   1.000000e+06   2.320000e+00   9.999977e+05
*           ca1_ca2  =   1.000000e+06   1.160000e+00   9.999988e+05
*           ca1_ac1  =   4.522849e+00   2.830000e+00   1.692849e+00
*           ca1_av1  =   1.000000e+06  -1.000000e+00   1.000001e+06
*           ca1_ac2  =   1.000000e+06  -1.000000e+00   1.000001e+06
*           ca1_av2  =   1.000000e+06  -1.000000e+00   1.000001e+06
*           ca2_ca2  =   1.000000e+06   0.000000e+00   1.000000e+06
*           ca2_ac1  =   1.000000e+06   1.670000e+00   9.999983e+05
*           ca2_av1  =   1.000000e+06  -1.000000e+00   1.000001e+06
*           ca2_ac2  =   1.000000e+06  -1.000000e+00   1.000001e+06
*           ca2_av2  =   1.000000e+06  -1.000000e+00   1.000001e+06
*           ac1_ac1  =   1.000000e+06   3.340000e+00   9.999967e+05
*           ac1_av1  =   1.000000e+06  -1.000000e+00   1.000001e+06
*           ac1_ac2  =   1.000000e+06  -1.000000e+00   1.000001e+06
*           ac1_av2  =   1.000000e+06  -1.000000e+00   1.000001e+06
*           av1_av1  =   1.000000e+06  -1.000000e+00   1.000001e+06
*           av1_av2  =   1.000000e+06  -1.000000e+00   1.000001e+06
*           av2_av2  =   1.000000e+06  -1.000000e+00   1.000001e+06
*
*
***********************************************************
*        - Process and timing information -
*
* user time:   0 h 00 m 19.596570 s
* syst time:   0 h 00 m 00.014999 s
* signals: 0
* voluntary context switches: 7
* involuntary context switches: 16
*
***********************************************************
*SS symsearch output
*SS ( use:  | awk '($1=="*S"){print $0}' | sed 's/*S //' > temp.out )
*S Title
*S 1                 search type
*S 5.0 0.00001       displacement rms max min
*S 0.1 0.00001       strain rms max min
*S 1                 lattice input type
*S      6.48459     0.00000     0.00000
*S      3.25451     2.07079     0.00000
*S     -1.96309     0.07981     3.40259
*S 1 0 0
*S 0 1 0
*S 0 0 1
*S 2                 number of atoms
*S 11 0
*S      0.17985     0.91062     0.31874
*S      0.67084     0.92683     0.82700
*FF findsym output
*FF ( use:  | awk '($1=="*F"){print $0}' | sed 's/*F //' > temp.out )
*F Title
*F 0.001       displacement rms max min
*F 1                 lattice input type
*F      6.48459     0.00000     0.00000
*F      3.25451     2.07079     0.00000
*F     -1.96309     0.07981     3.40259
*F 1               basis vector in type
*F 1 0 0
*F 0 1 0
*F 0 0 1
*F 2                 number of atoms
*F 11 0
*F      0.17985     0.91062     0.31874
*F      0.67084     0.92683     0.82700
*DD powder output
*DD (use: | awk '($1=="*D"){print $0}' | sed 's/*D //' > temp.out )
*D 2
*D      6.48459     3.85747     3.92909
*D    114.24443   119.97555    32.46787
*D      0.17985     0.91062     0.31874        11
*D      0.67084     0.92683     0.82700         0
*PP poscar output
*PP (use: | awk '($1=="*P"){print $0}' | sed 's/*P //' > temp.out )
*P Z: 11 17 
*P 1.0 
*P      6.48459382     0.00000000     0.00000000
*P      3.25451499     2.07079002     0.00000000
*P     -1.96309254     0.07980884     3.40259390
*P 1 1 0 
*P Direct
*P       0.179850403879      0.910615460559      0.318735695574
*P       0.670838536129      0.926832923730      0.826995325083
*QQ poscar output
*QQ (use: | awk '($1=="*Q"){print $0}' | sed 's/*Q //' > temp.out )
*Q +1.000000000000 -1.000000000000 
*Q 1.0 
*Q      6.48459382     0.00000000     0.00000000
*Q      3.25451499     2.07079002     0.00000000
*Q     -1.96309254     0.07980884     3.40259390
*Q 1 1 0 
*Q Direct
*Q       0.179850403879      0.910615460559      0.318735695574
*Q       0.670838536129      0.926832923730      0.826995325083
*RR restart output
*RR (use: | awk '($1=="*R"){print $0}' | sed 's/*R //' > temp.out )
*R     6.484593817425    3.857465374719    3.929089850724
*R     1.993941493673    2.093968321861    0.566671266460
*R      1
*R      1     1
*R   -1.000000000000000   0.000000000000000
*R     0.000000000000    1.670000000000    0.000000000000    17     0
*R      1
*R      1   1.000000000000000
*R     1.160000000000    11
*R     0.179850403879    0.910615460559    0.318735695574
*R     0.670838536129    0.926832923730    0.826995325083
* XBS output
* CATION:
atom C     3.504160813    1.911131336    1.084528134
spec C     1.160000000    1.000000000    0.000000000    0.000000000
* ANION:
atom A     5.743038708    1.985277908    2.813929251
spec A     1.670000000    0.000000000    0.000000000    1.000000000
spec V     0.000000000    0.000000000    1.000000000    0.000000000
bonds A V  0.000000000    0.000000000    0.010000000    Black
* CELL PARAMETERS AND BORDER
atom 0    0.00000   0.00000   0.00000
atom 1    6.48459   0.00000   0.00000
atom 2    9.73911   2.07079   0.00000
atom 3    3.25451   2.07079   0.00000
atom 4   -1.96309   0.07981   3.40259
atom 5    4.52150   0.07981   3.40259
atom 6    7.77602   2.15060   3.40259
atom 7    1.29142   2.15060   3.40259
spec 0     0.050000000    0.000000000    0.000000000    0.000000000
spec 1     0.050000000    0.000000000    0.000000000    0.000000000
spec 2     0.050000000    0.000000000    0.000000000    0.000000000
spec 3     0.050000000    0.000000000    0.000000000    0.000000000
spec 4     0.050000000    0.000000000    0.000000000    0.000000000
spec 5     0.050000000    0.000000000    0.000000000    0.000000000
spec 6     0.050000000    0.000000000    0.000000000    0.000000000
spec 7     0.050000000    0.000000000    0.000000000    0.000000000
bonds 0 1  6.478109224    6.491078411    0.010000000    Black
bonds 3 2  6.478109224    6.491078411    0.010000000    Black
bonds 4 5  6.478109224    6.491078411    0.010000000    Black
bonds 6 7  6.478109224    6.491078411    0.010000000    Black
bonds 1 2  3.853607909    3.861322840    0.010000000    Black
bonds 0 3  3.853607909    3.861322840    0.010000000    Black
bonds 5 6  3.853607909    3.861322840    0.010000000    Black
bonds 4 7  3.853607909    3.861322840    0.010000000    Black
bonds 0 4  3.925160761    3.933018941    0.010000000    Black
bonds 1 5  3.925160761    3.933018941    0.010000000    Black
bonds 2 6  3.925160761    3.933018941    0.010000000    Black
bonds 3 7  3.925160761    3.933018941    0.010000000    Black
inc 5.000000
dup    6.48459   0.00000   0.00000
dup    3.25451   2.07079   0.00000
dup   -1.96309   0.07981   3.40259
