*************************************************
*	pack	(version 4.12.0.5)
*	Eric Majzoub
*	Sandia National Laboratories
*************************************************
*  Source file: main.c
*  Compile date: Dec 27 2012
*  Compile time: 17:19:04
*  commandline = /projects/e20438/bin/pack-4.12.0.5/pack_exe -f ../../NaCl_pegs.in -P -R -r 500 -t 15 -g 32102 
*  input file = ../../NaCl_pegs.in
**********************************************************************
**********************************************************************
**********************************************************************
* 
*       - General run comments -
* 
* WARN: no Rotations in Metropolis (-R flag).
* WARN: all anionic charge on center atom (-P flag).
*
**********************************************************************
*           - Input parameters -
*
*           restart  =         0         1 = restart calc
*        autoadjust  =         1   automatically set temp
*          aa_using  =         1        1=rej pct, 2=pCnt
*         basin hop  =         0           number of hops
*     non_per_ewald  =         0          1=nanopart calc
*
*             lat a  =   10.0000
*             lat b  =   10.0000
*             lat c  =   10.0000
*             alpha  =    1.5708
*             beta   =    1.5708
*             gamma  =    1.5708
*          cell vol  = 1000.0000
*      sqsh vol pct  =    0.2000
* 
*          cell_min  =    1.6700              min lat vec
*          cell_max  =  167.0000              max lat vec
* 
*         n_type_an  =         1          num type anions
*            num_an  =         1           tot num anions
* 
*          num_an_1  =         1        num anions type 1
*        num_vert_1  =         1     1=sph 2=dim 5=tet...
*       an_chrg_c_1  =   -1.0000      anion center charge
*       an_chrg_v_1  =    0.0000      anion vertex charge
*     tot_an_chrg_1  =   -1.0000       total anion charge
*           Rcent_1  =    1.6700         anion center rad
*           Rvert_1  =    0.0000         anion vertex rad
*             cvd_1  =    0.0000        cent to vert dist
*           Zcent_1  =        17           anion center Z
*           Zvert_1  =         0           anion vertex Z
* 
*          num_an_2  =         0        num anions type 2
*        num_vert_2  =         0     1=sph 2=dim 5=tet...
*       an_chrg_c_2  =    0.0000      anion center charge
*       an_chrg_v_2  =    0.0000      anion vertex charge
*     tot_an_chrg_2  =    0.0000       total anion charge
*           Rcent_2  =    0.0000         anion center rad
*           Rvert_2  =    0.0000         anion vertex rad
*             cvd_2  =    0.0000        cent to vert dist
*           Zcent_2  =         0           anion center Z
*           Zvert_2  =         0           anion vertex Z
* 
*         n_type_ca  =         1            num type cats
*            num_ca  =         1          tot num cations
* 
*          num_ca_1  =         1        num cations typ 1
*         ca_chrg_1  =    1.0000        cation chrg typ 1
*            Rcat_1  =    1.1600         cation rad typ 1
*            Zcat_1  =        11           cation Z typ 1
* 
*            C2VTOL  =  1.00e-08            c2v tolerance
*            ERRLIM  =  1.00e-06
*       REP_EPSILON  =  1.00e+00        soft sphere repul
*    TRANS_FRAC_MAX  =    0.5000                    fixed
*    TRANS_FRAC_MIN  =    0.0200
*      MAX_ANG_CHNG  =    9.9695                  degrees
*    VOLUM_FRAC_MAX  =    0.0700
*         EXT_PRESS  =  0.00e+00        external pressure
*      SQSH_VOL_PCT  =    0.2000             min orth val
*        ASPECT_MAX  =   20.0000                cell parm
*            dplane  =    1.6700            min plane sep
*      SCALE_FACTOR  =    1.2500         bhop max scaling
* 
*            d.o.f.  =        12       degrees of freedom
*          runs/dof  =       500         loops per d.o.f.
*              runs  =      6000              loops per T
*               ncc  =     24000     config changes per T
*            t_runs  =        15           num temp steps
*             efunc  =         0               0=SS  1=LJ
*       N_HALT_CHNG  =        15      halts after N 100%s
*
*      anneal_sched  =         3   0=lin or exp(-run_n^n)
*         temp_init  =  1.00e+00             initial temp
*         temp_finl  =  1.00e-03               final temp
* 
*          trn_chng  =         1              0=off  1=on
*          rot_chng  =         0              0=off  1=on
*          lat_chng  =         1              0=off  1=on
*          swp_chng  =         1              0=off  1=on
* 
*     SIMP_RESTARTS  =        11     no. simplex restarts
*  SIMP_RESTARTS BH  =        21  basin hop simp restarts
*         SIMP_NMAX  =      4500        max simplex iters
*          SIMP_DEG  =    1.0000          anion start deg
*         SIMP_LAMB  =    0.0100        vertex start frac
*       SIMP_ERRLIM  =  1.00e-08              error limit
* 
*           aa runs  =      1200           config changes
*      aa runs_step  =        10   config change increase
*       aa runs_max  =      1500  max auto config changes
*         aa t_runs  =         3            num temp runs
*      aa temp_step  =    0.5000                temp step
* 
*        aa chng hi  =         3  1=trn 2=rot 3=lat 4=swp
*        aa chng lo  =         3  1=trn 2=rot 3=lat 4=swp
* 
*      aa ht_pct_hi  =     0.650             high rej pct
*      aa ht_pct_lo  =     0.600             low  rej pct
* 
*      aa lt_pct_hi  =     0.999             high rej pct
*      aa lt_pct_lo  =     0.950             low  rej pct
* 
*            tmpfile =                   PR21152-best.tmp
* 
* Checking for out of bounds fractional coords.
*
**********************************************************************
*
*          - Parameters at START -
*
* Lattice parameters:
*
*             lat a  =   10.0000
*             lat b  =   10.0000
*             lat c  =   10.0000
*             alpha  =   90.0000
*             beta   =   90.0000
*             gamma  =   90.0000
*          cell vol  = 1000.0000
*          cv/ortho  =    1.0000
*
* Energies:
*               ecc  = -5.5274e-01
*               eng  =  0.0000e+00
*
*
* Geometry:
*
*      packing frac  =    0.0260
*      aspect ratio  =    1.0000
*
* (dE/dV):
*                Px  =  4.2066e-04                    x-dir
*                Py  =  1.1538e-04                    y-dir
*                Pz  =  1.6700e-05                    z-dir
*
* Distances (PBC only):
*                                 min           hard           diff
*           ca1_ca1  =   1.000000e+06   2.320000e+00   9.999977e+05
*           ca1_ca2  =   1.000000e+06   1.160000e+00   9.999988e+05
*           ca1_ac1  =   4.147703e+00   2.830000e+00   1.317703e+00
*           ca1_av1  =   1.000000e+06  -1.000000e+00   1.000001e+06
*           ca1_ac2  =   1.000000e+06  -1.000000e+00   1.000001e+06
*           ca1_av2  =   1.000000e+06  -1.000000e+00   1.000001e+06
*           ca2_ca2  =   1.000000e+06   0.000000e+00   1.000000e+06
*           ca2_ac1  =   1.000000e+06   1.670000e+00   9.999983e+05
*           ca2_av1  =   1.000000e+06  -1.000000e+00   1.000001e+06
*           ca2_ac2  =   1.000000e+06  -1.000000e+00   1.000001e+06
*           ca2_av2  =   1.000000e+06  -1.000000e+00   1.000001e+06
*           ac1_ac1  =   1.000000e+06   3.340000e+00   9.999967e+05
*           ac1_av1  =   1.000000e+06  -1.000000e+00   1.000001e+06
*           ac1_ac2  =   1.000000e+06  -1.000000e+00   1.000001e+06
*           ac1_av2  =   1.000000e+06  -1.000000e+00   1.000001e+06
*           av1_av1  =   1.000000e+06  -1.000000e+00   1.000001e+06
*           av1_av2  =   1.000000e+06  -1.000000e+00   1.000001e+06
*           av2_av2  =   1.000000e+06  -1.000000e+00   1.000001e+06
*
*
*
**********************************************************************
*
* ------------------------------------------------------------
*              Autoadjust high temperatrure:
* ------------------------------------------------------------
*              Autoadjusting on 3 (1=trn,2=rot,3=lat,4=swp)
*
**********************************************************************
*
*                 -- Autoadjust Metropolis Run --
*
*   autoadjust_temp_init  =  1.0000e+00
*   autoadjust_temp_step  =  5.0000e-01
*        autoadjust_runs  =        1200         configs per temp
*       autoadjust_count  =           1
*
**********************************************************************
*
* Metropolis: 3 temperature runs with these parameters:
*
*              runs  =      1200              loops per T
*               T_0  = 1.000e+00             initial temp
*               T_L  = 1.000e+00               final temp
*           T_alpha  = 8.000e+09          annealing alpha
*
*            T = T_0 * exp( -run_num**3 / T_alpha )
*
**********************************************************************
*H run      Temp       E_ion        E_ss   cel vol       SigPF       ar     ortho        pCnt          % Rejected Changes
*H                                                                                                 trn      rot      lat      swp
*T   1  1.00e+00  -6.517e-01  +0.000e+00    233.04   3.951e-02    1.997     0.757   8.236e-02    23.92     0.00     1.50     0.00
*T   2  1.00e+00  -3.592e-01  +0.000e+00   2483.44   4.047e-02    1.074     0.399   6.577e-02    16.67     0.00     1.75     0.00
*T   3  1.00e+00  -5.336e-01  +0.000e+00    588.91   5.882e-02    1.619     0.317   1.338e-01    33.33     0.00     2.92     0.00
*
**********************************************************************
*
*                 -- AUTOADJUST [1] OUT --
*
*     target: lo % = 60.000000      hi % = 65.000000
*     Autoadjust % =  2.916667
*     Autoadjust: Lowering the temperature 5.000e-01 [a.u.]
*
**********************************************************************
*
*                 -- Autoadjust Metropolis Run --
*
*   autoadjust_temp_init  =  5.0000e-01
*   autoadjust_temp_step  =  5.0000e-01
*        autoadjust_runs  =        1210         configs per temp
*       autoadjust_count  =           2
*
**********************************************************************
*
* Metropolis: 3 temperature runs with these parameters:
*
*              runs  =      1210              loops per T
*               T_0  = 5.000e-01             initial temp
*               T_L  = 4.995e-01               final temp
*           T_alpha  = 7.996e+03          annealing alpha
*
*            T = T_0 * exp( -run_num**3 / T_alpha )
*
**********************************************************************
*H run      Temp       E_ion        E_ss   cel vol       SigPF       ar     ortho        pCnt          % Rejected Changes
*H                                                                                                 trn      rot      lat      swp
*T   1  5.00e-01  -5.428e-01  +0.000e+00    627.04   7.208e-02    1.606     0.348   8.448e-02    51.40     0.00     6.03     0.00
*T   2  5.00e-01  -6.307e-01  +0.000e+00    859.85   4.253e-02    5.129     0.332   2.477e-01    37.60     0.00     3.31     0.00
*T   3  4.99e-01  -3.074e-01  +0.000e+00    462.02   3.153e-02    4.932     0.279   5.203e-01    45.45     0.00     4.96     0.00
*
**********************************************************************
*
*                 -- AUTOADJUST [2] OUT --
*
*     target: lo % = 60.000000      hi % = 65.000000
*     Autoadjust % =  4.958678
*     Autoadjust: special case: (T-Tstep) = 0.000e+00 [a.u.]
*     Autoadjust: special case: ===> drop temp step to: 2.250e-01 [a.u.]
*     Autoadjust: Lowering the temperature 2.250e-01 [a.u.]
*
**********************************************************************
*
*                 -- Autoadjust Metropolis Run --
*
*   autoadjust_temp_init  =  2.7500e-01
*   autoadjust_temp_step  =  2.2500e-01
*        autoadjust_runs  =        1220         configs per temp
*       autoadjust_count  =           3
*
**********************************************************************
*
* Metropolis: 3 temperature runs with these parameters:
*
*              runs  =      1220              loops per T
*               T_0  = 2.750e-01             initial temp
*               T_L  = 2.747e-01               final temp
*           T_alpha  = 7.996e+03          annealing alpha
*
*            T = T_0 * exp( -run_num**3 / T_alpha )
*
**********************************************************************
*H run      Temp       E_ion        E_ss   cel vol       SigPF       ar     ortho        pCnt          % Rejected Changes
*H                                                                                                 trn      rot      lat      swp
*T   1  2.75e-01  -3.703e-01  +0.000e+00   5385.85   2.088e-02    2.481     0.313   8.887e-01    48.11     0.00     5.00     0.00
*T   2  2.75e-01  -4.985e-01  +0.000e+00   2138.95   1.207e-02    2.953     0.224   3.067e-01    19.67     0.00     5.00     0.00
*T   3  2.75e-01  -6.106e-01  +0.000e+00    427.92   3.277e-02    1.838     0.289   2.011e-01    36.39     0.00     5.41     0.00
*
**********************************************************************
*
*                 -- AUTOADJUST [3] OUT --
*
*     target: lo % = 60.000000      hi % = 65.000000
*     Autoadjust % =  5.409836
*     Autoadjust: Lowering the temperature 2.250e-01 [a.u.]
*
**********************************************************************
*
*                 -- Autoadjust Metropolis Run --
*
*   autoadjust_temp_init  =  5.0000e-02
*   autoadjust_temp_step  =  2.2500e-01
*        autoadjust_runs  =        1230         configs per temp
*       autoadjust_count  =           4
*
**********************************************************************
*
* Metropolis: 3 temperature runs with these parameters:
*
*              runs  =      1230              loops per T
*               T_0  = 5.000e-02             initial temp
*               T_L  = 4.995e-02               final temp
*           T_alpha  = 7.996e+03          annealing alpha
*
*            T = T_0 * exp( -run_num**3 / T_alpha )
*
**********************************************************************
*H run      Temp       E_ion        E_ss   cel vol       SigPF       ar     ortho        pCnt          % Rejected Changes
*H                                                                                                 trn      rot      lat      swp
*T   1  5.00e-02  -1.003e+00  +0.000e+00    102.97   1.381e-01    1.230     0.417   5.110e+00    85.45     0.00    29.27     0.00
*T   2  5.00e-02  -9.604e-01  +0.000e+00    117.83   1.154e-01    1.400     0.624   1.561e+00    86.75     0.00    28.94     0.00
*T   3  5.00e-02  -1.007e+00  +0.000e+00     81.57   1.505e-01    1.616     0.524   1.045e+00    90.89     0.00    30.98     0.00
*
**********************************************************************
*
*                 -- AUTOADJUST [4] OUT --
*
*     target: lo % = 60.000000      hi % = 65.000000
*     Autoadjust % = 30.975610
*     Autoadjust: special case: (T-Tstep) = -1.750e-01 [a.u.]
*     Autoadjust: special case: ===> drop temp step to: 1.013e-01 [a.u.]
*     Autoadjust: special case: (T-Tstep) = -5.125e-02 [a.u.]
*     Autoadjust: special case: ===> drop temp step to: 4.556e-02 [a.u.]
*     Autoadjust: Lowering the temperature 4.556e-02 [a.u.]
*
**********************************************************************
*
*                 -- Autoadjust Metropolis Run --
*
*   autoadjust_temp_init  =  4.4375e-03
*   autoadjust_temp_step  =  4.5563e-02
*        autoadjust_runs  =        1240         configs per temp
*       autoadjust_count  =           5
*
**********************************************************************
*
* Metropolis: 3 temperature runs with these parameters:
*
*              runs  =      1240              loops per T
*               T_0  = 4.438e-03             initial temp
*               T_L  = 4.433e-03               final temp
*           T_alpha  = 7.996e+03          annealing alpha
*
*            T = T_0 * exp( -run_num**3 / T_alpha )
*
**********************************************************************
*H run      Temp       E_ion        E_ss   cel vol       SigPF       ar     ortho        pCnt          % Rejected Changes
*H                                                                                                 trn      rot      lat      swp
*T   1  4.44e-03  -1.096e+00  +0.000e+00     56.65   2.877e-01    1.710     0.441   2.869e+01    99.84     0.00    83.87     0.00
*T   2  4.44e-03  -1.154e+00  +0.000e+00     50.92   2.895e-01    1.752     0.460   8.775e+00    99.92     0.00    78.31     0.00
*T   3  4.43e-03  -1.160e+00  +0.000e+00     54.14   3.095e-01    1.694     0.460   1.959e+00   100.00     0.00    87.82     0.00
*
**********************************************************************
*
*                 -- AUTOADJUST [5] OUT --
*
*     target: lo % = 60.000000      hi % = 65.000000
*     Autoadjust % = 87.822581
*     Autoadjust: overshot! drop temp step to: 2.050e-02 [a.u.]
*     Autoadjust: Raising the temperature 2.050e-02 [a.u.]
*
**********************************************************************
*
*                 -- Autoadjust Metropolis Run --
*
*   autoadjust_temp_init  =  2.4941e-02
*   autoadjust_temp_step  =  2.0503e-02
*        autoadjust_runs  =        1250         configs per temp
*       autoadjust_count  =           6
*
**********************************************************************
*
* Metropolis: 3 temperature runs with these parameters:
*
*              runs  =      1250              loops per T
*               T_0  = 2.494e-02             initial temp
*               T_L  = 2.492e-02               final temp
*           T_alpha  = 7.996e+03          annealing alpha
*
*            T = T_0 * exp( -run_num**3 / T_alpha )
*
**********************************************************************
*H run      Temp       E_ion        E_ss   cel vol       SigPF       ar     ortho        pCnt          % Rejected Changes
*H                                                                                                 trn      rot      lat      swp
*T   1  2.49e-02  -1.034e+00  +0.000e+00     79.81   1.566e-01    1.531     0.692   2.502e+00    98.48     0.00    42.64     0.00
*T   2  2.49e-02  -9.783e-01  +0.000e+00    115.13   1.934e-01    1.610     0.369   5.342e+00    96.32     0.00    45.92     0.00
*T   3  2.49e-02  -9.458e-01  +0.000e+00    237.31   1.259e-01    2.050     0.298   4.088e+00    91.84     0.00    39.68     0.00
*
**********************************************************************
*
*                 -- AUTOADJUST [6] OUT --
*
*     target: lo % = 60.000000      hi % = 65.000000
*     Autoadjust % = 39.680000
*     Autoadjust: overshot! drop temp step to: 9.226e-03 [a.u.]
*     Autoadjust: Lowering the temperature 9.226e-03 [a.u.]
*
**********************************************************************
*
*                 -- Autoadjust Metropolis Run --
*
*   autoadjust_temp_init  =  1.5714e-02
*   autoadjust_temp_step  =  9.2264e-03
*        autoadjust_runs  =        1260         configs per temp
*       autoadjust_count  =           7
*
**********************************************************************
*
* Metropolis: 3 temperature runs with these parameters:
*
*              runs  =      1260              loops per T
*               T_0  = 1.571e-02             initial temp
*               T_L  = 1.570e-02               final temp
*           T_alpha  = 7.996e+03          annealing alpha
*
*            T = T_0 * exp( -run_num**3 / T_alpha )
*
**********************************************************************
*H run      Temp       E_ion        E_ss   cel vol       SigPF       ar     ortho        pCnt          % Rejected Changes
*H                                                                                                 trn      rot      lat      swp
*T   1  1.57e-02  -1.020e+00  +0.000e+00     81.40   1.111e-01    1.538     0.326   4.330e+00    98.25     0.00    50.16     0.00
*T   2  1.57e-02  -1.020e+00  +0.000e+00     81.67   1.564e-01    1.431     0.426   6.199e+00    97.30     0.00    55.32     0.00
*T   3  1.57e-02  -1.039e+00  +0.000e+00     87.86   1.745e-01    1.884     0.530   5.467e+00    97.94     0.00    60.56     0.00
*
**********************************************************************
*
*                 -- AUTOADJUST [7] OUT --
*
*     target: lo % = 60.000000      hi % = 65.000000
*     Autoadjust % = 60.555556
*     Autoadjust: temp = 1.571e-02  is good!  Exiting autoadjust.
*
**********************************************************************
*
* ------------------------------------------------------------
*              Autoadjust low temperatrure:
* ------------------------------------------------------------
*              Autoadjusting on 3 (1=trn,2=rot,3=lat,4=swp)
*
**********************************************************************
*
*                 -- Autoadjust Metropolis Run --
*
*   autoadjust_temp_init  =  2.0000e-02
*   autoadjust_temp_step  =  5.0000e-01
*        autoadjust_runs  =        1200         configs per temp
*       autoadjust_count  =           1
*
**********************************************************************
*
* Metropolis: 3 temperature runs with these parameters:
*
*              runs  =      1200              loops per T
*               T_0  = 2.000e-02             initial temp
*               T_L  = 2.000e-02               final temp
*           T_alpha  = 1.600e+08          annealing alpha
*
*            T = T_0 * exp( -run_num**3 / T_alpha )
*
**********************************************************************
*H run      Temp       E_ion        E_ss   cel vol       SigPF       ar     ortho        pCnt          % Rejected Changes
*H                                                                                                 trn      rot      lat      swp
*T   1  2.00e-02  -1.007e+00  +0.000e+00     94.17   1.686e-01    1.664     0.384   3.842e+00    97.00     0.00    55.17     0.00
*T   2  2.00e-02  -1.025e+00  +0.000e+00     71.87   1.750e-01    1.893     0.456   3.675e+00    97.08     0.00    50.75     0.00
*T   3  2.00e-02  -1.055e+00  +0.000e+00     70.47   1.883e-01    1.540     0.481   5.068e+00    98.00     0.00    50.75     0.00
*
**********************************************************************
*
*                 -- AUTOADJUST [1] OUT --
*
*     target: lo % = 95.000000      hi % = 99.900000
*     Autoadjust % = 50.750000
*     Autoadjust: special case: (T-Tstep) = -4.800e-01 [a.u.]
*     Autoadjust: special case: ===> drop temp step to: 2.250e-01 [a.u.]
*     Autoadjust: special case: (T-Tstep) = -2.050e-01 [a.u.]
*     Autoadjust: special case: ===> drop temp step to: 1.013e-01 [a.u.]
*     Autoadjust: special case: (T-Tstep) = -8.125e-02 [a.u.]
*     Autoadjust: special case: ===> drop temp step to: 4.556e-02 [a.u.]
*     Autoadjust: special case: (T-Tstep) = -2.556e-02 [a.u.]
*     Autoadjust: special case: ===> drop temp step to: 2.050e-02 [a.u.]
*     Autoadjust: special case: (T-Tstep) = -5.031e-04 [a.u.]
*     Autoadjust: special case: ===> drop temp step to: 9.226e-03 [a.u.]
*     Autoadjust: Lowering the temperature 9.226e-03 [a.u.]
*
**********************************************************************
*
*                 -- Autoadjust Metropolis Run --
*
*   autoadjust_temp_init  =  1.0774e-02
*   autoadjust_temp_step  =  9.2264e-03
*        autoadjust_runs  =        1210         configs per temp
*       autoadjust_count  =           2
*
**********************************************************************
*
* Metropolis: 3 temperature runs with these parameters:
*
*              runs  =      1210              loops per T
*               T_0  = 1.077e-02             initial temp
*               T_L  = 1.076e-02               final temp
*           T_alpha  = 7.996e+03          annealing alpha
*
*            T = T_0 * exp( -run_num**3 / T_alpha )
*
**********************************************************************
*H run      Temp       E_ion        E_ss   cel vol       SigPF       ar     ortho        pCnt          % Rejected Changes
*H                                                                                                 trn      rot      lat      swp
*T   1  1.08e-02  -1.166e+00  +0.000e+00     50.18   2.792e-01    1.577     0.504   1.063e+01    99.92     0.00    68.51     0.00
*T   2  1.08e-02  -1.148e+00  +0.000e+00     51.42   2.984e-01    1.398     0.450   2.456e+00   100.00     0.00    71.65     0.00
*T   3  1.08e-02  -1.114e+00  +0.000e+00     58.92   2.790e-01    1.400     0.548   3.011e+00    99.83     0.00    70.83     0.00
*
**********************************************************************
*
*                 -- AUTOADJUST [2] OUT --
*
*     target: lo % = 95.000000      hi % = 99.900000
*     Autoadjust % = 70.826446
*     Autoadjust: Lowering the temperature 9.226e-03 [a.u.]
*
**********************************************************************
*
*                 -- Autoadjust Metropolis Run --
*
*   autoadjust_temp_init  =  1.5472e-03
*   autoadjust_temp_step  =  9.2264e-03
*        autoadjust_runs  =        1220         configs per temp
*       autoadjust_count  =           3
*
**********************************************************************
*
* Metropolis: 3 temperature runs with these parameters:
*
*              runs  =      1220              loops per T
*               T_0  = 1.547e-03             initial temp
*               T_L  = 1.546e-03               final temp
*           T_alpha  = 7.996e+03          annealing alpha
*
*            T = T_0 * exp( -run_num**3 / T_alpha )
*
**********************************************************************
*H run      Temp       E_ion        E_ss   cel vol       SigPF       ar     ortho        pCnt          % Rejected Changes
*H                                                                                                 trn      rot      lat      swp
*T   1  1.55e-03  -1.198e+00  +0.000e+00     46.84   3.536e-01    1.441     0.484   1.093e+02   100.00     0.00    94.51     0.00
*T   2  1.55e-03  -1.193e+00  +0.000e+00     47.20   3.573e-01    1.442     0.476   2.634e+00   100.00     0.00    94.18     0.00
*T   3  1.55e-03  -1.194e+00  +0.000e+00     47.15   3.585e-01    1.455     0.478   1.933e+00   100.00     0.00    94.34     0.00
*
**********************************************************************
*
*                 -- AUTOADJUST [3] OUT --
*
*     target: lo % = 95.000000      hi % = 99.900000
*     Autoadjust % = 94.344262
*     Autoadjust: special case: (T-Tstep) = -7.679e-03 [a.u.]
*     Autoadjust: special case: ===> drop temp step to: 4.152e-03 [a.u.]
*     Autoadjust: special case: (T-Tstep) = -2.605e-03 [a.u.]
*     Autoadjust: special case: ===> drop temp step to: 1.868e-03 [a.u.]
*     Autoadjust: special case: (T-Tstep) = -3.212e-04 [a.u.]
*     Autoadjust: special case: ===> drop temp step to: 8.408e-04 [a.u.]
*     Autoadjust: Lowering the temperature 8.408e-04 [a.u.]
*
**********************************************************************
*
*                 -- Autoadjust Metropolis Run --
*
*   autoadjust_temp_init  =  7.0643e-04
*   autoadjust_temp_step  =  8.4076e-04
*        autoadjust_runs  =        1230         configs per temp
*       autoadjust_count  =           4
*
**********************************************************************
*
* Metropolis: 3 temperature runs with these parameters:
*
*              runs  =      1230              loops per T
*               T_0  = 7.064e-04             initial temp
*               T_L  = 7.057e-04               final temp
*           T_alpha  = 7.996e+03          annealing alpha
*
*            T = T_0 * exp( -run_num**3 / T_alpha )
*
**********************************************************************
*H run      Temp       E_ion        E_ss   cel vol       SigPF       ar     ortho        pCnt          % Rejected Changes
*H                                                                                                 trn      rot      lat      swp
*T   1  7.06e-04  -1.197e+00  +0.000e+00     46.73   3.672e-01    1.443     0.479   7.887e+02   100.00     0.00    97.97     0.00
*T   2  7.06e-04  -1.198e+00  +0.000e+00     46.76   3.649e-01    1.451     0.474   1.418e+00   100.00     0.00    96.83     0.00
*T   3  7.06e-04  -1.198e+00  +0.000e+00     46.90   3.651e-01    1.449     0.479   2.751e+00   100.00     0.00    97.07     0.00
*
**********************************************************************
*
*                 -- AUTOADJUST [4] OUT --
*
*     target: lo % = 95.000000      hi % = 99.900000
*     Autoadjust % = 97.073171
*     Autoadjust: temp = 7.064e-04  is good!  Exiting autoadjust.
*
**********************************************************************
*
*
*          -- Initializing cell contents --
*
*
*
**********************************************************************
*
*            -- Starting Metropolis calculation --
*
*              temp_init  = 1.571e-02
*
**********************************************************************
*
* Metropolis: 15 temperature runs with these parameters:
*
*              runs  =      6000              loops per T
*               T_0  = 1.571e-02             initial temp
*               T_L  = 7.064e-04               final temp
*           T_alpha  = 8.846e+02          annealing alpha
*
*            T = T_0 * exp( -run_num**3 / T_alpha )
*
**********************************************************************
*H run      Temp       E_ion        E_ss   cel vol       SigPF       ar     ortho        pCnt          % Rejected Changes
*H                                                                                                 trn      rot      lat      swp
*M   1  1.57e-02  -1.145e+00  +0.000e+00     54.28   1.967e-01    1.542     0.396   6.086e+01    97.72     0.00    55.02     0.00
*M   2  1.57e-02  -1.059e+00  +0.000e+00     74.71   2.442e-01    1.860     0.530   4.544e+00    99.52     0.00    64.50     0.00
*M   3  1.56e-02  -1.082e+00  +0.000e+00     65.81   2.439e-01    1.395     0.685   5.401e+00    99.23     0.00    64.80     0.00
*M   4  1.52e-02  -1.016e+00  +0.000e+00     82.06   2.254e-01    1.361     0.650   7.117e+00    99.33     0.00    64.02     0.00
*M   5  1.46e-02  -1.054e+00  +0.000e+00     70.06   2.574e-01    1.346     0.736   5.212e+00    99.67     0.00    65.05     0.00
*M   6  1.36e-02  -1.054e+00  +0.000e+00     72.02   2.584e-01    1.039     0.913   6.629e+00    99.35     0.00    69.62     0.00
*M   7  1.23e-02  -1.165e+00  +0.000e+00     48.18   2.537e-01    1.516     0.473   6.484e+00    99.73     0.00    67.42     0.00
*M   8  1.07e-02  -1.132e+00  +0.000e+00     50.14   2.922e-01    1.586     0.667   7.146e+00    99.83     0.00    74.05     0.00
*M   9  8.81e-03  -1.144e+00  +0.000e+00     47.88   3.275e-01    1.504     0.673   6.222e+00    99.93     0.00    79.77     0.00
*M  10  6.89e-03  -1.138e+00  +0.000e+00     49.10   3.556e-01    1.456     0.667   8.482e+00    99.92     0.00    83.02     0.00
*M  11  5.07e-03  -1.168e+00  +0.000e+00     46.49   3.643e-01    1.480     0.711   4.059e+00   100.00     0.00    88.05     0.00
*M  12  3.49e-03  -1.168e+00  +0.000e+00     45.47   3.728e-01    1.326     0.676   6.248e+00   100.00     0.00    91.28     0.00
*M  13  2.23e-03  -1.192e+00  +0.000e+00     43.68   3.871e-01    1.467     0.690   6.001e+00   100.00     0.00    94.72     0.00
*M  14  1.31e-03  -1.198e+00  +0.000e+00     43.05   3.961e-01    1.423     0.686   3.164e+00   100.00     0.00    97.33     0.02
*M  15  7.06e-04  -1.200e+00  +0.000e+00     42.78   4.023e-01    1.426     0.693   1.714e+00   100.00     0.00    98.53     0.00
*
**********************************************************************
*
*
*          - Parameters at Post Ewald-Metro -
*
* Lattice parameters:
*
*             lat a  =    3.4710
*             lat b  =    3.5940
*             lat c  =    4.9510
*             alpha  =   80.0158
*             beta   =   45.5680
*             gamma  =   90.0431
*          cell vol  =   42.7753
*          cv/ortho  =    0.6926
*
* Energies:
*               ecc  = -1.2002e+00
*               eng  =  0.0000e+00
*
*
* Geometry:
*
*      packing frac  =    0.6089
*      aspect ratio  =    1.4264
*
* (dE/dV):
*                Px  =  1.0201e-02                    x-dir
*                Py  =  9.5511e-03                    y-dir
*                Pz  =  8.3056e-03                    z-dir
*
* Distances (PBC only):
*                                 min           hard           diff
*           ca1_ca1  =   1.000000e+06   2.320000e+00   9.999977e+05
*           ca1_ca2  =   1.000000e+06   1.160000e+00   9.999988e+05
*           ca1_ac1  =   2.855566e+00   2.830000e+00   2.556571e-02
*           ca1_av1  =   1.000000e+06  -1.000000e+00   1.000001e+06
*           ca1_ac2  =   1.000000e+06  -1.000000e+00   1.000001e+06
*           ca1_av2  =   1.000000e+06  -1.000000e+00   1.000001e+06
*           ca2_ca2  =   1.000000e+06   0.000000e+00   1.000000e+06
*           ca2_ac1  =   1.000000e+06   1.670000e+00   9.999983e+05
*           ca2_av1  =   1.000000e+06  -1.000000e+00   1.000001e+06
*           ca2_ac2  =   1.000000e+06  -1.000000e+00   1.000001e+06
*           ca2_av2  =   1.000000e+06  -1.000000e+00   1.000001e+06
*           ac1_ac1  =   1.000000e+06   3.340000e+00   9.999967e+05
*           ac1_av1  =   1.000000e+06  -1.000000e+00   1.000001e+06
*           ac1_ac2  =   1.000000e+06  -1.000000e+00   1.000001e+06
*           ac1_av2  =   1.000000e+06  -1.000000e+00   1.000001e+06
*           av1_av1  =   1.000000e+06  -1.000000e+00   1.000001e+06
*           av1_av2  =   1.000000e+06  -1.000000e+00   1.000001e+06
*           av2_av2  =   1.000000e+06  -1.000000e+00   1.000001e+06
*
*
*
**********************************************************************
*
*         - Comparing with 'best' structure -
*
****************************************************************
*
*          best ecc  = -1.2016e+00
*          best eng  =  0.0000e+00
*           ecc+eng  = -1.2016e+00
*          best vol  =  4.2619e+01
*           best pf  =  6.1117e-01
*
*     post_runs ecc  = -1.2002e+00
*     post_runs eng  =  0.0000e+00
*           ecc+eng  = -1.2002e+00
*     post_runs vol  =  4.2775e+01
*      post_runs pf  =  6.0894e-01
*
*       dV / V_runs  =  3.6519e-03
*
*          ecc_diff  = -1.4200e-03
*          eng_diff  =  0.0000e+00
*
*
****************************************************************
*
*  mag_ecc_diff > mag_eng_diff AND within BEST_VOL AND
* 'best' has lower energy than post runs! --> swapping.
*
****************************************************************
*
*
*          - Parameters at Post 'best-swap' -
*
* Lattice parameters:
*
*             lat a  =    3.4752
*             lat b  =    3.5866
*             lat c  =    4.9382
*             alpha  =   79.9793
*             beta   =   45.5680
*             gamma  =   90.0431
*          cell vol  =   42.6191
*          cv/ortho  =    0.6924
*
* Energies:
*               ecc  = -1.2016e+00
*               eng  =  0.0000e+00
*
*
* Geometry:
*
*      packing frac  =    0.6112
*      aspect ratio  =    1.4210
*
* (dE/dV):
*                Px  =  1.0356e-02                    x-dir
*                Py  =  9.5205e-03                    y-dir
*                Pz  =  8.3173e-03                    z-dir
*
* Distances (PBC only):
*                                 min           hard           diff
*           ca1_ca1  =   1.000000e+06   2.320000e+00   9.999977e+05
*           ca1_ca2  =   1.000000e+06   1.160000e+00   9.999988e+05
*           ca1_ac1  =   2.850191e+00   2.830000e+00   2.019101e-02
*           ca1_av1  =   1.000000e+06  -1.000000e+00   1.000001e+06
*           ca1_ac2  =   1.000000e+06  -1.000000e+00   1.000001e+06
*           ca1_av2  =   1.000000e+06  -1.000000e+00   1.000001e+06
*           ca2_ca2  =   1.000000e+06   0.000000e+00   1.000000e+06
*           ca2_ac1  =   1.000000e+06   1.670000e+00   9.999983e+05
*           ca2_av1  =   1.000000e+06  -1.000000e+00   1.000001e+06
*           ca2_ac2  =   1.000000e+06  -1.000000e+00   1.000001e+06
*           ca2_av2  =   1.000000e+06  -1.000000e+00   1.000001e+06
*           ac1_ac1  =   1.000000e+06   3.340000e+00   9.999967e+05
*           ac1_av1  =   1.000000e+06  -1.000000e+00   1.000001e+06
*           ac1_ac2  =   1.000000e+06  -1.000000e+00   1.000001e+06
*           ac1_av2  =   1.000000e+06  -1.000000e+00   1.000001e+06
*           av1_av1  =   1.000000e+06  -1.000000e+00   1.000001e+06
*           av1_av2  =   1.000000e+06  -1.000000e+00   1.000001e+06
*           av2_av2  =   1.000000e+06  -1.000000e+00   1.000001e+06
*
*
*
**********************************************************************
*
*         - Final Simplex relaxation with restarts -
*
**********************************************************************
*
*
****************************************************************
*
*
*        - Simplex Minimiziation Routine -
*
*
* Note: No aspect ratio constraint.
*
*
*            n_simp  =        15                   D.O.F.
*         simp_nmax  =      4500                max moves
*       simp_errlim  =  1.00e-08
*
*
*         - Initializing simplex arrays -
*
*
*      nfunk           rtol        pf        ar     ortho             e_ion              e_ss             e_tot
*X        12     1.4789e+00   0.61117   1.42100   0.69242    -1.2015858e+00     0.0000000e+00    -1.2015858e+00
*X      2000     1.4274e-06   0.61970   1.41592   0.68450    -1.2068623e+00     0.0000000e+00    -1.2068623e+00
*
*         simp_runs  =      2473               simp moves
*              rtol  =  9.80e-09               final rtol
*
* Simplex restart no. 1 of 10
*
*         - Initializing simplex arrays -
*
*
*      nfunk           rtol        pf        ar     ortho             e_ion              e_ss             e_tot
*X        11     1.5511e+00   0.62047   1.41387   0.68453    -1.2069644e+00     0.0000000e+00    -1.2069644e+00
*X      2000     5.3203e-07   0.62049   1.41462   0.68533    -1.2072208e+00     0.0000000e+00    -1.2072208e+00
*
*         simp_runs  =      3326               simp moves
*              rtol  =  9.85e-09               final rtol
*
* Simplex restart no. 2 of 10
*
*         - Initializing simplex arrays -
*
*
*      nfunk           rtol        pf        ar     ortho             e_ion              e_ss             e_tot
*X        11     1.5488e+00   0.62062   1.41497   0.68482    -1.2073476e+00     0.0000000e+00    -1.2073476e+00
*X      2001     6.1410e-08   0.62060   1.41499   0.68511    -1.2074134e+00     0.0000000e+00    -1.2074134e+00
*
*         simp_runs  =      2621               simp moves
*              rtol  =  9.85e-09               final rtol
*
* Simplex restart no. 3 of 10
*
*         - Initializing simplex arrays -
*
*
*      nfunk           rtol        pf        ar     ortho             e_ion              e_ss             e_tot
*X        11     1.5496e+00   0.62060   1.41497   0.68510    -1.2074160e+00     0.0000000e+00    -1.2074160e+00
*
*         simp_runs  =      1646               simp moves
*              rtol  =  9.99e-09               final rtol
*
* Simplex restart no. 4 of 10
*
*         - Initializing simplex arrays -
*
*
*      nfunk           rtol        pf        ar     ortho             e_ion              e_ss             e_tot
*X        11     1.5495e+00   0.62060   1.41499   0.68510    -1.2074320e+00     0.0000000e+00    -1.2074320e+00
*
*         simp_runs  =       815               simp moves
*              rtol  =  9.99e-09               final rtol
*
* Simplex restart no. 5 of 10
*
*         - Initializing simplex arrays -
*
*
*      nfunk           rtol        pf        ar     ortho             e_ion              e_ss             e_tot
*X        11     1.5495e+00   0.62060   1.41499   0.68510    -1.2074320e+00     0.0000000e+00    -1.2074320e+00
*
*         simp_runs  =       823               simp moves
*              rtol  =  9.89e-09               final rtol
*
* Simplex restart no. 6 of 10
*
*         - Initializing simplex arrays -
*
*
*      nfunk           rtol        pf        ar     ortho             e_ion              e_ss             e_tot
*X        11     1.5495e+00   0.62060   1.41499   0.68510    -1.2074320e+00     0.0000000e+00    -1.2074320e+00
*
*         simp_runs  =       856               simp moves
*              rtol  =  9.80e-09               final rtol
*
* Simplex restart no. 7 of 10
*
*         - Initializing simplex arrays -
*
*
*      nfunk           rtol        pf        ar     ortho             e_ion              e_ss             e_tot
*X        11     1.5495e+00   0.62060   1.41499   0.68510    -1.2074320e+00     0.0000000e+00    -1.2074320e+00
*
*         simp_runs  =       851               simp moves
*              rtol  =  9.58e-09               final rtol
*
* Simplex restart no. 8 of 10
*
*         - Initializing simplex arrays -
*
*
*      nfunk           rtol        pf        ar     ortho             e_ion              e_ss             e_tot
*X        11     1.5495e+00   0.62060   1.41499   0.68510    -1.2074320e+00     0.0000000e+00    -1.2074320e+00
*
*         simp_runs  =       841               simp moves
*              rtol  =  9.74e-09               final rtol
*
* Simplex restart no. 9 of 10
*
*         - Initializing simplex arrays -
*
*
*      nfunk           rtol        pf        ar     ortho             e_ion              e_ss             e_tot
*X        11     1.5495e+00   0.62060   1.41499   0.68510    -1.2074320e+00     0.0000000e+00    -1.2074320e+00
*
*         simp_runs  =       824               simp moves
*              rtol  =  9.73e-09               final rtol
*
* Simplex restart no. 10 of 10
*
*         - Initializing simplex arrays -
*
*
*      nfunk           rtol        pf        ar     ortho             e_ion              e_ss             e_tot
*X        11     1.5495e+00   0.62060   1.41499   0.68510    -1.2074320e+00     0.0000000e+00    -1.2074320e+00
*
*         simp_runs  =       908               simp moves
*              rtol  =  9.85e-09               final rtol
*
****************************************************************
*
*          - Parameters at Post Simplex -
*
* Lattice parameters:
*
*             lat a  =    3.4642
*             lat b  =    3.6078
*             lat c  =    4.9018
*             alpha  =   79.8000
*             beta   =   45.0415
*             gamma  =   90.0011
*          cell vol  =   41.9713
*          cv/ortho  =    0.6851
*
* Energies:
*               ecc  = -1.2074e+00
*               eng  =  0.0000e+00
*
*
* Geometry:
*
*      packing frac  =    0.6206
*      aspect ratio  =    1.4150
*
* (dE/dV):
*                Px  =  1.0000e+04                    x-dir
*                Py  =  1.0409e-02                    y-dir
*                Pz  =  1.0000e+04                    z-dir
*
* Distances (PBC only):
*                                 min           hard           diff
*           ca1_ca1  =   1.000000e+06   2.320000e+00   9.999977e+05
*           ca1_ca2  =   1.000000e+06   1.160000e+00   9.999988e+05
*           ca1_ac1  =   2.830000e+00   2.830000e+00   5.254650e-08
*           ca1_av1  =   1.000000e+06  -1.000000e+00   1.000001e+06
*           ca1_ac2  =   1.000000e+06  -1.000000e+00   1.000001e+06
*           ca1_av2  =   1.000000e+06  -1.000000e+00   1.000001e+06
*           ca2_ca2  =   1.000000e+06   0.000000e+00   1.000000e+06
*           ca2_ac1  =   1.000000e+06   1.670000e+00   9.999983e+05
*           ca2_av1  =   1.000000e+06  -1.000000e+00   1.000001e+06
*           ca2_ac2  =   1.000000e+06  -1.000000e+00   1.000001e+06
*           ca2_av2  =   1.000000e+06  -1.000000e+00   1.000001e+06
*           ac1_ac1  =   1.000000e+06   3.340000e+00   9.999967e+05
*           ac1_av1  =   1.000000e+06  -1.000000e+00   1.000001e+06
*           ac1_ac2  =   1.000000e+06  -1.000000e+00   1.000001e+06
*           ac1_av2  =   1.000000e+06  -1.000000e+00   1.000001e+06
*           av1_av1  =   1.000000e+06  -1.000000e+00   1.000001e+06
*           av1_av2  =   1.000000e+06  -1.000000e+00   1.000001e+06
*           av2_av2  =   1.000000e+06  -1.000000e+00   1.000001e+06
*
*
***********************************************************
*        - Process and timing information -
*
* user time:   0 h 00 m 18.890036 s
* syst time:   0 h 00 m 00.011999 s
* signals: 0
* voluntary context switches: 7
* involuntary context switches: 18
*
***********************************************************
*SS symsearch output
*SS ( use:  | awk '($1=="*S"){print $0}' | sed 's/*S //' > temp.out )
*S Title
*S 1                 search type
*S 5.0 0.00001       displacement rms max min
*S 0.1 0.00001       strain rms max min
*S 1                 lattice input type
*S      3.46420     0.00000     0.00000
*S     -0.00007     3.60779     0.00000
*S      3.46358     0.86810     3.35821
*S 1 0 0
*S 0 1 0
*S 0 0 1
*S 2                 number of atoms
*S 11 0
*S      0.04807     0.94570     0.70555
*S      0.15369     0.35078     0.10001
*FF findsym output
*FF ( use:  | awk '($1=="*F"){print $0}' | sed 's/*F //' > temp.out )
*F Title
*F 0.001       displacement rms max min
*F 1                 lattice input type
*F      3.46420     0.00000     0.00000
*F     -0.00007     3.60779     0.00000
*F      3.46358     0.86810     3.35821
*F 1               basis vector in type
*F 1 0 0
*F 0 1 0
*F 0 0 1
*F 2                 number of atoms
*F 11 0
*F      0.04807     0.94570     0.70555
*F      0.15369     0.35078     0.10001
*DD powder output
*DD (use: | awk '($1=="*D"){print $0}' | sed 's/*D //' > temp.out )
*D 2
*D      3.46420     3.60779     4.90180
*D     79.79996    45.04149    90.00107
*D      0.04807     0.94570     0.70555        11
*D      0.15369     0.35078     0.10001         0
*PP poscar output
*PP (use: | awk '($1=="*P"){print $0}' | sed 's/*P //' > temp.out )
*P Z: 11 17 
*P 1.0 
*P      3.46419941     0.00000000     0.00000000
*P     -0.00006741     3.60779168     0.00000000
*P      3.46358326     0.86810186     3.35821443
*P 1 1 0 
*P Direct
*P       0.048071149762      0.945703546840      0.705550034036
*P       0.153686091020      0.350779511283      0.100013055526
*QQ poscar output
*QQ (use: | awk '($1=="*Q"){print $0}' | sed 's/*Q //' > temp.out )
*Q +1.000000000000 -1.000000000000 
*Q 1.0 
*Q      3.46419941     0.00000000     0.00000000
*Q     -0.00006741     3.60779168     0.00000000
*Q      3.46358326     0.86810186     3.35821443
*Q 1 1 0 
*Q Direct
*Q       0.048071149762      0.945703546840      0.705550034036
*Q       0.153686091020      0.350779511283      0.100013055526
*RR restart output
*RR (use: | awk '($1=="*R"){print $0}' | sed 's/*R //' > temp.out )
*R     3.464199407160    3.607791683588    4.901797021971
*R     1.392771978806    0.786122247287    1.570815012041
*R      1
*R      1     1
*R   -1.000000000000000   0.000000000000000
*R     0.000000000000    1.670000000000    0.000000000000    17     0
*R      1
*R      1   1.000000000000000
*R     1.160000000000    11
*R     0.048071149762    0.945703546840    0.705550034036
*R     0.153686091020    0.350779511283    0.100013055526
* XBS output
* CATION:
atom C     2.610195585    4.024390686    2.369388309
spec C     1.160000000    1.000000000    0.000000000    0.000000000
* ANION:
atom A     0.878779164    1.352360923    0.335865287
spec A     1.670000000    0.000000000    0.000000000    1.000000000
spec V     0.000000000    0.000000000    1.000000000    0.000000000
bonds A V  0.000000000    0.000000000    0.010000000    Black
* CELL PARAMETERS AND BORDER
atom 0    0.00000   0.00000   0.00000
atom 1    3.46420   0.00000   0.00000
atom 2    3.46413   3.60779   0.00000
atom 3   -0.00007   3.60779   0.00000
atom 4    3.46358   0.86810   3.35821
atom 5    6.92778   0.86810   3.35821
atom 6    6.92772   4.47589   3.35821
atom 7    3.46352   4.47589   3.35821
spec 0     0.050000000    0.000000000    0.000000000    0.000000000
spec 1     0.050000000    0.000000000    0.000000000    0.000000000
spec 2     0.050000000    0.000000000    0.000000000    0.000000000
spec 3     0.050000000    0.000000000    0.000000000    0.000000000
spec 4     0.050000000    0.000000000    0.000000000    0.000000000
spec 5     0.050000000    0.000000000    0.000000000    0.000000000
spec 6     0.050000000    0.000000000    0.000000000    0.000000000
spec 7     0.050000000    0.000000000    0.000000000    0.000000000
bonds 0 1  3.460735208    3.467663607    0.010000000    Black
bonds 3 2  3.460735208    3.467663607    0.010000000    Black
bonds 4 5  3.460735208    3.467663607    0.010000000    Black
bonds 6 7  3.460735208    3.467663607    0.010000000    Black
bonds 1 2  3.604183892    3.611399475    0.010000000    Black
bonds 0 3  3.604183892    3.611399475    0.010000000    Black
bonds 5 6  3.604183892    3.611399475    0.010000000    Black
bonds 4 7  3.604183892    3.611399475    0.010000000    Black
bonds 0 4  4.896895225    4.906698819    0.010000000    Black
bonds 1 5  4.896895225    4.906698819    0.010000000    Black
bonds 2 6  4.896895225    4.906698819    0.010000000    Black
bonds 3 7  4.896895225    4.906698819    0.010000000    Black
inc 5.000000
dup    3.46420   0.00000   0.00000
dup   -0.00007   3.60779   0.00000
dup    3.46358   0.86810   3.35821
