*************************************************
*	pack	(version 4.12.0.5)
*	Eric Majzoub
*	Sandia National Laboratories
*************************************************
*  Source file: main.c
*  Compile date: Dec 27 2012
*  Compile time: 17:19:04
*  commandline = /projects/e20438/bin/pack-4.12.0.5/pack_exe -f ../../NaCl_pegs.in -P -R -r 400 -t 25 -g 20236 
*  input file = ../../NaCl_pegs.in
**********************************************************************
**********************************************************************
**********************************************************************
* 
*       - General run comments -
* 
* WARN: no Rotations in Metropolis (-R flag).
* WARN: all anionic charge on center atom (-P flag).
*
**********************************************************************
*           - Input parameters -
*
*           restart  =         0         1 = restart calc
*        autoadjust  =         1   automatically set temp
*          aa_using  =         1        1=rej pct, 2=pCnt
*         basin hop  =         0           number of hops
*     non_per_ewald  =         0          1=nanopart calc
*
*             lat a  =   10.0000
*             lat b  =   10.0000
*             lat c  =   10.0000
*             alpha  =    1.5708
*             beta   =    1.5708
*             gamma  =    1.5708
*          cell vol  = 1000.0000
*      sqsh vol pct  =    0.2000
* 
*          cell_min  =    1.6700              min lat vec
*          cell_max  =  167.0000              max lat vec
* 
*         n_type_an  =         1          num type anions
*            num_an  =         1           tot num anions
* 
*          num_an_1  =         1        num anions type 1
*        num_vert_1  =         1     1=sph 2=dim 5=tet...
*       an_chrg_c_1  =   -1.0000      anion center charge
*       an_chrg_v_1  =    0.0000      anion vertex charge
*     tot_an_chrg_1  =   -1.0000       total anion charge
*           Rcent_1  =    1.6700         anion center rad
*           Rvert_1  =    0.0000         anion vertex rad
*             cvd_1  =    0.0000        cent to vert dist
*           Zcent_1  =        17           anion center Z
*           Zvert_1  =         0           anion vertex Z
* 
*          num_an_2  =         0        num anions type 2
*        num_vert_2  =         0     1=sph 2=dim 5=tet...
*       an_chrg_c_2  =    0.0000      anion center charge
*       an_chrg_v_2  =    0.0000      anion vertex charge
*     tot_an_chrg_2  =    0.0000       total anion charge
*           Rcent_2  =    0.0000         anion center rad
*           Rvert_2  =    0.0000         anion vertex rad
*             cvd_2  =    0.0000        cent to vert dist
*           Zcent_2  =         0           anion center Z
*           Zvert_2  =         0           anion vertex Z
* 
*         n_type_ca  =         1            num type cats
*            num_ca  =         1          tot num cations
* 
*          num_ca_1  =         1        num cations typ 1
*         ca_chrg_1  =    1.0000        cation chrg typ 1
*            Rcat_1  =    1.1600         cation rad typ 1
*            Zcat_1  =        11           cation Z typ 1
* 
*            C2VTOL  =  1.00e-08            c2v tolerance
*            ERRLIM  =  1.00e-06
*       REP_EPSILON  =  1.00e+00        soft sphere repul
*    TRANS_FRAC_MAX  =    0.5000                    fixed
*    TRANS_FRAC_MIN  =    0.0200
*      MAX_ANG_CHNG  =    9.9695                  degrees
*    VOLUM_FRAC_MAX  =    0.0700
*         EXT_PRESS  =  0.00e+00        external pressure
*      SQSH_VOL_PCT  =    0.2000             min orth val
*        ASPECT_MAX  =   20.0000                cell parm
*            dplane  =    1.6700            min plane sep
*      SCALE_FACTOR  =    1.2500         bhop max scaling
* 
*            d.o.f.  =        12       degrees of freedom
*          runs/dof  =       400         loops per d.o.f.
*              runs  =      4800              loops per T
*               ncc  =     19200     config changes per T
*            t_runs  =        25           num temp steps
*             efunc  =         0               0=SS  1=LJ
*       N_HALT_CHNG  =        15      halts after N 100%s
*
*      anneal_sched  =         3   0=lin or exp(-run_n^n)
*         temp_init  =  1.00e+00             initial temp
*         temp_finl  =  1.00e-03               final temp
* 
*          trn_chng  =         1              0=off  1=on
*          rot_chng  =         0              0=off  1=on
*          lat_chng  =         1              0=off  1=on
*          swp_chng  =         1              0=off  1=on
* 
*     SIMP_RESTARTS  =        11     no. simplex restarts
*  SIMP_RESTARTS BH  =        21  basin hop simp restarts
*         SIMP_NMAX  =      4500        max simplex iters
*          SIMP_DEG  =    1.0000          anion start deg
*         SIMP_LAMB  =    0.0100        vertex start frac
*       SIMP_ERRLIM  =  1.00e-08              error limit
* 
*           aa runs  =      1200           config changes
*      aa runs_step  =        10   config change increase
*       aa runs_max  =      1500  max auto config changes
*         aa t_runs  =         3            num temp runs
*      aa temp_step  =    0.5000                temp step
* 
*        aa chng hi  =         3  1=trn 2=rot 3=lat 4=swp
*        aa chng lo  =         3  1=trn 2=rot 3=lat 4=swp
* 
*      aa ht_pct_hi  =     0.650             high rej pct
*      aa ht_pct_lo  =     0.600             low  rej pct
* 
*      aa lt_pct_hi  =     0.999             high rej pct
*      aa lt_pct_lo  =     0.950             low  rej pct
* 
*            tmpfile =                   PR20089-best.tmp
* 
* Checking for out of bounds fractional coords.
*
**********************************************************************
*
*          - Parameters at START -
*
* Lattice parameters:
*
*             lat a  =   10.0000
*             lat b  =   10.0000
*             lat c  =   10.0000
*             alpha  =   90.0000
*             beta   =   90.0000
*             gamma  =   90.0000
*          cell vol  = 1000.0000
*          cv/ortho  =    1.0000
*
* Energies:
*               ecc  = -4.6335e-01
*               eng  =  0.0000e+00
*
*
* Geometry:
*
*      packing frac  =    0.0260
*      aspect ratio  =    1.0000
*
* (dE/dV):
*                Px  =  2.5974e-04                    x-dir
*                Py  =  1.7649e-04                    y-dir
*                Pz  =  2.7124e-05                    z-dir
*
* Distances (PBC only):
*                                 min           hard           diff
*           ca1_ca1  =   1.000000e+06   2.320000e+00   9.999977e+05
*           ca1_ca2  =   1.000000e+06   1.160000e+00   9.999988e+05
*           ca1_ac1  =   5.671262e+00   2.830000e+00   2.841262e+00
*           ca1_av1  =   1.000000e+06  -1.000000e+00   1.000001e+06
*           ca1_ac2  =   1.000000e+06  -1.000000e+00   1.000001e+06
*           ca1_av2  =   1.000000e+06  -1.000000e+00   1.000001e+06
*           ca2_ca2  =   1.000000e+06   0.000000e+00   1.000000e+06
*           ca2_ac1  =   1.000000e+06   1.670000e+00   9.999983e+05
*           ca2_av1  =   1.000000e+06  -1.000000e+00   1.000001e+06
*           ca2_ac2  =   1.000000e+06  -1.000000e+00   1.000001e+06
*           ca2_av2  =   1.000000e+06  -1.000000e+00   1.000001e+06
*           ac1_ac1  =   1.000000e+06   3.340000e+00   9.999967e+05
*           ac1_av1  =   1.000000e+06  -1.000000e+00   1.000001e+06
*           ac1_ac2  =   1.000000e+06  -1.000000e+00   1.000001e+06
*           ac1_av2  =   1.000000e+06  -1.000000e+00   1.000001e+06
*           av1_av1  =   1.000000e+06  -1.000000e+00   1.000001e+06
*           av1_av2  =   1.000000e+06  -1.000000e+00   1.000001e+06
*           av2_av2  =   1.000000e+06  -1.000000e+00   1.000001e+06
*
*
*
**********************************************************************
*
* ------------------------------------------------------------
*              Autoadjust high temperatrure:
* ------------------------------------------------------------
*              Autoadjusting on 3 (1=trn,2=rot,3=lat,4=swp)
*
**********************************************************************
*
*                 -- Autoadjust Metropolis Run --
*
*   autoadjust_temp_init  =  1.0000e+00
*   autoadjust_temp_step  =  5.0000e-01
*        autoadjust_runs  =        1200         configs per temp
*       autoadjust_count  =           1
*
**********************************************************************
*
* Metropolis: 3 temperature runs with these parameters:
*
*              runs  =      1200              loops per T
*               T_0  = 1.000e+00             initial temp
*               T_L  = 1.000e+00               final temp
*           T_alpha  = 8.000e+09          annealing alpha
*
*            T = T_0 * exp( -run_num**3 / T_alpha )
*
**********************************************************************
*H run      Temp       E_ion        E_ss   cel vol       SigPF       ar     ortho        pCnt          % Rejected Changes
*H                                                                                                 trn      rot      lat      swp
*T   1  1.00e+00  -6.509e-01  +0.000e+00    286.15   3.344e-02    2.126     0.661   3.918e-02    24.08     0.00     1.92     0.00
*T   2  1.00e+00  -6.556e-01  +0.000e+00    636.10   1.065e-01    2.156     0.586   1.356e-01    46.42     0.00     5.83     0.00
*T   3  1.00e+00  -3.408e-01  +0.000e+00    332.99   3.415e-02    1.929     0.213   8.136e-02    23.33     0.00     3.75     0.00
*
**********************************************************************
*
*                 -- AUTOADJUST [1] OUT --
*
*     target: lo % = 60.000000      hi % = 65.000000
*     Autoadjust % =  3.750000
*     Autoadjust: Lowering the temperature 5.000e-01 [a.u.]
*
**********************************************************************
*
*                 -- Autoadjust Metropolis Run --
*
*   autoadjust_temp_init  =  5.0000e-01
*   autoadjust_temp_step  =  5.0000e-01
*        autoadjust_runs  =        1210         configs per temp
*       autoadjust_count  =           2
*
**********************************************************************
*
* Metropolis: 3 temperature runs with these parameters:
*
*              runs  =      1210              loops per T
*               T_0  = 5.000e-01             initial temp
*               T_L  = 4.995e-01               final temp
*           T_alpha  = 7.996e+03          annealing alpha
*
*            T = T_0 * exp( -run_num**3 / T_alpha )
*
**********************************************************************
*H run      Temp       E_ion        E_ss   cel vol       SigPF       ar     ortho        pCnt          % Rejected Changes
*H                                                                                                 trn      rot      lat      swp
*T   1  5.00e-01  -4.050e-01  +0.000e+00    839.33   5.583e-02    2.446     0.329   1.297e-01    36.45     0.00     5.21     0.00
*T   2  5.00e-01  -3.815e-01  +0.000e+00    391.13   2.271e-02    2.906     0.404   1.022e-01    30.50     0.00     3.31     0.00
*T   3  4.99e-01  -6.364e-01  +0.000e+00    425.74   1.332e-02    2.692     0.370   2.097e-01    28.18     0.00     2.56     0.00
*
**********************************************************************
*
*                 -- AUTOADJUST [2] OUT --
*
*     target: lo % = 60.000000      hi % = 65.000000
*     Autoadjust % =  2.561983
*     Autoadjust: special case: (T-Tstep) = 0.000e+00 [a.u.]
*     Autoadjust: special case: ===> drop temp step to: 2.250e-01 [a.u.]
*     Autoadjust: Lowering the temperature 2.250e-01 [a.u.]
*
**********************************************************************
*
*                 -- Autoadjust Metropolis Run --
*
*   autoadjust_temp_init  =  2.7500e-01
*   autoadjust_temp_step  =  2.2500e-01
*        autoadjust_runs  =        1220         configs per temp
*       autoadjust_count  =           3
*
**********************************************************************
*
* Metropolis: 3 temperature runs with these parameters:
*
*              runs  =      1220              loops per T
*               T_0  = 2.750e-01             initial temp
*               T_L  = 2.747e-01               final temp
*           T_alpha  = 7.996e+03          annealing alpha
*
*            T = T_0 * exp( -run_num**3 / T_alpha )
*
**********************************************************************
*H run      Temp       E_ion        E_ss   cel vol       SigPF       ar     ortho        pCnt          % Rejected Changes
*H                                                                                                 trn      rot      lat      swp
*T   1  2.75e-01  -5.231e-01  +0.000e+00    812.81   3.414e-02    3.437     0.476   2.743e-01    34.75     0.00     5.08     0.00
*T   2  2.75e-01  -5.090e-01  +0.000e+00    516.49   4.520e-02    4.144     0.342   7.136e-01    56.23     0.00     6.31     0.00
*T   3  2.75e-01  -5.196e-01  +0.000e+00    739.54   1.427e-02    4.333     0.798   4.949e-01    36.89     0.00     3.61     0.00
*
**********************************************************************
*
*                 -- AUTOADJUST [3] OUT --
*
*     target: lo % = 60.000000      hi % = 65.000000
*     Autoadjust % =  3.606557
*     Autoadjust: Lowering the temperature 2.250e-01 [a.u.]
*
**********************************************************************
*
*                 -- Autoadjust Metropolis Run --
*
*   autoadjust_temp_init  =  5.0000e-02
*   autoadjust_temp_step  =  2.2500e-01
*        autoadjust_runs  =        1230         configs per temp
*       autoadjust_count  =           4
*
**********************************************************************
*
* Metropolis: 3 temperature runs with these parameters:
*
*              runs  =      1230              loops per T
*               T_0  = 5.000e-02             initial temp
*               T_L  = 4.995e-02               final temp
*           T_alpha  = 7.996e+03          annealing alpha
*
*            T = T_0 * exp( -run_num**3 / T_alpha )
*
**********************************************************************
*H run      Temp       E_ion        E_ss   cel vol       SigPF       ar     ortho        pCnt          % Rejected Changes
*H                                                                                                 trn      rot      lat      swp
*T   1  5.00e-02  -8.352e-01  +0.000e+00   2595.66   2.690e-02   14.466     0.844   4.109e+00    98.37     0.00    27.24     0.00
*T   2  5.00e-02  -9.576e-01  +0.000e+00   1594.28   6.504e-03   14.281     0.655   1.794e+00    99.43     0.00    26.50     0.00
*T   3  5.00e-02  -8.879e-01  +0.000e+00   1727.74   9.004e-03    9.540     0.468   1.354e+00    99.84     0.00    28.37     0.00
*
**********************************************************************
*
*                 -- AUTOADJUST [4] OUT --
*
*     target: lo % = 60.000000      hi % = 65.000000
*     Autoadjust % = 28.373984
*     Autoadjust: special case: (T-Tstep) = -1.750e-01 [a.u.]
*     Autoadjust: special case: ===> drop temp step to: 1.013e-01 [a.u.]
*     Autoadjust: special case: (T-Tstep) = -5.125e-02 [a.u.]
*     Autoadjust: special case: ===> drop temp step to: 4.556e-02 [a.u.]
*     Autoadjust: Lowering the temperature 4.556e-02 [a.u.]
*
**********************************************************************
*
*                 -- Autoadjust Metropolis Run --
*
*   autoadjust_temp_init  =  4.4375e-03
*   autoadjust_temp_step  =  4.5563e-02
*        autoadjust_runs  =        1240         configs per temp
*       autoadjust_count  =           5
*
**********************************************************************
*
* Metropolis: 3 temperature runs with these parameters:
*
*              runs  =      1240              loops per T
*               T_0  = 4.438e-03             initial temp
*               T_L  = 4.433e-03               final temp
*           T_alpha  = 7.996e+03          annealing alpha
*
*            T = T_0 * exp( -run_num**3 / T_alpha )
*
**********************************************************************
*H run      Temp       E_ion        E_ss   cel vol       SigPF       ar     ortho        pCnt          % Rejected Changes
*H                                                                                                 trn      rot      lat      swp
*T   1  4.44e-03  -9.722e-01  +0.000e+00    902.70   1.379e-02    8.888     0.431   1.054e+01   100.00     0.00    59.60     0.00
*T   2  4.44e-03  -1.058e+00  +0.000e+00    873.49   2.137e-02   19.936     0.395   4.395e+01    99.92     0.00    62.98     0.00
*T   3  4.43e-03  -1.067e+00  +0.000e+00    909.03   1.849e-02   19.199     0.457   1.423e+00   100.00     0.00    62.10     0.00
*
**********************************************************************
*
*                 -- AUTOADJUST [5] OUT --
*
*     target: lo % = 60.000000      hi % = 65.000000
*     Autoadjust % = 62.096774
*     Autoadjust: temp = 4.438e-03  is good!  Exiting autoadjust.
*
**********************************************************************
*
* ------------------------------------------------------------
*              Autoadjust low temperatrure:
* ------------------------------------------------------------
*              Autoadjusting on 3 (1=trn,2=rot,3=lat,4=swp)
*
**********************************************************************
*
*                 -- Autoadjust Metropolis Run --
*
*   autoadjust_temp_init  =  2.0000e-02
*   autoadjust_temp_step  =  5.0000e-01
*        autoadjust_runs  =        1200         configs per temp
*       autoadjust_count  =           1
*
**********************************************************************
*
* Metropolis: 3 temperature runs with these parameters:
*
*              runs  =      1200              loops per T
*               T_0  = 2.000e-02             initial temp
*               T_L  = 2.000e-02               final temp
*           T_alpha  = 1.600e+08          annealing alpha
*
*            T = T_0 * exp( -run_num**3 / T_alpha )
*
**********************************************************************
*H run      Temp       E_ion        E_ss   cel vol       SigPF       ar     ortho        pCnt          % Rejected Changes
*H                                                                                                 trn      rot      lat      swp
*T   1  2.00e-02  -9.747e-01  +0.000e+00   1150.50   1.234e-02   13.692     0.525   3.296e+00    99.83     0.00    44.17     0.00
*T   2  2.00e-02  -9.523e-01  +0.000e+00   1161.39   1.094e-02   19.887     0.332   1.558e+00    99.92     0.00    39.00     0.00
*T   3  2.00e-02  -9.901e-01  +0.000e+00    760.85   1.135e-02   16.489     0.351   1.786e+00   100.00     0.00    38.67     0.00
*
**********************************************************************
*
*                 -- AUTOADJUST [1] OUT --
*
*     target: lo % = 95.000000      hi % = 99.900000
*     Autoadjust % = 38.666667
*     Autoadjust: special case: (T-Tstep) = -4.800e-01 [a.u.]
*     Autoadjust: special case: ===> drop temp step to: 2.250e-01 [a.u.]
*     Autoadjust: special case: (T-Tstep) = -2.050e-01 [a.u.]
*     Autoadjust: special case: ===> drop temp step to: 1.013e-01 [a.u.]
*     Autoadjust: special case: (T-Tstep) = -8.125e-02 [a.u.]
*     Autoadjust: special case: ===> drop temp step to: 4.556e-02 [a.u.]
*     Autoadjust: special case: (T-Tstep) = -2.556e-02 [a.u.]
*     Autoadjust: special case: ===> drop temp step to: 2.050e-02 [a.u.]
*     Autoadjust: special case: (T-Tstep) = -5.031e-04 [a.u.]
*     Autoadjust: special case: ===> drop temp step to: 9.226e-03 [a.u.]
*     Autoadjust: Lowering the temperature 9.226e-03 [a.u.]
*
**********************************************************************
*
*                 -- Autoadjust Metropolis Run --
*
*   autoadjust_temp_init  =  1.0774e-02
*   autoadjust_temp_step  =  9.2264e-03
*        autoadjust_runs  =        1210         configs per temp
*       autoadjust_count  =           2
*
**********************************************************************
*
* Metropolis: 3 temperature runs with these parameters:
*
*              runs  =      1210              loops per T
*               T_0  = 1.077e-02             initial temp
*               T_L  = 1.076e-02               final temp
*           T_alpha  = 7.996e+03          annealing alpha
*
*            T = T_0 * exp( -run_num**3 / T_alpha )
*
**********************************************************************
*H run      Temp       E_ion        E_ss   cel vol       SigPF       ar     ortho        pCnt          % Rejected Changes
*H                                                                                                 trn      rot      lat      swp
*T   1  1.08e-02  -1.004e+00  +0.000e+00    710.52   2.740e-02    7.834     0.828   8.104e+00    99.92     0.00    53.06     0.00
*T   2  1.08e-02  -9.792e-01  +0.000e+00    392.26   2.621e-02    6.195     0.449   6.058e+00    99.92     0.00    51.40     0.00
*T   3  1.08e-02  -1.057e+00  +0.000e+00    384.10   3.058e-02    5.310     0.652   6.253e+00   100.00     0.00    54.88     0.00
*
**********************************************************************
*
*                 -- AUTOADJUST [2] OUT --
*
*     target: lo % = 95.000000      hi % = 99.900000
*     Autoadjust % = 54.876033
*     Autoadjust: Lowering the temperature 9.226e-03 [a.u.]
*
**********************************************************************
*
*                 -- Autoadjust Metropolis Run --
*
*   autoadjust_temp_init  =  1.5472e-03
*   autoadjust_temp_step  =  9.2264e-03
*        autoadjust_runs  =        1220         configs per temp
*       autoadjust_count  =           3
*
**********************************************************************
*
* Metropolis: 3 temperature runs with these parameters:
*
*              runs  =      1220              loops per T
*               T_0  = 1.547e-03             initial temp
*               T_L  = 1.546e-03               final temp
*           T_alpha  = 7.996e+03          annealing alpha
*
*            T = T_0 * exp( -run_num**3 / T_alpha )
*
**********************************************************************
*H run      Temp       E_ion        E_ss   cel vol       SigPF       ar     ortho        pCnt          % Rejected Changes
*H                                                                                                 trn      rot      lat      swp
*T   1  1.55e-03  -1.077e+00  +0.000e+00    603.37   2.492e-02    6.711     0.833   6.804e+00   100.00     0.00    72.70     0.00
*T   2  1.55e-03  -1.073e+00  +0.000e+00    142.73   7.063e-02    2.537     0.520   3.557e+00   100.00     0.00    67.62     0.00
*T   3  1.55e-03  -1.119e+00  +0.000e+00     61.41   2.494e-01    1.541     0.372   1.214e+02   100.00     0.00    81.80     0.00
*
**********************************************************************
*
*                 -- AUTOADJUST [3] OUT --
*
*     target: lo % = 95.000000      hi % = 99.900000
*     Autoadjust % = 81.803279
*     Autoadjust: special case: (T-Tstep) = -7.679e-03 [a.u.]
*     Autoadjust: special case: ===> drop temp step to: 4.152e-03 [a.u.]
*     Autoadjust: special case: (T-Tstep) = -2.605e-03 [a.u.]
*     Autoadjust: special case: ===> drop temp step to: 1.868e-03 [a.u.]
*     Autoadjust: special case: (T-Tstep) = -3.212e-04 [a.u.]
*     Autoadjust: special case: ===> drop temp step to: 8.408e-04 [a.u.]
*     Autoadjust: Lowering the temperature 8.408e-04 [a.u.]
*
**********************************************************************
*
*                 -- Autoadjust Metropolis Run --
*
*   autoadjust_temp_init  =  7.0643e-04
*   autoadjust_temp_step  =  8.4076e-04
*        autoadjust_runs  =        1230         configs per temp
*       autoadjust_count  =           4
*
**********************************************************************
*
* Metropolis: 3 temperature runs with these parameters:
*
*              runs  =      1230              loops per T
*               T_0  = 7.064e-04             initial temp
*               T_L  = 7.057e-04               final temp
*           T_alpha  = 7.996e+03          annealing alpha
*
*            T = T_0 * exp( -run_num**3 / T_alpha )
*
**********************************************************************
*H run      Temp       E_ion        E_ss   cel vol       SigPF       ar     ortho        pCnt          % Rejected Changes
*H                                                                                                 trn      rot      lat      swp
*T   1  7.06e-04  -1.118e+00  +0.000e+00     61.53   2.710e-01    1.537     0.372   6.810e+02   100.00     0.00    90.08     0.00
*T   2  7.06e-04  -1.119e+00  +0.000e+00     58.79   2.715e-01    1.476     0.370   3.122e+00   100.00     0.00    89.84     0.00
*T   3  7.06e-04  -1.116e+00  +0.000e+00     62.44   2.730e-01    1.555     0.368   3.448e+00   100.00     0.00    90.89     0.00
*
**********************************************************************
*
*                 -- AUTOADJUST [4] OUT --
*
*     target: lo % = 95.000000      hi % = 99.900000
*     Autoadjust % = 90.894309
*     Autoadjust: special case: (T-Tstep) = -1.343e-04 [a.u.]
*     Autoadjust: special case: ===> drop temp step to: 3.783e-04 [a.u.]
*     Autoadjust: Lowering the temperature 3.783e-04 [a.u.]
*
**********************************************************************
*
*                 -- Autoadjust Metropolis Run --
*
*   autoadjust_temp_init  =  3.2809e-04
*   autoadjust_temp_step  =  3.7834e-04
*        autoadjust_runs  =        1240         configs per temp
*       autoadjust_count  =           5
*
**********************************************************************
*
* Metropolis: 3 temperature runs with these parameters:
*
*              runs  =      1240              loops per T
*               T_0  = 3.281e-04             initial temp
*               T_L  = 3.278e-04               final temp
*           T_alpha  = 7.996e+03          annealing alpha
*
*            T = T_0 * exp( -run_num**3 / T_alpha )
*
**********************************************************************
*H run      Temp       E_ion        E_ss   cel vol       SigPF       ar     ortho        pCnt          % Rejected Changes
*H                                                                                                 trn      rot      lat      swp
*T   1  3.28e-04  -1.118e+00  +0.000e+00     58.61   2.779e-01    1.465     0.369   4.636e+00   100.00     0.00    92.82     0.00
*T   2  3.28e-04  -1.119e+00  +0.000e+00     61.59   2.816e-01    1.546     0.369   1.411e+00   100.00     0.00    93.47     0.00
*T   3  3.28e-04  -1.118e+00  +0.000e+00     61.96   2.798e-01    1.555     0.369   7.414e-01   100.00     0.00    93.15     0.00
*
**********************************************************************
*
*                 -- AUTOADJUST [5] OUT --
*
*     target: lo % = 95.000000      hi % = 99.900000
*     Autoadjust % = 93.145161
*     Autoadjust: special case: (T-Tstep) = -5.025e-05 [a.u.]
*     Autoadjust: special case: ===> drop temp step to: 1.703e-04 [a.u.]
*     Autoadjust: Lowering the temperature 1.703e-04 [a.u.]
*
**********************************************************************
*
*                 -- Autoadjust Metropolis Run --
*
*   autoadjust_temp_init  =  1.5784e-04
*   autoadjust_temp_step  =  1.7025e-04
*        autoadjust_runs  =        1250         configs per temp
*       autoadjust_count  =           6
*
**********************************************************************
*
* Metropolis: 3 temperature runs with these parameters:
*
*              runs  =      1250              loops per T
*               T_0  = 1.578e-04             initial temp
*               T_L  = 1.577e-04               final temp
*           T_alpha  = 7.996e+03          annealing alpha
*
*            T = T_0 * exp( -run_num**3 / T_alpha )
*
**********************************************************************
*H run      Temp       E_ion        E_ss   cel vol       SigPF       ar     ortho        pCnt          % Rejected Changes
*H                                                                                                 trn      rot      lat      swp
*T   1  1.58e-04  -1.120e+00  +0.000e+00     60.04   2.828e-01    1.509     0.369   1.341e+04   100.00     0.00    94.96     0.00
*T   2  1.58e-04  -1.120e+00  +0.000e+00     59.99   2.851e-01    1.507     0.369   5.955e-01   100.00     0.00    96.16     0.00
*T   3  1.58e-04  -1.120e+00  +0.000e+00     59.70   2.808e-01    1.500     0.369   6.661e-01   100.00     0.00    93.92     0.00
*
**********************************************************************
*
*                 -- AUTOADJUST [6] OUT --
*
*     target: lo % = 95.000000      hi % = 99.900000
*     Autoadjust % = 93.920000
*     Autoadjust: special case: (T-Tstep) = -1.242e-05 [a.u.]
*     Autoadjust: special case: ===> drop temp step to: 7.661e-05 [a.u.]
*     Autoadjust: Lowering the temperature 7.661e-05 [a.u.]
*
**********************************************************************
*
*                 -- Autoadjust Metropolis Run --
*
*   autoadjust_temp_init  =  8.1224e-05
*   autoadjust_temp_step  =  7.6614e-05
*        autoadjust_runs  =        1260         configs per temp
*       autoadjust_count  =           7
*
**********************************************************************
*
* Metropolis: 3 temperature runs with these parameters:
*
*              runs  =      1260              loops per T
*               T_0  = 8.122e-05             initial temp
*               T_L  = 8.114e-05               final temp
*           T_alpha  = 7.996e+03          annealing alpha
*
*            T = T_0 * exp( -run_num**3 / T_alpha )
*
**********************************************************************
*H run      Temp       E_ion        E_ss   cel vol       SigPF       ar     ortho        pCnt          % Rejected Changes
*H                                                                                                 trn      rot      lat      swp
*T   1  8.12e-05  -1.120e+00  +0.000e+00     60.28   2.846e-01    1.515     0.369   1.005e+05   100.00     0.00    96.67     0.00
*T   2  8.12e-05  -1.123e+00  +0.000e+00     59.48   2.848e-01    1.502     0.369   1.540e+02    99.92     0.00    96.83     0.00
*T   3  8.11e-05  -1.124e+00  +0.000e+00     58.46   2.930e-01    1.479     0.369   2.019e+01   100.00     0.00    97.86     0.08
*
**********************************************************************
*
*                 -- AUTOADJUST [7] OUT --
*
*     target: lo % = 95.000000      hi % = 99.900000
*     Autoadjust % = 97.857143
*     Autoadjust: temp = 8.122e-05  is good!  Exiting autoadjust.
*
**********************************************************************
*
*
*          -- Initializing cell contents --
*
*
*
**********************************************************************
*
*            -- Starting Metropolis calculation --
*
*              temp_init  = 4.438e-03
*
**********************************************************************
*
* Metropolis: 25 temperature runs with these parameters:
*
*              runs  =      4800              loops per T
*               T_0  = 4.438e-03             initial temp
*               T_L  = 8.122e-05               final temp
*           T_alpha  = 3.455e+03          annealing alpha
*
*            T = T_0 * exp( -run_num**3 / T_alpha )
*
**********************************************************************
*H run      Temp       E_ion        E_ss   cel vol       SigPF       ar     ortho        pCnt          % Rejected Changes
*H                                                                                                 trn      rot      lat      swp
*M   1  4.44e-03  -1.181e+00  +0.000e+00     53.73   2.691e-01    1.462     0.574   7.142e+02    99.73     0.00    86.83     0.00
*M   2  4.44e-03  -1.161e+00  +0.000e+00     56.63   2.970e-01    1.436     0.569   6.296e+00   100.00     0.00    90.65     0.00
*M   3  4.43e-03  -1.152e+00  +0.000e+00     57.70   2.966e-01    1.486     0.604   4.341e+00   100.00     0.00    91.85     0.00
*M   4  4.40e-03  -1.175e+00  +0.000e+00     54.69   3.012e-01    1.449     0.576   3.050e+00   100.00     0.00    91.96     0.00
*M   5  4.36e-03  -1.161e+00  +0.000e+00     57.01   2.943e-01    1.458     0.613   3.778e+00   100.00     0.00    91.48     0.00
*M   6  4.28e-03  -1.146e+00  +0.000e+00     58.39   2.941e-01    1.506     0.605   5.241e+00   100.00     0.00    91.17     0.00
*M   7  4.17e-03  -1.157e+00  +0.000e+00     55.64   2.948e-01    1.541     0.584   2.755e+00   100.00     0.00    90.29     0.00
*M   8  4.02e-03  -1.154e+00  +0.000e+00     56.15   2.946e-01    1.497     0.561   4.593e+00   100.00     0.00    90.08     0.00
*M   9  3.83e-03  -1.159e+00  +0.000e+00     54.29   2.968e-01    1.561     0.624   3.884e+00   100.00     0.00    90.83     0.00
*M  10  3.59e-03  -1.155e+00  +0.000e+00     55.79   3.019e-01    1.529     0.607   3.644e+00    99.98     0.00    93.54     0.00
*M  11  3.32e-03  -1.148e+00  +0.000e+00     59.63   2.879e-01    1.437     0.578   4.252e+00   100.00     0.00    92.73     0.00
*M  12  3.02e-03  -1.164e+00  +0.000e+00     57.56   2.870e-01    1.444     0.564   4.409e+00    99.98     0.00    93.35     0.00
*M  13  2.69e-03  -1.164e+00  +0.000e+00     57.59   2.903e-01    1.436     0.556   4.030e+00   100.00     0.00    94.60     0.00
*M  14  2.35e-03  -1.179e+00  +0.000e+00     54.22   3.083e-01    1.349     0.556   5.265e+00    99.98     0.00    94.92     0.00
*M  15  2.01e-03  -1.174e+00  +0.000e+00     55.83   3.104e-01    1.395     0.578   3.778e+00   100.00     0.00    95.44     0.00
*M  16  1.67e-03  -1.179e+00  +0.000e+00     54.97   3.117e-01    1.388     0.567   4.895e+00   100.00     0.00    96.62     0.00
*M  17  1.36e-03  -1.182e+00  +0.000e+00     54.49   3.160e-01    1.375     0.574   2.823e+00   100.00     0.00    96.94     0.00
*M  18  1.07e-03  -1.185e+00  +0.000e+00     54.06   3.168e-01    1.389     0.577   3.759e+00   100.00     0.00    97.33     0.00
*M  19  8.21e-04  -1.185e+00  +0.000e+00     54.05   3.194e-01    1.381     0.571   2.241e+00   100.00     0.00    98.48     0.00
*M  20  6.10e-04  -1.187e+00  +0.000e+00     53.85   3.194e-01    1.392     0.577   3.622e+00   100.00     0.00    98.62     0.00
*M  21  4.38e-04  -1.187e+00  +0.000e+00     53.99   3.207e-01    1.398     0.577   2.564e+00   100.00     0.00    99.06     0.00
*M  22  3.04e-04  -1.188e+00  +0.000e+00     53.70   3.213e-01    1.392     0.577   4.038e+00   100.00     0.00    99.27     0.02
*M  23  2.04e-04  -1.188e+00  +0.000e+00     53.78   3.225e-01    1.392     0.577   8.584e-01   100.00     0.00    99.62     0.00
*M  24  1.31e-04  -1.189e+00  +0.000e+00     53.66   3.228e-01    1.390     0.576   4.992e+00   100.00     0.00    99.71     0.00
*M  25  8.12e-05  -1.189e+00  +0.000e+00     53.59   3.235e-01    1.390     0.576   3.330e+00   100.00     0.00    99.75     0.00
*
**********************************************************************
*
*
*          - Parameters at Post Ewald-Metro -
*
* Lattice parameters:
*
*             lat a  =    3.8294
*             lat b  =    4.5632
*             lat c  =    5.3217
*             alpha  =   92.1223
*             beta   =   44.0207
*             gamma  =   68.8485
*          cell vol  =   53.5919
*          cv/ortho  =    0.5763
*
* Energies:
*               ecc  = -1.1891e+00
*               eng  =  0.0000e+00
*
*
* Geometry:
*
*      packing frac  =    0.4860
*      aspect ratio  =    1.3897
*
* (dE/dV):
*                Px  =  8.4993e-03                    x-dir
*                Py  =  7.9429e-03                    y-dir
*                Pz  =  5.7450e-03                    z-dir
*
* Distances (PBC only):
*                                 min           hard           diff
*           ca1_ca1  =   1.000000e+06   2.320000e+00   9.999977e+05
*           ca1_ca2  =   1.000000e+06   1.160000e+00   9.999988e+05
*           ca1_ac1  =   2.830096e+00   2.830000e+00   9.607883e-05
*           ca1_av1  =   1.000000e+06  -1.000000e+00   1.000001e+06
*           ca1_ac2  =   1.000000e+06  -1.000000e+00   1.000001e+06
*           ca1_av2  =   1.000000e+06  -1.000000e+00   1.000001e+06
*           ca2_ca2  =   1.000000e+06   0.000000e+00   1.000000e+06
*           ca2_ac1  =   1.000000e+06   1.670000e+00   9.999983e+05
*           ca2_av1  =   1.000000e+06  -1.000000e+00   1.000001e+06
*           ca2_ac2  =   1.000000e+06  -1.000000e+00   1.000001e+06
*           ca2_av2  =   1.000000e+06  -1.000000e+00   1.000001e+06
*           ac1_ac1  =   1.000000e+06   3.340000e+00   9.999967e+05
*           ac1_av1  =   1.000000e+06  -1.000000e+00   1.000001e+06
*           ac1_ac2  =   1.000000e+06  -1.000000e+00   1.000001e+06
*           ac1_av2  =   1.000000e+06  -1.000000e+00   1.000001e+06
*           av1_av1  =   1.000000e+06  -1.000000e+00   1.000001e+06
*           av1_av2  =   1.000000e+06  -1.000000e+00   1.000001e+06
*           av2_av2  =   1.000000e+06  -1.000000e+00   1.000001e+06
*
*
*
**********************************************************************
*
*         - Comparing with 'best' structure -
*
****************************************************************
*
*          best ecc  = -1.1891e+00
*          best eng  =  0.0000e+00
*           ecc+eng  = -1.1891e+00
*          best vol  =  5.3588e+01
*           best pf  =  4.8606e-01
*
*     post_runs ecc  = -1.1891e+00
*     post_runs eng  =  0.0000e+00
*           ecc+eng  = -1.1891e+00
*     post_runs vol  =  5.3592e+01
*      post_runs pf  =  4.8603e-01
*
*       dV / V_runs  =  6.6679e-05
*
*          ecc_diff  = -2.6364e-05
*          eng_diff  =  0.0000e+00
*
*
****************************************************************
*
*  mag_ecc_diff > mag_eng_diff AND within BEST_VOL AND
* 'best' has lower energy than post runs! --> swapping.
*
****************************************************************
*
*
*          - Parameters at Post 'best-swap' -
*
* Lattice parameters:
*
*             lat a  =    3.8293
*             lat b  =    4.5631
*             lat c  =    5.3216
*             alpha  =   92.1223
*             beta   =   44.0205
*             gamma  =   68.8485
*          cell vol  =   53.5883
*          cv/ortho  =    0.5763
*
* Energies:
*               ecc  = -1.1891e+00
*               eng  =  0.0000e+00
*
*
* Geometry:
*
*      packing frac  =    0.4861
*      aspect ratio  =    1.3897
*
* (dE/dV):
*                Px  =  8.5002e-03                    x-dir
*                Py  =  7.9436e-03                    y-dir
*                Pz  =  5.7453e-03                    z-dir
*
* Distances (PBC only):
*                                 min           hard           diff
*           ca1_ca1  =   1.000000e+06   2.320000e+00   9.999977e+05
*           ca1_ca2  =   1.000000e+06   1.160000e+00   9.999988e+05
*           ca1_ac1  =   2.830039e+00   2.830000e+00   3.859105e-05
*           ca1_av1  =   1.000000e+06  -1.000000e+00   1.000001e+06
*           ca1_ac2  =   1.000000e+06  -1.000000e+00   1.000001e+06
*           ca1_av2  =   1.000000e+06  -1.000000e+00   1.000001e+06
*           ca2_ca2  =   1.000000e+06   0.000000e+00   1.000000e+06
*           ca2_ac1  =   1.000000e+06   1.670000e+00   9.999983e+05
*           ca2_av1  =   1.000000e+06  -1.000000e+00   1.000001e+06
*           ca2_ac2  =   1.000000e+06  -1.000000e+00   1.000001e+06
*           ca2_av2  =   1.000000e+06  -1.000000e+00   1.000001e+06
*           ac1_ac1  =   1.000000e+06   3.340000e+00   9.999967e+05
*           ac1_av1  =   1.000000e+06  -1.000000e+00   1.000001e+06
*           ac1_ac2  =   1.000000e+06  -1.000000e+00   1.000001e+06
*           ac1_av2  =   1.000000e+06  -1.000000e+00   1.000001e+06
*           av1_av1  =   1.000000e+06  -1.000000e+00   1.000001e+06
*           av1_av2  =   1.000000e+06  -1.000000e+00   1.000001e+06
*           av2_av2  =   1.000000e+06  -1.000000e+00   1.000001e+06
*
*
*
**********************************************************************
*
*         - Final Simplex relaxation with restarts -
*
**********************************************************************
*
*
****************************************************************
*
*
*        - Simplex Minimiziation Routine -
*
*
* Note: No aspect ratio constraint.
*
*
*            n_simp  =        15                   D.O.F.
*         simp_nmax  =      4500                max moves
*       simp_errlim  =  1.00e-08
*
*
*         - Initializing simplex arrays -
*
*
*      nfunk           rtol        pf        ar     ortho             e_ion              e_ss             e_tot
*X        12     1.5478e+00   0.48606   1.38971   0.57630    -1.1890847e+00     0.0000000e+00    -1.1890847e+00
*
*         simp_runs  =      1758               simp moves
*              rtol  =  9.87e-09               final rtol
*
* Simplex restart no. 1 of 10
*
*         - Initializing simplex arrays -
*
*
*      nfunk           rtol        pf        ar     ortho             e_ion              e_ss             e_tot
*X        11     1.5835e+00   0.48700   1.39025   0.57531    -1.1901460e+00     0.0000000e+00    -1.1901460e+00
*
*         simp_runs  =       976               simp moves
*              rtol  =  9.94e-09               final rtol
*
* Simplex restart no. 2 of 10
*
*         - Initializing simplex arrays -
*
*
*      nfunk           rtol        pf        ar     ortho             e_ion              e_ss             e_tot
*X        11     1.5834e+00   0.48700   1.39026   0.57531    -1.1901509e+00     0.0000000e+00    -1.1901509e+00
*
*         simp_runs  =       844               simp moves
*              rtol  =  9.25e-09               final rtol
*
* Simplex restart no. 3 of 10
*
*         - Initializing simplex arrays -
*
*
*      nfunk           rtol        pf        ar     ortho             e_ion              e_ss             e_tot
*X        11     1.5834e+00   0.48700   1.39026   0.57531    -1.1901510e+00     0.0000000e+00    -1.1901510e+00
*
*         simp_runs  =       866               simp moves
*              rtol  =  9.22e-09               final rtol
*
* Simplex restart no. 4 of 10
*
*         - Initializing simplex arrays -
*
*
*      nfunk           rtol        pf        ar     ortho             e_ion              e_ss             e_tot
*X        11     1.5834e+00   0.48700   1.39026   0.57531    -1.1901510e+00     0.0000000e+00    -1.1901510e+00
*
*         simp_runs  =       897               simp moves
*              rtol  =  9.29e-09               final rtol
*
* Simplex restart no. 5 of 10
*
*         - Initializing simplex arrays -
*
*
*      nfunk           rtol        pf        ar     ortho             e_ion              e_ss             e_tot
*X        11     1.5834e+00   0.48700   1.39026   0.57531    -1.1901510e+00     0.0000000e+00    -1.1901510e+00
*
*         simp_runs  =       898               simp moves
*              rtol  =  9.83e-09               final rtol
*
* Simplex restart no. 6 of 10
*
*         - Initializing simplex arrays -
*
*
*      nfunk           rtol        pf        ar     ortho             e_ion              e_ss             e_tot
*X        11     1.5834e+00   0.48700   1.39026   0.57531    -1.1901510e+00     0.0000000e+00    -1.1901510e+00
*
*         simp_runs  =       906               simp moves
*              rtol  =  9.91e-09               final rtol
*
* Simplex restart no. 7 of 10
*
*         - Initializing simplex arrays -
*
*
*      nfunk           rtol        pf        ar     ortho             e_ion              e_ss             e_tot
*X        11     1.5834e+00   0.48700   1.39026   0.57531    -1.1901510e+00     0.0000000e+00    -1.1901510e+00
*
*         simp_runs  =       909               simp moves
*              rtol  =  9.84e-09               final rtol
*
* Simplex restart no. 8 of 10
*
*         - Initializing simplex arrays -
*
*
*      nfunk           rtol        pf        ar     ortho             e_ion              e_ss             e_tot
*X        11     1.5834e+00   0.48700   1.39026   0.57531    -1.1901510e+00     0.0000000e+00    -1.1901510e+00
*
*         simp_runs  =       909               simp moves
*              rtol  =  9.84e-09               final rtol
*
* Simplex restart no. 9 of 10
*
*         - Initializing simplex arrays -
*
*
*      nfunk           rtol        pf        ar     ortho             e_ion              e_ss             e_tot
*X        11     1.5834e+00   0.48700   1.39026   0.57531    -1.1901510e+00     0.0000000e+00    -1.1901510e+00
*
*         simp_runs  =       909               simp moves
*              rtol  =  9.84e-09               final rtol
*
* Simplex restart no. 10 of 10
*
*         - Initializing simplex arrays -
*
*
*      nfunk           rtol        pf        ar     ortho             e_ion              e_ss             e_tot
*X        11     1.5834e+00   0.48700   1.39026   0.57531    -1.1901510e+00     0.0000000e+00    -1.1901510e+00
*
*         simp_runs  =       909               simp moves
*              rtol  =  9.84e-09               final rtol
*
****************************************************************
*
*          - Parameters at Post Simplex -
*
* Lattice parameters:
*
*             lat a  =    3.8287
*             lat b  =    4.5618
*             lat c  =    5.3229
*             alpha  =   92.1445
*             beta   =   44.0042
*             gamma  =   68.7994
*          cell vol  =   53.4854
*          cv/ortho  =    0.5753
*
* Energies:
*               ecc  = -1.1902e+00
*               eng  =  0.0000e+00
*
*
* Geometry:
*
*      packing frac  =    0.4870
*      aspect ratio  =    1.3903
*
* (dE/dV):
*                Px  =  1.0000e+04                    x-dir
*                Py  =  1.0000e+04                    y-dir
*                Pz  =  1.0000e+04                    z-dir
*
* Distances (PBC only):
*                                 min           hard           diff
*           ca1_ca1  =   1.000000e+06   2.320000e+00   9.999977e+05
*           ca1_ca2  =   1.000000e+06   1.160000e+00   9.999988e+05
*           ca1_ac1  =   2.830000e+00   2.830000e+00   6.165659e-10
*           ca1_av1  =   1.000000e+06  -1.000000e+00   1.000001e+06
*           ca1_ac2  =   1.000000e+06  -1.000000e+00   1.000001e+06
*           ca1_av2  =   1.000000e+06  -1.000000e+00   1.000001e+06
*           ca2_ca2  =   1.000000e+06   0.000000e+00   1.000000e+06
*           ca2_ac1  =   1.000000e+06   1.670000e+00   9.999983e+05
*           ca2_av1  =   1.000000e+06  -1.000000e+00   1.000001e+06
*           ca2_ac2  =   1.000000e+06  -1.000000e+00   1.000001e+06
*           ca2_av2  =   1.000000e+06  -1.000000e+00   1.000001e+06
*           ac1_ac1  =   1.000000e+06   3.340000e+00   9.999967e+05
*           ac1_av1  =   1.000000e+06  -1.000000e+00   1.000001e+06
*           ac1_ac2  =   1.000000e+06  -1.000000e+00   1.000001e+06
*           ac1_av2  =   1.000000e+06  -1.000000e+00   1.000001e+06
*           av1_av1  =   1.000000e+06  -1.000000e+00   1.000001e+06
*           av1_av2  =   1.000000e+06  -1.000000e+00   1.000001e+06
*           av2_av2  =   1.000000e+06  -1.000000e+00   1.000001e+06
*
*
***********************************************************
*        - Process and timing information -
*
* user time:   0 h 00 m 23.781041 s
* syst time:   0 h 00 m 00.005000 s
* signals: 0
* voluntary context switches: 7
* involuntary context switches: 12
*
***********************************************************
*SS symsearch output
*SS ( use:  | awk '($1=="*S"){print $0}' | sed 's/*S //' > temp.out )
*S Title
*S 1                 search type
*S 5.0 0.00001       displacement rms max min
*S 0.1 0.00001       strain rms max min
*S 1                 lattice input type
*S      3.82870     0.00000     0.00000
*S      1.64971     4.25307     0.00000
*S      3.82870    -1.69874     3.28459
*S 1 0 0
*S 0 1 0
*S 0 0 1
*S 2                 number of atoms
*S 11 0
*S      0.21735     0.05240     0.80580
*S      0.46164     0.79773     0.17124
*FF findsym output
*FF ( use:  | awk '($1=="*F"){print $0}' | sed 's/*F //' > temp.out )
*F Title
*F 0.001       displacement rms max min
*F 1                 lattice input type
*F      3.82870     0.00000     0.00000
*F      1.64971     4.25307     0.00000
*F      3.82870    -1.69874     3.28459
*F 1               basis vector in type
*F 1 0 0
*F 0 1 0
*F 0 0 1
*F 2                 number of atoms
*F 11 0
*F      0.21735     0.05240     0.80580
*F      0.46164     0.79773     0.17124
*DD powder output
*DD (use: | awk '($1=="*D"){print $0}' | sed 's/*D //' > temp.out )
*D 2
*D      3.82870     4.56181     5.32290
*D     92.14448    44.00416    68.79939
*D      0.21735     0.05240     0.80580        11
*D      0.46164     0.79773     0.17124         0
*PP poscar output
*PP (use: | awk '($1=="*P"){print $0}' | sed 's/*P //' > temp.out )
*P Z: 11 17 
*P 1.0 
*P      3.82870343     0.00000000     0.00000000
*P      1.64970927     4.25306935     0.00000000
*P      3.82870385    -1.69874287     3.28459202
*P 1 1 0 
*P Direct
*P       0.217352619915      0.052400469529      0.805798001160
*P       0.461640773785      0.797730574920      0.171241807138
*QQ poscar output
*QQ (use: | awk '($1=="*Q"){print $0}' | sed 's/*Q //' > temp.out )
*Q +1.000000000000 -1.000000000000 
*Q 1.0 
*Q      3.82870343     0.00000000     0.00000000
*Q      1.64970927     4.25306935     0.00000000
*Q      3.82870385    -1.69874287     3.28459202
*Q 1 1 0 
*Q Direct
*Q       0.217352619915      0.052400469529      0.805798001160
*Q       0.461640773785      0.797730574920      0.171241807138
*RR restart output
*RR (use: | awk '($1=="*R"){print $0}' | sed 's/*R //' > temp.out )
*R     3.828703431132    4.561813189101    5.322898202099
*R     1.608224573109    0.768017530680    1.200775818847
*R      1
*R      1     1
*R   -1.000000000000000   0.000000000000000
*R     0.000000000000    1.670000000000    0.000000000000    17     0
*R      1
*R      1   1.000000000000000
*R     1.160000000000    11
*R     0.217352619915    0.052400469529    0.805798001160
*R     0.461640773785    0.797730574920    0.171241807138
* XBS output
* CATION:
atom C     4.003786174   -1.145980781    2.646717683
spec C     1.160000000    1.000000000    0.000000000    0.000000000
* ANION:
atom A     3.739143305    3.101907659    0.562459473
spec A     1.670000000    0.000000000    0.000000000    1.000000000
spec V     0.000000000    0.000000000    1.000000000    0.000000000
bonds A V  0.000000000    0.000000000    0.010000000    Black
* CELL PARAMETERS AND BORDER
atom 0    0.00000   0.00000   0.00000
atom 1    3.82870   0.00000   0.00000
atom 2    5.47841   4.25307   0.00000
atom 3    1.64971   4.25307   0.00000
atom 4    3.82870  -1.69874   3.28459
atom 5    7.65741  -1.69874   3.28459
atom 6    9.30712   2.55433   3.28459
atom 7    5.47841   2.55433   3.28459
spec 0     0.050000000    0.000000000    0.000000000    0.000000000
spec 1     0.050000000    0.000000000    0.000000000    0.000000000
spec 2     0.050000000    0.000000000    0.000000000    0.000000000
spec 3     0.050000000    0.000000000    0.000000000    0.000000000
spec 4     0.050000000    0.000000000    0.000000000    0.000000000
spec 5     0.050000000    0.000000000    0.000000000    0.000000000
spec 6     0.050000000    0.000000000    0.000000000    0.000000000
spec 7     0.050000000    0.000000000    0.000000000    0.000000000
bonds 0 1  3.824874728    3.832532135    0.010000000    Black
bonds 3 2  3.824874728    3.832532135    0.010000000    Black
bonds 4 5  3.824874728    3.832532135    0.010000000    Black
bonds 6 7  3.824874728    3.832532135    0.010000000    Black
bonds 1 2  4.557251376    4.566375002    0.010000000    Black
bonds 0 3  4.557251376    4.566375002    0.010000000    Black
bonds 5 6  4.557251376    4.566375002    0.010000000    Black
bonds 4 7  4.557251376    4.566375002    0.010000000    Black
bonds 0 4  5.317575304    5.328221100    0.010000000    Black
bonds 1 5  5.317575304    5.328221100    0.010000000    Black
bonds 2 6  5.317575304    5.328221100    0.010000000    Black
bonds 3 7  5.317575304    5.328221100    0.010000000    Black
inc 5.000000
dup    3.82870   0.00000   0.00000
dup    1.64971   4.25307   0.00000
dup    3.82870  -1.69874   3.28459
