*************************************************
*	pack	(version 4.12.0.5)
*	Eric Majzoub
*	Sandia National Laboratories
*************************************************
*  Source file: main.c
*  Compile date: Dec 27 2012
*  Compile time: 17:19:04
*  commandline = /projects/e20438/bin/pack-4.12.0.5/pack_exe -f ../../NaCl_pegs.in -P -R -r 400 -t 15 -g 30531 
*  input file = ../../NaCl_pegs.in
**********************************************************************
**********************************************************************
**********************************************************************
* 
*       - General run comments -
* 
* WARN: no Rotations in Metropolis (-R flag).
* WARN: all anionic charge on center atom (-P flag).
*
**********************************************************************
*           - Input parameters -
*
*           restart  =         0         1 = restart calc
*        autoadjust  =         1   automatically set temp
*          aa_using  =         1        1=rej pct, 2=pCnt
*         basin hop  =         0           number of hops
*     non_per_ewald  =         0          1=nanopart calc
*
*             lat a  =   10.0000
*             lat b  =   10.0000
*             lat c  =   10.0000
*             alpha  =    1.5708
*             beta   =    1.5708
*             gamma  =    1.5708
*          cell vol  = 1000.0000
*      sqsh vol pct  =    0.2000
* 
*          cell_min  =    1.6700              min lat vec
*          cell_max  =  167.0000              max lat vec
* 
*         n_type_an  =         1          num type anions
*            num_an  =         1           tot num anions
* 
*          num_an_1  =         1        num anions type 1
*        num_vert_1  =         1     1=sph 2=dim 5=tet...
*       an_chrg_c_1  =   -1.0000      anion center charge
*       an_chrg_v_1  =    0.0000      anion vertex charge
*     tot_an_chrg_1  =   -1.0000       total anion charge
*           Rcent_1  =    1.6700         anion center rad
*           Rvert_1  =    0.0000         anion vertex rad
*             cvd_1  =    0.0000        cent to vert dist
*           Zcent_1  =        17           anion center Z
*           Zvert_1  =         0           anion vertex Z
* 
*          num_an_2  =         0        num anions type 2
*        num_vert_2  =         0     1=sph 2=dim 5=tet...
*       an_chrg_c_2  =    0.0000      anion center charge
*       an_chrg_v_2  =    0.0000      anion vertex charge
*     tot_an_chrg_2  =    0.0000       total anion charge
*           Rcent_2  =    0.0000         anion center rad
*           Rvert_2  =    0.0000         anion vertex rad
*             cvd_2  =    0.0000        cent to vert dist
*           Zcent_2  =         0           anion center Z
*           Zvert_2  =         0           anion vertex Z
* 
*         n_type_ca  =         1            num type cats
*            num_ca  =         1          tot num cations
* 
*          num_ca_1  =         1        num cations typ 1
*         ca_chrg_1  =    1.0000        cation chrg typ 1
*            Rcat_1  =    1.1600         cation rad typ 1
*            Zcat_1  =        11           cation Z typ 1
* 
*            C2VTOL  =  1.00e-08            c2v tolerance
*            ERRLIM  =  1.00e-06
*       REP_EPSILON  =  1.00e+00        soft sphere repul
*    TRANS_FRAC_MAX  =    0.5000                    fixed
*    TRANS_FRAC_MIN  =    0.0200
*      MAX_ANG_CHNG  =    9.9695                  degrees
*    VOLUM_FRAC_MAX  =    0.0700
*         EXT_PRESS  =  0.00e+00        external pressure
*      SQSH_VOL_PCT  =    0.2000             min orth val
*        ASPECT_MAX  =   20.0000                cell parm
*            dplane  =    1.6700            min plane sep
*      SCALE_FACTOR  =    1.2500         bhop max scaling
* 
*            d.o.f.  =        12       degrees of freedom
*          runs/dof  =       400         loops per d.o.f.
*              runs  =      4800              loops per T
*               ncc  =     19200     config changes per T
*            t_runs  =        15           num temp steps
*             efunc  =         0               0=SS  1=LJ
*       N_HALT_CHNG  =        15      halts after N 100%s
*
*      anneal_sched  =         3   0=lin or exp(-run_n^n)
*         temp_init  =  1.00e+00             initial temp
*         temp_finl  =  1.00e-03               final temp
* 
*          trn_chng  =         1              0=off  1=on
*          rot_chng  =         0              0=off  1=on
*          lat_chng  =         1              0=off  1=on
*          swp_chng  =         1              0=off  1=on
* 
*     SIMP_RESTARTS  =        11     no. simplex restarts
*  SIMP_RESTARTS BH  =        21  basin hop simp restarts
*         SIMP_NMAX  =      4500        max simplex iters
*          SIMP_DEG  =    1.0000          anion start deg
*         SIMP_LAMB  =    0.0100        vertex start frac
*       SIMP_ERRLIM  =  1.00e-08              error limit
* 
*           aa runs  =      1200           config changes
*      aa runs_step  =        10   config change increase
*       aa runs_max  =      1500  max auto config changes
*         aa t_runs  =         3            num temp runs
*      aa temp_step  =    0.5000                temp step
* 
*        aa chng hi  =         3  1=trn 2=rot 3=lat 4=swp
*        aa chng lo  =         3  1=trn 2=rot 3=lat 4=swp
* 
*      aa ht_pct_hi  =     0.650             high rej pct
*      aa ht_pct_lo  =     0.600             low  rej pct
* 
*      aa lt_pct_hi  =     0.999             high rej pct
*      aa lt_pct_lo  =     0.950             low  rej pct
* 
*            tmpfile =                   PR20899-best.tmp
* 
* Checking for out of bounds fractional coords.
*
**********************************************************************
*
*          - Parameters at START -
*
* Lattice parameters:
*
*             lat a  =   10.0000
*             lat b  =   10.0000
*             lat c  =   10.0000
*             alpha  =   90.0000
*             beta   =   90.0000
*             gamma  =   90.0000
*          cell vol  = 1000.0000
*          cv/ortho  =    1.0000
*
* Energies:
*               ecc  = -7.1472e-01
*               eng  =  0.0000e+00
*
*
* Geometry:
*
*      packing frac  =    0.0260
*      aspect ratio  =    1.0000
*
* (dE/dV):
*                Px  =  7.2883e-06                    x-dir
*                Py  =  6.6091e-04                    y-dir
*                Pz  =  4.6515e-05                    z-dir
*
* Distances (PBC only):
*                                 min           hard           diff
*           ca1_ca1  =   1.000000e+06   2.320000e+00   9.999977e+05
*           ca1_ca2  =   1.000000e+06   1.160000e+00   9.999988e+05
*           ca1_ac1  =   2.960395e+00   2.830000e+00   1.303952e-01
*           ca1_av1  =   1.000000e+06  -1.000000e+00   1.000001e+06
*           ca1_ac2  =   1.000000e+06  -1.000000e+00   1.000001e+06
*           ca1_av2  =   1.000000e+06  -1.000000e+00   1.000001e+06
*           ca2_ca2  =   1.000000e+06   0.000000e+00   1.000000e+06
*           ca2_ac1  =   1.000000e+06   1.670000e+00   9.999983e+05
*           ca2_av1  =   1.000000e+06  -1.000000e+00   1.000001e+06
*           ca2_ac2  =   1.000000e+06  -1.000000e+00   1.000001e+06
*           ca2_av2  =   1.000000e+06  -1.000000e+00   1.000001e+06
*           ac1_ac1  =   1.000000e+06   3.340000e+00   9.999967e+05
*           ac1_av1  =   1.000000e+06  -1.000000e+00   1.000001e+06
*           ac1_ac2  =   1.000000e+06  -1.000000e+00   1.000001e+06
*           ac1_av2  =   1.000000e+06  -1.000000e+00   1.000001e+06
*           av1_av1  =   1.000000e+06  -1.000000e+00   1.000001e+06
*           av1_av2  =   1.000000e+06  -1.000000e+00   1.000001e+06
*           av2_av2  =   1.000000e+06  -1.000000e+00   1.000001e+06
*
*
*
**********************************************************************
*
* ------------------------------------------------------------
*              Autoadjust high temperatrure:
* ------------------------------------------------------------
*              Autoadjusting on 3 (1=trn,2=rot,3=lat,4=swp)
*
**********************************************************************
*
*                 -- Autoadjust Metropolis Run --
*
*   autoadjust_temp_init  =  1.0000e+00
*   autoadjust_temp_step  =  5.0000e-01
*        autoadjust_runs  =        1200         configs per temp
*       autoadjust_count  =           1
*
**********************************************************************
*
* Metropolis: 3 temperature runs with these parameters:
*
*              runs  =      1200              loops per T
*               T_0  = 1.000e+00             initial temp
*               T_L  = 1.000e+00               final temp
*           T_alpha  = 8.000e+09          annealing alpha
*
*            T = T_0 * exp( -run_num**3 / T_alpha )
*
**********************************************************************
*H run      Temp       E_ion        E_ss   cel vol       SigPF       ar     ortho        pCnt          % Rejected Changes
*H                                                                                                 trn      rot      lat      swp
*T   1  1.00e+00  -5.480e-01  +0.000e+00   1810.93   7.853e-02    1.930     0.466   1.114e-01    35.33     0.00     2.42     0.00
*T   2  1.00e+00  -8.141e-01  +0.000e+00    181.19   4.358e-02    1.731     0.490   4.435e-02    15.42     0.00     1.75     0.00
*T   3  1.00e+00  -5.826e-01  +0.000e+00   2341.97   3.142e-02    2.100     0.403   3.286e-02    14.75     0.00     2.33     0.00
*
**********************************************************************
*
*                 -- AUTOADJUST [1] OUT --
*
*     target: lo % = 60.000000      hi % = 65.000000
*     Autoadjust % =  2.333333
*     Autoadjust: Lowering the temperature 5.000e-01 [a.u.]
*
**********************************************************************
*
*                 -- Autoadjust Metropolis Run --
*
*   autoadjust_temp_init  =  5.0000e-01
*   autoadjust_temp_step  =  5.0000e-01
*        autoadjust_runs  =        1210         configs per temp
*       autoadjust_count  =           2
*
**********************************************************************
*
* Metropolis: 3 temperature runs with these parameters:
*
*              runs  =      1210              loops per T
*               T_0  = 5.000e-01             initial temp
*               T_L  = 4.995e-01               final temp
*           T_alpha  = 7.996e+03          annealing alpha
*
*            T = T_0 * exp( -run_num**3 / T_alpha )
*
**********************************************************************
*H run      Temp       E_ion        E_ss   cel vol       SigPF       ar     ortho        pCnt          % Rejected Changes
*H                                                                                                 trn      rot      lat      swp
*T   1  5.00e-01  -5.316e-01  +0.000e+00    325.11   5.588e-02    1.469     0.346   2.007e-01    26.86     0.00     4.71     0.00
*T   2  5.00e-01  -4.933e-01  +0.000e+00    211.25   4.530e-02    3.443     0.500   1.143e-01    36.61     0.00     5.12     0.00
*T   3  4.99e-01  -3.488e-01  +0.000e+00    571.07   3.521e-02    3.252     0.425   4.619e-01    32.23     0.00     4.46     0.00
*
**********************************************************************
*
*                 -- AUTOADJUST [2] OUT --
*
*     target: lo % = 60.000000      hi % = 65.000000
*     Autoadjust % =  4.462810
*     Autoadjust: special case: (T-Tstep) = 0.000e+00 [a.u.]
*     Autoadjust: special case: ===> drop temp step to: 2.250e-01 [a.u.]
*     Autoadjust: Lowering the temperature 2.250e-01 [a.u.]
*
**********************************************************************
*
*                 -- Autoadjust Metropolis Run --
*
*   autoadjust_temp_init  =  2.7500e-01
*   autoadjust_temp_step  =  2.2500e-01
*        autoadjust_runs  =        1220         configs per temp
*       autoadjust_count  =           3
*
**********************************************************************
*
* Metropolis: 3 temperature runs with these parameters:
*
*              runs  =      1220              loops per T
*               T_0  = 2.750e-01             initial temp
*               T_L  = 2.747e-01               final temp
*           T_alpha  = 7.996e+03          annealing alpha
*
*            T = T_0 * exp( -run_num**3 / T_alpha )
*
**********************************************************************
*H run      Temp       E_ion        E_ss   cel vol       SigPF       ar     ortho        pCnt          % Rejected Changes
*H                                                                                                 trn      rot      lat      swp
*T   1  2.75e-01  -5.705e-01  +0.000e+00    600.62   3.029e-02    1.603     0.280   4.100e-01    35.57     0.00     4.26     0.00
*T   2  2.75e-01  -7.320e-01  +0.000e+00    343.72   3.750e-02    1.860     0.408   3.917e-01    45.98     0.00     8.36     0.00
*T   3  2.75e-01  -8.650e-01  +0.000e+00     99.82   7.242e-02    1.937     0.312   1.800e-01    58.77     0.00     7.70     0.00
*
**********************************************************************
*
*                 -- AUTOADJUST [3] OUT --
*
*     target: lo % = 60.000000      hi % = 65.000000
*     Autoadjust % =  7.704918
*     Autoadjust: Lowering the temperature 2.250e-01 [a.u.]
*
**********************************************************************
*
*                 -- Autoadjust Metropolis Run --
*
*   autoadjust_temp_init  =  5.0000e-02
*   autoadjust_temp_step  =  2.2500e-01
*        autoadjust_runs  =        1230         configs per temp
*       autoadjust_count  =           4
*
**********************************************************************
*
* Metropolis: 3 temperature runs with these parameters:
*
*              runs  =      1230              loops per T
*               T_0  = 5.000e-02             initial temp
*               T_L  = 4.995e-02               final temp
*           T_alpha  = 7.996e+03          annealing alpha
*
*            T = T_0 * exp( -run_num**3 / T_alpha )
*
**********************************************************************
*H run      Temp       E_ion        E_ss   cel vol       SigPF       ar     ortho        pCnt          % Rejected Changes
*H                                                                                                 trn      rot      lat      swp
*T   1  5.00e-02  -8.910e-01  +0.000e+00     98.31   1.249e-01    1.416     0.388   2.833e+00    86.26     0.00    29.59     0.00
*T   2  5.00e-02  -7.986e-01  +0.000e+00    265.42   1.314e-01    1.260     0.825   2.372e+00    86.99     0.00    30.65     0.00
*T   3  5.00e-02  -7.570e-01  +0.000e+00    133.87   1.496e-01    1.421     0.404   3.043e+00    89.19     0.00    30.89     0.00
*
**********************************************************************
*
*                 -- AUTOADJUST [4] OUT --
*
*     target: lo % = 60.000000      hi % = 65.000000
*     Autoadjust % = 30.894309
*     Autoadjust: special case: (T-Tstep) = -1.750e-01 [a.u.]
*     Autoadjust: special case: ===> drop temp step to: 1.013e-01 [a.u.]
*     Autoadjust: special case: (T-Tstep) = -5.125e-02 [a.u.]
*     Autoadjust: special case: ===> drop temp step to: 4.556e-02 [a.u.]
*     Autoadjust: Lowering the temperature 4.556e-02 [a.u.]
*
**********************************************************************
*
*                 -- Autoadjust Metropolis Run --
*
*   autoadjust_temp_init  =  4.4375e-03
*   autoadjust_temp_step  =  4.5563e-02
*        autoadjust_runs  =        1240         configs per temp
*       autoadjust_count  =           5
*
**********************************************************************
*
* Metropolis: 3 temperature runs with these parameters:
*
*              runs  =      1240              loops per T
*               T_0  = 4.438e-03             initial temp
*               T_L  = 4.433e-03               final temp
*           T_alpha  = 7.996e+03          annealing alpha
*
*            T = T_0 * exp( -run_num**3 / T_alpha )
*
**********************************************************************
*H run      Temp       E_ion        E_ss   cel vol       SigPF       ar     ortho        pCnt          % Rejected Changes
*H                                                                                                 trn      rot      lat      swp
*T   1  4.44e-03  -1.079e+00  +0.000e+00     85.55   1.588e-01    1.727     0.376   1.072e+02    99.68     0.00    76.85     0.00
*T   2  4.44e-03  -1.062e+00  +0.000e+00    107.55   1.763e-01    2.055     0.384   3.753e+00   100.00     0.00    79.19     0.00
*T   3  4.43e-03  -1.084e+00  +0.000e+00    113.97   1.328e-01    2.129     0.440   2.779e+00   100.00     0.00    80.48     0.00
*
**********************************************************************
*
*                 -- AUTOADJUST [5] OUT --
*
*     target: lo % = 60.000000      hi % = 65.000000
*     Autoadjust % = 80.483871
*     Autoadjust: overshot! drop temp step to: 2.050e-02 [a.u.]
*     Autoadjust: Raising the temperature 2.050e-02 [a.u.]
*
**********************************************************************
*
*                 -- Autoadjust Metropolis Run --
*
*   autoadjust_temp_init  =  2.4941e-02
*   autoadjust_temp_step  =  2.0503e-02
*        autoadjust_runs  =        1250         configs per temp
*       autoadjust_count  =           6
*
**********************************************************************
*
* Metropolis: 3 temperature runs with these parameters:
*
*              runs  =      1250              loops per T
*               T_0  = 2.494e-02             initial temp
*               T_L  = 2.492e-02               final temp
*           T_alpha  = 7.996e+03          annealing alpha
*
*            T = T_0 * exp( -run_num**3 / T_alpha )
*
**********************************************************************
*H run      Temp       E_ion        E_ss   cel vol       SigPF       ar     ortho        pCnt          % Rejected Changes
*H                                                                                                 trn      rot      lat      swp
*T   1  2.49e-02  -1.037e+00  +0.000e+00     70.45   1.992e-01    1.448     0.714   4.207e+00    97.36     0.00    55.52     0.00
*T   2  2.49e-02  -1.149e+00  +0.000e+00     54.75   2.340e-01    1.187     0.677   2.225e+00    99.52     0.00    55.76     0.00
*T   3  2.49e-02  -1.058e+00  +0.000e+00     69.58   2.281e-01    1.216     0.805   2.587e+00    99.04     0.00    52.88     0.00
*
**********************************************************************
*
*                 -- AUTOADJUST [6] OUT --
*
*     target: lo % = 60.000000      hi % = 65.000000
*     Autoadjust % = 52.880000
*     Autoadjust: overshot! drop temp step to: 9.226e-03 [a.u.]
*     Autoadjust: Lowering the temperature 9.226e-03 [a.u.]
*
**********************************************************************
*
*                 -- Autoadjust Metropolis Run --
*
*   autoadjust_temp_init  =  1.5714e-02
*   autoadjust_temp_step  =  9.2264e-03
*        autoadjust_runs  =        1260         configs per temp
*       autoadjust_count  =           7
*
**********************************************************************
*
* Metropolis: 3 temperature runs with these parameters:
*
*              runs  =      1260              loops per T
*               T_0  = 1.571e-02             initial temp
*               T_L  = 1.570e-02               final temp
*           T_alpha  = 7.996e+03          annealing alpha
*
*            T = T_0 * exp( -run_num**3 / T_alpha )
*
**********************************************************************
*H run      Temp       E_ion        E_ss   cel vol       SigPF       ar     ortho        pCnt          % Rejected Changes
*H                                                                                                 trn      rot      lat      swp
*T   1  1.57e-02  -1.151e+00  +0.000e+00     53.92   2.335e-01    1.145     0.771   5.012e+00    99.37     0.00    62.14     0.00
*T   2  1.57e-02  -1.107e+00  +0.000e+00     65.55   2.444e-01    1.321     0.670   4.919e+00    99.76     0.00    63.97     0.00
*T   3  1.57e-02  -1.110e+00  +0.000e+00     55.96   2.386e-01    1.380     0.574   2.368e+00    99.37     0.00    66.03     0.00
*
**********************************************************************
*
*                 -- AUTOADJUST [7] OUT --
*
*     target: lo % = 60.000000      hi % = 65.000000
*     Autoadjust % = 66.031746
*     Autoadjust: overshot! drop temp step to: 4.152e-03 [a.u.]
*     Autoadjust: Raising the temperature 4.152e-03 [a.u.]
*
**********************************************************************
*
*                 -- Autoadjust Metropolis Run --
*
*   autoadjust_temp_init  =  1.9866e-02
*   autoadjust_temp_step  =  4.1519e-03
*        autoadjust_runs  =        1270         configs per temp
*       autoadjust_count  =           8
*
**********************************************************************
*
* Metropolis: 3 temperature runs with these parameters:
*
*              runs  =      1270              loops per T
*               T_0  = 1.987e-02             initial temp
*               T_L  = 1.985e-02               final temp
*           T_alpha  = 7.996e+03          annealing alpha
*
*            T = T_0 * exp( -run_num**3 / T_alpha )
*
**********************************************************************
*H run      Temp       E_ion        E_ss   cel vol       SigPF       ar     ortho        pCnt          % Rejected Changes
*H                                                                                                 trn      rot      lat      swp
*T   1  1.99e-02  -9.311e-01  +0.000e+00     74.17   2.247e-01    1.780     0.604   4.679e+00    98.82     0.00    57.40     0.00
*T   2  1.99e-02  -1.075e+00  +0.000e+00     68.46   2.022e-01    1.988     0.539   4.013e+00    98.27     0.00    53.31     0.00
*T   3  1.98e-02  -1.058e+00  +0.000e+00     63.04   2.346e-01    1.988     0.525   3.603e+00    99.21     0.00    58.43     0.00
*
**********************************************************************
*
*                 -- AUTOADJUST [8] OUT --
*
*     target: lo % = 60.000000      hi % = 65.000000
*     Autoadjust % = 58.425197
*     Autoadjust: overshot! drop temp step to: 1.868e-03 [a.u.]
*     Autoadjust: Lowering the temperature 1.868e-03 [a.u.]
*
**********************************************************************
*
*                 -- Autoadjust Metropolis Run --
*
*   autoadjust_temp_init  =  1.7998e-02
*   autoadjust_temp_step  =  1.8683e-03
*        autoadjust_runs  =        1280         configs per temp
*       autoadjust_count  =           9
*
**********************************************************************
*
* Metropolis: 3 temperature runs with these parameters:
*
*              runs  =      1280              loops per T
*               T_0  = 1.800e-02             initial temp
*               T_L  = 1.798e-02               final temp
*           T_alpha  = 7.996e+03          annealing alpha
*
*            T = T_0 * exp( -run_num**3 / T_alpha )
*
**********************************************************************
*H run      Temp       E_ion        E_ss   cel vol       SigPF       ar     ortho        pCnt          % Rejected Changes
*H                                                                                                 trn      rot      lat      swp
*T   1  1.80e-02  -1.106e+00  +0.000e+00     60.54   2.338e-01    2.069     0.500   5.717e+00    98.91     0.00    63.59     0.00
*T   2  1.80e-02  -1.121e+00  +0.000e+00     64.36   2.436e-01    2.042     0.415   2.624e+00    99.53     0.00    60.62     0.00
*T   3  1.80e-02  -1.050e+00  +0.000e+00     71.25   1.923e-01    1.853     0.449   4.330e+00    98.98     0.00    59.92     0.00
*
**********************************************************************
*
*                 -- AUTOADJUST [9] OUT --
*
*     target: lo % = 60.000000      hi % = 65.000000
*     Autoadjust % = 59.921875
*     Autoadjust: Lowering the temperature 1.868e-03 [a.u.]
*
**********************************************************************
*
*                 -- Autoadjust Metropolis Run --
*
*   autoadjust_temp_init  =  1.6129e-02
*   autoadjust_temp_step  =  1.8683e-03
*        autoadjust_runs  =        1290         configs per temp
*       autoadjust_count  =          10
*
**********************************************************************
*
* Metropolis: 3 temperature runs with these parameters:
*
*              runs  =      1290              loops per T
*               T_0  = 1.613e-02             initial temp
*               T_L  = 1.611e-02               final temp
*           T_alpha  = 7.996e+03          annealing alpha
*
*            T = T_0 * exp( -run_num**3 / T_alpha )
*
**********************************************************************
*H run      Temp       E_ion        E_ss   cel vol       SigPF       ar     ortho        pCnt          % Rejected Changes
*H                                                                                                 trn      rot      lat      swp
*T   1  1.61e-02  -1.023e+00  +0.000e+00     82.99   1.878e-01    1.295     0.493   5.653e+00    98.53     0.00    57.75     0.00
*T   2  1.61e-02  -1.078e+00  +0.000e+00     62.75   2.093e-01    1.287     0.346   4.508e+00    99.07     0.00    58.45     0.00
*T   3  1.61e-02  -1.101e+00  +0.000e+00     61.10   1.938e-01    1.557     0.488   5.088e+00    98.84     0.00    58.29     0.00
*
**********************************************************************
*
*                 -- AUTOADJUST [10] OUT --
*
*     target: lo % = 60.000000      hi % = 65.000000
*     Autoadjust % = 58.294574
*     Autoadjust: Lowering the temperature 1.868e-03 [a.u.]
*
**********************************************************************
*
*                 -- Autoadjust Metropolis Run --
*
*   autoadjust_temp_init  =  1.4261e-02
*   autoadjust_temp_step  =  1.8683e-03
*        autoadjust_runs  =        1300         configs per temp
*       autoadjust_count  =          11
*
**********************************************************************
*
* Metropolis: 3 temperature runs with these parameters:
*
*              runs  =      1300              loops per T
*               T_0  = 1.426e-02             initial temp
*               T_L  = 1.425e-02               final temp
*           T_alpha  = 7.996e+03          annealing alpha
*
*            T = T_0 * exp( -run_num**3 / T_alpha )
*
**********************************************************************
*H run      Temp       E_ion        E_ss   cel vol       SigPF       ar     ortho        pCnt          % Rejected Changes
*H                                                                                                 trn      rot      lat      swp
*T   1  1.43e-02  -1.076e+00  +0.000e+00     58.73   2.406e-01    1.813     0.520   3.271e+00    99.38     0.00    69.92     0.00
*T   2  1.43e-02  -1.127e+00  +0.000e+00     61.58   2.382e-01    1.658     0.493   7.031e+00    99.46     0.00    69.38     0.00
*T   3  1.42e-02  -1.111e+00  +0.000e+00     60.68   2.574e-01    1.515     0.496   2.165e+00    99.92     0.00    73.08     0.00
*
**********************************************************************
*
*                 -- AUTOADJUST [11] OUT --
*
*     target: lo % = 60.000000      hi % = 65.000000
*     Autoadjust % = 73.076923
*     Autoadjust: overshot! drop temp step to: 8.408e-04 [a.u.]
*     Autoadjust: Raising the temperature 8.408e-04 [a.u.]
*
**********************************************************************
*
*                 -- Autoadjust Metropolis Run --
*
*   autoadjust_temp_init  =  1.5102e-02
*   autoadjust_temp_step  =  8.4076e-04
*        autoadjust_runs  =        1310         configs per temp
*       autoadjust_count  =          12
*
**********************************************************************
*
* Metropolis: 3 temperature runs with these parameters:
*
*              runs  =      1310              loops per T
*               T_0  = 1.510e-02             initial temp
*               T_L  = 1.509e-02               final temp
*           T_alpha  = 7.996e+03          annealing alpha
*
*            T = T_0 * exp( -run_num**3 / T_alpha )
*
**********************************************************************
*H run      Temp       E_ion        E_ss   cel vol       SigPF       ar     ortho        pCnt          % Rejected Changes
*H                                                                                                 trn      rot      lat      swp
*T   1  1.51e-02  -1.121e+00  +0.000e+00     69.04   2.142e-01    1.494     0.386   2.758e+00    99.24     0.00    66.87     0.00
*T   2  1.51e-02  -1.021e+00  +0.000e+00    111.40   1.305e-01    2.251     0.420   7.643e+00    99.62     0.00    56.79     0.00
*T   3  1.51e-02  -1.021e+00  +0.000e+00     85.24   1.523e-01    2.642     0.432   3.837e+00    98.17     0.00    65.34     0.00
*
**********************************************************************
*
*                 -- AUTOADJUST [12] OUT --
*
*     target: lo % = 60.000000      hi % = 65.000000
*     Autoadjust % = 65.343511
*     Autoadjust: Raising the temperature 8.408e-04 [a.u.]
*
**********************************************************************
*
*                 -- Autoadjust Metropolis Run --
*
*   autoadjust_temp_init  =  1.5943e-02
*   autoadjust_temp_step  =  8.4076e-04
*        autoadjust_runs  =        1320         configs per temp
*       autoadjust_count  =          13
*
**********************************************************************
*
* Metropolis: 3 temperature runs with these parameters:
*
*              runs  =      1320              loops per T
*               T_0  = 1.594e-02             initial temp
*               T_L  = 1.593e-02               final temp
*           T_alpha  = 7.996e+03          annealing alpha
*
*            T = T_0 * exp( -run_num**3 / T_alpha )
*
**********************************************************************
*H run      Temp       E_ion        E_ss   cel vol       SigPF       ar     ortho        pCnt          % Rejected Changes
*H                                                                                                 trn      rot      lat      swp
*T   1  1.59e-02  -1.104e+00  +0.000e+00     53.34   1.902e-01    1.542     0.509   8.718e+00    97.88     0.00    62.27     0.00
*T   2  1.59e-02  -1.101e+00  +0.000e+00     64.51   2.632e-01    1.417     0.494   4.422e+00    99.85     0.00    66.21     0.00
*T   3  1.59e-02  -1.097e+00  +0.000e+00     70.75   1.849e-01    1.270     0.753   7.267e+00    97.73     0.00    61.14     0.00
*
**********************************************************************
*
*                 -- AUTOADJUST [13] OUT --
*
*     target: lo % = 60.000000      hi % = 65.000000
*     Autoadjust % = 61.136364
*     Autoadjust: temp = 1.594e-02  is good!  Exiting autoadjust.
*
**********************************************************************
*
* ------------------------------------------------------------
*              Autoadjust low temperatrure:
* ------------------------------------------------------------
*              Autoadjusting on 3 (1=trn,2=rot,3=lat,4=swp)
*
**********************************************************************
*
*                 -- Autoadjust Metropolis Run --
*
*   autoadjust_temp_init  =  2.0000e-02
*   autoadjust_temp_step  =  5.0000e-01
*        autoadjust_runs  =        1200         configs per temp
*       autoadjust_count  =           1
*
**********************************************************************
*
* Metropolis: 3 temperature runs with these parameters:
*
*              runs  =      1200              loops per T
*               T_0  = 2.000e-02             initial temp
*               T_L  = 2.000e-02               final temp
*           T_alpha  = 1.600e+08          annealing alpha
*
*            T = T_0 * exp( -run_num**3 / T_alpha )
*
**********************************************************************
*H run      Temp       E_ion        E_ss   cel vol       SigPF       ar     ortho        pCnt          % Rejected Changes
*H                                                                                                 trn      rot      lat      swp
*T   1  2.00e-02  -1.017e+00  +0.000e+00     85.11   2.123e-01    1.410     0.713   2.107e+00    98.42     0.00    55.50     0.00
*T   2  2.00e-02  -1.101e+00  +0.000e+00     63.84   2.235e-01    1.178     0.593   3.778e+00    98.25     0.00    58.33     0.00
*T   3  2.00e-02  -1.064e+00  +0.000e+00     63.23   1.929e-01    1.236     0.770   9.200e+00    97.33     0.00    51.00     0.00
*
**********************************************************************
*
*                 -- AUTOADJUST [1] OUT --
*
*     target: lo % = 95.000000      hi % = 99.900000
*     Autoadjust % = 51.000000
*     Autoadjust: special case: (T-Tstep) = -4.800e-01 [a.u.]
*     Autoadjust: special case: ===> drop temp step to: 2.250e-01 [a.u.]
*     Autoadjust: special case: (T-Tstep) = -2.050e-01 [a.u.]
*     Autoadjust: special case: ===> drop temp step to: 1.013e-01 [a.u.]
*     Autoadjust: special case: (T-Tstep) = -8.125e-02 [a.u.]
*     Autoadjust: special case: ===> drop temp step to: 4.556e-02 [a.u.]
*     Autoadjust: special case: (T-Tstep) = -2.556e-02 [a.u.]
*     Autoadjust: special case: ===> drop temp step to: 2.050e-02 [a.u.]
*     Autoadjust: special case: (T-Tstep) = -5.031e-04 [a.u.]
*     Autoadjust: special case: ===> drop temp step to: 9.226e-03 [a.u.]
*     Autoadjust: Lowering the temperature 9.226e-03 [a.u.]
*
**********************************************************************
*
*                 -- Autoadjust Metropolis Run --
*
*   autoadjust_temp_init  =  1.0774e-02
*   autoadjust_temp_step  =  9.2264e-03
*        autoadjust_runs  =        1210         configs per temp
*       autoadjust_count  =           2
*
**********************************************************************
*
* Metropolis: 3 temperature runs with these parameters:
*
*              runs  =      1210              loops per T
*               T_0  = 1.077e-02             initial temp
*               T_L  = 1.076e-02               final temp
*           T_alpha  = 7.996e+03          annealing alpha
*
*            T = T_0 * exp( -run_num**3 / T_alpha )
*
**********************************************************************
*H run      Temp       E_ion        E_ss   cel vol       SigPF       ar     ortho        pCnt          % Rejected Changes
*H                                                                                                 trn      rot      lat      swp
*T   1  1.08e-02  -1.168e+00  +0.000e+00     48.56   3.041e-01    1.474     0.713   1.333e+01    99.83     0.00    72.73     0.00
*T   2  1.08e-02  -1.140e+00  +0.000e+00     48.85   2.945e-01    1.437     0.683   4.468e+00    99.75     0.00    75.70     0.00
*T   3  1.08e-02  -1.124e+00  +0.000e+00     52.85   2.931e-01    1.652     0.550   4.325e+00    99.83     0.00    71.16     0.00
*
**********************************************************************
*
*                 -- AUTOADJUST [2] OUT --
*
*     target: lo % = 95.000000      hi % = 99.900000
*     Autoadjust % = 71.157025
*     Autoadjust: Lowering the temperature 9.226e-03 [a.u.]
*
**********************************************************************
*
*                 -- Autoadjust Metropolis Run --
*
*   autoadjust_temp_init  =  1.5472e-03
*   autoadjust_temp_step  =  9.2264e-03
*        autoadjust_runs  =        1220         configs per temp
*       autoadjust_count  =           3
*
**********************************************************************
*
* Metropolis: 3 temperature runs with these parameters:
*
*              runs  =      1220              loops per T
*               T_0  = 1.547e-03             initial temp
*               T_L  = 1.546e-03               final temp
*           T_alpha  = 7.996e+03          annealing alpha
*
*            T = T_0 * exp( -run_num**3 / T_alpha )
*
**********************************************************************
*H run      Temp       E_ion        E_ss   cel vol       SigPF       ar     ortho        pCnt          % Rejected Changes
*H                                                                                                 trn      rot      lat      swp
*T   1  1.55e-03  -1.183e+00  +0.000e+00     42.22   3.985e-01    1.461     0.512   3.941e+02   100.00     0.00    94.75     0.00
*T   2  1.55e-03  -1.193e+00  +0.000e+00     41.24   4.062e-01    1.474     0.514   1.755e+00   100.00     0.00    95.25     0.00
*T   3  1.55e-03  -1.191e+00  +0.000e+00     41.48   4.128e-01    1.472     0.513   8.747e-01   100.00     0.00    97.05     0.00
*
**********************************************************************
*
*                 -- AUTOADJUST [3] OUT --
*
*     target: lo % = 95.000000      hi % = 99.900000
*     Autoadjust % = 97.049180
*     Autoadjust: temp = 1.547e-03  is good!  Exiting autoadjust.
*
**********************************************************************
*
*
*          -- Initializing cell contents --
*
*
*
**********************************************************************
*
*            -- Starting Metropolis calculation --
*
*              temp_init  = 1.594e-02
*
**********************************************************************
*
* Metropolis: 15 temperature runs with these parameters:
*
*              runs  =      4800              loops per T
*               T_0  = 1.594e-02             initial temp
*               T_L  = 1.547e-03               final temp
*           T_alpha  = 1.176e+03          annealing alpha
*
*            T = T_0 * exp( -run_num**3 / T_alpha )
*
**********************************************************************
*H run      Temp       E_ion        E_ss   cel vol       SigPF       ar     ortho        pCnt          % Rejected Changes
*H                                                                                                 trn      rot      lat      swp
*M   1  1.59e-02  -1.101e+00  +0.000e+00     68.02   1.490e-01    1.970     0.476   2.552e+01    98.75     0.00    49.75     0.00
*M   2  1.59e-02  -1.101e+00  +0.000e+00     59.83   2.243e-01    2.050     0.434   5.721e+00    98.96     0.00    63.67     0.00
*M   3  1.58e-02  -1.121e+00  +0.000e+00     64.86   2.245e-01    1.338     0.589   5.649e+00    99.17     0.00    63.06     0.00
*M   4  1.56e-02  -1.140e+00  +0.000e+00     61.07   2.520e-01    1.545     0.593   3.878e+00    99.69     0.00    65.04     0.00
*M   5  1.51e-02  -1.110e+00  +0.000e+00     58.54   2.580e-01    1.485     0.578   4.087e+00    99.44     0.00    70.00     0.00
*M   6  1.43e-02  -1.110e+00  +0.000e+00     57.58   2.352e-01    1.254     0.843   4.643e+00    99.44     0.00    69.15     0.00
*M   7  1.33e-02  -9.769e-01  +0.000e+00     89.62   2.340e-01    1.394     0.643   7.875e+00    99.44     0.00    70.23     0.00
*M   8  1.19e-02  -1.152e+00  +0.000e+00     48.86   2.793e-01    1.587     0.653   8.524e+00    99.60     0.00    68.38     0.00
*M   9  1.03e-02  -1.159e+00  +0.000e+00     47.60   3.431e-01    1.584     0.599   4.559e+00    99.96     0.00    77.00     0.00
*M  10  8.58e-03  -1.158e+00  +0.000e+00     49.26   2.940e-01    1.553     0.610   6.829e+00    99.85     0.00    75.54     0.00
*M  11  6.81e-03  -1.138e+00  +0.000e+00     54.84   3.181e-01    1.464     0.659   3.675e+00    99.98     0.00    83.29     0.00
*M  12  5.14e-03  -1.155e+00  +0.000e+00     52.47   3.191e-01    1.392     0.646   6.234e+00   100.00     0.00    87.54     0.00
*M  13  3.67e-03  -1.147e+00  +0.000e+00     53.88   3.180e-01    1.388     0.658   6.989e+00   100.00     0.00    89.62     0.00
*M  14  2.46e-03  -1.183e+00  +0.000e+00     46.53   3.382e-01    1.545     0.681   1.101e+01    99.98     0.00    93.77     0.00
*M  15  1.55e-03  -1.188e+00  +0.000e+00     45.27   3.730e-01    1.565     0.679   2.389e+00   100.00     0.00    96.54     0.00
*
**********************************************************************
*
*
*          - Parameters at Post Ewald-Metro -
*
* Lattice parameters:
*
*             lat a  =    3.4903
*             lat b  =    3.4969
*             lat c  =    5.4632
*             alpha  =   68.8240
*             beta   =   51.2821
*             gamma  =   92.0495
*          cell vol  =   45.2657
*          cv/ortho  =    0.6788
*
* Energies:
*               ecc  = -1.1881e+00
*               eng  =  0.0000e+00
*
*
* Geometry:
*
*      packing frac  =    0.5754
*      aspect ratio  =    1.5652
*
* (dE/dV):
*                Px  =  9.0186e-03                    x-dir
*                Py  =  3.6141e-03                    y-dir
*                Pz  =  1.3614e-02                    z-dir
*
* Distances (PBC only):
*                                 min           hard           diff
*           ca1_ca1  =   1.000000e+06   2.320000e+00   9.999977e+05
*           ca1_ca2  =   1.000000e+06   1.160000e+00   9.999988e+05
*           ca1_ac1  =   2.831570e+00   2.830000e+00   1.569543e-03
*           ca1_av1  =   1.000000e+06  -1.000000e+00   1.000001e+06
*           ca1_ac2  =   1.000000e+06  -1.000000e+00   1.000001e+06
*           ca1_av2  =   1.000000e+06  -1.000000e+00   1.000001e+06
*           ca2_ca2  =   1.000000e+06   0.000000e+00   1.000000e+06
*           ca2_ac1  =   1.000000e+06   1.670000e+00   9.999983e+05
*           ca2_av1  =   1.000000e+06  -1.000000e+00   1.000001e+06
*           ca2_ac2  =   1.000000e+06  -1.000000e+00   1.000001e+06
*           ca2_av2  =   1.000000e+06  -1.000000e+00   1.000001e+06
*           ac1_ac1  =   1.000000e+06   3.340000e+00   9.999967e+05
*           ac1_av1  =   1.000000e+06  -1.000000e+00   1.000001e+06
*           ac1_ac2  =   1.000000e+06  -1.000000e+00   1.000001e+06
*           ac1_av2  =   1.000000e+06  -1.000000e+00   1.000001e+06
*           av1_av1  =   1.000000e+06  -1.000000e+00   1.000001e+06
*           av1_av2  =   1.000000e+06  -1.000000e+00   1.000001e+06
*           av2_av2  =   1.000000e+06  -1.000000e+00   1.000001e+06
*
*
*
**********************************************************************
*
*         - Comparing with 'best' structure -
*
****************************************************************
*
*          best ecc  = -1.2036e+00
*          best eng  =  0.0000e+00
*           ecc+eng  = -1.2036e+00
*          best vol  =  3.8789e+01
*           best pf  =  6.7152e-01
*
*     post_runs ecc  = -1.1881e+00
*     post_runs eng  =  0.0000e+00
*           ecc+eng  = -1.1881e+00
*     post_runs vol  =  4.5266e+01
*      post_runs pf  =  5.7543e-01
*
*       dV / V_runs  =  1.4309e-01
*
*          ecc_diff  = -1.5580e-02
*          eng_diff  =  0.0000e+00
*
*
****************************************************************
*
*  mag_ecc_diff > mag_eng_diff AND within BEST_VOL AND
* 'best' has lower energy than post runs! --> swapping.
*
****************************************************************
*
*
*          - Parameters at Post 'best-swap' -
*
* Lattice parameters:
*
*             lat a  =    3.3895
*             lat b  =    3.3401
*             lat c  =    5.9647
*             alpha  =   54.1945
*             beta   =   54.2681
*             gamma  =   88.8555
*          cell vol  =   38.7887
*          cv/ortho  =    0.5744
*
* Energies:
*               ecc  = -1.2036e+00
*               eng  =  0.0000e+00
*
*
* Geometry:
*
*      packing frac  =    0.6715
*      aspect ratio  =    1.7858
*
* (dE/dV):
*                Px  =  1.0649e-02                    x-dir
*                Py  =  9.5275e-03                    y-dir
*                Pz  =  1.0854e-02                    z-dir
*
* Distances (PBC only):
*                                 min           hard           diff
*           ca1_ca1  =   1.000000e+06   2.320000e+00   9.999977e+05
*           ca1_ca2  =   1.000000e+06   1.160000e+00   9.999988e+05
*           ca1_ac1  =   2.919367e+00   2.830000e+00   8.936727e-02
*           ca1_av1  =   1.000000e+06  -1.000000e+00   1.000001e+06
*           ca1_ac2  =   1.000000e+06  -1.000000e+00   1.000001e+06
*           ca1_av2  =   1.000000e+06  -1.000000e+00   1.000001e+06
*           ca2_ca2  =   1.000000e+06   0.000000e+00   1.000000e+06
*           ca2_ac1  =   1.000000e+06   1.670000e+00   9.999983e+05
*           ca2_av1  =   1.000000e+06  -1.000000e+00   1.000001e+06
*           ca2_ac2  =   1.000000e+06  -1.000000e+00   1.000001e+06
*           ca2_av2  =   1.000000e+06  -1.000000e+00   1.000001e+06
*           ac1_ac1  =   1.000000e+06   3.340000e+00   9.999967e+05
*           ac1_av1  =   1.000000e+06  -1.000000e+00   1.000001e+06
*           ac1_ac2  =   1.000000e+06  -1.000000e+00   1.000001e+06
*           ac1_av2  =   1.000000e+06  -1.000000e+00   1.000001e+06
*           av1_av1  =   1.000000e+06  -1.000000e+00   1.000001e+06
*           av1_av2  =   1.000000e+06  -1.000000e+00   1.000001e+06
*           av2_av2  =   1.000000e+06  -1.000000e+00   1.000001e+06
*
*
*
**********************************************************************
*
*         - Final Simplex relaxation with restarts -
*
**********************************************************************
*
*
****************************************************************
*
*
*        - Simplex Minimiziation Routine -
*
*
* Note: No aspect ratio constraint.
*
*
*            n_simp  =        15                   D.O.F.
*         simp_nmax  =      4500                max moves
*       simp_errlim  =  1.00e-08
*
*
*         - Initializing simplex arrays -
*
*
*      nfunk           rtol        pf        ar     ortho             e_ion              e_ss             e_tot
*X        11     8.3678e-03   0.68217   1.78576   0.56544    -1.2107906e+00     0.0000000e+00    -1.2107906e+00
*X      2000     5.1135e-08   0.69920   1.77096   0.56399    -1.2206293e+00     0.0000000e+00    -1.2206293e+00
*
*         simp_runs  =      2413               simp moves
*              rtol  =  9.72e-09               final rtol
*
* Simplex restart no. 1 of 10
*
*         - Initializing simplex arrays -
*
*
*      nfunk           rtol        pf        ar     ortho             e_ion              e_ss             e_tot
*X        11     1.4878e+00   0.69921   1.77092   0.56400    -1.2206335e+00     0.0000000e+00    -1.2206335e+00
*
*         simp_runs  =      1584               simp moves
*              rtol  =  8.53e-09               final rtol
*
* Simplex restart no. 2 of 10
*
*         - Initializing simplex arrays -
*
*
*      nfunk           rtol        pf        ar     ortho             e_ion              e_ss             e_tot
*X        12     1.4999e+00   0.69981   1.77006   0.56429    -1.2209281e+00     0.0000000e+00    -1.2209281e+00
*
*         simp_runs  =      1881               simp moves
*              rtol  =  9.87e-09               final rtol
*
* Simplex restart no. 3 of 10
*
*         - Initializing simplex arrays -
*
*
*      nfunk           rtol        pf        ar     ortho             e_ion              e_ss             e_tot
*X        11     1.5167e+00   0.69983   1.77006   0.56435    -1.2209469e+00     0.0000000e+00    -1.2209469e+00
*
*         simp_runs  =      1699               simp moves
*              rtol  =  9.97e-09               final rtol
*
* Simplex restart no. 4 of 10
*
*         - Initializing simplex arrays -
*
*
*      nfunk           rtol        pf        ar     ortho             e_ion              e_ss             e_tot
*X        11     1.5167e+00   0.69984   1.76991   0.56437    -1.2209655e+00     0.0000000e+00    -1.2209655e+00
*
*         simp_runs  =       878               simp moves
*              rtol  =  9.53e-09               final rtol
*
* Simplex restart no. 5 of 10
*
*         - Initializing simplex arrays -
*
*
*      nfunk           rtol        pf        ar     ortho             e_ion              e_ss             e_tot
*X        11     1.5167e+00   0.69987   1.76981   0.56438    -1.2209793e+00     0.0000000e+00    -1.2209793e+00
*
*         simp_runs  =      1876               simp moves
*              rtol  =  9.90e-09               final rtol
*
* Simplex restart no. 6 of 10
*
*         - Initializing simplex arrays -
*
*
*      nfunk           rtol        pf        ar     ortho             e_ion              e_ss             e_tot
*X        11     1.5163e+00   0.69989   1.76984   0.56437    -1.2209915e+00     0.0000000e+00    -1.2209915e+00
*
*         simp_runs  =       871               simp moves
*              rtol  =  9.35e-09               final rtol
*
* Simplex restart no. 7 of 10
*
*         - Initializing simplex arrays -
*
*
*      nfunk           rtol        pf        ar     ortho             e_ion              e_ss             e_tot
*X        11     1.5163e+00   0.69989   1.76984   0.56437    -1.2209917e+00     0.0000000e+00    -1.2209917e+00
*
*         simp_runs  =       883               simp moves
*              rtol  =  9.47e-09               final rtol
*
* Simplex restart no. 8 of 10
*
*         - Initializing simplex arrays -
*
*
*      nfunk           rtol        pf        ar     ortho             e_ion              e_ss             e_tot
*X        11     1.5163e+00   0.69989   1.76984   0.56437    -1.2209918e+00     0.0000000e+00    -1.2209918e+00
*
*         simp_runs  =       876               simp moves
*              rtol  =  9.70e-09               final rtol
*
* Simplex restart no. 9 of 10
*
*         - Initializing simplex arrays -
*
*
*      nfunk           rtol        pf        ar     ortho             e_ion              e_ss             e_tot
*X        11     1.5163e+00   0.69989   1.76984   0.56437    -1.2209918e+00     0.0000000e+00    -1.2209918e+00
*
*         simp_runs  =       911               simp moves
*              rtol  =  9.93e-09               final rtol
*
* Simplex restart no. 10 of 10
*
*         - Initializing simplex arrays -
*
*
*      nfunk           rtol        pf        ar     ortho             e_ion              e_ss             e_tot
*X        11     1.5163e+00   0.69989   1.76984   0.56437    -1.2209918e+00     0.0000000e+00    -1.2209918e+00
*
*         simp_runs  =       911               simp moves
*              rtol  =  9.93e-09               final rtol
*
****************************************************************
*
*          - Parameters at Post Simplex -
*
* Lattice parameters:
*
*             lat a  =    3.3400
*             lat b  =    3.3400
*             lat c  =    5.9113
*             alpha  =   53.9069
*             beta   =   54.6395
*             gamma  =   89.9608
*          cell vol  =   37.2166
*          cv/ortho  =    0.5644
*
* Energies:
*               ecc  = -1.2210e+00
*               eng  =  0.0000e+00
*
*
* Geometry:
*
*      packing frac  =    0.6999
*      aspect ratio  =    1.7698
*
* (dE/dV):
*                Px  =  1.0000e+04                    x-dir
*                Py  =  2.0000e+04                    y-dir
*                Pz  =  9.4665e-03                    z-dir
*
* Distances (PBC only):
*                                 min           hard           diff
*           ca1_ca1  =   1.000000e+06   2.320000e+00   9.999977e+05
*           ca1_ca2  =   1.000000e+06   1.160000e+00   9.999988e+05
*           ca1_ac1  =   2.921221e+00   2.830000e+00   9.122072e-02
*           ca1_av1  =   1.000000e+06  -1.000000e+00   1.000001e+06
*           ca1_ac2  =   1.000000e+06  -1.000000e+00   1.000001e+06
*           ca1_av2  =   1.000000e+06  -1.000000e+00   1.000001e+06
*           ca2_ca2  =   1.000000e+06   0.000000e+00   1.000000e+06
*           ca2_ac1  =   1.000000e+06   1.670000e+00   9.999983e+05
*           ca2_av1  =   1.000000e+06  -1.000000e+00   1.000001e+06
*           ca2_ac2  =   1.000000e+06  -1.000000e+00   1.000001e+06
*           ca2_av2  =   1.000000e+06  -1.000000e+00   1.000001e+06
*           ac1_ac1  =   1.000000e+06   3.340000e+00   9.999967e+05
*           ac1_av1  =   1.000000e+06  -1.000000e+00   1.000001e+06
*           ac1_ac2  =   1.000000e+06  -1.000000e+00   1.000001e+06
*           ac1_av2  =   1.000000e+06  -1.000000e+00   1.000001e+06
*           av1_av1  =   1.000000e+06  -1.000000e+00   1.000001e+06
*           av1_av2  =   1.000000e+06  -1.000000e+00   1.000001e+06
*           av2_av2  =   1.000000e+06  -1.000000e+00   1.000001e+06
*
*
***********************************************************
*        - Process and timing information -
*
* user time:   0 h 00 m 17.841735 s
* syst time:   0 h 00 m 00.011999 s
* signals: 0
* voluntary context switches: 8
* involuntary context switches: 19
*
***********************************************************
*SS symsearch output
*SS ( use:  | awk '($1=="*S"){print $0}' | sed 's/*S //' > temp.out )
*S Title
*S 1                 search type
*S 5.0 0.00001       displacement rms max min
*S 0.1 0.00001       strain rms max min
*S 1                 lattice input type
*S      3.34000     0.00000     0.00000
*S      0.00229     3.34000     0.00000
*S      3.42097     3.47999     3.33614
*S 1 0 0
*S 0 1 0
*S 0 0 1
*S 2                 number of atoms
*S 11 0
*S      0.63970     0.89308     0.96105
*S      0.61944     0.90501     0.46970
*FF findsym output
*FF ( use:  | awk '($1=="*F"){print $0}' | sed 's/*F //' > temp.out )
*F Title
*F 0.001       displacement rms max min
*F 1                 lattice input type
*F      3.34000     0.00000     0.00000
*F      0.00229     3.34000     0.00000
*F      3.42097     3.47999     3.33614
*F 1               basis vector in type
*F 1 0 0
*F 0 1 0
*F 0 0 1
*F 2                 number of atoms
*F 11 0
*F      0.63970     0.89308     0.96105
*F      0.61944     0.90501     0.46970
*DD powder output
*DD (use: | awk '($1=="*D"){print $0}' | sed 's/*D //' > temp.out )
*D 2
*D      3.34000     3.34000     5.91127
*D     53.90687    54.63946    89.96078
*D      0.63970     0.89308     0.96105        11
*D      0.61944     0.90501     0.46970         0
*PP poscar output
*PP (use: | awk '($1=="*P"){print $0}' | sed 's/*P //' > temp.out )
*P Z: 11 17 
*P 1.0 
*P      3.34000000     0.00000000     0.00000000
*P      0.00228650     3.33999922     0.00000000
*P      3.42097036     3.47998776     3.33613731
*P 1 1 0 
*P Direct
*P       0.639699938170      0.893082419656      0.961049661079
*P       0.619441495157      0.905009733832      0.469697387480
*QQ poscar output
*QQ (use: | awk '($1=="*Q"){print $0}' | sed 's/*Q //' > temp.out )
*Q +1.000000000000 -1.000000000000 
*Q 1.0 
*Q      3.34000000     0.00000000     0.00000000
*Q      0.00228650     3.33999922     0.00000000
*Q      3.42097036     3.47998776     3.33613731
*Q 1 1 0 
*Q Direct
*Q       0.639699938170      0.893082419656      0.961049661079
*Q       0.619441495157      0.905009733832      0.469697387480
*RR restart output
*RR (use: | awk '($1=="*R"){print $0}' | sed 's/*R //' > temp.out )
*R     3.340000002522    3.340000005727    5.911274413344
*R     0.940852318900    0.953638541972    1.570111744967
*R      1
*R      1     1
*R   -1.000000000000000   0.000000000000000
*R     0.000000000000    1.670000000000    0.000000000000    17     0
*R      1
*R      1   1.000000000000000
*R     1.160000000000    11
*R     0.639699938170    0.893082419656    0.961049661079
*R     0.619441495157    0.905009733832    0.469697387480
* XBS output
* CATION:
atom C     5.426362235    6.327335650    3.206193631
spec C     1.160000000    1.000000000    0.000000000    0.000000000
* ANION:
atom A     3.677824743    4.657272969    1.566974979
spec A     1.670000000    0.000000000    0.000000000    1.000000000
spec V     0.000000000    0.000000000    1.000000000    0.000000000
bonds A V  0.000000000    0.000000000    0.010000000    Black
* CELL PARAMETERS AND BORDER
atom 0    0.00000   0.00000   0.00000
atom 1    3.34000   0.00000   0.00000
atom 2    3.34229   3.34000   0.00000
atom 3    0.00229   3.34000   0.00000
atom 4    3.42097   3.47999   3.33614
atom 5    6.76097   3.47999   3.33614
atom 6    6.76326   6.81999   3.33614
atom 7    3.42326   6.81999   3.33614
spec 0     0.050000000    0.000000000    0.000000000    0.000000000
spec 1     0.050000000    0.000000000    0.000000000    0.000000000
spec 2     0.050000000    0.000000000    0.000000000    0.000000000
spec 3     0.050000000    0.000000000    0.000000000    0.000000000
spec 4     0.050000000    0.000000000    0.000000000    0.000000000
spec 5     0.050000000    0.000000000    0.000000000    0.000000000
spec 6     0.050000000    0.000000000    0.000000000    0.000000000
spec 7     0.050000000    0.000000000    0.000000000    0.000000000
bonds 0 1  3.336660003    3.343340003    0.010000000    Black
bonds 3 2  3.336660003    3.343340003    0.010000000    Black
bonds 4 5  3.336660003    3.343340003    0.010000000    Black
bonds 6 7  3.336660003    3.343340003    0.010000000    Black
bonds 1 2  3.336660006    3.343340006    0.010000000    Black
bonds 0 3  3.336660006    3.343340006    0.010000000    Black
bonds 5 6  3.336660006    3.343340006    0.010000000    Black
bonds 4 7  3.336660006    3.343340006    0.010000000    Black
bonds 0 4  5.905363139    5.917185688    0.010000000    Black
bonds 1 5  5.905363139    5.917185688    0.010000000    Black
bonds 2 6  5.905363139    5.917185688    0.010000000    Black
bonds 3 7  5.905363139    5.917185688    0.010000000    Black
inc 5.000000
dup    3.34000   0.00000   0.00000
dup    0.00229   3.34000   0.00000
dup    3.42097   3.47999   3.33614
