*************************************************
*	pack	(version 4.12.0.5)
*	Eric Majzoub
*	Sandia National Laboratories
*************************************************
*  Source file: main.c
*  Compile date: Dec 27 2012
*  Compile time: 17:19:04
*  commandline = /projects/e20438/bin/pack-4.12.0.5/pack_exe -f ../../NaCl_pegs.in -P -R -r 200 -t 15 -g 30809 
*  input file = ../../NaCl_pegs.in
**********************************************************************
**********************************************************************
**********************************************************************
* 
*       - General run comments -
* 
* WARN: no Rotations in Metropolis (-R flag).
* WARN: all anionic charge on center atom (-P flag).
*
**********************************************************************
*           - Input parameters -
*
*           restart  =         0         1 = restart calc
*        autoadjust  =         1   automatically set temp
*          aa_using  =         1        1=rej pct, 2=pCnt
*         basin hop  =         0           number of hops
*     non_per_ewald  =         0          1=nanopart calc
*
*             lat a  =   10.0000
*             lat b  =   10.0000
*             lat c  =   10.0000
*             alpha  =    1.5708
*             beta   =    1.5708
*             gamma  =    1.5708
*          cell vol  = 1000.0000
*      sqsh vol pct  =    0.2000
* 
*          cell_min  =    1.6700              min lat vec
*          cell_max  =  167.0000              max lat vec
* 
*         n_type_an  =         1          num type anions
*            num_an  =         1           tot num anions
* 
*          num_an_1  =         1        num anions type 1
*        num_vert_1  =         1     1=sph 2=dim 5=tet...
*       an_chrg_c_1  =   -1.0000      anion center charge
*       an_chrg_v_1  =    0.0000      anion vertex charge
*     tot_an_chrg_1  =   -1.0000       total anion charge
*           Rcent_1  =    1.6700         anion center rad
*           Rvert_1  =    0.0000         anion vertex rad
*             cvd_1  =    0.0000        cent to vert dist
*           Zcent_1  =        17           anion center Z
*           Zvert_1  =         0           anion vertex Z
* 
*          num_an_2  =         0        num anions type 2
*        num_vert_2  =         0     1=sph 2=dim 5=tet...
*       an_chrg_c_2  =    0.0000      anion center charge
*       an_chrg_v_2  =    0.0000      anion vertex charge
*     tot_an_chrg_2  =    0.0000       total anion charge
*           Rcent_2  =    0.0000         anion center rad
*           Rvert_2  =    0.0000         anion vertex rad
*             cvd_2  =    0.0000        cent to vert dist
*           Zcent_2  =         0           anion center Z
*           Zvert_2  =         0           anion vertex Z
* 
*         n_type_ca  =         1            num type cats
*            num_ca  =         1          tot num cations
* 
*          num_ca_1  =         1        num cations typ 1
*         ca_chrg_1  =    1.0000        cation chrg typ 1
*            Rcat_1  =    1.1600         cation rad typ 1
*            Zcat_1  =        11           cation Z typ 1
* 
*            C2VTOL  =  1.00e-08            c2v tolerance
*            ERRLIM  =  1.00e-06
*       REP_EPSILON  =  1.00e+00        soft sphere repul
*    TRANS_FRAC_MAX  =    0.5000                    fixed
*    TRANS_FRAC_MIN  =    0.0200
*      MAX_ANG_CHNG  =    9.9695                  degrees
*    VOLUM_FRAC_MAX  =    0.0700
*         EXT_PRESS  =  0.00e+00        external pressure
*      SQSH_VOL_PCT  =    0.2000             min orth val
*        ASPECT_MAX  =   20.0000                cell parm
*            dplane  =    1.6700            min plane sep
*      SCALE_FACTOR  =    1.2500         bhop max scaling
* 
*            d.o.f.  =        12       degrees of freedom
*          runs/dof  =       200         loops per d.o.f.
*              runs  =      2400              loops per T
*               ncc  =      9600     config changes per T
*            t_runs  =        15           num temp steps
*             efunc  =         0               0=SS  1=LJ
*       N_HALT_CHNG  =        15      halts after N 100%s
*
*      anneal_sched  =         3   0=lin or exp(-run_n^n)
*         temp_init  =  1.00e+00             initial temp
*         temp_finl  =  1.00e-03               final temp
* 
*          trn_chng  =         1              0=off  1=on
*          rot_chng  =         0              0=off  1=on
*          lat_chng  =         1              0=off  1=on
*          swp_chng  =         1              0=off  1=on
* 
*     SIMP_RESTARTS  =        11     no. simplex restarts
*  SIMP_RESTARTS BH  =        21  basin hop simp restarts
*         SIMP_NMAX  =      4500        max simplex iters
*          SIMP_DEG  =    1.0000          anion start deg
*         SIMP_LAMB  =    0.0100        vertex start frac
*       SIMP_ERRLIM  =  1.00e-08              error limit
* 
*           aa runs  =      1200           config changes
*      aa runs_step  =        10   config change increase
*       aa runs_max  =      1500  max auto config changes
*         aa t_runs  =         3            num temp runs
*      aa temp_step  =    0.5000                temp step
* 
*        aa chng hi  =         3  1=trn 2=rot 3=lat 4=swp
*        aa chng lo  =         3  1=trn 2=rot 3=lat 4=swp
* 
*      aa ht_pct_hi  =     0.650             high rej pct
*      aa ht_pct_lo  =     0.600             low  rej pct
* 
*      aa lt_pct_hi  =     0.999             high rej pct
*      aa lt_pct_lo  =     0.950             low  rej pct
* 
*            tmpfile =                   PR20404-best.tmp
* 
* Checking for out of bounds fractional coords.
*
**********************************************************************
*
*          - Parameters at START -
*
* Lattice parameters:
*
*             lat a  =   10.0000
*             lat b  =   10.0000
*             lat c  =   10.0000
*             alpha  =   90.0000
*             beta   =   90.0000
*             gamma  =   90.0000
*          cell vol  = 1000.0000
*          cv/ortho  =    1.0000
*
* Energies:
*               ecc  = -4.8187e-01
*               eng  =  0.0000e+00
*
*
* Geometry:
*
*      packing frac  =    0.0260
*      aspect ratio  =    1.0000
*
* (dE/dV):
*                Px  =  2.7029e-04                    x-dir
*                Py  =  1.4439e-06                    y-dir
*                Pz  =  2.1013e-04                    z-dir
*
* Distances (PBC only):
*                                 min           hard           diff
*           ca1_ca1  =   1.000000e+06   2.320000e+00   9.999977e+05
*           ca1_ca2  =   1.000000e+06   1.160000e+00   9.999988e+05
*           ca1_ac1  =   5.200357e+00   2.830000e+00   2.370357e+00
*           ca1_av1  =   1.000000e+06  -1.000000e+00   1.000001e+06
*           ca1_ac2  =   1.000000e+06  -1.000000e+00   1.000001e+06
*           ca1_av2  =   1.000000e+06  -1.000000e+00   1.000001e+06
*           ca2_ca2  =   1.000000e+06   0.000000e+00   1.000000e+06
*           ca2_ac1  =   1.000000e+06   1.670000e+00   9.999983e+05
*           ca2_av1  =   1.000000e+06  -1.000000e+00   1.000001e+06
*           ca2_ac2  =   1.000000e+06  -1.000000e+00   1.000001e+06
*           ca2_av2  =   1.000000e+06  -1.000000e+00   1.000001e+06
*           ac1_ac1  =   1.000000e+06   3.340000e+00   9.999967e+05
*           ac1_av1  =   1.000000e+06  -1.000000e+00   1.000001e+06
*           ac1_ac2  =   1.000000e+06  -1.000000e+00   1.000001e+06
*           ac1_av2  =   1.000000e+06  -1.000000e+00   1.000001e+06
*           av1_av1  =   1.000000e+06  -1.000000e+00   1.000001e+06
*           av1_av2  =   1.000000e+06  -1.000000e+00   1.000001e+06
*           av2_av2  =   1.000000e+06  -1.000000e+00   1.000001e+06
*
*
*
**********************************************************************
*
* ------------------------------------------------------------
*              Autoadjust high temperatrure:
* ------------------------------------------------------------
*              Autoadjusting on 3 (1=trn,2=rot,3=lat,4=swp)
*
**********************************************************************
*
*                 -- Autoadjust Metropolis Run --
*
*   autoadjust_temp_init  =  1.0000e+00
*   autoadjust_temp_step  =  5.0000e-01
*        autoadjust_runs  =        1200         configs per temp
*       autoadjust_count  =           1
*
**********************************************************************
*
* Metropolis: 3 temperature runs with these parameters:
*
*              runs  =      1200              loops per T
*               T_0  = 1.000e+00             initial temp
*               T_L  = 1.000e+00               final temp
*           T_alpha  = 8.000e+09          annealing alpha
*
*            T = T_0 * exp( -run_num**3 / T_alpha )
*
**********************************************************************
*H run      Temp       E_ion        E_ss   cel vol       SigPF       ar     ortho        pCnt          % Rejected Changes
*H                                                                                                 trn      rot      lat      swp
*T   1  1.00e+00  -6.691e-03  +0.000e+00   1372.37   2.176e-02    4.032     0.282   1.489e-01    23.42     0.00     1.08     0.00
*T   2  1.00e+00  -2.972e-01  +0.000e+00   1751.06   1.105e-02    7.170     0.340   6.794e-02    16.17     0.00     4.25     0.00
*T   3  1.00e+00  -8.030e-02  +0.000e+00   3416.51   6.340e-03    5.843     0.312   6.707e-02    16.00     0.00     2.33     0.00
*
**********************************************************************
*
*                 -- AUTOADJUST [1] OUT --
*
*     target: lo % = 60.000000      hi % = 65.000000
*     Autoadjust % =  2.333333
*     Autoadjust: Lowering the temperature 5.000e-01 [a.u.]
*
**********************************************************************
*
*                 -- Autoadjust Metropolis Run --
*
*   autoadjust_temp_init  =  5.0000e-01
*   autoadjust_temp_step  =  5.0000e-01
*        autoadjust_runs  =        1210         configs per temp
*       autoadjust_count  =           2
*
**********************************************************************
*
* Metropolis: 3 temperature runs with these parameters:
*
*              runs  =      1210              loops per T
*               T_0  = 5.000e-01             initial temp
*               T_L  = 4.995e-01               final temp
*           T_alpha  = 7.996e+03          annealing alpha
*
*            T = T_0 * exp( -run_num**3 / T_alpha )
*
**********************************************************************
*H run      Temp       E_ion        E_ss   cel vol       SigPF       ar     ortho        pCnt          % Rejected Changes
*H                                                                                                 trn      rot      lat      swp
*T   1  5.00e-01  -3.838e-01  +0.000e+00    382.63   1.637e-02    4.562     0.543   1.010e-01    17.93     0.00     3.97     0.00
*T   2  5.00e-01  -5.795e-01  +0.000e+00   3442.56   2.260e-02    3.012     0.238   8.771e-02    18.76     0.00     3.64     0.00
*T   3  4.99e-01  -2.528e-01  +0.000e+00  23328.17   2.637e-03    3.076     0.339   9.465e-02    14.55     0.00     3.97     0.00
*
**********************************************************************
*
*                 -- AUTOADJUST [2] OUT --
*
*     target: lo % = 60.000000      hi % = 65.000000
*     Autoadjust % =  3.966942
*     Autoadjust: special case: (T-Tstep) = 0.000e+00 [a.u.]
*     Autoadjust: special case: ===> drop temp step to: 2.250e-01 [a.u.]
*     Autoadjust: Lowering the temperature 2.250e-01 [a.u.]
*
**********************************************************************
*
*                 -- Autoadjust Metropolis Run --
*
*   autoadjust_temp_init  =  2.7500e-01
*   autoadjust_temp_step  =  2.2500e-01
*        autoadjust_runs  =        1220         configs per temp
*       autoadjust_count  =           3
*
**********************************************************************
*
* Metropolis: 3 temperature runs with these parameters:
*
*              runs  =      1220              loops per T
*               T_0  = 2.750e-01             initial temp
*               T_L  = 2.747e-01               final temp
*           T_alpha  = 7.996e+03          annealing alpha
*
*            T = T_0 * exp( -run_num**3 / T_alpha )
*
**********************************************************************
*H run      Temp       E_ion        E_ss   cel vol       SigPF       ar     ortho        pCnt          % Rejected Changes
*H                                                                                                 trn      rot      lat      swp
*T   1  2.75e-01  -1.155e-01  +0.000e+00 156906.44   1.254e-03    1.969     0.233   1.544e-01    10.74     0.00     3.61     0.00
*T   2  2.75e-01  -6.237e-02  +0.000e+00 267766.56   7.447e-05    2.840     0.260   8.894e-02     6.72     0.00     1.56     0.00
*T   3  2.75e-01  -2.898e-02  +0.000e+001374083.31   1.012e-04    3.309     0.223   8.154e-02     6.23     0.00     3.52     0.00
*
**********************************************************************
*
*                 -- AUTOADJUST [3] OUT --
*
*     target: lo % = 60.000000      hi % = 65.000000
*     Autoadjust % =  3.524590
*     Autoadjust: Lowering the temperature 2.250e-01 [a.u.]
*
**********************************************************************
*
*                 -- Autoadjust Metropolis Run --
*
*   autoadjust_temp_init  =  5.0000e-02
*   autoadjust_temp_step  =  2.2500e-01
*        autoadjust_runs  =        1230         configs per temp
*       autoadjust_count  =           4
*
**********************************************************************
*
* Metropolis: 3 temperature runs with these parameters:
*
*              runs  =      1230              loops per T
*               T_0  = 5.000e-02             initial temp
*               T_L  = 4.995e-02               final temp
*           T_alpha  = 7.996e+03          annealing alpha
*
*            T = T_0 * exp( -run_num**3 / T_alpha )
*
**********************************************************************
*H run      Temp       E_ion        E_ss   cel vol       SigPF       ar     ortho        pCnt          % Rejected Changes
*H                                                                                                 trn      rot      lat      swp
*T   1  5.00e-02  -6.413e-01  +0.000e+003950993.62   4.182e-06    2.366     0.216   2.078e+01    85.04     0.00    25.77     0.00
*T   2  5.00e-02  -6.807e-01  +0.000e+00 569425.76   1.043e-05    2.543     0.207   5.464e-01   100.00     0.00    27.64     0.00
*T   3  5.00e-02  -6.680e-01  +0.000e+001089461.53   1.313e-05    2.266     0.233   3.327e-01   100.00     0.00    36.34     0.00
*
**********************************************************************
*
*                 -- AUTOADJUST [4] OUT --
*
*     target: lo % = 60.000000      hi % = 65.000000
*     Autoadjust % = 36.341463
*     Autoadjust: special case: (T-Tstep) = -1.750e-01 [a.u.]
*     Autoadjust: special case: ===> drop temp step to: 1.013e-01 [a.u.]
*     Autoadjust: special case: (T-Tstep) = -5.125e-02 [a.u.]
*     Autoadjust: special case: ===> drop temp step to: 4.556e-02 [a.u.]
*     Autoadjust: Lowering the temperature 4.556e-02 [a.u.]
*
**********************************************************************
*
*                 -- Autoadjust Metropolis Run --
*
*   autoadjust_temp_init  =  4.4375e-03
*   autoadjust_temp_step  =  4.5563e-02
*        autoadjust_runs  =        1240         configs per temp
*       autoadjust_count  =           5
*
**********************************************************************
*
* Metropolis: 3 temperature runs with these parameters:
*
*              runs  =      1240              loops per T
*               T_0  = 4.438e-03             initial temp
*               T_L  = 4.433e-03               final temp
*           T_alpha  = 7.996e+03          annealing alpha
*
*            T = T_0 * exp( -run_num**3 / T_alpha )
*
**********************************************************************
*H run      Temp       E_ion        E_ss   cel vol       SigPF       ar     ortho        pCnt          % Rejected Changes
*H                                                                                                 trn      rot      lat      swp
*T   1  4.44e-03  -7.051e-01  +0.000e+001346060.37   1.492e-05    2.377     0.342   7.995e+00   100.00     0.00    85.48     0.00
*T   2  4.44e-03  -7.053e-01  +0.000e+001400845.39   1.523e-05    2.328     0.401   9.718e-01   100.00     0.00    83.55     0.00
*T   3  4.43e-03  -7.012e-01  +0.000e+001264863.77   1.269e-05    2.499     0.426   7.695e-01   100.00     0.00    87.50     0.00
*
**********************************************************************
*
*                 -- AUTOADJUST [5] OUT --
*
*     target: lo % = 60.000000      hi % = 65.000000
*     Autoadjust % = 87.500000
*     Autoadjust: overshot! drop temp step to: 2.050e-02 [a.u.]
*     Autoadjust: Raising the temperature 2.050e-02 [a.u.]
*
**********************************************************************
*
*                 -- Autoadjust Metropolis Run --
*
*   autoadjust_temp_init  =  2.4941e-02
*   autoadjust_temp_step  =  2.0503e-02
*        autoadjust_runs  =        1250         configs per temp
*       autoadjust_count  =           6
*
**********************************************************************
*
* Metropolis: 3 temperature runs with these parameters:
*
*              runs  =      1250              loops per T
*               T_0  = 2.494e-02             initial temp
*               T_L  = 2.492e-02               final temp
*           T_alpha  = 7.996e+03          annealing alpha
*
*            T = T_0 * exp( -run_num**3 / T_alpha )
*
**********************************************************************
*H run      Temp       E_ion        E_ss   cel vol       SigPF       ar     ortho        pCnt          % Rejected Changes
*H                                                                                                 trn      rot      lat      swp
*T   1  2.49e-02  -7.017e-01  +0.000e+00 782138.89   1.969e-05    2.756     0.608   1.173e+00   100.00     0.00    46.24     0.00
*T   2  2.49e-02  -6.778e-01  +0.000e+00 752536.86   3.434e-05    1.394     0.309   6.517e-01   100.00     0.00    38.08     0.00
*T   3  2.49e-02  -7.020e-01  +0.000e+00 312524.14   4.004e-05    2.406     0.483   1.004e+00   100.00     0.00    41.36     0.00
*
**********************************************************************
*
*                 -- AUTOADJUST [6] OUT --
*
*     target: lo % = 60.000000      hi % = 65.000000
*     Autoadjust % = 41.360000
*     Autoadjust: overshot! drop temp step to: 9.226e-03 [a.u.]
*     Autoadjust: Lowering the temperature 9.226e-03 [a.u.]
*
**********************************************************************
*
*                 -- Autoadjust Metropolis Run --
*
*   autoadjust_temp_init  =  1.5714e-02
*   autoadjust_temp_step  =  9.2264e-03
*        autoadjust_runs  =        1260         configs per temp
*       autoadjust_count  =           7
*
**********************************************************************
*
* Metropolis: 3 temperature runs with these parameters:
*
*              runs  =      1260              loops per T
*               T_0  = 1.571e-02             initial temp
*               T_L  = 1.570e-02               final temp
*           T_alpha  = 7.996e+03          annealing alpha
*
*            T = T_0 * exp( -run_num**3 / T_alpha )
*
**********************************************************************
*H run      Temp       E_ion        E_ss   cel vol       SigPF       ar     ortho        pCnt          % Rejected Changes
*H                                                                                                 trn      rot      lat      swp
*T   1  1.57e-02  -6.955e-01  +0.000e+00 200524.53   6.313e-05    3.957     0.404   1.367e+00   100.00     0.00    48.02     0.00
*T   2  1.57e-02  -6.919e-01  +0.000e+00 171053.07   8.214e-05    2.119     0.350   7.596e-01   100.00     0.00    47.86     0.00
*T   3  1.57e-02  -6.839e-01  +0.000e+00 142413.24   7.258e-05    2.167     0.269   1.074e+00   100.00     0.00    47.30     0.00
*
**********************************************************************
*
*                 -- AUTOADJUST [7] OUT --
*
*     target: lo % = 60.000000      hi % = 65.000000
*     Autoadjust % = 47.301587
*     Autoadjust: Lowering the temperature 9.226e-03 [a.u.]
*
**********************************************************************
*
*                 -- Autoadjust Metropolis Run --
*
*   autoadjust_temp_init  =  6.4878e-03
*   autoadjust_temp_step  =  9.2264e-03
*        autoadjust_runs  =        1270         configs per temp
*       autoadjust_count  =           8
*
**********************************************************************
*
* Metropolis: 3 temperature runs with these parameters:
*
*              runs  =      1270              loops per T
*               T_0  = 6.488e-03             initial temp
*               T_L  = 6.481e-03               final temp
*           T_alpha  = 7.996e+03          annealing alpha
*
*            T = T_0 * exp( -run_num**3 / T_alpha )
*
**********************************************************************
*H run      Temp       E_ion        E_ss   cel vol       SigPF       ar     ortho        pCnt          % Rejected Changes
*H                                                                                                 trn      rot      lat      swp
*T   1  6.49e-03  -7.067e-01  +0.000e+00 155220.39   1.057e-04    2.866     0.342   8.745e-01   100.00     0.00    63.31     0.00
*T   2  6.49e-03  -6.830e-01  +0.000e+00 138825.05   8.002e-05    2.817     0.265   1.683e+00   100.00     0.00    64.17     0.00
*T   3  6.48e-03  -7.020e-01  +0.000e+00 176106.64   1.409e-04    2.637     0.222   8.530e-01   100.00     0.00    66.38     0.00
*
**********************************************************************
*
*                 -- AUTOADJUST [8] OUT --
*
*     target: lo % = 60.000000      hi % = 65.000000
*     Autoadjust % = 66.377953
*     Autoadjust: overshot! drop temp step to: 4.152e-03 [a.u.]
*     Autoadjust: Raising the temperature 4.152e-03 [a.u.]
*
**********************************************************************
*
*                 -- Autoadjust Metropolis Run --
*
*   autoadjust_temp_init  =  1.0640e-02
*   autoadjust_temp_step  =  4.1519e-03
*        autoadjust_runs  =        1280         configs per temp
*       autoadjust_count  =           9
*
**********************************************************************
*
* Metropolis: 3 temperature runs with these parameters:
*
*              runs  =      1280              loops per T
*               T_0  = 1.064e-02             initial temp
*               T_L  = 1.063e-02               final temp
*           T_alpha  = 7.996e+03          annealing alpha
*
*            T = T_0 * exp( -run_num**3 / T_alpha )
*
**********************************************************************
*H run      Temp       E_ion        E_ss   cel vol       SigPF       ar     ortho        pCnt          % Rejected Changes
*H                                                                                                 trn      rot      lat      swp
*T   1  1.06e-02  -6.939e-01  +0.000e+00 342660.12   6.192e-05    1.875     0.277   1.721e+00   100.00     0.00    59.14     0.00
*T   2  1.06e-02  -6.826e-01  +0.000e+00 477421.25   4.610e-05    2.613     0.262   2.175e+00   100.00     0.00    61.09     0.00
*T   3  1.06e-02  -6.998e-01  +0.000e+00 619050.49   3.979e-05    1.962     0.308   1.093e+00   100.00     0.00    61.09     0.00
*
**********************************************************************
*
*                 -- AUTOADJUST [9] OUT --
*
*     target: lo % = 60.000000      hi % = 65.000000
*     Autoadjust % = 61.093750
*     Autoadjust: temp = 1.064e-02  is good!  Exiting autoadjust.
*
**********************************************************************
*
* ------------------------------------------------------------
*              Autoadjust low temperatrure:
* ------------------------------------------------------------
*              Autoadjusting on 3 (1=trn,2=rot,3=lat,4=swp)
*
**********************************************************************
*
*                 -- Autoadjust Metropolis Run --
*
*   autoadjust_temp_init  =  2.0000e-02
*   autoadjust_temp_step  =  5.0000e-01
*        autoadjust_runs  =        1200         configs per temp
*       autoadjust_count  =           1
*
**********************************************************************
*
* Metropolis: 3 temperature runs with these parameters:
*
*              runs  =      1200              loops per T
*               T_0  = 2.000e-02             initial temp
*               T_L  = 2.000e-02               final temp
*           T_alpha  = 1.600e+08          annealing alpha
*
*            T = T_0 * exp( -run_num**3 / T_alpha )
*
**********************************************************************
*H run      Temp       E_ion        E_ss   cel vol       SigPF       ar     ortho        pCnt          % Rejected Changes
*H                                                                                                 trn      rot      lat      swp
*T   1  2.00e-02  -6.683e-01  +0.000e+00 789376.42   2.524e-05    3.691     0.311   1.095e+00   100.00     0.00    50.42     0.00
*T   2  2.00e-02  -6.947e-01  +0.000e+00 332826.49   2.916e-05    3.544     0.202   9.047e-01   100.00     0.00    48.00     0.00
*T   3  2.00e-02  -6.753e-01  +0.000e+00 302845.43   2.609e-05    2.824     0.232   8.962e-01   100.00     0.00    46.75     0.00
*
**********************************************************************
*
*                 -- AUTOADJUST [1] OUT --
*
*     target: lo % = 95.000000      hi % = 99.900000
*     Autoadjust % = 46.750000
*     Autoadjust: special case: (T-Tstep) = -4.800e-01 [a.u.]
*     Autoadjust: special case: ===> drop temp step to: 2.250e-01 [a.u.]
*     Autoadjust: special case: (T-Tstep) = -2.050e-01 [a.u.]
*     Autoadjust: special case: ===> drop temp step to: 1.013e-01 [a.u.]
*     Autoadjust: special case: (T-Tstep) = -8.125e-02 [a.u.]
*     Autoadjust: special case: ===> drop temp step to: 4.556e-02 [a.u.]
*     Autoadjust: special case: (T-Tstep) = -2.556e-02 [a.u.]
*     Autoadjust: special case: ===> drop temp step to: 2.050e-02 [a.u.]
*     Autoadjust: special case: (T-Tstep) = -5.031e-04 [a.u.]
*     Autoadjust: special case: ===> drop temp step to: 9.226e-03 [a.u.]
*     Autoadjust: Lowering the temperature 9.226e-03 [a.u.]
*
**********************************************************************
*
*                 -- Autoadjust Metropolis Run --
*
*   autoadjust_temp_init  =  1.0774e-02
*   autoadjust_temp_step  =  9.2264e-03
*        autoadjust_runs  =        1210         configs per temp
*       autoadjust_count  =           2
*
**********************************************************************
*
* Metropolis: 3 temperature runs with these parameters:
*
*              runs  =      1210              loops per T
*               T_0  = 1.077e-02             initial temp
*               T_L  = 1.076e-02               final temp
*           T_alpha  = 7.996e+03          annealing alpha
*
*            T = T_0 * exp( -run_num**3 / T_alpha )
*
**********************************************************************
*H run      Temp       E_ion        E_ss   cel vol       SigPF       ar     ortho        pCnt          % Rejected Changes
*H                                                                                                 trn      rot      lat      swp
*T   1  1.08e-02  -7.046e-01  +0.000e+00 153857.38   8.602e-05    6.429     0.425   2.858e+00   100.00     0.00    55.79     0.00
*T   2  1.08e-02  -6.482e-01  +0.000e+00 119063.74   1.007e-04    7.293     0.300   1.046e+00   100.00     0.00    47.19     0.00
*T   3  1.08e-02  -7.026e-01  +0.000e+00 167614.53   1.227e-04    8.516     0.551   6.599e-01   100.00     0.00    50.99     0.00
*
**********************************************************************
*
*                 -- AUTOADJUST [2] OUT --
*
*     target: lo % = 95.000000      hi % = 99.900000
*     Autoadjust % = 50.991736
*     Autoadjust: Lowering the temperature 9.226e-03 [a.u.]
*
**********************************************************************
*
*                 -- Autoadjust Metropolis Run --
*
*   autoadjust_temp_init  =  1.5472e-03
*   autoadjust_temp_step  =  9.2264e-03
*        autoadjust_runs  =        1220         configs per temp
*       autoadjust_count  =           3
*
**********************************************************************
*
* Metropolis: 3 temperature runs with these parameters:
*
*              runs  =      1220              loops per T
*               T_0  = 1.547e-03             initial temp
*               T_L  = 1.546e-03               final temp
*           T_alpha  = 7.996e+03          annealing alpha
*
*            T = T_0 * exp( -run_num**3 / T_alpha )
*
**********************************************************************
*H run      Temp       E_ion        E_ss   cel vol       SigPF       ar     ortho        pCnt          % Rejected Changes
*H                                                                                                 trn      rot      lat      swp
*T   1  1.55e-03  -7.054e-01  +0.000e+00 242062.18   7.935e-05    5.815     0.547   9.098e-01   100.00     0.00    86.89     0.00
*T   2  1.55e-03  -7.066e-01  +0.000e+00 272285.72   7.325e-05    4.128     0.448   1.013e+00   100.00     0.00    83.77     0.00
*T   3  1.55e-03  -7.059e-01  +0.000e+00 190954.44   7.334e-05    4.194     0.337   1.429e+00   100.00     0.00    85.98     0.00
*
**********************************************************************
*
*                 -- AUTOADJUST [3] OUT --
*
*     target: lo % = 95.000000      hi % = 99.900000
*     Autoadjust % = 85.983607
*     Autoadjust: special case: (T-Tstep) = -7.679e-03 [a.u.]
*     Autoadjust: special case: ===> drop temp step to: 4.152e-03 [a.u.]
*     Autoadjust: special case: (T-Tstep) = -2.605e-03 [a.u.]
*     Autoadjust: special case: ===> drop temp step to: 1.868e-03 [a.u.]
*     Autoadjust: special case: (T-Tstep) = -3.212e-04 [a.u.]
*     Autoadjust: special case: ===> drop temp step to: 8.408e-04 [a.u.]
*     Autoadjust: Lowering the temperature 8.408e-04 [a.u.]
*
**********************************************************************
*
*                 -- Autoadjust Metropolis Run --
*
*   autoadjust_temp_init  =  7.0643e-04
*   autoadjust_temp_step  =  8.4076e-04
*        autoadjust_runs  =        1230         configs per temp
*       autoadjust_count  =           4
*
**********************************************************************
*
* Metropolis: 3 temperature runs with these parameters:
*
*              runs  =      1230              loops per T
*               T_0  = 7.064e-04             initial temp
*               T_L  = 7.057e-04               final temp
*           T_alpha  = 7.996e+03          annealing alpha
*
*            T = T_0 * exp( -run_num**3 / T_alpha )
*
**********************************************************************
*H run      Temp       E_ion        E_ss   cel vol       SigPF       ar     ortho        pCnt          % Rejected Changes
*H                                                                                                 trn      rot      lat      swp
*T   1  7.06e-04  -7.064e-01  +0.000e+00 184373.74   1.008e-04    4.235     0.335   6.151e-01   100.00     0.00    93.50     0.00
*T   2  7.06e-04  -7.054e-01  +0.000e+00 137584.66   1.161e-04    4.127     0.246   5.463e-01   100.00     0.00    92.03     0.00
*T   3  7.06e-04  -7.064e-01  +0.000e+00 161291.33   1.127e-04    4.312     0.304   8.525e-01   100.00     0.00    93.98     0.00
*
**********************************************************************
*
*                 -- AUTOADJUST [4] OUT --
*
*     target: lo % = 95.000000      hi % = 99.900000
*     Autoadjust % = 93.983740
*     Autoadjust: special case: (T-Tstep) = -1.343e-04 [a.u.]
*     Autoadjust: special case: ===> drop temp step to: 3.783e-04 [a.u.]
*     Autoadjust: Lowering the temperature 3.783e-04 [a.u.]
*
**********************************************************************
*
*                 -- Autoadjust Metropolis Run --
*
*   autoadjust_temp_init  =  3.2809e-04
*   autoadjust_temp_step  =  3.7834e-04
*        autoadjust_runs  =        1240         configs per temp
*       autoadjust_count  =           5
*
**********************************************************************
*
* Metropolis: 3 temperature runs with these parameters:
*
*              runs  =      1240              loops per T
*               T_0  = 3.281e-04             initial temp
*               T_L  = 3.278e-04               final temp
*           T_alpha  = 7.996e+03          annealing alpha
*
*            T = T_0 * exp( -run_num**3 / T_alpha )
*
**********************************************************************
*H run      Temp       E_ion        E_ss   cel vol       SigPF       ar     ortho        pCnt          % Rejected Changes
*H                                                                                                 trn      rot      lat      swp
*T   1  3.28e-04  -7.063e-01  +0.000e+00 145099.67   1.105e-04    4.336     0.275   1.246e+03   100.00     0.00    96.94     0.00
*T   2  3.28e-04  -7.065e-01  +0.000e+00 139196.52   1.184e-04    4.322     0.263   7.133e-01   100.00     0.00    96.69     0.00
*T   3  3.28e-04  -7.060e-01  +0.000e+00 123801.56   1.244e-04    4.097     0.221   1.222e+00   100.00     0.00    95.32     0.00
*
**********************************************************************
*
*                 -- AUTOADJUST [5] OUT --
*
*     target: lo % = 95.000000      hi % = 99.900000
*     Autoadjust % = 95.322581
*     Autoadjust: temp = 3.281e-04  is good!  Exiting autoadjust.
*
**********************************************************************
*
*
*          -- Initializing cell contents --
*
*
*
**********************************************************************
*
*            -- Starting Metropolis calculation --
*
*              temp_init  = 1.064e-02
*
**********************************************************************
*
* Metropolis: 15 temperature runs with these parameters:
*
*              runs  =      2400              loops per T
*               T_0  = 1.064e-02             initial temp
*               T_L  = 3.281e-04               final temp
*           T_alpha  = 7.887e+02          annealing alpha
*
*            T = T_0 * exp( -run_num**3 / T_alpha )
*
**********************************************************************
*H run      Temp       E_ion        E_ss   cel vol       SigPF       ar     ortho        pCnt          % Rejected Changes
*H                                                                                                 trn      rot      lat      swp
*M   1  1.06e-02  -1.172e+00  +0.000e+00     51.71   2.322e-01    1.097     0.750   1.205e+02    99.46     0.00    62.46     0.00
*M   2  1.06e-02  -1.182e+00  +0.000e+00     45.82   2.992e-01    1.191     0.800   3.871e+00   100.00     0.00    73.17     0.00
*M   3  1.05e-02  -1.103e+00  +0.000e+00     52.77   2.964e-01    1.380     0.793   5.395e+00    99.83     0.00    70.71     0.00
*M   4  1.03e-02  -1.157e+00  +0.000e+00     50.90   2.980e-01    1.216     0.838   3.021e+00    99.92     0.00    73.54     0.00
*M   5  9.81e-03  -1.154e+00  +0.000e+00     45.69   2.919e-01    1.308     0.761   6.397e+00    99.88     0.00    75.04     0.00
*M   6  9.08e-03  -1.143e+00  +0.000e+00     54.93   3.084e-01    1.127     0.761   5.834e+00    99.96     0.00    76.00     0.00
*M   7  8.09e-03  -1.157e+00  +0.000e+00     50.81   3.025e-01    1.110     0.704   3.190e+00   100.00     0.00    79.88     0.00
*M   8  6.89e-03  -1.182e+00  +0.000e+00     50.77   3.054e-01    1.037     0.644   3.020e+00    99.96     0.00    82.29     0.00
*M   9  5.56e-03  -1.173e+00  +0.000e+00     50.72   3.159e-01    1.289     0.646   2.847e+00   100.00     0.00    87.21     0.00
*M  10  4.22e-03  -1.183e+00  +0.000e+00     51.16   3.177e-01    1.135     0.711   4.683e+00   100.00     0.00    89.33     0.00
*M  11  2.99e-03  -1.180e+00  +0.000e+00     51.80   3.276e-01    1.166     0.660   2.964e+00   100.00     0.00    92.50     0.00
*M  12  1.97e-03  -1.190e+00  +0.000e+00     50.13   3.340e-01    1.197     0.666   1.049e+02   100.00     0.00    95.17     0.00
*M  13  1.19e-03  -1.194e+00  +0.000e+00     50.34   3.392e-01    1.138     0.666   1.002e+01   100.00     0.00    97.04     0.00
*M  14  6.56e-04  -1.195e+00  +0.000e+00     50.10   3.447e-01    1.139     0.665   1.970e+00   100.00     0.00    98.62     0.00
*M  15  3.28e-04  -1.197e+00  +0.000e+00     49.84   3.462e-01    1.137     0.665   2.951e+00   100.00     0.00    98.96     0.00
*
**********************************************************************
*
*
*          - Parameters at Post Ewald-Metro -
*
* Lattice parameters:
*
*             lat a  =    3.9621
*             lat b  =    4.1968
*             lat c  =    4.5065
*             alpha  =   52.3415
*             beta   =   95.6216
*             gamma  =  118.8327
*          cell vol  =   49.8360
*          cv/ortho  =    0.6651
*
* Energies:
*               ecc  = -1.1973e+00
*               eng  =  0.0000e+00
*
*
* Geometry:
*
*      packing frac  =    0.5227
*      aspect ratio  =    1.1374
*
* (dE/dV):
*                Px  =  6.2227e-03                    x-dir
*                Py  =  9.3500e-03                    y-dir
*                Pz  =  8.4525e-03                    z-dir
*
* Distances (PBC only):
*                                 min           hard           diff
*           ca1_ca1  =   1.000000e+06   2.320000e+00   9.999977e+05
*           ca1_ca2  =   1.000000e+06   1.160000e+00   9.999988e+05
*           ca1_ac1  =   2.832850e+00   2.830000e+00   2.849934e-03
*           ca1_av1  =   1.000000e+06  -1.000000e+00   1.000001e+06
*           ca1_ac2  =   1.000000e+06  -1.000000e+00   1.000001e+06
*           ca1_av2  =   1.000000e+06  -1.000000e+00   1.000001e+06
*           ca2_ca2  =   1.000000e+06   0.000000e+00   1.000000e+06
*           ca2_ac1  =   1.000000e+06   1.670000e+00   9.999983e+05
*           ca2_av1  =   1.000000e+06  -1.000000e+00   1.000001e+06
*           ca2_ac2  =   1.000000e+06  -1.000000e+00   1.000001e+06
*           ca2_av2  =   1.000000e+06  -1.000000e+00   1.000001e+06
*           ac1_ac1  =   1.000000e+06   3.340000e+00   9.999967e+05
*           ac1_av1  =   1.000000e+06  -1.000000e+00   1.000001e+06
*           ac1_ac2  =   1.000000e+06  -1.000000e+00   1.000001e+06
*           ac1_av2  =   1.000000e+06  -1.000000e+00   1.000001e+06
*           av1_av1  =   1.000000e+06  -1.000000e+00   1.000001e+06
*           av1_av2  =   1.000000e+06  -1.000000e+00   1.000001e+06
*           av2_av2  =   1.000000e+06  -1.000000e+00   1.000001e+06
*
*
*
**********************************************************************
*
*         - Comparing with 'best' structure -
*
****************************************************************
*
*          best ecc  = -1.2015e+00
*          best eng  =  0.0000e+00
*           ecc+eng  = -1.2015e+00
*          best vol  =  4.9246e+01
*           best pf  =  5.2892e-01
*
*     post_runs ecc  = -1.1973e+00
*     post_runs eng  =  0.0000e+00
*           ecc+eng  = -1.1973e+00
*     post_runs vol  =  4.9836e+01
*      post_runs pf  =  5.2266e-01
*
*       dV / V_runs  =  1.1834e-02
*
*          ecc_diff  = -4.2040e-03
*          eng_diff  =  0.0000e+00
*
*
****************************************************************
*
*  mag_ecc_diff > mag_eng_diff AND within BEST_VOL AND
* 'best' has lower energy than post runs! --> swapping.
*
****************************************************************
*
*
*          - Parameters at Post 'best-swap' -
*
* Lattice parameters:
*
*             lat a  =    4.1590
*             lat b  =    4.0750
*             lat c  =    3.9673
*             alpha  =   60.4790
*             beta   =   89.8413
*             gamma  =   61.8863
*          cell vol  =   49.2462
*          cv/ortho  =    0.7324
*
* Energies:
*               ecc  = -1.2015e+00
*               eng  =  0.0000e+00
*
*
* Geometry:
*
*      packing frac  =    0.5289
*      aspect ratio  =    1.0483
*
* (dE/dV):
*                Px  =  1.0201e-02                    x-dir
*                Py  =  6.6533e-03                    y-dir
*                Pz  =  7.5434e-03                    z-dir
*
* Distances (PBC only):
*                                 min           hard           diff
*           ca1_ca1  =   1.000000e+06   2.320000e+00   9.999977e+05
*           ca1_ca2  =   1.000000e+06   1.160000e+00   9.999988e+05
*           ca1_ac1  =   2.928351e+00   2.830000e+00   9.835107e-02
*           ca1_av1  =   1.000000e+06  -1.000000e+00   1.000001e+06
*           ca1_ac2  =   1.000000e+06  -1.000000e+00   1.000001e+06
*           ca1_av2  =   1.000000e+06  -1.000000e+00   1.000001e+06
*           ca2_ca2  =   1.000000e+06   0.000000e+00   1.000000e+06
*           ca2_ac1  =   1.000000e+06   1.670000e+00   9.999983e+05
*           ca2_av1  =   1.000000e+06  -1.000000e+00   1.000001e+06
*           ca2_ac2  =   1.000000e+06  -1.000000e+00   1.000001e+06
*           ca2_av2  =   1.000000e+06  -1.000000e+00   1.000001e+06
*           ac1_ac1  =   1.000000e+06   3.340000e+00   9.999967e+05
*           ac1_av1  =   1.000000e+06  -1.000000e+00   1.000001e+06
*           ac1_ac2  =   1.000000e+06  -1.000000e+00   1.000001e+06
*           ac1_av2  =   1.000000e+06  -1.000000e+00   1.000001e+06
*           av1_av1  =   1.000000e+06  -1.000000e+00   1.000001e+06
*           av1_av2  =   1.000000e+06  -1.000000e+00   1.000001e+06
*           av2_av2  =   1.000000e+06  -1.000000e+00   1.000001e+06
*
*
*
**********************************************************************
*
*         - Final Simplex relaxation with restarts -
*
**********************************************************************
*
*
****************************************************************
*
*
*        - Simplex Minimiziation Routine -
*
*
* Note: No aspect ratio constraint.
*
*
*            n_simp  =        15                   D.O.F.
*         simp_nmax  =      4500                max moves
*       simp_errlim  =  1.00e-08
*
*
*         - Initializing simplex arrays -
*
*
*      nfunk           rtol        pf        ar     ortho             e_ion              e_ss             e_tot
*X        12     4.1277e-03   0.52932   1.03647   0.73545    -1.2026862e+00     0.0000000e+00    -1.2026862e+00
*X      2000     1.5712e-05   0.57152   1.07318   0.66561    -1.2236587e+00     0.0000000e+00    -1.2236587e+00
*X      4000     4.8043e-05   0.57596   1.05663   0.67112    -1.2275231e+00     0.0000000e+00    -1.2275231e+00
*
*         simp_runs  =      4501               simp moves
*              rtol  =  2.72e-06               final rtol
*
* Simplex restart no. 1 of 10
*
*         - Initializing simplex arrays -
*
*
*      nfunk           rtol        pf        ar     ortho             e_ion              e_ss             e_tot
*X        12     1.5105e+00   0.57584   1.05478   0.67246    -1.2275592e+00     0.0000000e+00    -1.2275592e+00
*X      2001     2.7215e-06   0.57884   1.04879   0.67356    -1.2304780e+00     0.0000000e+00    -1.2304780e+00
*
*         simp_runs  =      3812               simp moves
*              rtol  =  9.91e-09               final rtol
*
* Simplex restart no. 2 of 10
*
*         - Initializing simplex arrays -
*
*
*      nfunk           rtol        pf        ar     ortho             e_ion              e_ss             e_tot
*X        11     1.4996e+00   0.57930   1.04770   0.67385    -1.2309595e+00     0.0000000e+00    -1.2309595e+00
*X      2000     1.9527e-06   0.57251   1.02037   0.69046    -1.2320746e+00     0.0000000e+00    -1.2320746e+00
*
*         simp_runs  =      2521               simp moves
*              rtol  =  9.33e-09               final rtol
*
* Simplex restart no. 3 of 10
*
*         - Initializing simplex arrays -
*
*
*      nfunk           rtol        pf        ar     ortho             e_ion              e_ss             e_tot
*X        11     1.4912e+00   0.57231   1.01902   0.69133    -1.2321241e+00     0.0000000e+00    -1.2321241e+00
*X      2000     9.6763e-07   0.57418   1.02830   0.68791    -1.2329882e+00     0.0000000e+00    -1.2329882e+00
*
*         simp_runs  =      2867               simp moves
*              rtol  =  9.33e-09               final rtol
*
* Simplex restart no. 4 of 10
*
*         - Initializing simplex arrays -
*
*
*      nfunk           rtol        pf        ar     ortho             e_ion              e_ss             e_tot
*X        11     1.5421e+00   0.57432   1.02869   0.68754    -1.2330528e+00     0.0000000e+00    -1.2330528e+00
*
*         simp_runs  =      1766               simp moves
*              rtol  =  9.71e-09               final rtol
*
* Simplex restart no. 5 of 10
*
*         - Initializing simplex arrays -
*
*
*      nfunk           rtol        pf        ar     ortho             e_ion              e_ss             e_tot
*X        11     1.4928e+00   0.57506   1.02975   0.68793    -1.2335719e+00     0.0000000e+00    -1.2335719e+00
*
*         simp_runs  =      1654               simp moves
*              rtol  =  9.85e-09               final rtol
*
* Simplex restart no. 6 of 10
*
*         - Initializing simplex arrays -
*
*
*      nfunk           rtol        pf        ar     ortho             e_ion              e_ss             e_tot
*X        11     1.4925e+00   0.57494   1.02756   0.68901    -1.2336485e+00     0.0000000e+00    -1.2336485e+00
*X      2001     3.4574e-06   0.57505   1.02527   0.69309    -1.2342225e+00     0.0000000e+00    -1.2342225e+00
*
*         simp_runs  =      2270               simp moves
*              rtol  =  9.94e-09               final rtol
*
* Simplex restart no. 7 of 10
*
*         - Initializing simplex arrays -
*
*
*      nfunk           rtol        pf        ar     ortho             e_ion              e_ss             e_tot
*X        11     1.4885e+00   0.57505   1.02527   0.69309    -1.2342226e+00     0.0000000e+00    -1.2342226e+00
*
*         simp_runs  =      1200               simp moves
*              rtol  =  9.14e-09               final rtol
*
* Simplex restart no. 8 of 10
*
*         - Initializing simplex arrays -
*
*
*      nfunk           rtol        pf        ar     ortho             e_ion              e_ss             e_tot
*X        11     1.4865e+00   0.57512   1.02566   0.69315    -1.2342613e+00     0.0000000e+00    -1.2342613e+00
*
*         simp_runs  =      1257               simp moves
*              rtol  =  8.80e-09               final rtol
*
* Simplex restart no. 9 of 10
*
*         - Initializing simplex arrays -
*
*
*      nfunk           rtol        pf        ar     ortho             e_ion              e_ss             e_tot
*X        11     1.4884e+00   0.57513   1.02562   0.69316    -1.2342708e+00     0.0000000e+00    -1.2342708e+00
*
*         simp_runs  =       841               simp moves
*              rtol  =  9.83e-09               final rtol
*
* Simplex restart no. 10 of 10
*
*         - Initializing simplex arrays -
*
*
*      nfunk           rtol        pf        ar     ortho             e_ion              e_ss             e_tot
*X        11     1.4884e+00   0.57513   1.02562   0.69316    -1.2342709e+00     0.0000000e+00    -1.2342709e+00
*
*         simp_runs  =       869               simp moves
*              rtol  =  9.76e-09               final rtol
*
****************************************************************
*
*          - Parameters at Post Simplex -
*
* Lattice parameters:
*
*             lat a  =    3.9775
*             lat b  =    4.0794
*             lat c  =    4.0268
*             alpha  =   58.2314
*             beta   =   89.9999
*             gamma  =   60.5094
*          cell vol  =   45.2897
*          cv/ortho  =    0.6932
*
* Energies:
*               ecc  = -1.2343e+00
*               eng  =  0.0000e+00
*
*
* Geometry:
*
*      packing frac  =    0.5751
*      aspect ratio  =    1.0256
*
* (dE/dV):
*                Px  =  8.7190e-03                    x-dir
*                Py  =  9.8420e-03                    y-dir
*                Pz  =  1.0000e+04                    z-dir
*
* Distances (PBC only):
*                                 min           hard           diff
*           ca1_ca1  =   1.000000e+06   2.320000e+00   9.999977e+05
*           ca1_ca2  =   1.000000e+06   1.160000e+00   9.999988e+05
*           ca1_ac1  =   2.830000e+00   2.830000e+00   1.761193e-08
*           ca1_av1  =   1.000000e+06  -1.000000e+00   1.000001e+06
*           ca1_ac2  =   1.000000e+06  -1.000000e+00   1.000001e+06
*           ca1_av2  =   1.000000e+06  -1.000000e+00   1.000001e+06
*           ca2_ca2  =   1.000000e+06   0.000000e+00   1.000000e+06
*           ca2_ac1  =   1.000000e+06   1.670000e+00   9.999983e+05
*           ca2_av1  =   1.000000e+06  -1.000000e+00   1.000001e+06
*           ca2_ac2  =   1.000000e+06  -1.000000e+00   1.000001e+06
*           ca2_av2  =   1.000000e+06  -1.000000e+00   1.000001e+06
*           ac1_ac1  =   1.000000e+06   3.340000e+00   9.999967e+05
*           ac1_av1  =   1.000000e+06  -1.000000e+00   1.000001e+06
*           ac1_ac2  =   1.000000e+06  -1.000000e+00   1.000001e+06
*           ac1_av2  =   1.000000e+06  -1.000000e+00   1.000001e+06
*           av1_av1  =   1.000000e+06  -1.000000e+00   1.000001e+06
*           av1_av2  =   1.000000e+06  -1.000000e+00   1.000001e+06
*           av2_av2  =   1.000000e+06  -1.000000e+00   1.000001e+06
*
*
***********************************************************
*        - Process and timing information -
*
* user time:   0 h 00 m 12.970667 s
* syst time:   0 h 00 m 00.020001 s
* signals: 0
* voluntary context switches: 7
* involuntary context switches: 16
*
***********************************************************
*SS symsearch output
*SS ( use:  | awk '($1=="*S"){print $0}' | sed 's/*S //' > temp.out )
*S Title
*S 1                 search type
*S 5.0 0.00001       displacement rms max min
*S 0.1 0.00001       strain rms max min
*S 1                 lattice input type
*S      3.97748     0.00000     0.00000
*S      2.00820     3.55085     0.00000
*S      0.00001     2.43565     3.20670
*S 1 0 0
*S 0 1 0
*S 0 0 1
*S 2                 number of atoms
*S 11 0
*S      0.94564     0.84769     0.19957
*S      0.44547     0.84802     0.69939
*FF findsym output
*FF ( use:  | awk '($1=="*F"){print $0}' | sed 's/*F //' > temp.out )
*F Title
*F 0.001       displacement rms max min
*F 1                 lattice input type
*F      3.97748     0.00000     0.00000
*F      2.00820     3.55085     0.00000
*F      0.00001     2.43565     3.20670
*F 1               basis vector in type
*F 1 0 0
*F 0 1 0
*F 0 0 1
*F 2                 number of atoms
*F 11 0
*F      0.94564     0.84769     0.19957
*F      0.44547     0.84802     0.69939
*DD powder output
*DD (use: | awk '($1=="*D"){print $0}' | sed 's/*D //' > temp.out )
*D 2
*D      3.97748     4.07939     4.02683
*D     58.23145    89.99985    60.50942
*D      0.94564     0.84769     0.19957        11
*D      0.44547     0.84802     0.69939         0
*PP poscar output
*PP (use: | awk '($1=="*P"){print $0}' | sed 's/*P //' > temp.out )
*P Z: 11 17 
*P 1.0 
*P      3.97748135     0.00000000     0.00000000
*P      2.00820377     3.55084957     0.00000000
*P      0.00001020     2.43564560     3.20670399
*P 1 1 0 
*P Direct
*P       0.945641082270      0.847689752969      0.199568792976
*P       0.445474605103      0.848016943844      0.699393034492
*QQ poscar output
*QQ (use: | awk '($1=="*Q"){print $0}' | sed 's/*Q //' > temp.out )
*Q +1.000000000000 -1.000000000000 
*Q 1.0 
*Q      3.97748135     0.00000000     0.00000000
*Q      2.00820377     3.55084957     0.00000000
*Q      0.00001020     2.43564560     3.20670399
*Q 1 1 0 
*Q Direct
*Q       0.945641082270      0.847689752969      0.199568792976
*Q       0.445474605103      0.848016943844      0.699393034492
*RR restart output
*RR (use: | awk '($1=="*R"){print $0}' | sed 's/*R //' > temp.out )
*R     3.977481350221    4.079389050143    4.026825048234
*R     1.016330473801    1.570793794432    1.056088534966
*R      1
*R      1     1
*R   -1.000000000000000   0.000000000000000
*R     0.000000000000    1.670000000000    0.000000000000    17     0
*R      1
*R      1   1.000000000000000
*R     1.160000000000    11
*R     0.945641082270    0.847689752969    0.199568792976
*R     0.445474605103    0.848016943844    0.699393034492
* XBS output
* CATION:
atom C     5.463605560    3.496097644    0.639958045
spec C     1.160000000    1.000000000    0.000000000    0.000000000
* ANION:
atom A     3.474864888    4.714654164    2.242746435
spec A     1.670000000    0.000000000    0.000000000    1.000000000
spec V     0.000000000    0.000000000    1.000000000    0.000000000
bonds A V  0.000000000    0.000000000    0.010000000    Black
* CELL PARAMETERS AND BORDER
atom 0    0.00000   0.00000   0.00000
atom 1    3.97748   0.00000   0.00000
atom 2    5.98569   3.55085   0.00000
atom 3    2.00820   3.55085   0.00000
atom 4    0.00001   2.43565   3.20670
atom 5    3.97749   2.43565   3.20670
atom 6    5.98570   5.98650   3.20670
atom 7    2.00821   5.98650   3.20670
spec 0     0.050000000    0.000000000    0.000000000    0.000000000
spec 1     0.050000000    0.000000000    0.000000000    0.000000000
spec 2     0.050000000    0.000000000    0.000000000    0.000000000
spec 3     0.050000000    0.000000000    0.000000000    0.000000000
spec 4     0.050000000    0.000000000    0.000000000    0.000000000
spec 5     0.050000000    0.000000000    0.000000000    0.000000000
spec 6     0.050000000    0.000000000    0.000000000    0.000000000
spec 7     0.050000000    0.000000000    0.000000000    0.000000000
bonds 0 1  3.973503869    3.981458832    0.010000000    Black
bonds 3 2  3.973503869    3.981458832    0.010000000    Black
bonds 4 5  3.973503869    3.981458832    0.010000000    Black
bonds 6 7  3.973503869    3.981458832    0.010000000    Black
bonds 1 2  4.075309661    4.083468439    0.010000000    Black
bonds 0 3  4.075309661    4.083468439    0.010000000    Black
bonds 5 6  4.075309661    4.083468439    0.010000000    Black
bonds 4 7  4.075309661    4.083468439    0.010000000    Black
bonds 0 4  4.022798223    4.030851873    0.010000000    Black
bonds 1 5  4.022798223    4.030851873    0.010000000    Black
bonds 2 6  4.022798223    4.030851873    0.010000000    Black
bonds 3 7  4.022798223    4.030851873    0.010000000    Black
inc 5.000000
dup    3.97748   0.00000   0.00000
dup    2.00820   3.55085   0.00000
dup    0.00001   2.43565   3.20670
