*************************************************
*	pack	(version 4.12.0.5)
*	Eric Majzoub
*	Sandia National Laboratories
*************************************************
*  Source file: main.c
*  Compile date: Dec 27 2012
*  Compile time: 17:19:04
*  commandline = /projects/e20438/bin/pack-4.12.0.5/pack_exe -f ../../NaCl_pegs.in -P -R -r 400 -t 5 -g 6776 
*  input file = ../../NaCl_pegs.in
**********************************************************************
**********************************************************************
**********************************************************************
* 
*       - General run comments -
* 
* WARN: no Rotations in Metropolis (-R flag).
* WARN: all anionic charge on center atom (-P flag).
*
**********************************************************************
*           - Input parameters -
*
*           restart  =         0         1 = restart calc
*        autoadjust  =         1   automatically set temp
*          aa_using  =         1        1=rej pct, 2=pCnt
*         basin hop  =         0           number of hops
*     non_per_ewald  =         0          1=nanopart calc
*
*             lat a  =   10.0000
*             lat b  =   10.0000
*             lat c  =   10.0000
*             alpha  =    1.5708
*             beta   =    1.5708
*             gamma  =    1.5708
*          cell vol  = 1000.0000
*      sqsh vol pct  =    0.2000
* 
*          cell_min  =    1.6700              min lat vec
*          cell_max  =  167.0000              max lat vec
* 
*         n_type_an  =         1          num type anions
*            num_an  =         1           tot num anions
* 
*          num_an_1  =         1        num anions type 1
*        num_vert_1  =         1     1=sph 2=dim 5=tet...
*       an_chrg_c_1  =   -1.0000      anion center charge
*       an_chrg_v_1  =    0.0000      anion vertex charge
*     tot_an_chrg_1  =   -1.0000       total anion charge
*           Rcent_1  =    1.6700         anion center rad
*           Rvert_1  =    0.0000         anion vertex rad
*             cvd_1  =    0.0000        cent to vert dist
*           Zcent_1  =        17           anion center Z
*           Zvert_1  =         0           anion vertex Z
* 
*          num_an_2  =         0        num anions type 2
*        num_vert_2  =         0     1=sph 2=dim 5=tet...
*       an_chrg_c_2  =    0.0000      anion center charge
*       an_chrg_v_2  =    0.0000      anion vertex charge
*     tot_an_chrg_2  =    0.0000       total anion charge
*           Rcent_2  =    0.0000         anion center rad
*           Rvert_2  =    0.0000         anion vertex rad
*             cvd_2  =    0.0000        cent to vert dist
*           Zcent_2  =         0           anion center Z
*           Zvert_2  =         0           anion vertex Z
* 
*         n_type_ca  =         1            num type cats
*            num_ca  =         1          tot num cations
* 
*          num_ca_1  =         1        num cations typ 1
*         ca_chrg_1  =    1.0000        cation chrg typ 1
*            Rcat_1  =    1.1600         cation rad typ 1
*            Zcat_1  =        11           cation Z typ 1
* 
*            C2VTOL  =  1.00e-08            c2v tolerance
*            ERRLIM  =  1.00e-06
*       REP_EPSILON  =  1.00e+00        soft sphere repul
*    TRANS_FRAC_MAX  =    0.5000                    fixed
*    TRANS_FRAC_MIN  =    0.0200
*      MAX_ANG_CHNG  =    9.9695                  degrees
*    VOLUM_FRAC_MAX  =    0.0700
*         EXT_PRESS  =  0.00e+00        external pressure
*      SQSH_VOL_PCT  =    0.2000             min orth val
*        ASPECT_MAX  =   20.0000                cell parm
*            dplane  =    1.6700            min plane sep
*      SCALE_FACTOR  =    1.2500         bhop max scaling
* 
*            d.o.f.  =        12       degrees of freedom
*          runs/dof  =       400         loops per d.o.f.
*              runs  =      4800              loops per T
*               ncc  =     19200     config changes per T
*            t_runs  =         5           num temp steps
*             efunc  =         0               0=SS  1=LJ
*       N_HALT_CHNG  =        15      halts after N 100%s
*
*      anneal_sched  =         3   0=lin or exp(-run_n^n)
*         temp_init  =  1.00e+00             initial temp
*         temp_finl  =  1.00e-03               final temp
* 
*          trn_chng  =         1              0=off  1=on
*          rot_chng  =         0              0=off  1=on
*          lat_chng  =         1              0=off  1=on
*          swp_chng  =         1              0=off  1=on
* 
*     SIMP_RESTARTS  =        11     no. simplex restarts
*  SIMP_RESTARTS BH  =        21  basin hop simp restarts
*         SIMP_NMAX  =      4500        max simplex iters
*          SIMP_DEG  =    1.0000          anion start deg
*         SIMP_LAMB  =    0.0100        vertex start frac
*       SIMP_ERRLIM  =  1.00e-08              error limit
* 
*           aa runs  =      1200           config changes
*      aa runs_step  =        10   config change increase
*       aa runs_max  =      1500  max auto config changes
*         aa t_runs  =         3            num temp runs
*      aa temp_step  =    0.5000                temp step
* 
*        aa chng hi  =         3  1=trn 2=rot 3=lat 4=swp
*        aa chng lo  =         3  1=trn 2=rot 3=lat 4=swp
* 
*      aa ht_pct_hi  =     0.650             high rej pct
*      aa ht_pct_lo  =     0.600             low  rej pct
* 
*      aa lt_pct_hi  =     0.999             high rej pct
*      aa lt_pct_lo  =     0.950             low  rej pct
* 
*            tmpfile =                   PR19367-best.tmp
* 
* Checking for out of bounds fractional coords.
*
**********************************************************************
*
*          - Parameters at START -
*
* Lattice parameters:
*
*             lat a  =   10.0000
*             lat b  =   10.0000
*             lat c  =   10.0000
*             alpha  =   90.0000
*             beta   =   90.0000
*             gamma  =   90.0000
*          cell vol  = 1000.0000
*          cv/ortho  =    1.0000
*
* Energies:
*               ecc  = -4.1342e-01
*               eng  =  0.0000e+00
*
*
* Geometry:
*
*      packing frac  =    0.0260
*      aspect ratio  =    1.0000
*
* (dE/dV):
*                Px  =  1.5065e-04                    x-dir
*                Py  =  1.4851e-04                    y-dir
*                Pz  =  1.1426e-04                    z-dir
*
* Distances (PBC only):
*                                 min           hard           diff
*           ca1_ca1  =   1.000000e+06   2.320000e+00   9.999977e+05
*           ca1_ca2  =   1.000000e+06   1.160000e+00   9.999988e+05
*           ca1_ac1  =   7.763186e+00   2.830000e+00   4.933186e+00
*           ca1_av1  =   1.000000e+06  -1.000000e+00   1.000001e+06
*           ca1_ac2  =   1.000000e+06  -1.000000e+00   1.000001e+06
*           ca1_av2  =   1.000000e+06  -1.000000e+00   1.000001e+06
*           ca2_ca2  =   1.000000e+06   0.000000e+00   1.000000e+06
*           ca2_ac1  =   1.000000e+06   1.670000e+00   9.999983e+05
*           ca2_av1  =   1.000000e+06  -1.000000e+00   1.000001e+06
*           ca2_ac2  =   1.000000e+06  -1.000000e+00   1.000001e+06
*           ca2_av2  =   1.000000e+06  -1.000000e+00   1.000001e+06
*           ac1_ac1  =   1.000000e+06   3.340000e+00   9.999967e+05
*           ac1_av1  =   1.000000e+06  -1.000000e+00   1.000001e+06
*           ac1_ac2  =   1.000000e+06  -1.000000e+00   1.000001e+06
*           ac1_av2  =   1.000000e+06  -1.000000e+00   1.000001e+06
*           av1_av1  =   1.000000e+06  -1.000000e+00   1.000001e+06
*           av1_av2  =   1.000000e+06  -1.000000e+00   1.000001e+06
*           av2_av2  =   1.000000e+06  -1.000000e+00   1.000001e+06
*
*
*
**********************************************************************
*
* ------------------------------------------------------------
*              Autoadjust high temperatrure:
* ------------------------------------------------------------
*              Autoadjusting on 3 (1=trn,2=rot,3=lat,4=swp)
*
**********************************************************************
*
*                 -- Autoadjust Metropolis Run --
*
*   autoadjust_temp_init  =  1.0000e+00
*   autoadjust_temp_step  =  5.0000e-01
*        autoadjust_runs  =        1200         configs per temp
*       autoadjust_count  =           1
*
**********************************************************************
*
* Metropolis: 3 temperature runs with these parameters:
*
*              runs  =      1200              loops per T
*               T_0  = 1.000e+00             initial temp
*               T_L  = 1.000e+00               final temp
*           T_alpha  = 8.000e+09          annealing alpha
*
*            T = T_0 * exp( -run_num**3 / T_alpha )
*
**********************************************************************
*H run      Temp       E_ion        E_ss   cel vol       SigPF       ar     ortho        pCnt          % Rejected Changes
*H                                                                                                 trn      rot      lat      swp
*T   1  1.00e+00  -6.608e-01  +0.000e+00    545.27   1.048e-02    2.602     0.526   2.091e-02     7.75     0.00     1.00     0.00
*T   2  1.00e+00  -2.935e-01  +0.000e+00   5223.97   4.794e-02    2.962     0.574   6.886e-02    18.33     0.00     3.42     0.00
*T   3  1.00e+00  -5.770e-01  +0.000e+00   1091.39   1.617e-02    2.190     0.728   4.615e-02    11.83     0.00     1.75     0.00
*
**********************************************************************
*
*                 -- AUTOADJUST [1] OUT --
*
*     target: lo % = 60.000000      hi % = 65.000000
*     Autoadjust % =  1.750000
*     Autoadjust: Lowering the temperature 5.000e-01 [a.u.]
*
**********************************************************************
*
*                 -- Autoadjust Metropolis Run --
*
*   autoadjust_temp_init  =  5.0000e-01
*   autoadjust_temp_step  =  5.0000e-01
*        autoadjust_runs  =        1210         configs per temp
*       autoadjust_count  =           2
*
**********************************************************************
*
* Metropolis: 3 temperature runs with these parameters:
*
*              runs  =      1210              loops per T
*               T_0  = 5.000e-01             initial temp
*               T_L  = 4.995e-01               final temp
*           T_alpha  = 7.996e+03          annealing alpha
*
*            T = T_0 * exp( -run_num**3 / T_alpha )
*
**********************************************************************
*H run      Temp       E_ion        E_ss   cel vol       SigPF       ar     ortho        pCnt          % Rejected Changes
*H                                                                                                 trn      rot      lat      swp
*T   1  5.00e-01  -6.215e-01  +0.000e+00    901.77   2.538e-02    1.617     0.411   7.630e-02    22.40     0.00     2.98     0.00
*T   2  5.00e-01  -9.748e-01  +0.000e+00    104.41   1.043e-01    2.534     0.394   2.324e-01    57.85     0.00     7.60     0.00
*T   3  4.99e-01  -2.129e-01  +0.000e+00  10416.70   4.724e-02    3.301     0.513   6.844e-01    44.05     0.00     4.38     0.00
*
**********************************************************************
*
*                 -- AUTOADJUST [2] OUT --
*
*     target: lo % = 60.000000      hi % = 65.000000
*     Autoadjust % =  4.380165
*     Autoadjust: special case: (T-Tstep) = 0.000e+00 [a.u.]
*     Autoadjust: special case: ===> drop temp step to: 2.250e-01 [a.u.]
*     Autoadjust: Lowering the temperature 2.250e-01 [a.u.]
*
**********************************************************************
*
*                 -- Autoadjust Metropolis Run --
*
*   autoadjust_temp_init  =  2.7500e-01
*   autoadjust_temp_step  =  2.2500e-01
*        autoadjust_runs  =        1220         configs per temp
*       autoadjust_count  =           3
*
**********************************************************************
*
* Metropolis: 3 temperature runs with these parameters:
*
*              runs  =      1220              loops per T
*               T_0  = 2.750e-01             initial temp
*               T_L  = 2.747e-01               final temp
*           T_alpha  = 7.996e+03          annealing alpha
*
*            T = T_0 * exp( -run_num**3 / T_alpha )
*
**********************************************************************
*H run      Temp       E_ion        E_ss   cel vol       SigPF       ar     ortho        pCnt          % Rejected Changes
*H                                                                                                 trn      rot      lat      swp
*T   1  2.75e-01  -8.738e-02  +0.000e+00   3746.17   4.868e-02    2.938     0.549   7.489e-01    53.03     0.00     8.20     0.00
*T   2  2.75e-01  -4.680e-01  +0.000e+00   1605.45   2.042e-02    2.414     0.413   8.916e-01    59.59     0.00     5.16     0.00
*T   3  2.75e-01  -7.821e-01  +0.000e+00    282.75   3.246e-02    1.632     0.445   5.795e-01    35.49     0.00     5.41     0.00
*
**********************************************************************
*
*                 -- AUTOADJUST [3] OUT --
*
*     target: lo % = 60.000000      hi % = 65.000000
*     Autoadjust % =  5.409836
*     Autoadjust: Lowering the temperature 2.250e-01 [a.u.]
*
**********************************************************************
*
*                 -- Autoadjust Metropolis Run --
*
*   autoadjust_temp_init  =  5.0000e-02
*   autoadjust_temp_step  =  2.2500e-01
*        autoadjust_runs  =        1230         configs per temp
*       autoadjust_count  =           4
*
**********************************************************************
*
* Metropolis: 3 temperature runs with these parameters:
*
*              runs  =      1230              loops per T
*               T_0  = 5.000e-02             initial temp
*               T_L  = 4.995e-02               final temp
*           T_alpha  = 7.996e+03          annealing alpha
*
*            T = T_0 * exp( -run_num**3 / T_alpha )
*
**********************************************************************
*H run      Temp       E_ion        E_ss   cel vol       SigPF       ar     ortho        pCnt          % Rejected Changes
*H                                                                                                 trn      rot      lat      swp
*T   1  5.00e-02  -1.000e+00  +0.000e+00     90.77   1.245e-01    1.382     0.466   2.923e+00    83.66     0.00    27.80     0.00
*T   2  5.00e-02  -8.796e-01  +0.000e+00    198.46   1.345e-01    1.629     0.590   3.486e+00    90.41     0.00    31.54     0.00
*T   3  5.00e-02  -9.292e-01  +0.000e+00     90.20   1.710e-01    2.124     0.595   1.788e+00    93.25     0.00    35.53     0.00
*
**********************************************************************
*
*                 -- AUTOADJUST [4] OUT --
*
*     target: lo % = 60.000000      hi % = 65.000000
*     Autoadjust % = 35.528455
*     Autoadjust: special case: (T-Tstep) = -1.750e-01 [a.u.]
*     Autoadjust: special case: ===> drop temp step to: 1.013e-01 [a.u.]
*     Autoadjust: special case: (T-Tstep) = -5.125e-02 [a.u.]
*     Autoadjust: special case: ===> drop temp step to: 4.556e-02 [a.u.]
*     Autoadjust: Lowering the temperature 4.556e-02 [a.u.]
*
**********************************************************************
*
*                 -- Autoadjust Metropolis Run --
*
*   autoadjust_temp_init  =  4.4375e-03
*   autoadjust_temp_step  =  4.5563e-02
*        autoadjust_runs  =        1240         configs per temp
*       autoadjust_count  =           5
*
**********************************************************************
*
* Metropolis: 3 temperature runs with these parameters:
*
*              runs  =      1240              loops per T
*               T_0  = 4.438e-03             initial temp
*               T_L  = 4.433e-03               final temp
*           T_alpha  = 7.996e+03          annealing alpha
*
*            T = T_0 * exp( -run_num**3 / T_alpha )
*
**********************************************************************
*H run      Temp       E_ion        E_ss   cel vol       SigPF       ar     ortho        pCnt          % Rejected Changes
*H                                                                                                 trn      rot      lat      swp
*T   1  4.44e-03  -1.127e+00  +0.000e+00     60.71   2.557e-01    2.029     0.485   9.328e+01    99.84     0.00    90.65     0.00
*T   2  4.44e-03  -1.177e+00  +0.000e+00     54.18   2.943e-01    1.921     0.476   2.577e+01    99.92     0.00    88.39     0.00
*T   3  4.43e-03  -1.178e+00  +0.000e+00     54.71   3.045e-01    1.886     0.440   2.272e+00   100.00     0.00    90.73     0.00
*
**********************************************************************
*
*                 -- AUTOADJUST [5] OUT --
*
*     target: lo % = 60.000000      hi % = 65.000000
*     Autoadjust % = 90.725806
*     Autoadjust: overshot! drop temp step to: 2.050e-02 [a.u.]
*     Autoadjust: Raising the temperature 2.050e-02 [a.u.]
*
**********************************************************************
*
*                 -- Autoadjust Metropolis Run --
*
*   autoadjust_temp_init  =  2.4941e-02
*   autoadjust_temp_step  =  2.0503e-02
*        autoadjust_runs  =        1250         configs per temp
*       autoadjust_count  =           6
*
**********************************************************************
*
* Metropolis: 3 temperature runs with these parameters:
*
*              runs  =      1250              loops per T
*               T_0  = 2.494e-02             initial temp
*               T_L  = 2.492e-02               final temp
*           T_alpha  = 7.996e+03          annealing alpha
*
*            T = T_0 * exp( -run_num**3 / T_alpha )
*
**********************************************************************
*H run      Temp       E_ion        E_ss   cel vol       SigPF       ar     ortho        pCnt          % Rejected Changes
*H                                                                                                 trn      rot      lat      swp
*T   1  2.49e-02  -1.080e+00  +0.000e+00     75.40   1.851e-01    2.257     0.396   5.837e+00    95.76     0.00    52.56     0.00
*T   2  2.49e-02  -1.095e+00  +0.000e+00     67.98   1.360e-01    2.090     0.448   6.867e+00    93.68     0.00    46.00     0.00
*T   3  2.49e-02  -1.020e+00  +0.000e+00     86.28   1.669e-01    1.369     0.684   4.169e+00    94.96     0.00    51.76     0.00
*
**********************************************************************
*
*                 -- AUTOADJUST [6] OUT --
*
*     target: lo % = 60.000000      hi % = 65.000000
*     Autoadjust % = 51.760000
*     Autoadjust: overshot! drop temp step to: 9.226e-03 [a.u.]
*     Autoadjust: Lowering the temperature 9.226e-03 [a.u.]
*
**********************************************************************
*
*                 -- Autoadjust Metropolis Run --
*
*   autoadjust_temp_init  =  1.5714e-02
*   autoadjust_temp_step  =  9.2264e-03
*        autoadjust_runs  =        1260         configs per temp
*       autoadjust_count  =           7
*
**********************************************************************
*
* Metropolis: 3 temperature runs with these parameters:
*
*              runs  =      1260              loops per T
*               T_0  = 1.571e-02             initial temp
*               T_L  = 1.570e-02               final temp
*           T_alpha  = 7.996e+03          annealing alpha
*
*            T = T_0 * exp( -run_num**3 / T_alpha )
*
**********************************************************************
*H run      Temp       E_ion        E_ss   cel vol       SigPF       ar     ortho        pCnt          % Rejected Changes
*H                                                                                                 trn      rot      lat      swp
*T   1  1.57e-02  -1.082e+00  +0.000e+00     66.82   2.164e-01    1.606     0.668   6.211e+00    98.57     0.00    65.63     0.00
*T   2  1.57e-02  -1.047e+00  +0.000e+00     77.52   1.970e-01    1.465     0.637   1.952e+00    98.65     0.00    65.08     0.00
*T   3  1.57e-02  -1.047e+00  +0.000e+00     78.61   2.191e-01    1.199     0.623   6.956e+00    98.33     0.00    65.79     0.00
*
**********************************************************************
*
*                 -- AUTOADJUST [7] OUT --
*
*     target: lo % = 60.000000      hi % = 65.000000
*     Autoadjust % = 65.793651
*     Autoadjust: overshot! drop temp step to: 4.152e-03 [a.u.]
*     Autoadjust: Raising the temperature 4.152e-03 [a.u.]
*
**********************************************************************
*
*                 -- Autoadjust Metropolis Run --
*
*   autoadjust_temp_init  =  1.9866e-02
*   autoadjust_temp_step  =  4.1519e-03
*        autoadjust_runs  =        1270         configs per temp
*       autoadjust_count  =           8
*
**********************************************************************
*
* Metropolis: 3 temperature runs with these parameters:
*
*              runs  =      1270              loops per T
*               T_0  = 1.987e-02             initial temp
*               T_L  = 1.985e-02               final temp
*           T_alpha  = 7.996e+03          annealing alpha
*
*            T = T_0 * exp( -run_num**3 / T_alpha )
*
**********************************************************************
*H run      Temp       E_ion        E_ss   cel vol       SigPF       ar     ortho        pCnt          % Rejected Changes
*H                                                                                                 trn      rot      lat      swp
*T   1  1.99e-02  -1.105e+00  +0.000e+00     67.26   1.897e-01    1.276     0.771   3.717e+00    97.80     0.00    57.32     0.00
*T   2  1.99e-02  -1.097e+00  +0.000e+00     59.65   1.998e-01    1.261     0.932   3.703e+00    98.43     0.00    58.50     0.00
*T   3  1.98e-02  -1.080e+00  +0.000e+00     64.89   2.261e-01    1.289     0.782   2.232e+00    99.45     0.00    58.66     0.00
*
**********************************************************************
*
*                 -- AUTOADJUST [8] OUT --
*
*     target: lo % = 60.000000      hi % = 65.000000
*     Autoadjust % = 58.661417
*     Autoadjust: overshot! drop temp step to: 1.868e-03 [a.u.]
*     Autoadjust: Lowering the temperature 1.868e-03 [a.u.]
*
**********************************************************************
*
*                 -- Autoadjust Metropolis Run --
*
*   autoadjust_temp_init  =  1.7998e-02
*   autoadjust_temp_step  =  1.8683e-03
*        autoadjust_runs  =        1280         configs per temp
*       autoadjust_count  =           9
*
**********************************************************************
*
* Metropolis: 3 temperature runs with these parameters:
*
*              runs  =      1280              loops per T
*               T_0  = 1.800e-02             initial temp
*               T_L  = 1.798e-02               final temp
*           T_alpha  = 7.996e+03          annealing alpha
*
*            T = T_0 * exp( -run_num**3 / T_alpha )
*
**********************************************************************
*H run      Temp       E_ion        E_ss   cel vol       SigPF       ar     ortho        pCnt          % Rejected Changes
*H                                                                                                 trn      rot      lat      swp
*T   1  1.80e-02  -1.118e+00  +0.000e+00     55.88   2.459e-01    1.635     0.522   2.950e+00    99.53     0.00    56.56     0.00
*T   2  1.80e-02  -1.094e+00  +0.000e+00     63.16   2.063e-01    1.677     0.574   7.814e+00    98.36     0.00    60.31     0.00
*T   3  1.80e-02  -1.032e+00  +0.000e+00     81.05   1.961e-01    1.523     0.439   1.033e+01    98.98     0.00    60.55     0.00
*
**********************************************************************
*
*                 -- AUTOADJUST [9] OUT --
*
*     target: lo % = 60.000000      hi % = 65.000000
*     Autoadjust % = 60.546875
*     Autoadjust: temp = 1.800e-02  is good!  Exiting autoadjust.
*
**********************************************************************
*
* ------------------------------------------------------------
*              Autoadjust low temperatrure:
* ------------------------------------------------------------
*              Autoadjusting on 3 (1=trn,2=rot,3=lat,4=swp)
*
**********************************************************************
*
*                 -- Autoadjust Metropolis Run --
*
*   autoadjust_temp_init  =  2.0000e-02
*   autoadjust_temp_step  =  5.0000e-01
*        autoadjust_runs  =        1200         configs per temp
*       autoadjust_count  =           1
*
**********************************************************************
*
* Metropolis: 3 temperature runs with these parameters:
*
*              runs  =      1200              loops per T
*               T_0  = 2.000e-02             initial temp
*               T_L  = 2.000e-02               final temp
*           T_alpha  = 1.600e+08          annealing alpha
*
*            T = T_0 * exp( -run_num**3 / T_alpha )
*
**********************************************************************
*H run      Temp       E_ion        E_ss   cel vol       SigPF       ar     ortho        pCnt          % Rejected Changes
*H                                                                                                 trn      rot      lat      swp
*T   1  2.00e-02  -1.101e+00  +0.000e+00     65.62   1.993e-01    1.671     0.519   5.031e+00    98.00     0.00    57.42     0.00
*T   2  2.00e-02  -9.527e-01  +0.000e+00    131.89   1.737e-01    1.869     0.363   6.885e+00    95.92     0.00    60.17     0.00
*T   3  2.00e-02  -1.072e+00  +0.000e+00     65.71   1.644e-01    1.640     0.381   6.665e+00    95.67     0.00    51.92     0.00
*
**********************************************************************
*
*                 -- AUTOADJUST [1] OUT --
*
*     target: lo % = 95.000000      hi % = 99.900000
*     Autoadjust % = 51.916667
*     Autoadjust: special case: (T-Tstep) = -4.800e-01 [a.u.]
*     Autoadjust: special case: ===> drop temp step to: 2.250e-01 [a.u.]
*     Autoadjust: special case: (T-Tstep) = -2.050e-01 [a.u.]
*     Autoadjust: special case: ===> drop temp step to: 1.013e-01 [a.u.]
*     Autoadjust: special case: (T-Tstep) = -8.125e-02 [a.u.]
*     Autoadjust: special case: ===> drop temp step to: 4.556e-02 [a.u.]
*     Autoadjust: special case: (T-Tstep) = -2.556e-02 [a.u.]
*     Autoadjust: special case: ===> drop temp step to: 2.050e-02 [a.u.]
*     Autoadjust: special case: (T-Tstep) = -5.031e-04 [a.u.]
*     Autoadjust: special case: ===> drop temp step to: 9.226e-03 [a.u.]
*     Autoadjust: Lowering the temperature 9.226e-03 [a.u.]
*
**********************************************************************
*
*                 -- Autoadjust Metropolis Run --
*
*   autoadjust_temp_init  =  1.0774e-02
*   autoadjust_temp_step  =  9.2264e-03
*        autoadjust_runs  =        1210         configs per temp
*       autoadjust_count  =           2
*
**********************************************************************
*
* Metropolis: 3 temperature runs with these parameters:
*
*              runs  =      1210              loops per T
*               T_0  = 1.077e-02             initial temp
*               T_L  = 1.076e-02               final temp
*           T_alpha  = 7.996e+03          annealing alpha
*
*            T = T_0 * exp( -run_num**3 / T_alpha )
*
**********************************************************************
*H run      Temp       E_ion        E_ss   cel vol       SigPF       ar     ortho        pCnt          % Rejected Changes
*H                                                                                                 trn      rot      lat      swp
*T   1  1.08e-02  -1.136e+00  +0.000e+00     57.43   2.698e-01    1.808     0.431   3.836e+00    99.83     0.00    76.78     0.00
*T   2  1.08e-02  -1.196e+00  +0.000e+00     47.41   2.715e-01    1.740     0.518   7.966e+00    99.67     0.00    73.39     0.00
*T   3  1.08e-02  -1.193e+00  +0.000e+00     49.61   2.876e-01    1.756     0.462   4.593e+00   100.00     0.00    71.57     0.00
*
**********************************************************************
*
*                 -- AUTOADJUST [2] OUT --
*
*     target: lo % = 95.000000      hi % = 99.900000
*     Autoadjust % = 71.570248
*     Autoadjust: Lowering the temperature 9.226e-03 [a.u.]
*
**********************************************************************
*
*                 -- Autoadjust Metropolis Run --
*
*   autoadjust_temp_init  =  1.5472e-03
*   autoadjust_temp_step  =  9.2264e-03
*        autoadjust_runs  =        1220         configs per temp
*       autoadjust_count  =           3
*
**********************************************************************
*
* Metropolis: 3 temperature runs with these parameters:
*
*              runs  =      1220              loops per T
*               T_0  = 1.547e-03             initial temp
*               T_L  = 1.546e-03               final temp
*           T_alpha  = 7.996e+03          annealing alpha
*
*            T = T_0 * exp( -run_num**3 / T_alpha )
*
**********************************************************************
*H run      Temp       E_ion        E_ss   cel vol       SigPF       ar     ortho        pCnt          % Rejected Changes
*H                                                                                                 trn      rot      lat      swp
*T   1  1.55e-03  -1.209e+00  +0.000e+00     47.66   3.501e-01    1.766     0.467   1.728e+02   100.00     0.00    94.75     0.00
*T   2  1.55e-03  -1.209e+00  +0.000e+00     47.59   3.587e-01    1.777     0.468   6.136e-01   100.00     0.00    96.89     0.00
*T   3  1.55e-03  -1.204e+00  +0.000e+00     48.11   3.577e-01    1.794     0.469   5.061e+00   100.00     0.00    96.89     0.00
*
**********************************************************************
*
*                 -- AUTOADJUST [3] OUT --
*
*     target: lo % = 95.000000      hi % = 99.900000
*     Autoadjust % = 96.885246
*     Autoadjust: temp = 1.547e-03  is good!  Exiting autoadjust.
*
**********************************************************************
*
*
*          -- Initializing cell contents --
*
*
*
**********************************************************************
*
*            -- Starting Metropolis calculation --
*
*              temp_init  = 1.800e-02
*
**********************************************************************
*
* Metropolis: 5 temperature runs with these parameters:
*
*              runs  =      4800              loops per T
*               T_0  = 1.800e-02             initial temp
*               T_L  = 1.547e-03               final temp
*           T_alpha  = 2.608e+01          annealing alpha
*
*            T = T_0 * exp( -run_num**3 / T_alpha )
*
**********************************************************************
*H run      Temp       E_ion        E_ss   cel vol       SigPF       ar     ortho        pCnt          % Rejected Changes
*H                                                                                                 trn      rot      lat      swp
*M   1  1.80e-02  -1.108e+00  +0.000e+00     68.93   2.233e-01    1.302     0.627   2.570e+01    98.38     0.00    57.46     0.00
*M   2  1.73e-02  -1.119e+00  +0.000e+00     59.99   2.135e-01    1.719     0.485   5.856e+00    98.67     0.00    63.98     0.00
*M   3  1.32e-02  -1.141e+00  +0.000e+00     45.83   2.623e-01    1.418     0.753   5.261e+00    99.73     0.00    71.85     0.00
*M   4  6.39e-03  -1.192e+00  +0.000e+00     40.09   3.830e-01    1.509     0.695   6.683e+00    99.98     0.00    83.52     0.00
*M   5  1.55e-03  -1.215e+00  +0.000e+00     37.88   4.388e-01    1.442     0.696   1.764e+01   100.00     0.00    95.90     0.00
*
**********************************************************************
*
*
*          - Parameters at Post Ewald-Metro -
*
* Lattice parameters:
*
*             lat a  =    3.3416
*             lat b  =    3.3779
*             lat c  =    4.8201
*             alpha  =   44.1590
*             beta   =   88.2052
*             gamma  =   88.4916
*          cell vol  =   37.8843
*          cv/ortho  =    0.6963
*
* Energies:
*               ecc  = -1.2146e+00
*               eng  =  0.0000e+00
*
*
* Geometry:
*
*      packing frac  =    0.6876
*      aspect ratio  =    1.4424
*
* (dE/dV):
*                Px  =  1.0259e-02                    x-dir
*                Py  =  1.1560e-02                    y-dir
*                Pz  =  1.0241e-02                    z-dir
*
* Distances (PBC only):
*                                 min           hard           diff
*           ca1_ca1  =   1.000000e+06   2.320000e+00   9.999977e+05
*           ca1_ca2  =   1.000000e+06   1.160000e+00   9.999988e+05
*           ca1_ac1  =   2.836568e+00   2.830000e+00   6.567565e-03
*           ca1_av1  =   1.000000e+06  -1.000000e+00   1.000001e+06
*           ca1_ac2  =   1.000000e+06  -1.000000e+00   1.000001e+06
*           ca1_av2  =   1.000000e+06  -1.000000e+00   1.000001e+06
*           ca2_ca2  =   1.000000e+06   0.000000e+00   1.000000e+06
*           ca2_ac1  =   1.000000e+06   1.670000e+00   9.999983e+05
*           ca2_av1  =   1.000000e+06  -1.000000e+00   1.000001e+06
*           ca2_ac2  =   1.000000e+06  -1.000000e+00   1.000001e+06
*           ca2_av2  =   1.000000e+06  -1.000000e+00   1.000001e+06
*           ac1_ac1  =   1.000000e+06   3.340000e+00   9.999967e+05
*           ac1_av1  =   1.000000e+06  -1.000000e+00   1.000001e+06
*           ac1_ac2  =   1.000000e+06  -1.000000e+00   1.000001e+06
*           ac1_av2  =   1.000000e+06  -1.000000e+00   1.000001e+06
*           av1_av1  =   1.000000e+06  -1.000000e+00   1.000001e+06
*           av1_av2  =   1.000000e+06  -1.000000e+00   1.000001e+06
*           av2_av2  =   1.000000e+06  -1.000000e+00   1.000001e+06
*
*
*
**********************************************************************
*
*         - Comparing with 'best' structure -
*
****************************************************************
*
*          best ecc  = -1.2150e+00
*          best eng  =  0.0000e+00
*           ecc+eng  = -1.2150e+00
*          best vol  =  3.7909e+01
*           best pf  =  6.8710e-01
*
*     post_runs ecc  = -1.2146e+00
*     post_runs eng  =  0.0000e+00
*           ecc+eng  = -1.2146e+00
*     post_runs vol  =  3.7884e+01
*      post_runs pf  =  6.8755e-01
*
*       dV / V_runs  =  6.6410e-04
*
*          ecc_diff  = -3.7777e-04
*          eng_diff  =  0.0000e+00
*
*
****************************************************************
*
*  mag_ecc_diff > mag_eng_diff AND within BEST_VOL AND
* 'best' has lower energy than post runs! --> swapping.
*
****************************************************************
*
*
*          - Parameters at Post 'best-swap' -
*
* Lattice parameters:
*
*             lat a  =    3.3526
*             lat b  =    3.3521
*             lat c  =    4.8506
*             alpha  =   44.1131
*             beta   =   87.6631
*             gamma  =   87.7655
*          cell vol  =   37.9095
*          cv/ortho  =    0.6954
*
* Energies:
*               ecc  = -1.2150e+00
*               eng  =  0.0000e+00
*
*
* Geometry:
*
*      packing frac  =    0.6871
*      aspect ratio  =    1.4470
*
* (dE/dV):
*                Px  =  1.0507e-02                    x-dir
*                Py  =  1.1101e-02                    y-dir
*                Pz  =  1.0441e-02                    z-dir
*
* Distances (PBC only):
*                                 min           hard           diff
*           ca1_ca1  =   1.000000e+06   2.320000e+00   9.999977e+05
*           ca1_ca2  =   1.000000e+06   1.160000e+00   9.999988e+05
*           ca1_ac1  =   2.864038e+00   2.830000e+00   3.403805e-02
*           ca1_av1  =   1.000000e+06  -1.000000e+00   1.000001e+06
*           ca1_ac2  =   1.000000e+06  -1.000000e+00   1.000001e+06
*           ca1_av2  =   1.000000e+06  -1.000000e+00   1.000001e+06
*           ca2_ca2  =   1.000000e+06   0.000000e+00   1.000000e+06
*           ca2_ac1  =   1.000000e+06   1.670000e+00   9.999983e+05
*           ca2_av1  =   1.000000e+06  -1.000000e+00   1.000001e+06
*           ca2_ac2  =   1.000000e+06  -1.000000e+00   1.000001e+06
*           ca2_av2  =   1.000000e+06  -1.000000e+00   1.000001e+06
*           ac1_ac1  =   1.000000e+06   3.340000e+00   9.999967e+05
*           ac1_av1  =   1.000000e+06  -1.000000e+00   1.000001e+06
*           ac1_ac2  =   1.000000e+06  -1.000000e+00   1.000001e+06
*           ac1_av2  =   1.000000e+06  -1.000000e+00   1.000001e+06
*           av1_av1  =   1.000000e+06  -1.000000e+00   1.000001e+06
*           av1_av2  =   1.000000e+06  -1.000000e+00   1.000001e+06
*           av2_av2  =   1.000000e+06  -1.000000e+00   1.000001e+06
*
*
*
**********************************************************************
*
*         - Final Simplex relaxation with restarts -
*
**********************************************************************
*
*
****************************************************************
*
*
*        - Simplex Minimiziation Routine -
*
*
* Note: No aspect ratio constraint.
*
*
*            n_simp  =        15                   D.O.F.
*         simp_nmax  =      4500                max moves
*       simp_errlim  =  1.00e-08
*
*
*         - Initializing simplex arrays -
*
*
*      nfunk           rtol        pf        ar     ortho             e_ion              e_ss             e_tot
*X        12     1.4490e+00   0.68710   1.44705   0.69543    -1.2149578e+00     0.0000000e+00    -1.2149578e+00
*X      2000     1.6748e-05   0.69990   1.42930   0.69873    -1.2212672e+00     0.0000000e+00    -1.2212672e+00
*
*         simp_runs  =      2903               simp moves
*              rtol  =  9.59e-09               final rtol
*
* Simplex restart no. 1 of 10
*
*         - Initializing simplex arrays -
*
*
*      nfunk           rtol        pf        ar     ortho             e_ion              e_ss             e_tot
*X        11     1.4381e+00   0.69999   1.42909   0.69883    -1.2213102e+00     0.0000000e+00    -1.2213102e+00
*X      2000     9.0184e-08   0.69999   1.42942   0.69866    -1.2214606e+00     0.0000000e+00    -1.2214606e+00
*
*         simp_runs  =      2395               simp moves
*              rtol  =  8.83e-09               final rtol
*
* Simplex restart no. 2 of 10
*
*         - Initializing simplex arrays -
*
*
*      nfunk           rtol        pf        ar     ortho             e_ion              e_ss             e_tot
*X        11     1.5289e+00   0.69999   1.42942   0.69866    -1.2214611e+00     0.0000000e+00    -1.2214611e+00
*
*         simp_runs  =      1506               simp moves
*              rtol  =  9.73e-09               final rtol
*
* Simplex restart no. 3 of 10
*
*         - Initializing simplex arrays -
*
*
*      nfunk           rtol        pf        ar     ortho             e_ion              e_ss             e_tot
*X        11     1.5288e+00   0.70000   1.42942   0.69866    -1.2214847e+00     0.0000000e+00    -1.2214847e+00
*
*         simp_runs  =       820               simp moves
*              rtol  =  9.89e-09               final rtol
*
* Simplex restart no. 4 of 10
*
*         - Initializing simplex arrays -
*
*
*      nfunk           rtol        pf        ar     ortho             e_ion              e_ss             e_tot
*X        11     1.5288e+00   0.70000   1.42942   0.69866    -1.2214847e+00     0.0000000e+00    -1.2214847e+00
*
*         simp_runs  =       811               simp moves
*              rtol  =  9.96e-09               final rtol
*
* Simplex restart no. 5 of 10
*
*         - Initializing simplex arrays -
*
*
*      nfunk           rtol        pf        ar     ortho             e_ion              e_ss             e_tot
*X        11     1.5288e+00   0.70000   1.42942   0.69866    -1.2214847e+00     0.0000000e+00    -1.2214847e+00
*
*         simp_runs  =       806               simp moves
*              rtol  =  9.72e-09               final rtol
*
* Simplex restart no. 6 of 10
*
*         - Initializing simplex arrays -
*
*
*      nfunk           rtol        pf        ar     ortho             e_ion              e_ss             e_tot
*X        11     1.5288e+00   0.70000   1.42942   0.69866    -1.2214847e+00     0.0000000e+00    -1.2214847e+00
*
*         simp_runs  =       811               simp moves
*              rtol  =  9.92e-09               final rtol
*
* Simplex restart no. 7 of 10
*
*         - Initializing simplex arrays -
*
*
*      nfunk           rtol        pf        ar     ortho             e_ion              e_ss             e_tot
*X        11     1.5288e+00   0.70000   1.42942   0.69866    -1.2214847e+00     0.0000000e+00    -1.2214847e+00
*
*         simp_runs  =       805               simp moves
*              rtol  =  9.70e-09               final rtol
*
* Simplex restart no. 8 of 10
*
*         - Initializing simplex arrays -
*
*
*      nfunk           rtol        pf        ar     ortho             e_ion              e_ss             e_tot
*X        11     1.5288e+00   0.70000   1.42942   0.69866    -1.2214847e+00     0.0000000e+00    -1.2214847e+00
*
*         simp_runs  =       811               simp moves
*              rtol  =  9.92e-09               final rtol
*
* Simplex restart no. 9 of 10
*
*         - Initializing simplex arrays -
*
*
*      nfunk           rtol        pf        ar     ortho             e_ion              e_ss             e_tot
*X        11     1.5288e+00   0.70000   1.42942   0.69866    -1.2214848e+00     0.0000000e+00    -1.2214848e+00
*
*         simp_runs  =       823               simp moves
*              rtol  =  9.92e-09               final rtol
*
* Simplex restart no. 10 of 10
*
*         - Initializing simplex arrays -
*
*
*      nfunk           rtol        pf        ar     ortho             e_ion              e_ss             e_tot
*X        11     1.5288e+00   0.70000   1.42942   0.69866    -1.2214848e+00     0.0000000e+00    -1.2214848e+00
*
*         simp_runs  =       825               simp moves
*              rtol  =  9.83e-09               final rtol
*
****************************************************************
*
*          - Parameters at Post Simplex -
*
* Lattice parameters:
*
*             lat a  =    3.3400
*             lat b  =    3.3400
*             lat c  =    4.7743
*             alpha  =   44.3807
*             beta   =   87.4261
*             gamma  =   87.6504
*          cell vol  =   37.2105
*          cv/ortho  =    0.6987
*
* Energies:
*               ecc  = -1.2215e+00
*               eng  =  0.0000e+00
*
*
* Geometry:
*
*      packing frac  =    0.7000
*      aspect ratio  =    1.4294
*
* (dE/dV):
*                Px  =  1.0901e-02                    x-dir
*                Py  =  1.1338e-02                    y-dir
*                Pz  =  1.0587e-02                    z-dir
*
* Distances (PBC only):
*                                 min           hard           diff
*           ca1_ca1  =   1.000000e+06   2.320000e+00   9.999977e+05
*           ca1_ca2  =   1.000000e+06   1.160000e+00   9.999988e+05
*           ca1_ac1  =   2.871319e+00   2.830000e+00   4.131887e-02
*           ca1_av1  =   1.000000e+06  -1.000000e+00   1.000001e+06
*           ca1_ac2  =   1.000000e+06  -1.000000e+00   1.000001e+06
*           ca1_av2  =   1.000000e+06  -1.000000e+00   1.000001e+06
*           ca2_ca2  =   1.000000e+06   0.000000e+00   1.000000e+06
*           ca2_ac1  =   1.000000e+06   1.670000e+00   9.999983e+05
*           ca2_av1  =   1.000000e+06  -1.000000e+00   1.000001e+06
*           ca2_ac2  =   1.000000e+06  -1.000000e+00   1.000001e+06
*           ca2_av2  =   1.000000e+06  -1.000000e+00   1.000001e+06
*           ac1_ac1  =   1.000000e+06   3.340000e+00   9.999967e+05
*           ac1_av1  =   1.000000e+06  -1.000000e+00   1.000001e+06
*           ac1_ac2  =   1.000000e+06  -1.000000e+00   1.000001e+06
*           ac1_av2  =   1.000000e+06  -1.000000e+00   1.000001e+06
*           av1_av1  =   1.000000e+06  -1.000000e+00   1.000001e+06
*           av1_av2  =   1.000000e+06  -1.000000e+00   1.000001e+06
*           av2_av2  =   1.000000e+06  -1.000000e+00   1.000001e+06
*
*
***********************************************************
*        - Process and timing information -
*
* user time:   0 h 00 m 09.868118 s
* syst time:   0 h 00 m 00.004999 s
* signals: 0
* voluntary context switches: 8
* involuntary context switches: 7
*
***********************************************************
*SS symsearch output
*SS ( use:  | awk '($1=="*S"){print $0}' | sed 's/*S //' > temp.out )
*S Title
*S 1                 search type
*S 5.0 0.00001       displacement rms max min
*S 0.1 0.00001       strain rms max min
*S 1                 lattice input type
*S      3.34000     0.00000     0.00000
*S      0.13693     3.33719     0.00000
*S      0.21440     3.40628     3.33840
*S 1 0 0
*S 0 1 0
*S 0 0 1
*S 2                 number of atoms
*S 11 0
*S      0.73018     0.92106     0.69729
*S      0.20972     0.91308     0.18562
*FF findsym output
*FF ( use:  | awk '($1=="*F"){print $0}' | sed 's/*F //' > temp.out )
*F Title
*F 0.001       displacement rms max min
*F 1                 lattice input type
*F      3.34000     0.00000     0.00000
*F      0.13693     3.33719     0.00000
*F      0.21440     3.40628     3.33840
*F 1               basis vector in type
*F 1 0 0
*F 0 1 0
*F 0 0 1
*F 2                 number of atoms
*F 11 0
*F      0.73018     0.92106     0.69729
*F      0.20972     0.91308     0.18562
*DD powder output
*DD (use: | awk '($1=="*D"){print $0}' | sed 's/*D //' > temp.out )
*D 2
*D      3.34000     3.34000     4.77426
*D     44.38069    87.42614    87.65043
*D      0.73018     0.92106     0.69729        11
*D      0.20972     0.91308     0.18562         0
*PP poscar output
*PP (use: | awk '($1=="*P"){print $0}' | sed 's/*P //' > temp.out )
*P Z: 11 17 
*P 1.0 
*P      3.34000000     0.00000000     0.00000000
*P      0.13692719     3.33719250     0.00000000
*P      0.21439895     3.40628130     3.33839544
*P 1 1 0 
*P Direct
*P       0.730179653385      0.921061631443      0.697291374667
*P       0.209719092642      0.913076186031      0.185618901160
*QQ poscar output
*QQ (use: | awk '($1=="*Q"){print $0}' | sed 's/*Q //' > temp.out )
*Q +1.000000000000 -1.000000000000 
*Q 1.0 
*Q      3.34000000     0.00000000     0.00000000
*Q      0.13692719     3.33719250     0.00000000
*Q      0.21439895     3.40628130     3.33839544
*Q 1 1 0 
*Q Direct
*Q       0.730179653385      0.921061631443      0.697291374667
*Q       0.209719092642      0.913076186031      0.185618901160
*RR restart output
*RR (use: | awk '($1=="*R"){print $0}' | sed 's/*R //' > temp.out )
*R     3.340000001292    3.340000426983    4.774264688481
*R     0.774589191797    1.525873999567    1.529788675713
*R      1
*R      1     1
*R   -1.000000000000000   0.000000000000000
*R     0.000000000000    1.670000000000    0.000000000000    17     0
*R      1
*R      1   1.000000000000000
*R     1.160000000000    11
*R     0.730179653385    0.921061631443    0.697291374667
*R     0.209719092642    0.913076186031    0.185618901160
* XBS output
* CATION:
atom C     2.714416963    5.448930540    2.327834346
spec C     1.160000000    1.000000000    0.000000000    0.000000000
* ANION:
atom A     0.865283222    3.679381194    0.619669293
spec A     1.670000000    0.000000000    0.000000000    1.000000000
spec V     0.000000000    0.000000000    1.000000000    0.000000000
bonds A V  0.000000000    0.000000000    0.010000000    Black
* CELL PARAMETERS AND BORDER
atom 0    0.00000   0.00000   0.00000
atom 1    3.34000   0.00000   0.00000
atom 2    3.47693   3.33719   0.00000
atom 3    0.13693   3.33719   0.00000
atom 4    0.21440   3.40628   3.33840
atom 5    3.55440   3.40628   3.33840
atom 6    3.69133   6.74347   3.33840
atom 7    0.35133   6.74347   3.33840
spec 0     0.050000000    0.000000000    0.000000000    0.000000000
spec 1     0.050000000    0.000000000    0.000000000    0.000000000
spec 2     0.050000000    0.000000000    0.000000000    0.000000000
spec 3     0.050000000    0.000000000    0.000000000    0.000000000
spec 4     0.050000000    0.000000000    0.000000000    0.000000000
spec 5     0.050000000    0.000000000    0.000000000    0.000000000
spec 6     0.050000000    0.000000000    0.000000000    0.000000000
spec 7     0.050000000    0.000000000    0.000000000    0.000000000
bonds 0 1  3.336660001    3.343340001    0.010000000    Black
bonds 3 2  3.336660001    3.343340001    0.010000000    Black
bonds 4 5  3.336660001    3.343340001    0.010000000    Black
bonds 6 7  3.336660001    3.343340001    0.010000000    Black
bonds 1 2  3.336660427    3.343340427    0.010000000    Black
bonds 0 3  3.336660427    3.343340427    0.010000000    Black
bonds 5 6  3.336660427    3.343340427    0.010000000    Black
bonds 4 7  3.336660427    3.343340427    0.010000000    Black
bonds 0 4  4.769490424    4.779038953    0.010000000    Black
bonds 1 5  4.769490424    4.779038953    0.010000000    Black
bonds 2 6  4.769490424    4.779038953    0.010000000    Black
bonds 3 7  4.769490424    4.779038953    0.010000000    Black
inc 5.000000
dup    3.34000   0.00000   0.00000
dup    0.13693   3.33719   0.00000
dup    0.21440   3.40628   3.33840
