*************************************************
*	pack	(version 4.12.0.5)
*	Eric Majzoub
*	Sandia National Laboratories
*************************************************
*  Source file: main.c
*  Compile date: Dec 27 2012
*  Compile time: 17:19:04
*  commandline = /projects/e20438/bin/pack-4.12.0.5/pack_exe -f ../../NaCl_pegs.in -P -R -r 200 -t 15 -g 16537 
*  input file = ../../NaCl_pegs.in
**********************************************************************
**********************************************************************
**********************************************************************
* 
*       - General run comments -
* 
* WARN: no Rotations in Metropolis (-R flag).
* WARN: all anionic charge on center atom (-P flag).
*
**********************************************************************
*           - Input parameters -
*
*           restart  =         0         1 = restart calc
*        autoadjust  =         1   automatically set temp
*          aa_using  =         1        1=rej pct, 2=pCnt
*         basin hop  =         0           number of hops
*     non_per_ewald  =         0          1=nanopart calc
*
*             lat a  =   10.0000
*             lat b  =   10.0000
*             lat c  =   10.0000
*             alpha  =    1.5708
*             beta   =    1.5708
*             gamma  =    1.5708
*          cell vol  = 1000.0000
*      sqsh vol pct  =    0.2000
* 
*          cell_min  =    1.6700              min lat vec
*          cell_max  =  167.0000              max lat vec
* 
*         n_type_an  =         1          num type anions
*            num_an  =         1           tot num anions
* 
*          num_an_1  =         1        num anions type 1
*        num_vert_1  =         1     1=sph 2=dim 5=tet...
*       an_chrg_c_1  =   -1.0000      anion center charge
*       an_chrg_v_1  =    0.0000      anion vertex charge
*     tot_an_chrg_1  =   -1.0000       total anion charge
*           Rcent_1  =    1.6700         anion center rad
*           Rvert_1  =    0.0000         anion vertex rad
*             cvd_1  =    0.0000        cent to vert dist
*           Zcent_1  =        17           anion center Z
*           Zvert_1  =         0           anion vertex Z
* 
*          num_an_2  =         0        num anions type 2
*        num_vert_2  =         0     1=sph 2=dim 5=tet...
*       an_chrg_c_2  =    0.0000      anion center charge
*       an_chrg_v_2  =    0.0000      anion vertex charge
*     tot_an_chrg_2  =    0.0000       total anion charge
*           Rcent_2  =    0.0000         anion center rad
*           Rvert_2  =    0.0000         anion vertex rad
*             cvd_2  =    0.0000        cent to vert dist
*           Zcent_2  =         0           anion center Z
*           Zvert_2  =         0           anion vertex Z
* 
*         n_type_ca  =         1            num type cats
*            num_ca  =         1          tot num cations
* 
*          num_ca_1  =         1        num cations typ 1
*         ca_chrg_1  =    1.0000        cation chrg typ 1
*            Rcat_1  =    1.1600         cation rad typ 1
*            Zcat_1  =        11           cation Z typ 1
* 
*            C2VTOL  =  1.00e-08            c2v tolerance
*            ERRLIM  =  1.00e-06
*       REP_EPSILON  =  1.00e+00        soft sphere repul
*    TRANS_FRAC_MAX  =    0.5000                    fixed
*    TRANS_FRAC_MIN  =    0.0200
*      MAX_ANG_CHNG  =    9.9695                  degrees
*    VOLUM_FRAC_MAX  =    0.0700
*         EXT_PRESS  =  0.00e+00        external pressure
*      SQSH_VOL_PCT  =    0.2000             min orth val
*        ASPECT_MAX  =   20.0000                cell parm
*            dplane  =    1.6700            min plane sep
*      SCALE_FACTOR  =    1.2500         bhop max scaling
* 
*            d.o.f.  =        12       degrees of freedom
*          runs/dof  =       200         loops per d.o.f.
*              runs  =      2400              loops per T
*               ncc  =      9600     config changes per T
*            t_runs  =        15           num temp steps
*             efunc  =         0               0=SS  1=LJ
*       N_HALT_CHNG  =        15      halts after N 100%s
*
*      anneal_sched  =         3   0=lin or exp(-run_n^n)
*         temp_init  =  1.00e+00             initial temp
*         temp_finl  =  1.00e-03               final temp
* 
*          trn_chng  =         1              0=off  1=on
*          rot_chng  =         0              0=off  1=on
*          lat_chng  =         1              0=off  1=on
*          swp_chng  =         1              0=off  1=on
* 
*     SIMP_RESTARTS  =        11     no. simplex restarts
*  SIMP_RESTARTS BH  =        21  basin hop simp restarts
*         SIMP_NMAX  =      4500        max simplex iters
*          SIMP_DEG  =    1.0000          anion start deg
*         SIMP_LAMB  =    0.0100        vertex start frac
*       SIMP_ERRLIM  =  1.00e-08              error limit
* 
*           aa runs  =      1200           config changes
*      aa runs_step  =        10   config change increase
*       aa runs_max  =      1500  max auto config changes
*         aa t_runs  =         3            num temp runs
*      aa temp_step  =    0.5000                temp step
* 
*        aa chng hi  =         3  1=trn 2=rot 3=lat 4=swp
*        aa chng lo  =         3  1=trn 2=rot 3=lat 4=swp
* 
*      aa ht_pct_hi  =     0.650             high rej pct
*      aa ht_pct_lo  =     0.600             low  rej pct
* 
*      aa lt_pct_hi  =     0.999             high rej pct
*      aa lt_pct_lo  =     0.950             low  rej pct
* 
*            tmpfile =                   PR20412-best.tmp
* 
* Checking for out of bounds fractional coords.
*
**********************************************************************
*
*          - Parameters at START -
*
* Lattice parameters:
*
*             lat a  =   10.0000
*             lat b  =   10.0000
*             lat c  =   10.0000
*             alpha  =   90.0000
*             beta   =   90.0000
*             gamma  =   90.0000
*          cell vol  = 1000.0000
*          cv/ortho  =    1.0000
*
* Energies:
*               ecc  = -4.1747e-01
*               eng  =  0.0000e+00
*
*
* Geometry:
*
*      packing frac  =    0.0260
*      aspect ratio  =    1.0000
*
* (dE/dV):
*                Px  =  1.5075e-04                    x-dir
*                Py  =  1.0785e-04                    y-dir
*                Pz  =  1.5887e-04                    z-dir
*
* Distances (PBC only):
*                                 min           hard           diff
*           ca1_ca1  =   1.000000e+06   2.320000e+00   9.999977e+05
*           ca1_ca2  =   1.000000e+06   1.160000e+00   9.999988e+05
*           ca1_ac1  =   7.369795e+00   2.830000e+00   4.539795e+00
*           ca1_av1  =   1.000000e+06  -1.000000e+00   1.000001e+06
*           ca1_ac2  =   1.000000e+06  -1.000000e+00   1.000001e+06
*           ca1_av2  =   1.000000e+06  -1.000000e+00   1.000001e+06
*           ca2_ca2  =   1.000000e+06   0.000000e+00   1.000000e+06
*           ca2_ac1  =   1.000000e+06   1.670000e+00   9.999983e+05
*           ca2_av1  =   1.000000e+06  -1.000000e+00   1.000001e+06
*           ca2_ac2  =   1.000000e+06  -1.000000e+00   1.000001e+06
*           ca2_av2  =   1.000000e+06  -1.000000e+00   1.000001e+06
*           ac1_ac1  =   1.000000e+06   3.340000e+00   9.999967e+05
*           ac1_av1  =   1.000000e+06  -1.000000e+00   1.000001e+06
*           ac1_ac2  =   1.000000e+06  -1.000000e+00   1.000001e+06
*           ac1_av2  =   1.000000e+06  -1.000000e+00   1.000001e+06
*           av1_av1  =   1.000000e+06  -1.000000e+00   1.000001e+06
*           av1_av2  =   1.000000e+06  -1.000000e+00   1.000001e+06
*           av2_av2  =   1.000000e+06  -1.000000e+00   1.000001e+06
*
*
*
**********************************************************************
*
* ------------------------------------------------------------
*              Autoadjust high temperatrure:
* ------------------------------------------------------------
*              Autoadjusting on 3 (1=trn,2=rot,3=lat,4=swp)
*
**********************************************************************
*
*                 -- Autoadjust Metropolis Run --
*
*   autoadjust_temp_init  =  1.0000e+00
*   autoadjust_temp_step  =  5.0000e-01
*        autoadjust_runs  =        1200         configs per temp
*       autoadjust_count  =           1
*
**********************************************************************
*
* Metropolis: 3 temperature runs with these parameters:
*
*              runs  =      1200              loops per T
*               T_0  = 1.000e+00             initial temp
*               T_L  = 1.000e+00               final temp
*           T_alpha  = 8.000e+09          annealing alpha
*
*            T = T_0 * exp( -run_num**3 / T_alpha )
*
**********************************************************************
*H run      Temp       E_ion        E_ss   cel vol       SigPF       ar     ortho        pCnt          % Rejected Changes
*H                                                                                                 trn      rot      lat      swp
*T   1  1.00e+00  -5.402e-01  +0.000e+00    114.02   7.860e-02    2.539     0.824   1.041e-01    38.00     0.00     3.67     0.00
*T   2  1.00e+00  -6.137e-01  +0.000e+00   2580.10   8.945e-02    2.989     0.573   1.775e-01    38.50     0.00     4.17     0.00
*T   3  1.00e+00  -2.069e-01  +0.000e+00  20484.38   2.629e-03    3.478     0.431   1.089e-02     3.92     0.00     1.50     0.00
*
**********************************************************************
*
*                 -- AUTOADJUST [1] OUT --
*
*     target: lo % = 60.000000      hi % = 65.000000
*     Autoadjust % =  1.500000
*     Autoadjust: Lowering the temperature 5.000e-01 [a.u.]
*
**********************************************************************
*
*                 -- Autoadjust Metropolis Run --
*
*   autoadjust_temp_init  =  5.0000e-01
*   autoadjust_temp_step  =  5.0000e-01
*        autoadjust_runs  =        1210         configs per temp
*       autoadjust_count  =           2
*
**********************************************************************
*
* Metropolis: 3 temperature runs with these parameters:
*
*              runs  =      1210              loops per T
*               T_0  = 5.000e-01             initial temp
*               T_L  = 4.995e-01               final temp
*           T_alpha  = 7.996e+03          annealing alpha
*
*            T = T_0 * exp( -run_num**3 / T_alpha )
*
**********************************************************************
*H run      Temp       E_ion        E_ss   cel vol       SigPF       ar     ortho        pCnt          % Rejected Changes
*H                                                                                                 trn      rot      lat      swp
*T   1  5.00e-01  -1.389e-01  +0.000e+00  60849.79   3.824e-04    1.801     0.217   3.457e-02     5.95     0.00     2.64     0.00
*T   2  5.00e-01  -8.319e-02  +0.000e+00   4985.00   3.343e-03    7.210     0.235   8.579e-02    11.90     0.00     2.64     0.00
*T   3  4.99e-01  -1.498e-01  +0.000e+00   2772.78   8.534e-03    3.739     0.393   1.155e-01    14.71     0.00     3.47     0.00
*
**********************************************************************
*
*                 -- AUTOADJUST [2] OUT --
*
*     target: lo % = 60.000000      hi % = 65.000000
*     Autoadjust % =  3.471074
*     Autoadjust: special case: (T-Tstep) = 0.000e+00 [a.u.]
*     Autoadjust: special case: ===> drop temp step to: 2.250e-01 [a.u.]
*     Autoadjust: Lowering the temperature 2.250e-01 [a.u.]
*
**********************************************************************
*
*                 -- Autoadjust Metropolis Run --
*
*   autoadjust_temp_init  =  2.7500e-01
*   autoadjust_temp_step  =  2.2500e-01
*        autoadjust_runs  =        1220         configs per temp
*       autoadjust_count  =           3
*
**********************************************************************
*
* Metropolis: 3 temperature runs with these parameters:
*
*              runs  =      1220              loops per T
*               T_0  = 2.750e-01             initial temp
*               T_L  = 2.747e-01               final temp
*           T_alpha  = 7.996e+03          annealing alpha
*
*            T = T_0 * exp( -run_num**3 / T_alpha )
*
**********************************************************************
*H run      Temp       E_ion        E_ss   cel vol       SigPF       ar     ortho        pCnt          % Rejected Changes
*H                                                                                                 trn      rot      lat      swp
*T   1  2.75e-01  -1.438e-01  +0.000e+00   2595.49   4.930e-03    6.245     0.328   7.514e-01    41.56     0.00     2.21     0.00
*T   2  2.75e-01  -2.215e-01  +0.000e+00   5611.34   1.409e-02    4.747     0.328   5.332e-01    26.97     0.00     2.62     0.00
*T   3  2.75e-01  -5.569e-02  +0.000e+00    520.08   2.241e-02    3.038     0.269   4.801e-01    38.03     0.00     6.23     0.00
*
**********************************************************************
*
*                 -- AUTOADJUST [3] OUT --
*
*     target: lo % = 60.000000      hi % = 65.000000
*     Autoadjust % =  6.229508
*     Autoadjust: Lowering the temperature 2.250e-01 [a.u.]
*
**********************************************************************
*
*                 -- Autoadjust Metropolis Run --
*
*   autoadjust_temp_init  =  5.0000e-02
*   autoadjust_temp_step  =  2.2500e-01
*        autoadjust_runs  =        1230         configs per temp
*       autoadjust_count  =           4
*
**********************************************************************
*
* Metropolis: 3 temperature runs with these parameters:
*
*              runs  =      1230              loops per T
*               T_0  = 5.000e-02             initial temp
*               T_L  = 4.995e-02               final temp
*           T_alpha  = 7.996e+03          annealing alpha
*
*            T = T_0 * exp( -run_num**3 / T_alpha )
*
**********************************************************************
*H run      Temp       E_ion        E_ss   cel vol       SigPF       ar     ortho        pCnt          % Rejected Changes
*H                                                                                                 trn      rot      lat      swp
*T   1  5.00e-02  -8.090e-01  +0.000e+00    345.80   2.463e-02    2.655     0.208   3.821e+00    83.66     0.00    21.46     0.00
*T   2  5.00e-02  -8.410e-01  +0.000e+00    701.87   4.652e-02    5.429     0.711   4.180e+00    86.91     0.00    22.93     0.00
*T   3  5.00e-02  -1.007e+00  +0.000e+00    498.96   2.770e-02    5.607     0.309   2.149e+00    98.13     0.00    24.80     0.00
*
**********************************************************************
*
*                 -- AUTOADJUST [4] OUT --
*
*     target: lo % = 60.000000      hi % = 65.000000
*     Autoadjust % = 24.796748
*     Autoadjust: special case: (T-Tstep) = -1.750e-01 [a.u.]
*     Autoadjust: special case: ===> drop temp step to: 1.013e-01 [a.u.]
*     Autoadjust: special case: (T-Tstep) = -5.125e-02 [a.u.]
*     Autoadjust: special case: ===> drop temp step to: 4.556e-02 [a.u.]
*     Autoadjust: Lowering the temperature 4.556e-02 [a.u.]
*
**********************************************************************
*
*                 -- Autoadjust Metropolis Run --
*
*   autoadjust_temp_init  =  4.4375e-03
*   autoadjust_temp_step  =  4.5563e-02
*        autoadjust_runs  =        1240         configs per temp
*       autoadjust_count  =           5
*
**********************************************************************
*
* Metropolis: 3 temperature runs with these parameters:
*
*              runs  =      1240              loops per T
*               T_0  = 4.438e-03             initial temp
*               T_L  = 4.433e-03               final temp
*           T_alpha  = 7.996e+03          annealing alpha
*
*            T = T_0 * exp( -run_num**3 / T_alpha )
*
**********************************************************************
*H run      Temp       E_ion        E_ss   cel vol       SigPF       ar     ortho        pCnt          % Rejected Changes
*H                                                                                                 trn      rot      lat      swp
*T   1  4.44e-03  -1.075e+00  +0.000e+00    271.38   5.309e-02    3.231     0.318   8.321e+00   100.00     0.00    61.45     0.00
*T   2  4.44e-03  -1.068e+00  +0.000e+00    363.77   4.430e-02    4.228     0.322   1.752e+00   100.00     0.00    64.35     0.00
*T   3  4.43e-03  -1.063e+00  +0.000e+00    509.16   4.766e-02    4.693     0.392   1.991e+00   100.00     0.00    62.26     0.00
*
**********************************************************************
*
*                 -- AUTOADJUST [5] OUT --
*
*     target: lo % = 60.000000      hi % = 65.000000
*     Autoadjust % = 62.258065
*     Autoadjust: temp = 4.438e-03  is good!  Exiting autoadjust.
*
**********************************************************************
*
* ------------------------------------------------------------
*              Autoadjust low temperatrure:
* ------------------------------------------------------------
*              Autoadjusting on 3 (1=trn,2=rot,3=lat,4=swp)
*
**********************************************************************
*
*                 -- Autoadjust Metropolis Run --
*
*   autoadjust_temp_init  =  2.0000e-02
*   autoadjust_temp_step  =  5.0000e-01
*        autoadjust_runs  =        1200         configs per temp
*       autoadjust_count  =           1
*
**********************************************************************
*
* Metropolis: 3 temperature runs with these parameters:
*
*              runs  =      1200              loops per T
*               T_0  = 2.000e-02             initial temp
*               T_L  = 2.000e-02               final temp
*           T_alpha  = 1.600e+08          annealing alpha
*
*            T = T_0 * exp( -run_num**3 / T_alpha )
*
**********************************************************************
*H run      Temp       E_ion        E_ss   cel vol       SigPF       ar     ortho        pCnt          % Rejected Changes
*H                                                                                                 trn      rot      lat      swp
*T   1  2.00e-02  -1.073e+00  +0.000e+00    319.25   2.567e-02    3.561     0.340   2.577e+00   100.00     0.00    47.75     0.00
*T   2  2.00e-02  -9.408e-01  +0.000e+00    267.98   3.437e-02    2.076     0.304   3.482e+00   100.00     0.00    45.00     0.00
*T   3  2.00e-02  -1.012e+00  +0.000e+00    101.40   9.607e-02    1.730     0.301   6.086e+00    99.33     0.00    45.25     0.00
*
**********************************************************************
*
*                 -- AUTOADJUST [1] OUT --
*
*     target: lo % = 95.000000      hi % = 99.900000
*     Autoadjust % = 45.250000
*     Autoadjust: special case: (T-Tstep) = -4.800e-01 [a.u.]
*     Autoadjust: special case: ===> drop temp step to: 2.250e-01 [a.u.]
*     Autoadjust: special case: (T-Tstep) = -2.050e-01 [a.u.]
*     Autoadjust: special case: ===> drop temp step to: 1.013e-01 [a.u.]
*     Autoadjust: special case: (T-Tstep) = -8.125e-02 [a.u.]
*     Autoadjust: special case: ===> drop temp step to: 4.556e-02 [a.u.]
*     Autoadjust: special case: (T-Tstep) = -2.556e-02 [a.u.]
*     Autoadjust: special case: ===> drop temp step to: 2.050e-02 [a.u.]
*     Autoadjust: special case: (T-Tstep) = -5.031e-04 [a.u.]
*     Autoadjust: special case: ===> drop temp step to: 9.226e-03 [a.u.]
*     Autoadjust: Lowering the temperature 9.226e-03 [a.u.]
*
**********************************************************************
*
*                 -- Autoadjust Metropolis Run --
*
*   autoadjust_temp_init  =  1.0774e-02
*   autoadjust_temp_step  =  9.2264e-03
*        autoadjust_runs  =        1210         configs per temp
*       autoadjust_count  =           2
*
**********************************************************************
*
* Metropolis: 3 temperature runs with these parameters:
*
*              runs  =      1210              loops per T
*               T_0  = 1.077e-02             initial temp
*               T_L  = 1.076e-02               final temp
*           T_alpha  = 7.996e+03          annealing alpha
*
*            T = T_0 * exp( -run_num**3 / T_alpha )
*
**********************************************************************
*H run      Temp       E_ion        E_ss   cel vol       SigPF       ar     ortho        pCnt          % Rejected Changes
*H                                                                                                 trn      rot      lat      swp
*T   1  1.08e-02  -1.053e+00  +0.000e+00     87.44   1.512e-01    1.778     0.330   6.722e+00   100.00     0.00    58.26     0.00
*T   2  1.08e-02  -1.084e+00  +0.000e+00    100.63   1.299e-01    1.469     0.295   5.022e+00    99.83     0.00    59.50     0.00
*T   3  1.08e-02  -1.084e+00  +0.000e+00    102.51   1.254e-01    1.580     0.294   4.492e+00   100.00     0.00    57.11     0.00
*
**********************************************************************
*
*                 -- AUTOADJUST [2] OUT --
*
*     target: lo % = 95.000000      hi % = 99.900000
*     Autoadjust % = 57.107438
*     Autoadjust: Lowering the temperature 9.226e-03 [a.u.]
*
**********************************************************************
*
*                 -- Autoadjust Metropolis Run --
*
*   autoadjust_temp_init  =  1.5472e-03
*   autoadjust_temp_step  =  9.2264e-03
*        autoadjust_runs  =        1220         configs per temp
*       autoadjust_count  =           3
*
**********************************************************************
*
* Metropolis: 3 temperature runs with these parameters:
*
*              runs  =      1220              loops per T
*               T_0  = 1.547e-03             initial temp
*               T_L  = 1.546e-03               final temp
*           T_alpha  = 7.996e+03          annealing alpha
*
*            T = T_0 * exp( -run_num**3 / T_alpha )
*
**********************************************************************
*H run      Temp       E_ion        E_ss   cel vol       SigPF       ar     ortho        pCnt          % Rejected Changes
*H                                                                                                 trn      rot      lat      swp
*T   1  1.55e-03  -1.126e+00  +0.000e+00    102.08   1.603e-01    1.531     0.296   1.704e+02   100.00     0.00    77.05     0.00
*T   2  1.55e-03  -1.127e+00  +0.000e+00     93.96   1.576e-01    1.544     0.295   1.660e+00   100.00     0.00    81.31     0.00
*T   3  1.55e-03  -1.125e+00  +0.000e+00    125.99   1.353e-01    1.521     0.305   5.003e+00   100.00     0.00    80.41     0.00
*
**********************************************************************
*
*                 -- AUTOADJUST [3] OUT --
*
*     target: lo % = 95.000000      hi % = 99.900000
*     Autoadjust % = 80.409836
*     Autoadjust: special case: (T-Tstep) = -7.679e-03 [a.u.]
*     Autoadjust: special case: ===> drop temp step to: 4.152e-03 [a.u.]
*     Autoadjust: special case: (T-Tstep) = -2.605e-03 [a.u.]
*     Autoadjust: special case: ===> drop temp step to: 1.868e-03 [a.u.]
*     Autoadjust: special case: (T-Tstep) = -3.212e-04 [a.u.]
*     Autoadjust: special case: ===> drop temp step to: 8.408e-04 [a.u.]
*     Autoadjust: Lowering the temperature 8.408e-04 [a.u.]
*
**********************************************************************
*
*                 -- Autoadjust Metropolis Run --
*
*   autoadjust_temp_init  =  7.0643e-04
*   autoadjust_temp_step  =  8.4076e-04
*        autoadjust_runs  =        1230         configs per temp
*       autoadjust_count  =           4
*
**********************************************************************
*
* Metropolis: 3 temperature runs with these parameters:
*
*              runs  =      1230              loops per T
*               T_0  = 7.064e-04             initial temp
*               T_L  = 7.057e-04               final temp
*           T_alpha  = 7.996e+03          annealing alpha
*
*            T = T_0 * exp( -run_num**3 / T_alpha )
*
**********************************************************************
*H run      Temp       E_ion        E_ss   cel vol       SigPF       ar     ortho        pCnt          % Rejected Changes
*H                                                                                                 trn      rot      lat      swp
*T   1  7.06e-04  -1.125e+00  +0.000e+00    105.10   1.493e-01    1.543     0.299   6.901e+02   100.00     0.00    86.50     0.00
*T   2  7.06e-04  -1.127e+00  +0.000e+00    104.93   1.427e-01    1.534     0.300   1.469e+00   100.00     0.00    84.80     0.00
*T   3  7.06e-04  -1.128e+00  +0.000e+00    101.94   1.543e-01    1.545     0.297   2.207e+00   100.00     0.00    88.05     0.00
*
**********************************************************************
*
*                 -- AUTOADJUST [4] OUT --
*
*     target: lo % = 95.000000      hi % = 99.900000
*     Autoadjust % = 88.048780
*     Autoadjust: special case: (T-Tstep) = -1.343e-04 [a.u.]
*     Autoadjust: special case: ===> drop temp step to: 3.783e-04 [a.u.]
*     Autoadjust: Lowering the temperature 3.783e-04 [a.u.]
*
**********************************************************************
*
*                 -- Autoadjust Metropolis Run --
*
*   autoadjust_temp_init  =  3.2809e-04
*   autoadjust_temp_step  =  3.7834e-04
*        autoadjust_runs  =        1240         configs per temp
*       autoadjust_count  =           5
*
**********************************************************************
*
* Metropolis: 3 temperature runs with these parameters:
*
*              runs  =      1240              loops per T
*               T_0  = 3.281e-04             initial temp
*               T_L  = 3.278e-04               final temp
*           T_alpha  = 7.996e+03          annealing alpha
*
*            T = T_0 * exp( -run_num**3 / T_alpha )
*
**********************************************************************
*H run      Temp       E_ion        E_ss   cel vol       SigPF       ar     ortho        pCnt          % Rejected Changes
*H                                                                                                 trn      rot      lat      swp
*T   1  3.28e-04  -1.129e+00  +0.000e+00    100.14   1.662e-01    1.546     0.296   3.181e+03   100.00     0.00    93.79     0.00
*T   2  3.28e-04  -1.128e+00  +0.000e+00    102.15   1.684e-01    1.548     0.296   1.497e+00   100.00     0.00    96.29     0.00
*T   3  3.28e-04  -1.128e+00  +0.000e+00    102.37   1.652e-01    1.552     0.298   3.187e+03   100.00     0.00    94.76     0.08
*
**********************************************************************
*
*                 -- AUTOADJUST [5] OUT --
*
*     target: lo % = 95.000000      hi % = 99.900000
*     Autoadjust % = 94.758065
*     Autoadjust: special case: (T-Tstep) = -5.025e-05 [a.u.]
*     Autoadjust: special case: ===> drop temp step to: 1.703e-04 [a.u.]
*     Autoadjust: Lowering the temperature 1.703e-04 [a.u.]
*
**********************************************************************
*
*                 -- Autoadjust Metropolis Run --
*
*   autoadjust_temp_init  =  1.5784e-04
*   autoadjust_temp_step  =  1.7025e-04
*        autoadjust_runs  =        1250         configs per temp
*       autoadjust_count  =           6
*
**********************************************************************
*
* Metropolis: 3 temperature runs with these parameters:
*
*              runs  =      1250              loops per T
*               T_0  = 1.578e-04             initial temp
*               T_L  = 1.577e-04               final temp
*           T_alpha  = 7.996e+03          annealing alpha
*
*            T = T_0 * exp( -run_num**3 / T_alpha )
*
**********************************************************************
*H run      Temp       E_ion        E_ss   cel vol       SigPF       ar     ortho        pCnt          % Rejected Changes
*H                                                                                                 trn      rot      lat      swp
*T   1  1.58e-04  -1.129e+00  +0.000e+00    102.67   1.656e-01    1.550     0.298   1.363e+04   100.00     0.00    95.52     0.08
*T   2  1.58e-04  -1.129e+00  +0.000e+00    101.68   1.698e-01    1.550     0.297   5.161e-01   100.00     0.00    97.92     0.00
*T   3  1.58e-04  -1.129e+00  +0.000e+00     97.43   1.687e-01    1.551     0.295   2.047e+00   100.00     0.00    95.68     0.00
*
**********************************************************************
*
*                 -- AUTOADJUST [6] OUT --
*
*     target: lo % = 95.000000      hi % = 99.900000
*     Autoadjust % = 95.680000
*     Autoadjust: temp = 1.578e-04  is good!  Exiting autoadjust.
*
**********************************************************************
*
*
*          -- Initializing cell contents --
*
*
*
**********************************************************************
*
*            -- Starting Metropolis calculation --
*
*              temp_init  = 4.438e-03
*
**********************************************************************
*
* Metropolis: 15 temperature runs with these parameters:
*
*              runs  =      2400              loops per T
*               T_0  = 4.438e-03             initial temp
*               T_L  = 1.578e-04               final temp
*           T_alpha  = 8.225e+02          annealing alpha
*
*            T = T_0 * exp( -run_num**3 / T_alpha )
*
**********************************************************************
*H run      Temp       E_ion        E_ss   cel vol       SigPF       ar     ortho        pCnt          % Rejected Changes
*H                                                                                                 trn      rot      lat      swp
*M   1  4.44e-03  -7.977e-01  +0.000e+00    413.12   2.201e-02    1.113     0.793   1.513e+01    99.83     0.00    65.21     0.00
*M   2  4.43e-03  -1.030e+00  +0.000e+00    109.17   1.475e-01    1.584     0.363   1.847e+02    99.96     0.00    88.75     0.00
*M   3  4.39e-03  -1.078e+00  +0.000e+00    104.98   1.526e-01    1.636     0.431   6.495e+00    99.96     0.00    91.67     0.00
*M   4  4.29e-03  -1.070e+00  +0.000e+00    109.39   1.568e-01    1.578     0.438   1.421e+00   100.00     0.00    92.67     0.00
*M   5  4.11e-03  -1.074e+00  +0.000e+00    101.87   1.572e-01    1.552     0.441   2.371e+00   100.00     0.00    91.42     0.00
*M   6  3.81e-03  -1.073e+00  +0.000e+00    102.59   1.621e-01    1.514     0.443   2.825e+00    99.96     0.00    92.71     0.00
*M   7  3.41e-03  -1.073e+00  +0.000e+00    101.88   1.631e-01    1.541     0.450   2.962e+00   100.00     0.00    93.67     0.00
*M   8  2.92e-03  -1.076e+00  +0.000e+00     99.41   1.684e-01    1.579     0.443   6.465e-01    99.96     0.00    95.25     0.00
*M   9  2.38e-03  -1.078e+00  +0.000e+00     99.08   1.720e-01    1.576     0.437   2.332e+00   100.00     0.00    95.83     0.00
*M  10  1.83e-03  -1.074e+00  +0.000e+00     97.24   1.745e-01    1.607     0.434   2.927e+00   100.00     0.00    95.92     0.00
*M  11  1.32e-03  -1.078e+00  +0.000e+00     96.39   1.782e-01    1.601     0.424   2.779e+00   100.00     0.00    98.12     0.00
*M  12  8.80e-04  -1.078e+00  +0.000e+00     94.79   1.802e-01    1.615     0.425   3.182e+00   100.00     0.00    98.12     0.00
*M  13  5.43e-04  -1.077e+00  +0.000e+00     95.75   1.816e-01    1.607     0.425   3.346e+00   100.00     0.00    99.00     0.00
*M  14  3.07e-04  -1.079e+00  +0.000e+00     95.32   1.815e-01    1.607     0.425   3.772e+00   100.00     0.00    99.29     0.00
*M  15  1.58e-04  -1.080e+00  +0.000e+00     95.14   1.820e-01    1.607     0.425   5.597e-01   100.00     0.00    99.67     0.04
*
**********************************************************************
*
*
*          - Parameters at Post Ewald-Metro -
*
* Lattice parameters:
*
*             lat a  =    6.5771
*             lat b  =    4.6031
*             lat c  =    7.3964
*             alpha  =   58.2556
*             beta   =   97.9117
*             gamma  =   49.0900
*          cell vol  =   95.1433
*          cv/ortho  =    0.4249
*
* Energies:
*               ecc  = -1.0797e+00
*               eng  =  0.0000e+00
*
*
* Geometry:
*
*      packing frac  =    0.2738
*      aspect ratio  =    1.6068
*
* (dE/dV):
*                Px  =  1.8178e-03                    x-dir
*                Py  =  3.0840e-03                    y-dir
*                Pz  =  6.4464e-03                    z-dir
*
* Distances (PBC only):
*                                 min           hard           diff
*           ca1_ca1  =   1.000000e+06   2.320000e+00   9.999977e+05
*           ca1_ca2  =   1.000000e+06   1.160000e+00   9.999988e+05
*           ca1_ac1  =   2.833424e+00   2.830000e+00   3.424148e-03
*           ca1_av1  =   1.000000e+06  -1.000000e+00   1.000001e+06
*           ca1_ac2  =   1.000000e+06  -1.000000e+00   1.000001e+06
*           ca1_av2  =   1.000000e+06  -1.000000e+00   1.000001e+06
*           ca2_ca2  =   1.000000e+06   0.000000e+00   1.000000e+06
*           ca2_ac1  =   1.000000e+06   1.670000e+00   9.999983e+05
*           ca2_av1  =   1.000000e+06  -1.000000e+00   1.000001e+06
*           ca2_ac2  =   1.000000e+06  -1.000000e+00   1.000001e+06
*           ca2_av2  =   1.000000e+06  -1.000000e+00   1.000001e+06
*           ac1_ac1  =   1.000000e+06   3.340000e+00   9.999967e+05
*           ac1_av1  =   1.000000e+06  -1.000000e+00   1.000001e+06
*           ac1_ac2  =   1.000000e+06  -1.000000e+00   1.000001e+06
*           ac1_av2  =   1.000000e+06  -1.000000e+00   1.000001e+06
*           av1_av1  =   1.000000e+06  -1.000000e+00   1.000001e+06
*           av1_av2  =   1.000000e+06  -1.000000e+00   1.000001e+06
*           av2_av2  =   1.000000e+06  -1.000000e+00   1.000001e+06
*
*
*
**********************************************************************
*
*         - Comparing with 'best' structure -
*
****************************************************************
*
*          best ecc  = -1.1294e+00
*          best eng  =  0.0000e+00
*           ecc+eng  = -1.1294e+00
*          best vol  =  1.0199e+02
*           best pf  =  2.5538e-01
*
*     post_runs ecc  = -1.0797e+00
*     post_runs eng  =  0.0000e+00
*           ecc+eng  = -1.0797e+00
*     post_runs vol  =  9.5143e+01
*      post_runs pf  =  2.7377e-01
*
*       dV / V_runs  =  7.2005e-02
*
*          ecc_diff  = -4.9703e-02
*          eng_diff  =  0.0000e+00
*
*
****************************************************************
*
*  mag_ecc_diff > mag_eng_diff AND within BEST_VOL AND
* 'best' has lower energy than post runs! --> swapping.
*
****************************************************************
*
*
*          - Parameters at Post 'best-swap' -
*
* Lattice parameters:
*
*             lat a  =    6.9533
*             lat b  =    5.6521
*             lat c  =    8.7662
*             alpha  =   19.0780
*             beta   =   64.9303
*             gamma  =   66.2054
*          cell vol  =  101.9942
*          cv/ortho  =    0.2960
*
* Energies:
*               ecc  = -1.1294e+00
*               eng  =  0.0000e+00
*
*
* Geometry:
*
*      packing frac  =    0.2554
*      aspect ratio  =    1.5510
*
* (dE/dV):
*                Px  =  1.2335e-04                    x-dir
*                Py  =  8.4529e-03                    y-dir
*                Pz  =  2.4972e-03                    z-dir
*
* Distances (PBC only):
*                                 min           hard           diff
*           ca1_ca1  =   1.000000e+06   2.320000e+00   9.999977e+05
*           ca1_ca2  =   1.000000e+06   1.160000e+00   9.999988e+05
*           ca1_ac1  =   2.831208e+00   2.830000e+00   1.207624e-03
*           ca1_av1  =   1.000000e+06  -1.000000e+00   1.000001e+06
*           ca1_ac2  =   1.000000e+06  -1.000000e+00   1.000001e+06
*           ca1_av2  =   1.000000e+06  -1.000000e+00   1.000001e+06
*           ca2_ca2  =   1.000000e+06   0.000000e+00   1.000000e+06
*           ca2_ac1  =   1.000000e+06   1.670000e+00   9.999983e+05
*           ca2_av1  =   1.000000e+06  -1.000000e+00   1.000001e+06
*           ca2_ac2  =   1.000000e+06  -1.000000e+00   1.000001e+06
*           ca2_av2  =   1.000000e+06  -1.000000e+00   1.000001e+06
*           ac1_ac1  =   1.000000e+06   3.340000e+00   9.999967e+05
*           ac1_av1  =   1.000000e+06  -1.000000e+00   1.000001e+06
*           ac1_ac2  =   1.000000e+06  -1.000000e+00   1.000001e+06
*           ac1_av2  =   1.000000e+06  -1.000000e+00   1.000001e+06
*           av1_av1  =   1.000000e+06  -1.000000e+00   1.000001e+06
*           av1_av2  =   1.000000e+06  -1.000000e+00   1.000001e+06
*           av2_av2  =   1.000000e+06  -1.000000e+00   1.000001e+06
*
*
*
**********************************************************************
*
*         - Final Simplex relaxation with restarts -
*
**********************************************************************
*
*
****************************************************************
*
*
*        - Simplex Minimiziation Routine -
*
*
* Note: No aspect ratio constraint.
*
*
*            n_simp  =        15                   D.O.F.
*         simp_nmax  =      4500                max moves
*       simp_errlim  =  1.00e-08
*
*
*         - Initializing simplex arrays -
*
*
*      nfunk           rtol        pf        ar     ortho             e_ion              e_ss             e_tot
*X        11     1.8043e+00   0.25538   1.55097   0.29605    -1.1294141e+00     0.0000000e+00    -1.1294141e+00
*X      2000     3.5758e-07   0.29074   1.58169   0.26974    -1.1400013e+00     0.0000000e+00    -1.1400013e+00
*
*         simp_runs  =      3412               simp moves
*              rtol  =  9.60e-09               final rtol
*
* Simplex restart no. 1 of 10
*
*         - Initializing simplex arrays -
*
*
*      nfunk           rtol        pf        ar     ortho             e_ion              e_ss             e_tot
*X        11     1.7846e+00   0.29332   1.58251   0.26893    -1.1400258e+00     0.0000000e+00    -1.1400258e+00
*
*         simp_runs  =      1552               simp moves
*              rtol  =  9.31e-09               final rtol
*
* Simplex restart no. 2 of 10
*
*         - Initializing simplex arrays -
*
*
*      nfunk           rtol        pf        ar     ortho             e_ion              e_ss             e_tot
*X        11     1.7893e+00   0.29316   1.58269   0.26905    -1.1400582e+00     0.0000000e+00    -1.1400582e+00
*
*         simp_runs  =       898               simp moves
*              rtol  =  9.87e-09               final rtol
*
* Simplex restart no. 3 of 10
*
*         - Initializing simplex arrays -
*
*
*      nfunk           rtol        pf        ar     ortho             e_ion              e_ss             e_tot
*X        11     1.7893e+00   0.29316   1.58268   0.26904    -1.1400608e+00     0.0000000e+00    -1.1400608e+00
*
*         simp_runs  =       837               simp moves
*              rtol  =  9.01e-09               final rtol
*
* Simplex restart no. 4 of 10
*
*         - Initializing simplex arrays -
*
*
*      nfunk           rtol        pf        ar     ortho             e_ion              e_ss             e_tot
*X        11     1.7893e+00   0.29316   1.58268   0.26904    -1.1400608e+00     0.0000000e+00    -1.1400608e+00
*
*         simp_runs  =       837               simp moves
*              rtol  =  9.78e-09               final rtol
*
* Simplex restart no. 5 of 10
*
*         - Initializing simplex arrays -
*
*
*      nfunk           rtol        pf        ar     ortho             e_ion              e_ss             e_tot
*X        11     1.7893e+00   0.29316   1.58268   0.26904    -1.1400608e+00     0.0000000e+00    -1.1400608e+00
*
*         simp_runs  =       838               simp moves
*              rtol  =  9.88e-09               final rtol
*
* Simplex restart no. 6 of 10
*
*         - Initializing simplex arrays -
*
*
*      nfunk           rtol        pf        ar     ortho             e_ion              e_ss             e_tot
*X        11     1.7893e+00   0.29316   1.58268   0.26904    -1.1400608e+00     0.0000000e+00    -1.1400608e+00
*
*         simp_runs  =       859               simp moves
*              rtol  =  9.34e-09               final rtol
*
* Simplex restart no. 7 of 10
*
*         - Initializing simplex arrays -
*
*
*      nfunk           rtol        pf        ar     ortho             e_ion              e_ss             e_tot
*X        11     1.7893e+00   0.29316   1.58268   0.26904    -1.1400608e+00     0.0000000e+00    -1.1400608e+00
*
*         simp_runs  =       858               simp moves
*              rtol  =  9.85e-09               final rtol
*
* Simplex restart no. 8 of 10
*
*         - Initializing simplex arrays -
*
*
*      nfunk           rtol        pf        ar     ortho             e_ion              e_ss             e_tot
*X        11     1.7893e+00   0.29316   1.58268   0.26904    -1.1400609e+00     0.0000000e+00    -1.1400609e+00
*
*         simp_runs  =       848               simp moves
*              rtol  =  9.87e-09               final rtol
*
* Simplex restart no. 9 of 10
*
*         - Initializing simplex arrays -
*
*
*      nfunk           rtol        pf        ar     ortho             e_ion              e_ss             e_tot
*X        11     1.7893e+00   0.29316   1.58268   0.26904    -1.1400609e+00     0.0000000e+00    -1.1400609e+00
*
*         simp_runs  =       848               simp moves
*              rtol  =  9.87e-09               final rtol
*
* Simplex restart no. 10 of 10
*
*         - Initializing simplex arrays -
*
*
*      nfunk           rtol        pf        ar     ortho             e_ion              e_ss             e_tot
*X        11     1.7893e+00   0.29316   1.58268   0.26904    -1.1400609e+00     0.0000000e+00    -1.1400609e+00
*
*         simp_runs  =       848               simp moves
*              rtol  =  9.87e-09               final rtol
*
****************************************************************
*
*          - Parameters at Post Simplex -
*
* Lattice parameters:
*
*             lat a  =    6.5266
*             lat b  =    5.6543
*             lat c  =    8.9489
*             alpha  =   18.4162
*             beta   =   63.7902
*             gamma  =   70.7390
*          cell vol  =   88.8498
*          cv/ortho  =    0.2690
*
* Energies:
*               ecc  = -1.1401e+00
*               eng  =  0.0000e+00
*
*
* Geometry:
*
*      packing frac  =    0.2932
*      aspect ratio  =    1.5827
*
* (dE/dV):
*                Px  =  1.0000e+04                    x-dir
*                Py  =  1.0000e+04                    y-dir
*                Pz  =  1.0000e+04                    z-dir
*
* Distances (PBC only):
*                                 min           hard           diff
*           ca1_ca1  =   1.000000e+06   2.320000e+00   9.999977e+05
*           ca1_ca2  =   1.000000e+06   1.160000e+00   9.999988e+05
*           ca1_ac1  =   2.830000e+00   2.830000e+00   6.292717e-08
*           ca1_av1  =   1.000000e+06  -1.000000e+00   1.000001e+06
*           ca1_ac2  =   1.000000e+06  -1.000000e+00   1.000001e+06
*           ca1_av2  =   1.000000e+06  -1.000000e+00   1.000001e+06
*           ca2_ca2  =   1.000000e+06   0.000000e+00   1.000000e+06
*           ca2_ac1  =   1.000000e+06   1.670000e+00   9.999983e+05
*           ca2_av1  =   1.000000e+06  -1.000000e+00   1.000001e+06
*           ca2_ac2  =   1.000000e+06  -1.000000e+00   1.000001e+06
*           ca2_av2  =   1.000000e+06  -1.000000e+00   1.000001e+06
*           ac1_ac1  =   1.000000e+06   3.340000e+00   9.999967e+05
*           ac1_av1  =   1.000000e+06  -1.000000e+00   1.000001e+06
*           ac1_ac2  =   1.000000e+06  -1.000000e+00   1.000001e+06
*           ac1_av2  =   1.000000e+06  -1.000000e+00   1.000001e+06
*           av1_av1  =   1.000000e+06  -1.000000e+00   1.000001e+06
*           av1_av2  =   1.000000e+06  -1.000000e+00   1.000001e+06
*           av2_av2  =   1.000000e+06  -1.000000e+00   1.000001e+06
*
*
***********************************************************
*        - Process and timing information -
*
* user time:   0 h 00 m 12.129456 s
* syst time:   0 h 00 m 00.007999 s
* signals: 0
* voluntary context switches: 7
* involuntary context switches: 11
*
***********************************************************
*SS symsearch output
*SS ( use:  | awk '($1=="*S"){print $0}' | sed 's/*S //' > temp.out )
*S Title
*S 1                 search type
*S 5.0 0.00001       displacement rms max min
*S 0.1 0.00001       strain rms max min
*S 1                 lattice input type
*S      6.52662     0.00000     0.00000
*S      1.86518     5.33777     0.00000
*S      3.95237     7.61295     2.55040
*S 1 0 0
*S 0 1 0
*S 0 0 1
*S 2                 number of atoms
*S 11 0
*S      0.17727     0.22408     0.87654
*S      0.20019     0.74772     0.85498
*FF findsym output
*FF ( use:  | awk '($1=="*F"){print $0}' | sed 's/*F //' > temp.out )
*F Title
*F 0.001       displacement rms max min
*F 1                 lattice input type
*F      6.52662     0.00000     0.00000
*F      1.86518     5.33777     0.00000
*F      3.95237     7.61295     2.55040
*F 1               basis vector in type
*F 1 0 0
*F 0 1 0
*F 0 0 1
*F 2                 number of atoms
*F 11 0
*F      0.17727     0.22408     0.87654
*F      0.20019     0.74772     0.85498
*DD powder output
*DD (use: | awk '($1=="*D"){print $0}' | sed 's/*D //' > temp.out )
*D 2
*D      6.52662     5.65426     8.94890
*D     18.41621    63.79017    70.73905
*D      0.17727     0.22408     0.87654        11
*D      0.20019     0.74772     0.85498         0
*PP poscar output
*PP (use: | awk '($1=="*P"){print $0}' | sed 's/*P //' > temp.out )
*P Z: 11 17 
*P 1.0 
*P      6.52661884     0.00000000     0.00000000
*P      1.86517702     5.33776779     0.00000000
*P      3.95237022     7.61295293     2.55040231
*P 1 1 0 
*P Direct
*P       0.177266155117      0.224076583500      0.876536611964
*P       0.200191947159      0.747719808038      0.854978310253
*QQ poscar output
*QQ (use: | awk '($1=="*Q"){print $0}' | sed 's/*Q //' > temp.out )
*Q +1.000000000000 -1.000000000000 
*Q 1.0 
*Q      6.52661884     0.00000000     0.00000000
*Q      1.86517702     5.33776779     0.00000000
*Q      3.95237022     7.61295293     2.55040231
*Q 1 1 0 
*Q Direct
*Q       0.177266155117      0.224076583500      0.876536611964
*Q       0.200191947159      0.747719808038      0.854978310253
*RR restart output
*RR (use: | awk '($1=="*R"){print $0}' | sed 's/*R //' > temp.out )
*R     6.526618843990    5.654259480127    8.948901307109
*R     0.321423549435    1.113348447663    1.234629254975
*R      1
*R      1     1
*R   -1.000000000000000   0.000000000000000
*R     0.000000000000    1.670000000000    0.000000000000    17     0
*R      1
*R      1   1.000000000000000
*R     1.160000000000    11
*R     0.177266155117    0.224076583500    0.876536611964
*R     0.200191947159    0.747719808038    0.854978310253
* XBS output
* CATION:
atom C     5.039288329    7.869100736    2.235520997
spec C     1.160000000    1.000000000    0.000000000    0.000000000
* ANION:
atom A     6.080397156   10.500064335    2.180538655
spec A     1.670000000    0.000000000    0.000000000    1.000000000
spec V     0.000000000    0.000000000    1.000000000    0.000000000
bonds A V  0.000000000    0.000000000    0.010000000    Black
* CELL PARAMETERS AND BORDER
atom 0    0.00000   0.00000   0.00000
atom 1    6.52662   0.00000   0.00000
atom 2    8.39180   5.33777   0.00000
atom 3    1.86518   5.33777   0.00000
atom 4    3.95237   7.61295   2.55040
atom 5   10.47899   7.61295   2.55040
atom 6   12.34417  12.95072   2.55040
atom 7    5.81755  12.95072   2.55040
spec 0     0.050000000    0.000000000    0.000000000    0.000000000
spec 1     0.050000000    0.000000000    0.000000000    0.000000000
spec 2     0.050000000    0.000000000    0.000000000    0.000000000
spec 3     0.050000000    0.000000000    0.000000000    0.000000000
spec 4     0.050000000    0.000000000    0.000000000    0.000000000
spec 5     0.050000000    0.000000000    0.000000000    0.000000000
spec 6     0.050000000    0.000000000    0.000000000    0.000000000
spec 7     0.050000000    0.000000000    0.000000000    0.000000000
bonds 0 1  6.520092225    6.533145463    0.010000000    Black
bonds 3 2  6.520092225    6.533145463    0.010000000    Black
bonds 4 5  6.520092225    6.533145463    0.010000000    Black
bonds 6 7  6.520092225    6.533145463    0.010000000    Black
bonds 1 2  5.648605221    5.659913740    0.010000000    Black
bonds 0 3  5.648605221    5.659913740    0.010000000    Black
bonds 5 6  5.648605221    5.659913740    0.010000000    Black
bonds 4 7  5.648605221    5.659913740    0.010000000    Black
bonds 0 4  8.939952406    8.957850208    0.010000000    Black
bonds 1 5  8.939952406    8.957850208    0.010000000    Black
bonds 2 6  8.939952406    8.957850208    0.010000000    Black
bonds 3 7  8.939952406    8.957850208    0.010000000    Black
inc 5.000000
dup    6.52662   0.00000   0.00000
dup    1.86518   5.33777   0.00000
dup    3.95237   7.61295   2.55040
