*************************************************
*	pack	(version 4.12.0.5)
*	Eric Majzoub
*	Sandia National Laboratories
*************************************************
*  Source file: main.c
*  Compile date: Dec 27 2012
*  Compile time: 17:19:04
*  commandline = /projects/e20438/bin/pack-4.12.0.5/pack_exe -f ../../NaCl_pegs.in -P -R -r 300 -t 15 -g 31877 
*  input file = ../../NaCl_pegs.in
**********************************************************************
**********************************************************************
**********************************************************************
* 
*       - General run comments -
* 
* WARN: no Rotations in Metropolis (-R flag).
* WARN: all anionic charge on center atom (-P flag).
*
**********************************************************************
*           - Input parameters -
*
*           restart  =         0         1 = restart calc
*        autoadjust  =         1   automatically set temp
*          aa_using  =         1        1=rej pct, 2=pCnt
*         basin hop  =         0           number of hops
*     non_per_ewald  =         0          1=nanopart calc
*
*             lat a  =   10.0000
*             lat b  =   10.0000
*             lat c  =   10.0000
*             alpha  =    1.5708
*             beta   =    1.5708
*             gamma  =    1.5708
*          cell vol  = 1000.0000
*      sqsh vol pct  =    0.2000
* 
*          cell_min  =    1.6700              min lat vec
*          cell_max  =  167.0000              max lat vec
* 
*         n_type_an  =         1          num type anions
*            num_an  =         1           tot num anions
* 
*          num_an_1  =         1        num anions type 1
*        num_vert_1  =         1     1=sph 2=dim 5=tet...
*       an_chrg_c_1  =   -1.0000      anion center charge
*       an_chrg_v_1  =    0.0000      anion vertex charge
*     tot_an_chrg_1  =   -1.0000       total anion charge
*           Rcent_1  =    1.6700         anion center rad
*           Rvert_1  =    0.0000         anion vertex rad
*             cvd_1  =    0.0000        cent to vert dist
*           Zcent_1  =        17           anion center Z
*           Zvert_1  =         0           anion vertex Z
* 
*          num_an_2  =         0        num anions type 2
*        num_vert_2  =         0     1=sph 2=dim 5=tet...
*       an_chrg_c_2  =    0.0000      anion center charge
*       an_chrg_v_2  =    0.0000      anion vertex charge
*     tot_an_chrg_2  =    0.0000       total anion charge
*           Rcent_2  =    0.0000         anion center rad
*           Rvert_2  =    0.0000         anion vertex rad
*             cvd_2  =    0.0000        cent to vert dist
*           Zcent_2  =         0           anion center Z
*           Zvert_2  =         0           anion vertex Z
* 
*         n_type_ca  =         1            num type cats
*            num_ca  =         1          tot num cations
* 
*          num_ca_1  =         1        num cations typ 1
*         ca_chrg_1  =    1.0000        cation chrg typ 1
*            Rcat_1  =    1.1600         cation rad typ 1
*            Zcat_1  =        11           cation Z typ 1
* 
*            C2VTOL  =  1.00e-08            c2v tolerance
*            ERRLIM  =  1.00e-06
*       REP_EPSILON  =  1.00e+00        soft sphere repul
*    TRANS_FRAC_MAX  =    0.5000                    fixed
*    TRANS_FRAC_MIN  =    0.0200
*      MAX_ANG_CHNG  =    9.9695                  degrees
*    VOLUM_FRAC_MAX  =    0.0700
*         EXT_PRESS  =  0.00e+00        external pressure
*      SQSH_VOL_PCT  =    0.2000             min orth val
*        ASPECT_MAX  =   20.0000                cell parm
*            dplane  =    1.6700            min plane sep
*      SCALE_FACTOR  =    1.2500         bhop max scaling
* 
*            d.o.f.  =        12       degrees of freedom
*          runs/dof  =       300         loops per d.o.f.
*              runs  =      3600              loops per T
*               ncc  =     14400     config changes per T
*            t_runs  =        15           num temp steps
*             efunc  =         0               0=SS  1=LJ
*       N_HALT_CHNG  =        15      halts after N 100%s
*
*      anneal_sched  =         3   0=lin or exp(-run_n^n)
*         temp_init  =  1.00e+00             initial temp
*         temp_finl  =  1.00e-03               final temp
* 
*          trn_chng  =         1              0=off  1=on
*          rot_chng  =         0              0=off  1=on
*          lat_chng  =         1              0=off  1=on
*          swp_chng  =         1              0=off  1=on
* 
*     SIMP_RESTARTS  =        11     no. simplex restarts
*  SIMP_RESTARTS BH  =        21  basin hop simp restarts
*         SIMP_NMAX  =      4500        max simplex iters
*          SIMP_DEG  =    1.0000          anion start deg
*         SIMP_LAMB  =    0.0100        vertex start frac
*       SIMP_ERRLIM  =  1.00e-08              error limit
* 
*           aa runs  =      1200           config changes
*      aa runs_step  =        10   config change increase
*       aa runs_max  =      1500  max auto config changes
*         aa t_runs  =         3            num temp runs
*      aa temp_step  =    0.5000                temp step
* 
*        aa chng hi  =         3  1=trn 2=rot 3=lat 4=swp
*        aa chng lo  =         3  1=trn 2=rot 3=lat 4=swp
* 
*      aa ht_pct_hi  =     0.650             high rej pct
*      aa ht_pct_lo  =     0.600             low  rej pct
* 
*      aa lt_pct_hi  =     0.999             high rej pct
*      aa lt_pct_lo  =     0.950             low  rej pct
* 
*            tmpfile =                   PR20733-best.tmp
* 
* Checking for out of bounds fractional coords.
*
**********************************************************************
*
*          - Parameters at START -
*
* Lattice parameters:
*
*             lat a  =   10.0000
*             lat b  =   10.0000
*             lat c  =   10.0000
*             alpha  =   90.0000
*             beta   =   90.0000
*             gamma  =   90.0000
*          cell vol  = 1000.0000
*          cv/ortho  =    1.0000
*
* Energies:
*               ecc  = -4.7395e-01
*               eng  =  0.0000e+00
*
*
* Geometry:
*
*      packing frac  =    0.0260
*      aspect ratio  =    1.0000
*
* (dE/dV):
*                Px  =  3.0957e-04                    x-dir
*                Py  = -3.3668e-05                    y-dir
*                Pz  =  1.9804e-04                    z-dir
*
* Distances (PBC only):
*                                 min           hard           diff
*           ca1_ca1  =   1.000000e+06   2.320000e+00   9.999977e+05
*           ca1_ca2  =   1.000000e+06   1.160000e+00   9.999988e+05
*           ca1_ac1  =   5.704752e+00   2.830000e+00   2.874752e+00
*           ca1_av1  =   1.000000e+06  -1.000000e+00   1.000001e+06
*           ca1_ac2  =   1.000000e+06  -1.000000e+00   1.000001e+06
*           ca1_av2  =   1.000000e+06  -1.000000e+00   1.000001e+06
*           ca2_ca2  =   1.000000e+06   0.000000e+00   1.000000e+06
*           ca2_ac1  =   1.000000e+06   1.670000e+00   9.999983e+05
*           ca2_av1  =   1.000000e+06  -1.000000e+00   1.000001e+06
*           ca2_ac2  =   1.000000e+06  -1.000000e+00   1.000001e+06
*           ca2_av2  =   1.000000e+06  -1.000000e+00   1.000001e+06
*           ac1_ac1  =   1.000000e+06   3.340000e+00   9.999967e+05
*           ac1_av1  =   1.000000e+06  -1.000000e+00   1.000001e+06
*           ac1_ac2  =   1.000000e+06  -1.000000e+00   1.000001e+06
*           ac1_av2  =   1.000000e+06  -1.000000e+00   1.000001e+06
*           av1_av1  =   1.000000e+06  -1.000000e+00   1.000001e+06
*           av1_av2  =   1.000000e+06  -1.000000e+00   1.000001e+06
*           av2_av2  =   1.000000e+06  -1.000000e+00   1.000001e+06
*
*
*
**********************************************************************
*
* ------------------------------------------------------------
*              Autoadjust high temperatrure:
* ------------------------------------------------------------
*              Autoadjusting on 3 (1=trn,2=rot,3=lat,4=swp)
*
**********************************************************************
*
*                 -- Autoadjust Metropolis Run --
*
*   autoadjust_temp_init  =  1.0000e+00
*   autoadjust_temp_step  =  5.0000e-01
*        autoadjust_runs  =        1200         configs per temp
*       autoadjust_count  =           1
*
**********************************************************************
*
* Metropolis: 3 temperature runs with these parameters:
*
*              runs  =      1200              loops per T
*               T_0  = 1.000e+00             initial temp
*               T_L  = 1.000e+00               final temp
*           T_alpha  = 8.000e+09          annealing alpha
*
*            T = T_0 * exp( -run_num**3 / T_alpha )
*
**********************************************************************
*H run      Temp       E_ion        E_ss   cel vol       SigPF       ar     ortho        pCnt          % Rejected Changes
*H                                                                                                 trn      rot      lat      swp
*T   1  1.00e+00  -3.757e-01  +0.000e+00    406.50   6.727e-02    3.467     0.593   3.745e-01    34.25     0.00     4.00     0.00
*T   2  1.00e+00  -4.198e-01  +0.000e+00  20270.71   1.745e-02    3.427     0.768   3.441e-02     8.58     0.00     1.08     0.00
*T   3  1.00e+00  +2.480e-01  +0.000e+00    549.57   1.593e-02    6.192     0.752   1.633e-01    18.42     0.00     1.00     0.00
*
**********************************************************************
*
*                 -- AUTOADJUST [1] OUT --
*
*     target: lo % = 60.000000      hi % = 65.000000
*     Autoadjust % =  1.000000
*     Autoadjust: Lowering the temperature 5.000e-01 [a.u.]
*
**********************************************************************
*
*                 -- Autoadjust Metropolis Run --
*
*   autoadjust_temp_init  =  5.0000e-01
*   autoadjust_temp_step  =  5.0000e-01
*        autoadjust_runs  =        1210         configs per temp
*       autoadjust_count  =           2
*
**********************************************************************
*
* Metropolis: 3 temperature runs with these parameters:
*
*              runs  =      1210              loops per T
*               T_0  = 5.000e-01             initial temp
*               T_L  = 4.995e-01               final temp
*           T_alpha  = 7.996e+03          annealing alpha
*
*            T = T_0 * exp( -run_num**3 / T_alpha )
*
**********************************************************************
*H run      Temp       E_ion        E_ss   cel vol       SigPF       ar     ortho        pCnt          % Rejected Changes
*H                                                                                                 trn      rot      lat      swp
*T   1  5.00e-01  -2.190e-01  +0.000e+00   2314.69   4.479e-02    7.286     0.260   1.454e+00    50.91     0.00     7.60     0.00
*T   2  5.00e-01  -1.815e-01  +0.000e+00   3099.12   5.047e-03    8.558     0.334   1.317e+00    65.95     0.00     3.55     0.00
*T   3  4.99e-01  -3.861e-02  +0.000e+00  31014.46   7.858e-03    8.404     0.203   4.812e-01    40.00     0.00     5.04     0.00
*
**********************************************************************
*
*                 -- AUTOADJUST [2] OUT --
*
*     target: lo % = 60.000000      hi % = 65.000000
*     Autoadjust % =  5.041322
*     Autoadjust: special case: (T-Tstep) = 0.000e+00 [a.u.]
*     Autoadjust: special case: ===> drop temp step to: 2.250e-01 [a.u.]
*     Autoadjust: Lowering the temperature 2.250e-01 [a.u.]
*
**********************************************************************
*
*                 -- Autoadjust Metropolis Run --
*
*   autoadjust_temp_init  =  2.7500e-01
*   autoadjust_temp_step  =  2.2500e-01
*        autoadjust_runs  =        1220         configs per temp
*       autoadjust_count  =           3
*
**********************************************************************
*
* Metropolis: 3 temperature runs with these parameters:
*
*              runs  =      1220              loops per T
*               T_0  = 2.750e-01             initial temp
*               T_L  = 2.747e-01               final temp
*           T_alpha  = 7.996e+03          annealing alpha
*
*            T = T_0 * exp( -run_num**3 / T_alpha )
*
**********************************************************************
*H run      Temp       E_ion        E_ss   cel vol       SigPF       ar     ortho        pCnt          % Rejected Changes
*H                                                                                                 trn      rot      lat      swp
*T   1  2.75e-01  -5.949e-01  +0.000e+00   1652.08   3.110e-03    3.569     0.256   4.169e-01    28.44     0.00     7.38     0.00
*T   2  2.75e-01  -8.536e-01  +0.000e+00    187.71   1.034e-01    1.275     0.728   3.250e-01    64.26     0.00     9.92     0.00
*T   3  2.75e-01  -6.709e-01  +0.000e+00   1157.11   5.848e-02    2.492     0.355   4.054e-01    33.28     0.00     5.57     0.00
*
**********************************************************************
*
*                 -- AUTOADJUST [3] OUT --
*
*     target: lo % = 60.000000      hi % = 65.000000
*     Autoadjust % =  5.573770
*     Autoadjust: Lowering the temperature 2.250e-01 [a.u.]
*
**********************************************************************
*
*                 -- Autoadjust Metropolis Run --
*
*   autoadjust_temp_init  =  5.0000e-02
*   autoadjust_temp_step  =  2.2500e-01
*        autoadjust_runs  =        1230         configs per temp
*       autoadjust_count  =           4
*
**********************************************************************
*
* Metropolis: 3 temperature runs with these parameters:
*
*              runs  =      1230              loops per T
*               T_0  = 5.000e-02             initial temp
*               T_L  = 4.995e-02               final temp
*           T_alpha  = 7.996e+03          annealing alpha
*
*            T = T_0 * exp( -run_num**3 / T_alpha )
*
**********************************************************************
*H run      Temp       E_ion        E_ss   cel vol       SigPF       ar     ortho        pCnt          % Rejected Changes
*H                                                                                                 trn      rot      lat      swp
*T   1  5.00e-02  -1.021e+00  +0.000e+00     83.75   1.050e-01    1.857     0.494   5.415e+00    82.44     0.00    28.46     0.00
*T   2  5.00e-02  -9.256e-01  +0.000e+00    157.57   1.152e-01    2.517     0.416   2.123e+00    87.97     0.00    24.39     0.00
*T   3  5.00e-02  -8.439e-01  +0.000e+00    194.49   6.961e-02    2.072     0.344   1.894e+00    83.50     0.00    27.15     0.00
*
**********************************************************************
*
*                 -- AUTOADJUST [4] OUT --
*
*     target: lo % = 60.000000      hi % = 65.000000
*     Autoadjust % = 27.154472
*     Autoadjust: special case: (T-Tstep) = -1.750e-01 [a.u.]
*     Autoadjust: special case: ===> drop temp step to: 1.013e-01 [a.u.]
*     Autoadjust: special case: (T-Tstep) = -5.125e-02 [a.u.]
*     Autoadjust: special case: ===> drop temp step to: 4.556e-02 [a.u.]
*     Autoadjust: Lowering the temperature 4.556e-02 [a.u.]
*
**********************************************************************
*
*                 -- Autoadjust Metropolis Run --
*
*   autoadjust_temp_init  =  4.4375e-03
*   autoadjust_temp_step  =  4.5563e-02
*        autoadjust_runs  =        1240         configs per temp
*       autoadjust_count  =           5
*
**********************************************************************
*
* Metropolis: 3 temperature runs with these parameters:
*
*              runs  =      1240              loops per T
*               T_0  = 4.438e-03             initial temp
*               T_L  = 4.433e-03               final temp
*           T_alpha  = 7.996e+03          annealing alpha
*
*            T = T_0 * exp( -run_num**3 / T_alpha )
*
**********************************************************************
*H run      Temp       E_ion        E_ss   cel vol       SigPF       ar     ortho        pCnt          % Rejected Changes
*H                                                                                                 trn      rot      lat      swp
*T   1  4.44e-03  -1.100e+00  +0.000e+00     81.30   1.907e-01    1.664     0.415   7.783e+01    99.76     0.00    87.02     0.00
*T   2  4.44e-03  -1.119e+00  +0.000e+00     77.09   2.087e-01    1.777     0.428   7.494e+00    99.92     0.00    90.73     0.00
*T   3  4.43e-03  -1.124e+00  +0.000e+00     72.78   2.254e-01    1.736     0.473   4.542e+00   100.00     0.00    89.27     0.00
*
**********************************************************************
*
*                 -- AUTOADJUST [5] OUT --
*
*     target: lo % = 60.000000      hi % = 65.000000
*     Autoadjust % = 89.274194
*     Autoadjust: overshot! drop temp step to: 2.050e-02 [a.u.]
*     Autoadjust: Raising the temperature 2.050e-02 [a.u.]
*
**********************************************************************
*
*                 -- Autoadjust Metropolis Run --
*
*   autoadjust_temp_init  =  2.4941e-02
*   autoadjust_temp_step  =  2.0503e-02
*        autoadjust_runs  =        1250         configs per temp
*       autoadjust_count  =           6
*
**********************************************************************
*
* Metropolis: 3 temperature runs with these parameters:
*
*              runs  =      1250              loops per T
*               T_0  = 2.494e-02             initial temp
*               T_L  = 2.492e-02               final temp
*           T_alpha  = 7.996e+03          annealing alpha
*
*            T = T_0 * exp( -run_num**3 / T_alpha )
*
**********************************************************************
*H run      Temp       E_ion        E_ss   cel vol       SigPF       ar     ortho        pCnt          % Rejected Changes
*H                                                                                                 trn      rot      lat      swp
*T   1  2.49e-02  -1.035e+00  +0.000e+00     78.05   1.484e-01    1.759     0.346   3.069e+00    94.72     0.00    46.88     0.00
*T   2  2.49e-02  -9.665e-01  +0.000e+00    125.20   1.175e-01    1.661     0.361   4.685e+00    91.20     0.00    39.12     0.00
*T   3  2.49e-02  -9.694e-01  +0.000e+00    124.09   9.793e-02    1.529     0.277   4.240e+00    90.88     0.00    43.68     0.00
*
**********************************************************************
*
*                 -- AUTOADJUST [6] OUT --
*
*     target: lo % = 60.000000      hi % = 65.000000
*     Autoadjust % = 43.680000
*     Autoadjust: overshot! drop temp step to: 9.226e-03 [a.u.]
*     Autoadjust: Lowering the temperature 9.226e-03 [a.u.]
*
**********************************************************************
*
*                 -- Autoadjust Metropolis Run --
*
*   autoadjust_temp_init  =  1.5714e-02
*   autoadjust_temp_step  =  9.2264e-03
*        autoadjust_runs  =        1260         configs per temp
*       autoadjust_count  =           7
*
**********************************************************************
*
* Metropolis: 3 temperature runs with these parameters:
*
*              runs  =      1260              loops per T
*               T_0  = 1.571e-02             initial temp
*               T_L  = 1.570e-02               final temp
*           T_alpha  = 7.996e+03          annealing alpha
*
*            T = T_0 * exp( -run_num**3 / T_alpha )
*
**********************************************************************
*H run      Temp       E_ion        E_ss   cel vol       SigPF       ar     ortho        pCnt          % Rejected Changes
*H                                                                                                 trn      rot      lat      swp
*T   1  1.57e-02  -1.140e+00  +0.000e+00     55.35   2.061e-01    1.527     0.488   1.617e+01    97.46     0.00    51.67     0.00
*T   2  1.57e-02  -1.125e+00  +0.000e+00     55.88   2.510e-01    1.434     0.439   5.435e+00    99.44     0.00    59.68     0.00
*T   3  1.57e-02  -1.063e+00  +0.000e+00     69.60   2.218e-01    1.353     0.518   5.658e+00    98.97     0.00    58.73     0.00
*
**********************************************************************
*
*                 -- AUTOADJUST [7] OUT --
*
*     target: lo % = 60.000000      hi % = 65.000000
*     Autoadjust % = 58.730159
*     Autoadjust: Lowering the temperature 9.226e-03 [a.u.]
*
**********************************************************************
*
*                 -- Autoadjust Metropolis Run --
*
*   autoadjust_temp_init  =  6.4878e-03
*   autoadjust_temp_step  =  9.2264e-03
*        autoadjust_runs  =        1270         configs per temp
*       autoadjust_count  =           8
*
**********************************************************************
*
* Metropolis: 3 temperature runs with these parameters:
*
*              runs  =      1270              loops per T
*               T_0  = 6.488e-03             initial temp
*               T_L  = 6.481e-03               final temp
*           T_alpha  = 7.996e+03          annealing alpha
*
*            T = T_0 * exp( -run_num**3 / T_alpha )
*
**********************************************************************
*H run      Temp       E_ion        E_ss   cel vol       SigPF       ar     ortho        pCnt          % Rejected Changes
*H                                                                                                 trn      rot      lat      swp
*T   1  6.49e-03  -1.185e+00  +0.000e+00     49.16   3.191e-01    1.402     0.461   2.214e+01   100.00     0.00    86.38     0.00
*T   2  6.49e-03  -1.172e+00  +0.000e+00     49.93   3.232e-01    1.462     0.479   2.998e+00    99.92     0.00    84.49     0.00
*T   3  6.48e-03  -1.205e+00  +0.000e+00     47.55   3.383e-01    1.494     0.488   3.346e+00   100.00     0.00    86.93     0.00
*
**********************************************************************
*
*                 -- AUTOADJUST [8] OUT --
*
*     target: lo % = 60.000000      hi % = 65.000000
*     Autoadjust % = 86.929134
*     Autoadjust: overshot! drop temp step to: 4.152e-03 [a.u.]
*     Autoadjust: Raising the temperature 4.152e-03 [a.u.]
*
**********************************************************************
*
*                 -- Autoadjust Metropolis Run --
*
*   autoadjust_temp_init  =  1.0640e-02
*   autoadjust_temp_step  =  4.1519e-03
*        autoadjust_runs  =        1280         configs per temp
*       autoadjust_count  =           9
*
**********************************************************************
*
* Metropolis: 3 temperature runs with these parameters:
*
*              runs  =      1280              loops per T
*               T_0  = 1.064e-02             initial temp
*               T_L  = 1.063e-02               final temp
*           T_alpha  = 7.996e+03          annealing alpha
*
*            T = T_0 * exp( -run_num**3 / T_alpha )
*
**********************************************************************
*H run      Temp       E_ion        E_ss   cel vol       SigPF       ar     ortho        pCnt          % Rejected Changes
*H                                                                                                 trn      rot      lat      swp
*T   1  1.06e-02  -1.166e+00  +0.000e+00     51.49   3.095e-01    1.505     0.553   3.943e+00   100.00     0.00    77.27     0.00
*T   2  1.06e-02  -1.166e+00  +0.000e+00     53.97   3.144e-01    1.441     0.566   2.469e+00   100.00     0.00    80.47     0.00
*T   3  1.06e-02  -1.164e+00  +0.000e+00     54.11   2.921e-01    1.537     0.521   4.959e+00    99.92     0.00    76.80     0.00
*
**********************************************************************
*
*                 -- AUTOADJUST [9] OUT --
*
*     target: lo % = 60.000000      hi % = 65.000000
*     Autoadjust % = 76.796875
*     Autoadjust: Raising the temperature 4.152e-03 [a.u.]
*
**********************************************************************
*
*                 -- Autoadjust Metropolis Run --
*
*   autoadjust_temp_init  =  1.4792e-02
*   autoadjust_temp_step  =  4.1519e-03
*        autoadjust_runs  =        1290         configs per temp
*       autoadjust_count  =          10
*
**********************************************************************
*
* Metropolis: 3 temperature runs with these parameters:
*
*              runs  =      1290              loops per T
*               T_0  = 1.479e-02             initial temp
*               T_L  = 1.478e-02               final temp
*           T_alpha  = 7.996e+03          annealing alpha
*
*            T = T_0 * exp( -run_num**3 / T_alpha )
*
**********************************************************************
*H run      Temp       E_ion        E_ss   cel vol       SigPF       ar     ortho        pCnt          % Rejected Changes
*H                                                                                                 trn      rot      lat      swp
*T   1  1.48e-02  -1.101e+00  +0.000e+00     48.69   2.544e-01    1.521     0.663   7.490e+00    99.15     0.00    67.13     0.00
*T   2  1.48e-02  -1.055e+00  +0.000e+00     65.08   2.649e-01    1.229     0.533   4.062e+00    99.69     0.00    66.12     0.00
*T   3  1.48e-02  -1.131e+00  +0.000e+00     56.23   2.858e-01    1.371     0.584   5.329e+00    99.69     0.00    70.62     0.00
*
**********************************************************************
*
*                 -- AUTOADJUST [10] OUT --
*
*     target: lo % = 60.000000      hi % = 65.000000
*     Autoadjust % = 70.620155
*     Autoadjust: Raising the temperature 4.152e-03 [a.u.]
*
**********************************************************************
*
*                 -- Autoadjust Metropolis Run --
*
*   autoadjust_temp_init  =  1.8943e-02
*   autoadjust_temp_step  =  4.1519e-03
*        autoadjust_runs  =        1300         configs per temp
*       autoadjust_count  =          11
*
**********************************************************************
*
* Metropolis: 3 temperature runs with these parameters:
*
*              runs  =      1300              loops per T
*               T_0  = 1.894e-02             initial temp
*               T_L  = 1.892e-02               final temp
*           T_alpha  = 7.996e+03          annealing alpha
*
*            T = T_0 * exp( -run_num**3 / T_alpha )
*
**********************************************************************
*H run      Temp       E_ion        E_ss   cel vol       SigPF       ar     ortho        pCnt          % Rejected Changes
*H                                                                                                 trn      rot      lat      swp
*T   1  1.89e-02  -1.088e+00  +0.000e+00     70.28   2.352e-01    1.167     0.741   3.830e+00    99.08     0.00    66.23     0.00
*T   2  1.89e-02  -1.072e+00  +0.000e+00     55.12   2.072e-01    1.272     0.391   5.480e+00    98.38     0.00    58.15     0.00
*T   3  1.89e-02  -1.099e+00  +0.000e+00     70.94   2.188e-01    1.296     0.582   4.168e+00    98.77     0.00    52.08     0.00
*
**********************************************************************
*
*                 -- AUTOADJUST [11] OUT --
*
*     target: lo % = 60.000000      hi % = 65.000000
*     Autoadjust % = 52.076923
*     Autoadjust: overshot! drop temp step to: 1.868e-03 [a.u.]
*     Autoadjust: Lowering the temperature 1.868e-03 [a.u.]
*
**********************************************************************
*
*                 -- Autoadjust Metropolis Run --
*
*   autoadjust_temp_init  =  1.7075e-02
*   autoadjust_temp_step  =  1.8683e-03
*        autoadjust_runs  =        1310         configs per temp
*       autoadjust_count  =          12
*
**********************************************************************
*
* Metropolis: 3 temperature runs with these parameters:
*
*              runs  =      1310              loops per T
*               T_0  = 1.708e-02             initial temp
*               T_L  = 1.706e-02               final temp
*           T_alpha  = 7.996e+03          annealing alpha
*
*            T = T_0 * exp( -run_num**3 / T_alpha )
*
**********************************************************************
*H run      Temp       E_ion        E_ss   cel vol       SigPF       ar     ortho        pCnt          % Rejected Changes
*H                                                                                                 trn      rot      lat      swp
*T   1  1.71e-02  -1.067e+00  +0.000e+00     67.94   1.929e-01    1.439     0.798   3.401e+00    99.24     0.00    56.26     0.00
*T   2  1.71e-02  -1.101e+00  +0.000e+00     54.57   2.435e-01    1.522     0.603   1.580e+01    99.01     0.00    60.23     0.00
*T   3  1.71e-02  -1.125e+00  +0.000e+00     50.21   2.492e-01    1.616     0.494   2.155e+00    99.77     0.00    60.76     0.00
*
**********************************************************************
*
*                 -- AUTOADJUST [12] OUT --
*
*     target: lo % = 60.000000      hi % = 65.000000
*     Autoadjust % = 60.763359
*     Autoadjust: temp = 1.708e-02  is good!  Exiting autoadjust.
*
**********************************************************************
*
* ------------------------------------------------------------
*              Autoadjust low temperatrure:
* ------------------------------------------------------------
*              Autoadjusting on 3 (1=trn,2=rot,3=lat,4=swp)
*
**********************************************************************
*
*                 -- Autoadjust Metropolis Run --
*
*   autoadjust_temp_init  =  2.0000e-02
*   autoadjust_temp_step  =  5.0000e-01
*        autoadjust_runs  =        1200         configs per temp
*       autoadjust_count  =           1
*
**********************************************************************
*
* Metropolis: 3 temperature runs with these parameters:
*
*              runs  =      1200              loops per T
*               T_0  = 2.000e-02             initial temp
*               T_L  = 2.000e-02               final temp
*           T_alpha  = 1.600e+08          annealing alpha
*
*            T = T_0 * exp( -run_num**3 / T_alpha )
*
**********************************************************************
*H run      Temp       E_ion        E_ss   cel vol       SigPF       ar     ortho        pCnt          % Rejected Changes
*H                                                                                                 trn      rot      lat      swp
*T   1  2.00e-02  -1.092e+00  +0.000e+00     64.41   2.449e-01    1.458     0.459   2.697e+00    99.33     0.00    58.67     0.00
*T   2  2.00e-02  -1.012e+00  +0.000e+00    108.62   1.627e-01    2.191     0.392   4.830e+00    98.92     0.00    52.58     0.00
*T   3  2.00e-02  -1.119e+00  +0.000e+00     60.11   1.564e-01    1.333     0.477   2.311e+00    97.17     0.00    48.17     0.00
*
**********************************************************************
*
*                 -- AUTOADJUST [1] OUT --
*
*     target: lo % = 95.000000      hi % = 99.900000
*     Autoadjust % = 48.166667
*     Autoadjust: special case: (T-Tstep) = -4.800e-01 [a.u.]
*     Autoadjust: special case: ===> drop temp step to: 2.250e-01 [a.u.]
*     Autoadjust: special case: (T-Tstep) = -2.050e-01 [a.u.]
*     Autoadjust: special case: ===> drop temp step to: 1.013e-01 [a.u.]
*     Autoadjust: special case: (T-Tstep) = -8.125e-02 [a.u.]
*     Autoadjust: special case: ===> drop temp step to: 4.556e-02 [a.u.]
*     Autoadjust: special case: (T-Tstep) = -2.556e-02 [a.u.]
*     Autoadjust: special case: ===> drop temp step to: 2.050e-02 [a.u.]
*     Autoadjust: special case: (T-Tstep) = -5.031e-04 [a.u.]
*     Autoadjust: special case: ===> drop temp step to: 9.226e-03 [a.u.]
*     Autoadjust: Lowering the temperature 9.226e-03 [a.u.]
*
**********************************************************************
*
*                 -- Autoadjust Metropolis Run --
*
*   autoadjust_temp_init  =  1.0774e-02
*   autoadjust_temp_step  =  9.2264e-03
*        autoadjust_runs  =        1210         configs per temp
*       autoadjust_count  =           2
*
**********************************************************************
*
* Metropolis: 3 temperature runs with these parameters:
*
*              runs  =      1210              loops per T
*               T_0  = 1.077e-02             initial temp
*               T_L  = 1.076e-02               final temp
*           T_alpha  = 7.996e+03          annealing alpha
*
*            T = T_0 * exp( -run_num**3 / T_alpha )
*
**********************************************************************
*H run      Temp       E_ion        E_ss   cel vol       SigPF       ar     ortho        pCnt          % Rejected Changes
*H                                                                                                 trn      rot      lat      swp
*T   1  1.08e-02  -1.071e+00  +0.000e+00     70.12   2.073e-01    1.607     0.347   8.268e+00    99.83     0.00    63.72     0.00
*T   2  1.08e-02  -1.118e+00  +0.000e+00     51.78   2.325e-01    1.231     0.352   1.134e+01    99.75     0.00    64.30     0.00
*T   3  1.08e-02  -1.158e+00  +0.000e+00     50.00   2.670e-01    1.383     0.406   6.013e+00    99.67     0.00    62.81     0.00
*
**********************************************************************
*
*                 -- AUTOADJUST [2] OUT --
*
*     target: lo % = 95.000000      hi % = 99.900000
*     Autoadjust % = 62.809917
*     Autoadjust: Lowering the temperature 9.226e-03 [a.u.]
*
**********************************************************************
*
*                 -- Autoadjust Metropolis Run --
*
*   autoadjust_temp_init  =  1.5472e-03
*   autoadjust_temp_step  =  9.2264e-03
*        autoadjust_runs  =        1220         configs per temp
*       autoadjust_count  =           3
*
**********************************************************************
*
* Metropolis: 3 temperature runs with these parameters:
*
*              runs  =      1220              loops per T
*               T_0  = 1.547e-03             initial temp
*               T_L  = 1.546e-03               final temp
*           T_alpha  = 7.996e+03          annealing alpha
*
*            T = T_0 * exp( -run_num**3 / T_alpha )
*
**********************************************************************
*H run      Temp       E_ion        E_ss   cel vol       SigPF       ar     ortho        pCnt          % Rejected Changes
*H                                                                                                 trn      rot      lat      swp
*T   1  1.55e-03  -1.184e+00  +0.000e+00     48.52   3.414e-01    1.367     0.422   1.698e+02   100.00     0.00    86.72     0.00
*T   2  1.55e-03  -1.200e+00  +0.000e+00     47.63   3.465e-01    1.394     0.430   8.555e+00   100.00     0.00    90.57     0.00
*T   3  1.55e-03  -1.200e+00  +0.000e+00     47.80   3.511e-01    1.404     0.440   1.820e+00   100.00     0.00    92.62     0.00
*
**********************************************************************
*
*                 -- AUTOADJUST [3] OUT --
*
*     target: lo % = 95.000000      hi % = 99.900000
*     Autoadjust % = 92.622951
*     Autoadjust: special case: (T-Tstep) = -7.679e-03 [a.u.]
*     Autoadjust: special case: ===> drop temp step to: 4.152e-03 [a.u.]
*     Autoadjust: special case: (T-Tstep) = -2.605e-03 [a.u.]
*     Autoadjust: special case: ===> drop temp step to: 1.868e-03 [a.u.]
*     Autoadjust: special case: (T-Tstep) = -3.212e-04 [a.u.]
*     Autoadjust: special case: ===> drop temp step to: 8.408e-04 [a.u.]
*     Autoadjust: Lowering the temperature 8.408e-04 [a.u.]
*
**********************************************************************
*
*                 -- Autoadjust Metropolis Run --
*
*   autoadjust_temp_init  =  7.0643e-04
*   autoadjust_temp_step  =  8.4076e-04
*        autoadjust_runs  =        1230         configs per temp
*       autoadjust_count  =           4
*
**********************************************************************
*
* Metropolis: 3 temperature runs with these parameters:
*
*              runs  =      1230              loops per T
*               T_0  = 7.064e-04             initial temp
*               T_L  = 7.057e-04               final temp
*           T_alpha  = 7.996e+03          annealing alpha
*
*            T = T_0 * exp( -run_num**3 / T_alpha )
*
**********************************************************************
*H run      Temp       E_ion        E_ss   cel vol       SigPF       ar     ortho        pCnt          % Rejected Changes
*H                                                                                                 trn      rot      lat      swp
*T   1  7.06e-04  -1.203e+00  +0.000e+00     47.36   3.569e-01    1.406     0.440   1.962e+00   100.00     0.00    95.28     0.00
*T   2  7.06e-04  -1.203e+00  +0.000e+00     47.59   3.567e-01    1.406     0.442   2.117e+00   100.00     0.00    95.20     0.00
*T   3  7.06e-04  -1.204e+00  +0.000e+00     47.22   3.579e-01    1.402     0.439   2.612e+00   100.00     0.00    95.85     0.00
*
**********************************************************************
*
*                 -- AUTOADJUST [4] OUT --
*
*     target: lo % = 95.000000      hi % = 99.900000
*     Autoadjust % = 95.853659
*     Autoadjust: temp = 7.064e-04  is good!  Exiting autoadjust.
*
**********************************************************************
*
*
*          -- Initializing cell contents --
*
*
*
**********************************************************************
*
*            -- Starting Metropolis calculation --
*
*              temp_init  = 1.708e-02
*
**********************************************************************
*
* Metropolis: 15 temperature runs with these parameters:
*
*              runs  =      3600              loops per T
*               T_0  = 1.708e-02             initial temp
*               T_L  = 7.064e-04               final temp
*           T_alpha  = 8.615e+02          annealing alpha
*
*            T = T_0 * exp( -run_num**3 / T_alpha )
*
**********************************************************************
*H run      Temp       E_ion        E_ss   cel vol       SigPF       ar     ortho        pCnt          % Rejected Changes
*H                                                                                                 trn      rot      lat      swp
*M   1  1.71e-02  -1.091e+00  +0.000e+00     61.58   2.271e-01    1.381     0.651   5.564e+01    97.86     0.00    58.03     0.00
*M   2  1.71e-02  -1.177e+00  +0.000e+00     48.55   2.443e-01    1.641     0.524   5.912e+00    99.53     0.00    61.75     0.00
*M   3  1.69e-02  -1.091e+00  +0.000e+00     66.88   2.414e-01    1.533     0.466   5.414e+00    99.28     0.00    64.08     0.00
*M   4  1.65e-02  -1.148e+00  +0.000e+00     46.83   2.258e-01    1.425     0.442   3.519e+00    99.42     0.00    60.14     0.00
*M   5  1.59e-02  -1.043e+00  +0.000e+00     87.99   2.275e-01    1.731     0.374   4.130e+00    99.14     0.00    60.17     0.00
*M   6  1.48e-02  -1.093e+00  +0.000e+00     67.85   2.368e-01    1.425     0.509   4.069e+00    99.58     0.00    60.94     0.00
*M   7  1.33e-02  -1.154e+00  +0.000e+00     53.10   2.347e-01    1.298     0.459   9.207e+00    99.39     0.00    65.17     0.00
*M   8  1.15e-02  -1.076e+00  +0.000e+00     81.52   2.653e-01    1.070     0.550   1.291e+01    99.50     0.00    69.17     0.00
*M   9  9.42e-03  -1.171e+00  +0.000e+00     49.68   2.841e-01    1.328     0.415   7.809e+00    99.83     0.00    77.17     0.00
*M  10  7.33e-03  -1.166e+00  +0.000e+00     51.05   3.069e-01    1.398     0.453   4.108e+00    99.97     0.00    83.06     0.00
*M  11  5.35e-03  -1.168e+00  +0.000e+00     50.69   3.121e-01    1.422     0.476   5.436e+00    99.94     0.00    87.03     0.00
*M  12  3.64e-03  -1.171e+00  +0.000e+00     49.99   3.341e-01    1.420     0.458   3.458e+00    99.97     0.00    91.92     0.00
*M  13  2.30e-03  -1.185e+00  +0.000e+00     47.88   3.486e-01    1.418     0.437   5.194e+00   100.00     0.00    92.08     0.00
*M  14  1.33e-03  -1.193e+00  +0.000e+00     46.97   3.600e-01    1.411     0.442   4.128e+00   100.00     0.00    96.39     0.00
*M  15  7.06e-04  -1.193e+00  +0.000e+00     46.93   3.662e-01    1.416     0.440   2.791e+00   100.00     0.00    97.75     0.00
*
**********************************************************************
*
*
*          - Parameters at Post Ewald-Metro -
*
* Lattice parameters:
*
*             lat a  =    3.8027
*             lat b  =    5.2136
*             lat c  =    5.3845
*             alpha  =  104.2101
*             beta   =   43.5192
*             gamma  =   71.0775
*          cell vol  =   46.9339
*          cv/ortho  =    0.4396
*
* Energies:
*               ecc  = -1.1929e+00
*               eng  =  0.0000e+00
*
*
* Geometry:
*
*      packing frac  =    0.5550
*      aspect ratio  =    1.4160
*
* (dE/dV):
*                Px  =  7.2316e-03                    x-dir
*                Py  =  6.6174e-03                    y-dir
*                Pz  =  1.1567e-02                    z-dir
*
* Distances (PBC only):
*                                 min           hard           diff
*           ca1_ca1  =   1.000000e+06   2.320000e+00   9.999977e+05
*           ca1_ca2  =   1.000000e+06   1.160000e+00   9.999988e+05
*           ca1_ac1  =   2.961121e+00   2.830000e+00   1.311215e-01
*           ca1_av1  =   1.000000e+06  -1.000000e+00   1.000001e+06
*           ca1_ac2  =   1.000000e+06  -1.000000e+00   1.000001e+06
*           ca1_av2  =   1.000000e+06  -1.000000e+00   1.000001e+06
*           ca2_ca2  =   1.000000e+06   0.000000e+00   1.000000e+06
*           ca2_ac1  =   1.000000e+06   1.670000e+00   9.999983e+05
*           ca2_av1  =   1.000000e+06  -1.000000e+00   1.000001e+06
*           ca2_ac2  =   1.000000e+06  -1.000000e+00   1.000001e+06
*           ca2_av2  =   1.000000e+06  -1.000000e+00   1.000001e+06
*           ac1_ac1  =   1.000000e+06   3.340000e+00   9.999967e+05
*           ac1_av1  =   1.000000e+06  -1.000000e+00   1.000001e+06
*           ac1_ac2  =   1.000000e+06  -1.000000e+00   1.000001e+06
*           ac1_av2  =   1.000000e+06  -1.000000e+00   1.000001e+06
*           av1_av1  =   1.000000e+06  -1.000000e+00   1.000001e+06
*           av1_av2  =   1.000000e+06  -1.000000e+00   1.000001e+06
*           av2_av2  =   1.000000e+06  -1.000000e+00   1.000001e+06
*
*
*
**********************************************************************
*
*         - Comparing with 'best' structure -
*
****************************************************************
*
*          best ecc  = -1.2127e+00
*          best eng  =  0.0000e+00
*           ecc+eng  = -1.2127e+00
*          best vol  =  4.7514e+01
*           best pf  =  5.4821e-01
*
*     post_runs ecc  = -1.1929e+00
*     post_runs eng  =  0.0000e+00
*           ecc+eng  = -1.1929e+00
*     post_runs vol  =  4.6934e+01
*      post_runs pf  =  5.5498e-01
*
*       dV / V_runs  =  1.2354e-02
*
*          ecc_diff  = -1.9850e-02
*          eng_diff  =  0.0000e+00
*
*
****************************************************************
*
*  mag_ecc_diff > mag_eng_diff AND within BEST_VOL AND
* 'best' has lower energy than post runs! --> swapping.
*
****************************************************************
*
*
*          - Parameters at Post 'best-swap' -
*
* Lattice parameters:
*
*             lat a  =    4.1965
*             lat b  =    5.7183
*             lat c  =    3.9825
*             alpha  =   46.5509
*             beta   =   57.5518
*             gamma  =   89.3688
*          cell vol  =   47.5137
*          cv/ortho  =    0.4972
*
* Energies:
*               ecc  = -1.2127e+00
*               eng  =  0.0000e+00
*
*
* Geometry:
*
*      packing frac  =    0.5482
*      aspect ratio  =    1.4359
*
* (dE/dV):
*                Px  =  9.3942e-03                    x-dir
*                Py  =  1.0419e-02                    y-dir
*                Pz  =  5.7101e-03                    z-dir
*
* Distances (PBC only):
*                                 min           hard           diff
*           ca1_ca1  =   1.000000e+06   2.320000e+00   9.999977e+05
*           ca1_ca2  =   1.000000e+06   1.160000e+00   9.999988e+05
*           ca1_ac1  =   2.831206e+00   2.830000e+00   1.206278e-03
*           ca1_av1  =   1.000000e+06  -1.000000e+00   1.000001e+06
*           ca1_ac2  =   1.000000e+06  -1.000000e+00   1.000001e+06
*           ca1_av2  =   1.000000e+06  -1.000000e+00   1.000001e+06
*           ca2_ca2  =   1.000000e+06   0.000000e+00   1.000000e+06
*           ca2_ac1  =   1.000000e+06   1.670000e+00   9.999983e+05
*           ca2_av1  =   1.000000e+06  -1.000000e+00   1.000001e+06
*           ca2_ac2  =   1.000000e+06  -1.000000e+00   1.000001e+06
*           ca2_av2  =   1.000000e+06  -1.000000e+00   1.000001e+06
*           ac1_ac1  =   1.000000e+06   3.340000e+00   9.999967e+05
*           ac1_av1  =   1.000000e+06  -1.000000e+00   1.000001e+06
*           ac1_ac2  =   1.000000e+06  -1.000000e+00   1.000001e+06
*           ac1_av2  =   1.000000e+06  -1.000000e+00   1.000001e+06
*           av1_av1  =   1.000000e+06  -1.000000e+00   1.000001e+06
*           av1_av2  =   1.000000e+06  -1.000000e+00   1.000001e+06
*           av2_av2  =   1.000000e+06  -1.000000e+00   1.000001e+06
*
*
*
**********************************************************************
*
*         - Final Simplex relaxation with restarts -
*
**********************************************************************
*
*
****************************************************************
*
*
*        - Simplex Minimiziation Routine -
*
*
* Note: No aspect ratio constraint.
*
*
*            n_simp  =        15                   D.O.F.
*         simp_nmax  =      4500                max moves
*       simp_errlim  =  1.00e-08
*
*
*         - Initializing simplex arrays -
*
*
*      nfunk           rtol        pf        ar     ortho             e_ion              e_ss             e_tot
*X        12     5.7955e-03   0.54951   1.43587   0.49279    -1.2135464e+00     0.0000000e+00    -1.2135464e+00
*X      2001     6.4207e-06   0.57359   1.44441   0.49793    -1.2307303e+00     0.0000000e+00    -1.2307303e+00
*X      4000     3.3363e-06   0.57450   1.44490   0.50120    -1.2312407e+00     0.0000000e+00    -1.2312407e+00
*
*         simp_runs  =      4482               simp moves
*              rtol  =  9.83e-09               final rtol
*
* Simplex restart no. 1 of 10
*
*         - Initializing simplex arrays -
*
*
*      nfunk           rtol        pf        ar     ortho             e_ion              e_ss             e_tot
*X        12     1.4874e+00   0.57452   1.44492   0.50118    -1.2312481e+00     0.0000000e+00    -1.2312481e+00
*
*         simp_runs  =      1533               simp moves
*              rtol  =  9.79e-09               final rtol
*
* Simplex restart no. 2 of 10
*
*         - Initializing simplex arrays -
*
*
*      nfunk           rtol        pf        ar     ortho             e_ion              e_ss             e_tot
*X        12     1.5269e+00   0.57446   1.44400   0.50080    -1.2312923e+00     0.0000000e+00    -1.2312923e+00
*
*         simp_runs  =      1655               simp moves
*              rtol  =  9.62e-09               final rtol
*
* Simplex restart no. 3 of 10
*
*         - Initializing simplex arrays -
*
*
*      nfunk           rtol        pf        ar     ortho             e_ion              e_ss             e_tot
*X        12     1.4871e+00   0.57446   1.44352   0.50077    -1.2313551e+00     0.0000000e+00    -1.2313551e+00
*
*         simp_runs  =       988               simp moves
*              rtol  =  9.96e-09               final rtol
*
* Simplex restart no. 4 of 10
*
*         - Initializing simplex arrays -
*
*
*      nfunk           rtol        pf        ar     ortho             e_ion              e_ss             e_tot
*X        12     1.4871e+00   0.57446   1.44352   0.50077    -1.2313557e+00     0.0000000e+00    -1.2313557e+00
*
*         simp_runs  =       822               simp moves
*              rtol  =  9.69e-09               final rtol
*
* Simplex restart no. 5 of 10
*
*         - Initializing simplex arrays -
*
*
*      nfunk           rtol        pf        ar     ortho             e_ion              e_ss             e_tot
*X        12     1.4872e+00   0.57446   1.44352   0.50077    -1.2313557e+00     0.0000000e+00    -1.2313557e+00
*
*         simp_runs  =       851               simp moves
*              rtol  =  9.88e-09               final rtol
*
* Simplex restart no. 6 of 10
*
*         - Initializing simplex arrays -
*
*
*      nfunk           rtol        pf        ar     ortho             e_ion              e_ss             e_tot
*X        12     1.4872e+00   0.57446   1.44352   0.50077    -1.2313557e+00     0.0000000e+00    -1.2313557e+00
*
*         simp_runs  =       845               simp moves
*              rtol  =  9.78e-09               final rtol
*
* Simplex restart no. 7 of 10
*
*         - Initializing simplex arrays -
*
*
*      nfunk           rtol        pf        ar     ortho             e_ion              e_ss             e_tot
*X        12     1.4872e+00   0.57446   1.44352   0.50077    -1.2313557e+00     0.0000000e+00    -1.2313557e+00
*
*         simp_runs  =       853               simp moves
*              rtol  =  9.88e-09               final rtol
*
* Simplex restart no. 8 of 10
*
*         - Initializing simplex arrays -
*
*
*      nfunk           rtol        pf        ar     ortho             e_ion              e_ss             e_tot
*X        12     1.4872e+00   0.57446   1.44352   0.50077    -1.2313557e+00     0.0000000e+00    -1.2313557e+00
*
*         simp_runs  =       858               simp moves
*              rtol  =  9.97e-09               final rtol
*
* Simplex restart no. 9 of 10
*
*         - Initializing simplex arrays -
*
*
*      nfunk           rtol        pf        ar     ortho             e_ion              e_ss             e_tot
*X        12     1.4872e+00   0.57446   1.44352   0.50077    -1.2313557e+00     0.0000000e+00    -1.2313557e+00
*
*         simp_runs  =       847               simp moves
*              rtol  =  9.72e-09               final rtol
*
* Simplex restart no. 10 of 10
*
*         - Initializing simplex arrays -
*
*
*      nfunk           rtol        pf        ar     ortho             e_ion              e_ss             e_tot
*X        12     1.4872e+00   0.57446   1.44352   0.50077    -1.2313557e+00     0.0000000e+00    -1.2313557e+00
*
*         simp_runs  =       860               simp moves
*              rtol  =  9.83e-09               final rtol
*
****************************************************************
*
*          - Parameters at Post Simplex -
*
* Lattice parameters:
*
*             lat a  =    4.0800
*             lat b  =    5.6600
*             lat c  =    3.9209
*             alpha  =   46.3953
*             beta   =   57.6516
*             gamma  =   88.9877
*          cell vol  =   45.3427
*          cv/ortho  =    0.5008
*
* Energies:
*               ecc  = -1.2314e+00
*               eng  =  0.0000e+00
*
*
* Geometry:
*
*      packing frac  =    0.5745
*      aspect ratio  =    1.4435
*
* (dE/dV):
*                Px  =  9.6758e-03                    x-dir
*                Py  =  1.1230e-02                    y-dir
*                Pz  =  1.0000e+04                    z-dir
*
* Distances (PBC only):
*                                 min           hard           diff
*           ca1_ca1  =   1.000000e+06   2.320000e+00   9.999977e+05
*           ca1_ca2  =   1.000000e+06   1.160000e+00   9.999988e+05
*           ca1_ac1  =   2.830000e+00   2.830000e+00   1.511430e-08
*           ca1_av1  =   1.000000e+06  -1.000000e+00   1.000001e+06
*           ca1_ac2  =   1.000000e+06  -1.000000e+00   1.000001e+06
*           ca1_av2  =   1.000000e+06  -1.000000e+00   1.000001e+06
*           ca2_ca2  =   1.000000e+06   0.000000e+00   1.000000e+06
*           ca2_ac1  =   1.000000e+06   1.670000e+00   9.999983e+05
*           ca2_av1  =   1.000000e+06  -1.000000e+00   1.000001e+06
*           ca2_ac2  =   1.000000e+06  -1.000000e+00   1.000001e+06
*           ca2_av2  =   1.000000e+06  -1.000000e+00   1.000001e+06
*           ac1_ac1  =   1.000000e+06   3.340000e+00   9.999967e+05
*           ac1_av1  =   1.000000e+06  -1.000000e+00   1.000001e+06
*           ac1_ac2  =   1.000000e+06  -1.000000e+00   1.000001e+06
*           ac1_av2  =   1.000000e+06  -1.000000e+00   1.000001e+06
*           av1_av1  =   1.000000e+06  -1.000000e+00   1.000001e+06
*           av1_av2  =   1.000000e+06  -1.000000e+00   1.000001e+06
*           av2_av2  =   1.000000e+06  -1.000000e+00   1.000001e+06
*
*
***********************************************************
*        - Process and timing information -
*
* user time:   0 h 00 m 16.965748 s
* syst time:   0 h 00 m 00.012000 s
* signals: 0
* voluntary context switches: 8
* involuntary context switches: 16
*
***********************************************************
*SS symsearch output
*SS ( use:  | awk '($1=="*S"){print $0}' | sed 's/*S //' > temp.out )
*S Title
*S 1                 search type
*S 5.0 0.00001       displacement rms max min
*S 0.1 0.00001       strain rms max min
*S 1                 lattice input type
*S      4.08003     0.00000     0.00000
*S      0.09999     5.65907     0.00000
*S      2.09797     2.66755     1.96381
*S 1 0 0
*S 0 1 0
*S 0 0 1
*S 2                 number of atoms
*S 11 0
*S      0.98566     0.70178     0.73184
*S      0.98603     0.20398     0.72722
*FF findsym output
*FF ( use:  | awk '($1=="*F"){print $0}' | sed 's/*F //' > temp.out )
*F Title
*F 0.001       displacement rms max min
*F 1                 lattice input type
*F      4.08003     0.00000     0.00000
*F      0.09999     5.65907     0.00000
*F      2.09797     2.66755     1.96381
*F 1               basis vector in type
*F 1 0 0
*F 0 1 0
*F 0 0 1
*F 2                 number of atoms
*F 11 0
*F      0.98566     0.70178     0.73184
*F      0.98603     0.20398     0.72722
*DD powder output
*DD (use: | awk '($1=="*D"){print $0}' | sed 's/*D //' > temp.out )
*D 2
*D      4.08003     5.65995     3.92095
*D     46.39525    57.65160    88.98774
*D      0.98566     0.70178     0.73184        11
*D      0.98603     0.20398     0.72722         0
*PP poscar output
*PP (use: | awk '($1=="*P"){print $0}' | sed 's/*P //' > temp.out )
*P Z: 11 17 
*P 1.0 
*P      4.08003116     0.00000000     0.00000000
*P      0.09999119     5.65907035     0.00000000
*P      2.09796521     2.66754835     1.96380695
*P 1 1 0 
*P Direct
*P       0.985658735655      0.701779056443      0.731835912917
*P       0.986027100296      0.203978556769      0.727223403161
*QQ poscar output
*QQ (use: | awk '($1=="*Q"){print $0}' | sed 's/*Q //' > temp.out )
*Q +1.000000000000 -1.000000000000 
*Q 1.0 
*Q      4.08003116     0.00000000     0.00000000
*Q      0.09999119     5.65907035     0.00000000
*Q      2.09796521     2.66754835     1.96380695
*Q 1 1 0 
*Q Direct
*Q       0.985658735655      0.701779056443      0.731835912917
*Q       0.986027100296      0.203978556769      0.727223403161
*RR restart output
*RR (use: | awk '($1=="*R"){print $0}' | sed 's/*R //' > temp.out )
*R     4.080031162526    5.659953660477    3.920945028260
*R     0.809749908878    1.006210206113    1.553128975310
*R      1
*R      1     1
*R   -1.000000000000000   0.000000000000000
*R     0.000000000000    1.670000000000    0.000000000000    17     0
*R      1
*R      1   1.000000000000000
*R     1.160000000000    11
*R     0.985658735655    0.701779056443    0.731835912917
*R     0.986027100296    0.203978556769    0.727223403161
* XBS output
* CATION:
atom C     5.627056360    5.923624728    1.437184451
spec C     1.160000000    1.000000000    0.000000000    0.000000000
* ANION:
atom A     5.569106751    3.094232589    1.428126373
spec A     1.670000000    0.000000000    0.000000000    1.000000000
spec V     0.000000000    0.000000000    1.000000000    0.000000000
bonds A V  0.000000000    0.000000000    0.010000000    Black
* CELL PARAMETERS AND BORDER
atom 0    0.00000   0.00000   0.00000
atom 1    4.08003   0.00000   0.00000
atom 2    4.18002   5.65907   0.00000
atom 3    0.09999   5.65907   0.00000
atom 4    2.09797   2.66755   1.96381
atom 5    6.17800   2.66755   1.96381
atom 6    6.27799   8.32662   1.96381
atom 7    2.19796   8.32662   1.96381
spec 0     0.050000000    0.000000000    0.000000000    0.000000000
spec 1     0.050000000    0.000000000    0.000000000    0.000000000
spec 2     0.050000000    0.000000000    0.000000000    0.000000000
spec 3     0.050000000    0.000000000    0.000000000    0.000000000
spec 4     0.050000000    0.000000000    0.000000000    0.000000000
spec 5     0.050000000    0.000000000    0.000000000    0.000000000
spec 6     0.050000000    0.000000000    0.000000000    0.000000000
spec 7     0.050000000    0.000000000    0.000000000    0.000000000
bonds 0 1  4.075951131    4.084111194    0.010000000    Black
bonds 3 2  4.075951131    4.084111194    0.010000000    Black
bonds 4 5  4.075951131    4.084111194    0.010000000    Black
bonds 6 7  4.075951131    4.084111194    0.010000000    Black
bonds 1 2  5.654293707    5.665613614    0.010000000    Black
bonds 0 3  5.654293707    5.665613614    0.010000000    Black
bonds 5 6  5.654293707    5.665613614    0.010000000    Black
bonds 4 7  5.654293707    5.665613614    0.010000000    Black
bonds 0 4  3.917024083    3.924865973    0.010000000    Black
bonds 1 5  3.917024083    3.924865973    0.010000000    Black
bonds 2 6  3.917024083    3.924865973    0.010000000    Black
bonds 3 7  3.917024083    3.924865973    0.010000000    Black
inc 5.000000
dup    4.08003   0.00000   0.00000
dup    0.09999   5.65907   0.00000
dup    2.09797   2.66755   1.96381
