*************************************************
*	pack	(version 4.12.0.5)
*	Eric Majzoub
*	Sandia National Laboratories
*************************************************
*  Source file: main.c
*  Compile date: Dec 27 2012
*  Compile time: 17:19:04
*  commandline = /projects/e20438/bin/pack-4.12.0.5/pack_exe -f ../../NaCl_pegs.in -P -R -r 300 -t 15 -g 9622 
*  input file = ../../NaCl_pegs.in
**********************************************************************
**********************************************************************
**********************************************************************
* 
*       - General run comments -
* 
* WARN: no Rotations in Metropolis (-R flag).
* WARN: all anionic charge on center atom (-P flag).
*
**********************************************************************
*           - Input parameters -
*
*           restart  =         0         1 = restart calc
*        autoadjust  =         1   automatically set temp
*          aa_using  =         1        1=rej pct, 2=pCnt
*         basin hop  =         0           number of hops
*     non_per_ewald  =         0          1=nanopart calc
*
*             lat a  =   10.0000
*             lat b  =   10.0000
*             lat c  =   10.0000
*             alpha  =    1.5708
*             beta   =    1.5708
*             gamma  =    1.5708
*          cell vol  = 1000.0000
*      sqsh vol pct  =    0.2000
* 
*          cell_min  =    1.6700              min lat vec
*          cell_max  =  167.0000              max lat vec
* 
*         n_type_an  =         1          num type anions
*            num_an  =         1           tot num anions
* 
*          num_an_1  =         1        num anions type 1
*        num_vert_1  =         1     1=sph 2=dim 5=tet...
*       an_chrg_c_1  =   -1.0000      anion center charge
*       an_chrg_v_1  =    0.0000      anion vertex charge
*     tot_an_chrg_1  =   -1.0000       total anion charge
*           Rcent_1  =    1.6700         anion center rad
*           Rvert_1  =    0.0000         anion vertex rad
*             cvd_1  =    0.0000        cent to vert dist
*           Zcent_1  =        17           anion center Z
*           Zvert_1  =         0           anion vertex Z
* 
*          num_an_2  =         0        num anions type 2
*        num_vert_2  =         0     1=sph 2=dim 5=tet...
*       an_chrg_c_2  =    0.0000      anion center charge
*       an_chrg_v_2  =    0.0000      anion vertex charge
*     tot_an_chrg_2  =    0.0000       total anion charge
*           Rcent_2  =    0.0000         anion center rad
*           Rvert_2  =    0.0000         anion vertex rad
*             cvd_2  =    0.0000        cent to vert dist
*           Zcent_2  =         0           anion center Z
*           Zvert_2  =         0           anion vertex Z
* 
*         n_type_ca  =         1            num type cats
*            num_ca  =         1          tot num cations
* 
*          num_ca_1  =         1        num cations typ 1
*         ca_chrg_1  =    1.0000        cation chrg typ 1
*            Rcat_1  =    1.1600         cation rad typ 1
*            Zcat_1  =        11           cation Z typ 1
* 
*            C2VTOL  =  1.00e-08            c2v tolerance
*            ERRLIM  =  1.00e-06
*       REP_EPSILON  =  1.00e+00        soft sphere repul
*    TRANS_FRAC_MAX  =    0.5000                    fixed
*    TRANS_FRAC_MIN  =    0.0200
*      MAX_ANG_CHNG  =    9.9695                  degrees
*    VOLUM_FRAC_MAX  =    0.0700
*         EXT_PRESS  =  0.00e+00        external pressure
*      SQSH_VOL_PCT  =    0.2000             min orth val
*        ASPECT_MAX  =   20.0000                cell parm
*            dplane  =    1.6700            min plane sep
*      SCALE_FACTOR  =    1.2500         bhop max scaling
* 
*            d.o.f.  =        12       degrees of freedom
*          runs/dof  =       300         loops per d.o.f.
*              runs  =      3600              loops per T
*               ncc  =     14400     config changes per T
*            t_runs  =        15           num temp steps
*             efunc  =         0               0=SS  1=LJ
*       N_HALT_CHNG  =        15      halts after N 100%s
*
*      anneal_sched  =         3   0=lin or exp(-run_n^n)
*         temp_init  =  1.00e+00             initial temp
*         temp_finl  =  1.00e-03               final temp
* 
*          trn_chng  =         1              0=off  1=on
*          rot_chng  =         0              0=off  1=on
*          lat_chng  =         1              0=off  1=on
*          swp_chng  =         1              0=off  1=on
* 
*     SIMP_RESTARTS  =        11     no. simplex restarts
*  SIMP_RESTARTS BH  =        21  basin hop simp restarts
*         SIMP_NMAX  =      4500        max simplex iters
*          SIMP_DEG  =    1.0000          anion start deg
*         SIMP_LAMB  =    0.0100        vertex start frac
*       SIMP_ERRLIM  =  1.00e-08              error limit
* 
*           aa runs  =      1200           config changes
*      aa runs_step  =        10   config change increase
*       aa runs_max  =      1500  max auto config changes
*         aa t_runs  =         3            num temp runs
*      aa temp_step  =    0.5000                temp step
* 
*        aa chng hi  =         3  1=trn 2=rot 3=lat 4=swp
*        aa chng lo  =         3  1=trn 2=rot 3=lat 4=swp
* 
*      aa ht_pct_hi  =     0.650             high rej pct
*      aa ht_pct_lo  =     0.600             low  rej pct
* 
*      aa lt_pct_hi  =     0.999             high rej pct
*      aa lt_pct_lo  =     0.950             low  rej pct
* 
*            tmpfile =                   PR20737-best.tmp
* 
* Checking for out of bounds fractional coords.
*
**********************************************************************
*
*          - Parameters at START -
*
* Lattice parameters:
*
*             lat a  =   10.0000
*             lat b  =   10.0000
*             lat c  =   10.0000
*             alpha  =   90.0000
*             beta   =   90.0000
*             gamma  =   90.0000
*          cell vol  = 1000.0000
*          cv/ortho  =    1.0000
*
* Energies:
*               ecc  = -4.6148e-01
*               eng  =  0.0000e+00
*
*
* Geometry:
*
*      packing frac  =    0.0260
*      aspect ratio  =    1.0000
*
* (dE/dV):
*                Px  = -2.2263e-05                    x-dir
*                Py  =  2.4598e-04                    y-dir
*                Pz  =  2.3776e-04                    z-dir
*
* Distances (PBC only):
*                                 min           hard           diff
*           ca1_ca1  =   1.000000e+06   2.320000e+00   9.999977e+05
*           ca1_ca2  =   1.000000e+06   1.160000e+00   9.999988e+05
*           ca1_ac1  =   5.885375e+00   2.830000e+00   3.055375e+00
*           ca1_av1  =   1.000000e+06  -1.000000e+00   1.000001e+06
*           ca1_ac2  =   1.000000e+06  -1.000000e+00   1.000001e+06
*           ca1_av2  =   1.000000e+06  -1.000000e+00   1.000001e+06
*           ca2_ca2  =   1.000000e+06   0.000000e+00   1.000000e+06
*           ca2_ac1  =   1.000000e+06   1.670000e+00   9.999983e+05
*           ca2_av1  =   1.000000e+06  -1.000000e+00   1.000001e+06
*           ca2_ac2  =   1.000000e+06  -1.000000e+00   1.000001e+06
*           ca2_av2  =   1.000000e+06  -1.000000e+00   1.000001e+06
*           ac1_ac1  =   1.000000e+06   3.340000e+00   9.999967e+05
*           ac1_av1  =   1.000000e+06  -1.000000e+00   1.000001e+06
*           ac1_ac2  =   1.000000e+06  -1.000000e+00   1.000001e+06
*           ac1_av2  =   1.000000e+06  -1.000000e+00   1.000001e+06
*           av1_av1  =   1.000000e+06  -1.000000e+00   1.000001e+06
*           av1_av2  =   1.000000e+06  -1.000000e+00   1.000001e+06
*           av2_av2  =   1.000000e+06  -1.000000e+00   1.000001e+06
*
*
*
**********************************************************************
*
* ------------------------------------------------------------
*              Autoadjust high temperatrure:
* ------------------------------------------------------------
*              Autoadjusting on 3 (1=trn,2=rot,3=lat,4=swp)
*
**********************************************************************
*
*                 -- Autoadjust Metropolis Run --
*
*   autoadjust_temp_init  =  1.0000e+00
*   autoadjust_temp_step  =  5.0000e-01
*        autoadjust_runs  =        1200         configs per temp
*       autoadjust_count  =           1
*
**********************************************************************
*
* Metropolis: 3 temperature runs with these parameters:
*
*              runs  =      1200              loops per T
*               T_0  = 1.000e+00             initial temp
*               T_L  = 1.000e+00               final temp
*           T_alpha  = 8.000e+09          annealing alpha
*
*            T = T_0 * exp( -run_num**3 / T_alpha )
*
**********************************************************************
*H run      Temp       E_ion        E_ss   cel vol       SigPF       ar     ortho        pCnt          % Rejected Changes
*H                                                                                                 trn      rot      lat      swp
*T   1  1.00e+00  -5.468e-01  +0.000e+00    534.42   3.249e-02    1.747     0.577   5.561e-02    21.00     0.00     2.67     0.00
*T   2  1.00e+00  -5.370e-01  +0.000e+00    341.14   6.058e-02    1.218     0.240   1.604e-01    37.92     0.00     3.25     0.00
*T   3  1.00e+00  -2.230e-01  +0.000e+00   9647.03   2.609e-02    1.598     0.216   3.066e-02    12.75     0.00     4.25     0.00
*
**********************************************************************
*
*                 -- AUTOADJUST [1] OUT --
*
*     target: lo % = 60.000000      hi % = 65.000000
*     Autoadjust % =  4.250000
*     Autoadjust: Lowering the temperature 5.000e-01 [a.u.]
*
**********************************************************************
*
*                 -- Autoadjust Metropolis Run --
*
*   autoadjust_temp_init  =  5.0000e-01
*   autoadjust_temp_step  =  5.0000e-01
*        autoadjust_runs  =        1210         configs per temp
*       autoadjust_count  =           2
*
**********************************************************************
*
* Metropolis: 3 temperature runs with these parameters:
*
*              runs  =      1210              loops per T
*               T_0  = 5.000e-01             initial temp
*               T_L  = 4.995e-01               final temp
*           T_alpha  = 7.996e+03          annealing alpha
*
*            T = T_0 * exp( -run_num**3 / T_alpha )
*
**********************************************************************
*H run      Temp       E_ion        E_ss   cel vol       SigPF       ar     ortho        pCnt          % Rejected Changes
*H                                                                                                 trn      rot      lat      swp
*T   1  5.00e-01  -3.203e-01  +0.000e+00   4621.73   4.544e-03    1.630     0.267   5.032e-02    10.50     0.00     4.30     0.00
*T   2  5.00e-01  -4.635e-01  +0.000e+00   3438.14   1.668e-03    1.607     0.262   5.720e-02    13.64     0.00     3.47     0.00
*T   3  4.99e-01  -2.482e-01  +0.000e+00   5816.35   2.408e-03    2.607     0.213   5.759e-02    10.00     0.00     5.29     0.00
*
**********************************************************************
*
*                 -- AUTOADJUST [2] OUT --
*
*     target: lo % = 60.000000      hi % = 65.000000
*     Autoadjust % =  5.289256
*     Autoadjust: special case: (T-Tstep) = 0.000e+00 [a.u.]
*     Autoadjust: special case: ===> drop temp step to: 2.250e-01 [a.u.]
*     Autoadjust: Lowering the temperature 2.250e-01 [a.u.]
*
**********************************************************************
*
*                 -- Autoadjust Metropolis Run --
*
*   autoadjust_temp_init  =  2.7500e-01
*   autoadjust_temp_step  =  2.2500e-01
*        autoadjust_runs  =        1220         configs per temp
*       autoadjust_count  =           3
*
**********************************************************************
*
* Metropolis: 3 temperature runs with these parameters:
*
*              runs  =      1220              loops per T
*               T_0  = 2.750e-01             initial temp
*               T_L  = 2.747e-01               final temp
*           T_alpha  = 7.996e+03          annealing alpha
*
*            T = T_0 * exp( -run_num**3 / T_alpha )
*
**********************************************************************
*H run      Temp       E_ion        E_ss   cel vol       SigPF       ar     ortho        pCnt          % Rejected Changes
*H                                                                                                 trn      rot      lat      swp
*T   1  2.75e-01  -7.229e-01  +0.000e+00    367.83   2.250e-02    3.079     0.256   2.434e-01    28.03     0.00     5.57     0.00
*T   2  2.75e-01  -6.814e-01  +0.000e+00   1896.94   2.184e-02    3.263     0.324   5.190e-01    25.90     0.00     3.52     0.00
*T   3  2.75e-01  -6.437e-01  +0.000e+00    461.99   2.668e-02    1.481     0.269   5.278e-01    33.85     0.00     6.72     0.00
*
**********************************************************************
*
*                 -- AUTOADJUST [3] OUT --
*
*     target: lo % = 60.000000      hi % = 65.000000
*     Autoadjust % =  6.721311
*     Autoadjust: Lowering the temperature 2.250e-01 [a.u.]
*
**********************************************************************
*
*                 -- Autoadjust Metropolis Run --
*
*   autoadjust_temp_init  =  5.0000e-02
*   autoadjust_temp_step  =  2.2500e-01
*        autoadjust_runs  =        1230         configs per temp
*       autoadjust_count  =           4
*
**********************************************************************
*
* Metropolis: 3 temperature runs with these parameters:
*
*              runs  =      1230              loops per T
*               T_0  = 5.000e-02             initial temp
*               T_L  = 4.995e-02               final temp
*           T_alpha  = 7.996e+03          annealing alpha
*
*            T = T_0 * exp( -run_num**3 / T_alpha )
*
**********************************************************************
*H run      Temp       E_ion        E_ss   cel vol       SigPF       ar     ortho        pCnt          % Rejected Changes
*H                                                                                                 trn      rot      lat      swp
*T   1  5.00e-02  -8.100e-01  +0.000e+00    287.71   4.094e-02    2.762     0.326   3.015e+00    77.40     0.00    24.31     0.00
*T   2  5.00e-02  -9.210e-01  +0.000e+00    137.00   8.220e-02    2.161     0.384   2.336e+00    86.91     0.00    28.13     0.00
*T   3  5.00e-02  -8.437e-01  +0.000e+00    181.03   6.001e-02    2.659     0.328   1.473e+00    86.18     0.00    24.31     0.00
*
**********************************************************************
*
*                 -- AUTOADJUST [4] OUT --
*
*     target: lo % = 60.000000      hi % = 65.000000
*     Autoadjust % = 24.308943
*     Autoadjust: special case: (T-Tstep) = -1.750e-01 [a.u.]
*     Autoadjust: special case: ===> drop temp step to: 1.013e-01 [a.u.]
*     Autoadjust: special case: (T-Tstep) = -5.125e-02 [a.u.]
*     Autoadjust: special case: ===> drop temp step to: 4.556e-02 [a.u.]
*     Autoadjust: Lowering the temperature 4.556e-02 [a.u.]
*
**********************************************************************
*
*                 -- Autoadjust Metropolis Run --
*
*   autoadjust_temp_init  =  4.4375e-03
*   autoadjust_temp_step  =  4.5563e-02
*        autoadjust_runs  =        1240         configs per temp
*       autoadjust_count  =           5
*
**********************************************************************
*
* Metropolis: 3 temperature runs with these parameters:
*
*              runs  =      1240              loops per T
*               T_0  = 4.438e-03             initial temp
*               T_L  = 4.433e-03               final temp
*           T_alpha  = 7.996e+03          annealing alpha
*
*            T = T_0 * exp( -run_num**3 / T_alpha )
*
**********************************************************************
*H run      Temp       E_ion        E_ss   cel vol       SigPF       ar     ortho        pCnt          % Rejected Changes
*H                                                                                                 trn      rot      lat      swp
*T   1  4.44e-03  -1.114e+00  +0.000e+00     69.05   2.018e-01    1.811     0.402   6.071e+01    99.60     0.00    73.55     0.00
*T   2  4.44e-03  -1.131e+00  +0.000e+00     64.62   2.425e-01    1.836     0.416   3.160e+00    99.92     0.00    83.87     0.00
*T   3  4.43e-03  -1.139e+00  +0.000e+00     62.37   2.504e-01    1.879     0.428   2.422e+00   100.00     0.00    87.90     0.00
*
**********************************************************************
*
*                 -- AUTOADJUST [5] OUT --
*
*     target: lo % = 60.000000      hi % = 65.000000
*     Autoadjust % = 87.903226
*     Autoadjust: overshot! drop temp step to: 2.050e-02 [a.u.]
*     Autoadjust: Raising the temperature 2.050e-02 [a.u.]
*
**********************************************************************
*
*                 -- Autoadjust Metropolis Run --
*
*   autoadjust_temp_init  =  2.4941e-02
*   autoadjust_temp_step  =  2.0503e-02
*        autoadjust_runs  =        1250         configs per temp
*       autoadjust_count  =           6
*
**********************************************************************
*
* Metropolis: 3 temperature runs with these parameters:
*
*              runs  =      1250              loops per T
*               T_0  = 2.494e-02             initial temp
*               T_L  = 2.492e-02               final temp
*           T_alpha  = 7.996e+03          annealing alpha
*
*            T = T_0 * exp( -run_num**3 / T_alpha )
*
**********************************************************************
*H run      Temp       E_ion        E_ss   cel vol       SigPF       ar     ortho        pCnt          % Rejected Changes
*H                                                                                                 trn      rot      lat      swp
*T   1  2.49e-02  -1.072e+00  +0.000e+00    154.81   1.518e-01    3.238     0.396   3.944e+00    98.00     0.00    48.00     0.00
*T   2  2.49e-02  -9.701e-01  +0.000e+00    200.68   8.840e-02    2.282     0.551   3.652e+00    99.36     0.00    38.56     0.00
*T   3  2.49e-02  -1.028e+00  +0.000e+00    152.28   8.184e-02    2.426     0.517   3.460e+00    98.48     0.00    40.80     0.00
*
**********************************************************************
*
*                 -- AUTOADJUST [6] OUT --
*
*     target: lo % = 60.000000      hi % = 65.000000
*     Autoadjust % = 40.800000
*     Autoadjust: overshot! drop temp step to: 9.226e-03 [a.u.]
*     Autoadjust: Lowering the temperature 9.226e-03 [a.u.]
*
**********************************************************************
*
*                 -- Autoadjust Metropolis Run --
*
*   autoadjust_temp_init  =  1.5714e-02
*   autoadjust_temp_step  =  9.2264e-03
*        autoadjust_runs  =        1260         configs per temp
*       autoadjust_count  =           7
*
**********************************************************************
*
* Metropolis: 3 temperature runs with these parameters:
*
*              runs  =      1260              loops per T
*               T_0  = 1.571e-02             initial temp
*               T_L  = 1.570e-02               final temp
*           T_alpha  = 7.996e+03          annealing alpha
*
*            T = T_0 * exp( -run_num**3 / T_alpha )
*
**********************************************************************
*H run      Temp       E_ion        E_ss   cel vol       SigPF       ar     ortho        pCnt          % Rejected Changes
*H                                                                                                 trn      rot      lat      swp
*T   1  1.57e-02  -1.043e+00  +0.000e+00     83.15   1.547e-01    1.700     0.444   5.085e+00    98.81     0.00    50.40     0.00
*T   2  1.57e-02  -1.112e+00  +0.000e+00     58.17   2.313e-01    1.565     0.526   4.683e+00    98.81     0.00    65.16     0.00
*T   3  1.57e-02  -1.099e+00  +0.000e+00     63.41   2.486e-01    1.578     0.497   3.024e+00    99.37     0.00    69.05     0.00
*
**********************************************************************
*
*                 -- AUTOADJUST [7] OUT --
*
*     target: lo % = 60.000000      hi % = 65.000000
*     Autoadjust % = 69.047619
*     Autoadjust: overshot! drop temp step to: 4.152e-03 [a.u.]
*     Autoadjust: Raising the temperature 4.152e-03 [a.u.]
*
**********************************************************************
*
*                 -- Autoadjust Metropolis Run --
*
*   autoadjust_temp_init  =  1.9866e-02
*   autoadjust_temp_step  =  4.1519e-03
*        autoadjust_runs  =        1270         configs per temp
*       autoadjust_count  =           8
*
**********************************************************************
*
* Metropolis: 3 temperature runs with these parameters:
*
*              runs  =      1270              loops per T
*               T_0  = 1.987e-02             initial temp
*               T_L  = 1.985e-02               final temp
*           T_alpha  = 7.996e+03          annealing alpha
*
*            T = T_0 * exp( -run_num**3 / T_alpha )
*
**********************************************************************
*H run      Temp       E_ion        E_ss   cel vol       SigPF       ar     ortho        pCnt          % Rejected Changes
*H                                                                                                 trn      rot      lat      swp
*T   1  1.99e-02  -1.144e+00  +0.000e+00     55.04   2.076e-01    1.315     0.546   7.175e+00    97.80     0.00    62.36     0.00
*T   2  1.99e-02  -1.098e+00  +0.000e+00     63.02   2.473e-01    1.067     0.698   3.808e+00    99.37     0.00    60.71     0.00
*T   3  1.98e-02  -1.083e+00  +0.000e+00     63.95   2.061e-01    1.165     0.587   8.412e+00    97.40     0.00    57.17     0.00
*
**********************************************************************
*
*                 -- AUTOADJUST [8] OUT --
*
*     target: lo % = 60.000000      hi % = 65.000000
*     Autoadjust % = 57.165354
*     Autoadjust: overshot! drop temp step to: 1.868e-03 [a.u.]
*     Autoadjust: Lowering the temperature 1.868e-03 [a.u.]
*
**********************************************************************
*
*                 -- Autoadjust Metropolis Run --
*
*   autoadjust_temp_init  =  1.7998e-02
*   autoadjust_temp_step  =  1.8683e-03
*        autoadjust_runs  =        1280         configs per temp
*       autoadjust_count  =           9
*
**********************************************************************
*
* Metropolis: 3 temperature runs with these parameters:
*
*              runs  =      1280              loops per T
*               T_0  = 1.800e-02             initial temp
*               T_L  = 1.798e-02               final temp
*           T_alpha  = 7.996e+03          annealing alpha
*
*            T = T_0 * exp( -run_num**3 / T_alpha )
*
**********************************************************************
*H run      Temp       E_ion        E_ss   cel vol       SigPF       ar     ortho        pCnt          % Rejected Changes
*H                                                                                                 trn      rot      lat      swp
*T   1  1.80e-02  -1.158e+00  +0.000e+00     51.28   2.464e-01    1.197     0.534   3.288e+00    99.14     0.00    60.78     0.00
*T   2  1.80e-02  -1.146e+00  +0.000e+00     54.39   2.419e-01    1.240     0.658   2.207e+00    99.45     0.00    62.42     0.00
*T   3  1.80e-02  -1.083e+00  +0.000e+00     60.61   2.368e-01    1.186     0.513   2.088e+00    99.30     0.00    61.64     0.00
*
**********************************************************************
*
*                 -- AUTOADJUST [9] OUT --
*
*     target: lo % = 60.000000      hi % = 65.000000
*     Autoadjust % = 61.640625
*     Autoadjust: temp = 1.800e-02  is good!  Exiting autoadjust.
*
**********************************************************************
*
* ------------------------------------------------------------
*              Autoadjust low temperatrure:
* ------------------------------------------------------------
*              Autoadjusting on 3 (1=trn,2=rot,3=lat,4=swp)
*
**********************************************************************
*
*                 -- Autoadjust Metropolis Run --
*
*   autoadjust_temp_init  =  2.0000e-02
*   autoadjust_temp_step  =  5.0000e-01
*        autoadjust_runs  =        1200         configs per temp
*       autoadjust_count  =           1
*
**********************************************************************
*
* Metropolis: 3 temperature runs with these parameters:
*
*              runs  =      1200              loops per T
*               T_0  = 2.000e-02             initial temp
*               T_L  = 2.000e-02               final temp
*           T_alpha  = 1.600e+08          annealing alpha
*
*            T = T_0 * exp( -run_num**3 / T_alpha )
*
**********************************************************************
*H run      Temp       E_ion        E_ss   cel vol       SigPF       ar     ortho        pCnt          % Rejected Changes
*H                                                                                                 trn      rot      lat      swp
*T   1  2.00e-02  -1.115e+00  +0.000e+00     63.11   2.339e-01    1.236     0.698   7.429e+00    98.17     0.00    58.50     0.00
*T   2  2.00e-02  -1.110e+00  +0.000e+00     49.84   2.175e-01    1.507     0.533   2.372e+00    98.92     0.00    57.92     0.00
*T   3  2.00e-02  -1.048e+00  +0.000e+00     81.96   2.621e-01    1.033     0.514   6.628e+00    98.67     0.00    61.17     0.00
*
**********************************************************************
*
*                 -- AUTOADJUST [1] OUT --
*
*     target: lo % = 95.000000      hi % = 99.900000
*     Autoadjust % = 61.166667
*     Autoadjust: special case: (T-Tstep) = -4.800e-01 [a.u.]
*     Autoadjust: special case: ===> drop temp step to: 2.250e-01 [a.u.]
*     Autoadjust: special case: (T-Tstep) = -2.050e-01 [a.u.]
*     Autoadjust: special case: ===> drop temp step to: 1.013e-01 [a.u.]
*     Autoadjust: special case: (T-Tstep) = -8.125e-02 [a.u.]
*     Autoadjust: special case: ===> drop temp step to: 4.556e-02 [a.u.]
*     Autoadjust: special case: (T-Tstep) = -2.556e-02 [a.u.]
*     Autoadjust: special case: ===> drop temp step to: 2.050e-02 [a.u.]
*     Autoadjust: special case: (T-Tstep) = -5.031e-04 [a.u.]
*     Autoadjust: special case: ===> drop temp step to: 9.226e-03 [a.u.]
*     Autoadjust: Lowering the temperature 9.226e-03 [a.u.]
*
**********************************************************************
*
*                 -- Autoadjust Metropolis Run --
*
*   autoadjust_temp_init  =  1.0774e-02
*   autoadjust_temp_step  =  9.2264e-03
*        autoadjust_runs  =        1210         configs per temp
*       autoadjust_count  =           2
*
**********************************************************************
*
* Metropolis: 3 temperature runs with these parameters:
*
*              runs  =      1210              loops per T
*               T_0  = 1.077e-02             initial temp
*               T_L  = 1.076e-02               final temp
*           T_alpha  = 7.996e+03          annealing alpha
*
*            T = T_0 * exp( -run_num**3 / T_alpha )
*
**********************************************************************
*H run      Temp       E_ion        E_ss   cel vol       SigPF       ar     ortho        pCnt          % Rejected Changes
*H                                                                                                 trn      rot      lat      swp
*T   1  1.08e-02  -1.052e+00  +0.000e+00     90.00   1.987e-01    1.434     0.645   1.421e+01    99.67     0.00    75.87     0.00
*T   2  1.08e-02  -1.151e+00  +0.000e+00     54.56   2.490e-01    1.474     0.579   1.489e+01    99.50     0.00    71.16     0.00
*T   3  1.08e-02  -1.139e+00  +0.000e+00     58.98   2.596e-01    1.493     0.565   6.502e+00    99.75     0.00    74.30     0.00
*
**********************************************************************
*
*                 -- AUTOADJUST [2] OUT --
*
*     target: lo % = 95.000000      hi % = 99.900000
*     Autoadjust % = 74.297521
*     Autoadjust: Lowering the temperature 9.226e-03 [a.u.]
*
**********************************************************************
*
*                 -- Autoadjust Metropolis Run --
*
*   autoadjust_temp_init  =  1.5472e-03
*   autoadjust_temp_step  =  9.2264e-03
*        autoadjust_runs  =        1220         configs per temp
*       autoadjust_count  =           3
*
**********************************************************************
*
* Metropolis: 3 temperature runs with these parameters:
*
*              runs  =      1220              loops per T
*               T_0  = 1.547e-03             initial temp
*               T_L  = 1.546e-03               final temp
*           T_alpha  = 7.996e+03          annealing alpha
*
*            T = T_0 * exp( -run_num**3 / T_alpha )
*
**********************************************************************
*H run      Temp       E_ion        E_ss   cel vol       SigPF       ar     ortho        pCnt          % Rejected Changes
*H                                                                                                 trn      rot      lat      swp
*T   1  1.55e-03  -1.171e+00  +0.000e+00     53.46   3.179e-01    1.481     0.541   1.648e+02   100.00     0.00    96.97     0.00
*T   2  1.55e-03  -1.172e+00  +0.000e+00     53.10   3.170e-01    1.506     0.551   8.976e-01   100.00     0.00    97.13     0.00
*T   3  1.55e-03  -1.166e+00  +0.000e+00     53.66   3.155e-01    1.523     0.552   2.877e+00   100.00     0.00    95.74     0.00
*
**********************************************************************
*
*                 -- AUTOADJUST [3] OUT --
*
*     target: lo % = 95.000000      hi % = 99.900000
*     Autoadjust % = 95.737705
*     Autoadjust: temp = 1.547e-03  is good!  Exiting autoadjust.
*
**********************************************************************
*
*
*          -- Initializing cell contents --
*
*
*
**********************************************************************
*
*            -- Starting Metropolis calculation --
*
*              temp_init  = 1.800e-02
*
**********************************************************************
*
* Metropolis: 15 temperature runs with these parameters:
*
*              runs  =      3600              loops per T
*               T_0  = 1.800e-02             initial temp
*               T_L  = 1.547e-03               final temp
*           T_alpha  = 1.118e+03          annealing alpha
*
*            T = T_0 * exp( -run_num**3 / T_alpha )
*
**********************************************************************
*H run      Temp       E_ion        E_ss   cel vol       SigPF       ar     ortho        pCnt          % Rejected Changes
*H                                                                                                 trn      rot      lat      swp
*M   1  1.80e-02  -1.072e+00  +0.000e+00     67.84   2.074e-01    1.104     0.900   2.734e+01    97.67     0.00    55.61     0.00
*M   2  1.80e-02  -1.141e+00  +0.000e+00     55.11   2.367e-01    1.084     0.846   4.425e+00    99.25     0.00    62.92     0.00
*M   3  1.79e-02  -1.063e+00  +0.000e+00     55.55   2.210e-01    1.382     0.862   3.033e+00    99.03     0.00    58.78     0.00
*M   4  1.76e-02  -1.077e+00  +0.000e+00     71.91   2.033e-01    1.153     0.838   4.318e+00    98.50     0.00    60.22     0.00
*M   5  1.70e-02  -1.115e+00  +0.000e+00     72.34   2.051e-01    1.013     0.833   7.446e+00    98.78     0.00    62.97     0.00
*M   6  1.61e-02  -1.085e+00  +0.000e+00     48.47   2.732e-01    1.672     0.728   4.493e+00    99.44     0.00    62.42     0.00
*M   7  1.48e-02  -1.134e+00  +0.000e+00     53.32   3.162e-01    1.394     0.714   3.443e+00    99.78     0.00    66.50     0.00
*M   8  1.32e-02  -1.120e+00  +0.000e+00     56.67   2.515e-01    1.412     0.614   5.569e+00    99.64     0.00    70.61     0.00
*M   9  1.14e-02  -1.098e+00  +0.000e+00     62.81   2.743e-01    1.045     0.878   5.997e+00    99.69     0.00    72.72     0.00
*M  10  9.38e-03  -1.162e+00  +0.000e+00     42.84   3.272e-01    1.506     0.649   2.998e+00    99.97     0.00    76.58     0.00
*M  11  7.36e-03  -1.185e+00  +0.000e+00     49.08   3.617e-01    1.088     0.729   5.705e+00   100.00     0.00    79.97     0.00
*M  12  5.47e-03  -1.194e+00  +0.000e+00     50.02   3.231e-01    1.054     0.727   3.432e+00   100.00     0.00    87.14     0.00
*M  13  3.84e-03  -1.200e+00  +0.000e+00     48.89   3.353e-01    1.068     0.740   4.828e+00    99.97     0.00    92.00     0.00
*M  14  2.52e-03  -1.197e+00  +0.000e+00     49.68   3.494e-01    1.052     0.716   2.473e+00   100.00     0.00    94.17     0.00
*M  15  1.55e-03  -1.212e+00  +0.000e+00     48.05   3.529e-01    1.029     0.707   3.750e+00   100.00     0.00    95.97     0.00
*
**********************************************************************
*
*
*          - Parameters at Post Ewald-Metro -
*
* Lattice parameters:
*
*             lat a  =    4.0328
*             lat b  =    4.0593
*             lat c  =    4.1486
*             alpha  =   59.2352
*             beta   =   88.4969
*             gamma  =  118.2758
*          cell vol  =   48.0491
*          cv/ortho  =    0.7075
*
* Energies:
*               ecc  = -1.2116e+00
*               eng  =  0.0000e+00
*
*
* Geometry:
*
*      packing frac  =    0.5421
*      aspect ratio  =    1.0287
*
* (dE/dV):
*                Px  =  7.9388e-03                    x-dir
*                Py  =  8.6680e-03                    y-dir
*                Pz  =  8.6096e-03                    z-dir
*
* Distances (PBC only):
*                                 min           hard           diff
*           ca1_ca1  =   1.000000e+06   2.320000e+00   9.999977e+05
*           ca1_ca2  =   1.000000e+06   1.160000e+00   9.999988e+05
*           ca1_ac1  =   2.857390e+00   2.830000e+00   2.739042e-02
*           ca1_av1  =   1.000000e+06  -1.000000e+00   1.000001e+06
*           ca1_ac2  =   1.000000e+06  -1.000000e+00   1.000001e+06
*           ca1_av2  =   1.000000e+06  -1.000000e+00   1.000001e+06
*           ca2_ca2  =   1.000000e+06   0.000000e+00   1.000000e+06
*           ca2_ac1  =   1.000000e+06   1.670000e+00   9.999983e+05
*           ca2_av1  =   1.000000e+06  -1.000000e+00   1.000001e+06
*           ca2_ac2  =   1.000000e+06  -1.000000e+00   1.000001e+06
*           ca2_av2  =   1.000000e+06  -1.000000e+00   1.000001e+06
*           ac1_ac1  =   1.000000e+06   3.340000e+00   9.999967e+05
*           ac1_av1  =   1.000000e+06  -1.000000e+00   1.000001e+06
*           ac1_ac2  =   1.000000e+06  -1.000000e+00   1.000001e+06
*           ac1_av2  =   1.000000e+06  -1.000000e+00   1.000001e+06
*           av1_av1  =   1.000000e+06  -1.000000e+00   1.000001e+06
*           av1_av2  =   1.000000e+06  -1.000000e+00   1.000001e+06
*           av2_av2  =   1.000000e+06  -1.000000e+00   1.000001e+06
*
*
*
**********************************************************************
*
*         - Comparing with 'best' structure -
*
****************************************************************
*
*          best ecc  = -1.2152e+00
*          best eng  =  0.0000e+00
*           ecc+eng  = -1.2152e+00
*          best vol  =  4.7647e+01
*           best pf  =  5.4667e-01
*
*     post_runs ecc  = -1.2116e+00
*     post_runs eng  =  0.0000e+00
*           ecc+eng  = -1.2116e+00
*     post_runs vol  =  4.8049e+01
*      post_runs pf  =  5.4210e-01
*
*       dV / V_runs  =  8.3667e-03
*
*          ecc_diff  = -3.6042e-03
*          eng_diff  =  0.0000e+00
*
*
****************************************************************
*
*  mag_ecc_diff > mag_eng_diff AND within BEST_VOL AND
* 'best' has lower energy than post runs! --> swapping.
*
****************************************************************
*
*
*          - Parameters at Post 'best-swap' -
*
* Lattice parameters:
*
*             lat a  =    4.1011
*             lat b  =    4.0320
*             lat c  =    4.0498
*             alpha  =   60.0937
*             beta   =   88.9377
*             gamma  =  119.0548
*          cell vol  =   47.6471
*          cv/ortho  =    0.7115
*
* Energies:
*               ecc  = -1.2152e+00
*               eng  =  0.0000e+00
*
*
* Geometry:
*
*      packing frac  =    0.5467
*      aspect ratio  =    1.0171
*
* (dE/dV):
*                Px  =  8.9133e-03                    x-dir
*                Py  =  8.4434e-03                    y-dir
*                Pz  =  8.1481e-03                    z-dir
*
* Distances (PBC only):
*                                 min           hard           diff
*           ca1_ca1  =   1.000000e+06   2.320000e+00   9.999977e+05
*           ca1_ca2  =   1.000000e+06   1.160000e+00   9.999988e+05
*           ca1_ac1  =   2.835018e+00   2.830000e+00   5.017606e-03
*           ca1_av1  =   1.000000e+06  -1.000000e+00   1.000001e+06
*           ca1_ac2  =   1.000000e+06  -1.000000e+00   1.000001e+06
*           ca1_av2  =   1.000000e+06  -1.000000e+00   1.000001e+06
*           ca2_ca2  =   1.000000e+06   0.000000e+00   1.000000e+06
*           ca2_ac1  =   1.000000e+06   1.670000e+00   9.999983e+05
*           ca2_av1  =   1.000000e+06  -1.000000e+00   1.000001e+06
*           ca2_ac2  =   1.000000e+06  -1.000000e+00   1.000001e+06
*           ca2_av2  =   1.000000e+06  -1.000000e+00   1.000001e+06
*           ac1_ac1  =   1.000000e+06   3.340000e+00   9.999967e+05
*           ac1_av1  =   1.000000e+06  -1.000000e+00   1.000001e+06
*           ac1_ac2  =   1.000000e+06  -1.000000e+00   1.000001e+06
*           ac1_av2  =   1.000000e+06  -1.000000e+00   1.000001e+06
*           av1_av1  =   1.000000e+06  -1.000000e+00   1.000001e+06
*           av1_av2  =   1.000000e+06  -1.000000e+00   1.000001e+06
*           av2_av2  =   1.000000e+06  -1.000000e+00   1.000001e+06
*
*
*
**********************************************************************
*
*         - Final Simplex relaxation with restarts -
*
**********************************************************************
*
*
****************************************************************
*
*
*        - Simplex Minimiziation Routine -
*
*
* Note: No aspect ratio constraint.
*
*
*            n_simp  =        15                   D.O.F.
*         simp_nmax  =      4500                max moves
*       simp_errlim  =  1.00e-08
*
*
*         - Initializing simplex arrays -
*
*
*      nfunk           rtol        pf        ar     ortho             e_ion              e_ss             e_tot
*X        11     1.4241e+00   0.54667   1.01712   0.71151    -1.2152300e+00     0.0000000e+00    -1.2152300e+00
*X      2000     3.3773e-06   0.56855   1.03256   0.70944    -1.2302372e+00     0.0000000e+00    -1.2302372e+00
*X      4000     2.6326e-06   0.56880   1.03294   0.70890    -1.2304022e+00     0.0000000e+00    -1.2304022e+00
*
*         simp_runs  =      4254               simp moves
*              rtol  =  9.87e-09               final rtol
*
* Simplex restart no. 1 of 10
*
*         - Initializing simplex arrays -
*
*
*      nfunk           rtol        pf        ar     ortho             e_ion              e_ss             e_tot
*X        11     1.4991e+00   0.56880   1.03294   0.70890    -1.2304024e+00     0.0000000e+00    -1.2304024e+00
*
*         simp_runs  =      1727               simp moves
*              rtol  =  9.74e-09               final rtol
*
* Simplex restart no. 2 of 10
*
*         - Initializing simplex arrays -
*
*
*      nfunk           rtol        pf        ar     ortho             e_ion              e_ss             e_tot
*X        12     1.4984e+00   0.56941   1.03255   0.70759    -1.2308002e+00     0.0000000e+00    -1.2308002e+00
*
*         simp_runs  =      1456               simp moves
*              rtol  =  9.51e-09               final rtol
*
* Simplex restart no. 3 of 10
*
*         - Initializing simplex arrays -
*
*
*      nfunk           rtol        pf        ar     ortho             e_ion              e_ss             e_tot
*X        12     1.4989e+00   0.56943   1.03253   0.70747    -1.2308106e+00     0.0000000e+00    -1.2308106e+00
*X      2000     4.2743e-08   0.56943   1.03177   0.70771    -1.2308519e+00     0.0000000e+00    -1.2308519e+00
*
*         simp_runs  =      3203               simp moves
*              rtol  =  9.48e-09               final rtol
*
* Simplex restart no. 4 of 10
*
*         - Initializing simplex arrays -
*
*
*      nfunk           rtol        pf        ar     ortho             e_ion              e_ss             e_tot
*X        12     1.4702e+00   0.57338   1.05844   0.70732    -1.2315133e+00     0.0000000e+00    -1.2315133e+00
*X      2000     6.9540e-06   0.57553   1.05748   0.70654    -1.2331543e+00     0.0000000e+00    -1.2331543e+00
*
*         simp_runs  =      2299               simp moves
*              rtol  =  9.87e-09               final rtol
*
* Simplex restart no. 5 of 10
*
*         - Initializing simplex arrays -
*
*
*      nfunk           rtol        pf        ar     ortho             e_ion              e_ss             e_tot
*X        11     1.4907e+00   0.57553   1.05748   0.70654    -1.2331544e+00     0.0000000e+00    -1.2331544e+00
*
*         simp_runs  =       894               simp moves
*              rtol  =  9.88e-09               final rtol
*
* Simplex restart no. 6 of 10
*
*         - Initializing simplex arrays -
*
*
*      nfunk           rtol        pf        ar     ortho             e_ion              e_ss             e_tot
*X        11     1.4907e+00   0.57554   1.05748   0.70654    -1.2331550e+00     0.0000000e+00    -1.2331550e+00
*X      2000     1.5550e-05   0.57558   1.04382   0.70484    -1.2337737e+00     0.0000000e+00    -1.2337737e+00
*
*         simp_runs  =      2750               simp moves
*              rtol  =  9.14e-09               final rtol
*
* Simplex restart no. 7 of 10
*
*         - Initializing simplex arrays -
*
*
*      nfunk           rtol        pf        ar     ortho             e_ion              e_ss             e_tot
*X        11     1.4836e+00   0.57438   1.02540   0.70555    -1.2339487e+00     0.0000000e+00    -1.2339487e+00
*
*         simp_runs  =      1717               simp moves
*              rtol  =  9.88e-09               final rtol
*
* Simplex restart no. 8 of 10
*
*         - Initializing simplex arrays -
*
*
*      nfunk           rtol        pf        ar     ortho             e_ion              e_ss             e_tot
*X        11     1.4917e+00   0.57516   1.02480   0.70538    -1.2345259e+00     0.0000000e+00    -1.2345259e+00
*
*         simp_runs  =      1040               simp moves
*              rtol  =  9.85e-09               final rtol
*
* Simplex restart no. 9 of 10
*
*         - Initializing simplex arrays -
*
*
*      nfunk           rtol        pf        ar     ortho             e_ion              e_ss             e_tot
*X        11     1.4895e+00   0.57516   1.02480   0.70538    -1.2345288e+00     0.0000000e+00    -1.2345288e+00
*
*         simp_runs  =       875               simp moves
*              rtol  =  8.85e-09               final rtol
*
* Simplex restart no. 10 of 10
*
*         - Initializing simplex arrays -
*
*
*      nfunk           rtol        pf        ar     ortho             e_ion              e_ss             e_tot
*X        11     1.4895e+00   0.57516   1.02480   0.70538    -1.2345289e+00     0.0000000e+00    -1.2345289e+00
*
*         simp_runs  =       992               simp moves
*              rtol  =  9.22e-09               final rtol
*
****************************************************************
*
*          - Parameters at Post Simplex -
*
* Lattice parameters:
*
*             lat a  =    4.0510
*             lat b  =    4.0092
*             lat c  =    3.9530
*             alpha  =   59.1080
*             beta   =   89.9981
*             gamma  =  119.2545
*          cell vol  =   45.2870
*          cv/ortho  =    0.7054
*
* Energies:
*               ecc  = -1.2345e+00
*               eng  =  0.0000e+00
*
*
* Geometry:
*
*      packing frac  =    0.5752
*      aspect ratio  =    1.0248
*
* (dE/dV):
*                Px  =  9.9182e-03                    x-dir
*                Py  =  9.1266e-03                    y-dir
*                Pz  =  8.2153e-03                    z-dir
*
* Distances (PBC only):
*                                 min           hard           diff
*           ca1_ca1  =   1.000000e+06   2.320000e+00   9.999977e+05
*           ca1_ca2  =   1.000000e+06   1.160000e+00   9.999988e+05
*           ca1_ac1  =   2.830000e+00   2.830000e+00   8.312946e-08
*           ca1_av1  =   1.000000e+06  -1.000000e+00   1.000001e+06
*           ca1_ac2  =   1.000000e+06  -1.000000e+00   1.000001e+06
*           ca1_av2  =   1.000000e+06  -1.000000e+00   1.000001e+06
*           ca2_ca2  =   1.000000e+06   0.000000e+00   1.000000e+06
*           ca2_ac1  =   1.000000e+06   1.670000e+00   9.999983e+05
*           ca2_av1  =   1.000000e+06  -1.000000e+00   1.000001e+06
*           ca2_ac2  =   1.000000e+06  -1.000000e+00   1.000001e+06
*           ca2_av2  =   1.000000e+06  -1.000000e+00   1.000001e+06
*           ac1_ac1  =   1.000000e+06   3.340000e+00   9.999967e+05
*           ac1_av1  =   1.000000e+06  -1.000000e+00   1.000001e+06
*           ac1_ac2  =   1.000000e+06  -1.000000e+00   1.000001e+06
*           ac1_av2  =   1.000000e+06  -1.000000e+00   1.000001e+06
*           av1_av1  =   1.000000e+06  -1.000000e+00   1.000001e+06
*           av1_av2  =   1.000000e+06  -1.000000e+00   1.000001e+06
*           av2_av2  =   1.000000e+06  -1.000000e+00   1.000001e+06
*
*
***********************************************************
*        - Process and timing information -
*
* user time:   0 h 00 m 13.342042 s
* syst time:   0 h 00 m 00.026002 s
* signals: 0
* voluntary context switches: 8
* involuntary context switches: 15
*
***********************************************************
*SS symsearch output
*SS ( use:  | awk '($1=="*S"){print $0}' | sed 's/*S //' > temp.out )
*S Title
*S 1                 search type
*S 5.0 0.00001       displacement rms max min
*S 0.1 0.00001       strain rms max min
*S 1                 lattice input type
*S      4.05101     0.00000     0.00000
*S     -1.95928     3.49789     0.00000
*S      0.00013     2.32631     3.19598
*S 1 0 0
*S 0 1 0
*S 0 0 1
*S 2                 number of atoms
*S 11 0
*S      0.08805     0.57160     0.45702
*S      0.58806     0.57160     0.95704
*FF findsym output
*FF ( use:  | awk '($1=="*F"){print $0}' | sed 's/*F //' > temp.out )
*F Title
*F 0.001       displacement rms max min
*F 1                 lattice input type
*F      4.05101     0.00000     0.00000
*F     -1.95928     3.49789     0.00000
*F      0.00013     2.32631     3.19598
*F 1               basis vector in type
*F 1 0 0
*F 0 1 0
*F 0 0 1
*F 2                 number of atoms
*F 11 0
*F      0.08805     0.57160     0.45702
*F      0.58806     0.57160     0.95704
*DD powder output
*DD (use: | awk '($1=="*D"){print $0}' | sed 's/*D //' > temp.out )
*D 2
*D      4.05101     4.00924     3.95298
*D     59.10804    89.99805   119.25454
*D      0.08805     0.57160     0.45702        11
*D      0.58806     0.57160     0.95704         0
*PP poscar output
*PP (use: | awk '($1=="*P"){print $0}' | sed 's/*P //' > temp.out )
*P Z: 11 17 
*P 1.0 
*P      4.05100645     0.00000000     0.00000000
*P     -1.95927613     3.49788911     0.00000000
*P      0.00013453     2.32631138     3.19598386
*P 1 1 0 
*P Direct
*P       0.088046985701      0.571601782399      0.457022750169
*P       0.588063169315      0.571600920907      0.957040624025
*QQ poscar output
*QQ (use: | awk '($1=="*Q"){print $0}' | sed 's/*Q //' > temp.out )
*Q +1.000000000000 -1.000000000000 
*Q 1.0 
*Q      4.05100645     0.00000000     0.00000000
*Q     -1.95927613     3.49788911     0.00000000
*Q      0.00013453     2.32631138     3.19598386
*Q 1 1 0 
*Q Direct
*Q       0.088046985701      0.571601782399      0.457022750169
*Q       0.588063169315      0.571600920907      0.957040624025
*RR restart output
*RR (use: | awk '($1=="*R"){print $0}' | sed 's/*R //' > temp.out )
*R     4.051006448058    4.009238229461    3.952978308881
*R     1.031629875141    1.570762293013    2.081384371536
*R      1
*R      1     1
*R   -1.000000000000000   0.000000000000000
*R     0.000000000000    1.670000000000    0.000000000000    17     0
*R      1
*R      1   1.000000000000000
*R     1.160000000000    11
*R     0.088046985701    0.571601782399    0.457022750169
*R     0.588063169315    0.571600920907    0.957040624025
* XBS output
* CATION:
atom C    -0.763185339    3.062576873    1.460637335
spec C     1.160000000    1.000000000    0.000000000    0.000000000
* ANION:
atom A     1.262452403    4.225771129    3.058686391
spec A     1.670000000    0.000000000    0.000000000    1.000000000
spec V     0.000000000    0.000000000    1.000000000    0.000000000
bonds A V  0.000000000    0.000000000    0.010000000    Black
* CELL PARAMETERS AND BORDER
atom 0    0.00000   0.00000   0.00000
atom 1    4.05101   0.00000   0.00000
atom 2    2.09173   3.49789   0.00000
atom 3   -1.95928   3.49789   0.00000
atom 4    0.00013   2.32631   3.19598
atom 5    4.05114   2.32631   3.19598
atom 6    2.09186   5.82420   3.19598
atom 7   -1.95914   5.82420   3.19598
spec 0     0.050000000    0.000000000    0.000000000    0.000000000
spec 1     0.050000000    0.000000000    0.000000000    0.000000000
spec 2     0.050000000    0.000000000    0.000000000    0.000000000
spec 3     0.050000000    0.000000000    0.000000000    0.000000000
spec 4     0.050000000    0.000000000    0.000000000    0.000000000
spec 5     0.050000000    0.000000000    0.000000000    0.000000000
spec 6     0.050000000    0.000000000    0.000000000    0.000000000
spec 7     0.050000000    0.000000000    0.000000000    0.000000000
bonds 0 1  4.046955442    4.055057455    0.010000000    Black
bonds 3 2  4.046955442    4.055057455    0.010000000    Black
bonds 4 5  4.046955442    4.055057455    0.010000000    Black
bonds 6 7  4.046955442    4.055057455    0.010000000    Black
bonds 1 2  4.005228991    4.013247468    0.010000000    Black
bonds 0 3  4.005228991    4.013247468    0.010000000    Black
bonds 5 6  4.005228991    4.013247468    0.010000000    Black
bonds 4 7  4.005228991    4.013247468    0.010000000    Black
bonds 0 4  3.949025331    3.956931287    0.010000000    Black
bonds 1 5  3.949025331    3.956931287    0.010000000    Black
bonds 2 6  3.949025331    3.956931287    0.010000000    Black
bonds 3 7  3.949025331    3.956931287    0.010000000    Black
inc 5.000000
dup    4.05101   0.00000   0.00000
dup   -1.95928   3.49789   0.00000
dup    0.00013   2.32631   3.19598
