*************************************************
*	pack	(version 4.12.0.5)
*	Eric Majzoub
*	Sandia National Laboratories
*************************************************
*  Source file: main.c
*  Compile date: Dec 27 2012
*  Compile time: 17:19:04
*  commandline = /projects/e20438/bin/pack-4.12.0.5/pack_exe -f ../../NaCl_pegs.in -P -R -r 400 -t 25 -g 22502 
*  input file = ../../NaCl_pegs.in
**********************************************************************
**********************************************************************
**********************************************************************
* 
*       - General run comments -
* 
* WARN: no Rotations in Metropolis (-R flag).
* WARN: all anionic charge on center atom (-P flag).
*
**********************************************************************
*           - Input parameters -
*
*           restart  =         0         1 = restart calc
*        autoadjust  =         1   automatically set temp
*          aa_using  =         1        1=rej pct, 2=pCnt
*         basin hop  =         0           number of hops
*     non_per_ewald  =         0          1=nanopart calc
*
*             lat a  =   10.0000
*             lat b  =   10.0000
*             lat c  =   10.0000
*             alpha  =    1.5708
*             beta   =    1.5708
*             gamma  =    1.5708
*          cell vol  = 1000.0000
*      sqsh vol pct  =    0.2000
* 
*          cell_min  =    1.6700              min lat vec
*          cell_max  =  167.0000              max lat vec
* 
*         n_type_an  =         1          num type anions
*            num_an  =         1           tot num anions
* 
*          num_an_1  =         1        num anions type 1
*        num_vert_1  =         1     1=sph 2=dim 5=tet...
*       an_chrg_c_1  =   -1.0000      anion center charge
*       an_chrg_v_1  =    0.0000      anion vertex charge
*     tot_an_chrg_1  =   -1.0000       total anion charge
*           Rcent_1  =    1.6700         anion center rad
*           Rvert_1  =    0.0000         anion vertex rad
*             cvd_1  =    0.0000        cent to vert dist
*           Zcent_1  =        17           anion center Z
*           Zvert_1  =         0           anion vertex Z
* 
*          num_an_2  =         0        num anions type 2
*        num_vert_2  =         0     1=sph 2=dim 5=tet...
*       an_chrg_c_2  =    0.0000      anion center charge
*       an_chrg_v_2  =    0.0000      anion vertex charge
*     tot_an_chrg_2  =    0.0000       total anion charge
*           Rcent_2  =    0.0000         anion center rad
*           Rvert_2  =    0.0000         anion vertex rad
*             cvd_2  =    0.0000        cent to vert dist
*           Zcent_2  =         0           anion center Z
*           Zvert_2  =         0           anion vertex Z
* 
*         n_type_ca  =         1            num type cats
*            num_ca  =         1          tot num cations
* 
*          num_ca_1  =         1        num cations typ 1
*         ca_chrg_1  =    1.0000        cation chrg typ 1
*            Rcat_1  =    1.1600         cation rad typ 1
*            Zcat_1  =        11           cation Z typ 1
* 
*            C2VTOL  =  1.00e-08            c2v tolerance
*            ERRLIM  =  1.00e-06
*       REP_EPSILON  =  1.00e+00        soft sphere repul
*    TRANS_FRAC_MAX  =    0.5000                    fixed
*    TRANS_FRAC_MIN  =    0.0200
*      MAX_ANG_CHNG  =    9.9695                  degrees
*    VOLUM_FRAC_MAX  =    0.0700
*         EXT_PRESS  =  0.00e+00        external pressure
*      SQSH_VOL_PCT  =    0.2000             min orth val
*        ASPECT_MAX  =   20.0000                cell parm
*            dplane  =    1.6700            min plane sep
*      SCALE_FACTOR  =    1.2500         bhop max scaling
* 
*            d.o.f.  =        12       degrees of freedom
*          runs/dof  =       400         loops per d.o.f.
*              runs  =      4800              loops per T
*               ncc  =     19200     config changes per T
*            t_runs  =        25           num temp steps
*             efunc  =         0               0=SS  1=LJ
*       N_HALT_CHNG  =        15      halts after N 100%s
*
*      anneal_sched  =         3   0=lin or exp(-run_n^n)
*         temp_init  =  1.00e+00             initial temp
*         temp_finl  =  1.00e-03               final temp
* 
*          trn_chng  =         1              0=off  1=on
*          rot_chng  =         0              0=off  1=on
*          lat_chng  =         1              0=off  1=on
*          swp_chng  =         1              0=off  1=on
* 
*     SIMP_RESTARTS  =        11     no. simplex restarts
*  SIMP_RESTARTS BH  =        21  basin hop simp restarts
*         SIMP_NMAX  =      4500        max simplex iters
*          SIMP_DEG  =    1.0000          anion start deg
*         SIMP_LAMB  =    0.0100        vertex start frac
*       SIMP_ERRLIM  =  1.00e-08              error limit
* 
*           aa runs  =      1200           config changes
*      aa runs_step  =        10   config change increase
*       aa runs_max  =      1500  max auto config changes
*         aa t_runs  =         3            num temp runs
*      aa temp_step  =    0.5000                temp step
* 
*        aa chng hi  =         3  1=trn 2=rot 3=lat 4=swp
*        aa chng lo  =         3  1=trn 2=rot 3=lat 4=swp
* 
*      aa ht_pct_hi  =     0.650             high rej pct
*      aa ht_pct_lo  =     0.600             low  rej pct
* 
*      aa lt_pct_hi  =     0.999             high rej pct
*      aa lt_pct_lo  =     0.950             low  rej pct
* 
*            tmpfile =                   PR20093-best.tmp
* 
* Checking for out of bounds fractional coords.
*
**********************************************************************
*
*          - Parameters at START -
*
* Lattice parameters:
*
*             lat a  =   10.0000
*             lat b  =   10.0000
*             lat c  =   10.0000
*             alpha  =   90.0000
*             beta   =   90.0000
*             gamma  =   90.0000
*          cell vol  = 1000.0000
*          cv/ortho  =    1.0000
*
* Energies:
*               ecc  = -6.7656e-01
*               eng  =  0.0000e+00
*
*
* Geometry:
*
*      packing frac  =    0.0260
*      aspect ratio  =    1.0000
*
* (dE/dV):
*                Px  =  6.1773e-06                    x-dir
*                Py  =  6.0015e-04                    y-dir
*                Pz  =  7.0224e-05                    z-dir
*
* Distances (PBC only):
*                                 min           hard           diff
*           ca1_ca1  =   1.000000e+06   2.320000e+00   9.999977e+05
*           ca1_ca2  =   1.000000e+06   1.160000e+00   9.999988e+05
*           ca1_ac1  =   3.161904e+00   2.830000e+00   3.319043e-01
*           ca1_av1  =   1.000000e+06  -1.000000e+00   1.000001e+06
*           ca1_ac2  =   1.000000e+06  -1.000000e+00   1.000001e+06
*           ca1_av2  =   1.000000e+06  -1.000000e+00   1.000001e+06
*           ca2_ca2  =   1.000000e+06   0.000000e+00   1.000000e+06
*           ca2_ac1  =   1.000000e+06   1.670000e+00   9.999983e+05
*           ca2_av1  =   1.000000e+06  -1.000000e+00   1.000001e+06
*           ca2_ac2  =   1.000000e+06  -1.000000e+00   1.000001e+06
*           ca2_av2  =   1.000000e+06  -1.000000e+00   1.000001e+06
*           ac1_ac1  =   1.000000e+06   3.340000e+00   9.999967e+05
*           ac1_av1  =   1.000000e+06  -1.000000e+00   1.000001e+06
*           ac1_ac2  =   1.000000e+06  -1.000000e+00   1.000001e+06
*           ac1_av2  =   1.000000e+06  -1.000000e+00   1.000001e+06
*           av1_av1  =   1.000000e+06  -1.000000e+00   1.000001e+06
*           av1_av2  =   1.000000e+06  -1.000000e+00   1.000001e+06
*           av2_av2  =   1.000000e+06  -1.000000e+00   1.000001e+06
*
*
*
**********************************************************************
*
* ------------------------------------------------------------
*              Autoadjust high temperatrure:
* ------------------------------------------------------------
*              Autoadjusting on 3 (1=trn,2=rot,3=lat,4=swp)
*
**********************************************************************
*
*                 -- Autoadjust Metropolis Run --
*
*   autoadjust_temp_init  =  1.0000e+00
*   autoadjust_temp_step  =  5.0000e-01
*        autoadjust_runs  =        1200         configs per temp
*       autoadjust_count  =           1
*
**********************************************************************
*
* Metropolis: 3 temperature runs with these parameters:
*
*              runs  =      1200              loops per T
*               T_0  = 1.000e+00             initial temp
*               T_L  = 1.000e+00               final temp
*           T_alpha  = 8.000e+09          annealing alpha
*
*            T = T_0 * exp( -run_num**3 / T_alpha )
*
**********************************************************************
*H run      Temp       E_ion        E_ss   cel vol       SigPF       ar     ortho        pCnt          % Rejected Changes
*H                                                                                                 trn      rot      lat      swp
*T   1  1.00e+00  -7.819e-01  +0.000e+00    265.35   4.357e-02    1.869     0.443   5.722e-02    16.92     0.00     2.08     0.00
*T   2  1.00e+00  -1.389e-01  +0.000e+00  10263.75   4.984e-02    1.993     0.826   1.023e-01    18.25     0.00     2.00     0.00
*T   3  1.00e+00  -1.653e-02  +0.000e+00 325392.52   2.795e-03    3.930     0.691   1.732e-02     3.83     0.00     0.50     0.00
*
**********************************************************************
*
*                 -- AUTOADJUST [1] OUT --
*
*     target: lo % = 60.000000      hi % = 65.000000
*     Autoadjust % =  0.500000
*     Autoadjust: Lowering the temperature 5.000e-01 [a.u.]
*
**********************************************************************
*
*                 -- Autoadjust Metropolis Run --
*
*   autoadjust_temp_init  =  5.0000e-01
*   autoadjust_temp_step  =  5.0000e-01
*        autoadjust_runs  =        1210         configs per temp
*       autoadjust_count  =           2
*
**********************************************************************
*
* Metropolis: 3 temperature runs with these parameters:
*
*              runs  =      1210              loops per T
*               T_0  = 5.000e-01             initial temp
*               T_L  = 4.995e-01               final temp
*           T_alpha  = 7.996e+03          annealing alpha
*
*            T = T_0 * exp( -run_num**3 / T_alpha )
*
**********************************************************************
*H run      Temp       E_ion        E_ss   cel vol       SigPF       ar     ortho        pCnt          % Rejected Changes
*H                                                                                                 trn      rot      lat      swp
*T   1  5.00e-01  -4.870e-01  +0.000e+00   8655.04   6.286e-04    6.274     0.205   8.596e-02    13.47     0.00     1.74     0.00
*T   2  5.00e-01  +1.145e+00  +0.000e+00   7896.92   1.282e-03    8.535     0.461   1.246e+00    61.82     0.00     6.94     0.00
*T   3  4.99e-01  -1.457e-01  +0.000e+00   4402.33   2.195e-03    7.576     0.291   6.038e-01    45.87     0.00     2.23     0.00
*
**********************************************************************
*
*                 -- AUTOADJUST [2] OUT --
*
*     target: lo % = 60.000000      hi % = 65.000000
*     Autoadjust % =  2.231405
*     Autoadjust: special case: (T-Tstep) = 0.000e+00 [a.u.]
*     Autoadjust: special case: ===> drop temp step to: 2.250e-01 [a.u.]
*     Autoadjust: Lowering the temperature 2.250e-01 [a.u.]
*
**********************************************************************
*
*                 -- Autoadjust Metropolis Run --
*
*   autoadjust_temp_init  =  2.7500e-01
*   autoadjust_temp_step  =  2.2500e-01
*        autoadjust_runs  =        1220         configs per temp
*       autoadjust_count  =           3
*
**********************************************************************
*
* Metropolis: 3 temperature runs with these parameters:
*
*              runs  =      1220              loops per T
*               T_0  = 2.750e-01             initial temp
*               T_L  = 2.747e-01               final temp
*           T_alpha  = 7.996e+03          annealing alpha
*
*            T = T_0 * exp( -run_num**3 / T_alpha )
*
**********************************************************************
*H run      Temp       E_ion        E_ss   cel vol       SigPF       ar     ortho        pCnt          % Rejected Changes
*H                                                                                                 trn      rot      lat      swp
*T   1  2.75e-01  -5.705e-01  +0.000e+00   1740.15   7.911e-03   10.291     0.275   6.396e-01    41.56     0.00     6.48     0.00
*T   2  2.75e-01  -3.087e-01  +0.000e+00   2674.84   3.364e-03    6.410     0.241   8.625e-01    54.10     0.00     3.77     0.00
*T   3  2.75e-01  -4.633e-01  +0.000e+00   5598.98   6.031e-03    8.337     0.212   8.867e-01    43.93     0.00     6.80     0.00
*
**********************************************************************
*
*                 -- AUTOADJUST [3] OUT --
*
*     target: lo % = 60.000000      hi % = 65.000000
*     Autoadjust % =  6.803279
*     Autoadjust: Lowering the temperature 2.250e-01 [a.u.]
*
**********************************************************************
*
*                 -- Autoadjust Metropolis Run --
*
*   autoadjust_temp_init  =  5.0000e-02
*   autoadjust_temp_step  =  2.2500e-01
*        autoadjust_runs  =        1230         configs per temp
*       autoadjust_count  =           4
*
**********************************************************************
*
* Metropolis: 3 temperature runs with these parameters:
*
*              runs  =      1230              loops per T
*               T_0  = 5.000e-02             initial temp
*               T_L  = 4.995e-02               final temp
*           T_alpha  = 7.996e+03          annealing alpha
*
*            T = T_0 * exp( -run_num**3 / T_alpha )
*
**********************************************************************
*H run      Temp       E_ion        E_ss   cel vol       SigPF       ar     ortho        pCnt          % Rejected Changes
*H                                                                                                 trn      rot      lat      swp
*T   1  5.00e-02  -8.869e-01  +0.000e+00    906.32   9.999e-03    5.470     0.620   7.621e+00    94.39     0.00    19.19     0.00
*T   2  5.00e-02  -8.299e-01  +0.000e+00    468.08   2.006e-02    4.614     0.262   4.425e+00    96.10     0.00    22.76     0.00
*T   3  5.00e-02  -5.881e-01  +0.000e+00    154.84   5.740e-02    2.784     0.430   3.304e+00    94.96     0.00    29.02     0.00
*
**********************************************************************
*
*                 -- AUTOADJUST [4] OUT --
*
*     target: lo % = 60.000000      hi % = 65.000000
*     Autoadjust % = 29.024390
*     Autoadjust: special case: (T-Tstep) = -1.750e-01 [a.u.]
*     Autoadjust: special case: ===> drop temp step to: 1.013e-01 [a.u.]
*     Autoadjust: special case: (T-Tstep) = -5.125e-02 [a.u.]
*     Autoadjust: special case: ===> drop temp step to: 4.556e-02 [a.u.]
*     Autoadjust: Lowering the temperature 4.556e-02 [a.u.]
*
**********************************************************************
*
*                 -- Autoadjust Metropolis Run --
*
*   autoadjust_temp_init  =  4.4375e-03
*   autoadjust_temp_step  =  4.5563e-02
*        autoadjust_runs  =        1240         configs per temp
*       autoadjust_count  =           5
*
**********************************************************************
*
* Metropolis: 3 temperature runs with these parameters:
*
*              runs  =      1240              loops per T
*               T_0  = 4.438e-03             initial temp
*               T_L  = 4.433e-03               final temp
*           T_alpha  = 7.996e+03          annealing alpha
*
*            T = T_0 * exp( -run_num**3 / T_alpha )
*
**********************************************************************
*H run      Temp       E_ion        E_ss   cel vol       SigPF       ar     ortho        pCnt          % Rejected Changes
*H                                                                                                 trn      rot      lat      swp
*T   1  4.44e-03  -1.115e+00  +0.000e+00     58.37   1.970e-01    2.282     0.432   1.165e+02    99.68     0.00    71.45     0.00
*T   2  4.44e-03  -1.123e+00  +0.000e+00     68.47   2.375e-01    2.251     0.437   2.911e+00    99.92     0.00    76.69     0.00
*T   3  4.43e-03  -1.120e+00  +0.000e+00     93.23   1.937e-01    2.235     0.458   4.174e+00   100.00     0.00    69.03     0.00
*
**********************************************************************
*
*                 -- AUTOADJUST [5] OUT --
*
*     target: lo % = 60.000000      hi % = 65.000000
*     Autoadjust % = 69.032258
*     Autoadjust: overshot! drop temp step to: 2.050e-02 [a.u.]
*     Autoadjust: Raising the temperature 2.050e-02 [a.u.]
*
**********************************************************************
*
*                 -- Autoadjust Metropolis Run --
*
*   autoadjust_temp_init  =  2.4941e-02
*   autoadjust_temp_step  =  2.0503e-02
*        autoadjust_runs  =        1250         configs per temp
*       autoadjust_count  =           6
*
**********************************************************************
*
* Metropolis: 3 temperature runs with these parameters:
*
*              runs  =      1250              loops per T
*               T_0  = 2.494e-02             initial temp
*               T_L  = 2.492e-02               final temp
*           T_alpha  = 7.996e+03          annealing alpha
*
*            T = T_0 * exp( -run_num**3 / T_alpha )
*
**********************************************************************
*H run      Temp       E_ion        E_ss   cel vol       SigPF       ar     ortho        pCnt          % Rejected Changes
*H                                                                                                 trn      rot      lat      swp
*T   1  2.49e-02  -1.049e+00  +0.000e+00     82.18   1.750e-01    2.400     0.535   3.815e+00    96.32     0.00    52.40     0.00
*T   2  2.49e-02  -9.900e-01  +0.000e+00    101.43   1.640e-01    1.193     0.605   4.734e+00    94.96     0.00    48.96     0.00
*T   3  2.49e-02  -1.035e+00  +0.000e+00     66.82   1.457e-01    1.877     0.501   4.931e+00    93.12     0.00    45.04     0.00
*
**********************************************************************
*
*                 -- AUTOADJUST [6] OUT --
*
*     target: lo % = 60.000000      hi % = 65.000000
*     Autoadjust % = 45.040000
*     Autoadjust: overshot! drop temp step to: 9.226e-03 [a.u.]
*     Autoadjust: Lowering the temperature 9.226e-03 [a.u.]
*
**********************************************************************
*
*                 -- Autoadjust Metropolis Run --
*
*   autoadjust_temp_init  =  1.5714e-02
*   autoadjust_temp_step  =  9.2264e-03
*        autoadjust_runs  =        1260         configs per temp
*       autoadjust_count  =           7
*
**********************************************************************
*
* Metropolis: 3 temperature runs with these parameters:
*
*              runs  =      1260              loops per T
*               T_0  = 1.571e-02             initial temp
*               T_L  = 1.570e-02               final temp
*           T_alpha  = 7.996e+03          annealing alpha
*
*            T = T_0 * exp( -run_num**3 / T_alpha )
*
**********************************************************************
*H run      Temp       E_ion        E_ss   cel vol       SigPF       ar     ortho        pCnt          % Rejected Changes
*H                                                                                                 trn      rot      lat      swp
*T   1  1.57e-02  -1.127e+00  +0.000e+00     56.75   2.295e-01    1.570     0.467   8.069e+00    99.29     0.00    59.92     0.00
*T   2  1.57e-02  -1.106e+00  +0.000e+00     60.61   2.500e-01    1.358     0.535   8.554e+00    99.52     0.00    63.33     0.00
*T   3  1.57e-02  -1.078e+00  +0.000e+00     62.05   2.322e-01    1.591     0.642   6.676e+00    99.60     0.00    65.79     0.00
*
**********************************************************************
*
*                 -- AUTOADJUST [7] OUT --
*
*     target: lo % = 60.000000      hi % = 65.000000
*     Autoadjust % = 65.793651
*     Autoadjust: overshot! drop temp step to: 4.152e-03 [a.u.]
*     Autoadjust: Raising the temperature 4.152e-03 [a.u.]
*
**********************************************************************
*
*                 -- Autoadjust Metropolis Run --
*
*   autoadjust_temp_init  =  1.9866e-02
*   autoadjust_temp_step  =  4.1519e-03
*        autoadjust_runs  =        1270         configs per temp
*       autoadjust_count  =           8
*
**********************************************************************
*
* Metropolis: 3 temperature runs with these parameters:
*
*              runs  =      1270              loops per T
*               T_0  = 1.987e-02             initial temp
*               T_L  = 1.985e-02               final temp
*           T_alpha  = 7.996e+03          annealing alpha
*
*            T = T_0 * exp( -run_num**3 / T_alpha )
*
**********************************************************************
*H run      Temp       E_ion        E_ss   cel vol       SigPF       ar     ortho        pCnt          % Rejected Changes
*H                                                                                                 trn      rot      lat      swp
*T   1  1.99e-02  -1.095e+00  +0.000e+00     58.78   2.195e-01    1.401     0.674   3.349e+00    99.06     0.00    56.69     0.00
*T   2  1.99e-02  -1.141e+00  +0.000e+00     56.34   2.289e-01    1.252     0.814   4.677e+00    99.45     0.00    55.35     0.00
*T   3  1.98e-02  -1.021e+00  +0.000e+00     65.98   2.443e-01    1.499     0.750   6.768e+00    99.29     0.00    57.95     0.00
*
**********************************************************************
*
*                 -- AUTOADJUST [8] OUT --
*
*     target: lo % = 60.000000      hi % = 65.000000
*     Autoadjust % = 57.952756
*     Autoadjust: overshot! drop temp step to: 1.868e-03 [a.u.]
*     Autoadjust: Lowering the temperature 1.868e-03 [a.u.]
*
**********************************************************************
*
*                 -- Autoadjust Metropolis Run --
*
*   autoadjust_temp_init  =  1.7998e-02
*   autoadjust_temp_step  =  1.8683e-03
*        autoadjust_runs  =        1280         configs per temp
*       autoadjust_count  =           9
*
**********************************************************************
*
* Metropolis: 3 temperature runs with these parameters:
*
*              runs  =      1280              loops per T
*               T_0  = 1.800e-02             initial temp
*               T_L  = 1.798e-02               final temp
*           T_alpha  = 7.996e+03          annealing alpha
*
*            T = T_0 * exp( -run_num**3 / T_alpha )
*
**********************************************************************
*H run      Temp       E_ion        E_ss   cel vol       SigPF       ar     ortho        pCnt          % Rejected Changes
*H                                                                                                 trn      rot      lat      swp
*T   1  1.80e-02  -1.069e+00  +0.000e+00     77.81   2.379e-01    1.195     0.870   7.161e+00    98.75     0.00    57.42     0.00
*T   2  1.80e-02  -1.092e+00  +0.000e+00     76.26   1.905e-01    1.186     0.869   3.210e+00    99.06     0.00    54.92     0.00
*T   3  1.80e-02  -1.084e+00  +0.000e+00     75.29   1.738e-01    1.160     0.732   4.758e+00    98.05     0.00    53.59     0.00
*
**********************************************************************
*
*                 -- AUTOADJUST [9] OUT --
*
*     target: lo % = 60.000000      hi % = 65.000000
*     Autoadjust % = 53.593750
*     Autoadjust: Lowering the temperature 1.868e-03 [a.u.]
*
**********************************************************************
*
*                 -- Autoadjust Metropolis Run --
*
*   autoadjust_temp_init  =  1.6129e-02
*   autoadjust_temp_step  =  1.8683e-03
*        autoadjust_runs  =        1290         configs per temp
*       autoadjust_count  =          10
*
**********************************************************************
*
* Metropolis: 3 temperature runs with these parameters:
*
*              runs  =      1290              loops per T
*               T_0  = 1.613e-02             initial temp
*               T_L  = 1.611e-02               final temp
*           T_alpha  = 7.996e+03          annealing alpha
*
*            T = T_0 * exp( -run_num**3 / T_alpha )
*
**********************************************************************
*H run      Temp       E_ion        E_ss   cel vol       SigPF       ar     ortho        pCnt          % Rejected Changes
*H                                                                                                 trn      rot      lat      swp
*T   1  1.61e-02  -1.104e+00  +0.000e+00     63.53   2.131e-01    1.459     0.632   5.077e+00    98.53     0.00    64.34     0.00
*T   2  1.61e-02  -1.058e+00  +0.000e+00     60.60   2.419e-01    1.810     0.653   4.515e+00    99.77     0.00    66.82     0.00
*T   3  1.61e-02  -1.150e+00  +0.000e+00     53.23   2.363e-01    1.767     0.545   5.445e+00    99.53     0.00    64.73     0.00
*
**********************************************************************
*
*                 -- AUTOADJUST [10] OUT --
*
*     target: lo % = 60.000000      hi % = 65.000000
*     Autoadjust % = 64.728682
*     Autoadjust: temp = 1.613e-02  is good!  Exiting autoadjust.
*
**********************************************************************
*
* ------------------------------------------------------------
*              Autoadjust low temperatrure:
* ------------------------------------------------------------
*              Autoadjusting on 3 (1=trn,2=rot,3=lat,4=swp)
*
**********************************************************************
*
*                 -- Autoadjust Metropolis Run --
*
*   autoadjust_temp_init  =  2.0000e-02
*   autoadjust_temp_step  =  5.0000e-01
*        autoadjust_runs  =        1200         configs per temp
*       autoadjust_count  =           1
*
**********************************************************************
*
* Metropolis: 3 temperature runs with these parameters:
*
*              runs  =      1200              loops per T
*               T_0  = 2.000e-02             initial temp
*               T_L  = 2.000e-02               final temp
*           T_alpha  = 1.600e+08          annealing alpha
*
*            T = T_0 * exp( -run_num**3 / T_alpha )
*
**********************************************************************
*H run      Temp       E_ion        E_ss   cel vol       SigPF       ar     ortho        pCnt          % Rejected Changes
*H                                                                                                 trn      rot      lat      swp
*T   1  2.00e-02  -1.124e+00  +0.000e+00     59.86   2.030e-01    1.630     0.516   7.771e+00    97.17     0.00    60.50     0.00
*T   2  2.00e-02  -9.888e-01  +0.000e+00    112.19   1.892e-01    1.832     0.353   5.239e+00    99.08     0.00    57.83     0.00
*T   3  2.00e-02  -9.786e-01  +0.000e+00     89.67   1.081e-01    2.225     0.424   4.649e+00    98.33     0.00    45.33     0.00
*
**********************************************************************
*
*                 -- AUTOADJUST [1] OUT --
*
*     target: lo % = 95.000000      hi % = 99.900000
*     Autoadjust % = 45.333333
*     Autoadjust: special case: (T-Tstep) = -4.800e-01 [a.u.]
*     Autoadjust: special case: ===> drop temp step to: 2.250e-01 [a.u.]
*     Autoadjust: special case: (T-Tstep) = -2.050e-01 [a.u.]
*     Autoadjust: special case: ===> drop temp step to: 1.013e-01 [a.u.]
*     Autoadjust: special case: (T-Tstep) = -8.125e-02 [a.u.]
*     Autoadjust: special case: ===> drop temp step to: 4.556e-02 [a.u.]
*     Autoadjust: special case: (T-Tstep) = -2.556e-02 [a.u.]
*     Autoadjust: special case: ===> drop temp step to: 2.050e-02 [a.u.]
*     Autoadjust: special case: (T-Tstep) = -5.031e-04 [a.u.]
*     Autoadjust: special case: ===> drop temp step to: 9.226e-03 [a.u.]
*     Autoadjust: Lowering the temperature 9.226e-03 [a.u.]
*
**********************************************************************
*
*                 -- Autoadjust Metropolis Run --
*
*   autoadjust_temp_init  =  1.0774e-02
*   autoadjust_temp_step  =  9.2264e-03
*        autoadjust_runs  =        1210         configs per temp
*       autoadjust_count  =           2
*
**********************************************************************
*
* Metropolis: 3 temperature runs with these parameters:
*
*              runs  =      1210              loops per T
*               T_0  = 1.077e-02             initial temp
*               T_L  = 1.076e-02               final temp
*           T_alpha  = 7.996e+03          annealing alpha
*
*            T = T_0 * exp( -run_num**3 / T_alpha )
*
**********************************************************************
*H run      Temp       E_ion        E_ss   cel vol       SigPF       ar     ortho        pCnt          % Rejected Changes
*H                                                                                                 trn      rot      lat      swp
*T   1  1.08e-02  -1.065e+00  +0.000e+00    110.06   1.527e-01    1.804     0.502   3.485e+00    99.59     0.00    54.55     0.00
*T   2  1.08e-02  -1.050e+00  +0.000e+00     71.27   1.472e-01    1.338     0.444   2.939e+00    99.75     0.00    57.60     0.00
*T   3  1.08e-02  -1.119e+00  +0.000e+00     53.44   2.426e-01    1.438     0.575   1.289e+01    99.50     0.00    69.34     0.00
*
**********************************************************************
*
*                 -- AUTOADJUST [2] OUT --
*
*     target: lo % = 95.000000      hi % = 99.900000
*     Autoadjust % = 69.338843
*     Autoadjust: Lowering the temperature 9.226e-03 [a.u.]
*
**********************************************************************
*
*                 -- Autoadjust Metropolis Run --
*
*   autoadjust_temp_init  =  1.5472e-03
*   autoadjust_temp_step  =  9.2264e-03
*        autoadjust_runs  =        1220         configs per temp
*       autoadjust_count  =           3
*
**********************************************************************
*
* Metropolis: 3 temperature runs with these parameters:
*
*              runs  =      1220              loops per T
*               T_0  = 1.547e-03             initial temp
*               T_L  = 1.546e-03               final temp
*           T_alpha  = 7.996e+03          annealing alpha
*
*            T = T_0 * exp( -run_num**3 / T_alpha )
*
**********************************************************************
*H run      Temp       E_ion        E_ss   cel vol       SigPF       ar     ortho        pCnt          % Rejected Changes
*H                                                                                                 trn      rot      lat      swp
*T   1  1.55e-03  -1.177e+00  +0.000e+00     42.93   3.885e-01    1.508     0.515   2.127e+02   100.00     0.00    95.16     0.00
*T   2  1.55e-03  -1.181e+00  +0.000e+00     42.68   3.937e-01    1.497     0.496   2.154e+00   100.00     0.00    94.92     0.00
*T   3  1.55e-03  -1.175e+00  +0.000e+00     43.28   3.958e-01    1.481     0.500   3.170e+00   100.00     0.00    95.98     0.00
*
**********************************************************************
*
*                 -- AUTOADJUST [3] OUT --
*
*     target: lo % = 95.000000      hi % = 99.900000
*     Autoadjust % = 95.983607
*     Autoadjust: temp = 1.547e-03  is good!  Exiting autoadjust.
*
**********************************************************************
*
*
*          -- Initializing cell contents --
*
*
*
**********************************************************************
*
*            -- Starting Metropolis calculation --
*
*              temp_init  = 1.613e-02
*
**********************************************************************
*
* Metropolis: 25 temperature runs with these parameters:
*
*              runs  =      4800              loops per T
*               T_0  = 1.613e-02             initial temp
*               T_L  = 1.547e-03               final temp
*           T_alpha  = 5.897e+03          annealing alpha
*
*            T = T_0 * exp( -run_num**3 / T_alpha )
*
**********************************************************************
*H run      Temp       E_ion        E_ss   cel vol       SigPF       ar     ortho        pCnt          % Rejected Changes
*H                                                                                                 trn      rot      lat      swp
*M   1  1.61e-02  -1.126e+00  +0.000e+00     50.13   2.593e-01    1.627     0.625   6.116e+01    99.10     0.00    59.17     0.00
*M   2  1.61e-02  -1.038e+00  +0.000e+00     77.67   2.437e-01    1.203     0.488   5.181e+00    99.46     0.00    62.81     0.00
*M   3  1.61e-02  -1.109e+00  +0.000e+00     54.06   2.607e-01    1.706     0.466   6.412e+00    99.58     0.00    58.23     0.00
*M   4  1.61e-02  -1.089e+00  +0.000e+00     69.52   2.018e-01    1.497     0.362   5.253e+00    98.58     0.00    60.65     0.00
*M   5  1.60e-02  -1.084e+00  +0.000e+00     72.37   1.930e-01    1.368     0.511   4.457e+00    98.33     0.00    59.33     0.00
*M   6  1.58e-02  -1.117e+00  +0.000e+00     54.95   2.275e-01    1.215     0.845   5.220e+00    98.98     0.00    60.54     0.00
*M   7  1.55e-02  -1.133e+00  +0.000e+00     58.17   2.493e-01    1.110     0.810   5.018e+00    99.54     0.00    63.98     0.00
*M   8  1.52e-02  -1.092e+00  +0.000e+00     59.07   2.730e-01    1.196     0.896   5.742e+00    99.62     0.00    65.83     0.00
*M   9  1.48e-02  -1.066e+00  +0.000e+00     57.08   2.616e-01    1.228     0.933   3.438e+00    99.65     0.00    66.21     0.00
*M  10  1.43e-02  -1.062e+00  +0.000e+00     60.97   2.562e-01    1.699     0.673   5.650e+00    99.44     0.00    66.12     0.00
*M  11  1.36e-02  -1.169e+00  +0.000e+00     46.18   2.671e-01    1.411     0.542   4.538e+00    99.60     0.00    68.83     0.00
*M  12  1.29e-02  -1.120e+00  +0.000e+00     64.36   2.874e-01    1.980     0.478   4.735e+00    99.81     0.00    70.46     0.00
*M  13  1.20e-02  -1.105e+00  +0.000e+00     64.16   2.168e-01    2.077     0.474   6.686e+00    99.42     0.00    67.48     0.00
*M  14  1.11e-02  -1.065e+00  +0.000e+00    175.07   1.990e-01    3.074     0.792   7.293e+00    99.75     0.00    63.25     0.00
*M  15  1.01e-02  -1.162e+00  +0.000e+00     50.26   2.762e-01    1.604     0.584   1.663e+01    99.94     0.00    66.23     0.00
*M  16  9.10e-03  -1.144e+00  +0.000e+00     55.19   3.195e-01    1.641     0.482   4.413e+00   100.00     0.00    72.71     0.00
*M  17  8.05e-03  -1.184e+00  +0.000e+00     47.84   2.962e-01    1.499     0.496   4.127e+00    99.98     0.00    72.58     0.00
*M  18  7.01e-03  -1.156e+00  +0.000e+00     49.55   2.944e-01    1.660     0.546   5.232e+00    99.92     0.00    75.81     0.00
*M  19  6.00e-03  -1.165e+00  +0.000e+00     53.70   2.991e-01    1.554     0.480   3.575e+00    99.94     0.00    80.46     0.00
*M  20  5.04e-03  -1.175e+00  +0.000e+00     51.90   3.111e-01    1.567     0.521   6.022e+00   100.00     0.00    82.92     0.00
*M  21  4.15e-03  -1.193e+00  +0.000e+00     50.21   3.269e-01    1.477     0.498   3.408e+00    99.98     0.00    85.50     0.00
*M  22  3.35e-03  -1.190e+00  +0.000e+00     50.06   3.235e-01    1.532     0.512   2.686e+00   100.00     0.00    87.54     0.00
*M  23  2.65e-03  -1.208e+00  +0.000e+00     48.33   3.367e-01    1.403     0.474   1.943e+01    99.98     0.00    89.60     0.00
*M  24  2.05e-03  -1.214e+00  +0.000e+00     47.85   3.464e-01    1.403     0.497   4.436e+00   100.00     0.00    91.69     0.00
*M  25  1.55e-03  -1.215e+00  +0.000e+00     47.58   3.498e-01    1.450     0.497   2.984e+00   100.00     0.00    92.71     0.00
*
**********************************************************************
*
*
*          - Parameters at Post Ewald-Metro -
*
* Lattice parameters:
*
*             lat a  =    4.1911
*             lat b  =    3.9682
*             lat c  =    5.7538
*             alpha  =   45.4831
*             beta   =   44.2225
*             gamma  =   59.3910
*          cell vol  =   47.5849
*          cv/ortho  =    0.4973
*
* Energies:
*               ecc  = -1.2150e+00
*               eng  =  0.0000e+00
*
*
* Geometry:
*
*      packing frac  =    0.5474
*      aspect ratio  =    1.4500
*
* (dE/dV):
*                Px  =  8.6940e-03                    x-dir
*                Py  =  8.4716e-03                    y-dir
*                Pz  =  8.3669e-03                    z-dir
*
* Distances (PBC only):
*                                 min           hard           diff
*           ca1_ca1  =   1.000000e+06   2.320000e+00   9.999977e+05
*           ca1_ca2  =   1.000000e+06   1.160000e+00   9.999988e+05
*           ca1_ac1  =   2.845314e+00   2.830000e+00   1.531360e-02
*           ca1_av1  =   1.000000e+06  -1.000000e+00   1.000001e+06
*           ca1_ac2  =   1.000000e+06  -1.000000e+00   1.000001e+06
*           ca1_av2  =   1.000000e+06  -1.000000e+00   1.000001e+06
*           ca2_ca2  =   1.000000e+06   0.000000e+00   1.000000e+06
*           ca2_ac1  =   1.000000e+06   1.670000e+00   9.999983e+05
*           ca2_av1  =   1.000000e+06  -1.000000e+00   1.000001e+06
*           ca2_ac2  =   1.000000e+06  -1.000000e+00   1.000001e+06
*           ca2_av2  =   1.000000e+06  -1.000000e+00   1.000001e+06
*           ac1_ac1  =   1.000000e+06   3.340000e+00   9.999967e+05
*           ac1_av1  =   1.000000e+06  -1.000000e+00   1.000001e+06
*           ac1_ac2  =   1.000000e+06  -1.000000e+00   1.000001e+06
*           ac1_av2  =   1.000000e+06  -1.000000e+00   1.000001e+06
*           av1_av1  =   1.000000e+06  -1.000000e+00   1.000001e+06
*           av1_av2  =   1.000000e+06  -1.000000e+00   1.000001e+06
*           av2_av2  =   1.000000e+06  -1.000000e+00   1.000001e+06
*
*
*
**********************************************************************
*
*         - Comparing with 'best' structure -
*
****************************************************************
*
*          best ecc  = -1.2173e+00
*          best eng  =  0.0000e+00
*           ecc+eng  = -1.2173e+00
*          best vol  =  4.7436e+01
*           best pf  =  5.4910e-01
*
*     post_runs ecc  = -1.2150e+00
*     post_runs eng  =  0.0000e+00
*           ecc+eng  = -1.2150e+00
*     post_runs vol  =  4.7585e+01
*      post_runs pf  =  5.4739e-01
*
*       dV / V_runs  =  3.1265e-03
*
*          ecc_diff  = -2.2960e-03
*          eng_diff  =  0.0000e+00
*
*
****************************************************************
*
*  mag_ecc_diff > mag_eng_diff AND within BEST_VOL AND
* 'best' has lower energy than post runs! --> swapping.
*
****************************************************************
*
*
*          - Parameters at Post 'best-swap' -
*
* Lattice parameters:
*
*             lat a  =    4.0987
*             lat b  =    3.9789
*             lat c  =    5.7358
*             alpha  =   45.3064
*             beta   =   45.5191
*             gamma  =   59.8794
*          cell vol  =   47.4362
*          cv/ortho  =    0.5071
*
* Energies:
*               ecc  = -1.2173e+00
*               eng  =  0.0000e+00
*
*
* Geometry:
*
*      packing frac  =    0.5491
*      aspect ratio  =    1.4416
*
* (dE/dV):
*                Px  =  7.9854e-03                    x-dir
*                Py  =  8.6260e-03                    y-dir
*                Pz  =  9.0496e-03                    z-dir
*
* Distances (PBC only):
*                                 min           hard           diff
*           ca1_ca1  =   1.000000e+06   2.320000e+00   9.999977e+05
*           ca1_ca2  =   1.000000e+06   1.160000e+00   9.999988e+05
*           ca1_ac1  =   2.832739e+00   2.830000e+00   2.738872e-03
*           ca1_av1  =   1.000000e+06  -1.000000e+00   1.000001e+06
*           ca1_ac2  =   1.000000e+06  -1.000000e+00   1.000001e+06
*           ca1_av2  =   1.000000e+06  -1.000000e+00   1.000001e+06
*           ca2_ca2  =   1.000000e+06   0.000000e+00   1.000000e+06
*           ca2_ac1  =   1.000000e+06   1.670000e+00   9.999983e+05
*           ca2_av1  =   1.000000e+06  -1.000000e+00   1.000001e+06
*           ca2_ac2  =   1.000000e+06  -1.000000e+00   1.000001e+06
*           ca2_av2  =   1.000000e+06  -1.000000e+00   1.000001e+06
*           ac1_ac1  =   1.000000e+06   3.340000e+00   9.999967e+05
*           ac1_av1  =   1.000000e+06  -1.000000e+00   1.000001e+06
*           ac1_ac2  =   1.000000e+06  -1.000000e+00   1.000001e+06
*           ac1_av2  =   1.000000e+06  -1.000000e+00   1.000001e+06
*           av1_av1  =   1.000000e+06  -1.000000e+00   1.000001e+06
*           av1_av2  =   1.000000e+06  -1.000000e+00   1.000001e+06
*           av2_av2  =   1.000000e+06  -1.000000e+00   1.000001e+06
*
*
*
**********************************************************************
*
*         - Final Simplex relaxation with restarts -
*
**********************************************************************
*
*
****************************************************************
*
*
*        - Simplex Minimiziation Routine -
*
*
* Note: No aspect ratio constraint.
*
*
*            n_simp  =        15                   D.O.F.
*         simp_nmax  =      4500                max moves
*       simp_errlim  =  1.00e-08
*
*
*         - Initializing simplex arrays -
*
*
*      nfunk           rtol        pf        ar     ortho             e_ion              e_ss             e_tot
*X        11     3.4574e-03   0.54902   1.44158   0.50720    -1.2173389e+00     0.0000000e+00    -1.2173389e+00
*X      2000     4.9932e-07   0.57298   1.42177   0.49845    -1.2333401e+00     0.0000000e+00    -1.2333401e+00
*
*         simp_runs  =      2211               simp moves
*              rtol  =  9.77e-09               final rtol
*
* Simplex restart no. 1 of 10
*
*         - Initializing simplex arrays -
*
*
*      nfunk           rtol        pf        ar     ortho             e_ion              e_ss             e_tot
*X        11     1.4813e+00   0.57298   1.42177   0.49845    -1.2333401e+00     0.0000000e+00    -1.2333401e+00
*
*         simp_runs  =       987               simp moves
*              rtol  =  9.33e-09               final rtol
*
* Simplex restart no. 2 of 10
*
*         - Initializing simplex arrays -
*
*
*      nfunk           rtol        pf        ar     ortho             e_ion              e_ss             e_tot
*X        11     1.4814e+00   0.57298   1.42177   0.49845    -1.2333410e+00     0.0000000e+00    -1.2333410e+00
*
*         simp_runs  =       915               simp moves
*              rtol  =  9.48e-09               final rtol
*
* Simplex restart no. 3 of 10
*
*         - Initializing simplex arrays -
*
*
*      nfunk           rtol        pf        ar     ortho             e_ion              e_ss             e_tot
*X        11     1.4814e+00   0.57299   1.42177   0.49845    -1.2333439e+00     0.0000000e+00    -1.2333439e+00
*
*         simp_runs  =       975               simp moves
*              rtol  =  9.98e-09               final rtol
*
* Simplex restart no. 4 of 10
*
*         - Initializing simplex arrays -
*
*
*      nfunk           rtol        pf        ar     ortho             e_ion              e_ss             e_tot
*X        11     1.4814e+00   0.57299   1.42176   0.49845    -1.2333476e+00     0.0000000e+00    -1.2333476e+00
*
*         simp_runs  =      1713               simp moves
*              rtol  =  9.69e-09               final rtol
*
* Simplex restart no. 5 of 10
*
*         - Initializing simplex arrays -
*
*
*      nfunk           rtol        pf        ar     ortho             e_ion              e_ss             e_tot
*X        12     1.4812e+00   0.57281   1.42180   0.49841    -1.2333623e+00     0.0000000e+00    -1.2333623e+00
*
*         simp_runs  =      1105               simp moves
*              rtol  =  9.70e-09               final rtol
*
* Simplex restart no. 6 of 10
*
*         - Initializing simplex arrays -
*
*
*      nfunk           rtol        pf        ar     ortho             e_ion              e_ss             e_tot
*X        11     1.4812e+00   0.57289   1.42176   0.49843    -1.2334273e+00     0.0000000e+00    -1.2334273e+00
*
*         simp_runs  =       832               simp moves
*              rtol  =  8.94e-09               final rtol
*
* Simplex restart no. 7 of 10
*
*         - Initializing simplex arrays -
*
*
*      nfunk           rtol        pf        ar     ortho             e_ion              e_ss             e_tot
*X        11     1.4812e+00   0.57289   1.42176   0.49843    -1.2334273e+00     0.0000000e+00    -1.2334273e+00
*
*         simp_runs  =       839               simp moves
*              rtol  =  9.85e-09               final rtol
*
* Simplex restart no. 8 of 10
*
*         - Initializing simplex arrays -
*
*
*      nfunk           rtol        pf        ar     ortho             e_ion              e_ss             e_tot
*X        11     1.4812e+00   0.57289   1.42176   0.49843    -1.2334273e+00     0.0000000e+00    -1.2334273e+00
*
*         simp_runs  =       848               simp moves
*              rtol  =  9.48e-09               final rtol
*
* Simplex restart no. 9 of 10
*
*         - Initializing simplex arrays -
*
*
*      nfunk           rtol        pf        ar     ortho             e_ion              e_ss             e_tot
*X        11     1.4812e+00   0.57289   1.42176   0.49843    -1.2334273e+00     0.0000000e+00    -1.2334273e+00
*
*         simp_runs  =       873               simp moves
*              rtol  =  9.57e-09               final rtol
*
* Simplex restart no. 10 of 10
*
*         - Initializing simplex arrays -
*
*
*      nfunk           rtol        pf        ar     ortho             e_ion              e_ss             e_tot
*X        11     1.4812e+00   0.57289   1.42176   0.49843    -1.2334273e+00     0.0000000e+00    -1.2334273e+00
*
*         simp_runs  =       873               simp moves
*              rtol  =  9.57e-09               final rtol
*
****************************************************************
*
*          - Parameters at Post Simplex -
*
* Lattice parameters:
*
*             lat a  =    4.0485
*             lat b  =    3.9809
*             lat c  =    5.6600
*             alpha  =   45.3051
*             beta   =   44.5293
*             gamma  =   60.5111
*          cell vol  =   45.4663
*          cv/ortho  =    0.4984
*
* Energies:
*               ecc  = -1.2334e+00
*               eng  =  0.0000e+00
*
*
* Geometry:
*
*      packing frac  =    0.5729
*      aspect ratio  =    1.4218
*
* (dE/dV):
*                Px  =  9.3412e-03                    x-dir
*                Py  =  8.8668e-03                    y-dir
*                Pz  =  1.0000e+04                    z-dir
*
* Distances (PBC only):
*                                 min           hard           diff
*           ca1_ca1  =   1.000000e+06   2.320000e+00   9.999977e+05
*           ca1_ca2  =   1.000000e+06   1.160000e+00   9.999988e+05
*           ca1_ac1  =   2.830000e+00   2.830000e+00   9.206458e-10
*           ca1_av1  =   1.000000e+06  -1.000000e+00   1.000001e+06
*           ca1_ac2  =   1.000000e+06  -1.000000e+00   1.000001e+06
*           ca1_av2  =   1.000000e+06  -1.000000e+00   1.000001e+06
*           ca2_ca2  =   1.000000e+06   0.000000e+00   1.000000e+06
*           ca2_ac1  =   1.000000e+06   1.670000e+00   9.999983e+05
*           ca2_av1  =   1.000000e+06  -1.000000e+00   1.000001e+06
*           ca2_ac2  =   1.000000e+06  -1.000000e+00   1.000001e+06
*           ca2_av2  =   1.000000e+06  -1.000000e+00   1.000001e+06
*           ac1_ac1  =   1.000000e+06   3.340000e+00   9.999967e+05
*           ac1_av1  =   1.000000e+06  -1.000000e+00   1.000001e+06
*           ac1_ac2  =   1.000000e+06  -1.000000e+00   1.000001e+06
*           ac1_av2  =   1.000000e+06  -1.000000e+00   1.000001e+06
*           av1_av1  =   1.000000e+06  -1.000000e+00   1.000001e+06
*           av1_av2  =   1.000000e+06  -1.000000e+00   1.000001e+06
*           av2_av2  =   1.000000e+06  -1.000000e+00   1.000001e+06
*
*
***********************************************************
*        - Process and timing information -
*
* user time:   0 h 00 m 24.106283 s
* syst time:   0 h 00 m 00.003999 s
* signals: 0
* voluntary context switches: 7
* involuntary context switches: 18
*
***********************************************************
*SS symsearch output
*SS ( use:  | awk '($1=="*S"){print $0}' | sed 's/*S //' > temp.out )
*S Title
*S 1                 search type
*S 5.0 0.00001       displacement rms max min
*S 0.1 0.00001       strain rms max min
*S 1                 lattice input type
*S      4.04845     0.00000     0.00000
*S      1.95964     3.46522     0.00000
*S      4.03494     2.29147     3.24093
*S 1 0 0
*S 0 1 0
*S 0 0 1
*S 2                 number of atoms
*S 11 0
*S      0.56934     0.24011     0.96116
*S      0.56595     0.24002     0.46294
*FF findsym output
*FF ( use:  | awk '($1=="*F"){print $0}' | sed 's/*F //' > temp.out )
*F Title
*F 0.001       displacement rms max min
*F 1                 lattice input type
*F      4.04845     0.00000     0.00000
*F      1.95964     3.46522     0.00000
*F      4.03494     2.29147     3.24093
*F 1               basis vector in type
*F 1 0 0
*F 0 1 0
*F 0 0 1
*F 2                 number of atoms
*F 11 0
*F      0.56934     0.24011     0.96116
*F      0.56595     0.24002     0.46294
*DD powder output
*DD (use: | awk '($1=="*D"){print $0}' | sed 's/*D //' > temp.out )
*D 2
*D      4.04845     3.98095     5.65997
*D     45.30510    44.52933    60.51110
*D      0.56934     0.24011     0.96116        11
*D      0.56595     0.24002     0.46294         0
*PP poscar output
*PP (use: | awk '($1=="*P"){print $0}' | sed 's/*P //' > temp.out )
*P Z: 11 17 
*P 1.0 
*P      4.04845468     0.00000000     0.00000000
*P      1.95964166     3.46522080     0.00000000
*P      4.03494352     2.29146988     3.24093107
*P 1 1 0 
*P Direct
*P       0.569341971487      0.240106847939      0.961162775652
*P       0.565947051536      0.240015628724      0.462939096378
*QQ poscar output
*QQ (use: | awk '($1=="*Q"){print $0}' | sed 's/*Q //' > temp.out )
*Q +1.000000000000 -1.000000000000 
*Q 1.0 
*Q      4.04845468     0.00000000     0.00000000
*Q      1.95964166     3.46522080     0.00000000
*Q      4.03494352     2.29146988     3.24093107
*Q 1 1 0 
*Q Direct
*Q       0.569341971487      0.240106847939      0.961162775652
*Q       0.565947051536      0.240015628724      0.462939096378
*RR restart output
*RR (use: | awk '($1=="*R"){print $0}' | sed 's/*R //' > temp.out )
*R     4.048454684110    3.980948460983    5.659967986729
*R     0.790723164473    0.777183389506    1.056117891400
*R      1
*R      1     1
*R   -1.000000000000000   0.000000000000000
*R     0.000000000000    1.670000000000    0.000000000000    17     0
*R      1
*R      1   1.000000000000000
*R     1.160000000000    11
*R     0.569341971487    0.240106847939    0.961162775652
*R     0.565947051536    0.240015628724    0.462939096378
* XBS output
* CATION:
atom C     6.653716065    3.034498791    3.115062305
spec C     1.160000000    1.000000000    0.000000000    0.000000000
* ANION:
atom A     4.629488723    1.892518144    1.500353702
spec A     1.670000000    0.000000000    0.000000000    1.000000000
spec V     0.000000000    0.000000000    1.000000000    0.000000000
bonds A V  0.000000000    0.000000000    0.010000000    Black
* CELL PARAMETERS AND BORDER
atom 0    0.00000   0.00000   0.00000
atom 1    4.04845   0.00000   0.00000
atom 2    6.00810   3.46522   0.00000
atom 3    1.95964   3.46522   0.00000
atom 4    4.03494   2.29147   3.24093
atom 5    8.08340   2.29147   3.24093
atom 6   10.04304   5.75669   3.24093
atom 7    5.99459   5.75669   3.24093
spec 0     0.050000000    0.000000000    0.000000000    0.000000000
spec 1     0.050000000    0.000000000    0.000000000    0.000000000
spec 2     0.050000000    0.000000000    0.000000000    0.000000000
spec 3     0.050000000    0.000000000    0.000000000    0.000000000
spec 4     0.050000000    0.000000000    0.000000000    0.000000000
spec 5     0.050000000    0.000000000    0.000000000    0.000000000
spec 6     0.050000000    0.000000000    0.000000000    0.000000000
spec 7     0.050000000    0.000000000    0.000000000    0.000000000
bonds 0 1  4.044406229    4.052503139    0.010000000    Black
bonds 3 2  4.044406229    4.052503139    0.010000000    Black
bonds 4 5  4.044406229    4.052503139    0.010000000    Black
bonds 6 7  4.044406229    4.052503139    0.010000000    Black
bonds 1 2  3.976967513    3.984929409    0.010000000    Black
bonds 0 3  3.976967513    3.984929409    0.010000000    Black
bonds 5 6  3.976967513    3.984929409    0.010000000    Black
bonds 4 7  3.976967513    3.984929409    0.010000000    Black
bonds 0 4  5.654308019    5.665627955    0.010000000    Black
bonds 1 5  5.654308019    5.665627955    0.010000000    Black
bonds 2 6  5.654308019    5.665627955    0.010000000    Black
bonds 3 7  5.654308019    5.665627955    0.010000000    Black
inc 5.000000
dup    4.04845   0.00000   0.00000
dup    1.95964   3.46522   0.00000
dup    4.03494   2.29147   3.24093
