*************************************************
*	pack	(version 4.12.0.5)
*	Eric Majzoub
*	Sandia National Laboratories
*************************************************
*  Source file: main.c
*  Compile date: Dec 27 2012
*  Compile time: 17:19:04
*  commandline = /projects/e20438/bin/pack-4.12.0.5/pack_exe -f ../../NaCl_pegs.in -P -R -r 300 -t 15 -g 23502 
*  input file = ../../NaCl_pegs.in
**********************************************************************
**********************************************************************
**********************************************************************
* 
*       - General run comments -
* 
* WARN: no Rotations in Metropolis (-R flag).
* WARN: all anionic charge on center atom (-P flag).
*
**********************************************************************
*           - Input parameters -
*
*           restart  =         0         1 = restart calc
*        autoadjust  =         1   automatically set temp
*          aa_using  =         1        1=rej pct, 2=pCnt
*         basin hop  =         0           number of hops
*     non_per_ewald  =         0          1=nanopart calc
*
*             lat a  =   10.0000
*             lat b  =   10.0000
*             lat c  =   10.0000
*             alpha  =    1.5708
*             beta   =    1.5708
*             gamma  =    1.5708
*          cell vol  = 1000.0000
*      sqsh vol pct  =    0.2000
* 
*          cell_min  =    1.6700              min lat vec
*          cell_max  =  167.0000              max lat vec
* 
*         n_type_an  =         1          num type anions
*            num_an  =         1           tot num anions
* 
*          num_an_1  =         1        num anions type 1
*        num_vert_1  =         1     1=sph 2=dim 5=tet...
*       an_chrg_c_1  =   -1.0000      anion center charge
*       an_chrg_v_1  =    0.0000      anion vertex charge
*     tot_an_chrg_1  =   -1.0000       total anion charge
*           Rcent_1  =    1.6700         anion center rad
*           Rvert_1  =    0.0000         anion vertex rad
*             cvd_1  =    0.0000        cent to vert dist
*           Zcent_1  =        17           anion center Z
*           Zvert_1  =         0           anion vertex Z
* 
*          num_an_2  =         0        num anions type 2
*        num_vert_2  =         0     1=sph 2=dim 5=tet...
*       an_chrg_c_2  =    0.0000      anion center charge
*       an_chrg_v_2  =    0.0000      anion vertex charge
*     tot_an_chrg_2  =    0.0000       total anion charge
*           Rcent_2  =    0.0000         anion center rad
*           Rvert_2  =    0.0000         anion vertex rad
*             cvd_2  =    0.0000        cent to vert dist
*           Zcent_2  =         0           anion center Z
*           Zvert_2  =         0           anion vertex Z
* 
*         n_type_ca  =         1            num type cats
*            num_ca  =         1          tot num cations
* 
*          num_ca_1  =         1        num cations typ 1
*         ca_chrg_1  =    1.0000        cation chrg typ 1
*            Rcat_1  =    1.1600         cation rad typ 1
*            Zcat_1  =        11           cation Z typ 1
* 
*            C2VTOL  =  1.00e-08            c2v tolerance
*            ERRLIM  =  1.00e-06
*       REP_EPSILON  =  1.00e+00        soft sphere repul
*    TRANS_FRAC_MAX  =    0.5000                    fixed
*    TRANS_FRAC_MIN  =    0.0200
*      MAX_ANG_CHNG  =    9.9695                  degrees
*    VOLUM_FRAC_MAX  =    0.0700
*         EXT_PRESS  =  0.00e+00        external pressure
*      SQSH_VOL_PCT  =    0.2000             min orth val
*        ASPECT_MAX  =   20.0000                cell parm
*            dplane  =    1.6700            min plane sep
*      SCALE_FACTOR  =    1.2500         bhop max scaling
* 
*            d.o.f.  =        12       degrees of freedom
*          runs/dof  =       300         loops per d.o.f.
*              runs  =      3600              loops per T
*               ncc  =     14400     config changes per T
*            t_runs  =        15           num temp steps
*             efunc  =         0               0=SS  1=LJ
*       N_HALT_CHNG  =        15      halts after N 100%s
*
*      anneal_sched  =         3   0=lin or exp(-run_n^n)
*         temp_init  =  1.00e+00             initial temp
*         temp_finl  =  1.00e-03               final temp
* 
*          trn_chng  =         1              0=off  1=on
*          rot_chng  =         0              0=off  1=on
*          lat_chng  =         1              0=off  1=on
*          swp_chng  =         1              0=off  1=on
* 
*     SIMP_RESTARTS  =        11     no. simplex restarts
*  SIMP_RESTARTS BH  =        21  basin hop simp restarts
*         SIMP_NMAX  =      4500        max simplex iters
*          SIMP_DEG  =    1.0000          anion start deg
*         SIMP_LAMB  =    0.0100        vertex start frac
*       SIMP_ERRLIM  =  1.00e-08              error limit
* 
*           aa runs  =      1200           config changes
*      aa runs_step  =        10   config change increase
*       aa runs_max  =      1500  max auto config changes
*         aa t_runs  =         3            num temp runs
*      aa temp_step  =    0.5000                temp step
* 
*        aa chng hi  =         3  1=trn 2=rot 3=lat 4=swp
*        aa chng lo  =         3  1=trn 2=rot 3=lat 4=swp
* 
*      aa ht_pct_hi  =     0.650             high rej pct
*      aa ht_pct_lo  =     0.600             low  rej pct
* 
*      aa lt_pct_hi  =     0.999             high rej pct
*      aa lt_pct_lo  =     0.950             low  rej pct
* 
*            tmpfile =                   PR20611-best.tmp
* 
* Checking for out of bounds fractional coords.
*
**********************************************************************
*
*          - Parameters at START -
*
* Lattice parameters:
*
*             lat a  =   10.0000
*             lat b  =   10.0000
*             lat c  =   10.0000
*             alpha  =   90.0000
*             beta   =   90.0000
*             gamma  =   90.0000
*          cell vol  = 1000.0000
*          cv/ortho  =    1.0000
*
* Energies:
*               ecc  = -5.0836e-01
*               eng  =  0.0000e+00
*
*
* Geometry:
*
*      packing frac  =    0.0260
*      aspect ratio  =    1.0000
*
* (dE/dV):
*                Px  =  1.1494e-04                    x-dir
*                Py  =  7.8256e-06                    y-dir
*                Pz  =  3.8559e-04                    z-dir
*
* Distances (PBC only):
*                                 min           hard           diff
*           ca1_ca1  =   1.000000e+06   2.320000e+00   9.999977e+05
*           ca1_ca2  =   1.000000e+06   1.160000e+00   9.999988e+05
*           ca1_ac1  =   4.847671e+00   2.830000e+00   2.017671e+00
*           ca1_av1  =   1.000000e+06  -1.000000e+00   1.000001e+06
*           ca1_ac2  =   1.000000e+06  -1.000000e+00   1.000001e+06
*           ca1_av2  =   1.000000e+06  -1.000000e+00   1.000001e+06
*           ca2_ca2  =   1.000000e+06   0.000000e+00   1.000000e+06
*           ca2_ac1  =   1.000000e+06   1.670000e+00   9.999983e+05
*           ca2_av1  =   1.000000e+06  -1.000000e+00   1.000001e+06
*           ca2_ac2  =   1.000000e+06  -1.000000e+00   1.000001e+06
*           ca2_av2  =   1.000000e+06  -1.000000e+00   1.000001e+06
*           ac1_ac1  =   1.000000e+06   3.340000e+00   9.999967e+05
*           ac1_av1  =   1.000000e+06  -1.000000e+00   1.000001e+06
*           ac1_ac2  =   1.000000e+06  -1.000000e+00   1.000001e+06
*           ac1_av2  =   1.000000e+06  -1.000000e+00   1.000001e+06
*           av1_av1  =   1.000000e+06  -1.000000e+00   1.000001e+06
*           av1_av2  =   1.000000e+06  -1.000000e+00   1.000001e+06
*           av2_av2  =   1.000000e+06  -1.000000e+00   1.000001e+06
*
*
*
**********************************************************************
*
* ------------------------------------------------------------
*              Autoadjust high temperatrure:
* ------------------------------------------------------------
*              Autoadjusting on 3 (1=trn,2=rot,3=lat,4=swp)
*
**********************************************************************
*
*                 -- Autoadjust Metropolis Run --
*
*   autoadjust_temp_init  =  1.0000e+00
*   autoadjust_temp_step  =  5.0000e-01
*        autoadjust_runs  =        1200         configs per temp
*       autoadjust_count  =           1
*
**********************************************************************
*
* Metropolis: 3 temperature runs with these parameters:
*
*              runs  =      1200              loops per T
*               T_0  = 1.000e+00             initial temp
*               T_L  = 1.000e+00               final temp
*           T_alpha  = 8.000e+09          annealing alpha
*
*            T = T_0 * exp( -run_num**3 / T_alpha )
*
**********************************************************************
*H run      Temp       E_ion        E_ss   cel vol       SigPF       ar     ortho        pCnt          % Rejected Changes
*H                                                                                                 trn      rot      lat      swp
*T   1  1.00e+00  -2.722e-01  +0.000e+00    209.32   7.076e-02    3.007     0.827   1.197e-01    32.42     0.00     2.83     0.00
*T   2  1.00e+00  -6.873e-01  +0.000e+00    108.62   5.925e-02    1.326     0.491   1.545e-01    39.17     0.00     4.67     0.00
*T   3  1.00e+00  -8.804e-01  +0.000e+00    148.19   5.472e-02    2.195     0.372   8.933e-02    40.42     0.00     3.25     0.00
*
**********************************************************************
*
*                 -- AUTOADJUST [1] OUT --
*
*     target: lo % = 60.000000      hi % = 65.000000
*     Autoadjust % =  3.250000
*     Autoadjust: Lowering the temperature 5.000e-01 [a.u.]
*
**********************************************************************
*
*                 -- Autoadjust Metropolis Run --
*
*   autoadjust_temp_init  =  5.0000e-01
*   autoadjust_temp_step  =  5.0000e-01
*        autoadjust_runs  =        1210         configs per temp
*       autoadjust_count  =           2
*
**********************************************************************
*
* Metropolis: 3 temperature runs with these parameters:
*
*              runs  =      1210              loops per T
*               T_0  = 5.000e-01             initial temp
*               T_L  = 4.995e-01               final temp
*           T_alpha  = 7.996e+03          annealing alpha
*
*            T = T_0 * exp( -run_num**3 / T_alpha )
*
**********************************************************************
*H run      Temp       E_ion        E_ss   cel vol       SigPF       ar     ortho        pCnt          % Rejected Changes
*H                                                                                                 trn      rot      lat      swp
*T   1  5.00e-01  -6.895e-01  +0.000e+00    461.12   6.433e-02    2.443     0.223   1.482e-01    46.28     0.00     5.12     0.00
*T   2  5.00e-01  -6.226e-01  +0.000e+00    245.43   3.289e-02    1.921     0.209   6.097e-02    27.44     0.00     7.93     0.00
*T   3  4.99e-01  -6.364e-01  +0.000e+00    413.76   3.171e-02    1.686     0.326   6.281e-02    31.32     0.00     2.64     0.00
*
**********************************************************************
*
*                 -- AUTOADJUST [2] OUT --
*
*     target: lo % = 60.000000      hi % = 65.000000
*     Autoadjust % =  2.644628
*     Autoadjust: special case: (T-Tstep) = 0.000e+00 [a.u.]
*     Autoadjust: special case: ===> drop temp step to: 2.250e-01 [a.u.]
*     Autoadjust: Lowering the temperature 2.250e-01 [a.u.]
*
**********************************************************************
*
*                 -- Autoadjust Metropolis Run --
*
*   autoadjust_temp_init  =  2.7500e-01
*   autoadjust_temp_step  =  2.2500e-01
*        autoadjust_runs  =        1220         configs per temp
*       autoadjust_count  =           3
*
**********************************************************************
*
* Metropolis: 3 temperature runs with these parameters:
*
*              runs  =      1220              loops per T
*               T_0  = 2.750e-01             initial temp
*               T_L  = 2.747e-01               final temp
*           T_alpha  = 7.996e+03          annealing alpha
*
*            T = T_0 * exp( -run_num**3 / T_alpha )
*
**********************************************************************
*H run      Temp       E_ion        E_ss   cel vol       SigPF       ar     ortho        pCnt          % Rejected Changes
*H                                                                                                 trn      rot      lat      swp
*T   1  2.75e-01  -7.888e-01  +0.000e+00    337.55   3.015e-02    1.481     0.424   2.561e-01    39.84     0.00     4.34     0.00
*T   2  2.75e-01  -4.929e-01  +0.000e+00    566.55   7.732e-02    1.222     0.348   2.316e-01    61.89     0.00     9.34     0.00
*T   3  2.75e-01  -7.100e-01  +0.000e+00    258.27   5.788e-02    1.616     0.562   3.633e-01    40.66     0.00     8.69     0.00
*
**********************************************************************
*
*                 -- AUTOADJUST [3] OUT --
*
*     target: lo % = 60.000000      hi % = 65.000000
*     Autoadjust % =  8.688525
*     Autoadjust: Lowering the temperature 2.250e-01 [a.u.]
*
**********************************************************************
*
*                 -- Autoadjust Metropolis Run --
*
*   autoadjust_temp_init  =  5.0000e-02
*   autoadjust_temp_step  =  2.2500e-01
*        autoadjust_runs  =        1230         configs per temp
*       autoadjust_count  =           4
*
**********************************************************************
*
* Metropolis: 3 temperature runs with these parameters:
*
*              runs  =      1230              loops per T
*               T_0  = 5.000e-02             initial temp
*               T_L  = 4.995e-02               final temp
*           T_alpha  = 7.996e+03          annealing alpha
*
*            T = T_0 * exp( -run_num**3 / T_alpha )
*
**********************************************************************
*H run      Temp       E_ion        E_ss   cel vol       SigPF       ar     ortho        pCnt          % Rejected Changes
*H                                                                                                 trn      rot      lat      swp
*T   1  5.00e-02  -9.735e-01  +0.000e+00    110.24   1.343e-01    1.358     0.394   2.814e+00    86.34     0.00    25.69     0.00
*T   2  5.00e-02  -8.499e-01  +0.000e+00    223.51   9.722e-02    1.573     0.332   2.351e+00    84.23     0.00    25.53     0.00
*T   3  5.00e-02  -9.012e-01  +0.000e+00    205.95   6.326e-02    1.633     0.255   2.393e+00    90.08     0.00    29.67     0.00
*
**********************************************************************
*
*                 -- AUTOADJUST [4] OUT --
*
*     target: lo % = 60.000000      hi % = 65.000000
*     Autoadjust % = 29.674797
*     Autoadjust: special case: (T-Tstep) = -1.750e-01 [a.u.]
*     Autoadjust: special case: ===> drop temp step to: 1.013e-01 [a.u.]
*     Autoadjust: special case: (T-Tstep) = -5.125e-02 [a.u.]
*     Autoadjust: special case: ===> drop temp step to: 4.556e-02 [a.u.]
*     Autoadjust: Lowering the temperature 4.556e-02 [a.u.]
*
**********************************************************************
*
*                 -- Autoadjust Metropolis Run --
*
*   autoadjust_temp_init  =  4.4375e-03
*   autoadjust_temp_step  =  4.5563e-02
*        autoadjust_runs  =        1240         configs per temp
*       autoadjust_count  =           5
*
**********************************************************************
*
* Metropolis: 3 temperature runs with these parameters:
*
*              runs  =      1240              loops per T
*               T_0  = 4.438e-03             initial temp
*               T_L  = 4.433e-03               final temp
*           T_alpha  = 7.996e+03          annealing alpha
*
*            T = T_0 * exp( -run_num**3 / T_alpha )
*
**********************************************************************
*H run      Temp       E_ion        E_ss   cel vol       SigPF       ar     ortho        pCnt          % Rejected Changes
*H                                                                                                 trn      rot      lat      swp
*T   1  4.44e-03  -1.050e+00  +0.000e+00    124.81   1.152e-01    1.417     0.238   4.029e+01    99.84     0.00    80.24     0.00
*T   2  4.44e-03  -1.041e+00  +0.000e+00    185.43   1.021e-01    1.079     0.221   2.405e+00   100.00     0.00    80.48     0.00
*T   3  4.43e-03  -1.066e+00  +0.000e+00    172.85   9.612e-02    1.072     0.225   4.059e+00    99.92     0.00    80.65     0.00
*
**********************************************************************
*
*                 -- AUTOADJUST [5] OUT --
*
*     target: lo % = 60.000000      hi % = 65.000000
*     Autoadjust % = 80.645161
*     Autoadjust: overshot! drop temp step to: 2.050e-02 [a.u.]
*     Autoadjust: Raising the temperature 2.050e-02 [a.u.]
*
**********************************************************************
*
*                 -- Autoadjust Metropolis Run --
*
*   autoadjust_temp_init  =  2.4941e-02
*   autoadjust_temp_step  =  2.0503e-02
*        autoadjust_runs  =        1250         configs per temp
*       autoadjust_count  =           6
*
**********************************************************************
*
* Metropolis: 3 temperature runs with these parameters:
*
*              runs  =      1250              loops per T
*               T_0  = 2.494e-02             initial temp
*               T_L  = 2.492e-02               final temp
*           T_alpha  = 7.996e+03          annealing alpha
*
*            T = T_0 * exp( -run_num**3 / T_alpha )
*
**********************************************************************
*H run      Temp       E_ion        E_ss   cel vol       SigPF       ar     ortho        pCnt          % Rejected Changes
*H                                                                                                 trn      rot      lat      swp
*T   1  2.49e-02  -1.000e+00  +0.000e+00     90.35   1.287e-01    2.280     0.452   6.186e+00    96.16     0.00    47.04     0.00
*T   2  2.49e-02  -1.106e+00  +0.000e+00     50.92   2.372e-01    1.426     0.697   3.057e+00    98.16     0.00    53.04     0.00
*T   3  2.49e-02  -9.769e-01  +0.000e+00     63.64   2.343e-01    1.764     0.773   4.448e+00    98.64     0.00    51.76     0.00
*
**********************************************************************
*
*                 -- AUTOADJUST [6] OUT --
*
*     target: lo % = 60.000000      hi % = 65.000000
*     Autoadjust % = 51.760000
*     Autoadjust: overshot! drop temp step to: 9.226e-03 [a.u.]
*     Autoadjust: Lowering the temperature 9.226e-03 [a.u.]
*
**********************************************************************
*
*                 -- Autoadjust Metropolis Run --
*
*   autoadjust_temp_init  =  1.5714e-02
*   autoadjust_temp_step  =  9.2264e-03
*        autoadjust_runs  =        1260         configs per temp
*       autoadjust_count  =           7
*
**********************************************************************
*
* Metropolis: 3 temperature runs with these parameters:
*
*              runs  =      1260              loops per T
*               T_0  = 1.571e-02             initial temp
*               T_L  = 1.570e-02               final temp
*           T_alpha  = 7.996e+03          annealing alpha
*
*            T = T_0 * exp( -run_num**3 / T_alpha )
*
**********************************************************************
*H run      Temp       E_ion        E_ss   cel vol       SigPF       ar     ortho        pCnt          % Rejected Changes
*H                                                                                                 trn      rot      lat      swp
*T   1  1.57e-02  -1.158e+00  +0.000e+00     55.62   2.667e-01    1.342     0.680   5.666e+00    99.84     0.00    61.27     0.00
*T   2  1.57e-02  -1.109e+00  +0.000e+00     57.46   2.415e-01    1.489     0.478   4.532e+00    99.68     0.00    64.76     0.00
*T   3  1.57e-02  -1.062e+00  +0.000e+00     68.60   2.494e-01    1.610     0.497   3.153e+00    99.13     0.00    67.94     0.00
*
**********************************************************************
*
*                 -- AUTOADJUST [7] OUT --
*
*     target: lo % = 60.000000      hi % = 65.000000
*     Autoadjust % = 67.936508
*     Autoadjust: overshot! drop temp step to: 4.152e-03 [a.u.]
*     Autoadjust: Raising the temperature 4.152e-03 [a.u.]
*
**********************************************************************
*
*                 -- Autoadjust Metropolis Run --
*
*   autoadjust_temp_init  =  1.9866e-02
*   autoadjust_temp_step  =  4.1519e-03
*        autoadjust_runs  =        1270         configs per temp
*       autoadjust_count  =           8
*
**********************************************************************
*
* Metropolis: 3 temperature runs with these parameters:
*
*              runs  =      1270              loops per T
*               T_0  = 1.987e-02             initial temp
*               T_L  = 1.985e-02               final temp
*           T_alpha  = 7.996e+03          annealing alpha
*
*            T = T_0 * exp( -run_num**3 / T_alpha )
*
**********************************************************************
*H run      Temp       E_ion        E_ss   cel vol       SigPF       ar     ortho        pCnt          % Rejected Changes
*H                                                                                                 trn      rot      lat      swp
*T   1  1.99e-02  -1.049e+00  +0.000e+00     99.15   2.026e-01    1.125     0.405   7.179e+00    97.32     0.00    60.87     0.00
*T   2  1.99e-02  -1.006e+00  +0.000e+00     76.82   1.950e-01    1.660     0.682   2.655e+00    98.35     0.00    57.95     0.00
*T   3  1.98e-02  -1.085e+00  +0.000e+00     66.24   1.869e-01    2.177     0.467   5.821e+00    98.19     0.00    58.98     0.00
*
**********************************************************************
*
*                 -- AUTOADJUST [8] OUT --
*
*     target: lo % = 60.000000      hi % = 65.000000
*     Autoadjust % = 58.976378
*     Autoadjust: overshot! drop temp step to: 1.868e-03 [a.u.]
*     Autoadjust: Lowering the temperature 1.868e-03 [a.u.]
*
**********************************************************************
*
*                 -- Autoadjust Metropolis Run --
*
*   autoadjust_temp_init  =  1.7998e-02
*   autoadjust_temp_step  =  1.8683e-03
*        autoadjust_runs  =        1280         configs per temp
*       autoadjust_count  =           9
*
**********************************************************************
*
* Metropolis: 3 temperature runs with these parameters:
*
*              runs  =      1280              loops per T
*               T_0  = 1.800e-02             initial temp
*               T_L  = 1.798e-02               final temp
*           T_alpha  = 7.996e+03          annealing alpha
*
*            T = T_0 * exp( -run_num**3 / T_alpha )
*
**********************************************************************
*H run      Temp       E_ion        E_ss   cel vol       SigPF       ar     ortho        pCnt          % Rejected Changes
*H                                                                                                 trn      rot      lat      swp
*T   1  1.80e-02  -1.040e+00  +0.000e+00     75.22   2.112e-01    1.621     0.594   4.553e+00    97.89     0.00    63.20     0.00
*T   2  1.80e-02  -1.059e+00  +0.000e+00     81.11   1.961e-01    1.985     0.526   4.561e+00    99.06     0.00    62.11     0.00
*T   3  1.80e-02  -1.068e+00  +0.000e+00     74.59   1.944e-01    1.918     0.380   6.248e+00    97.66     0.00    59.92     0.00
*
**********************************************************************
*
*                 -- AUTOADJUST [9] OUT --
*
*     target: lo % = 60.000000      hi % = 65.000000
*     Autoadjust % = 59.921875
*     Autoadjust: Lowering the temperature 1.868e-03 [a.u.]
*
**********************************************************************
*
*                 -- Autoadjust Metropolis Run --
*
*   autoadjust_temp_init  =  1.6129e-02
*   autoadjust_temp_step  =  1.8683e-03
*        autoadjust_runs  =        1290         configs per temp
*       autoadjust_count  =          10
*
**********************************************************************
*
* Metropolis: 3 temperature runs with these parameters:
*
*              runs  =      1290              loops per T
*               T_0  = 1.613e-02             initial temp
*               T_L  = 1.611e-02               final temp
*           T_alpha  = 7.996e+03          annealing alpha
*
*            T = T_0 * exp( -run_num**3 / T_alpha )
*
**********************************************************************
*H run      Temp       E_ion        E_ss   cel vol       SigPF       ar     ortho        pCnt          % Rejected Changes
*H                                                                                                 trn      rot      lat      swp
*T   1  1.61e-02  -9.845e-01  +0.000e+00     68.13   2.155e-01    1.872     0.663   9.750e+00    98.29     0.00    62.64     0.00
*T   2  1.61e-02  -9.896e-01  +0.000e+00     94.74   2.275e-01    1.012     0.757   7.314e+00    99.07     0.00    59.69     0.00
*T   3  1.61e-02  -1.161e+00  +0.000e+00     50.01   2.440e-01    1.055     0.655   5.454e+00    99.69     0.00    64.57     0.00
*
**********************************************************************
*
*                 -- AUTOADJUST [10] OUT --
*
*     target: lo % = 60.000000      hi % = 65.000000
*     Autoadjust % = 64.573643
*     Autoadjust: temp = 1.613e-02  is good!  Exiting autoadjust.
*
**********************************************************************
*
* ------------------------------------------------------------
*              Autoadjust low temperatrure:
* ------------------------------------------------------------
*              Autoadjusting on 3 (1=trn,2=rot,3=lat,4=swp)
*
**********************************************************************
*
*                 -- Autoadjust Metropolis Run --
*
*   autoadjust_temp_init  =  2.0000e-02
*   autoadjust_temp_step  =  5.0000e-01
*        autoadjust_runs  =        1200         configs per temp
*       autoadjust_count  =           1
*
**********************************************************************
*
* Metropolis: 3 temperature runs with these parameters:
*
*              runs  =      1200              loops per T
*               T_0  = 2.000e-02             initial temp
*               T_L  = 2.000e-02               final temp
*           T_alpha  = 1.600e+08          annealing alpha
*
*            T = T_0 * exp( -run_num**3 / T_alpha )
*
**********************************************************************
*H run      Temp       E_ion        E_ss   cel vol       SigPF       ar     ortho        pCnt          % Rejected Changes
*H                                                                                                 trn      rot      lat      swp
*T   1  2.00e-02  -1.109e+00  +0.000e+00     56.70   2.500e-01    1.359     0.710   2.496e+00    99.83     0.00    58.58     0.00
*T   2  2.00e-02  -1.118e+00  +0.000e+00     49.80   2.584e-01    1.470     0.591   4.215e+00    99.25     0.00    58.08     0.00
*T   3  2.00e-02  -1.059e+00  +0.000e+00     76.45   1.790e-01    1.381     0.652   4.520e+00    96.50     0.00    50.58     0.00
*
**********************************************************************
*
*                 -- AUTOADJUST [1] OUT --
*
*     target: lo % = 95.000000      hi % = 99.900000
*     Autoadjust % = 50.583333
*     Autoadjust: special case: (T-Tstep) = -4.800e-01 [a.u.]
*     Autoadjust: special case: ===> drop temp step to: 2.250e-01 [a.u.]
*     Autoadjust: special case: (T-Tstep) = -2.050e-01 [a.u.]
*     Autoadjust: special case: ===> drop temp step to: 1.013e-01 [a.u.]
*     Autoadjust: special case: (T-Tstep) = -8.125e-02 [a.u.]
*     Autoadjust: special case: ===> drop temp step to: 4.556e-02 [a.u.]
*     Autoadjust: special case: (T-Tstep) = -2.556e-02 [a.u.]
*     Autoadjust: special case: ===> drop temp step to: 2.050e-02 [a.u.]
*     Autoadjust: special case: (T-Tstep) = -5.031e-04 [a.u.]
*     Autoadjust: special case: ===> drop temp step to: 9.226e-03 [a.u.]
*     Autoadjust: Lowering the temperature 9.226e-03 [a.u.]
*
**********************************************************************
*
*                 -- Autoadjust Metropolis Run --
*
*   autoadjust_temp_init  =  1.0774e-02
*   autoadjust_temp_step  =  9.2264e-03
*        autoadjust_runs  =        1210         configs per temp
*       autoadjust_count  =           2
*
**********************************************************************
*
* Metropolis: 3 temperature runs with these parameters:
*
*              runs  =      1210              loops per T
*               T_0  = 1.077e-02             initial temp
*               T_L  = 1.076e-02               final temp
*           T_alpha  = 7.996e+03          annealing alpha
*
*            T = T_0 * exp( -run_num**3 / T_alpha )
*
**********************************************************************
*H run      Temp       E_ion        E_ss   cel vol       SigPF       ar     ortho        pCnt          % Rejected Changes
*H                                                                                                 trn      rot      lat      swp
*T   1  1.08e-02  -1.155e+00  +0.000e+00     56.88   2.453e-01    1.458     0.488   1.000e+01    99.83     0.00    73.55     0.00
*T   2  1.08e-02  -1.130e+00  +0.000e+00     57.46   2.787e-01    1.588     0.627   2.826e+00    99.92     0.00    75.79     0.00
*T   3  1.08e-02  -1.126e+00  +0.000e+00     61.63   2.766e-01    1.471     0.655   4.786e+00    99.75     0.00    80.41     0.00
*
**********************************************************************
*
*                 -- AUTOADJUST [2] OUT --
*
*     target: lo % = 95.000000      hi % = 99.900000
*     Autoadjust % = 80.413223
*     Autoadjust: Lowering the temperature 9.226e-03 [a.u.]
*
**********************************************************************
*
*                 -- Autoadjust Metropolis Run --
*
*   autoadjust_temp_init  =  1.5472e-03
*   autoadjust_temp_step  =  9.2264e-03
*        autoadjust_runs  =        1220         configs per temp
*       autoadjust_count  =           3
*
**********************************************************************
*
* Metropolis: 3 temperature runs with these parameters:
*
*              runs  =      1220              loops per T
*               T_0  = 1.547e-03             initial temp
*               T_L  = 1.546e-03               final temp
*           T_alpha  = 7.996e+03          annealing alpha
*
*            T = T_0 * exp( -run_num**3 / T_alpha )
*
**********************************************************************
*H run      Temp       E_ion        E_ss   cel vol       SigPF       ar     ortho        pCnt          % Rejected Changes
*H                                                                                                 trn      rot      lat      swp
*T   1  1.55e-03  -1.159e+00  +0.000e+00     55.72   3.042e-01    1.499     0.639   1.839e+01   100.00     0.00    94.51     0.00
*T   2  1.55e-03  -1.165e+00  +0.000e+00     55.13   3.085e-01    1.496     0.627   5.528e+00   100.00     0.00    96.31     0.00
*T   3  1.55e-03  -1.169e+00  +0.000e+00     54.19   3.121e-01    1.511     0.621   2.104e+00   100.00     0.00    96.07     0.00
*
**********************************************************************
*
*                 -- AUTOADJUST [3] OUT --
*
*     target: lo % = 95.000000      hi % = 99.900000
*     Autoadjust % = 96.065574
*     Autoadjust: temp = 1.547e-03  is good!  Exiting autoadjust.
*
**********************************************************************
*
*
*          -- Initializing cell contents --
*
*
*
**********************************************************************
*
*            -- Starting Metropolis calculation --
*
*              temp_init  = 1.613e-02
*
**********************************************************************
*
* Metropolis: 15 temperature runs with these parameters:
*
*              runs  =      3600              loops per T
*               T_0  = 1.613e-02             initial temp
*               T_L  = 1.547e-03               final temp
*           T_alpha  = 1.171e+03          annealing alpha
*
*            T = T_0 * exp( -run_num**3 / T_alpha )
*
**********************************************************************
*H run      Temp       E_ion        E_ss   cel vol       SigPF       ar     ortho        pCnt          % Rejected Changes
*H                                                                                                 trn      rot      lat      swp
*M   1  1.61e-02  -1.035e+00  +0.000e+00    139.30   1.003e-01    2.789     0.469   2.163e+01    99.03     0.00    49.83     0.00
*M   2  1.61e-02  -1.081e+00  +0.000e+00     75.90   1.738e-01    2.172     0.473   8.192e+00    98.75     0.00    55.25     0.00
*M   3  1.60e-02  -1.034e+00  +0.000e+00     77.04   2.150e-01    2.230     0.458   7.936e+00    98.61     0.00    61.72     0.00
*M   4  1.58e-02  -1.066e+00  +0.000e+00     66.86   2.378e-01    1.427     0.776   7.729e+00    99.08     0.00    62.92     0.00
*M   5  1.53e-02  -1.096e+00  +0.000e+00     73.35   2.185e-01    1.081     0.505   5.490e+00    99.28     0.00    61.67     0.00
*M   6  1.45e-02  -1.109e+00  +0.000e+00     56.40   2.323e-01    1.492     0.459   5.204e+00    99.42     0.00    60.72     0.00
*M   7  1.34e-02  -1.082e+00  +0.000e+00     80.44   2.286e-01    1.443     0.644   3.716e+00    99.72     0.00    65.86     0.03
*M   8  1.20e-02  -1.134e+00  +0.000e+00     57.84   2.293e-01    1.345     0.496   6.139e+00    99.81     0.00    69.44     0.00
*M   9  1.04e-02  -1.158e+00  +0.000e+00     52.21   2.682e-01    1.471     0.467   4.193e+00    99.86     0.00    68.47     0.00
*M  10  8.65e-03  -1.118e+00  +0.000e+00     58.46   3.046e-01    1.646     0.515   6.890e+00    99.94     0.00    76.33     0.00
*M  11  6.86e-03  -1.182e+00  +0.000e+00     49.26   3.081e-01    1.557     0.503   3.923e+00    99.97     0.00    80.03     0.00
*M  12  5.17e-03  -1.188e+00  +0.000e+00     48.06   3.219e-01    1.593     0.486   6.553e+00   100.00     0.00    83.31     0.00
*M  13  3.69e-03  -1.192e+00  +0.000e+00     47.84   3.362e-01    1.537     0.479   3.282e+00    99.97     0.00    87.61     0.00
*M  14  2.47e-03  -1.186e+00  +0.000e+00     48.34   3.455e-01    1.543     0.487   2.656e+00   100.00     0.00    90.75     0.00
*M  15  1.55e-03  -1.194e+00  +0.000e+00     47.67   3.544e-01    1.516     0.503   4.370e+00   100.00     0.00    94.22     0.00
*
**********************************************************************
*
*
*          - Parameters at Post Ewald-Metro -
*
* Lattice parameters:
*
*             lat a  =    3.4761
*             lat b  =    5.1736
*             lat c  =    5.2703
*             alpha  =   44.2295
*             beta   =   52.5090
*             gamma  =   48.1634
*          cell vol  =   47.6741
*          cv/ortho  =    0.5030
*
* Energies:
*               ecc  = -1.1939e+00
*               eng  =  0.0000e+00
*
*
* Geometry:
*
*      packing frac  =    0.5464
*      aspect ratio  =    1.5162
*
* (dE/dV):
*                Px  =  7.3361e-03                    x-dir
*                Py  =  7.2923e-03                    y-dir
*                Pz  =  1.0414e-02                    z-dir
*
* Distances (PBC only):
*                                 min           hard           diff
*           ca1_ca1  =   1.000000e+06   2.320000e+00   9.999977e+05
*           ca1_ca2  =   1.000000e+06   1.160000e+00   9.999988e+05
*           ca1_ac1  =   2.832806e+00   2.830000e+00   2.806457e-03
*           ca1_av1  =   1.000000e+06  -1.000000e+00   1.000001e+06
*           ca1_ac2  =   1.000000e+06  -1.000000e+00   1.000001e+06
*           ca1_av2  =   1.000000e+06  -1.000000e+00   1.000001e+06
*           ca2_ca2  =   1.000000e+06   0.000000e+00   1.000000e+06
*           ca2_ac1  =   1.000000e+06   1.670000e+00   9.999983e+05
*           ca2_av1  =   1.000000e+06  -1.000000e+00   1.000001e+06
*           ca2_ac2  =   1.000000e+06  -1.000000e+00   1.000001e+06
*           ca2_av2  =   1.000000e+06  -1.000000e+00   1.000001e+06
*           ac1_ac1  =   1.000000e+06   3.340000e+00   9.999967e+05
*           ac1_av1  =   1.000000e+06  -1.000000e+00   1.000001e+06
*           ac1_ac2  =   1.000000e+06  -1.000000e+00   1.000001e+06
*           ac1_av2  =   1.000000e+06  -1.000000e+00   1.000001e+06
*           av1_av1  =   1.000000e+06  -1.000000e+00   1.000001e+06
*           av1_av2  =   1.000000e+06  -1.000000e+00   1.000001e+06
*           av2_av2  =   1.000000e+06  -1.000000e+00   1.000001e+06
*
*
*
**********************************************************************
*
*         - Comparing with 'best' structure -
*
****************************************************************
*
*          best ecc  = -1.2075e+00
*          best eng  =  0.0000e+00
*           ecc+eng  = -1.2075e+00
*          best vol  =  4.5999e+01
*           best pf  =  5.6626e-01
*
*     post_runs ecc  = -1.1939e+00
*     post_runs eng  =  0.0000e+00
*           ecc+eng  = -1.1939e+00
*     post_runs vol  =  4.7674e+01
*      post_runs pf  =  5.4636e-01
*
*       dV / V_runs  =  3.5134e-02
*
*          ecc_diff  = -1.3590e-02
*          eng_diff  =  0.0000e+00
*
*
****************************************************************
*
*  mag_ecc_diff > mag_eng_diff AND within BEST_VOL AND
* 'best' has lower energy than post runs! --> swapping.
*
****************************************************************
*
*
*          - Parameters at Post 'best-swap' -
*
* Lattice parameters:
*
*             lat a  =    3.4039
*             lat b  =    5.1461
*             lat c  =    5.2631
*             alpha  =   45.0748
*             beta   =   49.6368
*             gamma  =   48.5064
*          cell vol  =   45.9991
*          cv/ortho  =    0.4989
*
* Energies:
*               ecc  = -1.2075e+00
*               eng  =  0.0000e+00
*
*
* Geometry:
*
*      packing frac  =    0.5663
*      aspect ratio  =    1.5462
*
* (dE/dV):
*                Px  =  7.8234e-03                    x-dir
*                Py  =  8.2748e-03                    y-dir
*                Pz  =  1.0152e-02                    z-dir
*
* Distances (PBC only):
*                                 min           hard           diff
*           ca1_ca1  =   1.000000e+06   2.320000e+00   9.999977e+05
*           ca1_ca2  =   1.000000e+06   1.160000e+00   9.999988e+05
*           ca1_ac1  =   2.865518e+00   2.830000e+00   3.551766e-02
*           ca1_av1  =   1.000000e+06  -1.000000e+00   1.000001e+06
*           ca1_ac2  =   1.000000e+06  -1.000000e+00   1.000001e+06
*           ca1_av2  =   1.000000e+06  -1.000000e+00   1.000001e+06
*           ca2_ca2  =   1.000000e+06   0.000000e+00   1.000000e+06
*           ca2_ac1  =   1.000000e+06   1.670000e+00   9.999983e+05
*           ca2_av1  =   1.000000e+06  -1.000000e+00   1.000001e+06
*           ca2_ac2  =   1.000000e+06  -1.000000e+00   1.000001e+06
*           ca2_av2  =   1.000000e+06  -1.000000e+00   1.000001e+06
*           ac1_ac1  =   1.000000e+06   3.340000e+00   9.999967e+05
*           ac1_av1  =   1.000000e+06  -1.000000e+00   1.000001e+06
*           ac1_ac2  =   1.000000e+06  -1.000000e+00   1.000001e+06
*           ac1_av2  =   1.000000e+06  -1.000000e+00   1.000001e+06
*           av1_av1  =   1.000000e+06  -1.000000e+00   1.000001e+06
*           av1_av2  =   1.000000e+06  -1.000000e+00   1.000001e+06
*           av2_av2  =   1.000000e+06  -1.000000e+00   1.000001e+06
*
*
*
**********************************************************************
*
*         - Final Simplex relaxation with restarts -
*
**********************************************************************
*
*
****************************************************************
*
*
*        - Simplex Minimiziation Routine -
*
*
* Note: No aspect ratio constraint.
*
*
*            n_simp  =        15                   D.O.F.
*         simp_nmax  =      4500                max moves
*       simp_errlim  =  1.00e-08
*
*
*         - Initializing simplex arrays -
*
*
*      nfunk           rtol        pf        ar     ortho             e_ion              e_ss             e_tot
*X        12     3.1522e-03   0.56626   1.54616   0.49894    -1.2074813e+00     0.0000000e+00    -1.2074813e+00
*X      2000     1.7682e-07   0.57660   1.53900   0.49922    -1.2151401e+00     0.0000000e+00    -1.2151401e+00
*
*         simp_runs  =      2648               simp moves
*              rtol  =  9.85e-09               final rtol
*
* Simplex restart no. 1 of 10
*
*         - Initializing simplex arrays -
*
*
*      nfunk           rtol        pf        ar     ortho             e_ion              e_ss             e_tot
*X        11     1.5226e+00   0.57661   1.53902   0.49922    -1.2151442e+00     0.0000000e+00    -1.2151442e+00
*
*         simp_runs  =       968               simp moves
*              rtol  =  9.94e-09               final rtol
*
* Simplex restart no. 2 of 10
*
*         - Initializing simplex arrays -
*
*
*      nfunk           rtol        pf        ar     ortho             e_ion              e_ss             e_tot
*X        11     1.5228e+00   0.57661   1.53903   0.49922    -1.2151467e+00     0.0000000e+00    -1.2151467e+00
*
*         simp_runs  =      1354               simp moves
*              rtol  =  9.16e-09               final rtol
*
* Simplex restart no. 3 of 10
*
*         - Initializing simplex arrays -
*
*
*      nfunk           rtol        pf        ar     ortho             e_ion              e_ss             e_tot
*X        11     1.5234e+00   0.57662   1.53899   0.49921    -1.2151510e+00     0.0000000e+00    -1.2151510e+00
*
*         simp_runs  =       874               simp moves
*              rtol  =  9.65e-09               final rtol
*
* Simplex restart no. 4 of 10
*
*         - Initializing simplex arrays -
*
*
*      nfunk           rtol        pf        ar     ortho             e_ion              e_ss             e_tot
*X        11     1.5234e+00   0.57662   1.53899   0.49921    -1.2151516e+00     0.0000000e+00    -1.2151516e+00
*
*         simp_runs  =       925               simp moves
*              rtol  =  9.76e-09               final rtol
*
* Simplex restart no. 5 of 10
*
*         - Initializing simplex arrays -
*
*
*      nfunk           rtol        pf        ar     ortho             e_ion              e_ss             e_tot
*X        11     1.5234e+00   0.57662   1.53899   0.49921    -1.2151518e+00     0.0000000e+00    -1.2151518e+00
*
*         simp_runs  =       884               simp moves
*              rtol  =  9.49e-09               final rtol
*
* Simplex restart no. 6 of 10
*
*         - Initializing simplex arrays -
*
*
*      nfunk           rtol        pf        ar     ortho             e_ion              e_ss             e_tot
*X        11     1.5234e+00   0.57662   1.53899   0.49921    -1.2151519e+00     0.0000000e+00    -1.2151519e+00
*
*         simp_runs  =       848               simp moves
*              rtol  =  9.56e-09               final rtol
*
* Simplex restart no. 7 of 10
*
*         - Initializing simplex arrays -
*
*
*      nfunk           rtol        pf        ar     ortho             e_ion              e_ss             e_tot
*X        11     1.5234e+00   0.57662   1.53899   0.49921    -1.2151519e+00     0.0000000e+00    -1.2151519e+00
*
*         simp_runs  =       860               simp moves
*              rtol  =  9.78e-09               final rtol
*
* Simplex restart no. 8 of 10
*
*         - Initializing simplex arrays -
*
*
*      nfunk           rtol        pf        ar     ortho             e_ion              e_ss             e_tot
*X        11     1.5234e+00   0.57662   1.53899   0.49921    -1.2151519e+00     0.0000000e+00    -1.2151519e+00
*
*         simp_runs  =       845               simp moves
*              rtol  =  9.97e-09               final rtol
*
* Simplex restart no. 9 of 10
*
*         - Initializing simplex arrays -
*
*
*      nfunk           rtol        pf        ar     ortho             e_ion              e_ss             e_tot
*X        11     1.5234e+00   0.57662   1.53899   0.49921    -1.2151519e+00     0.0000000e+00    -1.2151519e+00
*
*         simp_runs  =       865               simp moves
*              rtol  =  9.70e-09               final rtol
*
* Simplex restart no. 10 of 10
*
*         - Initializing simplex arrays -
*
*
*      nfunk           rtol        pf        ar     ortho             e_ion              e_ss             e_tot
*X        11     1.5234e+00   0.57662   1.53899   0.49921    -1.2151519e+00     0.0000000e+00    -1.2151519e+00
*
*         simp_runs  =       858               simp moves
*              rtol  =  9.84e-09               final rtol
*
****************************************************************
*
*          - Parameters at Post Simplex -
*
* Lattice parameters:
*
*             lat a  =    3.3886
*             lat b  =    5.1204
*             lat c  =    5.2151
*             alpha  =   45.1835
*             beta   =   49.4754
*             gamma  =   48.5640
*          cell vol  =   45.1728
*          cv/ortho  =    0.4992
*
* Energies:
*               ecc  = -1.2152e+00
*               eng  =  0.0000e+00
*
*
* Geometry:
*
*      packing frac  =    0.5766
*      aspect ratio  =    1.5390
*
* (dE/dV):
*                Px  =  1.0000e+04                    x-dir
*                Py  =  1.0000e+04                    y-dir
*                Pz  =  1.0000e+04                    z-dir
*
* Distances (PBC only):
*                                 min           hard           diff
*           ca1_ca1  =   1.000000e+06   2.320000e+00   9.999977e+05
*           ca1_ca2  =   1.000000e+06   1.160000e+00   9.999988e+05
*           ca1_ac1  =   2.830000e+00   2.830000e+00   2.044857e-09
*           ca1_av1  =   1.000000e+06  -1.000000e+00   1.000001e+06
*           ca1_ac2  =   1.000000e+06  -1.000000e+00   1.000001e+06
*           ca1_av2  =   1.000000e+06  -1.000000e+00   1.000001e+06
*           ca2_ca2  =   1.000000e+06   0.000000e+00   1.000000e+06
*           ca2_ac1  =   1.000000e+06   1.670000e+00   9.999983e+05
*           ca2_av1  =   1.000000e+06  -1.000000e+00   1.000001e+06
*           ca2_ac2  =   1.000000e+06  -1.000000e+00   1.000001e+06
*           ca2_av2  =   1.000000e+06  -1.000000e+00   1.000001e+06
*           ac1_ac1  =   1.000000e+06   3.340000e+00   9.999967e+05
*           ac1_av1  =   1.000000e+06  -1.000000e+00   1.000001e+06
*           ac1_ac2  =   1.000000e+06  -1.000000e+00   1.000001e+06
*           ac1_av2  =   1.000000e+06  -1.000000e+00   1.000001e+06
*           av1_av1  =   1.000000e+06  -1.000000e+00   1.000001e+06
*           av1_av2  =   1.000000e+06  -1.000000e+00   1.000001e+06
*           av2_av2  =   1.000000e+06  -1.000000e+00   1.000001e+06
*
*
***********************************************************
*        - Process and timing information -
*
* user time:   0 h 00 m 14.958551 s
* syst time:   0 h 00 m 00.004000 s
* signals: 0
* voluntary context switches: 7
* involuntary context switches: 15
*
***********************************************************
*SS symsearch output
*SS ( use:  | awk '($1=="*S"){print $0}' | sed 's/*S //' > temp.out )
*S Title
*S 1                 search type
*S 5.0 0.00001       displacement rms max min
*S 0.1 0.00001       strain rms max min
*S 1                 lattice input type
*S      3.38863     0.00000     0.00000
*S      3.38862     3.83877     0.00000
*S      3.38861     1.91177     3.47265
*S 1 0 0
*S 0 1 0
*S 0 0 1
*S 2                 number of atoms
*S 11 0
*S      0.47277     0.32837     0.66851
*S      0.29846     0.65543     0.01576
*FF findsym output
*FF ( use:  | awk '($1=="*F"){print $0}' | sed 's/*F //' > temp.out )
*F Title
*F 0.001       displacement rms max min
*F 1                 lattice input type
*F      3.38863     0.00000     0.00000
*F      3.38862     3.83877     0.00000
*F      3.38861     1.91177     3.47265
*F 1               basis vector in type
*F 1 0 0
*F 0 1 0
*F 0 0 1
*F 2                 number of atoms
*F 11 0
*F      0.47277     0.32837     0.66851
*F      0.29846     0.65543     0.01576
*DD powder output
*DD (use: | awk '($1=="*D"){print $0}' | sed 's/*D //' > temp.out )
*D 2
*D      3.38863     5.12044     5.21506
*D     45.18352    49.47544    48.56400
*D      0.47277     0.32837     0.66851        11
*D      0.29846     0.65543     0.01576         0
*PP poscar output
*PP (use: | awk '($1=="*P"){print $0}' | sed 's/*P //' > temp.out )
*P Z: 11 17 
*P 1.0 
*P      3.38862794     0.00000000     0.00000000
*P      3.38862343     3.83877368     0.00000000
*P      3.38860731     1.91177364     3.47264589
*P 1 1 0 
*P Direct
*P       0.472774869522      0.328368423609      0.668509067306
*P       0.298460705276      0.655431051207      0.015761977260
*QQ poscar output
*QQ (use: | awk '($1=="*Q"){print $0}' | sed 's/*Q //' > temp.out )
*Q +1.000000000000 -1.000000000000 
*Q 1.0 
*Q      3.38862794     0.00000000     0.00000000
*Q      3.38862343     3.83877368     0.00000000
*Q      3.38860731     1.91177364     3.47264589
*Q 1 1 0 
*Q Direct
*Q       0.472774869522      0.328368423609      0.668509067306
*Q       0.298460705276      0.655431051207      0.015761977260
*RR restart output
*RR (use: | awk '($1=="*R"){print $0}' | sed 's/*R //' > temp.out )
*R     3.388627942432    5.120444526001    5.215055837987
*R     0.788601234971    0.863509343250    0.847601679730
*R      1
*R      1     1
*R   -1.000000000000000   0.000000000000000
*R     0.000000000000    1.670000000000    0.000000000000    17     0
*R      1
*R      1   1.000000000000000
*R     1.160000000000    11
*R     0.472774869522    0.328368423609    0.668509067306
*R     0.298460705276    0.655431051207    0.015761977260
* XBS output
* CATION:
atom C     4.980089779    2.538570077    2.321495262
spec C     1.160000000    1.000000000    0.000000000    0.000000000
* ANION:
atom A     3.285792455    2.546184802    0.054735765
spec A     1.670000000    0.000000000    0.000000000    1.000000000
spec V     0.000000000    0.000000000    1.000000000    0.000000000
bonds A V  0.000000000    0.000000000    0.010000000    Black
* CELL PARAMETERS AND BORDER
atom 0    0.00000   0.00000   0.00000
atom 1    3.38863   0.00000   0.00000
atom 2    6.77725   3.83877   0.00000
atom 3    3.38862   3.83877   0.00000
atom 4    3.38861   1.91177   3.47265
atom 5    6.77724   1.91177   3.47265
atom 6   10.16586   5.75055   3.47265
atom 7    6.77723   5.75055   3.47265
spec 0     0.050000000    0.000000000    0.000000000    0.000000000
spec 1     0.050000000    0.000000000    0.000000000    0.000000000
spec 2     0.050000000    0.000000000    0.000000000    0.000000000
spec 3     0.050000000    0.000000000    0.000000000    0.000000000
spec 4     0.050000000    0.000000000    0.000000000    0.000000000
spec 5     0.050000000    0.000000000    0.000000000    0.000000000
spec 6     0.050000000    0.000000000    0.000000000    0.000000000
spec 7     0.050000000    0.000000000    0.000000000    0.000000000
bonds 0 1  3.385239314    3.392016570    0.010000000    Black
bonds 3 2  3.385239314    3.392016570    0.010000000    Black
bonds 4 5  3.385239314    3.392016570    0.010000000    Black
bonds 6 7  3.385239314    3.392016570    0.010000000    Black
bonds 1 2  5.115324081    5.125564971    0.010000000    Black
bonds 0 3  5.115324081    5.125564971    0.010000000    Black
bonds 5 6  5.115324081    5.125564971    0.010000000    Black
bonds 4 7  5.115324081    5.125564971    0.010000000    Black
bonds 0 4  5.209840782    5.220270894    0.010000000    Black
bonds 1 5  5.209840782    5.220270894    0.010000000    Black
bonds 2 6  5.209840782    5.220270894    0.010000000    Black
bonds 3 7  5.209840782    5.220270894    0.010000000    Black
inc 5.000000
dup    3.38863   0.00000   0.00000
dup    3.38862   3.83877   0.00000
dup    3.38861   1.91177   3.47265
