*************************************************
*	pack	(version 4.12.0.5)
*	Eric Majzoub
*	Sandia National Laboratories
*************************************************
*  Source file: main.c
*  Compile date: Dec 27 2012
*  Compile time: 17:19:04
*  commandline = /projects/e20438/bin/pack-4.12.0.5/pack_exe -f ../../NaCl_pegs.in -P -R -r 400 -t 20 -g 21215 
*  input file = ../../NaCl_pegs.in
**********************************************************************
**********************************************************************
**********************************************************************
* 
*       - General run comments -
* 
* WARN: no Rotations in Metropolis (-R flag).
* WARN: all anionic charge on center atom (-P flag).
*
**********************************************************************
*           - Input parameters -
*
*           restart  =         0         1 = restart calc
*        autoadjust  =         1   automatically set temp
*          aa_using  =         1        1=rej pct, 2=pCnt
*         basin hop  =         0           number of hops
*     non_per_ewald  =         0          1=nanopart calc
*
*             lat a  =   10.0000
*             lat b  =   10.0000
*             lat c  =   10.0000
*             alpha  =    1.5708
*             beta   =    1.5708
*             gamma  =    1.5708
*          cell vol  = 1000.0000
*      sqsh vol pct  =    0.2000
* 
*          cell_min  =    1.6700              min lat vec
*          cell_max  =  167.0000              max lat vec
* 
*         n_type_an  =         1          num type anions
*            num_an  =         1           tot num anions
* 
*          num_an_1  =         1        num anions type 1
*        num_vert_1  =         1     1=sph 2=dim 5=tet...
*       an_chrg_c_1  =   -1.0000      anion center charge
*       an_chrg_v_1  =    0.0000      anion vertex charge
*     tot_an_chrg_1  =   -1.0000       total anion charge
*           Rcent_1  =    1.6700         anion center rad
*           Rvert_1  =    0.0000         anion vertex rad
*             cvd_1  =    0.0000        cent to vert dist
*           Zcent_1  =        17           anion center Z
*           Zvert_1  =         0           anion vertex Z
* 
*          num_an_2  =         0        num anions type 2
*        num_vert_2  =         0     1=sph 2=dim 5=tet...
*       an_chrg_c_2  =    0.0000      anion center charge
*       an_chrg_v_2  =    0.0000      anion vertex charge
*     tot_an_chrg_2  =    0.0000       total anion charge
*           Rcent_2  =    0.0000         anion center rad
*           Rvert_2  =    0.0000         anion vertex rad
*             cvd_2  =    0.0000        cent to vert dist
*           Zcent_2  =         0           anion center Z
*           Zvert_2  =         0           anion vertex Z
* 
*         n_type_ca  =         1            num type cats
*            num_ca  =         1          tot num cations
* 
*          num_ca_1  =         1        num cations typ 1
*         ca_chrg_1  =    1.0000        cation chrg typ 1
*            Rcat_1  =    1.1600         cation rad typ 1
*            Zcat_1  =        11           cation Z typ 1
* 
*            C2VTOL  =  1.00e-08            c2v tolerance
*            ERRLIM  =  1.00e-06
*       REP_EPSILON  =  1.00e+00        soft sphere repul
*    TRANS_FRAC_MAX  =    0.5000                    fixed
*    TRANS_FRAC_MIN  =    0.0200
*      MAX_ANG_CHNG  =    9.9695                  degrees
*    VOLUM_FRAC_MAX  =    0.0700
*         EXT_PRESS  =  0.00e+00        external pressure
*      SQSH_VOL_PCT  =    0.2000             min orth val
*        ASPECT_MAX  =   20.0000                cell parm
*            dplane  =    1.6700            min plane sep
*      SCALE_FACTOR  =    1.2500         bhop max scaling
* 
*            d.o.f.  =        12       degrees of freedom
*          runs/dof  =       400         loops per d.o.f.
*              runs  =      4800              loops per T
*               ncc  =     19200     config changes per T
*            t_runs  =        20           num temp steps
*             efunc  =         0               0=SS  1=LJ
*       N_HALT_CHNG  =        15      halts after N 100%s
*
*      anneal_sched  =         3   0=lin or exp(-run_n^n)
*         temp_init  =  1.00e+00             initial temp
*         temp_finl  =  1.00e-03               final temp
* 
*          trn_chng  =         1              0=off  1=on
*          rot_chng  =         0              0=off  1=on
*          lat_chng  =         1              0=off  1=on
*          swp_chng  =         1              0=off  1=on
* 
*     SIMP_RESTARTS  =        11     no. simplex restarts
*  SIMP_RESTARTS BH  =        21  basin hop simp restarts
*         SIMP_NMAX  =      4500        max simplex iters
*          SIMP_DEG  =    1.0000          anion start deg
*         SIMP_LAMB  =    0.0100        vertex start frac
*       SIMP_ERRLIM  =  1.00e-08              error limit
* 
*           aa runs  =      1200           config changes
*      aa runs_step  =        10   config change increase
*       aa runs_max  =      1500  max auto config changes
*         aa t_runs  =         3            num temp runs
*      aa temp_step  =    0.5000                temp step
* 
*        aa chng hi  =         3  1=trn 2=rot 3=lat 4=swp
*        aa chng lo  =         3  1=trn 2=rot 3=lat 4=swp
* 
*      aa ht_pct_hi  =     0.650             high rej pct
*      aa ht_pct_lo  =     0.600             low  rej pct
* 
*      aa lt_pct_hi  =     0.999             high rej pct
*      aa lt_pct_lo  =     0.950             low  rej pct
* 
*            tmpfile =                   PR20029-best.tmp
* 
* Checking for out of bounds fractional coords.
*
**********************************************************************
*
*          - Parameters at START -
*
* Lattice parameters:
*
*             lat a  =   10.0000
*             lat b  =   10.0000
*             lat c  =   10.0000
*             alpha  =   90.0000
*             beta   =   90.0000
*             gamma  =   90.0000
*          cell vol  = 1000.0000
*          cv/ortho  =    1.0000
*
* Energies:
*               ecc  = -4.5453e-01
*               eng  =  0.0000e+00
*
*
* Geometry:
*
*      packing frac  =    0.0260
*      aspect ratio  =    1.0000
*
* (dE/dV):
*                Px  =  1.7418e-04                    x-dir
*                Py  =  1.3235e-04                    y-dir
*                Pz  =  1.4799e-04                    z-dir
*
* Distances (PBC only):
*                                 min           hard           diff
*           ca1_ca1  =   1.000000e+06   2.320000e+00   9.999977e+05
*           ca1_ca2  =   1.000000e+06   1.160000e+00   9.999988e+05
*           ca1_ac1  =   5.623674e+00   2.830000e+00   2.793674e+00
*           ca1_av1  =   1.000000e+06  -1.000000e+00   1.000001e+06
*           ca1_ac2  =   1.000000e+06  -1.000000e+00   1.000001e+06
*           ca1_av2  =   1.000000e+06  -1.000000e+00   1.000001e+06
*           ca2_ca2  =   1.000000e+06   0.000000e+00   1.000000e+06
*           ca2_ac1  =   1.000000e+06   1.670000e+00   9.999983e+05
*           ca2_av1  =   1.000000e+06  -1.000000e+00   1.000001e+06
*           ca2_ac2  =   1.000000e+06  -1.000000e+00   1.000001e+06
*           ca2_av2  =   1.000000e+06  -1.000000e+00   1.000001e+06
*           ac1_ac1  =   1.000000e+06   3.340000e+00   9.999967e+05
*           ac1_av1  =   1.000000e+06  -1.000000e+00   1.000001e+06
*           ac1_ac2  =   1.000000e+06  -1.000000e+00   1.000001e+06
*           ac1_av2  =   1.000000e+06  -1.000000e+00   1.000001e+06
*           av1_av1  =   1.000000e+06  -1.000000e+00   1.000001e+06
*           av1_av2  =   1.000000e+06  -1.000000e+00   1.000001e+06
*           av2_av2  =   1.000000e+06  -1.000000e+00   1.000001e+06
*
*
*
**********************************************************************
*
* ------------------------------------------------------------
*              Autoadjust high temperatrure:
* ------------------------------------------------------------
*              Autoadjusting on 3 (1=trn,2=rot,3=lat,4=swp)
*
**********************************************************************
*
*                 -- Autoadjust Metropolis Run --
*
*   autoadjust_temp_init  =  1.0000e+00
*   autoadjust_temp_step  =  5.0000e-01
*        autoadjust_runs  =        1200         configs per temp
*       autoadjust_count  =           1
*
**********************************************************************
*
* Metropolis: 3 temperature runs with these parameters:
*
*              runs  =      1200              loops per T
*               T_0  = 1.000e+00             initial temp
*               T_L  = 1.000e+00               final temp
*           T_alpha  = 8.000e+09          annealing alpha
*
*            T = T_0 * exp( -run_num**3 / T_alpha )
*
**********************************************************************
*H run      Temp       E_ion        E_ss   cel vol       SigPF       ar     ortho        pCnt          % Rejected Changes
*H                                                                                                 trn      rot      lat      swp
*T   1  1.00e+00  -1.503e-01  +0.000e+00   8245.39   2.678e-02    1.872     0.200   8.466e-02    18.25     0.00     2.83     0.00
*T   2  1.00e+00  -4.600e-01  +0.000e+00   2014.01   1.071e-02    3.014     0.224   3.900e-02    10.50     0.00     2.50     0.00
*T   3  1.00e+00  -3.463e-01  +0.000e+00   3773.69   1.352e-02    2.216     0.236   2.458e-02    10.92     0.00     3.42     0.00
*
**********************************************************************
*
*                 -- AUTOADJUST [1] OUT --
*
*     target: lo % = 60.000000      hi % = 65.000000
*     Autoadjust % =  3.416667
*     Autoadjust: Lowering the temperature 5.000e-01 [a.u.]
*
**********************************************************************
*
*                 -- Autoadjust Metropolis Run --
*
*   autoadjust_temp_init  =  5.0000e-01
*   autoadjust_temp_step  =  5.0000e-01
*        autoadjust_runs  =        1210         configs per temp
*       autoadjust_count  =           2
*
**********************************************************************
*
* Metropolis: 3 temperature runs with these parameters:
*
*              runs  =      1210              loops per T
*               T_0  = 5.000e-01             initial temp
*               T_L  = 4.995e-01               final temp
*           T_alpha  = 7.996e+03          annealing alpha
*
*            T = T_0 * exp( -run_num**3 / T_alpha )
*
**********************************************************************
*H run      Temp       E_ion        E_ss   cel vol       SigPF       ar     ortho        pCnt          % Rejected Changes
*H                                                                                                 trn      rot      lat      swp
*T   1  5.00e-01  -6.575e-01  +0.000e+00   4745.32   1.800e-02    2.047     0.368   8.216e-02    16.61     0.00     4.96     0.00
*T   2  5.00e-01  -3.733e-01  +0.000e+00   4987.88   1.321e-02    1.937     0.216   7.621e-02    15.04     0.00     3.97     0.00
*T   3  4.99e-01  -6.722e-01  +0.000e+00    378.13   5.622e-02    1.519     0.273   2.768e-01    32.73     0.00     5.95     0.00
*
**********************************************************************
*
*                 -- AUTOADJUST [2] OUT --
*
*     target: lo % = 60.000000      hi % = 65.000000
*     Autoadjust % =  5.950413
*     Autoadjust: special case: (T-Tstep) = 0.000e+00 [a.u.]
*     Autoadjust: special case: ===> drop temp step to: 2.250e-01 [a.u.]
*     Autoadjust: Lowering the temperature 2.250e-01 [a.u.]
*
**********************************************************************
*
*                 -- Autoadjust Metropolis Run --
*
*   autoadjust_temp_init  =  2.7500e-01
*   autoadjust_temp_step  =  2.2500e-01
*        autoadjust_runs  =        1220         configs per temp
*       autoadjust_count  =           3
*
**********************************************************************
*
* Metropolis: 3 temperature runs with these parameters:
*
*              runs  =      1220              loops per T
*               T_0  = 2.750e-01             initial temp
*               T_L  = 2.747e-01               final temp
*           T_alpha  = 7.996e+03          annealing alpha
*
*            T = T_0 * exp( -run_num**3 / T_alpha )
*
**********************************************************************
*H run      Temp       E_ion        E_ss   cel vol       SigPF       ar     ortho        pCnt          % Rejected Changes
*H                                                                                                 trn      rot      lat      swp
*T   1  2.75e-01  -4.764e-01  +0.000e+00    493.33   6.782e-02    1.866     0.397   3.244e-01    44.26     0.00     8.69     0.00
*T   2  2.75e-01  -1.884e-01  +0.000e+00   6651.80   2.837e-02    1.544     0.291   5.630e-01    32.38     0.00     5.98     0.00
*T   3  2.75e-01  -2.602e-02  +0.000e+00 750720.89   2.149e-03    1.159     0.348   1.782e-01     9.34     0.00     3.44     0.00
*
**********************************************************************
*
*                 -- AUTOADJUST [3] OUT --
*
*     target: lo % = 60.000000      hi % = 65.000000
*     Autoadjust % =  3.442623
*     Autoadjust: Lowering the temperature 2.250e-01 [a.u.]
*
**********************************************************************
*
*                 -- Autoadjust Metropolis Run --
*
*   autoadjust_temp_init  =  5.0000e-02
*   autoadjust_temp_step  =  2.2500e-01
*        autoadjust_runs  =        1230         configs per temp
*       autoadjust_count  =           4
*
**********************************************************************
*
* Metropolis: 3 temperature runs with these parameters:
*
*              runs  =      1230              loops per T
*               T_0  = 5.000e-02             initial temp
*               T_L  = 4.995e-02               final temp
*           T_alpha  = 7.996e+03          annealing alpha
*
*            T = T_0 * exp( -run_num**3 / T_alpha )
*
**********************************************************************
*H run      Temp       E_ion        E_ss   cel vol       SigPF       ar     ortho        pCnt          % Rejected Changes
*H                                                                                                 trn      rot      lat      swp
*T   1  5.00e-02  -6.258e-01  +0.000e+00   4458.30   3.143e-03    1.451     0.213   1.389e+01    91.95     0.00    27.15     0.00
*T   2  5.00e-02  -6.906e-01  +0.000e+00   1115.77   4.501e-03    1.146     0.229   1.484e+00    97.40     0.00    25.04     0.00
*T   3  5.00e-02  -8.575e-01  +0.000e+00    138.46   6.047e-02    1.661     0.328   4.632e+00    92.52     0.00    26.42     0.00
*
**********************************************************************
*
*                 -- AUTOADJUST [4] OUT --
*
*     target: lo % = 60.000000      hi % = 65.000000
*     Autoadjust % = 26.422764
*     Autoadjust: special case: (T-Tstep) = -1.750e-01 [a.u.]
*     Autoadjust: special case: ===> drop temp step to: 1.013e-01 [a.u.]
*     Autoadjust: special case: (T-Tstep) = -5.125e-02 [a.u.]
*     Autoadjust: special case: ===> drop temp step to: 4.556e-02 [a.u.]
*     Autoadjust: Lowering the temperature 4.556e-02 [a.u.]
*
**********************************************************************
*
*                 -- Autoadjust Metropolis Run --
*
*   autoadjust_temp_init  =  4.4375e-03
*   autoadjust_temp_step  =  4.5563e-02
*        autoadjust_runs  =        1240         configs per temp
*       autoadjust_count  =           5
*
**********************************************************************
*
* Metropolis: 3 temperature runs with these parameters:
*
*              runs  =      1240              loops per T
*               T_0  = 4.438e-03             initial temp
*               T_L  = 4.433e-03               final temp
*           T_alpha  = 7.996e+03          annealing alpha
*
*            T = T_0 * exp( -run_num**3 / T_alpha )
*
**********************************************************************
*H run      Temp       E_ion        E_ss   cel vol       SigPF       ar     ortho        pCnt          % Rejected Changes
*H                                                                                                 trn      rot      lat      swp
*T   1  4.44e-03  -1.038e+00  +0.000e+00    111.61   1.515e-01    1.879     0.350   3.451e+01    99.27     0.00    82.18     0.00
*T   2  4.44e-03  -1.075e+00  +0.000e+00    110.55   1.480e-01    1.955     0.381   3.365e+01    99.92     0.00    85.00     0.00
*T   3  4.43e-03  -1.077e+00  +0.000e+00    105.69   1.536e-01    1.931     0.372   8.873e+00    99.92     0.00    85.73     0.00
*
**********************************************************************
*
*                 -- AUTOADJUST [5] OUT --
*
*     target: lo % = 60.000000      hi % = 65.000000
*     Autoadjust % = 85.725806
*     Autoadjust: overshot! drop temp step to: 2.050e-02 [a.u.]
*     Autoadjust: Raising the temperature 2.050e-02 [a.u.]
*
**********************************************************************
*
*                 -- Autoadjust Metropolis Run --
*
*   autoadjust_temp_init  =  2.4941e-02
*   autoadjust_temp_step  =  2.0503e-02
*        autoadjust_runs  =        1250         configs per temp
*       autoadjust_count  =           6
*
**********************************************************************
*
* Metropolis: 3 temperature runs with these parameters:
*
*              runs  =      1250              loops per T
*               T_0  = 2.494e-02             initial temp
*               T_L  = 2.492e-02               final temp
*           T_alpha  = 7.996e+03          annealing alpha
*
*            T = T_0 * exp( -run_num**3 / T_alpha )
*
**********************************************************************
*H run      Temp       E_ion        E_ss   cel vol       SigPF       ar     ortho        pCnt          % Rejected Changes
*H                                                                                                 trn      rot      lat      swp
*T   1  2.49e-02  -9.353e-01  +0.000e+00    125.77   1.633e-01    2.396     0.525   5.911e+00    96.24     0.00    47.28     0.00
*T   2  2.49e-02  -1.005e+00  +0.000e+00    118.21   1.124e-01    1.240     0.428   2.943e+00    95.68     0.00    50.08     0.00
*T   3  2.49e-02  -1.004e+00  +0.000e+00     81.18   1.667e-01    1.813     0.503   3.027e+00    96.88     0.00    51.92     0.00
*
**********************************************************************
*
*                 -- AUTOADJUST [6] OUT --
*
*     target: lo % = 60.000000      hi % = 65.000000
*     Autoadjust % = 51.920000
*     Autoadjust: overshot! drop temp step to: 9.226e-03 [a.u.]
*     Autoadjust: Lowering the temperature 9.226e-03 [a.u.]
*
**********************************************************************
*
*                 -- Autoadjust Metropolis Run --
*
*   autoadjust_temp_init  =  1.5714e-02
*   autoadjust_temp_step  =  9.2264e-03
*        autoadjust_runs  =        1260         configs per temp
*       autoadjust_count  =           7
*
**********************************************************************
*
* Metropolis: 3 temperature runs with these parameters:
*
*              runs  =      1260              loops per T
*               T_0  = 1.571e-02             initial temp
*               T_L  = 1.570e-02               final temp
*           T_alpha  = 7.996e+03          annealing alpha
*
*            T = T_0 * exp( -run_num**3 / T_alpha )
*
**********************************************************************
*H run      Temp       E_ion        E_ss   cel vol       SigPF       ar     ortho        pCnt          % Rejected Changes
*H                                                                                                 trn      rot      lat      swp
*T   1  1.57e-02  -1.084e+00  +0.000e+00     78.72   1.914e-01    1.960     0.403   5.250e+00    98.17     0.00    64.92     0.00
*T   2  1.57e-02  -1.157e+00  +0.000e+00     56.01   2.317e-01    1.783     0.421   7.434e+00    99.52     0.00    61.35     0.00
*T   3  1.57e-02  -1.158e+00  +0.000e+00     57.35   2.443e-01    1.701     0.452   3.947e+00    99.44     0.00    62.94     0.00
*
**********************************************************************
*
*                 -- AUTOADJUST [7] OUT --
*
*     target: lo % = 60.000000      hi % = 65.000000
*     Autoadjust % = 62.936508
*     Autoadjust: temp = 1.571e-02  is good!  Exiting autoadjust.
*
**********************************************************************
*
* ------------------------------------------------------------
*              Autoadjust low temperatrure:
* ------------------------------------------------------------
*              Autoadjusting on 3 (1=trn,2=rot,3=lat,4=swp)
*
**********************************************************************
*
*                 -- Autoadjust Metropolis Run --
*
*   autoadjust_temp_init  =  2.0000e-02
*   autoadjust_temp_step  =  5.0000e-01
*        autoadjust_runs  =        1200         configs per temp
*       autoadjust_count  =           1
*
**********************************************************************
*
* Metropolis: 3 temperature runs with these parameters:
*
*              runs  =      1200              loops per T
*               T_0  = 2.000e-02             initial temp
*               T_L  = 2.000e-02               final temp
*           T_alpha  = 1.600e+08          annealing alpha
*
*            T = T_0 * exp( -run_num**3 / T_alpha )
*
**********************************************************************
*H run      Temp       E_ion        E_ss   cel vol       SigPF       ar     ortho        pCnt          % Rejected Changes
*H                                                                                                 trn      rot      lat      swp
*T   1  2.00e-02  -9.306e-01  +0.000e+00    211.06   1.972e-01    1.758     0.281   1.807e+01    97.33     0.00    52.17     0.00
*T   2  2.00e-02  -8.307e-01  +0.000e+00   1425.38   3.192e-02    4.775     0.623   4.926e+00    99.50     0.00    44.67     0.00
*T   3  2.00e-02  -9.289e-01  +0.000e+00    423.87   2.290e-02    3.871     0.561   4.468e+00    99.92     0.00    40.92     0.00
*
**********************************************************************
*
*                 -- AUTOADJUST [1] OUT --
*
*     target: lo % = 95.000000      hi % = 99.900000
*     Autoadjust % = 40.916667
*     Autoadjust: special case: (T-Tstep) = -4.800e-01 [a.u.]
*     Autoadjust: special case: ===> drop temp step to: 2.250e-01 [a.u.]
*     Autoadjust: special case: (T-Tstep) = -2.050e-01 [a.u.]
*     Autoadjust: special case: ===> drop temp step to: 1.013e-01 [a.u.]
*     Autoadjust: special case: (T-Tstep) = -8.125e-02 [a.u.]
*     Autoadjust: special case: ===> drop temp step to: 4.556e-02 [a.u.]
*     Autoadjust: special case: (T-Tstep) = -2.556e-02 [a.u.]
*     Autoadjust: special case: ===> drop temp step to: 2.050e-02 [a.u.]
*     Autoadjust: special case: (T-Tstep) = -5.031e-04 [a.u.]
*     Autoadjust: special case: ===> drop temp step to: 9.226e-03 [a.u.]
*     Autoadjust: Lowering the temperature 9.226e-03 [a.u.]
*
**********************************************************************
*
*                 -- Autoadjust Metropolis Run --
*
*   autoadjust_temp_init  =  1.0774e-02
*   autoadjust_temp_step  =  9.2264e-03
*        autoadjust_runs  =        1210         configs per temp
*       autoadjust_count  =           2
*
**********************************************************************
*
* Metropolis: 3 temperature runs with these parameters:
*
*              runs  =      1210              loops per T
*               T_0  = 1.077e-02             initial temp
*               T_L  = 1.076e-02               final temp
*           T_alpha  = 7.996e+03          annealing alpha
*
*            T = T_0 * exp( -run_num**3 / T_alpha )
*
**********************************************************************
*H run      Temp       E_ion        E_ss   cel vol       SigPF       ar     ortho        pCnt          % Rejected Changes
*H                                                                                                 trn      rot      lat      swp
*T   1  1.08e-02  -1.053e+00  +0.000e+00    164.29   7.781e-02    3.611     0.444   1.603e+01    99.92     0.00    56.78     0.00
*T   2  1.08e-02  -1.031e+00  +0.000e+00    248.71   7.698e-02    3.510     0.754   5.073e+00   100.00     0.00    63.06     0.00
*T   3  1.08e-02  -1.070e+00  +0.000e+00    101.73   1.156e-01    2.242     0.475   2.599e+00   100.00     0.00    57.27     0.00
*
**********************************************************************
*
*                 -- AUTOADJUST [2] OUT --
*
*     target: lo % = 95.000000      hi % = 99.900000
*     Autoadjust % = 57.272727
*     Autoadjust: Lowering the temperature 9.226e-03 [a.u.]
*
**********************************************************************
*
*                 -- Autoadjust Metropolis Run --
*
*   autoadjust_temp_init  =  1.5472e-03
*   autoadjust_temp_step  =  9.2264e-03
*        autoadjust_runs  =        1220         configs per temp
*       autoadjust_count  =           3
*
**********************************************************************
*
* Metropolis: 3 temperature runs with these parameters:
*
*              runs  =      1220              loops per T
*               T_0  = 1.547e-03             initial temp
*               T_L  = 1.546e-03               final temp
*           T_alpha  = 7.996e+03          annealing alpha
*
*            T = T_0 * exp( -run_num**3 / T_alpha )
*
**********************************************************************
*H run      Temp       E_ion        E_ss   cel vol       SigPF       ar     ortho        pCnt          % Rejected Changes
*H                                                                                                 trn      rot      lat      swp
*T   1  1.55e-03  -1.111e+00  +0.000e+00     78.00   1.910e-01    1.981     0.425   2.933e+02   100.00     0.00    84.34     0.00
*T   2  1.55e-03  -1.138e+00  +0.000e+00     54.59   2.476e-01    1.469     0.424   4.120e+01    99.92     0.00    86.07     0.00
*T   3  1.55e-03  -1.142e+00  +0.000e+00     54.39   3.086e-01    1.491     0.430   2.778e+00   100.00     0.00    94.10     0.00
*
**********************************************************************
*
*                 -- AUTOADJUST [3] OUT --
*
*     target: lo % = 95.000000      hi % = 99.900000
*     Autoadjust % = 94.098361
*     Autoadjust: special case: (T-Tstep) = -7.679e-03 [a.u.]
*     Autoadjust: special case: ===> drop temp step to: 4.152e-03 [a.u.]
*     Autoadjust: special case: (T-Tstep) = -2.605e-03 [a.u.]
*     Autoadjust: special case: ===> drop temp step to: 1.868e-03 [a.u.]
*     Autoadjust: special case: (T-Tstep) = -3.212e-04 [a.u.]
*     Autoadjust: special case: ===> drop temp step to: 8.408e-04 [a.u.]
*     Autoadjust: Lowering the temperature 8.408e-04 [a.u.]
*
**********************************************************************
*
*                 -- Autoadjust Metropolis Run --
*
*   autoadjust_temp_init  =  7.0643e-04
*   autoadjust_temp_step  =  8.4076e-04
*        autoadjust_runs  =        1230         configs per temp
*       autoadjust_count  =           4
*
**********************************************************************
*
* Metropolis: 3 temperature runs with these parameters:
*
*              runs  =      1230              loops per T
*               T_0  = 7.064e-04             initial temp
*               T_L  = 7.057e-04               final temp
*           T_alpha  = 7.996e+03          annealing alpha
*
*            T = T_0 * exp( -run_num**3 / T_alpha )
*
**********************************************************************
*H run      Temp       E_ion        E_ss   cel vol       SigPF       ar     ortho        pCnt          % Rejected Changes
*H                                                                                                 trn      rot      lat      swp
*T   1  7.06e-04  -1.142e+00  +0.000e+00     55.58   3.085e-01    1.490     0.429   7.111e+02   100.00     0.00    96.18     0.00
*T   2  7.06e-04  -1.149e+00  +0.000e+00     54.77   3.109e-01    1.484     0.435   8.892e+00   100.00     0.00    96.02     0.00
*T   3  7.06e-04  -1.148e+00  +0.000e+00     55.25   3.111e-01    1.505     0.437   9.199e-01   100.00     0.00    97.24     0.00
*
**********************************************************************
*
*                 -- AUTOADJUST [4] OUT --
*
*     target: lo % = 95.000000      hi % = 99.900000
*     Autoadjust % = 97.235772
*     Autoadjust: temp = 7.064e-04  is good!  Exiting autoadjust.
*
**********************************************************************
*
*
*          -- Initializing cell contents --
*
*
*
**********************************************************************
*
*            -- Starting Metropolis calculation --
*
*              temp_init  = 1.571e-02
*
**********************************************************************
*
* Metropolis: 20 temperature runs with these parameters:
*
*              runs  =      4800              loops per T
*               T_0  = 1.571e-02             initial temp
*               T_L  = 7.064e-04               final temp
*           T_alpha  = 2.211e+03          annealing alpha
*
*            T = T_0 * exp( -run_num**3 / T_alpha )
*
**********************************************************************
*H run      Temp       E_ion        E_ss   cel vol       SigPF       ar     ortho        pCnt          % Rejected Changes
*H                                                                                                 trn      rot      lat      swp
*M   1  1.57e-02  -1.152e+00  +0.000e+00     50.67   1.961e-01    1.391     0.443   3.270e+01    97.94     0.00    58.33     0.00
*M   2  1.57e-02  -1.116e+00  +0.000e+00     59.07   2.659e-01    1.696     0.505   4.880e+00    99.58     0.00    66.75     0.00
*M   3  1.57e-02  -1.133e+00  +0.000e+00     60.11   2.595e-01    1.444     0.697   7.016e+00    99.31     0.00    65.69     0.00
*M   4  1.55e-02  -1.106e+00  +0.000e+00     51.79   2.506e-01    1.492     0.607   4.477e+00    99.38     0.00    63.08     0.00
*M   5  1.53e-02  -1.154e+00  +0.000e+00     55.65   2.778e-01    1.749     0.386   3.494e+00    99.69     0.00    67.56     0.00
*M   6  1.49e-02  -1.144e+00  +0.000e+00     56.86   2.322e-01    1.327     0.440   7.293e+00    98.88     0.00    65.69     0.00
*M   7  1.43e-02  -1.072e+00  +0.000e+00     58.04   2.258e-01    1.619     0.517   4.907e+00    99.31     0.00    61.54     0.00
*M   8  1.35e-02  -1.069e+00  +0.000e+00     78.91   2.169e-01    1.079     0.497   7.956e+00    99.17     0.00    65.08     0.00
*M   9  1.25e-02  -1.111e+00  +0.000e+00     60.45   2.621e-01    1.347     0.571   6.498e+00    99.73     0.00    71.54     0.00
*M  10  1.13e-02  -1.142e+00  +0.000e+00     50.50   2.987e-01    1.303     0.594   4.988e+00    99.73     0.00    72.08     0.00
*M  11  1.00e-02  -1.110e+00  +0.000e+00     64.78   3.082e-01    1.324     0.580   5.078e+00    99.92     0.00    76.21     0.00
*M  12  8.61e-03  -1.162e+00  +0.000e+00     54.53   2.719e-01    1.440     0.599   6.292e+00    99.92     0.00    81.67     0.00
*M  13  7.19e-03  -1.193e+00  +0.000e+00     50.10   2.914e-01    1.377     0.488   7.081e+00    99.96     0.00    83.83     0.00
*M  14  5.82e-03  -1.184e+00  +0.000e+00     50.73   3.159e-01    1.489     0.533   2.230e+00   100.00     0.00    88.73     0.00
*M  15  4.54e-03  -1.198e+00  +0.000e+00     48.62   3.293e-01    1.518     0.536   5.126e+00    99.98     0.00    90.67     0.00
*M  16  3.41e-03  -1.205e+00  +0.000e+00     48.36   3.472e-01    1.420     0.492   4.531e+00   100.00     0.00    93.46     0.00
*M  17  2.46e-03  -1.208e+00  +0.000e+00     47.19   3.573e-01    1.416     0.457   3.040e+00   100.00     0.00    95.54     0.00
*M  18  1.70e-03  -1.208e+00  +0.000e+00     46.09   3.633e-01    1.418     0.443   2.058e+00   100.00     0.00    96.15     0.00
*M  19  1.12e-03  -1.211e+00  +0.000e+00     47.20   3.672e-01    1.402     0.463   5.436e+00   100.00     0.00    97.35     0.00
*M  20  7.06e-04  -1.215e+00  +0.000e+00     46.64   3.688e-01    1.404     0.459   2.870e+00   100.00     0.00    98.65     0.00
*
**********************************************************************
*
*
*          - Parameters at Post Ewald-Metro -
*
* Lattice parameters:
*
*             lat a  =    5.7784
*             lat b  =    4.2770
*             lat c  =    4.1142
*             alpha  =   60.0754
*             beta   =   44.2623
*             gamma  =   92.1266
*          cell vol  =   46.6362
*          cv/ortho  =    0.4587
*
* Energies:
*               ecc  = -1.2146e+00
*               eng  =  0.0000e+00
*
*
* Geometry:
*
*      packing frac  =    0.5585
*      aspect ratio  =    1.4045
*
* (dE/dV):
*                Px  =  7.0479e-03                    x-dir
*                Py  =  1.1285e-02                    y-dir
*                Pz  =  7.7103e-03                    z-dir
*
* Distances (PBC only):
*                                 min           hard           diff
*           ca1_ca1  =   1.000000e+06   2.320000e+00   9.999977e+05
*           ca1_ca2  =   1.000000e+06   1.160000e+00   9.999988e+05
*           ca1_ac1  =   2.833037e+00   2.830000e+00   3.036802e-03
*           ca1_av1  =   1.000000e+06  -1.000000e+00   1.000001e+06
*           ca1_ac2  =   1.000000e+06  -1.000000e+00   1.000001e+06
*           ca1_av2  =   1.000000e+06  -1.000000e+00   1.000001e+06
*           ca2_ca2  =   1.000000e+06   0.000000e+00   1.000000e+06
*           ca2_ac1  =   1.000000e+06   1.670000e+00   9.999983e+05
*           ca2_av1  =   1.000000e+06  -1.000000e+00   1.000001e+06
*           ca2_ac2  =   1.000000e+06  -1.000000e+00   1.000001e+06
*           ca2_av2  =   1.000000e+06  -1.000000e+00   1.000001e+06
*           ac1_ac1  =   1.000000e+06   3.340000e+00   9.999967e+05
*           ac1_av1  =   1.000000e+06  -1.000000e+00   1.000001e+06
*           ac1_ac2  =   1.000000e+06  -1.000000e+00   1.000001e+06
*           ac1_av2  =   1.000000e+06  -1.000000e+00   1.000001e+06
*           av1_av1  =   1.000000e+06  -1.000000e+00   1.000001e+06
*           av1_av2  =   1.000000e+06  -1.000000e+00   1.000001e+06
*           av2_av2  =   1.000000e+06  -1.000000e+00   1.000001e+06
*
*
*
**********************************************************************
*
*         - Comparing with 'best' structure -
*
****************************************************************
*
*          best ecc  = -1.2164e+00
*          best eng  =  0.0000e+00
*           ecc+eng  = -1.2164e+00
*          best vol  =  4.7038e+01
*           best pf  =  5.5375e-01
*
*     post_runs ecc  = -1.2146e+00
*     post_runs eng  =  0.0000e+00
*           ecc+eng  = -1.2146e+00
*     post_runs vol  =  4.6636e+01
*      post_runs pf  =  5.5852e-01
*
*       dV / V_runs  =  8.6205e-03
*
*          ecc_diff  = -1.8009e-03
*          eng_diff  =  0.0000e+00
*
*
****************************************************************
*
*  mag_ecc_diff > mag_eng_diff AND within BEST_VOL AND
* 'best' has lower energy than post runs! --> swapping.
*
****************************************************************
*
*
*          - Parameters at Post 'best-swap' -
*
* Lattice parameters:
*
*             lat a  =    5.7736
*             lat b  =    4.1197
*             lat c  =    4.0872
*             alpha  =   62.0197
*             beta   =   44.6951
*             gamma  =   93.2071
*          cell vol  =   47.0382
*          cv/ortho  =    0.4839
*
* Energies:
*               ecc  = -1.2164e+00
*               eng  =  0.0000e+00
*
*
* Geometry:
*
*      packing frac  =    0.5537
*      aspect ratio  =    1.4126
*
* (dE/dV):
*                Px  =  6.6062e-03                    x-dir
*                Py  =  9.5600e-03                    y-dir
*                Pz  =  9.6930e-03                    z-dir
*
* Distances (PBC only):
*                                 min           hard           diff
*           ca1_ca1  =   1.000000e+06   2.320000e+00   9.999977e+05
*           ca1_ca2  =   1.000000e+06   1.160000e+00   9.999988e+05
*           ca1_ac1  =   2.830355e+00   2.830000e+00   3.552703e-04
*           ca1_av1  =   1.000000e+06  -1.000000e+00   1.000001e+06
*           ca1_ac2  =   1.000000e+06  -1.000000e+00   1.000001e+06
*           ca1_av2  =   1.000000e+06  -1.000000e+00   1.000001e+06
*           ca2_ca2  =   1.000000e+06   0.000000e+00   1.000000e+06
*           ca2_ac1  =   1.000000e+06   1.670000e+00   9.999983e+05
*           ca2_av1  =   1.000000e+06  -1.000000e+00   1.000001e+06
*           ca2_ac2  =   1.000000e+06  -1.000000e+00   1.000001e+06
*           ca2_av2  =   1.000000e+06  -1.000000e+00   1.000001e+06
*           ac1_ac1  =   1.000000e+06   3.340000e+00   9.999967e+05
*           ac1_av1  =   1.000000e+06  -1.000000e+00   1.000001e+06
*           ac1_ac2  =   1.000000e+06  -1.000000e+00   1.000001e+06
*           ac1_av2  =   1.000000e+06  -1.000000e+00   1.000001e+06
*           av1_av1  =   1.000000e+06  -1.000000e+00   1.000001e+06
*           av1_av2  =   1.000000e+06  -1.000000e+00   1.000001e+06
*           av2_av2  =   1.000000e+06  -1.000000e+00   1.000001e+06
*
*
*
**********************************************************************
*
*         - Final Simplex relaxation with restarts -
*
**********************************************************************
*
*
****************************************************************
*
*
*        - Simplex Minimiziation Routine -
*
*
* Note: No aspect ratio constraint.
*
*
*            n_simp  =        15                   D.O.F.
*         simp_nmax  =      4500                max moves
*       simp_errlim  =  1.00e-08
*
*
*         - Initializing simplex arrays -
*
*
*      nfunk           rtol        pf        ar     ortho             e_ion              e_ss             e_tot
*X        12     1.4113e+00   0.55375   1.41262   0.48385    -1.2163751e+00     0.0000000e+00    -1.2163751e+00
*X      2001     1.5653e-06   0.57774   1.39422   0.47656    -1.2300422e+00     0.0000000e+00    -1.2300422e+00
*
*         simp_runs  =      3613               simp moves
*              rtol  =  9.73e-09               final rtol
*
* Simplex restart no. 1 of 10
*
*         - Initializing simplex arrays -
*
*
*      nfunk           rtol        pf        ar     ortho             e_ion              e_ss             e_tot
*X        11     1.4335e+00   0.57859   1.39178   0.47663    -1.2312391e+00     0.0000000e+00    -1.2312391e+00
*X      2000     3.0862e-08   0.57872   1.39221   0.47675    -1.2313514e+00     0.0000000e+00    -1.2313514e+00
*
*         simp_runs  =      2936               simp moves
*              rtol  =  8.63e-09               final rtol
*
* Simplex restart no. 2 of 10
*
*         - Initializing simplex arrays -
*
*
*      nfunk           rtol        pf        ar     ortho             e_ion              e_ss             e_tot
*X        11     1.4328e+00   0.57650   1.41137   0.48559    -1.2315559e+00     0.0000000e+00    -1.2315559e+00
*X      2000     3.0180e-06   0.57707   1.40969   0.48542    -1.2321237e+00     0.0000000e+00    -1.2321237e+00
*
*         simp_runs  =      3240               simp moves
*              rtol  =  9.65e-09               final rtol
*
* Simplex restart no. 3 of 10
*
*         - Initializing simplex arrays -
*
*
*      nfunk           rtol        pf        ar     ortho             e_ion              e_ss             e_tot
*X        11     1.4555e+00   0.57708   1.40961   0.48540    -1.2321357e+00     0.0000000e+00    -1.2321357e+00
*
*         simp_runs  =       829               simp moves
*              rtol  =  9.43e-09               final rtol
*
* Simplex restart no. 4 of 10
*
*         - Initializing simplex arrays -
*
*
*      nfunk           rtol        pf        ar     ortho             e_ion              e_ss             e_tot
*X        11     1.4555e+00   0.57708   1.40961   0.48540    -1.2321357e+00     0.0000000e+00    -1.2321357e+00
*X      2000     2.6913e-08   0.57724   1.40971   0.48503    -1.2321992e+00     0.0000000e+00    -1.2321992e+00
*
*         simp_runs  =      2048               simp moves
*              rtol  =  9.88e-09               final rtol
*
* Simplex restart no. 5 of 10
*
*         - Initializing simplex arrays -
*
*
*      nfunk           rtol        pf        ar     ortho             e_ion              e_ss             e_tot
*X        12     1.4364e+00   0.57724   1.40971   0.48503    -1.2321992e+00     0.0000000e+00    -1.2321992e+00
*X      2000     2.7118e-07   0.57724   1.41068   0.48635    -1.2326537e+00     0.0000000e+00    -1.2326537e+00
*
*         simp_runs  =      2777               simp moves
*              rtol  =  9.98e-09               final rtol
*
* Simplex restart no. 6 of 10
*
*         - Initializing simplex arrays -
*
*
*      nfunk           rtol        pf        ar     ortho             e_ion              e_ss             e_tot
*X        11     1.4539e+00   0.57723   1.41075   0.48647    -1.2326783e+00     0.0000000e+00    -1.2326783e+00
*
*         simp_runs  =      1494               simp moves
*              rtol  =  9.98e-09               final rtol
*
* Simplex restart no. 7 of 10
*
*         - Initializing simplex arrays -
*
*
*      nfunk           rtol        pf        ar     ortho             e_ion              e_ss             e_tot
*X        11     1.4544e+00   0.57726   1.41064   0.48641    -1.2327040e+00     0.0000000e+00    -1.2327040e+00
*X      2000     2.1343e-08   0.57729   1.41065   0.48643    -1.2327325e+00     0.0000000e+00    -1.2327325e+00
*
*         simp_runs  =      2110               simp moves
*              rtol  =  9.97e-09               final rtol
*
* Simplex restart no. 8 of 10
*
*         - Initializing simplex arrays -
*
*
*      nfunk           rtol        pf        ar     ortho             e_ion              e_ss             e_tot
*X        11     1.4543e+00   0.57729   1.41065   0.48643    -1.2327326e+00     0.0000000e+00    -1.2327326e+00
*
*         simp_runs  =       865               simp moves
*              rtol  =  9.68e-09               final rtol
*
* Simplex restart no. 9 of 10
*
*         - Initializing simplex arrays -
*
*
*      nfunk           rtol        pf        ar     ortho             e_ion              e_ss             e_tot
*X        11     1.4543e+00   0.57729   1.41065   0.48643    -1.2327338e+00     0.0000000e+00    -1.2327338e+00
*
*         simp_runs  =       823               simp moves
*              rtol  =  1.00e-08               final rtol
*
* Simplex restart no. 10 of 10
*
*         - Initializing simplex arrays -
*
*
*      nfunk           rtol        pf        ar     ortho             e_ion              e_ss             e_tot
*X        11     1.4543e+00   0.57729   1.41065   0.48643    -1.2327339e+00     0.0000000e+00    -1.2327339e+00
*
*         simp_runs  =       832               simp moves
*              rtol  =  9.39e-09               final rtol
*
****************************************************************
*
*          - Parameters at Post Simplex -
*
* Lattice parameters:
*
*             lat a  =    5.6601
*             lat b  =    4.0124
*             lat c  =    4.0843
*             alpha  =   62.0337
*             beta   =   43.8124
*             gamma  =   91.8390
*          cell vol  =   45.1200
*          cv/ortho  =    0.4864
*
* Energies:
*               ecc  = -1.2327e+00
*               eng  =  0.0000e+00
*
*
* Geometry:
*
*      packing frac  =    0.5773
*      aspect ratio  =    1.4107
*
* (dE/dV):
*                Px  =  1.0000e+04                    x-dir
*                Py  =  9.0635e-03                    y-dir
*                Pz  =  1.1768e-02                    z-dir
*
* Distances (PBC only):
*                                 min           hard           diff
*           ca1_ca1  =   1.000000e+06   2.320000e+00   9.999977e+05
*           ca1_ca2  =   1.000000e+06   1.160000e+00   9.999988e+05
*           ca1_ac1  =   2.830000e+00   2.830000e+00   2.978280e-08
*           ca1_av1  =   1.000000e+06  -1.000000e+00   1.000001e+06
*           ca1_ac2  =   1.000000e+06  -1.000000e+00   1.000001e+06
*           ca1_av2  =   1.000000e+06  -1.000000e+00   1.000001e+06
*           ca2_ca2  =   1.000000e+06   0.000000e+00   1.000000e+06
*           ca2_ac1  =   1.000000e+06   1.670000e+00   9.999983e+05
*           ca2_av1  =   1.000000e+06  -1.000000e+00   1.000001e+06
*           ca2_ac2  =   1.000000e+06  -1.000000e+00   1.000001e+06
*           ca2_av2  =   1.000000e+06  -1.000000e+00   1.000001e+06
*           ac1_ac1  =   1.000000e+06   3.340000e+00   9.999967e+05
*           ac1_av1  =   1.000000e+06  -1.000000e+00   1.000001e+06
*           ac1_ac2  =   1.000000e+06  -1.000000e+00   1.000001e+06
*           ac1_av2  =   1.000000e+06  -1.000000e+00   1.000001e+06
*           av1_av1  =   1.000000e+06  -1.000000e+00   1.000001e+06
*           av1_av2  =   1.000000e+06  -1.000000e+00   1.000001e+06
*           av2_av2  =   1.000000e+06  -1.000000e+00   1.000001e+06
*
*
***********************************************************
*        - Process and timing information -
*
* user time:   0 h 00 m 20.172281 s
* syst time:   0 h 00 m 00.019999 s
* signals: 0
* voluntary context switches: 8
* involuntary context switches: 14
*
***********************************************************
*SS symsearch output
*SS ( use:  | awk '($1=="*S"){print $0}' | sed 's/*S //' > temp.out )
*S Title
*S 1                 search type
*S 5.0 0.00001       displacement rms max min
*S 0.1 0.00001       strain rms max min
*S 1                 lattice input type
*S      5.66012     0.00000     0.00000
*S     -0.12876     4.01034     0.00000
*S      2.94729     2.01097     1.98775
*S 1 0 0
*S 0 1 0
*S 0 0 1
*S 2                 number of atoms
*S 11 0
*S      0.03408     0.30936     0.49787
*S      0.53410     0.30937     0.49785
*FF findsym output
*FF ( use:  | awk '($1=="*F"){print $0}' | sed 's/*F //' > temp.out )
*F Title
*F 0.001       displacement rms max min
*F 1                 lattice input type
*F      5.66012     0.00000     0.00000
*F     -0.12876     4.01034     0.00000
*F      2.94729     2.01097     1.98775
*F 1               basis vector in type
*F 1 0 0
*F 0 1 0
*F 0 0 1
*F 2                 number of atoms
*F 11 0
*F      0.03408     0.30936     0.49787
*F      0.53410     0.30937     0.49785
*DD powder output
*DD (use: | awk '($1=="*D"){print $0}' | sed 's/*D //' > temp.out )
*D 2
*D      5.66012     4.01241     4.08432
*D     62.03366    43.81241    91.83902
*D      0.03408     0.30936     0.49787        11
*D      0.53410     0.30937     0.49785         0
*PP poscar output
*PP (use: | awk '($1=="*P"){print $0}' | sed 's/*P //' > temp.out )
*P Z: 11 17 
*P 1.0 
*P      5.66011694     0.00000000     0.00000000
*P     -0.12876369     4.01034123     0.00000000
*P      2.94728612     2.01097072     1.98775110
*P 1 1 0 
*P Direct
*P       0.034077147305      0.309355931098      0.497869173169
*P       0.534097411423      0.309373254088      0.497850842995
*QQ poscar output
*QQ (use: | awk '($1=="*Q"){print $0}' | sed 's/*Q //' > temp.out )
*Q +1.000000000000 -1.000000000000 
*Q 1.0 
*Q      5.66011694     0.00000000     0.00000000
*Q     -0.12876369     4.01034123     0.00000000
*Q      2.94728612     2.01097072     1.98775110
*Q 1 1 0 
*Q Direct
*Q       0.034077147305      0.309355931098      0.497869173169
*Q       0.534097411423      0.309373254088      0.497850842995
*RR restart output
*RR (use: | awk '($1=="*R"){print $0}' | sed 's/*R //' > temp.out )
*R     5.660116943605    4.012407864176    4.084317955435
*R     1.082691541498    0.764670725998    1.602893214512
*R      1
*R      1     1
*R   -1.000000000000000   0.000000000000000
*R     0.000000000000    1.670000000000    0.000000000000    17     0
*R      1
*R      1   1.000000000000000
*R     1.160000000000    11
*R     0.034077147305    0.309355931098    0.497869173169
*R     0.534097411423    0.309373254088    0.497850842995
* XBS output
* CATION:
atom C     1.620409731    2.241823175    0.989639998
spec C     1.160000000    1.000000000    0.000000000    0.000000000
* ANION:
atom A     4.450526645    2.241855785    0.989603562
spec A     1.670000000    0.000000000    0.000000000    1.000000000
spec V     0.000000000    0.000000000    1.000000000    0.000000000
bonds A V  0.000000000    0.000000000    0.010000000    Black
* CELL PARAMETERS AND BORDER
atom 0    0.00000   0.00000   0.00000
atom 1    5.66012   0.00000   0.00000
atom 2    5.53135   4.01034   0.00000
atom 3   -0.12876   4.01034   0.00000
atom 4    2.94729   2.01097   1.98775
atom 5    8.60740   2.01097   1.98775
atom 6    8.47864   6.02131   1.98775
atom 7    2.81852   6.02131   1.98775
spec 0     0.050000000    0.000000000    0.000000000    0.000000000
spec 1     0.050000000    0.000000000    0.000000000    0.000000000
spec 2     0.050000000    0.000000000    0.000000000    0.000000000
spec 3     0.050000000    0.000000000    0.000000000    0.000000000
spec 4     0.050000000    0.000000000    0.000000000    0.000000000
spec 5     0.050000000    0.000000000    0.000000000    0.000000000
spec 6     0.050000000    0.000000000    0.000000000    0.000000000
spec 7     0.050000000    0.000000000    0.000000000    0.000000000
bonds 0 1  5.654456827    5.665777061    0.010000000    Black
bonds 3 2  5.654456827    5.665777061    0.010000000    Black
bonds 4 5  5.654456827    5.665777061    0.010000000    Black
bonds 6 7  5.654456827    5.665777061    0.010000000    Black
bonds 1 2  4.008395456    4.016420272    0.010000000    Black
bonds 0 3  4.008395456    4.016420272    0.010000000    Black
bonds 5 6  4.008395456    4.016420272    0.010000000    Black
bonds 4 7  4.008395456    4.016420272    0.010000000    Black
bonds 0 4  4.080233637    4.088402273    0.010000000    Black
bonds 1 5  4.080233637    4.088402273    0.010000000    Black
bonds 2 6  4.080233637    4.088402273    0.010000000    Black
bonds 3 7  4.080233637    4.088402273    0.010000000    Black
inc 5.000000
dup    5.66012   0.00000   0.00000
dup   -0.12876   4.01034   0.00000
dup    2.94729   2.01097   1.98775
