*************************************************
*	pack	(version 4.12.0.5)
*	Eric Majzoub
*	Sandia National Laboratories
*************************************************
*  Source file: main.c
*  Compile date: Dec 27 2012
*  Compile time: 17:19:04
*  commandline = /projects/e20438/bin/pack-4.12.0.5/pack_exe -f ../../NaCl_pegs.in -P -R -r 200 -t 15 -g 16334 
*  input file = ../../NaCl_pegs.in
**********************************************************************
**********************************************************************
**********************************************************************
* 
*       - General run comments -
* 
* WARN: no Rotations in Metropolis (-R flag).
* WARN: all anionic charge on center atom (-P flag).
*
**********************************************************************
*           - Input parameters -
*
*           restart  =         0         1 = restart calc
*        autoadjust  =         1   automatically set temp
*          aa_using  =         1        1=rej pct, 2=pCnt
*         basin hop  =         0           number of hops
*     non_per_ewald  =         0          1=nanopart calc
*
*             lat a  =   10.0000
*             lat b  =   10.0000
*             lat c  =   10.0000
*             alpha  =    1.5708
*             beta   =    1.5708
*             gamma  =    1.5708
*          cell vol  = 1000.0000
*      sqsh vol pct  =    0.2000
* 
*          cell_min  =    1.6700              min lat vec
*          cell_max  =  167.0000              max lat vec
* 
*         n_type_an  =         1          num type anions
*            num_an  =         1           tot num anions
* 
*          num_an_1  =         1        num anions type 1
*        num_vert_1  =         1     1=sph 2=dim 5=tet...
*       an_chrg_c_1  =   -1.0000      anion center charge
*       an_chrg_v_1  =    0.0000      anion vertex charge
*     tot_an_chrg_1  =   -1.0000       total anion charge
*           Rcent_1  =    1.6700         anion center rad
*           Rvert_1  =    0.0000         anion vertex rad
*             cvd_1  =    0.0000        cent to vert dist
*           Zcent_1  =        17           anion center Z
*           Zvert_1  =         0           anion vertex Z
* 
*          num_an_2  =         0        num anions type 2
*        num_vert_2  =         0     1=sph 2=dim 5=tet...
*       an_chrg_c_2  =    0.0000      anion center charge
*       an_chrg_v_2  =    0.0000      anion vertex charge
*     tot_an_chrg_2  =    0.0000       total anion charge
*           Rcent_2  =    0.0000         anion center rad
*           Rvert_2  =    0.0000         anion vertex rad
*             cvd_2  =    0.0000        cent to vert dist
*           Zcent_2  =         0           anion center Z
*           Zvert_2  =         0           anion vertex Z
* 
*         n_type_ca  =         1            num type cats
*            num_ca  =         1          tot num cations
* 
*          num_ca_1  =         1        num cations typ 1
*         ca_chrg_1  =    1.0000        cation chrg typ 1
*            Rcat_1  =    1.1600         cation rad typ 1
*            Zcat_1  =        11           cation Z typ 1
* 
*            C2VTOL  =  1.00e-08            c2v tolerance
*            ERRLIM  =  1.00e-06
*       REP_EPSILON  =  1.00e+00        soft sphere repul
*    TRANS_FRAC_MAX  =    0.5000                    fixed
*    TRANS_FRAC_MIN  =    0.0200
*      MAX_ANG_CHNG  =    9.9695                  degrees
*    VOLUM_FRAC_MAX  =    0.0700
*         EXT_PRESS  =  0.00e+00        external pressure
*      SQSH_VOL_PCT  =    0.2000             min orth val
*        ASPECT_MAX  =   20.0000                cell parm
*            dplane  =    1.6700            min plane sep
*      SCALE_FACTOR  =    1.2500         bhop max scaling
* 
*            d.o.f.  =        12       degrees of freedom
*          runs/dof  =       200         loops per d.o.f.
*              runs  =      2400              loops per T
*               ncc  =      9600     config changes per T
*            t_runs  =        15           num temp steps
*             efunc  =         0               0=SS  1=LJ
*       N_HALT_CHNG  =        15      halts after N 100%s
*
*      anneal_sched  =         3   0=lin or exp(-run_n^n)
*         temp_init  =  1.00e+00             initial temp
*         temp_finl  =  1.00e-03               final temp
* 
*          trn_chng  =         1              0=off  1=on
*          rot_chng  =         0              0=off  1=on
*          lat_chng  =         1              0=off  1=on
*          swp_chng  =         1              0=off  1=on
* 
*     SIMP_RESTARTS  =        11     no. simplex restarts
*  SIMP_RESTARTS BH  =        21  basin hop simp restarts
*         SIMP_NMAX  =      4500        max simplex iters
*          SIMP_DEG  =    1.0000          anion start deg
*         SIMP_LAMB  =    0.0100        vertex start frac
*       SIMP_ERRLIM  =  1.00e-08              error limit
* 
*           aa runs  =      1200           config changes
*      aa runs_step  =        10   config change increase
*       aa runs_max  =      1500  max auto config changes
*         aa t_runs  =         3            num temp runs
*      aa temp_step  =    0.5000                temp step
* 
*        aa chng hi  =         3  1=trn 2=rot 3=lat 4=swp
*        aa chng lo  =         3  1=trn 2=rot 3=lat 4=swp
* 
*      aa ht_pct_hi  =     0.650             high rej pct
*      aa ht_pct_lo  =     0.600             low  rej pct
* 
*      aa lt_pct_hi  =     0.999             high rej pct
*      aa lt_pct_lo  =     0.950             low  rej pct
* 
*            tmpfile =                   PR20490-best.tmp
* 
* Checking for out of bounds fractional coords.
*
**********************************************************************
*
*          - Parameters at START -
*
* Lattice parameters:
*
*             lat a  =   10.0000
*             lat b  =   10.0000
*             lat c  =   10.0000
*             alpha  =   90.0000
*             beta   =   90.0000
*             gamma  =   90.0000
*          cell vol  = 1000.0000
*          cv/ortho  =    1.0000
*
* Energies:
*               ecc  = -5.1924e-01
*               eng  =  0.0000e+00
*
*
* Geometry:
*
*      packing frac  =    0.0260
*      aspect ratio  =    1.0000
*
* (dE/dV):
*                Px  =  5.8708e-05                    x-dir
*                Py  = -9.1485e-06                    y-dir
*                Pz  =  4.6968e-04                    z-dir
*
* Distances (PBC only):
*                                 min           hard           diff
*           ca1_ca1  =   1.000000e+06   2.320000e+00   9.999977e+05
*           ca1_ca2  =   1.000000e+06   1.160000e+00   9.999988e+05
*           ca1_ac1  =   5.000194e+00   2.830000e+00   2.170194e+00
*           ca1_av1  =   1.000000e+06  -1.000000e+00   1.000001e+06
*           ca1_ac2  =   1.000000e+06  -1.000000e+00   1.000001e+06
*           ca1_av2  =   1.000000e+06  -1.000000e+00   1.000001e+06
*           ca2_ca2  =   1.000000e+06   0.000000e+00   1.000000e+06
*           ca2_ac1  =   1.000000e+06   1.670000e+00   9.999983e+05
*           ca2_av1  =   1.000000e+06  -1.000000e+00   1.000001e+06
*           ca2_ac2  =   1.000000e+06  -1.000000e+00   1.000001e+06
*           ca2_av2  =   1.000000e+06  -1.000000e+00   1.000001e+06
*           ac1_ac1  =   1.000000e+06   3.340000e+00   9.999967e+05
*           ac1_av1  =   1.000000e+06  -1.000000e+00   1.000001e+06
*           ac1_ac2  =   1.000000e+06  -1.000000e+00   1.000001e+06
*           ac1_av2  =   1.000000e+06  -1.000000e+00   1.000001e+06
*           av1_av1  =   1.000000e+06  -1.000000e+00   1.000001e+06
*           av1_av2  =   1.000000e+06  -1.000000e+00   1.000001e+06
*           av2_av2  =   1.000000e+06  -1.000000e+00   1.000001e+06
*
*
*
**********************************************************************
*
* ------------------------------------------------------------
*              Autoadjust high temperatrure:
* ------------------------------------------------------------
*              Autoadjusting on 3 (1=trn,2=rot,3=lat,4=swp)
*
**********************************************************************
*
*                 -- Autoadjust Metropolis Run --
*
*   autoadjust_temp_init  =  1.0000e+00
*   autoadjust_temp_step  =  5.0000e-01
*        autoadjust_runs  =        1200         configs per temp
*       autoadjust_count  =           1
*
**********************************************************************
*
* Metropolis: 3 temperature runs with these parameters:
*
*              runs  =      1200              loops per T
*               T_0  = 1.000e+00             initial temp
*               T_L  = 1.000e+00               final temp
*           T_alpha  = 8.000e+09          annealing alpha
*
*            T = T_0 * exp( -run_num**3 / T_alpha )
*
**********************************************************************
*H run      Temp       E_ion        E_ss   cel vol       SigPF       ar     ortho        pCnt          % Rejected Changes
*H                                                                                                 trn      rot      lat      swp
*T   1  1.00e+00  -4.670e-01  +0.000e+00    149.22   4.296e-02    2.424     0.875   9.103e-02    30.50     0.00     2.25     0.00
*T   2  1.00e+00  +3.344e-01  +0.000e+00    633.31   3.669e-02    4.173     0.799   1.186e-01    27.08     0.00     2.00     0.00
*T   3  1.00e+00  -5.094e-01  +0.000e+00    280.35   3.753e-02    3.544     0.915   1.982e-01    25.92     0.00     3.58     0.00
*
**********************************************************************
*
*                 -- AUTOADJUST [1] OUT --
*
*     target: lo % = 60.000000      hi % = 65.000000
*     Autoadjust % =  3.583333
*     Autoadjust: Lowering the temperature 5.000e-01 [a.u.]
*
**********************************************************************
*
*                 -- Autoadjust Metropolis Run --
*
*   autoadjust_temp_init  =  5.0000e-01
*   autoadjust_temp_step  =  5.0000e-01
*        autoadjust_runs  =        1210         configs per temp
*       autoadjust_count  =           2
*
**********************************************************************
*
* Metropolis: 3 temperature runs with these parameters:
*
*              runs  =      1210              loops per T
*               T_0  = 5.000e-01             initial temp
*               T_L  = 4.995e-01               final temp
*           T_alpha  = 7.996e+03          annealing alpha
*
*            T = T_0 * exp( -run_num**3 / T_alpha )
*
**********************************************************************
*H run      Temp       E_ion        E_ss   cel vol       SigPF       ar     ortho        pCnt          % Rejected Changes
*H                                                                                                 trn      rot      lat      swp
*T   1  5.00e-01  -7.903e-01  +0.000e+00    452.30   4.725e-02    2.785     0.808   3.547e-01    43.47     0.00     6.78     0.00
*T   2  5.00e-01  -7.071e-01  +0.000e+00    904.89   1.953e-02    3.231     0.220   8.398e-02    23.64     0.00     2.89     0.00
*T   3  4.99e-01  +1.945e-03  +0.000e+00    466.03   3.602e-02    5.899     0.509   1.265e-01    29.09     0.00     4.05     0.00
*
**********************************************************************
*
*                 -- AUTOADJUST [2] OUT --
*
*     target: lo % = 60.000000      hi % = 65.000000
*     Autoadjust % =  4.049587
*     Autoadjust: special case: (T-Tstep) = 0.000e+00 [a.u.]
*     Autoadjust: special case: ===> drop temp step to: 2.250e-01 [a.u.]
*     Autoadjust: Lowering the temperature 2.250e-01 [a.u.]
*
**********************************************************************
*
*                 -- Autoadjust Metropolis Run --
*
*   autoadjust_temp_init  =  2.7500e-01
*   autoadjust_temp_step  =  2.2500e-01
*        autoadjust_runs  =        1220         configs per temp
*       autoadjust_count  =           3
*
**********************************************************************
*
* Metropolis: 3 temperature runs with these parameters:
*
*              runs  =      1220              loops per T
*               T_0  = 2.750e-01             initial temp
*               T_L  = 2.747e-01               final temp
*           T_alpha  = 7.996e+03          annealing alpha
*
*            T = T_0 * exp( -run_num**3 / T_alpha )
*
**********************************************************************
*H run      Temp       E_ion        E_ss   cel vol       SigPF       ar     ortho        pCnt          % Rejected Changes
*H                                                                                                 trn      rot      lat      swp
*T   1  2.75e-01  -6.604e-01  +0.000e+00   1661.46   1.641e-02    1.280     0.868   7.778e-01    45.25     0.00     3.11     0.00
*T   2  2.75e-01  -5.892e-01  +0.000e+00   3843.10   4.821e-03    2.787     0.358   2.530e-01    17.05     0.00     2.79     0.00
*T   3  2.75e-01  -6.694e-01  +0.000e+00    822.06   1.621e-02    4.585     0.328   9.320e-01    54.34     0.00     5.00     0.00
*
**********************************************************************
*
*                 -- AUTOADJUST [3] OUT --
*
*     target: lo % = 60.000000      hi % = 65.000000
*     Autoadjust % =  5.000000
*     Autoadjust: Lowering the temperature 2.250e-01 [a.u.]
*
**********************************************************************
*
*                 -- Autoadjust Metropolis Run --
*
*   autoadjust_temp_init  =  5.0000e-02
*   autoadjust_temp_step  =  2.2500e-01
*        autoadjust_runs  =        1230         configs per temp
*       autoadjust_count  =           4
*
**********************************************************************
*
* Metropolis: 3 temperature runs with these parameters:
*
*              runs  =      1230              loops per T
*               T_0  = 5.000e-02             initial temp
*               T_L  = 4.995e-02               final temp
*           T_alpha  = 7.996e+03          annealing alpha
*
*            T = T_0 * exp( -run_num**3 / T_alpha )
*
**********************************************************************
*H run      Temp       E_ion        E_ss   cel vol       SigPF       ar     ortho        pCnt          % Rejected Changes
*H                                                                                                 trn      rot      lat      swp
*T   1  5.00e-02  -8.281e-01  +0.000e+00    239.46   3.597e-02    2.107     0.448   3.306e+00    88.78     0.00    21.79     0.00
*T   2  5.00e-02  -1.001e+00  +0.000e+00     81.91   1.093e-01    1.842     0.374   3.458e+00    81.46     0.00    21.87     0.00
*T   3  5.00e-02  -8.303e-01  +0.000e+00    268.91   9.108e-02    1.510     0.363   2.508e+00    90.08     0.00    27.97     0.00
*
**********************************************************************
*
*                 -- AUTOADJUST [4] OUT --
*
*     target: lo % = 60.000000      hi % = 65.000000
*     Autoadjust % = 27.967480
*     Autoadjust: special case: (T-Tstep) = -1.750e-01 [a.u.]
*     Autoadjust: special case: ===> drop temp step to: 1.013e-01 [a.u.]
*     Autoadjust: special case: (T-Tstep) = -5.125e-02 [a.u.]
*     Autoadjust: special case: ===> drop temp step to: 4.556e-02 [a.u.]
*     Autoadjust: Lowering the temperature 4.556e-02 [a.u.]
*
**********************************************************************
*
*                 -- Autoadjust Metropolis Run --
*
*   autoadjust_temp_init  =  4.4375e-03
*   autoadjust_temp_step  =  4.5563e-02
*        autoadjust_runs  =        1240         configs per temp
*       autoadjust_count  =           5
*
**********************************************************************
*
* Metropolis: 3 temperature runs with these parameters:
*
*              runs  =      1240              loops per T
*               T_0  = 4.438e-03             initial temp
*               T_L  = 4.433e-03               final temp
*           T_alpha  = 7.996e+03          annealing alpha
*
*            T = T_0 * exp( -run_num**3 / T_alpha )
*
**********************************************************************
*H run      Temp       E_ion        E_ss   cel vol       SigPF       ar     ortho        pCnt          % Rejected Changes
*H                                                                                                 trn      rot      lat      swp
*T   1  4.44e-03  -1.100e+00  +0.000e+00     76.66   1.598e-01    1.873     0.372   9.956e+01    99.84     0.00    80.56     0.00
*T   2  4.44e-03  -1.111e+00  +0.000e+00     67.19   2.297e-01    1.862     0.398   1.327e+01    99.60     0.00    83.06     0.00
*T   3  4.43e-03  -1.122e+00  +0.000e+00     64.31   2.465e-01    1.794     0.384   5.771e+00    99.92     0.00    80.56     0.00
*
**********************************************************************
*
*                 -- AUTOADJUST [5] OUT --
*
*     target: lo % = 60.000000      hi % = 65.000000
*     Autoadjust % = 80.564516
*     Autoadjust: overshot! drop temp step to: 2.050e-02 [a.u.]
*     Autoadjust: Raising the temperature 2.050e-02 [a.u.]
*
**********************************************************************
*
*                 -- Autoadjust Metropolis Run --
*
*   autoadjust_temp_init  =  2.4941e-02
*   autoadjust_temp_step  =  2.0503e-02
*        autoadjust_runs  =        1250         configs per temp
*       autoadjust_count  =           6
*
**********************************************************************
*
* Metropolis: 3 temperature runs with these parameters:
*
*              runs  =      1250              loops per T
*               T_0  = 2.494e-02             initial temp
*               T_L  = 2.492e-02               final temp
*           T_alpha  = 7.996e+03          annealing alpha
*
*            T = T_0 * exp( -run_num**3 / T_alpha )
*
**********************************************************************
*H run      Temp       E_ion        E_ss   cel vol       SigPF       ar     ortho        pCnt          % Rejected Changes
*H                                                                                                 trn      rot      lat      swp
*T   1  2.49e-02  -1.135e+00  +0.000e+00     62.25   1.668e-01    2.005     0.444   2.769e+00    96.32     0.00    50.64     0.00
*T   2  2.49e-02  -1.126e+00  +0.000e+00     57.89   1.708e-01    1.104     0.403   6.655e+00    95.52     0.00    48.24     0.00
*T   3  2.49e-02  -1.056e+00  +0.000e+00     60.54   2.051e-01    1.449     0.848   2.716e+00    97.52     0.00    54.80     0.00
*
**********************************************************************
*
*                 -- AUTOADJUST [6] OUT --
*
*     target: lo % = 60.000000      hi % = 65.000000
*     Autoadjust % = 54.800000
*     Autoadjust: overshot! drop temp step to: 9.226e-03 [a.u.]
*     Autoadjust: Lowering the temperature 9.226e-03 [a.u.]
*
**********************************************************************
*
*                 -- Autoadjust Metropolis Run --
*
*   autoadjust_temp_init  =  1.5714e-02
*   autoadjust_temp_step  =  9.2264e-03
*        autoadjust_runs  =        1260         configs per temp
*       autoadjust_count  =           7
*
**********************************************************************
*
* Metropolis: 3 temperature runs with these parameters:
*
*              runs  =      1260              loops per T
*               T_0  = 1.571e-02             initial temp
*               T_L  = 1.570e-02               final temp
*           T_alpha  = 7.996e+03          annealing alpha
*
*            T = T_0 * exp( -run_num**3 / T_alpha )
*
**********************************************************************
*H run      Temp       E_ion        E_ss   cel vol       SigPF       ar     ortho        pCnt          % Rejected Changes
*H                                                                                                 trn      rot      lat      swp
*T   1  1.57e-02  -1.122e+00  +0.000e+00     53.29   2.841e-01    1.432     0.590   3.547e+00    99.76     0.00    66.35     0.00
*T   2  1.57e-02  -1.128e+00  +0.000e+00     53.20   2.905e-01    1.173     0.578   3.256e+00    99.76     0.00    65.32     0.00
*T   3  1.57e-02  -1.165e+00  +0.000e+00     52.11   2.646e-01    1.103     0.690   3.462e+00    99.68     0.00    64.68     0.00
*
**********************************************************************
*
*                 -- AUTOADJUST [7] OUT --
*
*     target: lo % = 60.000000      hi % = 65.000000
*     Autoadjust % = 64.682540
*     Autoadjust: temp = 1.571e-02  is good!  Exiting autoadjust.
*
**********************************************************************
*
* ------------------------------------------------------------
*              Autoadjust low temperatrure:
* ------------------------------------------------------------
*              Autoadjusting on 3 (1=trn,2=rot,3=lat,4=swp)
*
**********************************************************************
*
*                 -- Autoadjust Metropolis Run --
*
*   autoadjust_temp_init  =  2.0000e-02
*   autoadjust_temp_step  =  5.0000e-01
*        autoadjust_runs  =        1200         configs per temp
*       autoadjust_count  =           1
*
**********************************************************************
*
* Metropolis: 3 temperature runs with these parameters:
*
*              runs  =      1200              loops per T
*               T_0  = 2.000e-02             initial temp
*               T_L  = 2.000e-02               final temp
*           T_alpha  = 1.600e+08          annealing alpha
*
*            T = T_0 * exp( -run_num**3 / T_alpha )
*
**********************************************************************
*H run      Temp       E_ion        E_ss   cel vol       SigPF       ar     ortho        pCnt          % Rejected Changes
*H                                                                                                 trn      rot      lat      swp
*T   1  2.00e-02  -1.078e+00  +0.000e+00     57.30   2.854e-01    1.446     0.863   2.830e+00    99.92     0.00    60.33     0.00
*T   2  2.00e-02  -1.063e+00  +0.000e+00     67.37   2.671e-01    1.420     0.816   4.240e+00    99.33     0.00    57.00     0.00
*T   3  2.00e-02  -1.101e+00  +0.000e+00     55.74   2.218e-01    1.253     0.731   4.432e+00    98.83     0.00    53.75     0.00
*
**********************************************************************
*
*                 -- AUTOADJUST [1] OUT --
*
*     target: lo % = 95.000000      hi % = 99.900000
*     Autoadjust % = 53.750000
*     Autoadjust: special case: (T-Tstep) = -4.800e-01 [a.u.]
*     Autoadjust: special case: ===> drop temp step to: 2.250e-01 [a.u.]
*     Autoadjust: special case: (T-Tstep) = -2.050e-01 [a.u.]
*     Autoadjust: special case: ===> drop temp step to: 1.013e-01 [a.u.]
*     Autoadjust: special case: (T-Tstep) = -8.125e-02 [a.u.]
*     Autoadjust: special case: ===> drop temp step to: 4.556e-02 [a.u.]
*     Autoadjust: special case: (T-Tstep) = -2.556e-02 [a.u.]
*     Autoadjust: special case: ===> drop temp step to: 2.050e-02 [a.u.]
*     Autoadjust: special case: (T-Tstep) = -5.031e-04 [a.u.]
*     Autoadjust: special case: ===> drop temp step to: 9.226e-03 [a.u.]
*     Autoadjust: Lowering the temperature 9.226e-03 [a.u.]
*
**********************************************************************
*
*                 -- Autoadjust Metropolis Run --
*
*   autoadjust_temp_init  =  1.0774e-02
*   autoadjust_temp_step  =  9.2264e-03
*        autoadjust_runs  =        1210         configs per temp
*       autoadjust_count  =           2
*
**********************************************************************
*
* Metropolis: 3 temperature runs with these parameters:
*
*              runs  =      1210              loops per T
*               T_0  = 1.077e-02             initial temp
*               T_L  = 1.076e-02               final temp
*           T_alpha  = 7.996e+03          annealing alpha
*
*            T = T_0 * exp( -run_num**3 / T_alpha )
*
**********************************************************************
*H run      Temp       E_ion        E_ss   cel vol       SigPF       ar     ortho        pCnt          % Rejected Changes
*H                                                                                                 trn      rot      lat      swp
*T   1  1.08e-02  -1.064e+00  +0.000e+00     63.72   2.942e-01    1.335     0.701   4.585e+00    99.83     0.00    71.65     0.00
*T   2  1.08e-02  -1.185e+00  +0.000e+00     46.75   3.217e-01    1.189     0.775   9.154e+00    99.92     0.00    72.56     0.00
*T   3  1.08e-02  -1.212e+00  +0.000e+00     46.49   3.042e-01    1.053     0.706   3.303e+00   100.00     0.00    68.76     0.00
*
**********************************************************************
*
*                 -- AUTOADJUST [2] OUT --
*
*     target: lo % = 95.000000      hi % = 99.900000
*     Autoadjust % = 68.760331
*     Autoadjust: Lowering the temperature 9.226e-03 [a.u.]
*
**********************************************************************
*
*                 -- Autoadjust Metropolis Run --
*
*   autoadjust_temp_init  =  1.5472e-03
*   autoadjust_temp_step  =  9.2264e-03
*        autoadjust_runs  =        1220         configs per temp
*       autoadjust_count  =           3
*
**********************************************************************
*
* Metropolis: 3 temperature runs with these parameters:
*
*              runs  =      1220              loops per T
*               T_0  = 1.547e-03             initial temp
*               T_L  = 1.546e-03               final temp
*           T_alpha  = 7.996e+03          annealing alpha
*
*            T = T_0 * exp( -run_num**3 / T_alpha )
*
**********************************************************************
*H run      Temp       E_ion        E_ss   cel vol       SigPF       ar     ortho        pCnt          % Rejected Changes
*H                                                                                                 trn      rot      lat      swp
*T   1  1.55e-03  -1.209e+00  +0.000e+00     46.87   3.661e-01    1.058     0.712   1.784e+00   100.00     0.00    96.89     0.00
*T   2  1.55e-03  -1.214e+00  +0.000e+00     46.70   3.643e-01    1.063     0.704   1.062e+00   100.00     0.00    96.07     0.00
*T   3  1.55e-03  -1.215e+00  +0.000e+00     46.52   3.658e-01    1.064     0.700   1.286e+00   100.00     0.00    96.80     0.00
*
**********************************************************************
*
*                 -- AUTOADJUST [3] OUT --
*
*     target: lo % = 95.000000      hi % = 99.900000
*     Autoadjust % = 96.803279
*     Autoadjust: temp = 1.547e-03  is good!  Exiting autoadjust.
*
**********************************************************************
*
*
*          -- Initializing cell contents --
*
*
*
**********************************************************************
*
*            -- Starting Metropolis calculation --
*
*              temp_init  = 1.571e-02
*
**********************************************************************
*
* Metropolis: 15 temperature runs with these parameters:
*
*              runs  =      2400              loops per T
*               T_0  = 1.571e-02             initial temp
*               T_L  = 1.547e-03               final temp
*           T_alpha  = 1.184e+03          annealing alpha
*
*            T = T_0 * exp( -run_num**3 / T_alpha )
*
**********************************************************************
*H run      Temp       E_ion        E_ss   cel vol       SigPF       ar     ortho        pCnt          % Rejected Changes
*H                                                                                                 trn      rot      lat      swp
*M   1  1.57e-02  -1.086e+00  +0.000e+00     72.42   1.950e-01    2.056     0.511   7.173e+01    98.54     0.00    61.04     0.00
*M   2  1.57e-02  -1.067e+00  +0.000e+00    101.23   2.051e-01    1.620     0.531   8.166e+00    99.29     0.00    64.75     0.00
*M   3  1.56e-02  -1.089e+00  +0.000e+00     68.21   1.845e-01    1.825     0.407   4.895e+00    99.17     0.00    57.54     0.00
*M   4  1.54e-02  -1.125e+00  +0.000e+00     62.75   2.130e-01    1.961     0.407   4.365e+00    98.75     0.00    67.25     0.00
*M   5  1.49e-02  -1.134e+00  +0.000e+00     58.35   2.616e-01    1.676     0.398   3.797e+00    99.79     0.00    70.12     0.00
*M   6  1.41e-02  -1.147e+00  +0.000e+00     59.93   2.510e-01    1.835     0.432   4.339e+00    99.46     0.00    67.75     0.00
*M   7  1.31e-02  -1.093e+00  +0.000e+00     62.46   2.116e-01    1.946     0.399   1.341e+01    98.79     0.00    62.58     0.00
*M   8  1.18e-02  -1.106e+00  +0.000e+00     55.25   2.251e-01    2.068     0.530   6.714e+00    99.54     0.00    68.08     0.00
*M   9  1.02e-02  -1.189e+00  +0.000e+00     47.19   2.932e-01    1.968     0.462   5.041e+00   100.00     0.00    74.75     0.00
*M  10  8.49e-03  -1.164e+00  +0.000e+00     47.41   3.093e-01    1.932     0.441   4.780e+00    99.96     0.00    76.42     0.00
*M  11  6.75e-03  -1.110e+00  +0.000e+00     57.46   3.068e-01    2.097     0.474   6.756e+00    99.83     0.00    81.12     0.00
*M  12  5.10e-03  -1.157e+00  +0.000e+00     49.58   3.097e-01    1.989     0.487   1.749e+01    99.96     0.00    87.75     0.00
*M  13  3.65e-03  -1.168e+00  +0.000e+00     48.01   3.466e-01    1.996     0.485   3.731e+00    99.92     0.00    92.50     0.00
*M  14  2.46e-03  -1.175e+00  +0.000e+00     47.59   3.530e-01    1.953     0.499   2.542e+00   100.00     0.00    94.00     0.00
*M  15  1.55e-03  -1.180e+00  +0.000e+00     46.68   3.615e-01    1.971     0.498   3.337e+00   100.00     0.00    96.62     0.00
*
**********************************************************************
*
*
*          - Parameters at Post Ewald-Metro -
*
* Lattice parameters:
*
*             lat a  =    3.5985
*             lat b  =    3.6711
*             lat c  =    7.0934
*             alpha  =   55.9423
*             beta   =   45.3554
*             gamma  =   85.4974
*          cell vol  =   46.6842
*          cv/ortho  =    0.4982
*
* Energies:
*               ecc  = -1.1798e+00
*               eng  =  0.0000e+00
*
*
* Geometry:
*
*      packing frac  =    0.5579
*      aspect ratio  =    1.9712
*
* (dE/dV):
*                Px  =  6.7995e-03                    x-dir
*                Py  =  1.0717e-02                    y-dir
*                Pz  =  7.7556e-03                    z-dir
*
* Distances (PBC only):
*                                 min           hard           diff
*           ca1_ca1  =   1.000000e+06   2.320000e+00   9.999977e+05
*           ca1_ca2  =   1.000000e+06   1.160000e+00   9.999988e+05
*           ca1_ac1  =   2.835170e+00   2.830000e+00   5.169632e-03
*           ca1_av1  =   1.000000e+06  -1.000000e+00   1.000001e+06
*           ca1_ac2  =   1.000000e+06  -1.000000e+00   1.000001e+06
*           ca1_av2  =   1.000000e+06  -1.000000e+00   1.000001e+06
*           ca2_ca2  =   1.000000e+06   0.000000e+00   1.000000e+06
*           ca2_ac1  =   1.000000e+06   1.670000e+00   9.999983e+05
*           ca2_av1  =   1.000000e+06  -1.000000e+00   1.000001e+06
*           ca2_ac2  =   1.000000e+06  -1.000000e+00   1.000001e+06
*           ca2_av2  =   1.000000e+06  -1.000000e+00   1.000001e+06
*           ac1_ac1  =   1.000000e+06   3.340000e+00   9.999967e+05
*           ac1_av1  =   1.000000e+06  -1.000000e+00   1.000001e+06
*           ac1_ac2  =   1.000000e+06  -1.000000e+00   1.000001e+06
*           ac1_av2  =   1.000000e+06  -1.000000e+00   1.000001e+06
*           av1_av1  =   1.000000e+06  -1.000000e+00   1.000001e+06
*           av1_av2  =   1.000000e+06  -1.000000e+00   1.000001e+06
*           av2_av2  =   1.000000e+06  -1.000000e+00   1.000001e+06
*
*
*
**********************************************************************
*
*         - Comparing with 'best' structure -
*
****************************************************************
*
*          best ecc  = -1.2162e+00
*          best eng  =  0.0000e+00
*           ecc+eng  = -1.2162e+00
*          best vol  =  4.6508e+01
*           best pf  =  5.6006e-01
*
*     post_runs ecc  = -1.1798e+00
*     post_runs eng  =  0.0000e+00
*           ecc+eng  = -1.1798e+00
*     post_runs vol  =  4.6684e+01
*      post_runs pf  =  5.5795e-01
*
*       dV / V_runs  =  3.7746e-03
*
*          ecc_diff  = -3.6403e-02
*          eng_diff  =  0.0000e+00
*
*
****************************************************************
*
*  mag_ecc_diff > mag_eng_diff AND within BEST_VOL AND
* 'best' has lower energy than post runs! --> swapping.
*
****************************************************************
*
*
*          - Parameters at Post 'best-swap' -
*
* Lattice parameters:
*
*             lat a  =    4.1528
*             lat b  =    3.9132
*             lat c  =    4.0631
*             alpha  =   56.7857
*             beta   =   63.1982
*             gamma  =   90.0599
*          cell vol  =   46.5080
*          cv/ortho  =    0.7044
*
* Energies:
*               ecc  = -1.2162e+00
*               eng  =  0.0000e+00
*
*
* Geometry:
*
*      packing frac  =    0.5601
*      aspect ratio  =    1.0612
*
* (dE/dV):
*                Px  =  1.1287e-02                    x-dir
*                Py  =  6.6632e-03                    y-dir
*                Pz  =  8.2004e-03                    z-dir
*
* Distances (PBC only):
*                                 min           hard           diff
*           ca1_ca1  =   1.000000e+06   2.320000e+00   9.999977e+05
*           ca1_ca2  =   1.000000e+06   1.160000e+00   9.999988e+05
*           ca1_ac1  =   2.870116e+00   2.830000e+00   4.011624e-02
*           ca1_av1  =   1.000000e+06  -1.000000e+00   1.000001e+06
*           ca1_ac2  =   1.000000e+06  -1.000000e+00   1.000001e+06
*           ca1_av2  =   1.000000e+06  -1.000000e+00   1.000001e+06
*           ca2_ca2  =   1.000000e+06   0.000000e+00   1.000000e+06
*           ca2_ac1  =   1.000000e+06   1.670000e+00   9.999983e+05
*           ca2_av1  =   1.000000e+06  -1.000000e+00   1.000001e+06
*           ca2_ac2  =   1.000000e+06  -1.000000e+00   1.000001e+06
*           ca2_av2  =   1.000000e+06  -1.000000e+00   1.000001e+06
*           ac1_ac1  =   1.000000e+06   3.340000e+00   9.999967e+05
*           ac1_av1  =   1.000000e+06  -1.000000e+00   1.000001e+06
*           ac1_ac2  =   1.000000e+06  -1.000000e+00   1.000001e+06
*           ac1_av2  =   1.000000e+06  -1.000000e+00   1.000001e+06
*           av1_av1  =   1.000000e+06  -1.000000e+00   1.000001e+06
*           av1_av2  =   1.000000e+06  -1.000000e+00   1.000001e+06
*           av2_av2  =   1.000000e+06  -1.000000e+00   1.000001e+06
*
*
*
**********************************************************************
*
*         - Final Simplex relaxation with restarts -
*
**********************************************************************
*
*
****************************************************************
*
*
*        - Simplex Minimiziation Routine -
*
*
* Note: No aspect ratio constraint.
*
*
*            n_simp  =        15                   D.O.F.
*         simp_nmax  =      4500                max moves
*       simp_errlim  =  1.00e-08
*
*
*         - Initializing simplex arrays -
*
*
*      nfunk           rtol        pf        ar     ortho             e_ion              e_ss             e_tot
*X        11     1.4216e+00   0.56006   1.06122   0.70435    -1.2162237e+00     0.0000000e+00    -1.2162237e+00
*X      2001     2.6483e-08   0.56952   1.04871   0.70597    -1.2244303e+00     0.0000000e+00    -1.2244303e+00
*
*         simp_runs  =      2052               simp moves
*              rtol  =  9.10e-09               final rtol
*
* Simplex restart no. 1 of 10
*
*         - Initializing simplex arrays -
*
*
*      nfunk           rtol        pf        ar     ortho             e_ion              e_ss             e_tot
*X        11     1.4695e+00   0.56952   1.04871   0.70597    -1.2244303e+00     0.0000000e+00    -1.2244303e+00
*
*         simp_runs  =       812               simp moves
*              rtol  =  9.82e-09               final rtol
*
* Simplex restart no. 2 of 10
*
*         - Initializing simplex arrays -
*
*
*      nfunk           rtol        pf        ar     ortho             e_ion              e_ss             e_tot
*X        11     1.4695e+00   0.56952   1.04871   0.70597    -1.2244303e+00     0.0000000e+00    -1.2244303e+00
*
*         simp_runs  =       816               simp moves
*              rtol  =  9.57e-09               final rtol
*
* Simplex restart no. 3 of 10
*
*         - Initializing simplex arrays -
*
*
*      nfunk           rtol        pf        ar     ortho             e_ion              e_ss             e_tot
*X        11     1.4695e+00   0.56952   1.04871   0.70597    -1.2244303e+00     0.0000000e+00    -1.2244303e+00
*
*         simp_runs  =       841               simp moves
*              rtol  =  9.92e-09               final rtol
*
* Simplex restart no. 4 of 10
*
*         - Initializing simplex arrays -
*
*
*      nfunk           rtol        pf        ar     ortho             e_ion              e_ss             e_tot
*X        11     1.4695e+00   0.56952   1.04871   0.70597    -1.2244303e+00     0.0000000e+00    -1.2244303e+00
*
*         simp_runs  =       841               simp moves
*              rtol  =  9.92e-09               final rtol
*
* Simplex restart no. 5 of 10
*
*         - Initializing simplex arrays -
*
*
*      nfunk           rtol        pf        ar     ortho             e_ion              e_ss             e_tot
*X        11     1.4695e+00   0.56952   1.04871   0.70597    -1.2244303e+00     0.0000000e+00    -1.2244303e+00
*
*         simp_runs  =       841               simp moves
*              rtol  =  9.92e-09               final rtol
*
* Simplex restart no. 6 of 10
*
*         - Initializing simplex arrays -
*
*
*      nfunk           rtol        pf        ar     ortho             e_ion              e_ss             e_tot
*X        11     1.4695e+00   0.56952   1.04871   0.70597    -1.2244303e+00     0.0000000e+00    -1.2244303e+00
*
*         simp_runs  =       841               simp moves
*              rtol  =  9.92e-09               final rtol
*
* Simplex restart no. 7 of 10
*
*         - Initializing simplex arrays -
*
*
*      nfunk           rtol        pf        ar     ortho             e_ion              e_ss             e_tot
*X        11     1.4695e+00   0.56952   1.04871   0.70597    -1.2244303e+00     0.0000000e+00    -1.2244303e+00
*
*         simp_runs  =       841               simp moves
*              rtol  =  9.92e-09               final rtol
*
* Simplex restart no. 8 of 10
*
*         - Initializing simplex arrays -
*
*
*      nfunk           rtol        pf        ar     ortho             e_ion              e_ss             e_tot
*X        11     1.4695e+00   0.56952   1.04871   0.70597    -1.2244303e+00     0.0000000e+00    -1.2244303e+00
*
*         simp_runs  =       841               simp moves
*              rtol  =  9.92e-09               final rtol
*
* Simplex restart no. 9 of 10
*
*         - Initializing simplex arrays -
*
*
*      nfunk           rtol        pf        ar     ortho             e_ion              e_ss             e_tot
*X        11     1.4695e+00   0.56952   1.04871   0.70597    -1.2244303e+00     0.0000000e+00    -1.2244303e+00
*
*         simp_runs  =       841               simp moves
*              rtol  =  9.92e-09               final rtol
*
* Simplex restart no. 10 of 10
*
*         - Initializing simplex arrays -
*
*
*      nfunk           rtol        pf        ar     ortho             e_ion              e_ss             e_tot
*X        11     1.4695e+00   0.56952   1.04871   0.70597    -1.2244303e+00     0.0000000e+00    -1.2244303e+00
*
*         simp_runs  =       841               simp moves
*              rtol  =  9.92e-09               final rtol
*
****************************************************************
*
*          - Parameters at Post Simplex -
*
* Lattice parameters:
*
*             lat a  =    4.0957
*             lat b  =    3.9054
*             lat c  =    4.0501
*             alpha  =   56.8792
*             beta   =   63.2162
*             gamma  =   89.9976
*          cell vol  =   45.7353
*          cv/ortho  =    0.7060
*
* Energies:
*               ecc  = -1.2244e+00
*               eng  =  0.0000e+00
*
*
* Geometry:
*
*      packing frac  =    0.5695
*      aspect ratio  =    1.0487
*
* (dE/dV):
*                Px  =  1.1251e-02                    x-dir
*                Py  =  1.0000e+04                    y-dir
*                Pz  =  8.3434e-03                    z-dir
*
* Distances (PBC only):
*                                 min           hard           diff
*           ca1_ca1  =   1.000000e+06   2.320000e+00   9.999977e+05
*           ca1_ca2  =   1.000000e+06   1.160000e+00   9.999988e+05
*           ca1_ac1  =   2.830000e+00   2.830000e+00   3.729138e-09
*           ca1_av1  =   1.000000e+06  -1.000000e+00   1.000001e+06
*           ca1_ac2  =   1.000000e+06  -1.000000e+00   1.000001e+06
*           ca1_av2  =   1.000000e+06  -1.000000e+00   1.000001e+06
*           ca2_ca2  =   1.000000e+06   0.000000e+00   1.000000e+06
*           ca2_ac1  =   1.000000e+06   1.670000e+00   9.999983e+05
*           ca2_av1  =   1.000000e+06  -1.000000e+00   1.000001e+06
*           ca2_ac2  =   1.000000e+06  -1.000000e+00   1.000001e+06
*           ca2_av2  =   1.000000e+06  -1.000000e+00   1.000001e+06
*           ac1_ac1  =   1.000000e+06   3.340000e+00   9.999967e+05
*           ac1_av1  =   1.000000e+06  -1.000000e+00   1.000001e+06
*           ac1_ac2  =   1.000000e+06  -1.000000e+00   1.000001e+06
*           ac1_av2  =   1.000000e+06  -1.000000e+00   1.000001e+06
*           av1_av1  =   1.000000e+06  -1.000000e+00   1.000001e+06
*           av1_av2  =   1.000000e+06  -1.000000e+00   1.000001e+06
*           av2_av2  =   1.000000e+06  -1.000000e+00   1.000001e+06
*
*
***********************************************************
*        - Process and timing information -
*
* user time:   0 h 00 m 10.290901 s
* syst time:   0 h 00 m 00.004999 s
* signals: 0
* voluntary context switches: 8
* involuntary context switches: 6
*
***********************************************************
*SS symsearch output
*SS ( use:  | awk '($1=="*S"){print $0}' | sed 's/*S //' > temp.out )
*S Title
*S 1                 search type
*S 5.0 0.00001       displacement rms max min
*S 0.1 0.00001       strain rms max min
*S 1                 lattice input type
*S      4.09567     0.00000     0.00000
*S      0.00016     3.90544     0.00000
*S      1.82509     2.21294     2.85928
*S 1 0 0
*S 0 1 0
*S 0 0 1
*S 2                 number of atoms
*S 11 0
*S      0.22506     0.20005     0.04202
*S      0.71723     0.69010     0.05954
*FF findsym output
*FF ( use:  | awk '($1=="*F"){print $0}' | sed 's/*F //' > temp.out )
*F Title
*F 0.001       displacement rms max min
*F 1                 lattice input type
*F      4.09567     0.00000     0.00000
*F      0.00016     3.90544     0.00000
*F      1.82509     2.21294     2.85928
*F 1               basis vector in type
*F 1 0 0
*F 0 1 0
*F 0 0 1
*F 2                 number of atoms
*F 11 0
*F      0.22506     0.20005     0.04202
*F      0.71723     0.69010     0.05954
*DD powder output
*DD (use: | awk '($1=="*D"){print $0}' | sed 's/*D //' > temp.out )
*D 2
*D      4.09567     3.90544     4.05013
*D     56.87923    63.21615    89.99763
*D      0.22506     0.20005     0.04202        11
*D      0.71723     0.69010     0.05954         0
*PP poscar output
*PP (use: | awk '($1=="*P"){print $0}' | sed 's/*P //' > temp.out )
*P Z: 11 17 
*P 1.0 
*P      4.09566617     0.00000000     0.00000000
*P      0.00016179     3.90544349     0.00000000
*P      1.82509423     2.21293929     2.85928264
*P 1 1 0 
*P Direct
*P       0.225056749895      0.200050703922      0.042024341448
*P       0.717229922981      0.690099914620      0.059544961131
*QQ poscar output
*QQ (use: | awk '($1=="*Q"){print $0}' | sed 's/*Q //' > temp.out )
*Q +1.000000000000 -1.000000000000 
*Q 1.0 
*Q      4.09566617     0.00000000     0.00000000
*Q      0.00016179     3.90544349     0.00000000
*Q      1.82509423     2.21293929     2.85928264
*Q 1 1 0 
*Q Direct
*Q       0.225056749895      0.200050703922      0.042024341448
*Q       0.717229922981      0.690099914620      0.059544961131
*RR restart output
*RR (use: | awk '($1=="*R"){print $0}' | sed 's/*R //' > temp.out )
*R     4.095666166753    3.905443494133    4.050131661214
*R     0.992729759560    1.103329989892    1.570754898992
*R      1
*R      1     1
*R   -1.000000000000000   0.000000000000000
*R     0.000000000000    1.670000000000    0.000000000000    17     0
*R      1
*R      1   1.000000000000000
*R     1.160000000000    11
*R     0.225056749895    0.200050703922    0.042024341448
*R     0.717229922981    0.690099914620    0.059544961131
* XBS output
* CATION:
atom C     0.998488066    0.874284036    0.120159470
spec C     1.160000000    1.000000000    0.000000000    0.000000000
* ANION:
atom A     3.046321148    2.826915604    0.170255874
spec A     1.670000000    0.000000000    0.000000000    1.000000000
spec V     0.000000000    0.000000000    1.000000000    0.000000000
bonds A V  0.000000000    0.000000000    0.010000000    Black
* CELL PARAMETERS AND BORDER
atom 0    0.00000   0.00000   0.00000
atom 1    4.09567   0.00000   0.00000
atom 2    4.09583   3.90544   0.00000
atom 3    0.00016   3.90544   0.00000
atom 4    1.82509   2.21294   2.85928
atom 5    5.92076   2.21294   2.85928
atom 6    5.92092   6.11838   2.85928
atom 7    1.82526   6.11838   2.85928
spec 0     0.050000000    0.000000000    0.000000000    0.000000000
spec 1     0.050000000    0.000000000    0.000000000    0.000000000
spec 2     0.050000000    0.000000000    0.000000000    0.000000000
spec 3     0.050000000    0.000000000    0.000000000    0.000000000
spec 4     0.050000000    0.000000000    0.000000000    0.000000000
spec 5     0.050000000    0.000000000    0.000000000    0.000000000
spec 6     0.050000000    0.000000000    0.000000000    0.000000000
spec 7     0.050000000    0.000000000    0.000000000    0.000000000
bonds 0 1  4.091570501    4.099761833    0.010000000    Black
bonds 3 2  4.091570501    4.099761833    0.010000000    Black
bonds 4 5  4.091570501    4.099761833    0.010000000    Black
bonds 6 7  4.091570501    4.099761833    0.010000000    Black
bonds 1 2  3.901538051    3.909348938    0.010000000    Black
bonds 0 3  3.901538051    3.909348938    0.010000000    Black
bonds 5 6  3.901538051    3.909348938    0.010000000    Black
bonds 4 7  3.901538051    3.909348938    0.010000000    Black
bonds 0 4  4.046081530    4.054181793    0.010000000    Black
bonds 1 5  4.046081530    4.054181793    0.010000000    Black
bonds 2 6  4.046081530    4.054181793    0.010000000    Black
bonds 3 7  4.046081530    4.054181793    0.010000000    Black
inc 5.000000
dup    4.09567   0.00000   0.00000
dup    0.00016   3.90544   0.00000
dup    1.82509   2.21294   2.85928
