*************************************************
*	pack	(version 4.12.0.5)
*	Eric Majzoub
*	Sandia National Laboratories
*************************************************
*  Source file: main.c
*  Compile date: Dec 27 2012
*  Compile time: 17:19:04
*  commandline = /projects/e20438/bin/pack-4.12.0.5/pack_exe -f ../../NaCl_pegs.in -P -R -r 600 -t 15 -g 10921 
*  input file = ../../NaCl_pegs.in
**********************************************************************
**********************************************************************
**********************************************************************
* 
*       - General run comments -
* 
* WARN: no Rotations in Metropolis (-R flag).
* WARN: all anionic charge on center atom (-P flag).
*
**********************************************************************
*           - Input parameters -
*
*           restart  =         0         1 = restart calc
*        autoadjust  =         1   automatically set temp
*          aa_using  =         1        1=rej pct, 2=pCnt
*         basin hop  =         0           number of hops
*     non_per_ewald  =         0          1=nanopart calc
*
*             lat a  =   10.0000
*             lat b  =   10.0000
*             lat c  =   10.0000
*             alpha  =    1.5708
*             beta   =    1.5708
*             gamma  =    1.5708
*          cell vol  = 1000.0000
*      sqsh vol pct  =    0.2000
* 
*          cell_min  =    1.6700              min lat vec
*          cell_max  =  167.0000              max lat vec
* 
*         n_type_an  =         1          num type anions
*            num_an  =         1           tot num anions
* 
*          num_an_1  =         1        num anions type 1
*        num_vert_1  =         1     1=sph 2=dim 5=tet...
*       an_chrg_c_1  =   -1.0000      anion center charge
*       an_chrg_v_1  =    0.0000      anion vertex charge
*     tot_an_chrg_1  =   -1.0000       total anion charge
*           Rcent_1  =    1.6700         anion center rad
*           Rvert_1  =    0.0000         anion vertex rad
*             cvd_1  =    0.0000        cent to vert dist
*           Zcent_1  =        17           anion center Z
*           Zvert_1  =         0           anion vertex Z
* 
*          num_an_2  =         0        num anions type 2
*        num_vert_2  =         0     1=sph 2=dim 5=tet...
*       an_chrg_c_2  =    0.0000      anion center charge
*       an_chrg_v_2  =    0.0000      anion vertex charge
*     tot_an_chrg_2  =    0.0000       total anion charge
*           Rcent_2  =    0.0000         anion center rad
*           Rvert_2  =    0.0000         anion vertex rad
*             cvd_2  =    0.0000        cent to vert dist
*           Zcent_2  =         0           anion center Z
*           Zvert_2  =         0           anion vertex Z
* 
*         n_type_ca  =         1            num type cats
*            num_ca  =         1          tot num cations
* 
*          num_ca_1  =         1        num cations typ 1
*         ca_chrg_1  =    1.0000        cation chrg typ 1
*            Rcat_1  =    1.1600         cation rad typ 1
*            Zcat_1  =        11           cation Z typ 1
* 
*            C2VTOL  =  1.00e-08            c2v tolerance
*            ERRLIM  =  1.00e-06
*       REP_EPSILON  =  1.00e+00        soft sphere repul
*    TRANS_FRAC_MAX  =    0.5000                    fixed
*    TRANS_FRAC_MIN  =    0.0200
*      MAX_ANG_CHNG  =    9.9695                  degrees
*    VOLUM_FRAC_MAX  =    0.0700
*         EXT_PRESS  =  0.00e+00        external pressure
*      SQSH_VOL_PCT  =    0.2000             min orth val
*        ASPECT_MAX  =   20.0000                cell parm
*            dplane  =    1.6700            min plane sep
*      SCALE_FACTOR  =    1.2500         bhop max scaling
* 
*            d.o.f.  =        12       degrees of freedom
*          runs/dof  =       600         loops per d.o.f.
*              runs  =      7200              loops per T
*               ncc  =     28800     config changes per T
*            t_runs  =        15           num temp steps
*             efunc  =         0               0=SS  1=LJ
*       N_HALT_CHNG  =        15      halts after N 100%s
*
*      anneal_sched  =         3   0=lin or exp(-run_n^n)
*         temp_init  =  1.00e+00             initial temp
*         temp_finl  =  1.00e-03               final temp
* 
*          trn_chng  =         1              0=off  1=on
*          rot_chng  =         0              0=off  1=on
*          lat_chng  =         1              0=off  1=on
*          swp_chng  =         1              0=off  1=on
* 
*     SIMP_RESTARTS  =        11     no. simplex restarts
*  SIMP_RESTARTS BH  =        21  basin hop simp restarts
*         SIMP_NMAX  =      4500        max simplex iters
*          SIMP_DEG  =    1.0000          anion start deg
*         SIMP_LAMB  =    0.0100        vertex start frac
*       SIMP_ERRLIM  =  1.00e-08              error limit
* 
*           aa runs  =      1200           config changes
*      aa runs_step  =        10   config change increase
*       aa runs_max  =      1500  max auto config changes
*         aa t_runs  =         3            num temp runs
*      aa temp_step  =    0.5000                temp step
* 
*        aa chng hi  =         3  1=trn 2=rot 3=lat 4=swp
*        aa chng lo  =         3  1=trn 2=rot 3=lat 4=swp
* 
*      aa ht_pct_hi  =     0.650             high rej pct
*      aa ht_pct_lo  =     0.600             low  rej pct
* 
*      aa lt_pct_hi  =     0.999             high rej pct
*      aa lt_pct_lo  =     0.950             low  rej pct
* 
*            tmpfile =                   PR21525-best.tmp
* 
* Checking for out of bounds fractional coords.
*
**********************************************************************
*
*          - Parameters at START -
*
* Lattice parameters:
*
*             lat a  =   10.0000
*             lat b  =   10.0000
*             lat c  =   10.0000
*             alpha  =   90.0000
*             beta   =   90.0000
*             gamma  =   90.0000
*          cell vol  = 1000.0000
*          cv/ortho  =    1.0000
*
* Energies:
*               ecc  = -5.0621e-01
*               eng  =  0.0000e+00
*
*
* Geometry:
*
*      packing frac  =    0.0260
*      aspect ratio  =    1.0000
*
* (dE/dV):
*                Px  =  3.3293e-04                    x-dir
*                Py  = -2.7349e-05                    y-dir
*                Pz  =  2.0063e-04                    z-dir
*
* Distances (PBC only):
*                                 min           hard           diff
*           ca1_ca1  =   1.000000e+06   2.320000e+00   9.999977e+05
*           ca1_ca2  =   1.000000e+06   1.160000e+00   9.999988e+05
*           ca1_ac1  =   4.796249e+00   2.830000e+00   1.966249e+00
*           ca1_av1  =   1.000000e+06  -1.000000e+00   1.000001e+06
*           ca1_ac2  =   1.000000e+06  -1.000000e+00   1.000001e+06
*           ca1_av2  =   1.000000e+06  -1.000000e+00   1.000001e+06
*           ca2_ca2  =   1.000000e+06   0.000000e+00   1.000000e+06
*           ca2_ac1  =   1.000000e+06   1.670000e+00   9.999983e+05
*           ca2_av1  =   1.000000e+06  -1.000000e+00   1.000001e+06
*           ca2_ac2  =   1.000000e+06  -1.000000e+00   1.000001e+06
*           ca2_av2  =   1.000000e+06  -1.000000e+00   1.000001e+06
*           ac1_ac1  =   1.000000e+06   3.340000e+00   9.999967e+05
*           ac1_av1  =   1.000000e+06  -1.000000e+00   1.000001e+06
*           ac1_ac2  =   1.000000e+06  -1.000000e+00   1.000001e+06
*           ac1_av2  =   1.000000e+06  -1.000000e+00   1.000001e+06
*           av1_av1  =   1.000000e+06  -1.000000e+00   1.000001e+06
*           av1_av2  =   1.000000e+06  -1.000000e+00   1.000001e+06
*           av2_av2  =   1.000000e+06  -1.000000e+00   1.000001e+06
*
*
*
**********************************************************************
*
* ------------------------------------------------------------
*              Autoadjust high temperatrure:
* ------------------------------------------------------------
*              Autoadjusting on 3 (1=trn,2=rot,3=lat,4=swp)
*
**********************************************************************
*
*                 -- Autoadjust Metropolis Run --
*
*   autoadjust_temp_init  =  1.0000e+00
*   autoadjust_temp_step  =  5.0000e-01
*        autoadjust_runs  =        1200         configs per temp
*       autoadjust_count  =           1
*
**********************************************************************
*
* Metropolis: 3 temperature runs with these parameters:
*
*              runs  =      1200              loops per T
*               T_0  = 1.000e+00             initial temp
*               T_L  = 1.000e+00               final temp
*           T_alpha  = 8.000e+09          annealing alpha
*
*            T = T_0 * exp( -run_num**3 / T_alpha )
*
**********************************************************************
*H run      Temp       E_ion        E_ss   cel vol       SigPF       ar     ortho        pCnt          % Rejected Changes
*H                                                                                                 trn      rot      lat      swp
*T   1  1.00e+00  -3.630e-01  +0.000e+00   3899.25   5.089e-02    2.292     0.384   7.685e-02    23.25     0.00     1.83     0.00
*T   2  1.00e+00  -4.430e-01  +0.000e+00   2337.21   1.133e-02    9.883     0.468   5.685e-02    14.17     0.00     1.50     0.00
*T   3  1.00e+00  -4.069e-01  +0.000e+00   1447.74   8.860e-03    2.836     0.264   2.575e-01    20.58     0.00     2.42     0.00
*
**********************************************************************
*
*                 -- AUTOADJUST [1] OUT --
*
*     target: lo % = 60.000000      hi % = 65.000000
*     Autoadjust % =  2.416667
*     Autoadjust: Lowering the temperature 5.000e-01 [a.u.]
*
**********************************************************************
*
*                 -- Autoadjust Metropolis Run --
*
*   autoadjust_temp_init  =  5.0000e-01
*   autoadjust_temp_step  =  5.0000e-01
*        autoadjust_runs  =        1210         configs per temp
*       autoadjust_count  =           2
*
**********************************************************************
*
* Metropolis: 3 temperature runs with these parameters:
*
*              runs  =      1210              loops per T
*               T_0  = 5.000e-01             initial temp
*               T_L  = 4.995e-01               final temp
*           T_alpha  = 7.996e+03          annealing alpha
*
*            T = T_0 * exp( -run_num**3 / T_alpha )
*
**********************************************************************
*H run      Temp       E_ion        E_ss   cel vol       SigPF       ar     ortho        pCnt          % Rejected Changes
*H                                                                                                 trn      rot      lat      swp
*T   1  5.00e-01  -5.949e-01  +0.000e+00    210.85   1.781e-02    2.279     0.358   7.054e-02    17.85     0.00     3.31     0.00
*T   2  5.00e-01  -7.901e-01  +0.000e+00    335.45   4.288e-02    1.104     0.312   1.197e-01    30.74     0.00     4.30     0.00
*T   3  4.99e-01  -2.372e-01  +0.000e+00   2085.29   6.193e-02    1.951     0.244   3.739e-01    40.74     0.00     6.20     0.00
*
**********************************************************************
*
*                 -- AUTOADJUST [2] OUT --
*
*     target: lo % = 60.000000      hi % = 65.000000
*     Autoadjust % =  6.198347
*     Autoadjust: special case: (T-Tstep) = 0.000e+00 [a.u.]
*     Autoadjust: special case: ===> drop temp step to: 2.250e-01 [a.u.]
*     Autoadjust: Lowering the temperature 2.250e-01 [a.u.]
*
**********************************************************************
*
*                 -- Autoadjust Metropolis Run --
*
*   autoadjust_temp_init  =  2.7500e-01
*   autoadjust_temp_step  =  2.2500e-01
*        autoadjust_runs  =        1220         configs per temp
*       autoadjust_count  =           3
*
**********************************************************************
*
* Metropolis: 3 temperature runs with these parameters:
*
*              runs  =      1220              loops per T
*               T_0  = 2.750e-01             initial temp
*               T_L  = 2.747e-01               final temp
*           T_alpha  = 7.996e+03          annealing alpha
*
*            T = T_0 * exp( -run_num**3 / T_alpha )
*
**********************************************************************
*H run      Temp       E_ion        E_ss   cel vol       SigPF       ar     ortho        pCnt          % Rejected Changes
*H                                                                                                 trn      rot      lat      swp
*T   1  2.75e-01  -3.712e-01  +0.000e+00   5433.70   2.972e-02    1.906     0.269   7.745e-01    42.46     0.00     9.92     0.00
*T   2  2.75e-01  -4.230e-01  +0.000e+00   1145.26   3.337e-02    2.881     0.295   2.651e-01    37.30     0.00     4.02     0.00
*T   3  2.75e-01  -6.809e-01  +0.000e+00   2180.38   1.117e-02    4.508     0.262   3.276e-01    32.13     0.00     3.85     0.00
*
**********************************************************************
*
*                 -- AUTOADJUST [3] OUT --
*
*     target: lo % = 60.000000      hi % = 65.000000
*     Autoadjust % =  3.852459
*     Autoadjust: Lowering the temperature 2.250e-01 [a.u.]
*
**********************************************************************
*
*                 -- Autoadjust Metropolis Run --
*
*   autoadjust_temp_init  =  5.0000e-02
*   autoadjust_temp_step  =  2.2500e-01
*        autoadjust_runs  =        1230         configs per temp
*       autoadjust_count  =           4
*
**********************************************************************
*
* Metropolis: 3 temperature runs with these parameters:
*
*              runs  =      1230              loops per T
*               T_0  = 5.000e-02             initial temp
*               T_L  = 4.995e-02               final temp
*           T_alpha  = 7.996e+03          annealing alpha
*
*            T = T_0 * exp( -run_num**3 / T_alpha )
*
**********************************************************************
*H run      Temp       E_ion        E_ss   cel vol       SigPF       ar     ortho        pCnt          % Rejected Changes
*H                                                                                                 trn      rot      lat      swp
*T   1  5.00e-02  -7.348e-01  +0.000e+00   2984.11   7.388e-03    6.753     0.236   3.795e+00    97.89     0.00    20.41     0.00
*T   2  5.00e-02  -9.151e-01  +0.000e+00   6303.25   2.247e-03   16.146     0.294   1.285e+00   100.00     0.00    18.21     0.00
*T   3  5.00e-02  -8.319e-01  +0.000e+00   4249.20   1.715e-03    9.438     0.395   2.383e+00    99.92     0.00    28.29     0.00
*
**********************************************************************
*
*                 -- AUTOADJUST [4] OUT --
*
*     target: lo % = 60.000000      hi % = 65.000000
*     Autoadjust % = 28.292683
*     Autoadjust: special case: (T-Tstep) = -1.750e-01 [a.u.]
*     Autoadjust: special case: ===> drop temp step to: 1.013e-01 [a.u.]
*     Autoadjust: special case: (T-Tstep) = -5.125e-02 [a.u.]
*     Autoadjust: special case: ===> drop temp step to: 4.556e-02 [a.u.]
*     Autoadjust: Lowering the temperature 4.556e-02 [a.u.]
*
**********************************************************************
*
*                 -- Autoadjust Metropolis Run --
*
*   autoadjust_temp_init  =  4.4375e-03
*   autoadjust_temp_step  =  4.5563e-02
*        autoadjust_runs  =        1240         configs per temp
*       autoadjust_count  =           5
*
**********************************************************************
*
* Metropolis: 3 temperature runs with these parameters:
*
*              runs  =      1240              loops per T
*               T_0  = 4.438e-03             initial temp
*               T_L  = 4.433e-03               final temp
*           T_alpha  = 7.996e+03          annealing alpha
*
*            T = T_0 * exp( -run_num**3 / T_alpha )
*
**********************************************************************
*H run      Temp       E_ion        E_ss   cel vol       SigPF       ar     ortho        pCnt          % Rejected Changes
*H                                                                                                 trn      rot      lat      swp
*T   1  4.44e-03  -9.523e-01  +0.000e+00   2140.80   6.733e-03    7.685     0.392   1.993e+01   100.00     0.00    72.58     0.00
*T   2  4.44e-03  -9.686e-01  +0.000e+00   2193.29   7.144e-03    8.248     0.367   2.726e+00   100.00     0.00    80.40     0.00
*T   3  4.43e-03  -9.511e-01  +0.000e+00   1882.60   8.525e-03    7.877     0.535   2.503e+00   100.00     0.00    76.29     0.00
*
**********************************************************************
*
*                 -- AUTOADJUST [5] OUT --
*
*     target: lo % = 60.000000      hi % = 65.000000
*     Autoadjust % = 76.290323
*     Autoadjust: overshot! drop temp step to: 2.050e-02 [a.u.]
*     Autoadjust: Raising the temperature 2.050e-02 [a.u.]
*
**********************************************************************
*
*                 -- Autoadjust Metropolis Run --
*
*   autoadjust_temp_init  =  2.4941e-02
*   autoadjust_temp_step  =  2.0503e-02
*        autoadjust_runs  =        1250         configs per temp
*       autoadjust_count  =           6
*
**********************************************************************
*
* Metropolis: 3 temperature runs with these parameters:
*
*              runs  =      1250              loops per T
*               T_0  = 2.494e-02             initial temp
*               T_L  = 2.492e-02               final temp
*           T_alpha  = 7.996e+03          annealing alpha
*
*            T = T_0 * exp( -run_num**3 / T_alpha )
*
**********************************************************************
*H run      Temp       E_ion        E_ss   cel vol       SigPF       ar     ortho        pCnt          % Rejected Changes
*H                                                                                                 trn      rot      lat      swp
*T   1  2.49e-02  -9.645e-01  +0.000e+00   2871.54   6.340e-03    7.623     0.309   2.367e+00    99.92     0.00    36.48     0.00
*T   2  2.49e-02  -9.181e-01  +0.000e+00   1865.34   5.894e-03    5.114     0.741   9.940e-01    99.92     0.00    37.92     0.00
*T   3  2.49e-02  -9.477e-01  +0.000e+00   1084.18   1.805e-02    4.783     0.595   9.957e-01    99.92     0.00    36.64     0.00
*
**********************************************************************
*
*                 -- AUTOADJUST [6] OUT --
*
*     target: lo % = 60.000000      hi % = 65.000000
*     Autoadjust % = 36.640000
*     Autoadjust: overshot! drop temp step to: 9.226e-03 [a.u.]
*     Autoadjust: Lowering the temperature 9.226e-03 [a.u.]
*
**********************************************************************
*
*                 -- Autoadjust Metropolis Run --
*
*   autoadjust_temp_init  =  1.5714e-02
*   autoadjust_temp_step  =  9.2264e-03
*        autoadjust_runs  =        1260         configs per temp
*       autoadjust_count  =           7
*
**********************************************************************
*
* Metropolis: 3 temperature runs with these parameters:
*
*              runs  =      1260              loops per T
*               T_0  = 1.571e-02             initial temp
*               T_L  = 1.570e-02               final temp
*           T_alpha  = 7.996e+03          annealing alpha
*
*            T = T_0 * exp( -run_num**3 / T_alpha )
*
**********************************************************************
*H run      Temp       E_ion        E_ss   cel vol       SigPF       ar     ortho        pCnt          % Rejected Changes
*H                                                                                                 trn      rot      lat      swp
*T   1  1.57e-02  -9.302e-01  +0.000e+00    495.27   1.779e-02    3.615     0.418   2.976e+00   100.00     0.00    44.29     0.00
*T   2  1.57e-02  -9.343e-01  +0.000e+00    747.37   2.693e-02    4.585     0.503   1.401e+00   100.00     0.00    50.16     0.00
*T   3  1.57e-02  -9.688e-01  +0.000e+00    350.63   3.372e-02    2.915     0.554   2.289e+00    99.84     0.00    52.54     0.00
*
**********************************************************************
*
*                 -- AUTOADJUST [7] OUT --
*
*     target: lo % = 60.000000      hi % = 65.000000
*     Autoadjust % = 52.539683
*     Autoadjust: Lowering the temperature 9.226e-03 [a.u.]
*
**********************************************************************
*
*                 -- Autoadjust Metropolis Run --
*
*   autoadjust_temp_init  =  6.4878e-03
*   autoadjust_temp_step  =  9.2264e-03
*        autoadjust_runs  =        1270         configs per temp
*       autoadjust_count  =           8
*
**********************************************************************
*
* Metropolis: 3 temperature runs with these parameters:
*
*              runs  =      1270              loops per T
*               T_0  = 6.488e-03             initial temp
*               T_L  = 6.481e-03               final temp
*           T_alpha  = 7.996e+03          annealing alpha
*
*            T = T_0 * exp( -run_num**3 / T_alpha )
*
**********************************************************************
*H run      Temp       E_ion        E_ss   cel vol       SigPF       ar     ortho        pCnt          % Rejected Changes
*H                                                                                                 trn      rot      lat      swp
*T   1  6.49e-03  -1.053e+00  +0.000e+00    103.11   8.320e-02    2.189     0.324   1.763e+01    99.92     0.00    57.95     0.00
*T   2  6.49e-03  -1.060e+00  +0.000e+00     94.26   1.573e-01    2.370     0.357   3.039e+00   100.00     0.00    78.90     0.00
*T   3  6.48e-03  -1.062e+00  +0.000e+00     99.56   1.568e-01    2.303     0.357   2.359e+00   100.00     0.00    78.11     0.00
*
**********************************************************************
*
*                 -- AUTOADJUST [8] OUT --
*
*     target: lo % = 60.000000      hi % = 65.000000
*     Autoadjust % = 78.110236
*     Autoadjust: overshot! drop temp step to: 4.152e-03 [a.u.]
*     Autoadjust: Raising the temperature 4.152e-03 [a.u.]
*
**********************************************************************
*
*                 -- Autoadjust Metropolis Run --
*
*   autoadjust_temp_init  =  1.0640e-02
*   autoadjust_temp_step  =  4.1519e-03
*        autoadjust_runs  =        1280         configs per temp
*       autoadjust_count  =           9
*
**********************************************************************
*
* Metropolis: 3 temperature runs with these parameters:
*
*              runs  =      1280              loops per T
*               T_0  = 1.064e-02             initial temp
*               T_L  = 1.063e-02               final temp
*           T_alpha  = 7.996e+03          annealing alpha
*
*            T = T_0 * exp( -run_num**3 / T_alpha )
*
**********************************************************************
*H run      Temp       E_ion        E_ss   cel vol       SigPF       ar     ortho        pCnt          % Rejected Changes
*H                                                                                                 trn      rot      lat      swp
*T   1  1.06e-02  -1.028e+00  +0.000e+00    112.44   1.478e-01    2.096     0.425   3.704e+00    99.45     0.00    72.42     0.00
*T   2  1.06e-02  -1.005e+00  +0.000e+00    259.93   1.381e-01    2.496     0.807   4.081e+00    99.77     0.00    70.86     0.00
*T   3  1.06e-02  -1.136e+00  +0.000e+00     57.32   1.835e-01    1.876     0.429   5.593e+00    98.98     0.00    64.77     0.00
*
**********************************************************************
*
*                 -- AUTOADJUST [9] OUT --
*
*     target: lo % = 60.000000      hi % = 65.000000
*     Autoadjust % = 64.765625
*     Autoadjust: temp = 1.064e-02  is good!  Exiting autoadjust.
*
**********************************************************************
*
* ------------------------------------------------------------
*              Autoadjust low temperatrure:
* ------------------------------------------------------------
*              Autoadjusting on 3 (1=trn,2=rot,3=lat,4=swp)
*
**********************************************************************
*
*                 -- Autoadjust Metropolis Run --
*
*   autoadjust_temp_init  =  2.0000e-02
*   autoadjust_temp_step  =  5.0000e-01
*        autoadjust_runs  =        1200         configs per temp
*       autoadjust_count  =           1
*
**********************************************************************
*
* Metropolis: 3 temperature runs with these parameters:
*
*              runs  =      1200              loops per T
*               T_0  = 2.000e-02             initial temp
*               T_L  = 2.000e-02               final temp
*           T_alpha  = 1.600e+08          annealing alpha
*
*            T = T_0 * exp( -run_num**3 / T_alpha )
*
**********************************************************************
*H run      Temp       E_ion        E_ss   cel vol       SigPF       ar     ortho        pCnt          % Rejected Changes
*H                                                                                                 trn      rot      lat      swp
*T   1  2.00e-02  -1.099e+00  +0.000e+00     49.93   2.260e-01    1.631     0.473   4.755e+00    99.25     0.00    57.08     0.00
*T   2  2.00e-02  -1.098e+00  +0.000e+00     52.71   2.223e-01    1.537     0.449   2.513e+00    99.17     0.00    56.75     0.00
*T   3  2.00e-02  -1.063e+00  +0.000e+00     58.78   2.290e-01    1.576     0.453   3.536e+00    97.83     0.00    56.08     0.00
*
**********************************************************************
*
*                 -- AUTOADJUST [1] OUT --
*
*     target: lo % = 95.000000      hi % = 99.900000
*     Autoadjust % = 56.083333
*     Autoadjust: special case: (T-Tstep) = -4.800e-01 [a.u.]
*     Autoadjust: special case: ===> drop temp step to: 2.250e-01 [a.u.]
*     Autoadjust: special case: (T-Tstep) = -2.050e-01 [a.u.]
*     Autoadjust: special case: ===> drop temp step to: 1.013e-01 [a.u.]
*     Autoadjust: special case: (T-Tstep) = -8.125e-02 [a.u.]
*     Autoadjust: special case: ===> drop temp step to: 4.556e-02 [a.u.]
*     Autoadjust: special case: (T-Tstep) = -2.556e-02 [a.u.]
*     Autoadjust: special case: ===> drop temp step to: 2.050e-02 [a.u.]
*     Autoadjust: special case: (T-Tstep) = -5.031e-04 [a.u.]
*     Autoadjust: special case: ===> drop temp step to: 9.226e-03 [a.u.]
*     Autoadjust: Lowering the temperature 9.226e-03 [a.u.]
*
**********************************************************************
*
*                 -- Autoadjust Metropolis Run --
*
*   autoadjust_temp_init  =  1.0774e-02
*   autoadjust_temp_step  =  9.2264e-03
*        autoadjust_runs  =        1210         configs per temp
*       autoadjust_count  =           2
*
**********************************************************************
*
* Metropolis: 3 temperature runs with these parameters:
*
*              runs  =      1210              loops per T
*               T_0  = 1.077e-02             initial temp
*               T_L  = 1.076e-02               final temp
*           T_alpha  = 7.996e+03          annealing alpha
*
*            T = T_0 * exp( -run_num**3 / T_alpha )
*
**********************************************************************
*H run      Temp       E_ion        E_ss   cel vol       SigPF       ar     ortho        pCnt          % Rejected Changes
*H                                                                                                 trn      rot      lat      swp
*T   1  1.08e-02  -1.117e+00  +0.000e+00     51.31   2.825e-01    1.674     0.503   3.945e+00    99.67     0.00    71.24     0.00
*T   2  1.08e-02  -1.138e+00  +0.000e+00     47.78   3.031e-01    1.475     0.518   3.833e+00    99.92     0.00    70.66     0.00
*T   3  1.08e-02  -1.053e+00  +0.000e+00     62.17   2.839e-01    1.637     0.493   7.407e+00    99.92     0.00    73.06     0.00
*
**********************************************************************
*
*                 -- AUTOADJUST [2] OUT --
*
*     target: lo % = 95.000000      hi % = 99.900000
*     Autoadjust % = 73.057851
*     Autoadjust: Lowering the temperature 9.226e-03 [a.u.]
*
**********************************************************************
*
*                 -- Autoadjust Metropolis Run --
*
*   autoadjust_temp_init  =  1.5472e-03
*   autoadjust_temp_step  =  9.2264e-03
*        autoadjust_runs  =        1220         configs per temp
*       autoadjust_count  =           3
*
**********************************************************************
*
* Metropolis: 3 temperature runs with these parameters:
*
*              runs  =      1220              loops per T
*               T_0  = 1.547e-03             initial temp
*               T_L  = 1.546e-03               final temp
*           T_alpha  = 7.996e+03          annealing alpha
*
*            T = T_0 * exp( -run_num**3 / T_alpha )
*
**********************************************************************
*H run      Temp       E_ion        E_ss   cel vol       SigPF       ar     ortho        pCnt          % Rejected Changes
*H                                                                                                 trn      rot      lat      swp
*T   1  1.55e-03  -1.166e+00  +0.000e+00     50.45   3.147e-01    1.627     0.474   3.109e+02    99.84     0.00    92.87     0.00
*T   2  1.55e-03  -1.167e+00  +0.000e+00     50.37   3.386e-01    1.620     0.462   1.114e+00   100.00     0.00    95.25     0.00
*T   3  1.55e-03  -1.172e+00  +0.000e+00     49.83   3.334e-01    1.590     0.467   4.824e+00   100.00     0.00    92.95     0.00
*
**********************************************************************
*
*                 -- AUTOADJUST [3] OUT --
*
*     target: lo % = 95.000000      hi % = 99.900000
*     Autoadjust % = 92.950820
*     Autoadjust: special case: (T-Tstep) = -7.679e-03 [a.u.]
*     Autoadjust: special case: ===> drop temp step to: 4.152e-03 [a.u.]
*     Autoadjust: special case: (T-Tstep) = -2.605e-03 [a.u.]
*     Autoadjust: special case: ===> drop temp step to: 1.868e-03 [a.u.]
*     Autoadjust: special case: (T-Tstep) = -3.212e-04 [a.u.]
*     Autoadjust: special case: ===> drop temp step to: 8.408e-04 [a.u.]
*     Autoadjust: Lowering the temperature 8.408e-04 [a.u.]
*
**********************************************************************
*
*                 -- Autoadjust Metropolis Run --
*
*   autoadjust_temp_init  =  7.0643e-04
*   autoadjust_temp_step  =  8.4076e-04
*        autoadjust_runs  =        1230         configs per temp
*       autoadjust_count  =           4
*
**********************************************************************
*
* Metropolis: 3 temperature runs with these parameters:
*
*              runs  =      1230              loops per T
*               T_0  = 7.064e-04             initial temp
*               T_L  = 7.057e-04               final temp
*           T_alpha  = 7.996e+03          annealing alpha
*
*            T = T_0 * exp( -run_num**3 / T_alpha )
*
**********************************************************************
*H run      Temp       E_ion        E_ss   cel vol       SigPF       ar     ortho        pCnt          % Rejected Changes
*H                                                                                                 trn      rot      lat      swp
*T   1  7.06e-04  -1.175e+00  +0.000e+00     49.41   3.431e-01    1.574     0.463   7.502e+02   100.00     0.00    95.53     0.00
*T   2  7.06e-04  -1.178e+00  +0.000e+00     48.90   3.455e-01    1.577     0.462   5.181e+00   100.00     0.00    96.02     0.00
*T   3  7.06e-04  -1.179e+00  +0.000e+00     48.92   3.499e-01    1.563     0.462   8.929e-01   100.00     0.00    97.48     0.00
*
**********************************************************************
*
*                 -- AUTOADJUST [4] OUT --
*
*     target: lo % = 95.000000      hi % = 99.900000
*     Autoadjust % = 97.479675
*     Autoadjust: temp = 7.064e-04  is good!  Exiting autoadjust.
*
**********************************************************************
*
*
*          -- Initializing cell contents --
*
*
*
**********************************************************************
*
*            -- Starting Metropolis calculation --
*
*              temp_init  = 1.064e-02
*
**********************************************************************
*
* Metropolis: 15 temperature runs with these parameters:
*
*              runs  =      7200              loops per T
*               T_0  = 1.064e-02             initial temp
*               T_L  = 7.064e-04               final temp
*           T_alpha  = 1.012e+03          annealing alpha
*
*            T = T_0 * exp( -run_num**3 / T_alpha )
*
**********************************************************************
*H run      Temp       E_ion        E_ss   cel vol       SigPF       ar     ortho        pCnt          % Rejected Changes
*H                                                                                                 trn      rot      lat      swp
*M   1  1.06e-02  -1.088e+00  +0.000e+00     77.32   1.737e-01    1.187     0.647   3.230e+01    99.72     0.00    56.85     0.00
*M   2  1.06e-02  -1.156e+00  +0.000e+00     56.01   2.650e-01    1.348     0.508   7.872e+00    99.86     0.00    75.11     0.00
*M   3  1.06e-02  -1.119e+00  +0.000e+00     48.73   2.938e-01    1.745     0.625   4.808e+00    99.92     0.00    75.18     0.00
*M   4  1.04e-02  -1.104e+00  +0.000e+00     63.11   2.877e-01    2.001     0.438   5.948e+00    99.86     0.00    75.54     0.00
*M   5  9.99e-03  -1.170e+00  +0.000e+00     42.99   2.997e-01    1.407     0.665   6.656e+00    99.75     0.00    74.62     0.00
*M   6  9.40e-03  -1.157e+00  +0.000e+00     44.34   3.286e-01    1.457     0.741   3.610e+00    99.92     0.00    77.92     0.00
*M   7  8.59e-03  -1.181e+00  +0.000e+00     47.50   3.127e-01    1.293     0.734   5.589e+00    99.89     0.00    79.38     0.00
*M   8  7.58e-03  -1.171e+00  +0.000e+00     51.26   3.122e-01    1.158     0.748   7.259e+00    99.99     0.00    81.24     0.00
*M   9  6.41e-03  -1.165e+00  +0.000e+00     50.06   3.196e-01    1.097     0.636   4.470e+00    99.96     0.00    82.44     0.00
*M  10  5.18e-03  -1.179e+00  +0.000e+00     47.57   3.335e-01    1.136     0.638   1.009e+01    99.99     0.00    86.39     0.00
*M  11  3.96e-03  -1.198e+00  +0.000e+00     49.15   3.426e-01    1.065     0.736   3.469e+00   100.00     0.00    90.19     0.00
*M  12  2.85e-03  -1.209e+00  +0.000e+00     48.08   3.459e-01    1.073     0.726   2.929e+00   100.00     0.00    93.00     0.00
*M  13  1.93e-03  -1.207e+00  +0.000e+00     48.57   3.511e-01    1.045     0.708   3.227e+00   100.00     0.00    94.93     0.00
*M  14  1.21e-03  -1.212e+00  +0.000e+00     48.03   3.571e-01    1.035     0.708   2.603e+00   100.00     0.00    96.75     0.00
*M  15  7.06e-04  -1.214e+00  +0.000e+00     47.64   3.614e-01    1.045     0.710   2.497e+00   100.00     0.00    98.53     0.01
*
**********************************************************************
*
*
*          - Parameters at Post Ewald-Metro -
*
* Lattice parameters:
*
*             lat a  =    4.1366
*             lat b  =    4.0990
*             lat c  =    3.9587
*             alpha  =  119.8484
*             beta   =   89.7259
*             gamma  =   60.2585
*          cell vol  =   47.6445
*          cv/ortho  =    0.7098
*
* Energies:
*               ecc  = -1.2144e+00
*               eng  =  0.0000e+00
*
*
* Geometry:
*
*      packing frac  =    0.5467
*      aspect ratio  =    1.0449
*
* (dE/dV):
*                Px  =  9.5990e-03                    x-dir
*                Py  =  8.3080e-03                    y-dir
*                Pz  =  7.5810e-03                    z-dir
*
* Distances (PBC only):
*                                 min           hard           diff
*           ca1_ca1  =   1.000000e+06   2.320000e+00   9.999977e+05
*           ca1_ca2  =   1.000000e+06   1.160000e+00   9.999988e+05
*           ca1_ac1  =   2.833381e+00   2.830000e+00   3.380928e-03
*           ca1_av1  =   1.000000e+06  -1.000000e+00   1.000001e+06
*           ca1_ac2  =   1.000000e+06  -1.000000e+00   1.000001e+06
*           ca1_av2  =   1.000000e+06  -1.000000e+00   1.000001e+06
*           ca2_ca2  =   1.000000e+06   0.000000e+00   1.000000e+06
*           ca2_ac1  =   1.000000e+06   1.670000e+00   9.999983e+05
*           ca2_av1  =   1.000000e+06  -1.000000e+00   1.000001e+06
*           ca2_ac2  =   1.000000e+06  -1.000000e+00   1.000001e+06
*           ca2_av2  =   1.000000e+06  -1.000000e+00   1.000001e+06
*           ac1_ac1  =   1.000000e+06   3.340000e+00   9.999967e+05
*           ac1_av1  =   1.000000e+06  -1.000000e+00   1.000001e+06
*           ac1_ac2  =   1.000000e+06  -1.000000e+00   1.000001e+06
*           ac1_av2  =   1.000000e+06  -1.000000e+00   1.000001e+06
*           av1_av1  =   1.000000e+06  -1.000000e+00   1.000001e+06
*           av1_av2  =   1.000000e+06  -1.000000e+00   1.000001e+06
*           av2_av2  =   1.000000e+06  -1.000000e+00   1.000001e+06
*
*
*
**********************************************************************
*
*         - Comparing with 'best' structure -
*
****************************************************************
*
*          best ecc  = -1.2160e+00
*          best eng  =  0.0000e+00
*           ecc+eng  = -1.2160e+00
*          best vol  =  4.7513e+01
*           best pf  =  5.4822e-01
*
*     post_runs ecc  = -1.2144e+00
*     post_runs eng  =  0.0000e+00
*           ecc+eng  = -1.2144e+00
*     post_runs vol  =  4.7645e+01
*      post_runs pf  =  5.4670e-01
*
*       dV / V_runs  =  2.7707e-03
*
*          ecc_diff  = -1.6098e-03
*          eng_diff  =  0.0000e+00
*
*
****************************************************************
*
*  mag_ecc_diff > mag_eng_diff AND within BEST_VOL AND
* 'best' has lower energy than post runs! --> swapping.
*
****************************************************************
*
*
*          - Parameters at Post 'best-swap' -
*
* Lattice parameters:
*
*             lat a  =    4.1082
*             lat b  =    4.1070
*             lat c  =    3.9804
*             alpha  =  119.7276
*             beta   =   89.6645
*             gamma  =   59.9574
*          cell vol  =   47.5125
*          cv/ortho  =    0.7075
*
* Energies:
*               ecc  = -1.2160e+00
*               eng  =  0.0000e+00
*
*
* Geometry:
*
*      packing frac  =    0.5482
*      aspect ratio  =    1.0321
*
* (dE/dV):
*                Px  =  9.2178e-03                    x-dir
*                Py  =  8.4873e-03                    y-dir
*                Pz  =  7.8875e-03                    z-dir
*
* Distances (PBC only):
*                                 min           hard           diff
*           ca1_ca1  =   1.000000e+06   2.320000e+00   9.999977e+05
*           ca1_ca2  =   1.000000e+06   1.160000e+00   9.999988e+05
*           ca1_ac1  =   2.830099e+00   2.830000e+00   9.872175e-05
*           ca1_av1  =   1.000000e+06  -1.000000e+00   1.000001e+06
*           ca1_ac2  =   1.000000e+06  -1.000000e+00   1.000001e+06
*           ca1_av2  =   1.000000e+06  -1.000000e+00   1.000001e+06
*           ca2_ca2  =   1.000000e+06   0.000000e+00   1.000000e+06
*           ca2_ac1  =   1.000000e+06   1.670000e+00   9.999983e+05
*           ca2_av1  =   1.000000e+06  -1.000000e+00   1.000001e+06
*           ca2_ac2  =   1.000000e+06  -1.000000e+00   1.000001e+06
*           ca2_av2  =   1.000000e+06  -1.000000e+00   1.000001e+06
*           ac1_ac1  =   1.000000e+06   3.340000e+00   9.999967e+05
*           ac1_av1  =   1.000000e+06  -1.000000e+00   1.000001e+06
*           ac1_ac2  =   1.000000e+06  -1.000000e+00   1.000001e+06
*           ac1_av2  =   1.000000e+06  -1.000000e+00   1.000001e+06
*           av1_av1  =   1.000000e+06  -1.000000e+00   1.000001e+06
*           av1_av2  =   1.000000e+06  -1.000000e+00   1.000001e+06
*           av2_av2  =   1.000000e+06  -1.000000e+00   1.000001e+06
*
*
*
**********************************************************************
*
*         - Final Simplex relaxation with restarts -
*
**********************************************************************
*
*
****************************************************************
*
*
*        - Simplex Minimiziation Routine -
*
*
* Note: No aspect ratio constraint.
*
*
*            n_simp  =        15                   D.O.F.
*         simp_nmax  =      4500                max moves
*       simp_errlim  =  1.00e-08
*
*
*         - Initializing simplex arrays -
*
*
*      nfunk           rtol        pf        ar     ortho             e_ion              e_ss             e_tot
*X        11     1.4742e+00   0.54822   1.03211   0.70747    -1.2159872e+00     0.0000000e+00    -1.2159872e+00
*X      2001     1.0410e-07   0.56149   1.04233   0.70687    -1.2254969e+00     0.0000000e+00    -1.2254969e+00
*
*         simp_runs  =      2546               simp moves
*              rtol  =  9.59e-09               final rtol
*
* Simplex restart no. 1 of 10
*
*         - Initializing simplex arrays -
*
*
*      nfunk           rtol        pf        ar     ortho             e_ion              e_ss             e_tot
*X        11     1.5025e+00   0.56149   1.04234   0.70688    -1.2254982e+00     0.0000000e+00    -1.2254982e+00
*
*         simp_runs  =      1114               simp moves
*              rtol  =  9.86e-09               final rtol
*
* Simplex restart no. 2 of 10
*
*         - Initializing simplex arrays -
*
*
*      nfunk           rtol        pf        ar     ortho             e_ion              e_ss             e_tot
*X        11     1.5025e+00   0.56149   1.04234   0.70688    -1.2254987e+00     0.0000000e+00    -1.2254987e+00
*
*         simp_runs  =       830               simp moves
*              rtol  =  9.70e-09               final rtol
*
* Simplex restart no. 3 of 10
*
*         - Initializing simplex arrays -
*
*
*      nfunk           rtol        pf        ar     ortho             e_ion              e_ss             e_tot
*X        11     1.5025e+00   0.56149   1.04234   0.70688    -1.2254987e+00     0.0000000e+00    -1.2254987e+00
*
*         simp_runs  =       851               simp moves
*              rtol  =  9.87e-09               final rtol
*
* Simplex restart no. 4 of 10
*
*         - Initializing simplex arrays -
*
*
*      nfunk           rtol        pf        ar     ortho             e_ion              e_ss             e_tot
*X        11     1.5025e+00   0.56149   1.04234   0.70688    -1.2254987e+00     0.0000000e+00    -1.2254987e+00
*
*         simp_runs  =       859               simp moves
*              rtol  =  9.90e-09               final rtol
*
* Simplex restart no. 5 of 10
*
*         - Initializing simplex arrays -
*
*
*      nfunk           rtol        pf        ar     ortho             e_ion              e_ss             e_tot
*X        11     1.5025e+00   0.56149   1.04234   0.70688    -1.2254987e+00     0.0000000e+00    -1.2254987e+00
*
*         simp_runs  =       862               simp moves
*              rtol  =  9.81e-09               final rtol
*
* Simplex restart no. 6 of 10
*
*         - Initializing simplex arrays -
*
*
*      nfunk           rtol        pf        ar     ortho             e_ion              e_ss             e_tot
*X        11     1.5025e+00   0.56149   1.04234   0.70688    -1.2254987e+00     0.0000000e+00    -1.2254987e+00
*
*         simp_runs  =       862               simp moves
*              rtol  =  9.81e-09               final rtol
*
* Simplex restart no. 7 of 10
*
*         - Initializing simplex arrays -
*
*
*      nfunk           rtol        pf        ar     ortho             e_ion              e_ss             e_tot
*X        11     1.5025e+00   0.56149   1.04234   0.70688    -1.2254987e+00     0.0000000e+00    -1.2254987e+00
*
*         simp_runs  =       862               simp moves
*              rtol  =  9.81e-09               final rtol
*
* Simplex restart no. 8 of 10
*
*         - Initializing simplex arrays -
*
*
*      nfunk           rtol        pf        ar     ortho             e_ion              e_ss             e_tot
*X        11     1.5025e+00   0.56149   1.04234   0.70688    -1.2254987e+00     0.0000000e+00    -1.2254987e+00
*
*         simp_runs  =       862               simp moves
*              rtol  =  9.81e-09               final rtol
*
* Simplex restart no. 9 of 10
*
*         - Initializing simplex arrays -
*
*
*      nfunk           rtol        pf        ar     ortho             e_ion              e_ss             e_tot
*X        11     1.5025e+00   0.56149   1.04234   0.70688    -1.2254987e+00     0.0000000e+00    -1.2254987e+00
*
*         simp_runs  =       862               simp moves
*              rtol  =  9.81e-09               final rtol
*
* Simplex restart no. 10 of 10
*
*         - Initializing simplex arrays -
*
*
*      nfunk           rtol        pf        ar     ortho             e_ion              e_ss             e_tot
*X        11     1.5025e+00   0.56149   1.04234   0.70688    -1.2254987e+00     0.0000000e+00    -1.2254987e+00
*
*         simp_runs  =       862               simp moves
*              rtol  =  9.81e-09               final rtol
*
****************************************************************
*
*          - Parameters at Post Simplex -
*
* Lattice parameters:
*
*             lat a  =    4.0657
*             lat b  =    4.1018
*             lat c  =    3.9352
*             alpha  =  119.9159
*             beta   =   90.0000
*             gamma  =   59.8944
*          cell vol  =   46.3896
*          cv/ortho  =    0.7069
*
* Energies:
*               ecc  = -1.2255e+00
*               eng  =  0.0000e+00
*
*
* Geometry:
*
*      packing frac  =    0.5615
*      aspect ratio  =    1.0423
*
* (dE/dV):
*                Px  =  1.0000e+04                    x-dir
*                Py  =  1.0000e+04                    y-dir
*                Pz  =  1.0000e+04                    z-dir
*
* Distances (PBC only):
*                                 min           hard           diff
*           ca1_ca1  =   1.000000e+06   2.320000e+00   9.999977e+05
*           ca1_ca2  =   1.000000e+06   1.160000e+00   9.999988e+05
*           ca1_ac1  =   2.830000e+00   2.830000e+00   2.900403e-08
*           ca1_av1  =   1.000000e+06  -1.000000e+00   1.000001e+06
*           ca1_ac2  =   1.000000e+06  -1.000000e+00   1.000001e+06
*           ca1_av2  =   1.000000e+06  -1.000000e+00   1.000001e+06
*           ca2_ca2  =   1.000000e+06   0.000000e+00   1.000000e+06
*           ca2_ac1  =   1.000000e+06   1.670000e+00   9.999983e+05
*           ca2_av1  =   1.000000e+06  -1.000000e+00   1.000001e+06
*           ca2_ac2  =   1.000000e+06  -1.000000e+00   1.000001e+06
*           ca2_av2  =   1.000000e+06  -1.000000e+00   1.000001e+06
*           ac1_ac1  =   1.000000e+06   3.340000e+00   9.999967e+05
*           ac1_av1  =   1.000000e+06  -1.000000e+00   1.000001e+06
*           ac1_ac2  =   1.000000e+06  -1.000000e+00   1.000001e+06
*           ac1_av2  =   1.000000e+06  -1.000000e+00   1.000001e+06
*           av1_av1  =   1.000000e+06  -1.000000e+00   1.000001e+06
*           av1_av2  =   1.000000e+06  -1.000000e+00   1.000001e+06
*           av2_av2  =   1.000000e+06  -1.000000e+00   1.000001e+06
*
*
***********************************************************
*        - Process and timing information -
*
* user time:   0 h 00 m 20.336126 s
* syst time:   0 h 00 m 00.007999 s
* signals: 0
* voluntary context switches: 8
* involuntary context switches: 19
*
***********************************************************
*SS symsearch output
*SS ( use:  | awk '($1=="*S"){print $0}' | sed 's/*S //' > temp.out )
*S Title
*S 1                 search type
*S 5.0 0.00001       displacement rms max min
*S 0.1 0.00001       strain rms max min
*S 1                 lattice input type
*S      4.06569     0.00000     0.00000
*S      2.05745     3.54849     0.00000
*S      0.00000    -2.26862     3.21545
*S 1 0 0
*S 0 1 0
*S 0 0 1
*S 2                 number of atoms
*S 11 0
*S      0.14621     0.42978     0.93393
*S      0.63388     0.45415     0.44660
*FF findsym output
*FF ( use:  | awk '($1=="*F"){print $0}' | sed 's/*F //' > temp.out )
*F Title
*F 0.001       displacement rms max min
*F 1                 lattice input type
*F      4.06569     0.00000     0.00000
*F      2.05745     3.54849     0.00000
*F      0.00000    -2.26862     3.21545
*F 1               basis vector in type
*F 1 0 0
*F 0 1 0
*F 0 0 1
*F 2                 number of atoms
*F 11 0
*F      0.14621     0.42978     0.93393
*F      0.63388     0.45415     0.44660
*DD powder output
*DD (use: | awk '($1=="*D"){print $0}' | sed 's/*D //' > temp.out )
*D 2
*D      4.06569     4.10182     3.93520
*D    119.91586    89.99998    59.89441
*D      0.14621     0.42978     0.93393        11
*D      0.63388     0.45415     0.44660         0
*PP poscar output
*PP (use: | awk '($1=="*P"){print $0}' | sed 's/*P //' > temp.out )
*P Z: 11 17 
*P 1.0 
*P      4.06569221     0.00000000     0.00000000
*P      2.05745184     3.54849244     0.00000000
*P      0.00000113    -2.26862465     3.21545145
*P 1 1 0 
*P Direct
*P       0.146214062047      0.429780876948      0.933928159418
*P       0.633881821102      0.454150340831      0.446596459152
*QQ poscar output
*QQ (use: | awk '($1=="*Q"){print $0}' | sed 's/*Q //' > temp.out )
*Q +1.000000000000 -1.000000000000 
*Q 1.0 
*Q      4.06569221     0.00000000     0.00000000
*Q      2.05745184     3.54849244     0.00000000
*Q      0.00000113    -2.26862465     3.21545145
*Q 1 1 0 
*Q Direct
*Q       0.146214062047      0.429780876948      0.933928159418
*Q       0.633881821102      0.454150340831      0.446596459152
*RR restart output
*RR (use: | awk '($1=="*R"){print $0}' | sed 's/*R //' > temp.out )
*R     4.065692211330    4.101817480894    3.935198319877
*R     2.092926545526    1.570796039165    1.045354625774
*R      1
*R      1     1
*R   -1.000000000000000   0.000000000000000
*R     0.000000000000    1.670000000000    0.000000000000    17     0
*R      1
*R      1   1.000000000000000
*R     1.160000000000    11
*R     0.146214062047    0.429780876948    0.933928159418
*R     0.633881821102    0.454150340831    0.446596459152
* XBS output
* CATION:
atom C     1.478715885   -0.593658255    3.003000651
spec C     1.160000000    1.000000000    0.000000000    0.000000000
* ANION:
atom A     3.511561342    0.598389313    1.436009230
spec A     1.670000000    0.000000000    0.000000000    1.000000000
spec V     0.000000000    0.000000000    1.000000000    0.000000000
bonds A V  0.000000000    0.000000000    0.010000000    Black
* CELL PARAMETERS AND BORDER
atom 0    0.00000   0.00000   0.00000
atom 1    4.06569   0.00000   0.00000
atom 2    6.12314   3.54849   0.00000
atom 3    2.05745   3.54849   0.00000
atom 4    0.00000  -2.26862   3.21545
atom 5    4.06569  -2.26862   3.21545
atom 6    6.12315   1.27987   3.21545
atom 7    2.05745   1.27987   3.21545
spec 0     0.050000000    0.000000000    0.000000000    0.000000000
spec 1     0.050000000    0.000000000    0.000000000    0.000000000
spec 2     0.050000000    0.000000000    0.000000000    0.000000000
spec 3     0.050000000    0.000000000    0.000000000    0.000000000
spec 4     0.050000000    0.000000000    0.000000000    0.000000000
spec 5     0.050000000    0.000000000    0.000000000    0.000000000
spec 6     0.050000000    0.000000000    0.000000000    0.000000000
spec 7     0.050000000    0.000000000    0.000000000    0.000000000
bonds 0 1  4.061626519    4.069757904    0.010000000    Black
bonds 3 2  4.061626519    4.069757904    0.010000000    Black
bonds 4 5  4.061626519    4.069757904    0.010000000    Black
bonds 6 7  4.061626519    4.069757904    0.010000000    Black
bonds 1 2  4.097715663    4.105919298    0.010000000    Black
bonds 0 3  4.097715663    4.105919298    0.010000000    Black
bonds 5 6  4.097715663    4.105919298    0.010000000    Black
bonds 4 7  4.097715663    4.105919298    0.010000000    Black
bonds 0 4  3.931263122    3.939133518    0.010000000    Black
bonds 1 5  3.931263122    3.939133518    0.010000000    Black
bonds 2 6  3.931263122    3.939133518    0.010000000    Black
bonds 3 7  3.931263122    3.939133518    0.010000000    Black
inc 5.000000
dup    4.06569   0.00000   0.00000
dup    2.05745   3.54849   0.00000
dup    0.00000  -2.26862   3.21545
