*************************************************
*	pack	(version 4.12.0.5)
*	Eric Majzoub
*	Sandia National Laboratories
*************************************************
*  Source file: main.c
*  Compile date: Dec 27 2012
*  Compile time: 17:19:04
*  commandline = /projects/e20438/bin/pack-4.12.0.5/pack_exe -f ../../NaCl_pegs.in -P -R -r 200 -t 15 -g 23148 
*  input file = ../../NaCl_pegs.in
**********************************************************************
**********************************************************************
**********************************************************************
* 
*       - General run comments -
* 
* WARN: no Rotations in Metropolis (-R flag).
* WARN: all anionic charge on center atom (-P flag).
*
**********************************************************************
*           - Input parameters -
*
*           restart  =         0         1 = restart calc
*        autoadjust  =         1   automatically set temp
*          aa_using  =         1        1=rej pct, 2=pCnt
*         basin hop  =         0           number of hops
*     non_per_ewald  =         0          1=nanopart calc
*
*             lat a  =   10.0000
*             lat b  =   10.0000
*             lat c  =   10.0000
*             alpha  =    1.5708
*             beta   =    1.5708
*             gamma  =    1.5708
*          cell vol  = 1000.0000
*      sqsh vol pct  =    0.2000
* 
*          cell_min  =    1.6700              min lat vec
*          cell_max  =  167.0000              max lat vec
* 
*         n_type_an  =         1          num type anions
*            num_an  =         1           tot num anions
* 
*          num_an_1  =         1        num anions type 1
*        num_vert_1  =         1     1=sph 2=dim 5=tet...
*       an_chrg_c_1  =   -1.0000      anion center charge
*       an_chrg_v_1  =    0.0000      anion vertex charge
*     tot_an_chrg_1  =   -1.0000       total anion charge
*           Rcent_1  =    1.6700         anion center rad
*           Rvert_1  =    0.0000         anion vertex rad
*             cvd_1  =    0.0000        cent to vert dist
*           Zcent_1  =        17           anion center Z
*           Zvert_1  =         0           anion vertex Z
* 
*          num_an_2  =         0        num anions type 2
*        num_vert_2  =         0     1=sph 2=dim 5=tet...
*       an_chrg_c_2  =    0.0000      anion center charge
*       an_chrg_v_2  =    0.0000      anion vertex charge
*     tot_an_chrg_2  =    0.0000       total anion charge
*           Rcent_2  =    0.0000         anion center rad
*           Rvert_2  =    0.0000         anion vertex rad
*             cvd_2  =    0.0000        cent to vert dist
*           Zcent_2  =         0           anion center Z
*           Zvert_2  =         0           anion vertex Z
* 
*         n_type_ca  =         1            num type cats
*            num_ca  =         1          tot num cations
* 
*          num_ca_1  =         1        num cations typ 1
*         ca_chrg_1  =    1.0000        cation chrg typ 1
*            Rcat_1  =    1.1600         cation rad typ 1
*            Zcat_1  =        11           cation Z typ 1
* 
*            C2VTOL  =  1.00e-08            c2v tolerance
*            ERRLIM  =  1.00e-06
*       REP_EPSILON  =  1.00e+00        soft sphere repul
*    TRANS_FRAC_MAX  =    0.5000                    fixed
*    TRANS_FRAC_MIN  =    0.0200
*      MAX_ANG_CHNG  =    9.9695                  degrees
*    VOLUM_FRAC_MAX  =    0.0700
*         EXT_PRESS  =  0.00e+00        external pressure
*      SQSH_VOL_PCT  =    0.2000             min orth val
*        ASPECT_MAX  =   20.0000                cell parm
*            dplane  =    1.6700            min plane sep
*      SCALE_FACTOR  =    1.2500         bhop max scaling
* 
*            d.o.f.  =        12       degrees of freedom
*          runs/dof  =       200         loops per d.o.f.
*              runs  =      2400              loops per T
*               ncc  =      9600     config changes per T
*            t_runs  =        15           num temp steps
*             efunc  =         0               0=SS  1=LJ
*       N_HALT_CHNG  =        15      halts after N 100%s
*
*      anneal_sched  =         3   0=lin or exp(-run_n^n)
*         temp_init  =  1.00e+00             initial temp
*         temp_finl  =  1.00e-03               final temp
* 
*          trn_chng  =         1              0=off  1=on
*          rot_chng  =         0              0=off  1=on
*          lat_chng  =         1              0=off  1=on
*          swp_chng  =         1              0=off  1=on
* 
*     SIMP_RESTARTS  =        11     no. simplex restarts
*  SIMP_RESTARTS BH  =        21  basin hop simp restarts
*         SIMP_NMAX  =      4500        max simplex iters
*          SIMP_DEG  =    1.0000          anion start deg
*         SIMP_LAMB  =    0.0100        vertex start frac
*       SIMP_ERRLIM  =  1.00e-08              error limit
* 
*           aa runs  =      1200           config changes
*      aa runs_step  =        10   config change increase
*       aa runs_max  =      1500  max auto config changes
*         aa t_runs  =         3            num temp runs
*      aa temp_step  =    0.5000                temp step
* 
*        aa chng hi  =         3  1=trn 2=rot 3=lat 4=swp
*        aa chng lo  =         3  1=trn 2=rot 3=lat 4=swp
* 
*      aa ht_pct_hi  =     0.650             high rej pct
*      aa ht_pct_lo  =     0.600             low  rej pct
* 
*      aa lt_pct_hi  =     0.999             high rej pct
*      aa lt_pct_lo  =     0.950             low  rej pct
* 
*            tmpfile =                   PR20416-best.tmp
* 
* Checking for out of bounds fractional coords.
*
**********************************************************************
*
*          - Parameters at START -
*
* Lattice parameters:
*
*             lat a  =   10.0000
*             lat b  =   10.0000
*             lat c  =   10.0000
*             alpha  =   90.0000
*             beta   =   90.0000
*             gamma  =   90.0000
*          cell vol  = 1000.0000
*          cv/ortho  =    1.0000
*
* Energies:
*               ecc  = -4.3966e-01
*               eng  =  0.0000e+00
*
*
* Geometry:
*
*      packing frac  =    0.0260
*      aspect ratio  =    1.0000
*
* (dE/dV):
*                Px  =  5.9006e-05                    x-dir
*                Py  =  2.1979e-04                    y-dir
*                Pz  =  1.6086e-04                    z-dir
*
* Distances (PBC only):
*                                 min           hard           diff
*           ca1_ca1  =   1.000000e+06   2.320000e+00   9.999977e+05
*           ca1_ca2  =   1.000000e+06   1.160000e+00   9.999988e+05
*           ca1_ac1  =   6.642344e+00   2.830000e+00   3.812344e+00
*           ca1_av1  =   1.000000e+06  -1.000000e+00   1.000001e+06
*           ca1_ac2  =   1.000000e+06  -1.000000e+00   1.000001e+06
*           ca1_av2  =   1.000000e+06  -1.000000e+00   1.000001e+06
*           ca2_ca2  =   1.000000e+06   0.000000e+00   1.000000e+06
*           ca2_ac1  =   1.000000e+06   1.670000e+00   9.999983e+05
*           ca2_av1  =   1.000000e+06  -1.000000e+00   1.000001e+06
*           ca2_ac2  =   1.000000e+06  -1.000000e+00   1.000001e+06
*           ca2_av2  =   1.000000e+06  -1.000000e+00   1.000001e+06
*           ac1_ac1  =   1.000000e+06   3.340000e+00   9.999967e+05
*           ac1_av1  =   1.000000e+06  -1.000000e+00   1.000001e+06
*           ac1_ac2  =   1.000000e+06  -1.000000e+00   1.000001e+06
*           ac1_av2  =   1.000000e+06  -1.000000e+00   1.000001e+06
*           av1_av1  =   1.000000e+06  -1.000000e+00   1.000001e+06
*           av1_av2  =   1.000000e+06  -1.000000e+00   1.000001e+06
*           av2_av2  =   1.000000e+06  -1.000000e+00   1.000001e+06
*
*
*
**********************************************************************
*
* ------------------------------------------------------------
*              Autoadjust high temperatrure:
* ------------------------------------------------------------
*              Autoadjusting on 3 (1=trn,2=rot,3=lat,4=swp)
*
**********************************************************************
*
*                 -- Autoadjust Metropolis Run --
*
*   autoadjust_temp_init  =  1.0000e+00
*   autoadjust_temp_step  =  5.0000e-01
*        autoadjust_runs  =        1200         configs per temp
*       autoadjust_count  =           1
*
**********************************************************************
*
* Metropolis: 3 temperature runs with these parameters:
*
*              runs  =      1200              loops per T
*               T_0  = 1.000e+00             initial temp
*               T_L  = 1.000e+00               final temp
*           T_alpha  = 8.000e+09          annealing alpha
*
*            T = T_0 * exp( -run_num**3 / T_alpha )
*
**********************************************************************
*H run      Temp       E_ion        E_ss   cel vol       SigPF       ar     ortho        pCnt          % Rejected Changes
*H                                                                                                 trn      rot      lat      swp
*T   1  1.00e+00  -9.436e-01  +0.000e+00     92.40   9.153e-02    1.427     0.725   3.235e-01    45.08     0.00     4.50     0.00
*T   2  1.00e+00  -7.861e-01  +0.000e+00     79.65   9.545e-02    2.167     0.425   9.527e-02    37.92     0.00     4.58     0.00
*T   3  1.00e+00  -5.030e-01  +0.000e+00    320.80   7.137e-02    1.684     0.204   1.902e-01    41.83     0.00     4.58     0.00
*
**********************************************************************
*
*                 -- AUTOADJUST [1] OUT --
*
*     target: lo % = 60.000000      hi % = 65.000000
*     Autoadjust % =  4.583333
*     Autoadjust: Lowering the temperature 5.000e-01 [a.u.]
*
**********************************************************************
*
*                 -- Autoadjust Metropolis Run --
*
*   autoadjust_temp_init  =  5.0000e-01
*   autoadjust_temp_step  =  5.0000e-01
*        autoadjust_runs  =        1210         configs per temp
*       autoadjust_count  =           2
*
**********************************************************************
*
* Metropolis: 3 temperature runs with these parameters:
*
*              runs  =      1210              loops per T
*               T_0  = 5.000e-01             initial temp
*               T_L  = 4.995e-01               final temp
*           T_alpha  = 7.996e+03          annealing alpha
*
*            T = T_0 * exp( -run_num**3 / T_alpha )
*
**********************************************************************
*H run      Temp       E_ion        E_ss   cel vol       SigPF       ar     ortho        pCnt          % Rejected Changes
*H                                                                                                 trn      rot      lat      swp
*T   1  5.00e-01  -6.357e-01  +0.000e+00    805.70   5.115e-02    1.334     0.331   9.913e-02    40.99     0.00     4.96     0.00
*T   2  5.00e-01  -4.372e-01  +0.000e+00   1075.45   9.849e-03    4.280     0.212   6.772e-02    14.46     0.00     3.14     0.00
*T   3  4.99e-01  -5.828e-01  +0.000e+00    665.66   2.005e-02    4.899     0.352   8.320e-02    19.75     0.00     3.97     0.00
*
**********************************************************************
*
*                 -- AUTOADJUST [2] OUT --
*
*     target: lo % = 60.000000      hi % = 65.000000
*     Autoadjust % =  3.966942
*     Autoadjust: special case: (T-Tstep) = 0.000e+00 [a.u.]
*     Autoadjust: special case: ===> drop temp step to: 2.250e-01 [a.u.]
*     Autoadjust: Lowering the temperature 2.250e-01 [a.u.]
*
**********************************************************************
*
*                 -- Autoadjust Metropolis Run --
*
*   autoadjust_temp_init  =  2.7500e-01
*   autoadjust_temp_step  =  2.2500e-01
*        autoadjust_runs  =        1220         configs per temp
*       autoadjust_count  =           3
*
**********************************************************************
*
* Metropolis: 3 temperature runs with these parameters:
*
*              runs  =      1220              loops per T
*               T_0  = 2.750e-01             initial temp
*               T_L  = 2.747e-01               final temp
*           T_alpha  = 7.996e+03          annealing alpha
*
*            T = T_0 * exp( -run_num**3 / T_alpha )
*
**********************************************************************
*H run      Temp       E_ion        E_ss   cel vol       SigPF       ar     ortho        pCnt          % Rejected Changes
*H                                                                                                 trn      rot      lat      swp
*T   1  2.75e-01  -1.405e-01  +0.000e+00   2067.09   1.451e-02    5.403     0.390   4.980e-01    49.75     0.00     5.74     0.00
*T   2  2.75e-01  -5.278e-01  +0.000e+00   2764.57   1.267e-02    5.804     0.222   9.540e-01    77.46     0.00     4.84     0.00
*T   3  2.75e-01  -3.744e-01  +0.000e+00   1242.98   5.363e-03    4.834     0.225   3.448e-01    25.82     0.00     4.84     0.00
*
**********************************************************************
*
*                 -- AUTOADJUST [3] OUT --
*
*     target: lo % = 60.000000      hi % = 65.000000
*     Autoadjust % =  4.836066
*     Autoadjust: Lowering the temperature 2.250e-01 [a.u.]
*
**********************************************************************
*
*                 -- Autoadjust Metropolis Run --
*
*   autoadjust_temp_init  =  5.0000e-02
*   autoadjust_temp_step  =  2.2500e-01
*        autoadjust_runs  =        1230         configs per temp
*       autoadjust_count  =           4
*
**********************************************************************
*
* Metropolis: 3 temperature runs with these parameters:
*
*              runs  =      1230              loops per T
*               T_0  = 5.000e-02             initial temp
*               T_L  = 4.995e-02               final temp
*           T_alpha  = 7.996e+03          annealing alpha
*
*            T = T_0 * exp( -run_num**3 / T_alpha )
*
**********************************************************************
*H run      Temp       E_ion        E_ss   cel vol       SigPF       ar     ortho        pCnt          % Rejected Changes
*H                                                                                                 trn      rot      lat      swp
*T   1  5.00e-02  -8.665e-01  +0.000e+00    853.68   1.708e-02    3.819     0.343   4.341e+00    89.35     0.00    21.14     0.00
*T   2  5.00e-02  -8.832e-01  +0.000e+00    653.58   1.612e-02    6.050     0.314   4.081e+00    97.32     0.00    21.54     0.00
*T   3  5.00e-02  -9.183e-01  +0.000e+00    359.96   4.108e-02    4.642     0.618   2.844e+00    97.32     0.00    22.36     0.00
*
**********************************************************************
*
*                 -- AUTOADJUST [4] OUT --
*
*     target: lo % = 60.000000      hi % = 65.000000
*     Autoadjust % = 22.357724
*     Autoadjust: special case: (T-Tstep) = -1.750e-01 [a.u.]
*     Autoadjust: special case: ===> drop temp step to: 1.013e-01 [a.u.]
*     Autoadjust: special case: (T-Tstep) = -5.125e-02 [a.u.]
*     Autoadjust: special case: ===> drop temp step to: 4.556e-02 [a.u.]
*     Autoadjust: Lowering the temperature 4.556e-02 [a.u.]
*
**********************************************************************
*
*                 -- Autoadjust Metropolis Run --
*
*   autoadjust_temp_init  =  4.4375e-03
*   autoadjust_temp_step  =  4.5563e-02
*        autoadjust_runs  =        1240         configs per temp
*       autoadjust_count  =           5
*
**********************************************************************
*
* Metropolis: 3 temperature runs with these parameters:
*
*              runs  =      1240              loops per T
*               T_0  = 4.438e-03             initial temp
*               T_L  = 4.433e-03               final temp
*           T_alpha  = 7.996e+03          annealing alpha
*
*            T = T_0 * exp( -run_num**3 / T_alpha )
*
**********************************************************************
*H run      Temp       E_ion        E_ss   cel vol       SigPF       ar     ortho        pCnt          % Rejected Changes
*H                                                                                                 trn      rot      lat      swp
*T   1  4.44e-03  -1.109e+00  +0.000e+00     59.44   1.691e-01    1.545     0.414   2.000e+02    99.92     0.00    65.08     0.00
*T   2  4.44e-03  -1.169e+00  +0.000e+00     53.70   2.794e-01    1.499     0.529   2.703e+01    99.92     0.00    78.79     0.00
*T   3  4.43e-03  -1.156e+00  +0.000e+00     52.94   3.010e-01    1.392     0.456   2.221e+00   100.00     0.00    85.48     0.00
*
**********************************************************************
*
*                 -- AUTOADJUST [5] OUT --
*
*     target: lo % = 60.000000      hi % = 65.000000
*     Autoadjust % = 85.483871
*     Autoadjust: overshot! drop temp step to: 2.050e-02 [a.u.]
*     Autoadjust: Raising the temperature 2.050e-02 [a.u.]
*
**********************************************************************
*
*                 -- Autoadjust Metropolis Run --
*
*   autoadjust_temp_init  =  2.4941e-02
*   autoadjust_temp_step  =  2.0503e-02
*        autoadjust_runs  =        1250         configs per temp
*       autoadjust_count  =           6
*
**********************************************************************
*
* Metropolis: 3 temperature runs with these parameters:
*
*              runs  =      1250              loops per T
*               T_0  = 2.494e-02             initial temp
*               T_L  = 2.492e-02               final temp
*           T_alpha  = 7.996e+03          annealing alpha
*
*            T = T_0 * exp( -run_num**3 / T_alpha )
*
**********************************************************************
*H run      Temp       E_ion        E_ss   cel vol       SigPF       ar     ortho        pCnt          % Rejected Changes
*H                                                                                                 trn      rot      lat      swp
*T   1  2.49e-02  -9.410e-01  +0.000e+00    176.90   1.624e-01    1.883     0.523   6.821e+00    95.92     0.00    48.08     0.00
*T   2  2.49e-02  -9.775e-01  +0.000e+00    231.15   6.976e-02    3.095     0.516   4.251e+00    99.36     0.00    45.52     0.00
*T   3  2.49e-02  -9.520e-01  +0.000e+00     94.81   1.647e-01    1.661     0.605   3.263e+00    98.56     0.00    45.20     0.00
*
**********************************************************************
*
*                 -- AUTOADJUST [6] OUT --
*
*     target: lo % = 60.000000      hi % = 65.000000
*     Autoadjust % = 45.200000
*     Autoadjust: overshot! drop temp step to: 9.226e-03 [a.u.]
*     Autoadjust: Lowering the temperature 9.226e-03 [a.u.]
*
**********************************************************************
*
*                 -- Autoadjust Metropolis Run --
*
*   autoadjust_temp_init  =  1.5714e-02
*   autoadjust_temp_step  =  9.2264e-03
*        autoadjust_runs  =        1260         configs per temp
*       autoadjust_count  =           7
*
**********************************************************************
*
* Metropolis: 3 temperature runs with these parameters:
*
*              runs  =      1260              loops per T
*               T_0  = 1.571e-02             initial temp
*               T_L  = 1.570e-02               final temp
*           T_alpha  = 7.996e+03          annealing alpha
*
*            T = T_0 * exp( -run_num**3 / T_alpha )
*
**********************************************************************
*H run      Temp       E_ion        E_ss   cel vol       SigPF       ar     ortho        pCnt          % Rejected Changes
*H                                                                                                 trn      rot      lat      swp
*T   1  1.57e-02  -1.066e+00  +0.000e+00     74.67   2.302e-01    1.345     0.606   4.152e+00    99.21     0.00    66.11     0.00
*T   2  1.57e-02  -1.116e+00  +0.000e+00     63.97   2.147e-01    1.374     0.689   6.938e+00    99.05     0.00    65.79     0.00
*T   3  1.57e-02  -1.039e+00  +0.000e+00     80.11   2.034e-01    1.341     0.673   3.491e+00    98.97     0.00    67.70     0.00
*
**********************************************************************
*
*                 -- AUTOADJUST [7] OUT --
*
*     target: lo % = 60.000000      hi % = 65.000000
*     Autoadjust % = 67.698413
*     Autoadjust: overshot! drop temp step to: 4.152e-03 [a.u.]
*     Autoadjust: Raising the temperature 4.152e-03 [a.u.]
*
**********************************************************************
*
*                 -- Autoadjust Metropolis Run --
*
*   autoadjust_temp_init  =  1.9866e-02
*   autoadjust_temp_step  =  4.1519e-03
*        autoadjust_runs  =        1270         configs per temp
*       autoadjust_count  =           8
*
**********************************************************************
*
* Metropolis: 3 temperature runs with these parameters:
*
*              runs  =      1270              loops per T
*               T_0  = 1.987e-02             initial temp
*               T_L  = 1.985e-02               final temp
*           T_alpha  = 7.996e+03          annealing alpha
*
*            T = T_0 * exp( -run_num**3 / T_alpha )
*
**********************************************************************
*H run      Temp       E_ion        E_ss   cel vol       SigPF       ar     ortho        pCnt          % Rejected Changes
*H                                                                                                 trn      rot      lat      swp
*T   1  1.99e-02  -1.062e+00  +0.000e+00     67.10   2.485e-01    1.240     0.494   3.074e+00    99.45     0.00    63.86     0.00
*T   2  1.99e-02  -1.027e+00  +0.000e+00     73.69   2.081e-01    1.276     0.839   5.289e+00    97.80     0.00    59.06     0.00
*T   3  1.98e-02  -1.117e+00  +0.000e+00     61.38   1.798e-01    1.116     0.817   3.939e+00    97.80     0.00    50.87     0.00
*
**********************************************************************
*
*                 -- AUTOADJUST [8] OUT --
*
*     target: lo % = 60.000000      hi % = 65.000000
*     Autoadjust % = 50.866142
*     Autoadjust: overshot! drop temp step to: 1.868e-03 [a.u.]
*     Autoadjust: Lowering the temperature 1.868e-03 [a.u.]
*
**********************************************************************
*
*                 -- Autoadjust Metropolis Run --
*
*   autoadjust_temp_init  =  1.7998e-02
*   autoadjust_temp_step  =  1.8683e-03
*        autoadjust_runs  =        1280         configs per temp
*       autoadjust_count  =           9
*
**********************************************************************
*
* Metropolis: 3 temperature runs with these parameters:
*
*              runs  =      1280              loops per T
*               T_0  = 1.800e-02             initial temp
*               T_L  = 1.798e-02               final temp
*           T_alpha  = 7.996e+03          annealing alpha
*
*            T = T_0 * exp( -run_num**3 / T_alpha )
*
**********************************************************************
*H run      Temp       E_ion        E_ss   cel vol       SigPF       ar     ortho        pCnt          % Rejected Changes
*H                                                                                                 trn      rot      lat      swp
*T   1  1.80e-02  -1.073e+00  +0.000e+00     66.70   2.205e-01    1.178     0.771   2.742e+00    99.14     0.00    58.59     0.00
*T   2  1.80e-02  -1.033e+00  +0.000e+00     67.01   1.635e-01    1.406     0.776   4.595e+00    98.05     0.00    50.86     0.00
*T   3  1.80e-02  -1.121e+00  +0.000e+00     57.16   2.619e-01    1.095     0.831   2.322e+00    99.53     0.00    62.81     0.00
*
**********************************************************************
*
*                 -- AUTOADJUST [9] OUT --
*
*     target: lo % = 60.000000      hi % = 65.000000
*     Autoadjust % = 62.812500
*     Autoadjust: temp = 1.800e-02  is good!  Exiting autoadjust.
*
**********************************************************************
*
* ------------------------------------------------------------
*              Autoadjust low temperatrure:
* ------------------------------------------------------------
*              Autoadjusting on 3 (1=trn,2=rot,3=lat,4=swp)
*
**********************************************************************
*
*                 -- Autoadjust Metropolis Run --
*
*   autoadjust_temp_init  =  2.0000e-02
*   autoadjust_temp_step  =  5.0000e-01
*        autoadjust_runs  =        1200         configs per temp
*       autoadjust_count  =           1
*
**********************************************************************
*
* Metropolis: 3 temperature runs with these parameters:
*
*              runs  =      1200              loops per T
*               T_0  = 2.000e-02             initial temp
*               T_L  = 2.000e-02               final temp
*           T_alpha  = 1.600e+08          annealing alpha
*
*            T = T_0 * exp( -run_num**3 / T_alpha )
*
**********************************************************************
*H run      Temp       E_ion        E_ss   cel vol       SigPF       ar     ortho        pCnt          % Rejected Changes
*H                                                                                                 trn      rot      lat      swp
*T   1  2.00e-02  -1.158e+00  +0.000e+00     45.84   2.415e-01    1.133     0.961   7.786e+00    98.83     0.00    57.08     0.00
*T   2  2.00e-02  -1.119e+00  +0.000e+00     55.28   2.589e-01    1.181     0.889   2.848e+00    99.33     0.00    61.92     0.00
*T   3  2.00e-02  -1.092e+00  +0.000e+00     64.44   2.544e-01    1.203     0.881   2.116e+00    99.33     0.00    56.92     0.00
*
**********************************************************************
*
*                 -- AUTOADJUST [1] OUT --
*
*     target: lo % = 95.000000      hi % = 99.900000
*     Autoadjust % = 56.916667
*     Autoadjust: special case: (T-Tstep) = -4.800e-01 [a.u.]
*     Autoadjust: special case: ===> drop temp step to: 2.250e-01 [a.u.]
*     Autoadjust: special case: (T-Tstep) = -2.050e-01 [a.u.]
*     Autoadjust: special case: ===> drop temp step to: 1.013e-01 [a.u.]
*     Autoadjust: special case: (T-Tstep) = -8.125e-02 [a.u.]
*     Autoadjust: special case: ===> drop temp step to: 4.556e-02 [a.u.]
*     Autoadjust: special case: (T-Tstep) = -2.556e-02 [a.u.]
*     Autoadjust: special case: ===> drop temp step to: 2.050e-02 [a.u.]
*     Autoadjust: special case: (T-Tstep) = -5.031e-04 [a.u.]
*     Autoadjust: special case: ===> drop temp step to: 9.226e-03 [a.u.]
*     Autoadjust: Lowering the temperature 9.226e-03 [a.u.]
*
**********************************************************************
*
*                 -- Autoadjust Metropolis Run --
*
*   autoadjust_temp_init  =  1.0774e-02
*   autoadjust_temp_step  =  9.2264e-03
*        autoadjust_runs  =        1210         configs per temp
*       autoadjust_count  =           2
*
**********************************************************************
*
* Metropolis: 3 temperature runs with these parameters:
*
*              runs  =      1210              loops per T
*               T_0  = 1.077e-02             initial temp
*               T_L  = 1.076e-02               final temp
*           T_alpha  = 7.996e+03          annealing alpha
*
*            T = T_0 * exp( -run_num**3 / T_alpha )
*
**********************************************************************
*H run      Temp       E_ion        E_ss   cel vol       SigPF       ar     ortho        pCnt          % Rejected Changes
*H                                                                                                 trn      rot      lat      swp
*T   1  1.08e-02  -1.122e+00  +0.000e+00     54.33   2.732e-01    1.070     0.938   1.195e+01    99.83     0.00    73.39     0.00
*T   2  1.08e-02  -1.097e+00  +0.000e+00     60.26   2.707e-01    1.167     0.947   7.224e+00    99.83     0.00    68.10     0.00
*T   3  1.08e-02  -1.063e+00  +0.000e+00     74.03   2.426e-01    1.184     0.937   4.649e+00    99.67     0.00    67.69     0.00
*
**********************************************************************
*
*                 -- AUTOADJUST [2] OUT --
*
*     target: lo % = 95.000000      hi % = 99.900000
*     Autoadjust % = 67.685950
*     Autoadjust: Lowering the temperature 9.226e-03 [a.u.]
*
**********************************************************************
*
*                 -- Autoadjust Metropolis Run --
*
*   autoadjust_temp_init  =  1.5472e-03
*   autoadjust_temp_step  =  9.2264e-03
*        autoadjust_runs  =        1220         configs per temp
*       autoadjust_count  =           3
*
**********************************************************************
*
* Metropolis: 3 temperature runs with these parameters:
*
*              runs  =      1220              loops per T
*               T_0  = 1.547e-03             initial temp
*               T_L  = 1.546e-03               final temp
*           T_alpha  = 7.996e+03          annealing alpha
*
*            T = T_0 * exp( -run_num**3 / T_alpha )
*
**********************************************************************
*H run      Temp       E_ion        E_ss   cel vol       SigPF       ar     ortho        pCnt          % Rejected Changes
*H                                                                                                 trn      rot      lat      swp
*T   1  1.55e-03  -1.156e+00  +0.000e+00     57.11   2.924e-01    1.158     0.834   3.548e+01   100.00     0.00    95.08     0.00
*T   2  1.55e-03  -1.156e+00  +0.000e+00     57.11   2.988e-01    1.171     0.837   4.064e-01   100.00     0.00    96.56     0.00
*T   3  1.55e-03  -1.157e+00  +0.000e+00     58.15   2.973e-01    1.175     0.815   5.968e+00   100.00     0.00    95.82     0.00
*
**********************************************************************
*
*                 -- AUTOADJUST [3] OUT --
*
*     target: lo % = 95.000000      hi % = 99.900000
*     Autoadjust % = 95.819672
*     Autoadjust: temp = 1.547e-03  is good!  Exiting autoadjust.
*
**********************************************************************
*
*
*          -- Initializing cell contents --
*
*
*
**********************************************************************
*
*            -- Starting Metropolis calculation --
*
*              temp_init  = 1.800e-02
*
**********************************************************************
*
* Metropolis: 15 temperature runs with these parameters:
*
*              runs  =      2400              loops per T
*               T_0  = 1.800e-02             initial temp
*               T_L  = 1.547e-03               final temp
*           T_alpha  = 1.118e+03          annealing alpha
*
*            T = T_0 * exp( -run_num**3 / T_alpha )
*
**********************************************************************
*H run      Temp       E_ion        E_ss   cel vol       SigPF       ar     ortho        pCnt          % Rejected Changes
*H                                                                                                 trn      rot      lat      swp
*M   1  1.80e-02  -1.085e+00  +0.000e+00     64.01   2.582e-01    1.301     0.648   2.830e+01    98.79     0.00    56.42     0.00
*M   2  1.80e-02  -1.111e+00  +0.000e+00     60.75   2.256e-01    1.565     0.551   6.388e+00    99.12     0.00    59.79     0.00
*M   3  1.79e-02  -9.687e-01  +0.000e+00     84.76   2.592e-01    1.732     0.564   5.650e+00    99.29     0.00    61.62     0.00
*M   4  1.76e-02  -1.084e+00  +0.000e+00     52.25   2.283e-01    1.781     0.408   5.884e+00    98.88     0.00    59.04     0.00
*M   5  1.70e-02  -1.105e+00  +0.000e+00     62.08   2.363e-01    1.712     0.478   3.555e+00    99.42     0.00    60.62     0.00
*M   6  1.61e-02  -1.115e+00  +0.000e+00     56.46   2.194e-01    1.536     0.580   7.469e+00    98.88     0.00    63.88     0.00
*M   7  1.48e-02  -1.069e+00  +0.000e+00     59.35   2.300e-01    1.361     0.881   4.612e+00    99.12     0.00    65.88     0.00
*M   8  1.32e-02  -1.137e+00  +0.000e+00     56.39   2.805e-01    1.182     0.694   6.649e+00    99.29     0.00    69.04     0.00
*M   9  1.14e-02  -1.132e+00  +0.000e+00     55.51   2.629e-01    1.090     0.718   4.583e+00    99.71     0.00    71.33     0.00
*M  10  9.38e-03  -1.193e+00  +0.000e+00     47.99   3.082e-01    1.108     0.739   5.097e+00    99.92     0.00    79.79     0.00
*M  11  7.36e-03  -1.174e+00  +0.000e+00     51.10   3.091e-01    1.080     0.732   6.053e+00    99.96     0.00    82.29     0.00
*M  12  5.47e-03  -1.180e+00  +0.000e+00     52.25   3.175e-01    1.033     0.711   2.159e+00   100.00     0.00    87.00     0.00
*M  13  3.84e-03  -1.169e+00  +0.000e+00     52.99   3.152e-01    1.082     0.662   6.485e+00   100.00     0.00    90.04     0.00
*M  14  2.52e-03  -1.169e+00  +0.000e+00     52.73   3.238e-01    1.153     0.681   8.104e+00   100.00     0.00    93.29     0.00
*M  15  1.55e-03  -1.188e+00  +0.000e+00     50.70   3.349e-01    1.120     0.685   9.252e+00   100.00     0.00    96.33     0.00
*
**********************************************************************
*
*
*          - Parameters at Post Ewald-Metro -
*
* Lattice parameters:
*
*             lat a  =    3.9244
*             lat b  =    4.3958
*             lat c  =    4.2884
*             alpha  =   55.6644
*             beta   =   60.8211
*             gamma  =   87.0714
*          cell vol  =   50.6990
*          cv/ortho  =    0.6853
*
* Energies:
*               ecc  = -1.1882e+00
*               eng  =  0.0000e+00
*
*
* Geometry:
*
*      packing frac  =    0.5138
*      aspect ratio  =    1.1201
*
* (dE/dV):
*                Px  =  5.9020e-03                    x-dir
*                Py  =  9.2086e-03                    y-dir
*                Pz  =  8.3257e-03                    z-dir
*
* Distances (PBC only):
*                                 min           hard           diff
*           ca1_ca1  =   1.000000e+06   2.320000e+00   9.999977e+05
*           ca1_ca2  =   1.000000e+06   1.160000e+00   9.999988e+05
*           ca1_ac1  =   2.835041e+00   2.830000e+00   5.040548e-03
*           ca1_av1  =   1.000000e+06  -1.000000e+00   1.000001e+06
*           ca1_ac2  =   1.000000e+06  -1.000000e+00   1.000001e+06
*           ca1_av2  =   1.000000e+06  -1.000000e+00   1.000001e+06
*           ca2_ca2  =   1.000000e+06   0.000000e+00   1.000000e+06
*           ca2_ac1  =   1.000000e+06   1.670000e+00   9.999983e+05
*           ca2_av1  =   1.000000e+06  -1.000000e+00   1.000001e+06
*           ca2_ac2  =   1.000000e+06  -1.000000e+00   1.000001e+06
*           ca2_av2  =   1.000000e+06  -1.000000e+00   1.000001e+06
*           ac1_ac1  =   1.000000e+06   3.340000e+00   9.999967e+05
*           ac1_av1  =   1.000000e+06  -1.000000e+00   1.000001e+06
*           ac1_ac2  =   1.000000e+06  -1.000000e+00   1.000001e+06
*           ac1_av2  =   1.000000e+06  -1.000000e+00   1.000001e+06
*           av1_av1  =   1.000000e+06  -1.000000e+00   1.000001e+06
*           av1_av2  =   1.000000e+06  -1.000000e+00   1.000001e+06
*           av2_av2  =   1.000000e+06  -1.000000e+00   1.000001e+06
*
*
*
**********************************************************************
*
*         - Comparing with 'best' structure -
*
****************************************************************
*
*          best ecc  = -1.2019e+00
*          best eng  =  0.0000e+00
*           ecc+eng  = -1.2019e+00
*          best vol  =  4.8838e+01
*           best pf  =  5.3334e-01
*
*     post_runs ecc  = -1.1882e+00
*     post_runs eng  =  0.0000e+00
*           ecc+eng  = -1.1882e+00
*     post_runs vol  =  5.0699e+01
*      post_runs pf  =  5.1377e-01
*
*       dV / V_runs  =  3.6706e-02
*
*          ecc_diff  = -1.3684e-02
*          eng_diff  =  0.0000e+00
*
*
****************************************************************
*
*  mag_ecc_diff > mag_eng_diff AND within BEST_VOL AND
* 'best' has lower energy than post runs! --> swapping.
*
****************************************************************
*
*
*          - Parameters at Post 'best-swap' -
*
* Lattice parameters:
*
*             lat a  =    4.1405
*             lat b  =    4.0823
*             lat c  =    4.0832
*             alpha  =   64.3865
*             beta   =   57.0769
*             gamma  =   91.9305
*          cell vol  =   48.8380
*          cv/ortho  =    0.7076
*
* Energies:
*               ecc  = -1.2019e+00
*               eng  =  0.0000e+00
*
*
* Geometry:
*
*      packing frac  =    0.5333
*      aspect ratio  =    1.0143
*
* (dE/dV):
*                Px  =  7.5540e-03                    x-dir
*                Py  =  8.8438e-03                    y-dir
*                Pz  =  8.2117e-03                    z-dir
*
* Distances (PBC only):
*                                 min           hard           diff
*           ca1_ca1  =   1.000000e+06   2.320000e+00   9.999977e+05
*           ca1_ca2  =   1.000000e+06   1.160000e+00   9.999988e+05
*           ca1_ac1  =   2.847649e+00   2.830000e+00   1.764881e-02
*           ca1_av1  =   1.000000e+06  -1.000000e+00   1.000001e+06
*           ca1_ac2  =   1.000000e+06  -1.000000e+00   1.000001e+06
*           ca1_av2  =   1.000000e+06  -1.000000e+00   1.000001e+06
*           ca2_ca2  =   1.000000e+06   0.000000e+00   1.000000e+06
*           ca2_ac1  =   1.000000e+06   1.670000e+00   9.999983e+05
*           ca2_av1  =   1.000000e+06  -1.000000e+00   1.000001e+06
*           ca2_ac2  =   1.000000e+06  -1.000000e+00   1.000001e+06
*           ca2_av2  =   1.000000e+06  -1.000000e+00   1.000001e+06
*           ac1_ac1  =   1.000000e+06   3.340000e+00   9.999967e+05
*           ac1_av1  =   1.000000e+06  -1.000000e+00   1.000001e+06
*           ac1_ac2  =   1.000000e+06  -1.000000e+00   1.000001e+06
*           ac1_av2  =   1.000000e+06  -1.000000e+00   1.000001e+06
*           av1_av1  =   1.000000e+06  -1.000000e+00   1.000001e+06
*           av1_av2  =   1.000000e+06  -1.000000e+00   1.000001e+06
*           av2_av2  =   1.000000e+06  -1.000000e+00   1.000001e+06
*
*
*
**********************************************************************
*
*         - Final Simplex relaxation with restarts -
*
**********************************************************************
*
*
****************************************************************
*
*
*        - Simplex Minimiziation Routine -
*
*
* Note: No aspect ratio constraint.
*
*
*            n_simp  =        15                   D.O.F.
*         simp_nmax  =      4500                max moves
*       simp_errlim  =  1.00e-08
*
*
*         - Initializing simplex arrays -
*
*
*      nfunk           rtol        pf        ar     ortho             e_ion              e_ss             e_tot
*X        11     3.6846e-03   0.53334   1.01425   0.70764    -1.2018819e+00     0.0000000e+00    -1.2018819e+00
*X      2001     3.8026e-07   0.56028   1.06874   0.70300    -1.2224112e+00     0.0000000e+00    -1.2224112e+00
*
*         simp_runs  =      2536               simp moves
*              rtol  =  9.92e-09               final rtol
*
* Simplex restart no. 1 of 10
*
*         - Initializing simplex arrays -
*
*
*      nfunk           rtol        pf        ar     ortho             e_ion              e_ss             e_tot
*X        11     1.4672e+00   0.56174   1.07168   0.69177    -1.2226950e+00     0.0000000e+00    -1.2226950e+00
*X      2000     4.0706e-06   0.56400   1.03193   0.71203    -1.2260086e+00     0.0000000e+00    -1.2260086e+00
*X      4000     1.6410e-06   0.56476   1.03068   0.71415    -1.2264477e+00     0.0000000e+00    -1.2264477e+00
*
*         simp_runs  =      4500               simp moves
*              rtol  =  9.61e-08               final rtol
*
* Simplex restart no. 2 of 10
*
*         - Initializing simplex arrays -
*
*
*      nfunk           rtol        pf        ar     ortho             e_ion              e_ss             e_tot
*X        12     1.4765e+00   0.56477   1.03071   0.71426    -1.2264557e+00     0.0000000e+00    -1.2264557e+00
*X      2001     3.1107e-06   0.57546   1.02897   0.71683    -1.2328452e+00     0.0000000e+00    -1.2328452e+00
*
*         simp_runs  =      3045               simp moves
*              rtol  =  9.97e-09               final rtol
*
* Simplex restart no. 3 of 10
*
*         - Initializing simplex arrays -
*
*
*      nfunk           rtol        pf        ar     ortho             e_ion              e_ss             e_tot
*X        11     1.5274e+00   0.57637   1.02872   0.71737    -1.2333360e+00     0.0000000e+00    -1.2333360e+00
*
*         simp_runs  =       918               simp moves
*              rtol  =  9.28e-09               final rtol
*
* Simplex restart no. 4 of 10
*
*         - Initializing simplex arrays -
*
*
*      nfunk           rtol        pf        ar     ortho             e_ion              e_ss             e_tot
*X        11     1.5180e+00   0.57639   1.02873   0.71735    -1.2333535e+00     0.0000000e+00    -1.2333535e+00
*
*         simp_runs  =       877               simp moves
*              rtol  =  9.45e-09               final rtol
*
* Simplex restart no. 5 of 10
*
*         - Initializing simplex arrays -
*
*
*      nfunk           rtol        pf        ar     ortho             e_ion              e_ss             e_tot
*X        11     1.5181e+00   0.57639   1.02873   0.71735    -1.2333537e+00     0.0000000e+00    -1.2333537e+00
*
*         simp_runs  =      1251               simp moves
*              rtol  =  9.27e-09               final rtol
*
* Simplex restart no. 6 of 10
*
*         - Initializing simplex arrays -
*
*
*      nfunk           rtol        pf        ar     ortho             e_ion              e_ss             e_tot
*X        11     1.5313e+00   0.57639   1.02872   0.71735    -1.2333642e+00     0.0000000e+00    -1.2333642e+00
*
*         simp_runs  =      1382               simp moves
*              rtol  =  9.15e-09               final rtol
*
* Simplex restart no. 7 of 10
*
*         - Initializing simplex arrays -
*
*
*      nfunk           rtol        pf        ar     ortho             e_ion              e_ss             e_tot
*X        11     1.5214e+00   0.57639   1.02872   0.71735    -1.2333687e+00     0.0000000e+00    -1.2333687e+00
*
*         simp_runs  =       928               simp moves
*              rtol  =  9.74e-09               final rtol
*
* Simplex restart no. 8 of 10
*
*         - Initializing simplex arrays -
*
*
*      nfunk           rtol        pf        ar     ortho             e_ion              e_ss             e_tot
*X        11     1.5214e+00   0.57639   1.02872   0.71735    -1.2333690e+00     0.0000000e+00    -1.2333690e+00
*
*         simp_runs  =       878               simp moves
*              rtol  =  9.20e-09               final rtol
*
* Simplex restart no. 9 of 10
*
*         - Initializing simplex arrays -
*
*
*      nfunk           rtol        pf        ar     ortho             e_ion              e_ss             e_tot
*X        11     1.5214e+00   0.57639   1.02872   0.71735    -1.2333690e+00     0.0000000e+00    -1.2333690e+00
*
*         simp_runs  =       896               simp moves
*              rtol  =  9.88e-09               final rtol
*
* Simplex restart no. 10 of 10
*
*         - Initializing simplex arrays -
*
*
*      nfunk           rtol        pf        ar     ortho             e_ion              e_ss             e_tot
*X        11     1.5214e+00   0.57639   1.02872   0.71735    -1.2333690e+00     0.0000000e+00    -1.2333690e+00
*
*         simp_runs  =       896               simp moves
*              rtol  =  9.88e-09               final rtol
*
****************************************************************
*
*          - Parameters at Post Simplex -
*
* Lattice parameters:
*
*             lat a  =    4.0469
*             lat b  =    3.9571
*             lat c  =    3.9339
*             alpha  =   63.2913
*             beta   =   57.8351
*             gamma  =   90.0000
*          cell vol  =   45.1902
*          cv/ortho  =    0.7173
*
* Energies:
*               ecc  = -1.2334e+00
*               eng  =  0.0000e+00
*
*
* Geometry:
*
*      packing frac  =    0.5764
*      aspect ratio  =    1.0287
*
* (dE/dV):
*                Px  =  1.0000e+04                    x-dir
*                Py  =  9.7445e-03                    y-dir
*                Pz  =  8.4360e-03                    z-dir
*
* Distances (PBC only):
*                                 min           hard           diff
*           ca1_ca1  =   1.000000e+06   2.320000e+00   9.999977e+05
*           ca1_ca2  =   1.000000e+06   1.160000e+00   9.999988e+05
*           ca1_ac1  =   2.830000e+00   2.830000e+00   1.228683e-08
*           ca1_av1  =   1.000000e+06  -1.000000e+00   1.000001e+06
*           ca1_ac2  =   1.000000e+06  -1.000000e+00   1.000001e+06
*           ca1_av2  =   1.000000e+06  -1.000000e+00   1.000001e+06
*           ca2_ca2  =   1.000000e+06   0.000000e+00   1.000000e+06
*           ca2_ac1  =   1.000000e+06   1.670000e+00   9.999983e+05
*           ca2_av1  =   1.000000e+06  -1.000000e+00   1.000001e+06
*           ca2_ac2  =   1.000000e+06  -1.000000e+00   1.000001e+06
*           ca2_av2  =   1.000000e+06  -1.000000e+00   1.000001e+06
*           ac1_ac1  =   1.000000e+06   3.340000e+00   9.999967e+05
*           ac1_av1  =   1.000000e+06  -1.000000e+00   1.000001e+06
*           ac1_ac2  =   1.000000e+06  -1.000000e+00   1.000001e+06
*           ac1_av2  =   1.000000e+06  -1.000000e+00   1.000001e+06
*           av1_av1  =   1.000000e+06  -1.000000e+00   1.000001e+06
*           av1_av2  =   1.000000e+06  -1.000000e+00   1.000001e+06
*           av2_av2  =   1.000000e+06  -1.000000e+00   1.000001e+06
*
*
***********************************************************
*        - Process and timing information -
*
* user time:   0 h 00 m 11.410140 s
* syst time:   0 h 00 m 00.017998 s
* signals: 0
* voluntary context switches: 7
* involuntary context switches: 13
*
***********************************************************
*SS symsearch output
*SS ( use:  | awk '($1=="*S"){print $0}' | sed 's/*S //' > temp.out )
*S Title
*S 1                 search type
*S 5.0 0.00001       displacement rms max min
*S 0.1 0.00001       strain rms max min
*S 1                 lattice input type
*S      4.04687     0.00000     0.00000
*S      0.00000     3.95708     0.00000
*S      2.09423     1.76810     2.82196
*S 1 0 0
*S 0 1 0
*S 0 0 1
*S 2                 number of atoms
*S 11 0
*S      0.64665     0.81860     0.70753
*S      0.14652     0.31849     0.70777
*FF findsym output
*FF ( use:  | awk '($1=="*F"){print $0}' | sed 's/*F //' > temp.out )
*F Title
*F 0.001       displacement rms max min
*F 1                 lattice input type
*F      4.04687     0.00000     0.00000
*F      0.00000     3.95708     0.00000
*F      2.09423     1.76810     2.82196
*F 1               basis vector in type
*F 1 0 0
*F 0 1 0
*F 0 0 1
*F 2                 number of atoms
*F 11 0
*F      0.64665     0.81860     0.70753
*F      0.14652     0.31849     0.70777
*DD powder output
*DD (use: | awk '($1=="*D"){print $0}' | sed 's/*D //' > temp.out )
*D 2
*D      4.04687     3.95708     3.93388
*D     63.29132    57.83514    89.99996
*D      0.64665     0.81860     0.70753        11
*D      0.14652     0.31849     0.70777         0
*PP poscar output
*PP (use: | awk '($1=="*P"){print $0}' | sed 's/*P //' > temp.out )
*P Z: 11 17 
*P 1.0 
*P      4.04686796     0.00000000     0.00000000
*P      0.00000244     3.95707957     0.00000000
*P      2.09423056     1.76809885     2.82195923
*P 1 1 0 
*P Direct
*P       0.646648705488      0.818602660384      0.707532559198
*P       0.146523253290      0.318494298051      0.707774374091
*QQ poscar output
*QQ (use: | awk '($1=="*Q"){print $0}' | sed 's/*Q //' > temp.out )
*Q +1.000000000000 -1.000000000000 
*Q 1.0 
*Q      4.04686796     0.00000000     0.00000000
*Q      0.00000244     3.95707957     0.00000000
*Q      2.09423056     1.76809885     2.82195923
*Q 1 1 0 
*Q Direct
*Q       0.646648705488      0.818602660384      0.707532559198
*Q       0.146523253290      0.318494298051      0.707774374091
*RR restart output
*RR (use: | awk '($1=="*R"){print $0}' | sed 's/*R //' > temp.out )
*R     4.046867960288    3.957079568651    3.933882186267
*R     1.104641995319    1.009413598498    1.570795710666
*R      1
*R      1     1
*R   -1.000000000000000   0.000000000000000
*R     0.000000000000    1.670000000000    0.000000000000    17     0
*R      1
*R      1   1.000000000000000
*R     1.160000000000    11
*R     0.646648705488    0.818602660384    0.707532559198
*R     0.146523253290    0.318494298051    0.707774374091
* XBS output
* CATION:
atom C     4.098640230    4.490263367    1.996628033
spec C     1.160000000    1.000000000    0.000000000    0.000000000
* ANION:
atom A     2.075203758    2.511722337    1.997310425
spec A     1.670000000    0.000000000    0.000000000    1.000000000
spec V     0.000000000    0.000000000    1.000000000    0.000000000
bonds A V  0.000000000    0.000000000    0.010000000    Black
* CELL PARAMETERS AND BORDER
atom 0    0.00000   0.00000   0.00000
atom 1    4.04687   0.00000   0.00000
atom 2    4.04687   3.95708   0.00000
atom 3    0.00000   3.95708   0.00000
atom 4    2.09423   1.76810   2.82196
atom 5    6.14110   1.76810   2.82196
atom 6    6.14110   5.72518   2.82196
atom 7    2.09423   5.72518   2.82196
spec 0     0.050000000    0.000000000    0.000000000    0.000000000
spec 1     0.050000000    0.000000000    0.000000000    0.000000000
spec 2     0.050000000    0.000000000    0.000000000    0.000000000
spec 3     0.050000000    0.000000000    0.000000000    0.000000000
spec 4     0.050000000    0.000000000    0.000000000    0.000000000
spec 5     0.050000000    0.000000000    0.000000000    0.000000000
spec 6     0.050000000    0.000000000    0.000000000    0.000000000
spec 7     0.050000000    0.000000000    0.000000000    0.000000000
bonds 0 1  4.042821092    4.050914828    0.010000000    Black
bonds 3 2  4.042821092    4.050914828    0.010000000    Black
bonds 4 5  4.042821092    4.050914828    0.010000000    Black
bonds 6 7  4.042821092    4.050914828    0.010000000    Black
bonds 1 2  3.953122489    3.961036648    0.010000000    Black
bonds 0 3  3.953122489    3.961036648    0.010000000    Black
bonds 5 6  3.953122489    3.961036648    0.010000000    Black
bonds 4 7  3.953122489    3.961036648    0.010000000    Black
bonds 0 4  3.929948304    3.937816068    0.010000000    Black
bonds 1 5  3.929948304    3.937816068    0.010000000    Black
bonds 2 6  3.929948304    3.937816068    0.010000000    Black
bonds 3 7  3.929948304    3.937816068    0.010000000    Black
inc 5.000000
dup    4.04687   0.00000   0.00000
dup    0.00000   3.95708   0.00000
dup    2.09423   1.76810   2.82196
