*************************************************
*	pack	(version 4.12.0.5)
*	Eric Majzoub
*	Sandia National Laboratories
*************************************************
*  Source file: main.c
*  Compile date: Dec 27 2012
*  Compile time: 17:19:04
*  commandline = /projects/e20438/bin/pack-4.12.0.5/pack_exe -f ../../NaCl_pegs.in -P -R -r 500 -t 15 -g 2622 
*  input file = ../../NaCl_pegs.in
**********************************************************************
**********************************************************************
**********************************************************************
* 
*       - General run comments -
* 
* WARN: no Rotations in Metropolis (-R flag).
* WARN: all anionic charge on center atom (-P flag).
*
**********************************************************************
*           - Input parameters -
*
*           restart  =         0         1 = restart calc
*        autoadjust  =         1   automatically set temp
*          aa_using  =         1        1=rej pct, 2=pCnt
*         basin hop  =         0           number of hops
*     non_per_ewald  =         0          1=nanopart calc
*
*             lat a  =   10.0000
*             lat b  =   10.0000
*             lat c  =   10.0000
*             alpha  =    1.5708
*             beta   =    1.5708
*             gamma  =    1.5708
*          cell vol  = 1000.0000
*      sqsh vol pct  =    0.2000
* 
*          cell_min  =    1.6700              min lat vec
*          cell_max  =  167.0000              max lat vec
* 
*         n_type_an  =         1          num type anions
*            num_an  =         1           tot num anions
* 
*          num_an_1  =         1        num anions type 1
*        num_vert_1  =         1     1=sph 2=dim 5=tet...
*       an_chrg_c_1  =   -1.0000      anion center charge
*       an_chrg_v_1  =    0.0000      anion vertex charge
*     tot_an_chrg_1  =   -1.0000       total anion charge
*           Rcent_1  =    1.6700         anion center rad
*           Rvert_1  =    0.0000         anion vertex rad
*             cvd_1  =    0.0000        cent to vert dist
*           Zcent_1  =        17           anion center Z
*           Zvert_1  =         0           anion vertex Z
* 
*          num_an_2  =         0        num anions type 2
*        num_vert_2  =         0     1=sph 2=dim 5=tet...
*       an_chrg_c_2  =    0.0000      anion center charge
*       an_chrg_v_2  =    0.0000      anion vertex charge
*     tot_an_chrg_2  =    0.0000       total anion charge
*           Rcent_2  =    0.0000         anion center rad
*           Rvert_2  =    0.0000         anion vertex rad
*             cvd_2  =    0.0000        cent to vert dist
*           Zcent_2  =         0           anion center Z
*           Zvert_2  =         0           anion vertex Z
* 
*         n_type_ca  =         1            num type cats
*            num_ca  =         1          tot num cations
* 
*          num_ca_1  =         1        num cations typ 1
*         ca_chrg_1  =    1.0000        cation chrg typ 1
*            Rcat_1  =    1.1600         cation rad typ 1
*            Zcat_1  =        11           cation Z typ 1
* 
*            C2VTOL  =  1.00e-08            c2v tolerance
*            ERRLIM  =  1.00e-06
*       REP_EPSILON  =  1.00e+00        soft sphere repul
*    TRANS_FRAC_MAX  =    0.5000                    fixed
*    TRANS_FRAC_MIN  =    0.0200
*      MAX_ANG_CHNG  =    9.9695                  degrees
*    VOLUM_FRAC_MAX  =    0.0700
*         EXT_PRESS  =  0.00e+00        external pressure
*      SQSH_VOL_PCT  =    0.2000             min orth val
*        ASPECT_MAX  =   20.0000                cell parm
*            dplane  =    1.6700            min plane sep
*      SCALE_FACTOR  =    1.2500         bhop max scaling
* 
*            d.o.f.  =        12       degrees of freedom
*          runs/dof  =       500         loops per d.o.f.
*              runs  =      6000              loops per T
*               ncc  =     24000     config changes per T
*            t_runs  =        15           num temp steps
*             efunc  =         0               0=SS  1=LJ
*       N_HALT_CHNG  =        15      halts after N 100%s
*
*      anneal_sched  =         3   0=lin or exp(-run_n^n)
*         temp_init  =  1.00e+00             initial temp
*         temp_finl  =  1.00e-03               final temp
* 
*          trn_chng  =         1              0=off  1=on
*          rot_chng  =         0              0=off  1=on
*          lat_chng  =         1              0=off  1=on
*          swp_chng  =         1              0=off  1=on
* 
*     SIMP_RESTARTS  =        11     no. simplex restarts
*  SIMP_RESTARTS BH  =        21  basin hop simp restarts
*         SIMP_NMAX  =      4500        max simplex iters
*          SIMP_DEG  =    1.0000          anion start deg
*         SIMP_LAMB  =    0.0100        vertex start frac
*       SIMP_ERRLIM  =  1.00e-08              error limit
* 
*           aa runs  =      1200           config changes
*      aa runs_step  =        10   config change increase
*       aa runs_max  =      1500  max auto config changes
*         aa t_runs  =         3            num temp runs
*      aa temp_step  =    0.5000                temp step
* 
*        aa chng hi  =         3  1=trn 2=rot 3=lat 4=swp
*        aa chng lo  =         3  1=trn 2=rot 3=lat 4=swp
* 
*      aa ht_pct_hi  =     0.650             high rej pct
*      aa ht_pct_lo  =     0.600             low  rej pct
* 
*      aa lt_pct_hi  =     0.999             high rej pct
*      aa lt_pct_lo  =     0.950             low  rej pct
* 
*            tmpfile =                   PR21163-best.tmp
* 
* Checking for out of bounds fractional coords.
*
**********************************************************************
*
*          - Parameters at START -
*
* Lattice parameters:
*
*             lat a  =   10.0000
*             lat b  =   10.0000
*             lat c  =   10.0000
*             alpha  =   90.0000
*             beta   =   90.0000
*             gamma  =   90.0000
*          cell vol  = 1000.0000
*          cv/ortho  =    1.0000
*
* Energies:
*               ecc  = -5.0895e-01
*               eng  =  0.0000e+00
*
*
* Geometry:
*
*      packing frac  =    0.0260
*      aspect ratio  =    1.0000
*
* (dE/dV):
*                Px  = -2.0910e-05                    x-dir
*                Py  =  3.8751e-04                    y-dir
*                Pz  =  1.4235e-04                    z-dir
*
* Distances (PBC only):
*                                 min           hard           diff
*           ca1_ca1  =   1.000000e+06   2.320000e+00   9.999977e+05
*           ca1_ca2  =   1.000000e+06   1.160000e+00   9.999988e+05
*           ca1_ac1  =   4.856955e+00   2.830000e+00   2.026955e+00
*           ca1_av1  =   1.000000e+06  -1.000000e+00   1.000001e+06
*           ca1_ac2  =   1.000000e+06  -1.000000e+00   1.000001e+06
*           ca1_av2  =   1.000000e+06  -1.000000e+00   1.000001e+06
*           ca2_ca2  =   1.000000e+06   0.000000e+00   1.000000e+06
*           ca2_ac1  =   1.000000e+06   1.670000e+00   9.999983e+05
*           ca2_av1  =   1.000000e+06  -1.000000e+00   1.000001e+06
*           ca2_ac2  =   1.000000e+06  -1.000000e+00   1.000001e+06
*           ca2_av2  =   1.000000e+06  -1.000000e+00   1.000001e+06
*           ac1_ac1  =   1.000000e+06   3.340000e+00   9.999967e+05
*           ac1_av1  =   1.000000e+06  -1.000000e+00   1.000001e+06
*           ac1_ac2  =   1.000000e+06  -1.000000e+00   1.000001e+06
*           ac1_av2  =   1.000000e+06  -1.000000e+00   1.000001e+06
*           av1_av1  =   1.000000e+06  -1.000000e+00   1.000001e+06
*           av1_av2  =   1.000000e+06  -1.000000e+00   1.000001e+06
*           av2_av2  =   1.000000e+06  -1.000000e+00   1.000001e+06
*
*
*
**********************************************************************
*
* ------------------------------------------------------------
*              Autoadjust high temperatrure:
* ------------------------------------------------------------
*              Autoadjusting on 3 (1=trn,2=rot,3=lat,4=swp)
*
**********************************************************************
*
*                 -- Autoadjust Metropolis Run --
*
*   autoadjust_temp_init  =  1.0000e+00
*   autoadjust_temp_step  =  5.0000e-01
*        autoadjust_runs  =        1200         configs per temp
*       autoadjust_count  =           1
*
**********************************************************************
*
* Metropolis: 3 temperature runs with these parameters:
*
*              runs  =      1200              loops per T
*               T_0  = 1.000e+00             initial temp
*               T_L  = 1.000e+00               final temp
*           T_alpha  = 8.000e+09          annealing alpha
*
*            T = T_0 * exp( -run_num**3 / T_alpha )
*
**********************************************************************
*H run      Temp       E_ion        E_ss   cel vol       SigPF       ar     ortho        pCnt          % Rejected Changes
*H                                                                                                 trn      rot      lat      swp
*T   1  1.00e+00  -2.743e-01  +0.000e+00    913.29   4.112e-02    1.572     0.324   5.101e-02    22.08     0.00     1.50     0.00
*T   2  1.00e+00  -6.515e-01  +0.000e+00    877.09   7.202e-02    3.303     0.497   3.308e-01    30.42     0.00     2.83     0.00
*T   3  1.00e+00  -7.306e-03  +0.000e+00    251.27   8.134e-02    4.215     0.476   2.160e-01    46.00     0.00     6.50     0.00
*
**********************************************************************
*
*                 -- AUTOADJUST [1] OUT --
*
*     target: lo % = 60.000000      hi % = 65.000000
*     Autoadjust % =  6.500000
*     Autoadjust: Lowering the temperature 5.000e-01 [a.u.]
*
**********************************************************************
*
*                 -- Autoadjust Metropolis Run --
*
*   autoadjust_temp_init  =  5.0000e-01
*   autoadjust_temp_step  =  5.0000e-01
*        autoadjust_runs  =        1210         configs per temp
*       autoadjust_count  =           2
*
**********************************************************************
*
* Metropolis: 3 temperature runs with these parameters:
*
*              runs  =      1210              loops per T
*               T_0  = 5.000e-01             initial temp
*               T_L  = 4.995e-01               final temp
*           T_alpha  = 7.996e+03          annealing alpha
*
*            T = T_0 * exp( -run_num**3 / T_alpha )
*
**********************************************************************
*H run      Temp       E_ion        E_ss   cel vol       SigPF       ar     ortho        pCnt          % Rejected Changes
*H                                                                                                 trn      rot      lat      swp
*T   1  5.00e-01  -5.540e-01  +0.000e+00    142.91   6.951e-02    1.748     0.656   3.931e-01    56.69     0.00     5.62     0.00
*T   2  5.00e-01  -3.432e-01  +0.000e+00    426.46   6.175e-02    2.867     0.420   2.274e-01    36.86     0.00     6.94     0.00
*T   3  4.99e-01  -4.842e-01  +0.000e+00   1378.27   4.307e-02    1.860     0.254   2.613e-01    33.31     0.00     3.47     0.00
*
**********************************************************************
*
*                 -- AUTOADJUST [2] OUT --
*
*     target: lo % = 60.000000      hi % = 65.000000
*     Autoadjust % =  3.471074
*     Autoadjust: special case: (T-Tstep) = 0.000e+00 [a.u.]
*     Autoadjust: special case: ===> drop temp step to: 2.250e-01 [a.u.]
*     Autoadjust: Lowering the temperature 2.250e-01 [a.u.]
*
**********************************************************************
*
*                 -- Autoadjust Metropolis Run --
*
*   autoadjust_temp_init  =  2.7500e-01
*   autoadjust_temp_step  =  2.2500e-01
*        autoadjust_runs  =        1220         configs per temp
*       autoadjust_count  =           3
*
**********************************************************************
*
* Metropolis: 3 temperature runs with these parameters:
*
*              runs  =      1220              loops per T
*               T_0  = 2.750e-01             initial temp
*               T_L  = 2.747e-01               final temp
*           T_alpha  = 7.996e+03          annealing alpha
*
*            T = T_0 * exp( -run_num**3 / T_alpha )
*
**********************************************************************
*H run      Temp       E_ion        E_ss   cel vol       SigPF       ar     ortho        pCnt          % Rejected Changes
*H                                                                                                 trn      rot      lat      swp
*T   1  2.75e-01  -6.445e-02  +0.000e+00  91832.59   9.630e-03    1.639     0.360   3.530e-01    20.16     0.00     5.16     0.00
*T   2  2.75e-01  -1.292e-01  +0.000e+00  62048.47   4.063e-04    1.139     0.229   1.192e-01    11.48     0.00     3.36     0.00
*T   3  2.75e-01  -3.358e-02  +0.000e+002080789.97   1.595e-04    1.999     0.427   1.570e-01    10.82     0.00     1.48     0.00
*
**********************************************************************
*
*                 -- AUTOADJUST [3] OUT --
*
*     target: lo % = 60.000000      hi % = 65.000000
*     Autoadjust % =  1.475410
*     Autoadjust: Lowering the temperature 2.250e-01 [a.u.]
*
**********************************************************************
*
*                 -- Autoadjust Metropolis Run --
*
*   autoadjust_temp_init  =  5.0000e-02
*   autoadjust_temp_step  =  2.2500e-01
*        autoadjust_runs  =        1230         configs per temp
*       autoadjust_count  =           4
*
**********************************************************************
*
* Metropolis: 3 temperature runs with these parameters:
*
*              runs  =      1230              loops per T
*               T_0  = 5.000e-02             initial temp
*               T_L  = 4.995e-02               final temp
*           T_alpha  = 7.996e+03          annealing alpha
*
*            T = T_0 * exp( -run_num**3 / T_alpha )
*
**********************************************************************
*H run      Temp       E_ion        E_ss   cel vol       SigPF       ar     ortho        pCnt          % Rejected Changes
*H                                                                                                 trn      rot      lat      swp
*T   1  5.00e-02  -6.585e-01  +0.000e+00  11194.18   4.578e-04   10.574     0.244   1.963e+01    44.47     0.00     9.11     0.00
*T   2  5.00e-02  -8.746e-01  +0.000e+00   6031.67   1.242e-03   16.760     0.345   1.000e+01    99.59     0.00    21.79     0.00
*T   3  5.00e-02  -6.284e-01  +0.000e+00  20397.59   1.646e-03   12.481     0.202   5.145e+00    99.43     0.00    23.41     0.00
*
**********************************************************************
*
*                 -- AUTOADJUST [4] OUT --
*
*     target: lo % = 60.000000      hi % = 65.000000
*     Autoadjust % = 23.414634
*     Autoadjust: special case: (T-Tstep) = -1.750e-01 [a.u.]
*     Autoadjust: special case: ===> drop temp step to: 1.013e-01 [a.u.]
*     Autoadjust: special case: (T-Tstep) = -5.125e-02 [a.u.]
*     Autoadjust: special case: ===> drop temp step to: 4.556e-02 [a.u.]
*     Autoadjust: Lowering the temperature 4.556e-02 [a.u.]
*
**********************************************************************
*
*                 -- Autoadjust Metropolis Run --
*
*   autoadjust_temp_init  =  4.4375e-03
*   autoadjust_temp_step  =  4.5563e-02
*        autoadjust_runs  =        1240         configs per temp
*       autoadjust_count  =           5
*
**********************************************************************
*
* Metropolis: 3 temperature runs with these parameters:
*
*              runs  =      1240              loops per T
*               T_0  = 4.438e-03             initial temp
*               T_L  = 4.433e-03               final temp
*           T_alpha  = 7.996e+03          annealing alpha
*
*            T = T_0 * exp( -run_num**3 / T_alpha )
*
**********************************************************************
*H run      Temp       E_ion        E_ss   cel vol       SigPF       ar     ortho        pCnt          % Rejected Changes
*H                                                                                                 trn      rot      lat      swp
*T   1  4.44e-03  -7.510e-01  +0.000e+00  11489.83   9.072e-04    8.907     0.304   4.117e+01    99.92     0.00    74.11     0.00
*T   2  4.44e-03  -8.036e-01  +0.000e+00   7707.12   1.957e-03   11.288     0.785   8.259e+00   100.00     0.00    57.34     0.00
*T   3  4.43e-03  -8.358e-01  +0.000e+00   6418.48   2.418e-03   10.687     0.915   8.349e+00   100.00     0.00    60.32     0.00
*
**********************************************************************
*
*                 -- AUTOADJUST [5] OUT --
*
*     target: lo % = 60.000000      hi % = 65.000000
*     Autoadjust % = 60.322581
*     Autoadjust: temp = 4.438e-03  is good!  Exiting autoadjust.
*
**********************************************************************
*
* ------------------------------------------------------------
*              Autoadjust low temperatrure:
* ------------------------------------------------------------
*              Autoadjusting on 3 (1=trn,2=rot,3=lat,4=swp)
*
**********************************************************************
*
*                 -- Autoadjust Metropolis Run --
*
*   autoadjust_temp_init  =  2.0000e-02
*   autoadjust_temp_step  =  5.0000e-01
*        autoadjust_runs  =        1200         configs per temp
*       autoadjust_count  =           1
*
**********************************************************************
*
* Metropolis: 3 temperature runs with these parameters:
*
*              runs  =      1200              loops per T
*               T_0  = 2.000e-02             initial temp
*               T_L  = 2.000e-02               final temp
*           T_alpha  = 1.600e+08          annealing alpha
*
*            T = T_0 * exp( -run_num**3 / T_alpha )
*
**********************************************************************
*H run      Temp       E_ion        E_ss   cel vol       SigPF       ar     ortho        pCnt          % Rejected Changes
*H                                                                                                 trn      rot      lat      swp
*T   1  2.00e-02  -8.957e-01  +0.000e+00   2263.58   7.029e-03   11.710     0.514   6.160e+00    99.92     0.00    42.25     0.00
*T   2  2.00e-02  -9.404e-01  +0.000e+00    958.65   8.798e-03    8.157     0.340   1.939e+00   100.00     0.00    40.50     0.00
*T   3  2.00e-02  -1.036e+00  +0.000e+00    487.76   2.766e-02    7.567     0.814   1.327e+01    99.67     0.00    45.33     0.00
*
**********************************************************************
*
*                 -- AUTOADJUST [1] OUT --
*
*     target: lo % = 95.000000      hi % = 99.900000
*     Autoadjust % = 45.333333
*     Autoadjust: special case: (T-Tstep) = -4.800e-01 [a.u.]
*     Autoadjust: special case: ===> drop temp step to: 2.250e-01 [a.u.]
*     Autoadjust: special case: (T-Tstep) = -2.050e-01 [a.u.]
*     Autoadjust: special case: ===> drop temp step to: 1.013e-01 [a.u.]
*     Autoadjust: special case: (T-Tstep) = -8.125e-02 [a.u.]
*     Autoadjust: special case: ===> drop temp step to: 4.556e-02 [a.u.]
*     Autoadjust: special case: (T-Tstep) = -2.556e-02 [a.u.]
*     Autoadjust: special case: ===> drop temp step to: 2.050e-02 [a.u.]
*     Autoadjust: special case: (T-Tstep) = -5.031e-04 [a.u.]
*     Autoadjust: special case: ===> drop temp step to: 9.226e-03 [a.u.]
*     Autoadjust: Lowering the temperature 9.226e-03 [a.u.]
*
**********************************************************************
*
*                 -- Autoadjust Metropolis Run --
*
*   autoadjust_temp_init  =  1.0774e-02
*   autoadjust_temp_step  =  9.2264e-03
*        autoadjust_runs  =        1210         configs per temp
*       autoadjust_count  =           2
*
**********************************************************************
*
* Metropolis: 3 temperature runs with these parameters:
*
*              runs  =      1210              loops per T
*               T_0  = 1.077e-02             initial temp
*               T_L  = 1.076e-02               final temp
*           T_alpha  = 7.996e+03          annealing alpha
*
*            T = T_0 * exp( -run_num**3 / T_alpha )
*
**********************************************************************
*H run      Temp       E_ion        E_ss   cel vol       SigPF       ar     ortho        pCnt          % Rejected Changes
*H                                                                                                 trn      rot      lat      swp
*T   1  1.08e-02  -1.036e+00  +0.000e+00    270.68   6.606e-02    7.658     0.404   5.044e+00   100.00     0.00    50.00     0.00
*T   2  1.08e-02  -1.085e+00  +0.000e+00    205.17   5.199e-02    4.773     0.564   2.126e+00   100.00     0.00    57.93     0.00
*T   3  1.08e-02  -1.099e+00  +0.000e+00    164.39   1.217e-01    3.766     0.615   3.827e+00   100.00     0.00    54.79     0.00
*
**********************************************************************
*
*                 -- AUTOADJUST [2] OUT --
*
*     target: lo % = 95.000000      hi % = 99.900000
*     Autoadjust % = 54.793388
*     Autoadjust: Lowering the temperature 9.226e-03 [a.u.]
*
**********************************************************************
*
*                 -- Autoadjust Metropolis Run --
*
*   autoadjust_temp_init  =  1.5472e-03
*   autoadjust_temp_step  =  9.2264e-03
*        autoadjust_runs  =        1220         configs per temp
*       autoadjust_count  =           3
*
**********************************************************************
*
* Metropolis: 3 temperature runs with these parameters:
*
*              runs  =      1220              loops per T
*               T_0  = 1.547e-03             initial temp
*               T_L  = 1.546e-03               final temp
*           T_alpha  = 7.996e+03          annealing alpha
*
*            T = T_0 * exp( -run_num**3 / T_alpha )
*
**********************************************************************
*H run      Temp       E_ion        E_ss   cel vol       SigPF       ar     ortho        pCnt          % Rejected Changes
*H                                                                                                 trn      rot      lat      swp
*T   1  1.55e-03  -1.103e+00  +0.000e+00     97.15   1.080e-01    2.828     0.491   1.794e+00   100.00     0.00    77.87     0.00
*T   2  1.55e-03  -1.118e+00  +0.000e+00     67.20   2.352e-01    2.209     0.432   1.233e+01   100.00     0.00    85.82     0.00
*T   3  1.55e-03  -1.132e+00  +0.000e+00     62.02   2.611e-01    2.113     0.416   1.555e+01    99.92     0.00    87.70     0.00
*
**********************************************************************
*
*                 -- AUTOADJUST [3] OUT --
*
*     target: lo % = 95.000000      hi % = 99.900000
*     Autoadjust % = 87.704918
*     Autoadjust: special case: (T-Tstep) = -7.679e-03 [a.u.]
*     Autoadjust: special case: ===> drop temp step to: 4.152e-03 [a.u.]
*     Autoadjust: special case: (T-Tstep) = -2.605e-03 [a.u.]
*     Autoadjust: special case: ===> drop temp step to: 1.868e-03 [a.u.]
*     Autoadjust: special case: (T-Tstep) = -3.212e-04 [a.u.]
*     Autoadjust: special case: ===> drop temp step to: 8.408e-04 [a.u.]
*     Autoadjust: Lowering the temperature 8.408e-04 [a.u.]
*
**********************************************************************
*
*                 -- Autoadjust Metropolis Run --
*
*   autoadjust_temp_init  =  7.0643e-04
*   autoadjust_temp_step  =  8.4076e-04
*        autoadjust_runs  =        1230         configs per temp
*       autoadjust_count  =           4
*
**********************************************************************
*
* Metropolis: 3 temperature runs with these parameters:
*
*              runs  =      1230              loops per T
*               T_0  = 7.064e-04             initial temp
*               T_L  = 7.057e-04               final temp
*           T_alpha  = 7.996e+03          annealing alpha
*
*            T = T_0 * exp( -run_num**3 / T_alpha )
*
**********************************************************************
*H run      Temp       E_ion        E_ss   cel vol       SigPF       ar     ortho        pCnt          % Rejected Changes
*H                                                                                                 trn      rot      lat      swp
*T   1  7.06e-04  -1.147e+00  +0.000e+00     58.31   2.811e-01    2.071     0.408   1.439e+03    99.92     0.00    93.25     0.00
*T   2  7.06e-04  -1.147e+00  +0.000e+00     57.94   2.910e-01    2.064     0.409   3.742e+00    99.84     0.00    95.37     0.00
*T   3  7.06e-04  -1.157e+00  +0.000e+00     57.59   2.914e-01    2.100     0.414   1.228e+01   100.00     0.00    94.63     0.00
*
**********************************************************************
*
*                 -- AUTOADJUST [4] OUT --
*
*     target: lo % = 95.000000      hi % = 99.900000
*     Autoadjust % = 94.634146
*     Autoadjust: special case: (T-Tstep) = -1.343e-04 [a.u.]
*     Autoadjust: special case: ===> drop temp step to: 3.783e-04 [a.u.]
*     Autoadjust: Lowering the temperature 3.783e-04 [a.u.]
*
**********************************************************************
*
*                 -- Autoadjust Metropolis Run --
*
*   autoadjust_temp_init  =  3.2809e-04
*   autoadjust_temp_step  =  3.7834e-04
*        autoadjust_runs  =        1240         configs per temp
*       autoadjust_count  =           5
*
**********************************************************************
*
* Metropolis: 3 temperature runs with these parameters:
*
*              runs  =      1240              loops per T
*               T_0  = 3.281e-04             initial temp
*               T_L  = 3.278e-04               final temp
*           T_alpha  = 7.996e+03          annealing alpha
*
*            T = T_0 * exp( -run_num**3 / T_alpha )
*
**********************************************************************
*H run      Temp       E_ion        E_ss   cel vol       SigPF       ar     ortho        pCnt          % Rejected Changes
*H                                                                                                 trn      rot      lat      swp
*T   1  3.28e-04  -1.159e+00  +0.000e+00     57.46   2.989e-01    2.102     0.413   3.361e+03   100.00     0.00    98.23     0.00
*T   2  3.28e-04  -1.159e+00  +0.000e+00     57.45   2.987e-01    2.105     0.414   1.728e+00   100.00     0.00    97.90     0.00
*T   3  3.28e-04  -1.160e+00  +0.000e+00     57.44   2.995e-01    2.109     0.414   9.847e-01   100.00     0.00    98.63     0.00
*
**********************************************************************
*
*                 -- AUTOADJUST [5] OUT --
*
*     target: lo % = 95.000000      hi % = 99.900000
*     Autoadjust % = 98.629032
*     Autoadjust: temp = 3.281e-04  is good!  Exiting autoadjust.
*
**********************************************************************
*
*
*          -- Initializing cell contents --
*
*
*
**********************************************************************
*
*            -- Starting Metropolis calculation --
*
*              temp_init  = 4.438e-03
*
**********************************************************************
*
* Metropolis: 15 temperature runs with these parameters:
*
*              runs  =      6000              loops per T
*               T_0  = 4.438e-03             initial temp
*               T_L  = 3.281e-04               final temp
*           T_alpha  = 1.054e+03          annealing alpha
*
*            T = T_0 * exp( -run_num**3 / T_alpha )
*
**********************************************************************
*H run      Temp       E_ion        E_ss   cel vol       SigPF       ar     ortho        pCnt          % Rejected Changes
*H                                                                                                 trn      rot      lat      swp
*M   1  4.44e-03  -1.158e+00  +0.000e+00     51.83   2.039e-01    1.425     0.476   3.058e+02    99.83     0.00    84.82     0.00
*M   2  4.43e-03  -1.162e+00  +0.000e+00     52.60   3.217e-01    1.364     0.474   3.734e+00   100.00     0.00    88.77     0.02
*M   3  4.40e-03  -1.179e+00  +0.000e+00     48.95   3.263e-01    1.370     0.439   3.459e+00   100.00     0.00    88.75     0.00
*M   4  4.33e-03  -1.132e+00  +0.000e+00     53.35   3.218e-01    1.511     0.497   1.568e+01    99.97     0.00    88.35     0.00
*M   5  4.18e-03  -1.127e+00  +0.000e+00     63.78   2.811e-01    1.282     0.585   5.184e+00   100.00     0.00    89.30     0.00
*M   6  3.94e-03  -1.119e+00  +0.000e+00     66.26   2.500e-01    1.342     0.727   6.062e+00   100.00     0.00    88.65     0.00
*M   7  3.61e-03  -1.140e+00  +0.000e+00     64.99   2.465e-01    1.225     0.664   1.445e+01    99.98     0.00    89.83     0.00
*M   8  3.20e-03  -1.146e+00  +0.000e+00     63.77   2.563e-01    1.239     0.662   3.040e+00   100.00     0.00    92.37     0.00
*M   9  2.73e-03  -1.137e+00  +0.000e+00     64.17   2.611e-01    1.229     0.683   3.884e+00   100.00     0.00    92.68     0.00
*M  10  2.22e-03  -1.142e+00  +0.000e+00     62.72   2.666e-01    1.262     0.695   3.358e+00   100.00     0.00    93.87     0.00
*M  11  1.72e-03  -1.145e+00  +0.000e+00     61.39   2.725e-01    1.282     0.701   3.755e+00   100.00     0.00    96.10     0.00
*M  12  1.25e-03  -1.145e+00  +0.000e+00     61.33   2.799e-01    1.269     0.687   2.959e+00   100.00     0.00    97.53     0.00
*M  13  8.61e-04  -1.145e+00  +0.000e+00     61.15   2.810e-01    1.261     0.683   4.461e+00   100.00     0.00    98.12     0.00
*M  14  5.51e-04  -1.146e+00  +0.000e+00     60.72   2.821e-01    1.259     0.680   3.194e+00   100.00     0.00    98.50     0.00
*M  15  3.28e-04  -1.147e+00  +0.000e+00     60.52   2.855e-01    1.257     0.682   3.892e+00   100.00     0.00    99.10     0.00
*
**********************************************************************
*
*
*          - Parameters at Post Ewald-Metro -
*
* Lattice parameters:
*
*             lat a  =    4.1536
*             lat b  =    5.1805
*             lat c  =    4.1227
*             alpha  =   68.4174
*             beta   =   70.5150
*             gamma  =  115.3292
*          cell vol  =   60.5201
*          cv/ortho  =    0.6822
*
* Energies:
*               ecc  = -1.1474e+00
*               eng  =  0.0000e+00
*
*
* Geometry:
*
*      packing frac  =    0.4304
*      aspect ratio  =    1.2566
*
* (dE/dV):
*                Px  =  5.4062e-03                    x-dir
*                Py  =  8.4628e-03                    y-dir
*                Pz  =  5.0893e-03                    z-dir
*
* Distances (PBC only):
*                                 min           hard           diff
*           ca1_ca1  =   1.000000e+06   2.320000e+00   9.999977e+05
*           ca1_ca2  =   1.000000e+06   1.160000e+00   9.999988e+05
*           ca1_ac1  =   2.830251e+00   2.830000e+00   2.507250e-04
*           ca1_av1  =   1.000000e+06  -1.000000e+00   1.000001e+06
*           ca1_ac2  =   1.000000e+06  -1.000000e+00   1.000001e+06
*           ca1_av2  =   1.000000e+06  -1.000000e+00   1.000001e+06
*           ca2_ca2  =   1.000000e+06   0.000000e+00   1.000000e+06
*           ca2_ac1  =   1.000000e+06   1.670000e+00   9.999983e+05
*           ca2_av1  =   1.000000e+06  -1.000000e+00   1.000001e+06
*           ca2_ac2  =   1.000000e+06  -1.000000e+00   1.000001e+06
*           ca2_av2  =   1.000000e+06  -1.000000e+00   1.000001e+06
*           ac1_ac1  =   1.000000e+06   3.340000e+00   9.999967e+05
*           ac1_av1  =   1.000000e+06  -1.000000e+00   1.000001e+06
*           ac1_ac2  =   1.000000e+06  -1.000000e+00   1.000001e+06
*           ac1_av2  =   1.000000e+06  -1.000000e+00   1.000001e+06
*           av1_av1  =   1.000000e+06  -1.000000e+00   1.000001e+06
*           av1_av2  =   1.000000e+06  -1.000000e+00   1.000001e+06
*           av2_av2  =   1.000000e+06  -1.000000e+00   1.000001e+06
*
*
*
**********************************************************************
*
*         - Comparing with 'best' structure -
*
****************************************************************
*
*          best ecc  = -1.1881e+00
*          best eng  =  0.0000e+00
*           ecc+eng  = -1.1881e+00
*          best vol  =  4.7664e+01
*           best pf  =  5.4648e-01
*
*     post_runs ecc  = -1.1474e+00
*     post_runs eng  =  0.0000e+00
*           ecc+eng  = -1.1474e+00
*     post_runs vol  =  6.0520e+01
*      post_runs pf  =  4.3039e-01
*
*       dV / V_runs  =  2.1243e-01
*
*          ecc_diff  = -4.0692e-02
*          eng_diff  =  0.0000e+00
*
*
****************************************************************
*
*  mag_ecc_diff > mag_eng_diff AND within BEST_VOL AND
* 'best' has lower energy than post runs! --> swapping.
*
****************************************************************
*
*
*          - Parameters at Post 'best-swap' -
*
* Lattice parameters:
*
*             lat a  =    3.9694
*             lat b  =    5.2323
*             lat c  =    5.4078
*             alpha  =   84.2708
*             beta   =   42.5171
*             gamma  =  116.6174
*          cell vol  =   47.6639
*          cv/ortho  =    0.4244
*
* Energies:
*               ecc  = -1.1881e+00
*               eng  =  0.0000e+00
*
*
* Geometry:
*
*      packing frac  =    0.5465
*      aspect ratio  =    1.3624
*
* (dE/dV):
*                Px  =  6.0394e-03                    x-dir
*                Py  =  7.8756e-03                    y-dir
*                Pz  =  1.1011e-02                    z-dir
*
* Distances (PBC only):
*                                 min           hard           diff
*           ca1_ca1  =   1.000000e+06   2.320000e+00   9.999977e+05
*           ca1_ca2  =   1.000000e+06   1.160000e+00   9.999988e+05
*           ca1_ac1  =   2.866884e+00   2.830000e+00   3.688379e-02
*           ca1_av1  =   1.000000e+06  -1.000000e+00   1.000001e+06
*           ca1_ac2  =   1.000000e+06  -1.000000e+00   1.000001e+06
*           ca1_av2  =   1.000000e+06  -1.000000e+00   1.000001e+06
*           ca2_ca2  =   1.000000e+06   0.000000e+00   1.000000e+06
*           ca2_ac1  =   1.000000e+06   1.670000e+00   9.999983e+05
*           ca2_av1  =   1.000000e+06  -1.000000e+00   1.000001e+06
*           ca2_ac2  =   1.000000e+06  -1.000000e+00   1.000001e+06
*           ca2_av2  =   1.000000e+06  -1.000000e+00   1.000001e+06
*           ac1_ac1  =   1.000000e+06   3.340000e+00   9.999967e+05
*           ac1_av1  =   1.000000e+06  -1.000000e+00   1.000001e+06
*           ac1_ac2  =   1.000000e+06  -1.000000e+00   1.000001e+06
*           ac1_av2  =   1.000000e+06  -1.000000e+00   1.000001e+06
*           av1_av1  =   1.000000e+06  -1.000000e+00   1.000001e+06
*           av1_av2  =   1.000000e+06  -1.000000e+00   1.000001e+06
*           av2_av2  =   1.000000e+06  -1.000000e+00   1.000001e+06
*
*
*
**********************************************************************
*
*         - Final Simplex relaxation with restarts -
*
**********************************************************************
*
*
****************************************************************
*
*
*        - Simplex Minimiziation Routine -
*
*
* Note: No aspect ratio constraint.
*
*
*            n_simp  =        15                   D.O.F.
*         simp_nmax  =      4500                max moves
*       simp_errlim  =  1.00e-08
*
*
*         - Initializing simplex arrays -
*
*
*      nfunk           rtol        pf        ar     ortho             e_ion              e_ss             e_tot
*X        12     1.4774e+00   0.54648   1.36238   0.42437    -1.1880634e+00     0.0000000e+00    -1.1880634e+00
*X      2000     1.0134e-07   0.55060   1.34225   0.43353    -1.1991214e+00     0.0000000e+00    -1.1991214e+00
*
*         simp_runs  =      3644               simp moves
*              rtol  =  9.59e-09               final rtol
*
* Simplex restart no. 1 of 10
*
*         - Initializing simplex arrays -
*
*
*      nfunk           rtol        pf        ar     ortho             e_ion              e_ss             e_tot
*X        12     1.5532e+00   0.54999   1.34235   0.43553    -1.1993096e+00     0.0000000e+00    -1.1993096e+00
*
*         simp_runs  =      1732               simp moves
*              rtol  =  9.96e-09               final rtol
*
* Simplex restart no. 2 of 10
*
*         - Initializing simplex arrays -
*
*
*      nfunk           rtol        pf        ar     ortho             e_ion              e_ss             e_tot
*X        12     1.5539e+00   0.54998   1.34223   0.43568    -1.1993558e+00     0.0000000e+00    -1.1993558e+00
*
*         simp_runs  =       958               simp moves
*              rtol  =  9.92e-09               final rtol
*
* Simplex restart no. 3 of 10
*
*         - Initializing simplex arrays -
*
*
*      nfunk           rtol        pf        ar     ortho             e_ion              e_ss             e_tot
*X        12     1.5539e+00   0.54998   1.34224   0.43567    -1.1993565e+00     0.0000000e+00    -1.1993565e+00
*
*         simp_runs  =       815               simp moves
*              rtol  =  9.94e-09               final rtol
*
* Simplex restart no. 4 of 10
*
*         - Initializing simplex arrays -
*
*
*      nfunk           rtol        pf        ar     ortho             e_ion              e_ss             e_tot
*X        12     1.5539e+00   0.54999   1.34224   0.43567    -1.1993565e+00     0.0000000e+00    -1.1993565e+00
*
*         simp_runs  =       804               simp moves
*              rtol  =  9.86e-09               final rtol
*
* Simplex restart no. 5 of 10
*
*         - Initializing simplex arrays -
*
*
*      nfunk           rtol        pf        ar     ortho             e_ion              e_ss             e_tot
*X        12     1.5539e+00   0.54999   1.34224   0.43567    -1.1993565e+00     0.0000000e+00    -1.1993565e+00
*
*         simp_runs  =       894               simp moves
*              rtol  =  9.97e-09               final rtol
*
* Simplex restart no. 6 of 10
*
*         - Initializing simplex arrays -
*
*
*      nfunk           rtol        pf        ar     ortho             e_ion              e_ss             e_tot
*X        12     1.5539e+00   0.54999   1.34224   0.43566    -1.1993566e+00     0.0000000e+00    -1.1993566e+00
*
*         simp_runs  =       817               simp moves
*              rtol  =  9.82e-09               final rtol
*
* Simplex restart no. 7 of 10
*
*         - Initializing simplex arrays -
*
*
*      nfunk           rtol        pf        ar     ortho             e_ion              e_ss             e_tot
*X        12     1.5539e+00   0.54999   1.34224   0.43566    -1.1993566e+00     0.0000000e+00    -1.1993566e+00
*
*         simp_runs  =       826               simp moves
*              rtol  =  9.98e-09               final rtol
*
* Simplex restart no. 8 of 10
*
*         - Initializing simplex arrays -
*
*
*      nfunk           rtol        pf        ar     ortho             e_ion              e_ss             e_tot
*X        12     1.5539e+00   0.54999   1.34224   0.43566    -1.1993566e+00     0.0000000e+00    -1.1993566e+00
*
*         simp_runs  =       826               simp moves
*              rtol  =  9.23e-09               final rtol
*
* Simplex restart no. 9 of 10
*
*         - Initializing simplex arrays -
*
*
*      nfunk           rtol        pf        ar     ortho             e_ion              e_ss             e_tot
*X        12     1.5539e+00   0.54999   1.34224   0.43566    -1.1993566e+00     0.0000000e+00    -1.1993566e+00
*
*         simp_runs  =       836               simp moves
*              rtol  =  9.59e-09               final rtol
*
* Simplex restart no. 10 of 10
*
*         - Initializing simplex arrays -
*
*
*      nfunk           rtol        pf        ar     ortho             e_ion              e_ss             e_tot
*X        12     1.5539e+00   0.54999   1.34224   0.43566    -1.1993566e+00     0.0000000e+00    -1.1993566e+00
*
*         simp_runs  =       823               simp moves
*              rtol  =  1.00e-08               final rtol
*
****************************************************************
*
*          - Parameters at Post Simplex -
*
* Lattice parameters:
*
*             lat a  =    3.9763
*             lat b  =    5.1224
*             lat c  =    5.3372
*             alpha  =   82.8727
*             beta   =   41.8093
*             gamma  =  113.9097
*          cell vol  =   47.3600
*          cv/ortho  =    0.4357
*
* Energies:
*               ecc  = -1.1994e+00
*               eng  =  0.0000e+00
*
*
* Geometry:
*
*      packing frac  =    0.5500
*      aspect ratio  =    1.3422
*
* (dE/dV):
*                Px  =  1.0000e+04                    x-dir
*                Py  =  1.0000e+04                    y-dir
*                Pz  =  1.0000e+04                    z-dir
*
* Distances (PBC only):
*                                 min           hard           diff
*           ca1_ca1  =   1.000000e+06   2.320000e+00   9.999977e+05
*           ca1_ca2  =   1.000000e+06   1.160000e+00   9.999988e+05
*           ca1_ac1  =   2.832582e+00   2.830000e+00   2.582123e-03
*           ca1_av1  =   1.000000e+06  -1.000000e+00   1.000001e+06
*           ca1_ac2  =   1.000000e+06  -1.000000e+00   1.000001e+06
*           ca1_av2  =   1.000000e+06  -1.000000e+00   1.000001e+06
*           ca2_ca2  =   1.000000e+06   0.000000e+00   1.000000e+06
*           ca2_ac1  =   1.000000e+06   1.670000e+00   9.999983e+05
*           ca2_av1  =   1.000000e+06  -1.000000e+00   1.000001e+06
*           ca2_ac2  =   1.000000e+06  -1.000000e+00   1.000001e+06
*           ca2_av2  =   1.000000e+06  -1.000000e+00   1.000001e+06
*           ac1_ac1  =   1.000000e+06   3.340000e+00   9.999967e+05
*           ac1_av1  =   1.000000e+06  -1.000000e+00   1.000001e+06
*           ac1_ac2  =   1.000000e+06  -1.000000e+00   1.000001e+06
*           ac1_av2  =   1.000000e+06  -1.000000e+00   1.000001e+06
*           av1_av1  =   1.000000e+06  -1.000000e+00   1.000001e+06
*           av1_av2  =   1.000000e+06  -1.000000e+00   1.000001e+06
*           av2_av2  =   1.000000e+06  -1.000000e+00   1.000001e+06
*
*
***********************************************************
*        - Process and timing information -
*
* user time:   0 h 00 m 16.739504 s
* syst time:   0 h 00 m 00.010999 s
* signals: 0
* voluntary context switches: 8
* involuntary context switches: 17
*
***********************************************************
*SS symsearch output
*SS ( use:  | awk '($1=="*S"){print $0}' | sed 's/*S //' > temp.out )
*S Title
*S 1                 search type
*S 5.0 0.00001       displacement rms max min
*S 0.1 0.00001       strain rms max min
*S 1                 lattice input type
*S      3.97631     0.00000     0.00000
*S     -2.07607     4.68278     0.00000
*S      3.97815     2.48805     2.54348
*S 1 0 0
*S 0 1 0
*S 0 0 1
*S 2                 number of atoms
*S 11 0
*S      0.11220     0.32837     0.49015
*S      0.70452     0.04578     0.24994
*FF findsym output
*FF ( use:  | awk '($1=="*F"){print $0}' | sed 's/*F //' > temp.out )
*F Title
*F 0.001       displacement rms max min
*F 1                 lattice input type
*F      3.97631     0.00000     0.00000
*F     -2.07607     4.68278     0.00000
*F      3.97815     2.48805     2.54348
*F 1               basis vector in type
*F 1 0 0
*F 0 1 0
*F 0 0 1
*F 2                 number of atoms
*F 11 0
*F      0.11220     0.32837     0.49015
*F      0.70452     0.04578     0.24994
*DD powder output
*DD (use: | awk '($1=="*D"){print $0}' | sed 's/*D //' > temp.out )
*D 2
*D      3.97631     5.12236     5.33716
*D     82.87269    41.80934   113.90972
*D      0.11220     0.32837     0.49015        11
*D      0.70452     0.04578     0.24994         0
*PP poscar output
*PP (use: | awk '($1=="*P"){print $0}' | sed 's/*P //' > temp.out )
*P Z: 11 17 
*P 1.0 
*P      3.97630837     0.00000000     0.00000000
*P     -2.07607478     4.68278303     0.00000000
*P      3.97814692     2.48804728     2.54347744
*P 1 1 0 
*P Direct
*P       0.112202369930      0.328368886037      0.490150437411
*P       0.704517241680      0.045775635168      0.249939175811
*QQ poscar output
*QQ (use: | awk '($1=="*Q"){print $0}' | sed 's/*Q //' > temp.out )
*Q +1.000000000000 -1.000000000000 
*Q 1.0 
*Q      3.97630837     0.00000000     0.00000000
*Q     -2.07607478     4.68278303     0.00000000
*Q      3.97814692     2.48804728     2.54347744
*Q 1 1 0 
*Q Direct
*Q       0.112202369930      0.328368886037      0.490150437411
*Q       0.704517241680      0.045775635168      0.249939175811
*RR restart output
*RR (use: | awk '($1=="*R"){print $0}' | sed 's/*R //' > temp.out )
*R     3.976308370010    5.122357213529    5.337163076531
*R     1.446401248574    0.729710668708    1.988099749549
*R      1
*R      1     1
*R   -1.000000000000000   0.000000000000000
*R     0.000000000000    1.670000000000    0.000000000000    17     0
*R      1
*R      1   1.000000000000000
*R     1.160000000000    11
*R     0.112202369930    0.328368886037    0.490150437411
*R     0.704517241680    0.045775635168    0.249939175811
* XBS output
* CATION:
atom C     1.714323317    2.757197710    1.246686580
spec C     1.160000000    1.000000000    0.000000000    0.000000000
* ANION:
atom A     3.700638927    0.836217854    0.635714655
spec A     1.670000000    0.000000000    0.000000000    1.000000000
spec V     0.000000000    0.000000000    1.000000000    0.000000000
bonds A V  0.000000000    0.000000000    0.010000000    Black
* CELL PARAMETERS AND BORDER
atom 0    0.00000   0.00000   0.00000
atom 1    3.97631   0.00000   0.00000
atom 2    1.90023   4.68278   0.00000
atom 3   -2.07607   4.68278   0.00000
atom 4    3.97815   2.48805   2.54348
atom 5    7.95446   2.48805   2.54348
atom 6    5.87838   7.17083   2.54348
atom 7    1.90207   7.17083   2.54348
spec 0     0.050000000    0.000000000    0.000000000    0.000000000
spec 1     0.050000000    0.000000000    0.000000000    0.000000000
spec 2     0.050000000    0.000000000    0.000000000    0.000000000
spec 3     0.050000000    0.000000000    0.000000000    0.000000000
spec 4     0.050000000    0.000000000    0.000000000    0.000000000
spec 5     0.050000000    0.000000000    0.000000000    0.000000000
spec 6     0.050000000    0.000000000    0.000000000    0.000000000
spec 7     0.050000000    0.000000000    0.000000000    0.000000000
bonds 0 1  3.972332062    3.980284678    0.010000000    Black
bonds 3 2  3.972332062    3.980284678    0.010000000    Black
bonds 4 5  3.972332062    3.980284678    0.010000000    Black
bonds 6 7  3.972332062    3.980284678    0.010000000    Black
bonds 1 2  5.117234856    5.127479571    0.010000000    Black
bonds 0 3  5.117234856    5.127479571    0.010000000    Black
bonds 5 6  5.117234856    5.127479571    0.010000000    Black
bonds 4 7  5.117234856    5.127479571    0.010000000    Black
bonds 0 4  5.331825913    5.342500240    0.010000000    Black
bonds 1 5  5.331825913    5.342500240    0.010000000    Black
bonds 2 6  5.331825913    5.342500240    0.010000000    Black
bonds 3 7  5.331825913    5.342500240    0.010000000    Black
inc 5.000000
dup    3.97631   0.00000   0.00000
dup   -2.07607   4.68278   0.00000
dup    3.97815   2.48805   2.54348
