*************************************************
*	pack	(version 4.12.0.5)
*	Eric Majzoub
*	Sandia National Laboratories
*************************************************
*  Source file: main.c
*  Compile date: Dec 27 2012
*  Compile time: 17:19:04
*  commandline = /projects/e20438/bin/pack-4.12.0.5/pack_exe -f ../../NaCl_pegs.in -P -R -r 400 -t 25 -g 16638 
*  input file = ../../NaCl_pegs.in
**********************************************************************
**********************************************************************
**********************************************************************
* 
*       - General run comments -
* 
* WARN: no Rotations in Metropolis (-R flag).
* WARN: all anionic charge on center atom (-P flag).
*
**********************************************************************
*           - Input parameters -
*
*           restart  =         0         1 = restart calc
*        autoadjust  =         1   automatically set temp
*          aa_using  =         1        1=rej pct, 2=pCnt
*         basin hop  =         0           number of hops
*     non_per_ewald  =         0          1=nanopart calc
*
*             lat a  =   10.0000
*             lat b  =   10.0000
*             lat c  =   10.0000
*             alpha  =    1.5708
*             beta   =    1.5708
*             gamma  =    1.5708
*          cell vol  = 1000.0000
*      sqsh vol pct  =    0.2000
* 
*          cell_min  =    1.6700              min lat vec
*          cell_max  =  167.0000              max lat vec
* 
*         n_type_an  =         1          num type anions
*            num_an  =         1           tot num anions
* 
*          num_an_1  =         1        num anions type 1
*        num_vert_1  =         1     1=sph 2=dim 5=tet...
*       an_chrg_c_1  =   -1.0000      anion center charge
*       an_chrg_v_1  =    0.0000      anion vertex charge
*     tot_an_chrg_1  =   -1.0000       total anion charge
*           Rcent_1  =    1.6700         anion center rad
*           Rvert_1  =    0.0000         anion vertex rad
*             cvd_1  =    0.0000        cent to vert dist
*           Zcent_1  =        17           anion center Z
*           Zvert_1  =         0           anion vertex Z
* 
*          num_an_2  =         0        num anions type 2
*        num_vert_2  =         0     1=sph 2=dim 5=tet...
*       an_chrg_c_2  =    0.0000      anion center charge
*       an_chrg_v_2  =    0.0000      anion vertex charge
*     tot_an_chrg_2  =    0.0000       total anion charge
*           Rcent_2  =    0.0000         anion center rad
*           Rvert_2  =    0.0000         anion vertex rad
*             cvd_2  =    0.0000        cent to vert dist
*           Zcent_2  =         0           anion center Z
*           Zvert_2  =         0           anion vertex Z
* 
*         n_type_ca  =         1            num type cats
*            num_ca  =         1          tot num cations
* 
*          num_ca_1  =         1        num cations typ 1
*         ca_chrg_1  =    1.0000        cation chrg typ 1
*            Rcat_1  =    1.1600         cation rad typ 1
*            Zcat_1  =        11           cation Z typ 1
* 
*            C2VTOL  =  1.00e-08            c2v tolerance
*            ERRLIM  =  1.00e-06
*       REP_EPSILON  =  1.00e+00        soft sphere repul
*    TRANS_FRAC_MAX  =    0.5000                    fixed
*    TRANS_FRAC_MIN  =    0.0200
*      MAX_ANG_CHNG  =    9.9695                  degrees
*    VOLUM_FRAC_MAX  =    0.0700
*         EXT_PRESS  =  0.00e+00        external pressure
*      SQSH_VOL_PCT  =    0.2000             min orth val
*        ASPECT_MAX  =   20.0000                cell parm
*            dplane  =    1.6700            min plane sep
*      SCALE_FACTOR  =    1.2500         bhop max scaling
* 
*            d.o.f.  =        12       degrees of freedom
*          runs/dof  =       400         loops per d.o.f.
*              runs  =      4800              loops per T
*               ncc  =     19200     config changes per T
*            t_runs  =        25           num temp steps
*             efunc  =         0               0=SS  1=LJ
*       N_HALT_CHNG  =        15      halts after N 100%s
*
*      anneal_sched  =         3   0=lin or exp(-run_n^n)
*         temp_init  =  1.00e+00             initial temp
*         temp_finl  =  1.00e-03               final temp
* 
*          trn_chng  =         1              0=off  1=on
*          rot_chng  =         0              0=off  1=on
*          lat_chng  =         1              0=off  1=on
*          swp_chng  =         1              0=off  1=on
* 
*     SIMP_RESTARTS  =        11     no. simplex restarts
*  SIMP_RESTARTS BH  =        21  basin hop simp restarts
*         SIMP_NMAX  =      4500        max simplex iters
*          SIMP_DEG  =    1.0000          anion start deg
*         SIMP_LAMB  =    0.0100        vertex start frac
*       SIMP_ERRLIM  =  1.00e-08              error limit
* 
*           aa runs  =      1200           config changes
*      aa runs_step  =        10   config change increase
*       aa runs_max  =      1500  max auto config changes
*         aa t_runs  =         3            num temp runs
*      aa temp_step  =    0.5000                temp step
* 
*        aa chng hi  =         3  1=trn 2=rot 3=lat 4=swp
*        aa chng lo  =         3  1=trn 2=rot 3=lat 4=swp
* 
*      aa ht_pct_hi  =     0.650             high rej pct
*      aa ht_pct_lo  =     0.600             low  rej pct
* 
*      aa lt_pct_hi  =     0.999             high rej pct
*      aa lt_pct_lo  =     0.950             low  rej pct
* 
*            tmpfile =                   PR20187-best.tmp
* 
* Checking for out of bounds fractional coords.
*
**********************************************************************
*
*          - Parameters at START -
*
* Lattice parameters:
*
*             lat a  =   10.0000
*             lat b  =   10.0000
*             lat c  =   10.0000
*             alpha  =   90.0000
*             beta   =   90.0000
*             gamma  =   90.0000
*          cell vol  = 1000.0000
*          cv/ortho  =    1.0000
*
* Energies:
*               ecc  = -4.5760e-01
*               eng  =  0.0000e+00
*
*
* Geometry:
*
*      packing frac  =    0.0260
*      aspect ratio  =    1.0000
*
* (dE/dV):
*                Px  =  2.0596e-04                    x-dir
*                Py  =  1.2100e-04                    y-dir
*                Pz  =  1.3063e-04                    z-dir
*
* Distances (PBC only):
*                                 min           hard           diff
*           ca1_ca1  =   1.000000e+06   2.320000e+00   9.999977e+05
*           ca1_ca2  =   1.000000e+06   1.160000e+00   9.999988e+05
*           ca1_ac1  =   5.583870e+00   2.830000e+00   2.753870e+00
*           ca1_av1  =   1.000000e+06  -1.000000e+00   1.000001e+06
*           ca1_ac2  =   1.000000e+06  -1.000000e+00   1.000001e+06
*           ca1_av2  =   1.000000e+06  -1.000000e+00   1.000001e+06
*           ca2_ca2  =   1.000000e+06   0.000000e+00   1.000000e+06
*           ca2_ac1  =   1.000000e+06   1.670000e+00   9.999983e+05
*           ca2_av1  =   1.000000e+06  -1.000000e+00   1.000001e+06
*           ca2_ac2  =   1.000000e+06  -1.000000e+00   1.000001e+06
*           ca2_av2  =   1.000000e+06  -1.000000e+00   1.000001e+06
*           ac1_ac1  =   1.000000e+06   3.340000e+00   9.999967e+05
*           ac1_av1  =   1.000000e+06  -1.000000e+00   1.000001e+06
*           ac1_ac2  =   1.000000e+06  -1.000000e+00   1.000001e+06
*           ac1_av2  =   1.000000e+06  -1.000000e+00   1.000001e+06
*           av1_av1  =   1.000000e+06  -1.000000e+00   1.000001e+06
*           av1_av2  =   1.000000e+06  -1.000000e+00   1.000001e+06
*           av2_av2  =   1.000000e+06  -1.000000e+00   1.000001e+06
*
*
*
**********************************************************************
*
* ------------------------------------------------------------
*              Autoadjust high temperatrure:
* ------------------------------------------------------------
*              Autoadjusting on 3 (1=trn,2=rot,3=lat,4=swp)
*
**********************************************************************
*
*                 -- Autoadjust Metropolis Run --
*
*   autoadjust_temp_init  =  1.0000e+00
*   autoadjust_temp_step  =  5.0000e-01
*        autoadjust_runs  =        1200         configs per temp
*       autoadjust_count  =           1
*
**********************************************************************
*
* Metropolis: 3 temperature runs with these parameters:
*
*              runs  =      1200              loops per T
*               T_0  = 1.000e+00             initial temp
*               T_L  = 1.000e+00               final temp
*           T_alpha  = 8.000e+09          annealing alpha
*
*            T = T_0 * exp( -run_num**3 / T_alpha )
*
**********************************************************************
*H run      Temp       E_ion        E_ss   cel vol       SigPF       ar     ortho        pCnt          % Rejected Changes
*H                                                                                                 trn      rot      lat      swp
*T   1  1.00e+00  -4.413e-01  +0.000e+00    847.81   2.020e-02    4.125     0.436   6.974e-02    18.83     0.00     0.92     0.00
*T   2  1.00e+00  -9.488e-01  +2.442e+00    155.97   8.061e-02    2.048     0.436   1.483e-01    26.75     0.00     3.42     0.00
*T   3  1.00e+00  -8.699e-01  +0.000e+00    152.37   3.716e-02    2.270     0.360   1.053e-01    33.75     0.00     4.83     0.00
*
**********************************************************************
*
*                 -- AUTOADJUST [1] OUT --
*
*     target: lo % = 60.000000      hi % = 65.000000
*     Autoadjust % =  4.833333
*     Autoadjust: Lowering the temperature 5.000e-01 [a.u.]
*
**********************************************************************
*
*                 -- Autoadjust Metropolis Run --
*
*   autoadjust_temp_init  =  5.0000e-01
*   autoadjust_temp_step  =  5.0000e-01
*        autoadjust_runs  =        1210         configs per temp
*       autoadjust_count  =           2
*
**********************************************************************
*
* Metropolis: 3 temperature runs with these parameters:
*
*              runs  =      1210              loops per T
*               T_0  = 5.000e-01             initial temp
*               T_L  = 4.995e-01               final temp
*           T_alpha  = 7.996e+03          annealing alpha
*
*            T = T_0 * exp( -run_num**3 / T_alpha )
*
**********************************************************************
*H run      Temp       E_ion        E_ss   cel vol       SigPF       ar     ortho        pCnt          % Rejected Changes
*H                                                                                                 trn      rot      lat      swp
*T   1  5.00e-01  -5.812e-01  +0.000e+00    643.13   4.683e-02    2.730     0.375   5.045e-01    50.08     0.00     7.85     0.00
*T   2  5.00e-01  -3.026e-01  +0.000e+00   1843.14   1.205e-02    3.584     0.275   1.863e-01    25.37     0.00     3.22     0.00
*T   3  4.99e-01  -2.989e-01  +0.000e+00   5502.85   6.540e-03    9.616     0.269   3.330e-01    26.20     0.00     4.05     0.00
*
**********************************************************************
*
*                 -- AUTOADJUST [2] OUT --
*
*     target: lo % = 60.000000      hi % = 65.000000
*     Autoadjust % =  4.049587
*     Autoadjust: special case: (T-Tstep) = 0.000e+00 [a.u.]
*     Autoadjust: special case: ===> drop temp step to: 2.250e-01 [a.u.]
*     Autoadjust: Lowering the temperature 2.250e-01 [a.u.]
*
**********************************************************************
*
*                 -- Autoadjust Metropolis Run --
*
*   autoadjust_temp_init  =  2.7500e-01
*   autoadjust_temp_step  =  2.2500e-01
*        autoadjust_runs  =        1220         configs per temp
*       autoadjust_count  =           3
*
**********************************************************************
*
* Metropolis: 3 temperature runs with these parameters:
*
*              runs  =      1220              loops per T
*               T_0  = 2.750e-01             initial temp
*               T_L  = 2.747e-01               final temp
*           T_alpha  = 7.996e+03          annealing alpha
*
*            T = T_0 * exp( -run_num**3 / T_alpha )
*
**********************************************************************
*H run      Temp       E_ion        E_ss   cel vol       SigPF       ar     ortho        pCnt          % Rejected Changes
*H                                                                                                 trn      rot      lat      swp
*T   1  2.75e-01  -1.399e-01  +0.000e+00  20756.21   3.445e-03   10.479     0.331   7.674e-01    39.10     0.00     3.61     0.00
*T   2  2.75e-01  -5.734e-01  +0.000e+00  10441.98   1.747e-03    8.340     0.300   4.755e-01    33.44     0.00     4.43     0.00
*T   3  2.75e-01  -3.956e-01  +0.000e+00   3692.07   8.280e-03    9.629     0.321   7.344e-01    42.79     0.00     5.90     0.00
*
**********************************************************************
*
*                 -- AUTOADJUST [3] OUT --
*
*     target: lo % = 60.000000      hi % = 65.000000
*     Autoadjust % =  5.901639
*     Autoadjust: Lowering the temperature 2.250e-01 [a.u.]
*
**********************************************************************
*
*                 -- Autoadjust Metropolis Run --
*
*   autoadjust_temp_init  =  5.0000e-02
*   autoadjust_temp_step  =  2.2500e-01
*        autoadjust_runs  =        1230         configs per temp
*       autoadjust_count  =           4
*
**********************************************************************
*
* Metropolis: 3 temperature runs with these parameters:
*
*              runs  =      1230              loops per T
*               T_0  = 5.000e-02             initial temp
*               T_L  = 4.995e-02               final temp
*           T_alpha  = 7.996e+03          annealing alpha
*
*            T = T_0 * exp( -run_num**3 / T_alpha )
*
**********************************************************************
*H run      Temp       E_ion        E_ss   cel vol       SigPF       ar     ortho        pCnt          % Rejected Changes
*H                                                                                                 trn      rot      lat      swp
*T   1  5.00e-02  -7.583e-01  +0.000e+00    792.39   1.296e-02    6.635     0.589   5.288e+00    98.37     0.00    24.80     0.00
*T   2  5.00e-02  -7.902e-01  +0.000e+00    268.93   5.249e-02    4.579     0.336   1.843e+00    95.28     0.00    25.69     0.00
*T   3  5.00e-02  -7.809e-01  +0.000e+00    450.28   4.470e-02    4.896     0.573   4.530e+00    90.65     0.00    23.25     0.00
*
**********************************************************************
*
*                 -- AUTOADJUST [4] OUT --
*
*     target: lo % = 60.000000      hi % = 65.000000
*     Autoadjust % = 23.252033
*     Autoadjust: special case: (T-Tstep) = -1.750e-01 [a.u.]
*     Autoadjust: special case: ===> drop temp step to: 1.013e-01 [a.u.]
*     Autoadjust: special case: (T-Tstep) = -5.125e-02 [a.u.]
*     Autoadjust: special case: ===> drop temp step to: 4.556e-02 [a.u.]
*     Autoadjust: Lowering the temperature 4.556e-02 [a.u.]
*
**********************************************************************
*
*                 -- Autoadjust Metropolis Run --
*
*   autoadjust_temp_init  =  4.4375e-03
*   autoadjust_temp_step  =  4.5563e-02
*        autoadjust_runs  =        1240         configs per temp
*       autoadjust_count  =           5
*
**********************************************************************
*
* Metropolis: 3 temperature runs with these parameters:
*
*              runs  =      1240              loops per T
*               T_0  = 4.438e-03             initial temp
*               T_L  = 4.433e-03               final temp
*           T_alpha  = 7.996e+03          annealing alpha
*
*            T = T_0 * exp( -run_num**3 / T_alpha )
*
**********************************************************************
*H run      Temp       E_ion        E_ss   cel vol       SigPF       ar     ortho        pCnt          % Rejected Changes
*H                                                                                                 trn      rot      lat      swp
*T   1  4.44e-03  -1.021e+00  +0.000e+00    228.92   6.609e-02    4.384     0.428   9.791e+01   100.00     0.00    70.24     0.00
*T   2  4.44e-03  -1.077e+00  +0.000e+00    209.10   7.661e-02    4.455     0.393   1.937e+01   100.00     0.00    75.32     0.00
*T   3  4.43e-03  -1.071e+00  +0.000e+00    244.42   6.827e-02    4.580     0.457   3.612e+00   100.00     0.00    77.98     0.00
*
**********************************************************************
*
*                 -- AUTOADJUST [5] OUT --
*
*     target: lo % = 60.000000      hi % = 65.000000
*     Autoadjust % = 77.983871
*     Autoadjust: overshot! drop temp step to: 2.050e-02 [a.u.]
*     Autoadjust: Raising the temperature 2.050e-02 [a.u.]
*
**********************************************************************
*
*                 -- Autoadjust Metropolis Run --
*
*   autoadjust_temp_init  =  2.4941e-02
*   autoadjust_temp_step  =  2.0503e-02
*        autoadjust_runs  =        1250         configs per temp
*       autoadjust_count  =           6
*
**********************************************************************
*
* Metropolis: 3 temperature runs with these parameters:
*
*              runs  =      1250              loops per T
*               T_0  = 2.494e-02             initial temp
*               T_L  = 2.492e-02               final temp
*           T_alpha  = 7.996e+03          annealing alpha
*
*            T = T_0 * exp( -run_num**3 / T_alpha )
*
**********************************************************************
*H run      Temp       E_ion        E_ss   cel vol       SigPF       ar     ortho        pCnt          % Rejected Changes
*H                                                                                                 trn      rot      lat      swp
*T   1  2.49e-02  -8.566e-01  +0.000e+00    180.19   5.493e-02    2.494     0.289   7.334e+00    98.08     0.00    35.60     0.00
*T   2  2.49e-02  -9.992e-01  +0.000e+00    105.14   1.203e-01    2.002     0.378   5.537e+00    91.52     0.00    37.68     0.00
*T   3  2.49e-02  -1.015e+00  +0.000e+00     70.40   1.327e-01    1.498     0.441   3.799e+00    93.76     0.00    49.60     0.00
*
**********************************************************************
*
*                 -- AUTOADJUST [6] OUT --
*
*     target: lo % = 60.000000      hi % = 65.000000
*     Autoadjust % = 49.600000
*     Autoadjust: overshot! drop temp step to: 9.226e-03 [a.u.]
*     Autoadjust: Lowering the temperature 9.226e-03 [a.u.]
*
**********************************************************************
*
*                 -- Autoadjust Metropolis Run --
*
*   autoadjust_temp_init  =  1.5714e-02
*   autoadjust_temp_step  =  9.2264e-03
*        autoadjust_runs  =        1260         configs per temp
*       autoadjust_count  =           7
*
**********************************************************************
*
* Metropolis: 3 temperature runs with these parameters:
*
*              runs  =      1260              loops per T
*               T_0  = 1.571e-02             initial temp
*               T_L  = 1.570e-02               final temp
*           T_alpha  = 7.996e+03          annealing alpha
*
*            T = T_0 * exp( -run_num**3 / T_alpha )
*
**********************************************************************
*H run      Temp       E_ion        E_ss   cel vol       SigPF       ar     ortho        pCnt          % Rejected Changes
*H                                                                                                 trn      rot      lat      swp
*T   1  1.57e-02  -1.102e+00  +0.000e+00     66.84   2.177e-01    1.762     0.379   9.147e+00    98.10     0.00    70.08     0.00
*T   2  1.57e-02  -1.108e+00  +0.000e+00     64.53   2.119e-01    1.797     0.525   6.817e+00    99.05     0.00    66.43     0.00
*T   3  1.57e-02  -1.080e+00  +0.000e+00     55.37   2.059e-01    1.902     0.515   6.819e+00    98.10     0.00    63.97     0.00
*
**********************************************************************
*
*                 -- AUTOADJUST [7] OUT --
*
*     target: lo % = 60.000000      hi % = 65.000000
*     Autoadjust % = 63.968254
*     Autoadjust: temp = 1.571e-02  is good!  Exiting autoadjust.
*
**********************************************************************
*
* ------------------------------------------------------------
*              Autoadjust low temperatrure:
* ------------------------------------------------------------
*              Autoadjusting on 3 (1=trn,2=rot,3=lat,4=swp)
*
**********************************************************************
*
*                 -- Autoadjust Metropolis Run --
*
*   autoadjust_temp_init  =  2.0000e-02
*   autoadjust_temp_step  =  5.0000e-01
*        autoadjust_runs  =        1200         configs per temp
*       autoadjust_count  =           1
*
**********************************************************************
*
* Metropolis: 3 temperature runs with these parameters:
*
*              runs  =      1200              loops per T
*               T_0  = 2.000e-02             initial temp
*               T_L  = 2.000e-02               final temp
*           T_alpha  = 1.600e+08          annealing alpha
*
*            T = T_0 * exp( -run_num**3 / T_alpha )
*
**********************************************************************
*H run      Temp       E_ion        E_ss   cel vol       SigPF       ar     ortho        pCnt          % Rejected Changes
*H                                                                                                 trn      rot      lat      swp
*T   1  2.00e-02  -1.035e+00  +0.000e+00     72.56   1.812e-01    1.317     0.365   4.175e+00    96.42     0.00    52.50     0.00
*T   2  2.00e-02  -1.019e+00  +0.000e+00     55.94   1.897e-01    1.490     0.850   6.149e+00    98.08     0.00    52.17     0.00
*T   3  2.00e-02  -1.024e+00  +0.000e+00     91.14   1.922e-01    1.596     0.354   4.201e+00    96.67     0.00    54.33     0.00
*
**********************************************************************
*
*                 -- AUTOADJUST [1] OUT --
*
*     target: lo % = 95.000000      hi % = 99.900000
*     Autoadjust % = 54.333333
*     Autoadjust: special case: (T-Tstep) = -4.800e-01 [a.u.]
*     Autoadjust: special case: ===> drop temp step to: 2.250e-01 [a.u.]
*     Autoadjust: special case: (T-Tstep) = -2.050e-01 [a.u.]
*     Autoadjust: special case: ===> drop temp step to: 1.013e-01 [a.u.]
*     Autoadjust: special case: (T-Tstep) = -8.125e-02 [a.u.]
*     Autoadjust: special case: ===> drop temp step to: 4.556e-02 [a.u.]
*     Autoadjust: special case: (T-Tstep) = -2.556e-02 [a.u.]
*     Autoadjust: special case: ===> drop temp step to: 2.050e-02 [a.u.]
*     Autoadjust: special case: (T-Tstep) = -5.031e-04 [a.u.]
*     Autoadjust: special case: ===> drop temp step to: 9.226e-03 [a.u.]
*     Autoadjust: Lowering the temperature 9.226e-03 [a.u.]
*
**********************************************************************
*
*                 -- Autoadjust Metropolis Run --
*
*   autoadjust_temp_init  =  1.0774e-02
*   autoadjust_temp_step  =  9.2264e-03
*        autoadjust_runs  =        1210         configs per temp
*       autoadjust_count  =           2
*
**********************************************************************
*
* Metropolis: 3 temperature runs with these parameters:
*
*              runs  =      1210              loops per T
*               T_0  = 1.077e-02             initial temp
*               T_L  = 1.076e-02               final temp
*           T_alpha  = 7.996e+03          annealing alpha
*
*            T = T_0 * exp( -run_num**3 / T_alpha )
*
**********************************************************************
*H run      Temp       E_ion        E_ss   cel vol       SigPF       ar     ortho        pCnt          % Rejected Changes
*H                                                                                                 trn      rot      lat      swp
*T   1  1.08e-02  -1.157e+00  +0.000e+00     55.74   2.441e-01    1.335     0.533   1.172e+01    99.17     0.00    69.09     0.00
*T   2  1.08e-02  -1.079e+00  +0.000e+00     60.50   2.644e-01    1.405     0.489   3.213e+00    99.92     0.00    66.45     0.00
*T   3  1.08e-02  -1.160e+00  +0.000e+00     52.69   2.855e-01    1.575     0.533   4.414e+00    99.83     0.00    66.03     0.00
*
**********************************************************************
*
*                 -- AUTOADJUST [2] OUT --
*
*     target: lo % = 95.000000      hi % = 99.900000
*     Autoadjust % = 66.033058
*     Autoadjust: Lowering the temperature 9.226e-03 [a.u.]
*
**********************************************************************
*
*                 -- Autoadjust Metropolis Run --
*
*   autoadjust_temp_init  =  1.5472e-03
*   autoadjust_temp_step  =  9.2264e-03
*        autoadjust_runs  =        1220         configs per temp
*       autoadjust_count  =           3
*
**********************************************************************
*
* Metropolis: 3 temperature runs with these parameters:
*
*              runs  =      1220              loops per T
*               T_0  = 1.547e-03             initial temp
*               T_L  = 1.546e-03               final temp
*           T_alpha  = 7.996e+03          annealing alpha
*
*            T = T_0 * exp( -run_num**3 / T_alpha )
*
**********************************************************************
*H run      Temp       E_ion        E_ss   cel vol       SigPF       ar     ortho        pCnt          % Rejected Changes
*H                                                                                                 trn      rot      lat      swp
*T   1  1.55e-03  -1.182e+00  +0.000e+00     50.46   3.269e-01    1.605     0.519   1.669e+02   100.00     0.00    91.23     0.00
*T   2  1.55e-03  -1.183e+00  +0.000e+00     50.23   3.378e-01    1.621     0.513   9.285e-01   100.00     0.00    95.16     0.00
*T   3  1.55e-03  -1.185e+00  +0.000e+00     50.09   3.311e-01    1.591     0.507   2.672e+00   100.00     0.00    93.20     0.00
*
**********************************************************************
*
*                 -- AUTOADJUST [3] OUT --
*
*     target: lo % = 95.000000      hi % = 99.900000
*     Autoadjust % = 93.196721
*     Autoadjust: special case: (T-Tstep) = -7.679e-03 [a.u.]
*     Autoadjust: special case: ===> drop temp step to: 4.152e-03 [a.u.]
*     Autoadjust: special case: (T-Tstep) = -2.605e-03 [a.u.]
*     Autoadjust: special case: ===> drop temp step to: 1.868e-03 [a.u.]
*     Autoadjust: special case: (T-Tstep) = -3.212e-04 [a.u.]
*     Autoadjust: special case: ===> drop temp step to: 8.408e-04 [a.u.]
*     Autoadjust: Lowering the temperature 8.408e-04 [a.u.]
*
**********************************************************************
*
*                 -- Autoadjust Metropolis Run --
*
*   autoadjust_temp_init  =  7.0643e-04
*   autoadjust_temp_step  =  8.4076e-04
*        autoadjust_runs  =        1230         configs per temp
*       autoadjust_count  =           4
*
**********************************************************************
*
* Metropolis: 3 temperature runs with these parameters:
*
*              runs  =      1230              loops per T
*               T_0  = 7.064e-04             initial temp
*               T_L  = 7.057e-04               final temp
*           T_alpha  = 7.996e+03          annealing alpha
*
*            T = T_0 * exp( -run_num**3 / T_alpha )
*
**********************************************************************
*H run      Temp       E_ion        E_ss   cel vol       SigPF       ar     ortho        pCnt          % Rejected Changes
*H                                                                                                 trn      rot      lat      swp
*T   1  7.06e-04  -1.187e+00  +0.000e+00     50.18   3.412e-01    1.600     0.511   1.869e+00   100.00     0.00    96.99     0.08
*T   2  7.06e-04  -1.186e+00  +0.000e+00     50.19   3.379e-01    1.600     0.511   7.082e+00   100.00     0.00    95.93     0.00
*T   3  7.06e-04  -1.183e+00  +0.000e+00     50.64   3.398e-01    1.601     0.511   2.034e+00   100.00     0.00    96.34     0.00
*
**********************************************************************
*
*                 -- AUTOADJUST [4] OUT --
*
*     target: lo % = 95.000000      hi % = 99.900000
*     Autoadjust % = 96.341463
*     Autoadjust: temp = 7.064e-04  is good!  Exiting autoadjust.
*
**********************************************************************
*
*
*          -- Initializing cell contents --
*
*
*
**********************************************************************
*
*            -- Starting Metropolis calculation --
*
*              temp_init  = 1.571e-02
*
**********************************************************************
*
* Metropolis: 25 temperature runs with these parameters:
*
*              runs  =      4800              loops per T
*               T_0  = 1.571e-02             initial temp
*               T_L  = 7.064e-04               final temp
*           T_alpha  = 4.456e+03          annealing alpha
*
*            T = T_0 * exp( -run_num**3 / T_alpha )
*
**********************************************************************
*H run      Temp       E_ion        E_ss   cel vol       SigPF       ar     ortho        pCnt          % Rejected Changes
*H                                                                                                 trn      rot      lat      swp
*M   1  1.57e-02  -1.045e+00  +0.000e+00     78.91   2.169e-01    1.890     0.489   3.923e+01    98.48     0.00    61.17     0.00
*M   2  1.57e-02  -1.016e+00  +0.000e+00    122.95   2.311e-01    1.379     0.811   5.433e+00    99.12     0.00    66.56     0.00
*M   3  1.57e-02  -1.019e+00  +0.000e+00     75.98   2.015e-01    1.751     0.379   7.776e+00    98.02     0.00    61.23     0.00
*M   4  1.56e-02  -1.148e+00  +0.000e+00     56.08   2.265e-01    1.841     0.443   5.740e+00    99.44     0.00    63.40     0.00
*M   5  1.55e-02  -1.128e+00  +0.000e+00     55.07   2.725e-01    1.777     0.533   4.927e+00    99.79     0.00    64.27     0.00
*M   6  1.53e-02  -1.090e+00  +0.000e+00     65.29   2.400e-01    1.664     0.525   6.545e+00    99.25     0.00    64.83     0.00
*M   7  1.50e-02  -1.122e+00  +0.000e+00     56.05   2.358e-01    1.718     0.458   6.925e+00    98.83     0.00    65.10     0.00
*M   8  1.46e-02  -1.129e+00  +0.000e+00     55.41   2.557e-01    1.617     0.539   5.077e+00    99.54     0.00    67.81     0.00
*M   9  1.40e-02  -1.183e+00  +0.000e+00     49.08   2.727e-01    1.953     0.497   3.880e+00    99.65     0.00    70.23     0.00
*M  10  1.33e-02  -1.046e+00  +0.000e+00     65.36   2.638e-01    1.528     0.751   8.491e+00    99.88     0.00    68.06     0.00
*M  11  1.26e-02  -1.151e+00  +0.000e+00     54.33   2.618e-01    1.316     0.613   1.044e+01    99.60     0.00    67.79     0.00
*M  12  1.17e-02  -1.075e+00  +0.000e+00     67.69   2.815e-01    1.110     0.571   1.020e+01    99.73     0.00    73.46     0.00
*M  13  1.07e-02  -1.136e+00  +0.000e+00     58.66   2.930e-01    1.184     0.771   4.432e+00    99.88     0.00    73.46     0.00
*M  14  9.60e-03  -1.133e+00  +0.000e+00     58.29   2.822e-01    1.180     0.746   5.214e+00    99.88     0.00    77.15     0.00
*M  15  8.49e-03  -1.150e+00  +0.000e+00     58.47   2.836e-01    1.304     0.707   4.013e+00    99.96     0.00    76.25     0.00
*M  16  7.37e-03  -1.174e+00  +0.000e+00     56.26   2.733e-01    1.303     0.779   5.292e+00    99.94     0.00    80.29     0.00
*M  17  6.27e-03  -1.158e+00  +0.000e+00     52.60   2.839e-01    1.294     0.754   6.817e+00    99.96     0.00    81.27     0.00
*M  18  5.22e-03  -1.164e+00  +0.000e+00     56.43   2.973e-01    1.136     0.792   7.000e+00    99.98     0.00    85.65     0.00
*M  19  4.25e-03  -1.158e+00  +0.000e+00     55.93   3.040e-01    1.052     0.838   1.633e+01    99.98     0.00    88.54     0.00
*M  20  3.37e-03  -1.163e+00  +0.000e+00     54.62   2.994e-01    1.056     0.834   5.968e+00   100.00     0.00    90.92     0.00
*M  21  2.61e-03  -1.181e+00  +0.000e+00     53.91   3.135e-01    1.119     0.826   1.693e+01    99.98     0.00    93.35     0.00
*M  22  1.97e-03  -1.188e+00  +0.000e+00     52.66   3.182e-01    1.108     0.827   2.068e+00   100.00     0.00    95.29     0.00
*M  23  1.44e-03  -1.186e+00  +0.000e+00     53.25   3.214e-01    1.129     0.825   2.277e+00   100.00     0.00    95.62     0.00
*M  24  1.02e-03  -1.186e+00  +0.000e+00     53.36   3.228e-01    1.122     0.826   1.530e+00   100.00     0.00    97.38     0.00
*M  25  7.06e-04  -1.189e+00  +0.000e+00     52.83   3.257e-01    1.111     0.824   3.957e+00   100.00     0.00    97.96     0.00
*
**********************************************************************
*
*
*          - Parameters at Post Ewald-Metro -
*
* Lattice parameters:
*
*             lat a  =    3.8281
*             lat b  =    4.2543
*             lat c  =    3.9374
*             alpha  =   71.2359
*             beta   =   90.3061
*             gamma  =  117.9240
*          cell vol  =   52.8311
*          cv/ortho  =    0.8239
*
* Energies:
*               ecc  = -1.1890e+00
*               eng  =  0.0000e+00
*
*
* Geometry:
*
*      packing frac  =    0.4930
*      aspect ratio  =    1.1113
*
* (dE/dV):
*                Px  =  7.0643e-03                    x-dir
*                Py  =  5.3296e-03                    y-dir
*                Pz  =  1.0111e-02                    z-dir
*
* Distances (PBC only):
*                                 min           hard           diff
*           ca1_ca1  =   1.000000e+06   2.320000e+00   9.999977e+05
*           ca1_ca2  =   1.000000e+06   1.160000e+00   9.999988e+05
*           ca1_ac1  =   2.856187e+00   2.830000e+00   2.618683e-02
*           ca1_av1  =   1.000000e+06  -1.000000e+00   1.000001e+06
*           ca1_ac2  =   1.000000e+06  -1.000000e+00   1.000001e+06
*           ca1_av2  =   1.000000e+06  -1.000000e+00   1.000001e+06
*           ca2_ca2  =   1.000000e+06   0.000000e+00   1.000000e+06
*           ca2_ac1  =   1.000000e+06   1.670000e+00   9.999983e+05
*           ca2_av1  =   1.000000e+06  -1.000000e+00   1.000001e+06
*           ca2_ac2  =   1.000000e+06  -1.000000e+00   1.000001e+06
*           ca2_av2  =   1.000000e+06  -1.000000e+00   1.000001e+06
*           ac1_ac1  =   1.000000e+06   3.340000e+00   9.999967e+05
*           ac1_av1  =   1.000000e+06  -1.000000e+00   1.000001e+06
*           ac1_ac2  =   1.000000e+06  -1.000000e+00   1.000001e+06
*           ac1_av2  =   1.000000e+06  -1.000000e+00   1.000001e+06
*           av1_av1  =   1.000000e+06  -1.000000e+00   1.000001e+06
*           av1_av2  =   1.000000e+06  -1.000000e+00   1.000001e+06
*           av2_av2  =   1.000000e+06  -1.000000e+00   1.000001e+06
*
*
*
**********************************************************************
*
*         - Comparing with 'best' structure -
*
****************************************************************
*
*          best ecc  = -1.2111e+00
*          best eng  =  0.0000e+00
*           ecc+eng  = -1.2111e+00
*          best vol  =  4.5832e+01
*           best pf  =  5.6832e-01
*
*     post_runs ecc  = -1.1890e+00
*     post_runs eng  =  0.0000e+00
*           ecc+eng  = -1.1890e+00
*     post_runs vol  =  5.2831e+01
*      post_runs pf  =  4.9303e-01
*
*       dV / V_runs  =  1.3248e-01
*
*          ecc_diff  = -2.2155e-02
*          eng_diff  =  0.0000e+00
*
*
****************************************************************
*
*  mag_ecc_diff > mag_eng_diff AND within BEST_VOL AND
* 'best' has lower energy than post runs! --> swapping.
*
****************************************************************
*
*
*          - Parameters at Post 'best-swap' -
*
* Lattice parameters:
*
*             lat a  =    6.2367
*             lat b  =    3.8877
*             lat c  =    3.8618
*             alpha  =   68.7407
*             beta   =   33.1992
*             gamma  =   63.4055
*          cell vol  =   45.8321
*          cv/ortho  =    0.4895
*
* Energies:
*               ecc  = -1.2111e+00
*               eng  =  0.0000e+00
*
*
* Geometry:
*
*      packing frac  =    0.5683
*      aspect ratio  =    1.6150
*
* (dE/dV):
*                Px  =  4.7703e-03                    x-dir
*                Py  =  9.8707e-03                    y-dir
*                Pz  =  1.1784e-02                    z-dir
*
* Distances (PBC only):
*                                 min           hard           diff
*           ca1_ca1  =   1.000000e+06   2.320000e+00   9.999977e+05
*           ca1_ca2  =   1.000000e+06   1.160000e+00   9.999988e+05
*           ca1_ac1  =   4.349128e+00   2.830000e+00   1.519128e+00
*           ca1_av1  =   1.000000e+06  -1.000000e+00   1.000001e+06
*           ca1_ac2  =   1.000000e+06  -1.000000e+00   1.000001e+06
*           ca1_av2  =   1.000000e+06  -1.000000e+00   1.000001e+06
*           ca2_ca2  =   1.000000e+06   0.000000e+00   1.000000e+06
*           ca2_ac1  =   1.000000e+06   1.670000e+00   9.999983e+05
*           ca2_av1  =   1.000000e+06  -1.000000e+00   1.000001e+06
*           ca2_ac2  =   1.000000e+06  -1.000000e+00   1.000001e+06
*           ca2_av2  =   1.000000e+06  -1.000000e+00   1.000001e+06
*           ac1_ac1  =   1.000000e+06   3.340000e+00   9.999967e+05
*           ac1_av1  =   1.000000e+06  -1.000000e+00   1.000001e+06
*           ac1_ac2  =   1.000000e+06  -1.000000e+00   1.000001e+06
*           ac1_av2  =   1.000000e+06  -1.000000e+00   1.000001e+06
*           av1_av1  =   1.000000e+06  -1.000000e+00   1.000001e+06
*           av1_av2  =   1.000000e+06  -1.000000e+00   1.000001e+06
*           av2_av2  =   1.000000e+06  -1.000000e+00   1.000001e+06
*
*
*
**********************************************************************
*
*         - Final Simplex relaxation with restarts -
*
**********************************************************************
*
*
****************************************************************
*
*
*        - Simplex Minimiziation Routine -
*
*
* Note: No aspect ratio constraint.
*
*
*            n_simp  =        15                   D.O.F.
*         simp_nmax  =      4500                max moves
*       simp_errlim  =  1.00e-08
*
*
*         - Initializing simplex arrays -
*
*
*      nfunk           rtol        pf        ar     ortho             e_ion              e_ss             e_tot
*X        11     3.8015e-03   0.56832   1.61498   0.48947    -1.2111459e+00     0.0000000e+00    -1.2111459e+00
*X      2000     2.6722e-07   0.58831   1.66570   0.50649    -1.2258887e+00     0.0000000e+00    -1.2258887e+00
*
*         simp_runs  =      2837               simp moves
*              rtol  =  9.36e-09               final rtol
*
* Simplex restart no. 1 of 10
*
*         - Initializing simplex arrays -
*
*
*      nfunk           rtol        pf        ar     ortho             e_ion              e_ss             e_tot
*X        11     1.5129e+00   0.58845   1.66535   0.50637    -1.2259984e+00     0.0000000e+00    -1.2259984e+00
*
*         simp_runs  =      1342               simp moves
*              rtol  =  9.75e-09               final rtol
*
* Simplex restart no. 2 of 10
*
*         - Initializing simplex arrays -
*
*
*      nfunk           rtol        pf        ar     ortho             e_ion              e_ss             e_tot
*X        11     1.5128e+00   0.58844   1.66538   0.50647    -1.2260102e+00     0.0000000e+00    -1.2260102e+00
*
*         simp_runs  =       802               simp moves
*              rtol  =  9.83e-09               final rtol
*
* Simplex restart no. 3 of 10
*
*         - Initializing simplex arrays -
*
*
*      nfunk           rtol        pf        ar     ortho             e_ion              e_ss             e_tot
*X        11     1.5128e+00   0.58845   1.66540   0.50646    -1.2260117e+00     0.0000000e+00    -1.2260117e+00
*X      2000     2.0892e-06   0.58848   1.66153   0.50735    -1.2261440e+00     0.0000000e+00    -1.2261440e+00
*
*         simp_runs  =      2281               simp moves
*              rtol  =  9.67e-09               final rtol
*
* Simplex restart no. 4 of 10
*
*         - Initializing simplex arrays -
*
*
*      nfunk           rtol        pf        ar     ortho             e_ion              e_ss             e_tot
*X        11     1.5063e+00   0.58849   1.66151   0.50734    -1.2261454e+00     0.0000000e+00    -1.2261454e+00
*
*         simp_runs  =      1302               simp moves
*              rtol  =  9.99e-09               final rtol
*
* Simplex restart no. 5 of 10
*
*         - Initializing simplex arrays -
*
*
*      nfunk           rtol        pf        ar     ortho             e_ion              e_ss             e_tot
*X        11     1.5120e+00   0.58849   1.66139   0.50752    -1.2261641e+00     0.0000000e+00    -1.2261641e+00
*
*         simp_runs  =      1215               simp moves
*              rtol  =  9.82e-09               final rtol
*
* Simplex restart no. 6 of 10
*
*         - Initializing simplex arrays -
*
*
*      nfunk           rtol        pf        ar     ortho             e_ion              e_ss             e_tot
*X        11     1.5118e+00   0.58850   1.66132   0.50757    -1.2261683e+00     0.0000000e+00    -1.2261683e+00
*
*         simp_runs  =      1787               simp moves
*              rtol  =  9.81e-09               final rtol
*
* Simplex restart no. 7 of 10
*
*         - Initializing simplex arrays -
*
*
*      nfunk           rtol        pf        ar     ortho             e_ion              e_ss             e_tot
*X        11     1.5119e+00   0.58853   1.66124   0.50755    -1.2261877e+00     0.0000000e+00    -1.2261877e+00
*
*         simp_runs  =      1225               simp moves
*              rtol  =  9.42e-09               final rtol
*
* Simplex restart no. 8 of 10
*
*         - Initializing simplex arrays -
*
*
*      nfunk           rtol        pf        ar     ortho             e_ion              e_ss             e_tot
*X        11     1.5119e+00   0.58853   1.66125   0.50755    -1.2261899e+00     0.0000000e+00    -1.2261899e+00
*
*         simp_runs  =       793               simp moves
*              rtol  =  9.63e-09               final rtol
*
* Simplex restart no. 9 of 10
*
*         - Initializing simplex arrays -
*
*
*      nfunk           rtol        pf        ar     ortho             e_ion              e_ss             e_tot
*X        11     1.5119e+00   0.58853   1.66125   0.50755    -1.2261901e+00     0.0000000e+00    -1.2261901e+00
*
*         simp_runs  =       814               simp moves
*              rtol  =  9.78e-09               final rtol
*
* Simplex restart no. 10 of 10
*
*         - Initializing simplex arrays -
*
*
*      nfunk           rtol        pf        ar     ortho             e_ion              e_ss             e_tot
*X        11     1.5119e+00   0.58853   1.66125   0.50755    -1.2261901e+00     0.0000000e+00    -1.2261901e+00
*
*         simp_runs  =       815               simp moves
*              rtol  =  9.93e-09               final rtol
*
****************************************************************
*
*          - Parameters at Post Simplex -
*
* Lattice parameters:
*
*             lat a  =    6.1806
*             lat b  =    3.7923
*             lat c  =    3.7204
*             alpha  =   68.6533
*             beta   =   34.3787
*             gamma  =   64.0088
*          cell vol  =   44.2584
*          cv/ortho  =    0.5075
*
* Energies:
*               ecc  = -1.2262e+00
*               eng  =  0.0000e+00
*
*
* Geometry:
*
*      packing frac  =    0.5885
*      aspect ratio  =    1.6612
*
* (dE/dV):
*                Px  =  1.0000e+04                    x-dir
*                Py  =  9.9106e-03                    y-dir
*                Pz  =  1.0358e-02                    z-dir
*
* Distances (PBC only):
*                                 min           hard           diff
*           ca1_ca1  =   1.000000e+06   2.320000e+00   9.999977e+05
*           ca1_ca2  =   1.000000e+06   1.160000e+00   9.999988e+05
*           ca1_ac1  =   2.830000e+00   2.830000e+00   1.136132e-09
*           ca1_av1  =   1.000000e+06  -1.000000e+00   1.000001e+06
*           ca1_ac2  =   1.000000e+06  -1.000000e+00   1.000001e+06
*           ca1_av2  =   1.000000e+06  -1.000000e+00   1.000001e+06
*           ca2_ca2  =   1.000000e+06   0.000000e+00   1.000000e+06
*           ca2_ac1  =   1.000000e+06   1.670000e+00   9.999983e+05
*           ca2_av1  =   1.000000e+06  -1.000000e+00   1.000001e+06
*           ca2_ac2  =   1.000000e+06  -1.000000e+00   1.000001e+06
*           ca2_av2  =   1.000000e+06  -1.000000e+00   1.000001e+06
*           ac1_ac1  =   1.000000e+06   3.340000e+00   9.999967e+05
*           ac1_av1  =   1.000000e+06  -1.000000e+00   1.000001e+06
*           ac1_ac2  =   1.000000e+06  -1.000000e+00   1.000001e+06
*           ac1_av2  =   1.000000e+06  -1.000000e+00   1.000001e+06
*           av1_av1  =   1.000000e+06  -1.000000e+00   1.000001e+06
*           av1_av2  =   1.000000e+06  -1.000000e+00   1.000001e+06
*           av2_av2  =   1.000000e+06  -1.000000e+00   1.000001e+06
*
*
***********************************************************
*        - Process and timing information -
*
* user time:   0 h 00 m 21.686239 s
* syst time:   0 h 00 m 00.015998 s
* signals: 0
* voluntary context switches: 7
* involuntary context switches: 20
*
***********************************************************
*SS symsearch output
*SS ( use:  | awk '($1=="*S"){print $0}' | sed 's/*S //' > temp.out )
*S Title
*S 1                 search type
*S 5.0 0.00001       displacement rms max min
*S 0.1 0.00001       strain rms max min
*S 1                 lattice input type
*S      6.18055     0.00000     0.00000
*S      1.66190     3.40873     0.00000
*S      3.07056     0.00963     2.10075
*S 1 0 0
*S 0 1 0
*S 0 0 1
*S 2                 number of atoms
*S 11 0
*S      0.10980     0.81366     0.07365
*S      0.60979     0.31367     0.07363
*FF findsym output
*FF ( use:  | awk '($1=="*F"){print $0}' | sed 's/*F //' > temp.out )
*F Title
*F 0.001       displacement rms max min
*F 1                 lattice input type
*F      6.18055     0.00000     0.00000
*F      1.66190     3.40873     0.00000
*F      3.07056     0.00963     2.10075
*F 1               basis vector in type
*F 1 0 0
*F 0 1 0
*F 0 0 1
*F 2                 number of atoms
*F 11 0
*F      0.10980     0.81366     0.07365
*F      0.60979     0.31367     0.07363
*DD powder output
*DD (use: | awk '($1=="*D"){print $0}' | sed 's/*D //' > temp.out )
*D 2
*D      6.18055     3.79228     3.72043
*D     68.65330    34.37865    64.00881
*D      0.10980     0.81366     0.07365        11
*D      0.60979     0.31367     0.07363         0
*PP poscar output
*PP (use: | awk '($1=="*P"){print $0}' | sed 's/*P //' > temp.out )
*P Z: 11 17 
*P 1.0 
*P      6.18055470     0.00000000     0.00000000
*P      1.66190232     3.40873462     0.00000000
*P      3.07056069     0.00962898     2.10075472
*P 1 1 0 
*P Direct
*P       0.109802946843      0.813658635292      0.073645818276
*P       0.609791325316      0.313667273068      0.073634063373
*QQ poscar output
*QQ (use: | awk '($1=="*Q"){print $0}' | sed 's/*Q //' > temp.out )
*Q +1.000000000000 -1.000000000000 
*Q 1.0 
*Q      6.18055470     0.00000000     0.00000000
*Q      1.66190232     3.40873462     0.00000000
*Q      3.07056069     0.00962898     2.10075472
*Q 1 1 0 
*Q Direct
*Q       0.109802946843      0.813658635292      0.073645818276
*Q       0.609791325316      0.313667273068      0.073634063373
*RR restart output
*RR (use: | awk '($1=="*R"){print $0}' | sed 's/*R //' > temp.out )
*R     6.180554704359    3.792280446450    3.720430897818
*R     1.198226090897    0.600020674839    1.117164453398
*R      1
*R      1     1
*R   -1.000000000000000   0.000000000000000
*R     0.000000000000    1.670000000000    0.000000000000    17     0
*R      1
*R      1   1.000000000000000
*R     1.160000000000    11
*R     0.109802946843    0.813658635292    0.073645818276
*R     0.609791325316    0.313667273068    0.073634063373
* XBS output
* CATION:
atom C     2.256998245    2.774255489    0.154711800
spec C     1.160000000    1.000000000    0.000000000    0.000000000
* ANION:
atom A     4.516230872    1.069917512    0.154687106
spec A     1.670000000    0.000000000    0.000000000    1.000000000
spec V     0.000000000    0.000000000    1.000000000    0.000000000
bonds A V  0.000000000    0.000000000    0.010000000    Black
* CELL PARAMETERS AND BORDER
atom 0    0.00000   0.00000   0.00000
atom 1    6.18055   0.00000   0.00000
atom 2    7.84246   3.40873   0.00000
atom 3    1.66190   3.40873   0.00000
atom 4    3.07056   0.00963   2.10075
atom 5    9.25112   0.00963   2.10075
atom 6   10.91302   3.41836   2.10075
atom 7    4.73246   3.41836   2.10075
spec 0     0.050000000    0.000000000    0.000000000    0.000000000
spec 1     0.050000000    0.000000000    0.000000000    0.000000000
spec 2     0.050000000    0.000000000    0.000000000    0.000000000
spec 3     0.050000000    0.000000000    0.000000000    0.000000000
spec 4     0.050000000    0.000000000    0.000000000    0.000000000
spec 5     0.050000000    0.000000000    0.000000000    0.000000000
spec 6     0.050000000    0.000000000    0.000000000    0.000000000
spec 7     0.050000000    0.000000000    0.000000000    0.000000000
bonds 0 1  6.174374150    6.186735259    0.010000000    Black
bonds 3 2  6.174374150    6.186735259    0.010000000    Black
bonds 4 5  6.174374150    6.186735259    0.010000000    Black
bonds 6 7  6.174374150    6.186735259    0.010000000    Black
bonds 1 2  3.788488166    3.796072727    0.010000000    Black
bonds 0 3  3.788488166    3.796072727    0.010000000    Black
bonds 5 6  3.788488166    3.796072727    0.010000000    Black
bonds 4 7  3.788488166    3.796072727    0.010000000    Black
bonds 0 4  3.716710467    3.724151329    0.010000000    Black
bonds 1 5  3.716710467    3.724151329    0.010000000    Black
bonds 2 6  3.716710467    3.724151329    0.010000000    Black
bonds 3 7  3.716710467    3.724151329    0.010000000    Black
inc 5.000000
dup    6.18055   0.00000   0.00000
dup    1.66190   3.40873   0.00000
dup    3.07056   0.00963   2.10075
