*************************************************
*	pack	(version 4.12.0.5)
*	Eric Majzoub
*	Sandia National Laboratories
*************************************************
*  Source file: main.c
*  Compile date: Dec 27 2012
*  Compile time: 17:19:04
*  commandline = /projects/e20438/bin/pack-4.12.0.5/pack_exe -f ../../NaCl_pegs.in -P -R -r 400 -t 25 -g 20077 
*  input file = ../../NaCl_pegs.in
**********************************************************************
**********************************************************************
**********************************************************************
* 
*       - General run comments -
* 
* WARN: no Rotations in Metropolis (-R flag).
* WARN: all anionic charge on center atom (-P flag).
*
**********************************************************************
*           - Input parameters -
*
*           restart  =         0         1 = restart calc
*        autoadjust  =         1   automatically set temp
*          aa_using  =         1        1=rej pct, 2=pCnt
*         basin hop  =         0           number of hops
*     non_per_ewald  =         0          1=nanopart calc
*
*             lat a  =   10.0000
*             lat b  =   10.0000
*             lat c  =   10.0000
*             alpha  =    1.5708
*             beta   =    1.5708
*             gamma  =    1.5708
*          cell vol  = 1000.0000
*      sqsh vol pct  =    0.2000
* 
*          cell_min  =    1.6700              min lat vec
*          cell_max  =  167.0000              max lat vec
* 
*         n_type_an  =         1          num type anions
*            num_an  =         1           tot num anions
* 
*          num_an_1  =         1        num anions type 1
*        num_vert_1  =         1     1=sph 2=dim 5=tet...
*       an_chrg_c_1  =   -1.0000      anion center charge
*       an_chrg_v_1  =    0.0000      anion vertex charge
*     tot_an_chrg_1  =   -1.0000       total anion charge
*           Rcent_1  =    1.6700         anion center rad
*           Rvert_1  =    0.0000         anion vertex rad
*             cvd_1  =    0.0000        cent to vert dist
*           Zcent_1  =        17           anion center Z
*           Zvert_1  =         0           anion vertex Z
* 
*          num_an_2  =         0        num anions type 2
*        num_vert_2  =         0     1=sph 2=dim 5=tet...
*       an_chrg_c_2  =    0.0000      anion center charge
*       an_chrg_v_2  =    0.0000      anion vertex charge
*     tot_an_chrg_2  =    0.0000       total anion charge
*           Rcent_2  =    0.0000         anion center rad
*           Rvert_2  =    0.0000         anion vertex rad
*             cvd_2  =    0.0000        cent to vert dist
*           Zcent_2  =         0           anion center Z
*           Zvert_2  =         0           anion vertex Z
* 
*         n_type_ca  =         1            num type cats
*            num_ca  =         1          tot num cations
* 
*          num_ca_1  =         1        num cations typ 1
*         ca_chrg_1  =    1.0000        cation chrg typ 1
*            Rcat_1  =    1.1600         cation rad typ 1
*            Zcat_1  =        11           cation Z typ 1
* 
*            C2VTOL  =  1.00e-08            c2v tolerance
*            ERRLIM  =  1.00e-06
*       REP_EPSILON  =  1.00e+00        soft sphere repul
*    TRANS_FRAC_MAX  =    0.5000                    fixed
*    TRANS_FRAC_MIN  =    0.0200
*      MAX_ANG_CHNG  =    9.9695                  degrees
*    VOLUM_FRAC_MAX  =    0.0700
*         EXT_PRESS  =  0.00e+00        external pressure
*      SQSH_VOL_PCT  =    0.2000             min orth val
*        ASPECT_MAX  =   20.0000                cell parm
*            dplane  =    1.6700            min plane sep
*      SCALE_FACTOR  =    1.2500         bhop max scaling
* 
*            d.o.f.  =        12       degrees of freedom
*          runs/dof  =       400         loops per d.o.f.
*              runs  =      4800              loops per T
*               ncc  =     19200     config changes per T
*            t_runs  =        25           num temp steps
*             efunc  =         0               0=SS  1=LJ
*       N_HALT_CHNG  =        15      halts after N 100%s
*
*      anneal_sched  =         3   0=lin or exp(-run_n^n)
*         temp_init  =  1.00e+00             initial temp
*         temp_finl  =  1.00e-03               final temp
* 
*          trn_chng  =         1              0=off  1=on
*          rot_chng  =         0              0=off  1=on
*          lat_chng  =         1              0=off  1=on
*          swp_chng  =         1              0=off  1=on
* 
*     SIMP_RESTARTS  =        11     no. simplex restarts
*  SIMP_RESTARTS BH  =        21  basin hop simp restarts
*         SIMP_NMAX  =      4500        max simplex iters
*          SIMP_DEG  =    1.0000          anion start deg
*         SIMP_LAMB  =    0.0100        vertex start frac
*       SIMP_ERRLIM  =  1.00e-08              error limit
* 
*           aa runs  =      1200           config changes
*      aa runs_step  =        10   config change increase
*       aa runs_max  =      1500  max auto config changes
*         aa t_runs  =         3            num temp runs
*      aa temp_step  =    0.5000                temp step
* 
*        aa chng hi  =         3  1=trn 2=rot 3=lat 4=swp
*        aa chng lo  =         3  1=trn 2=rot 3=lat 4=swp
* 
*      aa ht_pct_hi  =     0.650             high rej pct
*      aa ht_pct_lo  =     0.600             low  rej pct
* 
*      aa lt_pct_hi  =     0.999             high rej pct
*      aa lt_pct_lo  =     0.950             low  rej pct
* 
*            tmpfile =                   PR20291-best.tmp
* 
* Checking for out of bounds fractional coords.
*
**********************************************************************
*
*          - Parameters at START -
*
* Lattice parameters:
*
*             lat a  =   10.0000
*             lat b  =   10.0000
*             lat c  =   10.0000
*             alpha  =   90.0000
*             beta   =   90.0000
*             gamma  =   90.0000
*          cell vol  = 1000.0000
*          cv/ortho  =    1.0000
*
* Energies:
*               ecc  = -5.3414e-01
*               eng  =  0.0000e+00
*
*
* Geometry:
*
*      packing frac  =    0.0260
*      aspect ratio  =    1.0000
*
* (dE/dV):
*                Px  =  3.7683e-05                    x-dir
*                Py  =  4.8821e-04                    y-dir
*                Pz  =  8.2417e-06                    z-dir
*
* Distances (PBC only):
*                                 min           hard           diff
*           ca1_ca1  =   1.000000e+06   2.320000e+00   9.999977e+05
*           ca1_ca2  =   1.000000e+06   1.160000e+00   9.999988e+05
*           ca1_ac1  =   4.594938e+00   2.830000e+00   1.764938e+00
*           ca1_av1  =   1.000000e+06  -1.000000e+00   1.000001e+06
*           ca1_ac2  =   1.000000e+06  -1.000000e+00   1.000001e+06
*           ca1_av2  =   1.000000e+06  -1.000000e+00   1.000001e+06
*           ca2_ca2  =   1.000000e+06   0.000000e+00   1.000000e+06
*           ca2_ac1  =   1.000000e+06   1.670000e+00   9.999983e+05
*           ca2_av1  =   1.000000e+06  -1.000000e+00   1.000001e+06
*           ca2_ac2  =   1.000000e+06  -1.000000e+00   1.000001e+06
*           ca2_av2  =   1.000000e+06  -1.000000e+00   1.000001e+06
*           ac1_ac1  =   1.000000e+06   3.340000e+00   9.999967e+05
*           ac1_av1  =   1.000000e+06  -1.000000e+00   1.000001e+06
*           ac1_ac2  =   1.000000e+06  -1.000000e+00   1.000001e+06
*           ac1_av2  =   1.000000e+06  -1.000000e+00   1.000001e+06
*           av1_av1  =   1.000000e+06  -1.000000e+00   1.000001e+06
*           av1_av2  =   1.000000e+06  -1.000000e+00   1.000001e+06
*           av2_av2  =   1.000000e+06  -1.000000e+00   1.000001e+06
*
*
*
**********************************************************************
*
* ------------------------------------------------------------
*              Autoadjust high temperatrure:
* ------------------------------------------------------------
*              Autoadjusting on 3 (1=trn,2=rot,3=lat,4=swp)
*
**********************************************************************
*
*                 -- Autoadjust Metropolis Run --
*
*   autoadjust_temp_init  =  1.0000e+00
*   autoadjust_temp_step  =  5.0000e-01
*        autoadjust_runs  =        1200         configs per temp
*       autoadjust_count  =           1
*
**********************************************************************
*
* Metropolis: 3 temperature runs with these parameters:
*
*              runs  =      1200              loops per T
*               T_0  = 1.000e+00             initial temp
*               T_L  = 1.000e+00               final temp
*           T_alpha  = 8.000e+09          annealing alpha
*
*            T = T_0 * exp( -run_num**3 / T_alpha )
*
**********************************************************************
*H run      Temp       E_ion        E_ss   cel vol       SigPF       ar     ortho        pCnt          % Rejected Changes
*H                                                                                                 trn      rot      lat      swp
*T   1  1.00e+00  -5.008e-01  +0.000e+00    417.44   8.531e-02    2.062     0.783   8.002e-02    36.83     0.00     2.33     0.00
*T   2  1.00e+00  -3.665e-02  +0.000e+00    851.07   1.066e-01    2.714     0.568   2.847e-01    43.17     0.00     5.75     0.00
*T   3  1.00e+00  +5.263e-01  +0.000e+00   1835.52   1.538e-02    7.031     0.600   8.018e-02    16.08     0.00     1.50     0.00
*
**********************************************************************
*
*                 -- AUTOADJUST [1] OUT --
*
*     target: lo % = 60.000000      hi % = 65.000000
*     Autoadjust % =  1.500000
*     Autoadjust: Lowering the temperature 5.000e-01 [a.u.]
*
**********************************************************************
*
*                 -- Autoadjust Metropolis Run --
*
*   autoadjust_temp_init  =  5.0000e-01
*   autoadjust_temp_step  =  5.0000e-01
*        autoadjust_runs  =        1210         configs per temp
*       autoadjust_count  =           2
*
**********************************************************************
*
* Metropolis: 3 temperature runs with these parameters:
*
*              runs  =      1210              loops per T
*               T_0  = 5.000e-01             initial temp
*               T_L  = 4.995e-01               final temp
*           T_alpha  = 7.996e+03          annealing alpha
*
*            T = T_0 * exp( -run_num**3 / T_alpha )
*
**********************************************************************
*H run      Temp       E_ion        E_ss   cel vol       SigPF       ar     ortho        pCnt          % Rejected Changes
*H                                                                                                 trn      rot      lat      swp
*T   1  5.00e-01  +6.414e-01  +0.000e+00    524.38   1.506e-02    6.762     0.509   5.765e-01    37.69     0.00     3.47     0.00
*T   2  5.00e-01  -2.227e-01  +0.000e+00   3466.48   1.002e-02    8.120     0.325   5.946e-01    39.42     0.00     3.88     0.00
*T   3  4.99e-01  +1.401e-01  +0.000e+00  18069.14   4.560e-03    7.075     0.358   6.570e-01    36.78     0.00     3.31     0.00
*
**********************************************************************
*
*                 -- AUTOADJUST [2] OUT --
*
*     target: lo % = 60.000000      hi % = 65.000000
*     Autoadjust % =  3.305785
*     Autoadjust: special case: (T-Tstep) = 0.000e+00 [a.u.]
*     Autoadjust: special case: ===> drop temp step to: 2.250e-01 [a.u.]
*     Autoadjust: Lowering the temperature 2.250e-01 [a.u.]
*
**********************************************************************
*
*                 -- Autoadjust Metropolis Run --
*
*   autoadjust_temp_init  =  2.7500e-01
*   autoadjust_temp_step  =  2.2500e-01
*        autoadjust_runs  =        1220         configs per temp
*       autoadjust_count  =           3
*
**********************************************************************
*
* Metropolis: 3 temperature runs with these parameters:
*
*              runs  =      1220              loops per T
*               T_0  = 2.750e-01             initial temp
*               T_L  = 2.747e-01               final temp
*           T_alpha  = 7.996e+03          annealing alpha
*
*            T = T_0 * exp( -run_num**3 / T_alpha )
*
**********************************************************************
*H run      Temp       E_ion        E_ss   cel vol       SigPF       ar     ortho        pCnt          % Rejected Changes
*H                                                                                                 trn      rot      lat      swp
*T   1  2.75e-01  -5.858e-01  +0.000e+00  18463.21   1.498e-03    6.357     0.531   1.677e+00    68.61     0.00     2.54     0.00
*T   2  2.75e-01  -6.280e-01  +0.000e+00    734.36   1.598e-02    5.161     0.287   8.377e-01    36.56     0.00     2.62     0.00
*T   3  2.75e-01  -8.984e-02  +0.000e+00  15726.02   5.717e-02    6.576     0.306   1.142e+00    40.33     0.00     5.00     0.00
*
**********************************************************************
*
*                 -- AUTOADJUST [3] OUT --
*
*     target: lo % = 60.000000      hi % = 65.000000
*     Autoadjust % =  5.000000
*     Autoadjust: Lowering the temperature 2.250e-01 [a.u.]
*
**********************************************************************
*
*                 -- Autoadjust Metropolis Run --
*
*   autoadjust_temp_init  =  5.0000e-02
*   autoadjust_temp_step  =  2.2500e-01
*        autoadjust_runs  =        1230         configs per temp
*       autoadjust_count  =           4
*
**********************************************************************
*
* Metropolis: 3 temperature runs with these parameters:
*
*              runs  =      1230              loops per T
*               T_0  = 5.000e-02             initial temp
*               T_L  = 4.995e-02               final temp
*           T_alpha  = 7.996e+03          annealing alpha
*
*            T = T_0 * exp( -run_num**3 / T_alpha )
*
**********************************************************************
*H run      Temp       E_ion        E_ss   cel vol       SigPF       ar     ortho        pCnt          % Rejected Changes
*H                                                                                                 trn      rot      lat      swp
*T   1  5.00e-02  -6.383e-01  +0.000e+00   7804.52   2.278e-03    3.276     0.747   1.729e+00    98.94     0.00    22.20     0.00
*T   2  5.00e-02  -8.578e-01  +0.000e+00   3107.59   3.673e-03    5.542     0.469   3.286e+00    99.02     0.00    23.50     0.00
*T   3  5.00e-02  -6.934e-01  +0.000e+00   2048.24   6.697e-03    6.852     0.540   1.851e+00    99.35     0.00    26.59     0.00
*
**********************************************************************
*
*                 -- AUTOADJUST [4] OUT --
*
*     target: lo % = 60.000000      hi % = 65.000000
*     Autoadjust % = 26.585366
*     Autoadjust: special case: (T-Tstep) = -1.750e-01 [a.u.]
*     Autoadjust: special case: ===> drop temp step to: 1.013e-01 [a.u.]
*     Autoadjust: special case: (T-Tstep) = -5.125e-02 [a.u.]
*     Autoadjust: special case: ===> drop temp step to: 4.556e-02 [a.u.]
*     Autoadjust: Lowering the temperature 4.556e-02 [a.u.]
*
**********************************************************************
*
*                 -- Autoadjust Metropolis Run --
*
*   autoadjust_temp_init  =  4.4375e-03
*   autoadjust_temp_step  =  4.5563e-02
*        autoadjust_runs  =        1240         configs per temp
*       autoadjust_count  =           5
*
**********************************************************************
*
* Metropolis: 3 temperature runs with these parameters:
*
*              runs  =      1240              loops per T
*               T_0  = 4.438e-03             initial temp
*               T_L  = 4.433e-03               final temp
*           T_alpha  = 7.996e+03          annealing alpha
*
*            T = T_0 * exp( -run_num**3 / T_alpha )
*
**********************************************************************
*H run      Temp       E_ion        E_ss   cel vol       SigPF       ar     ortho        pCnt          % Rejected Changes
*H                                                                                                 trn      rot      lat      swp
*T   1  4.44e-03  -1.020e+00  +0.000e+00    399.83   2.816e-02    6.054     0.429   4.193e+02    99.76     0.00    66.37     0.00
*T   2  4.44e-03  -1.025e+00  +0.000e+00    517.75   2.548e-02    7.003     0.504   1.175e+00   100.00     0.00    64.84     0.00
*T   3  4.43e-03  -1.013e+00  +0.000e+00    363.61   3.893e-02    6.089     0.397   1.917e+00   100.00     0.00    60.40     0.00
*
**********************************************************************
*
*                 -- AUTOADJUST [5] OUT --
*
*     target: lo % = 60.000000      hi % = 65.000000
*     Autoadjust % = 60.403226
*     Autoadjust: temp = 4.438e-03  is good!  Exiting autoadjust.
*
**********************************************************************
*
* ------------------------------------------------------------
*              Autoadjust low temperatrure:
* ------------------------------------------------------------
*              Autoadjusting on 3 (1=trn,2=rot,3=lat,4=swp)
*
**********************************************************************
*
*                 -- Autoadjust Metropolis Run --
*
*   autoadjust_temp_init  =  2.0000e-02
*   autoadjust_temp_step  =  5.0000e-01
*        autoadjust_runs  =        1200         configs per temp
*       autoadjust_count  =           1
*
**********************************************************************
*
* Metropolis: 3 temperature runs with these parameters:
*
*              runs  =      1200              loops per T
*               T_0  = 2.000e-02             initial temp
*               T_L  = 2.000e-02               final temp
*           T_alpha  = 1.600e+08          annealing alpha
*
*            T = T_0 * exp( -run_num**3 / T_alpha )
*
**********************************************************************
*H run      Temp       E_ion        E_ss   cel vol       SigPF       ar     ortho        pCnt          % Rejected Changes
*H                                                                                                 trn      rot      lat      swp
*T   1  2.00e-02  -1.061e+00  +0.000e+00    134.93   6.428e-02    2.965     0.357   2.963e+00    99.67     0.00    41.67     0.00
*T   2  2.00e-02  -9.966e-01  +0.000e+00    210.21   7.473e-02    3.630     0.370   5.399e+00    97.83     0.00    42.00     0.00
*T   3  2.00e-02  -1.010e+00  +0.000e+00     91.98   8.690e-02    2.087     0.372   2.132e+00    99.42     0.00    43.17     0.00
*
**********************************************************************
*
*                 -- AUTOADJUST [1] OUT --
*
*     target: lo % = 95.000000      hi % = 99.900000
*     Autoadjust % = 43.166667
*     Autoadjust: special case: (T-Tstep) = -4.800e-01 [a.u.]
*     Autoadjust: special case: ===> drop temp step to: 2.250e-01 [a.u.]
*     Autoadjust: special case: (T-Tstep) = -2.050e-01 [a.u.]
*     Autoadjust: special case: ===> drop temp step to: 1.013e-01 [a.u.]
*     Autoadjust: special case: (T-Tstep) = -8.125e-02 [a.u.]
*     Autoadjust: special case: ===> drop temp step to: 4.556e-02 [a.u.]
*     Autoadjust: special case: (T-Tstep) = -2.556e-02 [a.u.]
*     Autoadjust: special case: ===> drop temp step to: 2.050e-02 [a.u.]
*     Autoadjust: special case: (T-Tstep) = -5.031e-04 [a.u.]
*     Autoadjust: special case: ===> drop temp step to: 9.226e-03 [a.u.]
*     Autoadjust: Lowering the temperature 9.226e-03 [a.u.]
*
**********************************************************************
*
*                 -- Autoadjust Metropolis Run --
*
*   autoadjust_temp_init  =  1.0774e-02
*   autoadjust_temp_step  =  9.2264e-03
*        autoadjust_runs  =        1210         configs per temp
*       autoadjust_count  =           2
*
**********************************************************************
*
* Metropolis: 3 temperature runs with these parameters:
*
*              runs  =      1210              loops per T
*               T_0  = 1.077e-02             initial temp
*               T_L  = 1.076e-02               final temp
*           T_alpha  = 7.996e+03          annealing alpha
*
*            T = T_0 * exp( -run_num**3 / T_alpha )
*
**********************************************************************
*H run      Temp       E_ion        E_ss   cel vol       SigPF       ar     ortho        pCnt          % Rejected Changes
*H                                                                                                 trn      rot      lat      swp
*T   1  1.08e-02  -1.092e+00  +0.000e+00     60.36   1.899e-01    2.004     0.416   7.178e+00    99.26     0.00    66.61     0.00
*T   2  1.08e-02  -1.156e+00  +0.000e+00     51.18   2.733e-01    2.047     0.463   1.226e+01    99.42     0.00    67.27     0.00
*T   3  1.08e-02  -1.128e+00  +0.000e+00     52.35   2.831e-01    1.960     0.473   2.555e+00    99.92     0.00    68.60     0.00
*
**********************************************************************
*
*                 -- AUTOADJUST [2] OUT --
*
*     target: lo % = 95.000000      hi % = 99.900000
*     Autoadjust % = 68.595041
*     Autoadjust: Lowering the temperature 9.226e-03 [a.u.]
*
**********************************************************************
*
*                 -- Autoadjust Metropolis Run --
*
*   autoadjust_temp_init  =  1.5472e-03
*   autoadjust_temp_step  =  9.2264e-03
*        autoadjust_runs  =        1220         configs per temp
*       autoadjust_count  =           3
*
**********************************************************************
*
* Metropolis: 3 temperature runs with these parameters:
*
*              runs  =      1220              loops per T
*               T_0  = 1.547e-03             initial temp
*               T_L  = 1.546e-03               final temp
*           T_alpha  = 7.996e+03          annealing alpha
*
*            T = T_0 * exp( -run_num**3 / T_alpha )
*
**********************************************************************
*H run      Temp       E_ion        E_ss   cel vol       SigPF       ar     ortho        pCnt          % Rejected Changes
*H                                                                                                 trn      rot      lat      swp
*T   1  1.55e-03  -1.187e+00  +0.000e+00     48.02   3.492e-01    1.950     0.436   1.153e+01   100.00     0.00    93.85     0.00
*T   2  1.55e-03  -1.192e+00  +0.000e+00     47.57   3.551e-01    1.940     0.438   2.002e+00   100.00     0.00    95.90     0.00
*T   3  1.55e-03  -1.189e+00  +0.000e+00     47.95   3.545e-01    1.951     0.439   2.355e+00   100.00     0.00    94.75     0.00
*
**********************************************************************
*
*                 -- AUTOADJUST [3] OUT --
*
*     target: lo % = 95.000000      hi % = 99.900000
*     Autoadjust % = 94.754098
*     Autoadjust: special case: (T-Tstep) = -7.679e-03 [a.u.]
*     Autoadjust: special case: ===> drop temp step to: 4.152e-03 [a.u.]
*     Autoadjust: special case: (T-Tstep) = -2.605e-03 [a.u.]
*     Autoadjust: special case: ===> drop temp step to: 1.868e-03 [a.u.]
*     Autoadjust: special case: (T-Tstep) = -3.212e-04 [a.u.]
*     Autoadjust: special case: ===> drop temp step to: 8.408e-04 [a.u.]
*     Autoadjust: Lowering the temperature 8.408e-04 [a.u.]
*
**********************************************************************
*
*                 -- Autoadjust Metropolis Run --
*
*   autoadjust_temp_init  =  7.0643e-04
*   autoadjust_temp_step  =  8.4076e-04
*        autoadjust_runs  =        1230         configs per temp
*       autoadjust_count  =           4
*
**********************************************************************
*
* Metropolis: 3 temperature runs with these parameters:
*
*              runs  =      1230              loops per T
*               T_0  = 7.064e-04             initial temp
*               T_L  = 7.057e-04               final temp
*           T_alpha  = 7.996e+03          annealing alpha
*
*            T = T_0 * exp( -run_num**3 / T_alpha )
*
**********************************************************************
*H run      Temp       E_ion        E_ss   cel vol       SigPF       ar     ortho        pCnt          % Rejected Changes
*H                                                                                                 trn      rot      lat      swp
*T   1  7.06e-04  -1.190e+00  +0.000e+00     47.52   3.603e-01    1.951     0.438   1.541e+03   100.00     0.00    97.07     0.00
*T   2  7.06e-04  -1.193e+00  +0.000e+00     47.34   3.618e-01    1.943     0.438   3.466e+00   100.00     0.00    97.56     0.00
*T   3  7.06e-04  -1.193e+00  +0.000e+00     47.35   3.636e-01    1.944     0.438   7.032e-01   100.00     0.00    98.13     0.00
*
**********************************************************************
*
*                 -- AUTOADJUST [4] OUT --
*
*     target: lo % = 95.000000      hi % = 99.900000
*     Autoadjust % = 98.130081
*     Autoadjust: temp = 7.064e-04  is good!  Exiting autoadjust.
*
**********************************************************************
*
*
*          -- Initializing cell contents --
*
*
*
**********************************************************************
*
*            -- Starting Metropolis calculation --
*
*              temp_init  = 4.438e-03
*
**********************************************************************
*
* Metropolis: 25 temperature runs with these parameters:
*
*              runs  =      4800              loops per T
*               T_0  = 4.438e-03             initial temp
*               T_L  = 7.064e-04               final temp
*           T_alpha  = 7.523e+03          annealing alpha
*
*            T = T_0 * exp( -run_num**3 / T_alpha )
*
**********************************************************************
*H run      Temp       E_ion        E_ss   cel vol       SigPF       ar     ortho        pCnt          % Rejected Changes
*H                                                                                                 trn      rot      lat      swp
*M   1  4.44e-03  -1.160e+00  +0.000e+00     58.34   2.627e-01    1.835     0.460   7.446e+02    99.71     0.00    84.06     0.00
*M   2  4.44e-03  -1.172e+00  +0.000e+00     56.97   2.827e-01    1.815     0.438   4.960e+00   100.00     0.00    90.58     0.00
*M   3  4.43e-03  -1.163e+00  +0.000e+00     57.66   2.889e-01    1.868     0.442   2.896e+00    99.98     0.00    91.85     0.00
*M   4  4.42e-03  -1.148e+00  +0.000e+00     59.90   2.873e-01    1.860     0.446   2.216e+00   100.00     0.00    90.69     0.00
*M   5  4.40e-03  -1.187e+00  +0.000e+00     54.35   2.829e-01    1.755     0.418   5.961e+00    99.98     0.00    89.69     0.00
*M   6  4.36e-03  -1.164e+00  +0.000e+00     58.03   2.960e-01    1.836     0.455   3.100e+00   100.00     0.00    89.58     0.00
*M   7  4.31e-03  -1.181e+00  +0.000e+00     55.69   2.984e-01    1.810     0.432   2.966e+00   100.00     0.00    90.21     0.00
*M   8  4.24e-03  -1.182e+00  +0.000e+00     55.25   2.980e-01    1.802     0.430   3.115e+00   100.00     0.00    91.31     0.00
*M   9  4.15e-03  -1.172e+00  +0.000e+00     56.92   3.036e-01    1.751     0.449   2.709e+00   100.00     0.00    91.77     0.00
*M  10  4.03e-03  -1.181e+00  +0.000e+00     54.92   3.006e-01    1.694     0.431   2.710e+00   100.00     0.00    91.67     0.00
*M  11  3.89e-03  -1.182e+00  +0.000e+00     54.77   3.034e-01    1.679     0.437   3.363e+00   100.00     0.00    92.33     0.00
*M  12  3.72e-03  -1.170e+00  +0.000e+00     55.79   3.000e-01    1.590     0.464   3.817e+00   100.00     0.00    92.58     0.00
*M  13  3.53e-03  -1.186e+00  +0.000e+00     53.81   3.019e-01    1.643     0.431   4.630e+00   100.00     0.00    93.42     0.00
*M  14  3.31e-03  -1.181e+00  +0.000e+00     53.94   3.098e-01    1.597     0.438   2.991e+00   100.00     0.00    93.75     0.00
*M  15  3.08e-03  -1.173e+00  +0.000e+00     54.57   3.076e-01    1.625     0.467   4.995e+00    99.98     0.00    94.12     0.00
*M  16  2.83e-03  -1.178e+00  +0.000e+00     53.45   3.131e-01    1.641     0.475   1.957e+00   100.00     0.00    95.23     0.00
*M  17  2.57e-03  -1.186e+00  +0.000e+00     52.53   3.214e-01    1.651     0.466   2.808e+00    99.98     0.00    95.67     0.00
*M  18  2.31e-03  -1.183e+00  +0.000e+00     52.59   3.228e-01    1.663     0.474   1.451e+00   100.00     0.00    95.42     0.00
*M  19  2.04e-03  -1.179e+00  +0.000e+00     53.74   3.230e-01    1.714     0.456   2.953e+00   100.00     0.00    95.77     0.00
*M  20  1.78e-03  -1.188e+00  +0.000e+00     52.45   3.261e-01    1.673     0.460   2.611e+00   100.00     0.00    97.06     0.00
*M  21  1.53e-03  -1.179e+00  +0.000e+00     53.25   3.248e-01    1.656     0.465   2.401e+00   100.00     0.00    97.00     0.00
*M  22  1.30e-03  -1.189e+00  +0.000e+00     52.01   3.273e-01    1.707     0.471   3.350e+00   100.00     0.00    97.17     0.00
*M  23  1.08e-03  -1.188e+00  +0.000e+00     51.92   3.290e-01    1.707     0.475   3.600e+00   100.00     0.00    97.92     0.00
*M  24  8.81e-04  -1.187e+00  +0.000e+00     52.09   3.300e-01    1.711     0.473   3.405e+00   100.00     0.00    98.12     0.02
*M  25  7.06e-04  -1.186e+00  +0.000e+00     51.98   3.318e-01    1.706     0.477   3.816e+00   100.00     0.00    98.62     0.00
*
**********************************************************************
*
*
*          - Parameters at Post Ewald-Metro -
*
* Lattice parameters:
*
*             lat a  =    3.9683
*             lat b  =    4.0531
*             lat c  =    6.7690
*             alpha  =   56.0409
*             beta   =   72.6708
*             gamma  =  117.7251
*          cell vol  =   51.9843
*          cv/ortho  =    0.4775
*
* Energies:
*               ecc  = -1.1864e+00
*               eng  =  0.0000e+00
*
*
* Geometry:
*
*      packing frac  =    0.5011
*      aspect ratio  =    1.7058
*
* (dE/dV):
*                Px  =  8.2888e-03                    x-dir
*                Py  =  3.8416e-03                    y-dir
*                Pz  =  1.0692e-02                    z-dir
*
* Distances (PBC only):
*                                 min           hard           diff
*           ca1_ca1  =   1.000000e+06   2.320000e+00   9.999977e+05
*           ca1_ca2  =   1.000000e+06   1.160000e+00   9.999988e+05
*           ca1_ac1  =   2.830248e+00   2.830000e+00   2.483190e-04
*           ca1_av1  =   1.000000e+06  -1.000000e+00   1.000001e+06
*           ca1_ac2  =   1.000000e+06  -1.000000e+00   1.000001e+06
*           ca1_av2  =   1.000000e+06  -1.000000e+00   1.000001e+06
*           ca2_ca2  =   1.000000e+06   0.000000e+00   1.000000e+06
*           ca2_ac1  =   1.000000e+06   1.670000e+00   9.999983e+05
*           ca2_av1  =   1.000000e+06  -1.000000e+00   1.000001e+06
*           ca2_ac2  =   1.000000e+06  -1.000000e+00   1.000001e+06
*           ca2_av2  =   1.000000e+06  -1.000000e+00   1.000001e+06
*           ac1_ac1  =   1.000000e+06   3.340000e+00   9.999967e+05
*           ac1_av1  =   1.000000e+06  -1.000000e+00   1.000001e+06
*           ac1_ac2  =   1.000000e+06  -1.000000e+00   1.000001e+06
*           ac1_av2  =   1.000000e+06  -1.000000e+00   1.000001e+06
*           av1_av1  =   1.000000e+06  -1.000000e+00   1.000001e+06
*           av1_av2  =   1.000000e+06  -1.000000e+00   1.000001e+06
*           av2_av2  =   1.000000e+06  -1.000000e+00   1.000001e+06
*
*
*
**********************************************************************
*
*         - Comparing with 'best' structure -
*
****************************************************************
*
*          best ecc  = -1.1949e+00
*          best eng  =  0.0000e+00
*           ecc+eng  = -1.1949e+00
*          best vol  =  5.3395e+01
*           best pf  =  4.8782e-01
*
*     post_runs ecc  = -1.1864e+00
*     post_runs eng  =  0.0000e+00
*           ecc+eng  = -1.1864e+00
*     post_runs vol  =  5.1984e+01
*      post_runs pf  =  5.0106e-01
*
*       dV / V_runs  =  2.7142e-02
*
*          ecc_diff  = -8.4985e-03
*          eng_diff  =  0.0000e+00
*
*
****************************************************************
*
*  mag_ecc_diff > mag_eng_diff AND within BEST_VOL AND
* 'best' has lower energy than post runs! --> swapping.
*
****************************************************************
*
*
*          - Parameters at Post 'best-swap' -
*
* Lattice parameters:
*
*             lat a  =    3.9659
*             lat b  =    4.4653
*             lat c  =    6.9200
*             alpha  =   52.4698
*             beta   =   73.7864
*             gamma  =  117.0280
*          cell vol  =   53.3953
*          cv/ortho  =    0.4357
*
* Energies:
*               ecc  = -1.1949e+00
*               eng  =  0.0000e+00
*
*
* Geometry:
*
*      packing frac  =    0.4878
*      aspect ratio  =    1.7449
*
* (dE/dV):
*                Px  =  8.6720e-03                    x-dir
*                Py  =  6.2094e-03                    y-dir
*                Pz  =  7.4970e-03                    z-dir
*
* Distances (PBC only):
*                                 min           hard           diff
*           ca1_ca1  =   1.000000e+06   2.320000e+00   9.999977e+05
*           ca1_ca2  =   1.000000e+06   1.160000e+00   9.999988e+05
*           ca1_ac1  =   2.832955e+00   2.830000e+00   2.955244e-03
*           ca1_av1  =   1.000000e+06  -1.000000e+00   1.000001e+06
*           ca1_ac2  =   1.000000e+06  -1.000000e+00   1.000001e+06
*           ca1_av2  =   1.000000e+06  -1.000000e+00   1.000001e+06
*           ca2_ca2  =   1.000000e+06   0.000000e+00   1.000000e+06
*           ca2_ac1  =   1.000000e+06   1.670000e+00   9.999983e+05
*           ca2_av1  =   1.000000e+06  -1.000000e+00   1.000001e+06
*           ca2_ac2  =   1.000000e+06  -1.000000e+00   1.000001e+06
*           ca2_av2  =   1.000000e+06  -1.000000e+00   1.000001e+06
*           ac1_ac1  =   1.000000e+06   3.340000e+00   9.999967e+05
*           ac1_av1  =   1.000000e+06  -1.000000e+00   1.000001e+06
*           ac1_ac2  =   1.000000e+06  -1.000000e+00   1.000001e+06
*           ac1_av2  =   1.000000e+06  -1.000000e+00   1.000001e+06
*           av1_av1  =   1.000000e+06  -1.000000e+00   1.000001e+06
*           av1_av2  =   1.000000e+06  -1.000000e+00   1.000001e+06
*           av2_av2  =   1.000000e+06  -1.000000e+00   1.000001e+06
*
*
*
**********************************************************************
*
*         - Final Simplex relaxation with restarts -
*
**********************************************************************
*
*
****************************************************************
*
*
*        - Simplex Minimiziation Routine -
*
*
* Note: No aspect ratio constraint.
*
*
*            n_simp  =        15                   D.O.F.
*         simp_nmax  =      4500                max moves
*       simp_errlim  =  1.00e-08
*
*
*         - Initializing simplex arrays -
*
*
*      nfunk           rtol        pf        ar     ortho             e_ion              e_ss             e_tot
*X        12     1.4902e+00   0.48782   1.74486   0.43571    -1.1949525e+00     0.0000000e+00    -1.1949525e+00
*
*         simp_runs  =      1417               simp moves
*              rtol  =  9.77e-09               final rtol
*
* Simplex restart no. 1 of 10
*
*         - Initializing simplex arrays -
*
*
*      nfunk           rtol        pf        ar     ortho             e_ion              e_ss             e_tot
*X        11     1.5585e+00   0.49130   1.74348   0.43357    -1.1976299e+00     0.0000000e+00    -1.1976299e+00
*
*         simp_runs  =       862               simp moves
*              rtol  =  9.95e-09               final rtol
*
* Simplex restart no. 2 of 10
*
*         - Initializing simplex arrays -
*
*
*      nfunk           rtol        pf        ar     ortho             e_ion              e_ss             e_tot
*X        11     1.5585e+00   0.49130   1.74348   0.43357    -1.1976300e+00     0.0000000e+00    -1.1976300e+00
*
*         simp_runs  =       889               simp moves
*              rtol  =  9.60e-09               final rtol
*
* Simplex restart no. 3 of 10
*
*         - Initializing simplex arrays -
*
*
*      nfunk           rtol        pf        ar     ortho             e_ion              e_ss             e_tot
*X        11     1.5585e+00   0.49130   1.74348   0.43357    -1.1976300e+00     0.0000000e+00    -1.1976300e+00
*
*         simp_runs  =       893               simp moves
*              rtol  =  9.76e-09               final rtol
*
* Simplex restart no. 4 of 10
*
*         - Initializing simplex arrays -
*
*
*      nfunk           rtol        pf        ar     ortho             e_ion              e_ss             e_tot
*X        11     1.5585e+00   0.49130   1.74348   0.43357    -1.1976300e+00     0.0000000e+00    -1.1976300e+00
*
*         simp_runs  =       894               simp moves
*              rtol  =  9.55e-09               final rtol
*
* Simplex restart no. 5 of 10
*
*         - Initializing simplex arrays -
*
*
*      nfunk           rtol        pf        ar     ortho             e_ion              e_ss             e_tot
*X        11     1.5585e+00   0.49130   1.74348   0.43357    -1.1976300e+00     0.0000000e+00    -1.1976300e+00
*
*         simp_runs  =       902               simp moves
*              rtol  =  9.91e-09               final rtol
*
* Simplex restart no. 6 of 10
*
*         - Initializing simplex arrays -
*
*
*      nfunk           rtol        pf        ar     ortho             e_ion              e_ss             e_tot
*X        11     1.5585e+00   0.49130   1.74348   0.43357    -1.1976300e+00     0.0000000e+00    -1.1976300e+00
*
*         simp_runs  =       902               simp moves
*              rtol  =  9.91e-09               final rtol
*
* Simplex restart no. 7 of 10
*
*         - Initializing simplex arrays -
*
*
*      nfunk           rtol        pf        ar     ortho             e_ion              e_ss             e_tot
*X        11     1.5585e+00   0.49130   1.74348   0.43357    -1.1976300e+00     0.0000000e+00    -1.1976300e+00
*
*         simp_runs  =       902               simp moves
*              rtol  =  9.91e-09               final rtol
*
* Simplex restart no. 8 of 10
*
*         - Initializing simplex arrays -
*
*
*      nfunk           rtol        pf        ar     ortho             e_ion              e_ss             e_tot
*X        11     1.5585e+00   0.49130   1.74348   0.43357    -1.1976300e+00     0.0000000e+00    -1.1976300e+00
*
*         simp_runs  =       902               simp moves
*              rtol  =  9.91e-09               final rtol
*
* Simplex restart no. 9 of 10
*
*         - Initializing simplex arrays -
*
*
*      nfunk           rtol        pf        ar     ortho             e_ion              e_ss             e_tot
*X        11     1.5585e+00   0.49130   1.74348   0.43357    -1.1976300e+00     0.0000000e+00    -1.1976300e+00
*
*         simp_runs  =       902               simp moves
*              rtol  =  9.91e-09               final rtol
*
* Simplex restart no. 10 of 10
*
*         - Initializing simplex arrays -
*
*
*      nfunk           rtol        pf        ar     ortho             e_ion              e_ss             e_tot
*X        11     1.5585e+00   0.49130   1.74348   0.43357    -1.1976300e+00     0.0000000e+00    -1.1976300e+00
*
*         simp_runs  =       902               simp moves
*              rtol  =  9.91e-09               final rtol
*
****************************************************************
*
*          - Parameters at Post Simplex -
*
* Lattice parameters:
*
*             lat a  =    3.9633
*             lat b  =    4.4649
*             lat c  =    6.9100
*             alpha  =   52.4412
*             beta   =   73.7784
*             gamma  =  117.0860
*          cell vol  =   53.0170
*          cv/ortho  =    0.4336
*
* Energies:
*               ecc  = -1.1976e+00
*               eng  =  0.0000e+00
*
*
* Geometry:
*
*      packing frac  =    0.4913
*      aspect ratio  =    1.7435
*
* (dE/dV):
*                Px  =  1.0000e+04                    x-dir
*                Py  =  1.0000e+04                    y-dir
*                Pz  =  1.0000e+04                    z-dir
*
* Distances (PBC only):
*                                 min           hard           diff
*           ca1_ca1  =   1.000000e+06   2.320000e+00   9.999977e+05
*           ca1_ca2  =   1.000000e+06   1.160000e+00   9.999988e+05
*           ca1_ac1  =   2.830000e+00   2.830000e+00   1.299883e-09
*           ca1_av1  =   1.000000e+06  -1.000000e+00   1.000001e+06
*           ca1_ac2  =   1.000000e+06  -1.000000e+00   1.000001e+06
*           ca1_av2  =   1.000000e+06  -1.000000e+00   1.000001e+06
*           ca2_ca2  =   1.000000e+06   0.000000e+00   1.000000e+06
*           ca2_ac1  =   1.000000e+06   1.670000e+00   9.999983e+05
*           ca2_av1  =   1.000000e+06  -1.000000e+00   1.000001e+06
*           ca2_ac2  =   1.000000e+06  -1.000000e+00   1.000001e+06
*           ca2_av2  =   1.000000e+06  -1.000000e+00   1.000001e+06
*           ac1_ac1  =   1.000000e+06   3.340000e+00   9.999967e+05
*           ac1_av1  =   1.000000e+06  -1.000000e+00   1.000001e+06
*           ac1_ac2  =   1.000000e+06  -1.000000e+00   1.000001e+06
*           ac1_av2  =   1.000000e+06  -1.000000e+00   1.000001e+06
*           av1_av1  =   1.000000e+06  -1.000000e+00   1.000001e+06
*           av1_av2  =   1.000000e+06  -1.000000e+00   1.000001e+06
*           av2_av2  =   1.000000e+06  -1.000000e+00   1.000001e+06
*
*
***********************************************************
*        - Process and timing information -
*
* user time:   0 h 00 m 23.400726 s
* syst time:   0 h 00 m 00.008000 s
* signals: 0
* voluntary context switches: 8
* involuntary context switches: 21
*
***********************************************************
*SS symsearch output
*SS ( use:  | awk '($1=="*S"){print $0}' | sed 's/*S //' > temp.out )
*S Title
*S 1                 search type
*S 5.0 0.00001       displacement rms max min
*S 0.1 0.00001       strain rms max min
*S 1                 lattice input type
*S      3.96333     0.00000     0.00000
*S     -2.03301     3.97525     0.00000
*S      1.93032     5.71824     3.36504
*S 1 0 0
*S 0 1 0
*S 0 0 1
*S 2                 number of atoms
*S 11 0
*S      0.47652     0.11513     0.08787
*S      0.27882     0.32069     0.68369
*FF findsym output
*FF ( use:  | awk '($1=="*F"){print $0}' | sed 's/*F //' > temp.out )
*F Title
*F 0.001       displacement rms max min
*F 1                 lattice input type
*F      3.96333     0.00000     0.00000
*F     -2.03301     3.97525     0.00000
*F      1.93032     5.71824     3.36504
*F 1               basis vector in type
*F 1 0 0
*F 0 1 0
*F 0 0 1
*F 2                 number of atoms
*F 11 0
*F      0.47652     0.11513     0.08787
*F      0.27882     0.32069     0.68369
*DD powder output
*DD (use: | awk '($1=="*D"){print $0}' | sed 's/*D //' > temp.out )
*D 2
*D      3.96333     4.46494     6.90999
*D     52.44117    73.77844   117.08598
*D      0.47652     0.11513     0.08787        11
*D      0.27882     0.32069     0.68369         0
*PP poscar output
*PP (use: | awk '($1=="*P"){print $0}' | sed 's/*P //' > temp.out )
*P Z: 11 17 
*P 1.0 
*P      3.96333108     0.00000000     0.00000000
*P     -2.03300857     3.97524589     0.00000000
*P      1.93032227     5.71824308     3.36504487
*P 1 1 0 
*P Direct
*P       0.476522875220      0.115132360601      0.087869617122
*P       0.278818887671      0.320693746679      0.683693010933
*QQ poscar output
*QQ (use: | awk '($1=="*Q"){print $0}' | sed 's/*Q //' > temp.out )
*Q +1.000000000000 -1.000000000000 
*Q 1.0 
*Q      3.96333108     0.00000000     0.00000000
*Q     -2.03300857     3.97524589     0.00000000
*Q      1.93032227     5.71824308     3.36504487
*Q 1 1 0 
*Q Direct
*Q       0.476522875220      0.115132360601      0.087869617122
*Q       0.278818887671      0.320693746679      0.683693010933
*RR restart output
*RR (use: | awk '($1=="*R"){print $0}' | sed 's/*R //' > temp.out )
*R     3.963331084767    4.464941629120    6.909990948388
*R     0.915271062133    1.287676778333    2.043535811115
*R      1
*R      1     1
*R   -1.000000000000000   0.000000000000000
*R     0.000000000000    1.670000000000    0.000000000000    17     0
*R      1
*R      1   1.000000000000000
*R     1.160000000000    11
*R     0.476522875220    0.115132360601    0.087869617122
*R     0.278818887671    0.320693746679    0.683693010933
* XBS output
* CATION:
atom C     1.824169527    0.960139273    0.295685204
spec C     1.160000000    1.000000000    0.000000000    0.000000000
* ANION:
atom A     1.772826272    5.184359325    2.300657660
spec A     1.670000000    0.000000000    0.000000000    1.000000000
spec V     0.000000000    0.000000000    1.000000000    0.000000000
bonds A V  0.000000000    0.000000000    0.010000000    Black
* CELL PARAMETERS AND BORDER
atom 0    0.00000   0.00000   0.00000
atom 1    3.96333   0.00000   0.00000
atom 2    1.93032   3.97525   0.00000
atom 3   -2.03301   3.97525   0.00000
atom 4    1.93032   5.71824   3.36504
atom 5    5.89365   5.71824   3.36504
atom 6    3.86064   9.69349   3.36504
atom 7   -0.10269   9.69349   3.36504
spec 0     0.050000000    0.000000000    0.000000000    0.000000000
spec 1     0.050000000    0.000000000    0.000000000    0.000000000
spec 2     0.050000000    0.000000000    0.000000000    0.000000000
spec 3     0.050000000    0.000000000    0.000000000    0.000000000
spec 4     0.050000000    0.000000000    0.000000000    0.000000000
spec 5     0.050000000    0.000000000    0.000000000    0.000000000
spec 6     0.050000000    0.000000000    0.000000000    0.000000000
spec 7     0.050000000    0.000000000    0.000000000    0.000000000
bonds 0 1  3.959367754    3.967294416    0.010000000    Black
bonds 3 2  3.959367754    3.967294416    0.010000000    Black
bonds 4 5  3.959367754    3.967294416    0.010000000    Black
bonds 6 7  3.959367754    3.967294416    0.010000000    Black
bonds 1 2  4.460476687    4.469406571    0.010000000    Black
bonds 0 3  4.460476687    4.469406571    0.010000000    Black
bonds 5 6  4.460476687    4.469406571    0.010000000    Black
bonds 4 7  4.460476687    4.469406571    0.010000000    Black
bonds 0 4  6.903080957    6.916900939    0.010000000    Black
bonds 1 5  6.903080957    6.916900939    0.010000000    Black
bonds 2 6  6.903080957    6.916900939    0.010000000    Black
bonds 3 7  6.903080957    6.916900939    0.010000000    Black
inc 5.000000
dup    3.96333   0.00000   0.00000
dup   -2.03301   3.97525   0.00000
dup    1.93032   5.71824   3.36504
