*************************************************
*	pack	(version 4.12.0.5)
*	Eric Majzoub
*	Sandia National Laboratories
*************************************************
*  Source file: main.c
*  Compile date: Dec 27 2012
*  Compile time: 17:19:04
*  commandline = /projects/e20438/bin/pack-4.12.0.5/pack_exe -f ../../NaCl_pegs.in -P -R -r 600 -t 15 -g 1222 
*  input file = ../../NaCl_pegs.in
**********************************************************************
**********************************************************************
**********************************************************************
* 
*       - General run comments -
* 
* WARN: no Rotations in Metropolis (-R flag).
* WARN: all anionic charge on center atom (-P flag).
*
**********************************************************************
*           - Input parameters -
*
*           restart  =         0         1 = restart calc
*        autoadjust  =         1   automatically set temp
*          aa_using  =         1        1=rej pct, 2=pCnt
*         basin hop  =         0           number of hops
*     non_per_ewald  =         0          1=nanopart calc
*
*             lat a  =   10.0000
*             lat b  =   10.0000
*             lat c  =   10.0000
*             alpha  =    1.5708
*             beta   =    1.5708
*             gamma  =    1.5708
*          cell vol  = 1000.0000
*      sqsh vol pct  =    0.2000
* 
*          cell_min  =    1.6700              min lat vec
*          cell_max  =  167.0000              max lat vec
* 
*         n_type_an  =         1          num type anions
*            num_an  =         1           tot num anions
* 
*          num_an_1  =         1        num anions type 1
*        num_vert_1  =         1     1=sph 2=dim 5=tet...
*       an_chrg_c_1  =   -1.0000      anion center charge
*       an_chrg_v_1  =    0.0000      anion vertex charge
*     tot_an_chrg_1  =   -1.0000       total anion charge
*           Rcent_1  =    1.6700         anion center rad
*           Rvert_1  =    0.0000         anion vertex rad
*             cvd_1  =    0.0000        cent to vert dist
*           Zcent_1  =        17           anion center Z
*           Zvert_1  =         0           anion vertex Z
* 
*          num_an_2  =         0        num anions type 2
*        num_vert_2  =         0     1=sph 2=dim 5=tet...
*       an_chrg_c_2  =    0.0000      anion center charge
*       an_chrg_v_2  =    0.0000      anion vertex charge
*     tot_an_chrg_2  =    0.0000       total anion charge
*           Rcent_2  =    0.0000         anion center rad
*           Rvert_2  =    0.0000         anion vertex rad
*             cvd_2  =    0.0000        cent to vert dist
*           Zcent_2  =         0           anion center Z
*           Zvert_2  =         0           anion vertex Z
* 
*         n_type_ca  =         1            num type cats
*            num_ca  =         1          tot num cations
* 
*          num_ca_1  =         1        num cations typ 1
*         ca_chrg_1  =    1.0000        cation chrg typ 1
*            Rcat_1  =    1.1600         cation rad typ 1
*            Zcat_1  =        11           cation Z typ 1
* 
*            C2VTOL  =  1.00e-08            c2v tolerance
*            ERRLIM  =  1.00e-06
*       REP_EPSILON  =  1.00e+00        soft sphere repul
*    TRANS_FRAC_MAX  =    0.5000                    fixed
*    TRANS_FRAC_MIN  =    0.0200
*      MAX_ANG_CHNG  =    9.9695                  degrees
*    VOLUM_FRAC_MAX  =    0.0700
*         EXT_PRESS  =  0.00e+00        external pressure
*      SQSH_VOL_PCT  =    0.2000             min orth val
*        ASPECT_MAX  =   20.0000                cell parm
*            dplane  =    1.6700            min plane sep
*      SCALE_FACTOR  =    1.2500         bhop max scaling
* 
*            d.o.f.  =        12       degrees of freedom
*          runs/dof  =       600         loops per d.o.f.
*              runs  =      7200              loops per T
*               ncc  =     28800     config changes per T
*            t_runs  =        15           num temp steps
*             efunc  =         0               0=SS  1=LJ
*       N_HALT_CHNG  =        15      halts after N 100%s
*
*      anneal_sched  =         3   0=lin or exp(-run_n^n)
*         temp_init  =  1.00e+00             initial temp
*         temp_finl  =  1.00e-03               final temp
* 
*          trn_chng  =         1              0=off  1=on
*          rot_chng  =         0              0=off  1=on
*          lat_chng  =         1              0=off  1=on
*          swp_chng  =         1              0=off  1=on
* 
*     SIMP_RESTARTS  =        11     no. simplex restarts
*  SIMP_RESTARTS BH  =        21  basin hop simp restarts
*         SIMP_NMAX  =      4500        max simplex iters
*          SIMP_DEG  =    1.0000          anion start deg
*         SIMP_LAMB  =    0.0100        vertex start frac
*       SIMP_ERRLIM  =  1.00e-08              error limit
* 
*           aa runs  =      1200           config changes
*      aa runs_step  =        10   config change increase
*       aa runs_max  =      1500  max auto config changes
*         aa t_runs  =         3            num temp runs
*      aa temp_step  =    0.5000                temp step
* 
*        aa chng hi  =         3  1=trn 2=rot 3=lat 4=swp
*        aa chng lo  =         3  1=trn 2=rot 3=lat 4=swp
* 
*      aa ht_pct_hi  =     0.650             high rej pct
*      aa ht_pct_lo  =     0.600             low  rej pct
* 
*      aa lt_pct_hi  =     0.999             high rej pct
*      aa lt_pct_lo  =     0.950             low  rej pct
* 
*            tmpfile =                   PR21393-best.tmp
* 
* Checking for out of bounds fractional coords.
*
**********************************************************************
*
*          - Parameters at START -
*
* Lattice parameters:
*
*             lat a  =   10.0000
*             lat b  =   10.0000
*             lat c  =   10.0000
*             alpha  =   90.0000
*             beta   =   90.0000
*             gamma  =   90.0000
*          cell vol  = 1000.0000
*          cv/ortho  =    1.0000
*
* Energies:
*               ecc  = -4.4395e-01
*               eng  =  0.0000e+00
*
*
* Geometry:
*
*      packing frac  =    0.0260
*      aspect ratio  =    1.0000
*
* (dE/dV):
*                Px  =  2.1921e-04                    x-dir
*                Py  =  1.7786e-04                    y-dir
*                Pz  =  4.6875e-05                    z-dir
*
* Distances (PBC only):
*                                 min           hard           diff
*           ca1_ca1  =   1.000000e+06   2.320000e+00   9.999977e+05
*           ca1_ca2  =   1.000000e+06   1.160000e+00   9.999988e+05
*           ca1_ac1  =   6.267352e+00   2.830000e+00   3.437352e+00
*           ca1_av1  =   1.000000e+06  -1.000000e+00   1.000001e+06
*           ca1_ac2  =   1.000000e+06  -1.000000e+00   1.000001e+06
*           ca1_av2  =   1.000000e+06  -1.000000e+00   1.000001e+06
*           ca2_ca2  =   1.000000e+06   0.000000e+00   1.000000e+06
*           ca2_ac1  =   1.000000e+06   1.670000e+00   9.999983e+05
*           ca2_av1  =   1.000000e+06  -1.000000e+00   1.000001e+06
*           ca2_ac2  =   1.000000e+06  -1.000000e+00   1.000001e+06
*           ca2_av2  =   1.000000e+06  -1.000000e+00   1.000001e+06
*           ac1_ac1  =   1.000000e+06   3.340000e+00   9.999967e+05
*           ac1_av1  =   1.000000e+06  -1.000000e+00   1.000001e+06
*           ac1_ac2  =   1.000000e+06  -1.000000e+00   1.000001e+06
*           ac1_av2  =   1.000000e+06  -1.000000e+00   1.000001e+06
*           av1_av1  =   1.000000e+06  -1.000000e+00   1.000001e+06
*           av1_av2  =   1.000000e+06  -1.000000e+00   1.000001e+06
*           av2_av2  =   1.000000e+06  -1.000000e+00   1.000001e+06
*
*
*
**********************************************************************
*
* ------------------------------------------------------------
*              Autoadjust high temperatrure:
* ------------------------------------------------------------
*              Autoadjusting on 3 (1=trn,2=rot,3=lat,4=swp)
*
**********************************************************************
*
*                 -- Autoadjust Metropolis Run --
*
*   autoadjust_temp_init  =  1.0000e+00
*   autoadjust_temp_step  =  5.0000e-01
*        autoadjust_runs  =        1200         configs per temp
*       autoadjust_count  =           1
*
**********************************************************************
*
* Metropolis: 3 temperature runs with these parameters:
*
*              runs  =      1200              loops per T
*               T_0  = 1.000e+00             initial temp
*               T_L  = 1.000e+00               final temp
*           T_alpha  = 8.000e+09          annealing alpha
*
*            T = T_0 * exp( -run_num**3 / T_alpha )
*
**********************************************************************
*H run      Temp       E_ion        E_ss   cel vol       SigPF       ar     ortho        pCnt          % Rejected Changes
*H                                                                                                 trn      rot      lat      swp
*T   1  1.00e+00  -4.905e-01  +0.000e+00    408.65   2.319e-02    3.919     0.428   2.441e-01    19.42     0.00     2.67     0.00
*T   2  1.00e+00  +1.239e+00  +0.000e+00   1567.90   1.704e-02   14.931     0.728   5.789e-01    37.00     0.00     5.25     0.00
*T   3  1.00e+00  +8.277e-01  +0.000e+00   4229.03   8.163e-03   16.327     0.531   5.636e-01    44.75     0.00     3.25     0.00
*
**********************************************************************
*
*                 -- AUTOADJUST [1] OUT --
*
*     target: lo % = 60.000000      hi % = 65.000000
*     Autoadjust % =  3.250000
*     Autoadjust: Lowering the temperature 5.000e-01 [a.u.]
*
**********************************************************************
*
*                 -- Autoadjust Metropolis Run --
*
*   autoadjust_temp_init  =  5.0000e-01
*   autoadjust_temp_step  =  5.0000e-01
*        autoadjust_runs  =        1210         configs per temp
*       autoadjust_count  =           2
*
**********************************************************************
*
* Metropolis: 3 temperature runs with these parameters:
*
*              runs  =      1210              loops per T
*               T_0  = 5.000e-01             initial temp
*               T_L  = 4.995e-01               final temp
*           T_alpha  = 7.996e+03          annealing alpha
*
*            T = T_0 * exp( -run_num**3 / T_alpha )
*
**********************************************************************
*H run      Temp       E_ion        E_ss   cel vol       SigPF       ar     ortho        pCnt          % Rejected Changes
*H                                                                                                 trn      rot      lat      swp
*T   1  5.00e-01  +6.057e-01  +0.000e+00   1239.06   9.396e-03    7.137     0.703   7.333e-01    52.73     0.00     2.73     0.00
*T   2  5.00e-01  -4.020e-01  +0.000e+00   1372.89   1.376e-02    5.180     0.201   5.174e-01    46.61     0.00     3.80     0.00
*T   3  4.99e-01  -3.108e-01  +0.000e+00   1309.13   4.958e-02    2.529     0.489   1.602e-01    36.78     0.00     3.72     0.00
*
**********************************************************************
*
*                 -- AUTOADJUST [2] OUT --
*
*     target: lo % = 60.000000      hi % = 65.000000
*     Autoadjust % =  3.719008
*     Autoadjust: special case: (T-Tstep) = 0.000e+00 [a.u.]
*     Autoadjust: special case: ===> drop temp step to: 2.250e-01 [a.u.]
*     Autoadjust: Lowering the temperature 2.250e-01 [a.u.]
*
**********************************************************************
*
*                 -- Autoadjust Metropolis Run --
*
*   autoadjust_temp_init  =  2.7500e-01
*   autoadjust_temp_step  =  2.2500e-01
*        autoadjust_runs  =        1220         configs per temp
*       autoadjust_count  =           3
*
**********************************************************************
*
* Metropolis: 3 temperature runs with these parameters:
*
*              runs  =      1220              loops per T
*               T_0  = 2.750e-01             initial temp
*               T_L  = 2.747e-01               final temp
*           T_alpha  = 7.996e+03          annealing alpha
*
*            T = T_0 * exp( -run_num**3 / T_alpha )
*
**********************************************************************
*H run      Temp       E_ion        E_ss   cel vol       SigPF       ar     ortho        pCnt          % Rejected Changes
*H                                                                                                 trn      rot      lat      swp
*T   1  2.75e-01  -6.024e-01  +0.000e+00   2493.23   2.824e-02    5.075     0.222   7.330e-01    52.70     0.00     5.57     0.00
*T   2  2.75e-01  -3.088e-01  +0.000e+00  10523.31   3.606e-03    5.783     0.271   4.848e-01    32.54     0.00     4.84     0.00
*T   3  2.75e-01  -6.483e-01  +0.000e+00   1189.34   9.987e-03    3.886     0.234   3.172e-01    27.70     0.00     5.90     0.00
*
**********************************************************************
*
*                 -- AUTOADJUST [3] OUT --
*
*     target: lo % = 60.000000      hi % = 65.000000
*     Autoadjust % =  5.901639
*     Autoadjust: Lowering the temperature 2.250e-01 [a.u.]
*
**********************************************************************
*
*                 -- Autoadjust Metropolis Run --
*
*   autoadjust_temp_init  =  5.0000e-02
*   autoadjust_temp_step  =  2.2500e-01
*        autoadjust_runs  =        1230         configs per temp
*       autoadjust_count  =           4
*
**********************************************************************
*
* Metropolis: 3 temperature runs with these parameters:
*
*              runs  =      1230              loops per T
*               T_0  = 5.000e-02             initial temp
*               T_L  = 4.995e-02               final temp
*           T_alpha  = 7.996e+03          annealing alpha
*
*            T = T_0 * exp( -run_num**3 / T_alpha )
*
**********************************************************************
*H run      Temp       E_ion        E_ss   cel vol       SigPF       ar     ortho        pCnt          % Rejected Changes
*H                                                                                                 trn      rot      lat      swp
*T   1  5.00e-02  -8.718e-01  +0.000e+00    238.44   2.759e-02    2.091     0.238   2.901e+00    79.19     0.00    18.62     0.00
*T   2  5.00e-02  -9.547e-01  +0.000e+00    190.14   7.036e-02    2.052     0.435   3.426e+00    89.76     0.00    26.18     0.00
*T   3  5.00e-02  -9.212e-01  +0.000e+00    290.38   6.227e-02    4.254     0.346   3.725e+00    85.12     0.00    26.42     0.00
*
**********************************************************************
*
*                 -- AUTOADJUST [4] OUT --
*
*     target: lo % = 60.000000      hi % = 65.000000
*     Autoadjust % = 26.422764
*     Autoadjust: special case: (T-Tstep) = -1.750e-01 [a.u.]
*     Autoadjust: special case: ===> drop temp step to: 1.013e-01 [a.u.]
*     Autoadjust: special case: (T-Tstep) = -5.125e-02 [a.u.]
*     Autoadjust: special case: ===> drop temp step to: 4.556e-02 [a.u.]
*     Autoadjust: Lowering the temperature 4.556e-02 [a.u.]
*
**********************************************************************
*
*                 -- Autoadjust Metropolis Run --
*
*   autoadjust_temp_init  =  4.4375e-03
*   autoadjust_temp_step  =  4.5563e-02
*        autoadjust_runs  =        1240         configs per temp
*       autoadjust_count  =           5
*
**********************************************************************
*
* Metropolis: 3 temperature runs with these parameters:
*
*              runs  =      1240              loops per T
*               T_0  = 4.438e-03             initial temp
*               T_L  = 4.433e-03               final temp
*           T_alpha  = 7.996e+03          annealing alpha
*
*            T = T_0 * exp( -run_num**3 / T_alpha )
*
**********************************************************************
*H run      Temp       E_ion        E_ss   cel vol       SigPF       ar     ortho        pCnt          % Rejected Changes
*H                                                                                                 trn      rot      lat      swp
*T   1  4.44e-03  -1.078e+00  +0.000e+00    281.22   5.860e-02    6.598     0.421   4.754e+01    99.92     0.00    67.42     0.08
*T   2  4.44e-03  -1.072e+00  +0.000e+00    252.46   5.502e-02    5.569     0.418   4.838e+00   100.00     0.00    71.45     0.00
*T   3  4.43e-03  -1.056e+00  +0.000e+00    257.15   6.593e-02    4.908     0.528   2.019e+00   100.00     0.00    69.52     0.00
*
**********************************************************************
*
*                 -- AUTOADJUST [5] OUT --
*
*     target: lo % = 60.000000      hi % = 65.000000
*     Autoadjust % = 69.516129
*     Autoadjust: overshot! drop temp step to: 2.050e-02 [a.u.]
*     Autoadjust: Raising the temperature 2.050e-02 [a.u.]
*
**********************************************************************
*
*                 -- Autoadjust Metropolis Run --
*
*   autoadjust_temp_init  =  2.4941e-02
*   autoadjust_temp_step  =  2.0503e-02
*        autoadjust_runs  =        1250         configs per temp
*       autoadjust_count  =           6
*
**********************************************************************
*
* Metropolis: 3 temperature runs with these parameters:
*
*              runs  =      1250              loops per T
*               T_0  = 2.494e-02             initial temp
*               T_L  = 2.492e-02               final temp
*           T_alpha  = 7.996e+03          annealing alpha
*
*            T = T_0 * exp( -run_num**3 / T_alpha )
*
**********************************************************************
*H run      Temp       E_ion        E_ss   cel vol       SigPF       ar     ortho        pCnt          % Rejected Changes
*H                                                                                                 trn      rot      lat      swp
*T   1  2.49e-02  -9.476e-01  +0.000e+00    222.94   4.796e-02    2.984     0.406   3.965e+00    99.44     0.00    37.12     0.00
*T   2  2.49e-02  -9.703e-01  +0.000e+00     88.39   1.540e-01    1.409     0.588   1.060e+01    97.84     0.00    39.68     0.00
*T   3  2.49e-02  -1.113e+00  +0.000e+00     55.51   1.858e-01    1.563     0.469   3.576e+00    97.20     0.00    49.04     0.00
*
**********************************************************************
*
*                 -- AUTOADJUST [6] OUT --
*
*     target: lo % = 60.000000      hi % = 65.000000
*     Autoadjust % = 49.040000
*     Autoadjust: overshot! drop temp step to: 9.226e-03 [a.u.]
*     Autoadjust: Lowering the temperature 9.226e-03 [a.u.]
*
**********************************************************************
*
*                 -- Autoadjust Metropolis Run --
*
*   autoadjust_temp_init  =  1.5714e-02
*   autoadjust_temp_step  =  9.2264e-03
*        autoadjust_runs  =        1260         configs per temp
*       autoadjust_count  =           7
*
**********************************************************************
*
* Metropolis: 3 temperature runs with these parameters:
*
*              runs  =      1260              loops per T
*               T_0  = 1.571e-02             initial temp
*               T_L  = 1.570e-02               final temp
*           T_alpha  = 7.996e+03          annealing alpha
*
*            T = T_0 * exp( -run_num**3 / T_alpha )
*
**********************************************************************
*H run      Temp       E_ion        E_ss   cel vol       SigPF       ar     ortho        pCnt          % Rejected Changes
*H                                                                                                 trn      rot      lat      swp
*T   1  1.57e-02  -1.130e+00  +0.000e+00     56.29   2.397e-01    1.511     0.501   4.148e+00    98.97     0.00    55.95     0.00
*T   2  1.57e-02  -1.111e+00  +0.000e+00     67.25   2.492e-01    1.400     0.449   2.132e+00    99.52     0.00    61.43     0.00
*T   3  1.57e-02  -1.081e+00  +0.000e+00     67.09   2.141e-01    1.168     0.744   4.451e+00    99.05     0.00    63.57     0.00
*
**********************************************************************
*
*                 -- AUTOADJUST [7] OUT --
*
*     target: lo % = 60.000000      hi % = 65.000000
*     Autoadjust % = 63.571429
*     Autoadjust: temp = 1.571e-02  is good!  Exiting autoadjust.
*
**********************************************************************
*
* ------------------------------------------------------------
*              Autoadjust low temperatrure:
* ------------------------------------------------------------
*              Autoadjusting on 3 (1=trn,2=rot,3=lat,4=swp)
*
**********************************************************************
*
*                 -- Autoadjust Metropolis Run --
*
*   autoadjust_temp_init  =  2.0000e-02
*   autoadjust_temp_step  =  5.0000e-01
*        autoadjust_runs  =        1200         configs per temp
*       autoadjust_count  =           1
*
**********************************************************************
*
* Metropolis: 3 temperature runs with these parameters:
*
*              runs  =      1200              loops per T
*               T_0  = 2.000e-02             initial temp
*               T_L  = 2.000e-02               final temp
*           T_alpha  = 1.600e+08          annealing alpha
*
*            T = T_0 * exp( -run_num**3 / T_alpha )
*
**********************************************************************
*H run      Temp       E_ion        E_ss   cel vol       SigPF       ar     ortho        pCnt          % Rejected Changes
*H                                                                                                 trn      rot      lat      swp
*T   1  2.00e-02  -1.099e+00  +0.000e+00     62.41   2.071e-01    1.258     0.806   3.092e+00    98.75     0.00    63.17     0.00
*T   2  2.00e-02  -1.100e+00  +0.000e+00     60.13   2.072e-01    1.081     0.938   4.783e+00    97.83     0.00    51.00     0.00
*T   3  2.00e-02  -1.066e+00  +0.000e+00     75.58   2.282e-01    1.332     0.755   5.918e+00    98.17     0.00    58.83     0.00
*
**********************************************************************
*
*                 -- AUTOADJUST [1] OUT --
*
*     target: lo % = 95.000000      hi % = 99.900000
*     Autoadjust % = 58.833333
*     Autoadjust: special case: (T-Tstep) = -4.800e-01 [a.u.]
*     Autoadjust: special case: ===> drop temp step to: 2.250e-01 [a.u.]
*     Autoadjust: special case: (T-Tstep) = -2.050e-01 [a.u.]
*     Autoadjust: special case: ===> drop temp step to: 1.013e-01 [a.u.]
*     Autoadjust: special case: (T-Tstep) = -8.125e-02 [a.u.]
*     Autoadjust: special case: ===> drop temp step to: 4.556e-02 [a.u.]
*     Autoadjust: special case: (T-Tstep) = -2.556e-02 [a.u.]
*     Autoadjust: special case: ===> drop temp step to: 2.050e-02 [a.u.]
*     Autoadjust: special case: (T-Tstep) = -5.031e-04 [a.u.]
*     Autoadjust: special case: ===> drop temp step to: 9.226e-03 [a.u.]
*     Autoadjust: Lowering the temperature 9.226e-03 [a.u.]
*
**********************************************************************
*
*                 -- Autoadjust Metropolis Run --
*
*   autoadjust_temp_init  =  1.0774e-02
*   autoadjust_temp_step  =  9.2264e-03
*        autoadjust_runs  =        1210         configs per temp
*       autoadjust_count  =           2
*
**********************************************************************
*
* Metropolis: 3 temperature runs with these parameters:
*
*              runs  =      1210              loops per T
*               T_0  = 1.077e-02             initial temp
*               T_L  = 1.076e-02               final temp
*           T_alpha  = 7.996e+03          annealing alpha
*
*            T = T_0 * exp( -run_num**3 / T_alpha )
*
**********************************************************************
*H run      Temp       E_ion        E_ss   cel vol       SigPF       ar     ortho        pCnt          % Rejected Changes
*H                                                                                                 trn      rot      lat      swp
*T   1  1.08e-02  -1.112e+00  +0.000e+00     61.67   2.240e-01    1.187     0.823   5.135e+00    99.92     0.00    72.48     0.00
*T   2  1.08e-02  -1.149e+00  +0.000e+00     60.33   2.441e-01    1.093     0.795   2.389e+00    99.83     0.00    70.99     0.00
*T   3  1.08e-02  -1.100e+00  +0.000e+00     59.13   2.467e-01    1.229     0.859   4.429e+00    99.92     0.00    74.79     0.00
*
**********************************************************************
*
*                 -- AUTOADJUST [2] OUT --
*
*     target: lo % = 95.000000      hi % = 99.900000
*     Autoadjust % = 74.793388
*     Autoadjust: Lowering the temperature 9.226e-03 [a.u.]
*
**********************************************************************
*
*                 -- Autoadjust Metropolis Run --
*
*   autoadjust_temp_init  =  1.5472e-03
*   autoadjust_temp_step  =  9.2264e-03
*        autoadjust_runs  =        1220         configs per temp
*       autoadjust_count  =           3
*
**********************************************************************
*
* Metropolis: 3 temperature runs with these parameters:
*
*              runs  =      1220              loops per T
*               T_0  = 1.547e-03             initial temp
*               T_L  = 1.546e-03               final temp
*           T_alpha  = 7.996e+03          annealing alpha
*
*            T = T_0 * exp( -run_num**3 / T_alpha )
*
**********************************************************************
*H run      Temp       E_ion        E_ss   cel vol       SigPF       ar     ortho        pCnt          % Rejected Changes
*H                                                                                                 trn      rot      lat      swp
*T   1  1.55e-03  -1.123e+00  +0.000e+00     59.91   2.779e-01    1.146     0.844   3.228e+02   100.00     0.00    93.20     0.00
*T   2  1.55e-03  -1.114e+00  +0.000e+00     59.11   2.835e-01    1.194     0.859   1.392e+00   100.00     0.00    94.67     0.00
*T   3  1.55e-03  -1.124e+00  +0.000e+00     59.95   2.819e-01    1.158     0.847   3.310e+00   100.00     0.00    94.67     0.00
*
**********************************************************************
*
*                 -- AUTOADJUST [3] OUT --
*
*     target: lo % = 95.000000      hi % = 99.900000
*     Autoadjust % = 94.672131
*     Autoadjust: special case: (T-Tstep) = -7.679e-03 [a.u.]
*     Autoadjust: special case: ===> drop temp step to: 4.152e-03 [a.u.]
*     Autoadjust: special case: (T-Tstep) = -2.605e-03 [a.u.]
*     Autoadjust: special case: ===> drop temp step to: 1.868e-03 [a.u.]
*     Autoadjust: special case: (T-Tstep) = -3.212e-04 [a.u.]
*     Autoadjust: special case: ===> drop temp step to: 8.408e-04 [a.u.]
*     Autoadjust: Lowering the temperature 8.408e-04 [a.u.]
*
**********************************************************************
*
*                 -- Autoadjust Metropolis Run --
*
*   autoadjust_temp_init  =  7.0643e-04
*   autoadjust_temp_step  =  8.4076e-04
*        autoadjust_runs  =        1230         configs per temp
*       autoadjust_count  =           4
*
**********************************************************************
*
* Metropolis: 3 temperature runs with these parameters:
*
*              runs  =      1230              loops per T
*               T_0  = 7.064e-04             initial temp
*               T_L  = 7.057e-04               final temp
*           T_alpha  = 7.996e+03          annealing alpha
*
*            T = T_0 * exp( -run_num**3 / T_alpha )
*
**********************************************************************
*H run      Temp       E_ion        E_ss   cel vol       SigPF       ar     ortho        pCnt          % Rejected Changes
*H                                                                                                 trn      rot      lat      swp
*T   1  7.06e-04  -1.124e+00  +0.000e+00     59.93   2.870e-01    1.166     0.846   4.225e+00   100.00     0.00    98.62     0.00
*T   2  7.06e-04  -1.124e+00  +0.000e+00     59.85   2.839e-01    1.164     0.848   1.460e+00   100.00     0.00    96.99     0.00
*T   3  7.06e-04  -1.125e+00  +0.000e+00     59.50   2.899e-01    1.164     0.849   1.060e+00   100.00     0.00    98.62     0.00
*
**********************************************************************
*
*                 -- AUTOADJUST [4] OUT --
*
*     target: lo % = 95.000000      hi % = 99.900000
*     Autoadjust % = 98.617886
*     Autoadjust: temp = 7.064e-04  is good!  Exiting autoadjust.
*
**********************************************************************
*
*
*          -- Initializing cell contents --
*
*
*
**********************************************************************
*
*            -- Starting Metropolis calculation --
*
*              temp_init  = 1.571e-02
*
**********************************************************************
*
* Metropolis: 15 temperature runs with these parameters:
*
*              runs  =      7200              loops per T
*               T_0  = 1.571e-02             initial temp
*               T_L  = 7.064e-04               final temp
*           T_alpha  = 8.846e+02          annealing alpha
*
*            T = T_0 * exp( -run_num**3 / T_alpha )
*
**********************************************************************
*H run      Temp       E_ion        E_ss   cel vol       SigPF       ar     ortho        pCnt          % Rejected Changes
*H                                                                                                 trn      rot      lat      swp
*M   1  1.57e-02  -1.132e+00  +0.000e+00     60.55   1.954e-01    1.822     0.437   1.308e+01    99.33     0.00    61.62     0.00
*M   2  1.57e-02  -1.135e+00  +0.000e+00     52.61   2.409e-01    1.326     0.507   6.028e+00    99.00     0.00    61.40     0.00
*M   3  1.56e-02  -1.104e+00  +0.000e+00     58.49   2.450e-01    1.329     0.497   6.067e+00    99.40     0.00    65.74     0.00
*M   4  1.52e-02  -1.130e+00  +0.000e+00     60.27   2.612e-01    1.461     0.702   4.886e+00    99.49     0.00    68.96     0.00
*M   5  1.46e-02  -1.131e+00  +0.000e+00     60.74   2.677e-01    1.538     0.433   5.550e+00    99.62     0.00    69.01     0.00
*M   6  1.36e-02  -1.030e+00  +0.000e+00     81.98   2.533e-01    1.192     0.706   7.539e+00    99.67     0.00    72.11     0.00
*M   7  1.23e-02  -1.117e+00  +0.000e+00     57.95   2.772e-01    1.418     0.528   7.445e+00    99.78     0.00    72.04     0.00
*M   8  1.07e-02  -1.118e+00  +0.000e+00     51.60   2.785e-01    1.504     0.677   4.938e+00    99.81     0.00    77.08     0.00
*M   9  8.81e-03  -1.168e+00  +0.000e+00     42.61   3.214e-01    1.380     0.738   4.153e+00    99.93     0.00    79.51     0.00
*M  10  6.89e-03  -1.147e+00  +0.000e+00     54.87   3.428e-01    1.220     0.720   4.668e+00    99.93     0.00    82.19     0.00
*M  11  5.07e-03  -1.155e+00  +0.000e+00     47.49   3.073e-01    1.222     0.574   4.382e+00    99.97     0.00    86.54     0.00
*M  12  3.49e-03  -1.186e+00  +0.000e+00     50.87   3.252e-01    1.023     0.700   1.071e+01    99.97     0.00    91.35     0.00
*M  13  2.23e-03  -1.181e+00  +0.000e+00     51.80   3.297e-01    1.108     0.692   4.882e+00   100.00     0.00    95.12     0.00
*M  14  1.31e-03  -1.195e+00  +0.000e+00     49.49   3.473e-01    1.127     0.687   8.998e+00    99.99     0.00    96.81     0.00
*M  15  7.06e-04  -1.198e+00  +0.000e+00     49.15   3.502e-01    1.128     0.694   2.937e+00   100.00     0.00    98.49     0.00
*
**********************************************************************
*
*
*          - Parameters at Post Ewald-Metro -
*
* Lattice parameters:
*
*             lat a  =    4.1458
*             lat b  =    4.3894
*             lat c  =    3.8923
*             alpha  =   88.5559
*             beta   =   61.4865
*             gamma  =   56.5854
*          cell vol  =   49.1480
*          cv/ortho  =    0.6939
*
* Energies:
*               ecc  = -1.1980e+00
*               eng  =  0.0000e+00
*
*
* Geometry:
*
*      packing frac  =    0.5300
*      aspect ratio  =    1.1277
*
* (dE/dV):
*                Px  =  8.8658e-03                    x-dir
*                Py  =  9.7763e-03                    y-dir
*                Pz  =  5.7332e-03                    z-dir
*
* Distances (PBC only):
*                                 min           hard           diff
*           ca1_ca1  =   1.000000e+06   2.320000e+00   9.999977e+05
*           ca1_ca2  =   1.000000e+06   1.160000e+00   9.999988e+05
*           ca1_ac1  =   2.833490e+00   2.830000e+00   3.489637e-03
*           ca1_av1  =   1.000000e+06  -1.000000e+00   1.000001e+06
*           ca1_ac2  =   1.000000e+06  -1.000000e+00   1.000001e+06
*           ca1_av2  =   1.000000e+06  -1.000000e+00   1.000001e+06
*           ca2_ca2  =   1.000000e+06   0.000000e+00   1.000000e+06
*           ca2_ac1  =   1.000000e+06   1.670000e+00   9.999983e+05
*           ca2_av1  =   1.000000e+06  -1.000000e+00   1.000001e+06
*           ca2_ac2  =   1.000000e+06  -1.000000e+00   1.000001e+06
*           ca2_av2  =   1.000000e+06  -1.000000e+00   1.000001e+06
*           ac1_ac1  =   1.000000e+06   3.340000e+00   9.999967e+05
*           ac1_av1  =   1.000000e+06  -1.000000e+00   1.000001e+06
*           ac1_ac2  =   1.000000e+06  -1.000000e+00   1.000001e+06
*           ac1_av2  =   1.000000e+06  -1.000000e+00   1.000001e+06
*           av1_av1  =   1.000000e+06  -1.000000e+00   1.000001e+06
*           av1_av2  =   1.000000e+06  -1.000000e+00   1.000001e+06
*           av2_av2  =   1.000000e+06  -1.000000e+00   1.000001e+06
*
*
*
**********************************************************************
*
*         - Comparing with 'best' structure -
*
****************************************************************
*
*          best ecc  = -1.2033e+00
*          best eng  =  0.0000e+00
*           ecc+eng  = -1.2033e+00
*          best vol  =  3.9071e+01
*           best pf  =  6.6668e-01
*
*     post_runs ecc  = -1.1980e+00
*     post_runs eng  =  0.0000e+00
*           ecc+eng  = -1.1980e+00
*     post_runs vol  =  4.9148e+01
*      post_runs pf  =  5.2998e-01
*
*       dV / V_runs  =  2.0504e-01
*
*          ecc_diff  = -5.2747e-03
*          eng_diff  =  0.0000e+00
*
*
****************************************************************
*
*  mag_ecc_diff > mag_eng_diff AND within BEST_VOL AND
* 'best' has lower energy than post runs! --> swapping.
*
****************************************************************
*
*
*          - Parameters at Post 'best-swap' -
*
* Lattice parameters:
*
*             lat a  =    3.3760
*             lat b  =    4.8084
*             lat c  =    3.3794
*             alpha  =   89.1143
*             beta   =   87.6787
*             gamma  =   45.4704
*          cell vol  =   39.0706
*          cv/ortho  =    0.7122
*
* Energies:
*               ecc  = -1.2033e+00
*               eng  =  0.0000e+00
*
*
* Geometry:
*
*      packing frac  =    0.6667
*      aspect ratio  =    1.4243
*
* (dE/dV):
*                Px  =  9.5862e-03                    x-dir
*                Py  =  1.1273e-02                    y-dir
*                Pz  =  9.9381e-03                    z-dir
*
* Distances (PBC only):
*                                 min           hard           diff
*           ca1_ca1  =   1.000000e+06   2.320000e+00   9.999977e+05
*           ca1_ca2  =   1.000000e+06   1.160000e+00   9.999988e+05
*           ca1_ac1  =   2.952633e+00   2.830000e+00   1.226332e-01
*           ca1_av1  =   1.000000e+06  -1.000000e+00   1.000001e+06
*           ca1_ac2  =   1.000000e+06  -1.000000e+00   1.000001e+06
*           ca1_av2  =   1.000000e+06  -1.000000e+00   1.000001e+06
*           ca2_ca2  =   1.000000e+06   0.000000e+00   1.000000e+06
*           ca2_ac1  =   1.000000e+06   1.670000e+00   9.999983e+05
*           ca2_av1  =   1.000000e+06  -1.000000e+00   1.000001e+06
*           ca2_ac2  =   1.000000e+06  -1.000000e+00   1.000001e+06
*           ca2_av2  =   1.000000e+06  -1.000000e+00   1.000001e+06
*           ac1_ac1  =   1.000000e+06   3.340000e+00   9.999967e+05
*           ac1_av1  =   1.000000e+06  -1.000000e+00   1.000001e+06
*           ac1_ac2  =   1.000000e+06  -1.000000e+00   1.000001e+06
*           ac1_av2  =   1.000000e+06  -1.000000e+00   1.000001e+06
*           av1_av1  =   1.000000e+06  -1.000000e+00   1.000001e+06
*           av1_av2  =   1.000000e+06  -1.000000e+00   1.000001e+06
*           av2_av2  =   1.000000e+06  -1.000000e+00   1.000001e+06
*
*
*
**********************************************************************
*
*         - Final Simplex relaxation with restarts -
*
**********************************************************************
*
*
****************************************************************
*
*
*        - Simplex Minimiziation Routine -
*
*
* Note: No aspect ratio constraint.
*
*
*            n_simp  =        15                   D.O.F.
*         simp_nmax  =      4500                max moves
*       simp_errlim  =  1.00e-08
*
*
*         - Initializing simplex arrays -
*
*
*      nfunk           rtol        pf        ar     ortho             e_ion              e_ss             e_tot
*X        12     3.5872e-03   0.66764   1.40818   0.71375    -1.2038363e+00     0.0000000e+00    -1.2038363e+00
*X      2000     8.9609e-06   0.69182   1.39968   0.71936    -1.2176789e+00     0.0000000e+00    -1.2176789e+00
*
*         simp_runs  =      3653               simp moves
*              rtol  =  8.44e-09               final rtol
*
* Simplex restart no. 1 of 10
*
*         - Initializing simplex arrays -
*
*
*      nfunk           rtol        pf        ar     ortho             e_ion              e_ss             e_tot
*X        11     1.4924e+00   0.69293   1.40249   0.71935    -1.2181064e+00     0.0000000e+00    -1.2181064e+00
*X      2000     1.6760e-06   0.69352   1.40090   0.71953    -1.2184791e+00     0.0000000e+00    -1.2184791e+00
*
*         simp_runs  =      2282               simp moves
*              rtol  =  9.56e-09               final rtol
*
* Simplex restart no. 2 of 10
*
*         - Initializing simplex arrays -
*
*
*      nfunk           rtol        pf        ar     ortho             e_ion              e_ss             e_tot
*X        12     1.4867e+00   0.69353   1.40090   0.71953    -1.2184814e+00     0.0000000e+00    -1.2184814e+00
*X      2000     6.8612e-06   0.69449   1.40158   0.71815    -1.2189338e+00     0.0000000e+00    -1.2189338e+00
*
*         simp_runs  =      3694               simp moves
*              rtol  =  9.79e-09               final rtol
*
* Simplex restart no. 3 of 10
*
*         - Initializing simplex arrays -
*
*
*      nfunk           rtol        pf        ar     ortho             e_ion              e_ss             e_tot
*X        11     1.4939e+00   0.69462   1.40171   0.71794    -1.2189898e+00     0.0000000e+00    -1.2189898e+00
*
*         simp_runs  =      1493               simp moves
*              rtol  =  9.32e-09               final rtol
*
* Simplex restart no. 4 of 10
*
*         - Initializing simplex arrays -
*
*
*      nfunk           rtol        pf        ar     ortho             e_ion              e_ss             e_tot
*X        11     1.4875e+00   0.69516   1.40080   0.71748    -1.2193319e+00     0.0000000e+00    -1.2193319e+00
*
*         simp_runs  =       978               simp moves
*              rtol  =  9.88e-09               final rtol
*
* Simplex restart no. 5 of 10
*
*         - Initializing simplex arrays -
*
*
*      nfunk           rtol        pf        ar     ortho             e_ion              e_ss             e_tot
*X        11     1.4875e+00   0.69517   1.40082   0.71748    -1.2193330e+00     0.0000000e+00    -1.2193330e+00
*
*         simp_runs  =       805               simp moves
*              rtol  =  9.88e-09               final rtol
*
* Simplex restart no. 6 of 10
*
*         - Initializing simplex arrays -
*
*
*      nfunk           rtol        pf        ar     ortho             e_ion              e_ss             e_tot
*X        11     1.4875e+00   0.69517   1.40082   0.71748    -1.2193330e+00     0.0000000e+00    -1.2193330e+00
*
*         simp_runs  =       918               simp moves
*              rtol  =  8.97e-09               final rtol
*
* Simplex restart no. 7 of 10
*
*         - Initializing simplex arrays -
*
*
*      nfunk           rtol        pf        ar     ortho             e_ion              e_ss             e_tot
*X        11     1.4875e+00   0.69517   1.40082   0.71747    -1.2193332e+00     0.0000000e+00    -1.2193332e+00
*
*         simp_runs  =       795               simp moves
*              rtol  =  9.85e-09               final rtol
*
* Simplex restart no. 8 of 10
*
*         - Initializing simplex arrays -
*
*
*      nfunk           rtol        pf        ar     ortho             e_ion              e_ss             e_tot
*X        11     1.4875e+00   0.69517   1.40082   0.71747    -1.2193332e+00     0.0000000e+00    -1.2193332e+00
*
*         simp_runs  =       816               simp moves
*              rtol  =  9.87e-09               final rtol
*
* Simplex restart no. 9 of 10
*
*         - Initializing simplex arrays -
*
*
*      nfunk           rtol        pf        ar     ortho             e_ion              e_ss             e_tot
*X        11     1.4875e+00   0.69517   1.40082   0.71747    -1.2193332e+00     0.0000000e+00    -1.2193332e+00
*
*         simp_runs  =       820               simp moves
*              rtol  =  9.28e-09               final rtol
*
* Simplex restart no. 10 of 10
*
*         - Initializing simplex arrays -
*
*
*      nfunk           rtol        pf        ar     ortho             e_ion              e_ss             e_tot
*X        11     1.4875e+00   0.69517   1.40082   0.71747    -1.2193332e+00     0.0000000e+00    -1.2193332e+00
*
*         simp_runs  =       820               simp moves
*              rtol  =  9.28e-09               final rtol
*
****************************************************************
*
*          - Parameters at Post Simplex -
*
* Lattice parameters:
*
*             lat a  =    3.3419
*             lat b  =    4.6787
*             lat c  =    3.3400
*             alpha  =   89.0200
*             beta   =   87.9127
*             gamma  =   45.8894
*          cell vol  =   37.4693
*          cv/ortho  =    0.7175
*
* Energies:
*               ecc  = -1.2193e+00
*               eng  =  0.0000e+00
*
*
* Geometry:
*
*      packing frac  =    0.6952
*      aspect ratio  =    1.4008
*
* (dE/dV):
*                Px  =  1.0124e-02                    x-dir
*                Py  =  1.1762e-02                    y-dir
*                Pz  =  1.0656e-02                    z-dir
*
* Distances (PBC only):
*                                 min           hard           diff
*           ca1_ca1  =   1.000000e+06   2.320000e+00   9.999977e+05
*           ca1_ca2  =   1.000000e+06   1.160000e+00   9.999988e+05
*           ca1_ac1  =   2.830001e+00   2.830000e+00   7.042104e-07
*           ca1_av1  =   1.000000e+06  -1.000000e+00   1.000001e+06
*           ca1_ac2  =   1.000000e+06  -1.000000e+00   1.000001e+06
*           ca1_av2  =   1.000000e+06  -1.000000e+00   1.000001e+06
*           ca2_ca2  =   1.000000e+06   0.000000e+00   1.000000e+06
*           ca2_ac1  =   1.000000e+06   1.670000e+00   9.999983e+05
*           ca2_av1  =   1.000000e+06  -1.000000e+00   1.000001e+06
*           ca2_ac2  =   1.000000e+06  -1.000000e+00   1.000001e+06
*           ca2_av2  =   1.000000e+06  -1.000000e+00   1.000001e+06
*           ac1_ac1  =   1.000000e+06   3.340000e+00   9.999967e+05
*           ac1_av1  =   1.000000e+06  -1.000000e+00   1.000001e+06
*           ac1_ac2  =   1.000000e+06  -1.000000e+00   1.000001e+06
*           ac1_av2  =   1.000000e+06  -1.000000e+00   1.000001e+06
*           av1_av1  =   1.000000e+06  -1.000000e+00   1.000001e+06
*           av1_av2  =   1.000000e+06  -1.000000e+00   1.000001e+06
*           av2_av2  =   1.000000e+06  -1.000000e+00   1.000001e+06
*
*
***********************************************************
*        - Process and timing information -
*
* user time:   0 h 00 m 20.290477 s
* syst time:   0 h 00 m 00.011000 s
* signals: 0
* voluntary context switches: 7
* involuntary context switches: 20
*
***********************************************************
*SS symsearch output
*SS ( use:  | awk '($1=="*S"){print $0}' | sed 's/*S //' > temp.out )
*S Title
*S 1                 search type
*S 5.0 0.00001       displacement rms max min
*S 0.1 0.00001       strain rms max min
*S 1                 lattice input type
*S      3.34191     0.00000     0.00000
*S      3.25662     3.35932     0.00000
*S      0.12165    -0.03837     3.33756
*S 1 0 0
*S 0 1 0
*S 0 0 1
*S 2                 number of atoms
*S 11 0
*S      0.28122     0.88421     0.01830
*S      0.23380     0.40197     0.49514
*FF findsym output
*FF ( use:  | awk '($1=="*F"){print $0}' | sed 's/*F //' > temp.out )
*F Title
*F 0.001       displacement rms max min
*F 1                 lattice input type
*F      3.34191     0.00000     0.00000
*F      3.25662     3.35932     0.00000
*F      0.12165    -0.03837     3.33756
*F 1               basis vector in type
*F 1 0 0
*F 0 1 0
*F 0 0 1
*F 2                 number of atoms
*F 11 0
*F      0.28122     0.88421     0.01830
*F      0.23380     0.40197     0.49514
*DD powder output
*DD (use: | awk '($1=="*D"){print $0}' | sed 's/*D //' > temp.out )
*D 2
*D      3.34191     4.67874     3.34000
*D     89.02000    87.91270    45.88938
*D      0.28122     0.88421     0.01830        11
*D      0.23380     0.40197     0.49514         0
*PP poscar output
*PP (use: | awk '($1=="*P"){print $0}' | sed 's/*P //' > temp.out )
*P Z: 11 17 
*P 1.0 
*P      3.34190951     0.00000000     0.00000000
*P      3.25661575     3.35932101     0.00000000
*P      0.12164991    -0.03836901     3.33756335
*P 1 1 0 
*P Direct
*P       0.281223901034      0.884205947900      0.018298620791
*P       0.233797337074      0.401966828570      0.495137833570
*QQ poscar output
*QQ (use: | awk '($1=="*Q"){print $0}' | sed 's/*Q //' > temp.out )
*Q +1.000000000000 -1.000000000000 
*Q 1.0 
*Q      3.34190951     0.00000000     0.00000000
*Q      3.25661575     3.35932101     0.00000000
*Q      0.12164991    -0.03836901     3.33756335
*Q 1 1 0 
*Q Direct
*Q       0.281223901034      0.884205947900      0.018298620791
*Q       0.233797337074      0.401966828570      0.495137833570
*RR restart output
*RR (use: | awk '($1=="*R"){print $0}' | sed 's/*R //' > temp.out )
*R     3.341909510781    4.678737409586    3.340000000254
*R     1.553692177623    1.534366139075    0.800920834148
*R      1
*R      1     1
*R   -1.000000000000000   0.000000000000000
*R     0.000000000000    1.670000000000    0.000000000000    17     0
*R      1
*R      1   1.000000000000000
*R     1.160000000000    11
*R     0.281223901034    0.884205947900    0.018298620791
*R     0.233797337074    0.401966828570    0.495137833570
* XBS output
* CATION:
atom C     3.821569870    2.969629514    0.061072806
spec C     1.160000000    1.000000000    0.000000000    0.000000000
* ANION:
atom A     2.150614524    1.331337663    1.652553887
spec A     1.670000000    0.000000000    0.000000000    1.000000000
spec V     0.000000000    0.000000000    1.000000000    0.000000000
bonds A V  0.000000000    0.000000000    0.010000000    Black
* CELL PARAMETERS AND BORDER
atom 0    0.00000   0.00000   0.00000
atom 1    3.34191   0.00000   0.00000
atom 2    6.59853   3.35932   0.00000
atom 3    3.25662   3.35932   0.00000
atom 4    0.12165  -0.03837   3.33756
atom 5    3.46356  -0.03837   3.33756
atom 6    6.72018   3.32095   3.33756
atom 7    3.37827   3.32095   3.33756
spec 0     0.050000000    0.000000000    0.000000000    0.000000000
spec 1     0.050000000    0.000000000    0.000000000    0.000000000
spec 2     0.050000000    0.000000000    0.000000000    0.000000000
spec 3     0.050000000    0.000000000    0.000000000    0.000000000
spec 4     0.050000000    0.000000000    0.000000000    0.000000000
spec 5     0.050000000    0.000000000    0.000000000    0.000000000
spec 6     0.050000000    0.000000000    0.000000000    0.000000000
spec 7     0.050000000    0.000000000    0.000000000    0.000000000
bonds 0 1  3.338567601    3.345251420    0.010000000    Black
bonds 3 2  3.338567601    3.345251420    0.010000000    Black
bonds 4 5  3.338567601    3.345251420    0.010000000    Black
bonds 6 7  3.338567601    3.345251420    0.010000000    Black
bonds 1 2  4.674058672    4.683416147    0.010000000    Black
bonds 0 3  4.674058672    4.683416147    0.010000000    Black
bonds 5 6  4.674058672    4.683416147    0.010000000    Black
bonds 4 7  4.674058672    4.683416147    0.010000000    Black
bonds 0 4  3.336660000    3.343340000    0.010000000    Black
bonds 1 5  3.336660000    3.343340000    0.010000000    Black
bonds 2 6  3.336660000    3.343340000    0.010000000    Black
bonds 3 7  3.336660000    3.343340000    0.010000000    Black
inc 5.000000
dup    3.34191   0.00000   0.00000
dup    3.25662   3.35932   0.00000
dup    0.12165  -0.03837   3.33756
