*************************************************
*	pack	(version 4.12.0.5)
*	Eric Majzoub
*	Sandia National Laboratories
*************************************************
*  Source file: main.c
*  Compile date: Dec 27 2012
*  Compile time: 17:19:04
*  commandline = /projects/e20438/bin/pack-4.12.0.5/pack_exe -f ../../NaCl_pegs.in -P -R -r 300 -t 15 -g 4080 
*  input file = ../../NaCl_pegs.in
**********************************************************************
**********************************************************************
**********************************************************************
* 
*       - General run comments -
* 
* WARN: no Rotations in Metropolis (-R flag).
* WARN: all anionic charge on center atom (-P flag).
*
**********************************************************************
*           - Input parameters -
*
*           restart  =         0         1 = restart calc
*        autoadjust  =         1   automatically set temp
*          aa_using  =         1        1=rej pct, 2=pCnt
*         basin hop  =         0           number of hops
*     non_per_ewald  =         0          1=nanopart calc
*
*             lat a  =   10.0000
*             lat b  =   10.0000
*             lat c  =   10.0000
*             alpha  =    1.5708
*             beta   =    1.5708
*             gamma  =    1.5708
*          cell vol  = 1000.0000
*      sqsh vol pct  =    0.2000
* 
*          cell_min  =    1.6700              min lat vec
*          cell_max  =  167.0000              max lat vec
* 
*         n_type_an  =         1          num type anions
*            num_an  =         1           tot num anions
* 
*          num_an_1  =         1        num anions type 1
*        num_vert_1  =         1     1=sph 2=dim 5=tet...
*       an_chrg_c_1  =   -1.0000      anion center charge
*       an_chrg_v_1  =    0.0000      anion vertex charge
*     tot_an_chrg_1  =   -1.0000       total anion charge
*           Rcent_1  =    1.6700         anion center rad
*           Rvert_1  =    0.0000         anion vertex rad
*             cvd_1  =    0.0000        cent to vert dist
*           Zcent_1  =        17           anion center Z
*           Zvert_1  =         0           anion vertex Z
* 
*          num_an_2  =         0        num anions type 2
*        num_vert_2  =         0     1=sph 2=dim 5=tet...
*       an_chrg_c_2  =    0.0000      anion center charge
*       an_chrg_v_2  =    0.0000      anion vertex charge
*     tot_an_chrg_2  =    0.0000       total anion charge
*           Rcent_2  =    0.0000         anion center rad
*           Rvert_2  =    0.0000         anion vertex rad
*             cvd_2  =    0.0000        cent to vert dist
*           Zcent_2  =         0           anion center Z
*           Zvert_2  =         0           anion vertex Z
* 
*         n_type_ca  =         1            num type cats
*            num_ca  =         1          tot num cations
* 
*          num_ca_1  =         1        num cations typ 1
*         ca_chrg_1  =    1.0000        cation chrg typ 1
*            Rcat_1  =    1.1600         cation rad typ 1
*            Zcat_1  =        11           cation Z typ 1
* 
*            C2VTOL  =  1.00e-08            c2v tolerance
*            ERRLIM  =  1.00e-06
*       REP_EPSILON  =  1.00e+00        soft sphere repul
*    TRANS_FRAC_MAX  =    0.5000                    fixed
*    TRANS_FRAC_MIN  =    0.0200
*      MAX_ANG_CHNG  =    9.9695                  degrees
*    VOLUM_FRAC_MAX  =    0.0700
*         EXT_PRESS  =  0.00e+00        external pressure
*      SQSH_VOL_PCT  =    0.2000             min orth val
*        ASPECT_MAX  =   20.0000                cell parm
*            dplane  =    1.6700            min plane sep
*      SCALE_FACTOR  =    1.2500         bhop max scaling
* 
*            d.o.f.  =        12       degrees of freedom
*          runs/dof  =       300         loops per d.o.f.
*              runs  =      3600              loops per T
*               ncc  =     14400     config changes per T
*            t_runs  =        15           num temp steps
*             efunc  =         0               0=SS  1=LJ
*       N_HALT_CHNG  =        15      halts after N 100%s
*
*      anneal_sched  =         3   0=lin or exp(-run_n^n)
*         temp_init  =  1.00e+00             initial temp
*         temp_finl  =  1.00e-03               final temp
* 
*          trn_chng  =         1              0=off  1=on
*          rot_chng  =         0              0=off  1=on
*          lat_chng  =         1              0=off  1=on
*          swp_chng  =         1              0=off  1=on
* 
*     SIMP_RESTARTS  =        11     no. simplex restarts
*  SIMP_RESTARTS BH  =        21  basin hop simp restarts
*         SIMP_NMAX  =      4500        max simplex iters
*          SIMP_DEG  =    1.0000          anion start deg
*         SIMP_LAMB  =    0.0100        vertex start frac
*       SIMP_ERRLIM  =  1.00e-08              error limit
* 
*           aa runs  =      1200           config changes
*      aa runs_step  =        10   config change increase
*       aa runs_max  =      1500  max auto config changes
*         aa t_runs  =         3            num temp runs
*      aa temp_step  =    0.5000                temp step
* 
*        aa chng hi  =         3  1=trn 2=rot 3=lat 4=swp
*        aa chng lo  =         3  1=trn 2=rot 3=lat 4=swp
* 
*      aa ht_pct_hi  =     0.650             high rej pct
*      aa ht_pct_lo  =     0.600             low  rej pct
* 
*      aa lt_pct_hi  =     0.999             high rej pct
*      aa lt_pct_lo  =     0.950             low  rej pct
* 
*            tmpfile =                   PR20603-best.tmp
* 
* Checking for out of bounds fractional coords.
*
**********************************************************************
*
*          - Parameters at START -
*
* Lattice parameters:
*
*             lat a  =   10.0000
*             lat b  =   10.0000
*             lat c  =   10.0000
*             alpha  =   90.0000
*             beta   =   90.0000
*             gamma  =   90.0000
*          cell vol  = 1000.0000
*          cv/ortho  =    1.0000
*
* Energies:
*               ecc  = -1.1003e+00
*               eng  =  1.7373e+02
*
*
* Geometry:
*
*      packing frac  =    0.0260
*      aspect ratio  =    1.0000
*
* (dE/dV):
*                Px  = -1.4030e+00                    x-dir
*                Py  = -6.5497e-01                    y-dir
*                Pz  = -2.5686e-02                    z-dir
*
* Distances (PBC only):
*                                 min           hard           diff
*           ca1_ca1  =   1.000000e+06   2.320000e+00   9.999977e+05
*           ca1_ca2  =   1.000000e+06   1.160000e+00   9.999988e+05
*           ca1_ac1  =   1.841321e+00   2.830000e+00  -9.886795e-01
*           ca1_av1  =   1.000000e+06  -1.000000e+00   1.000001e+06
*           ca1_ac2  =   1.000000e+06  -1.000000e+00   1.000001e+06
*           ca1_av2  =   1.000000e+06  -1.000000e+00   1.000001e+06
*           ca2_ca2  =   1.000000e+06   0.000000e+00   1.000000e+06
*           ca2_ac1  =   1.000000e+06   1.670000e+00   9.999983e+05
*           ca2_av1  =   1.000000e+06  -1.000000e+00   1.000001e+06
*           ca2_ac2  =   1.000000e+06  -1.000000e+00   1.000001e+06
*           ca2_av2  =   1.000000e+06  -1.000000e+00   1.000001e+06
*           ac1_ac1  =   1.000000e+06   3.340000e+00   9.999967e+05
*           ac1_av1  =   1.000000e+06  -1.000000e+00   1.000001e+06
*           ac1_ac2  =   1.000000e+06  -1.000000e+00   1.000001e+06
*           ac1_av2  =   1.000000e+06  -1.000000e+00   1.000001e+06
*           av1_av1  =   1.000000e+06  -1.000000e+00   1.000001e+06
*           av1_av2  =   1.000000e+06  -1.000000e+00   1.000001e+06
*           av2_av2  =   1.000000e+06  -1.000000e+00   1.000001e+06
*
*
*
**********************************************************************
*
* ------------------------------------------------------------
*              Autoadjust high temperatrure:
* ------------------------------------------------------------
*              Autoadjusting on 3 (1=trn,2=rot,3=lat,4=swp)
*
**********************************************************************
*
*                 -- Autoadjust Metropolis Run --
*
*   autoadjust_temp_init  =  1.0000e+00
*   autoadjust_temp_step  =  5.0000e-01
*        autoadjust_runs  =        1200         configs per temp
*       autoadjust_count  =           1
*
**********************************************************************
*
* Metropolis: 3 temperature runs with these parameters:
*
*              runs  =      1200              loops per T
*               T_0  = 1.000e+00             initial temp
*               T_L  = 1.000e+00               final temp
*           T_alpha  = 8.000e+09          annealing alpha
*
*            T = T_0 * exp( -run_num**3 / T_alpha )
*
**********************************************************************
*H run      Temp       E_ion        E_ss   cel vol       SigPF       ar     ortho        pCnt          % Rejected Changes
*H                                                                                                 trn      rot      lat      swp
*T   1  1.00e+00  -5.192e-01  +0.000e+00    248.00   6.422e-02    3.769     0.393   8.390e+00    30.58     0.00     2.75     0.00
*T   2  1.00e+00  +4.380e-01  +0.000e+00   5564.87   3.451e-02    6.868     0.719   2.444e-01    32.67     0.00     1.75     0.00
*T   3  1.00e+00  -5.550e-01  +0.000e+00   2711.91   6.512e-03    6.161     0.840   1.365e-01    23.17     0.00     0.83     0.00
*
**********************************************************************
*
*                 -- AUTOADJUST [1] OUT --
*
*     target: lo % = 60.000000      hi % = 65.000000
*     Autoadjust % =  0.833333
*     Autoadjust: Lowering the temperature 5.000e-01 [a.u.]
*
**********************************************************************
*
*                 -- Autoadjust Metropolis Run --
*
*   autoadjust_temp_init  =  5.0000e-01
*   autoadjust_temp_step  =  5.0000e-01
*        autoadjust_runs  =        1210         configs per temp
*       autoadjust_count  =           2
*
**********************************************************************
*
* Metropolis: 3 temperature runs with these parameters:
*
*              runs  =      1210              loops per T
*               T_0  = 5.000e-01             initial temp
*               T_L  = 4.995e-01               final temp
*           T_alpha  = 7.996e+03          annealing alpha
*
*            T = T_0 * exp( -run_num**3 / T_alpha )
*
**********************************************************************
*H run      Temp       E_ion        E_ss   cel vol       SigPF       ar     ortho        pCnt          % Rejected Changes
*H                                                                                                 trn      rot      lat      swp
*T   1  5.00e-01  -3.738e-01  +0.000e+00   4514.95   6.202e-03    2.830     0.579   2.090e-01    24.46     0.00     2.23     0.00
*T   2  5.00e-01  -2.560e-01  +0.000e+00    532.22   2.301e-02    2.649     0.811   5.931e-01    30.00     0.00     3.55     0.00
*T   3  4.99e-01  -5.419e-01  +0.000e+00  11656.94   2.641e-02    1.413     0.428   1.884e-01    22.73     0.00     2.40     0.00
*
**********************************************************************
*
*                 -- AUTOADJUST [2] OUT --
*
*     target: lo % = 60.000000      hi % = 65.000000
*     Autoadjust % =  2.396694
*     Autoadjust: special case: (T-Tstep) = 0.000e+00 [a.u.]
*     Autoadjust: special case: ===> drop temp step to: 2.250e-01 [a.u.]
*     Autoadjust: Lowering the temperature 2.250e-01 [a.u.]
*
**********************************************************************
*
*                 -- Autoadjust Metropolis Run --
*
*   autoadjust_temp_init  =  2.7500e-01
*   autoadjust_temp_step  =  2.2500e-01
*        autoadjust_runs  =        1220         configs per temp
*       autoadjust_count  =           3
*
**********************************************************************
*
* Metropolis: 3 temperature runs with these parameters:
*
*              runs  =      1220              loops per T
*               T_0  = 2.750e-01             initial temp
*               T_L  = 2.747e-01               final temp
*           T_alpha  = 7.996e+03          annealing alpha
*
*            T = T_0 * exp( -run_num**3 / T_alpha )
*
**********************************************************************
*H run      Temp       E_ion        E_ss   cel vol       SigPF       ar     ortho        pCnt          % Rejected Changes
*H                                                                                                 trn      rot      lat      swp
*T   1  2.75e-01  -1.440e-01  +0.000e+00  30281.42   3.168e-03    2.696     0.304   2.202e-01    19.59     0.00     5.66     0.00
*T   2  2.75e-01  -6.224e-01  +0.000e+00    993.36   1.364e-02    3.723     0.245   4.666e-01    25.82     0.00     4.51     0.00
*T   3  2.75e-01  -7.622e-01  +0.000e+00    287.38   1.811e-02    2.921     0.410   6.903e-01    53.11     0.00     7.30     0.00
*
**********************************************************************
*
*                 -- AUTOADJUST [3] OUT --
*
*     target: lo % = 60.000000      hi % = 65.000000
*     Autoadjust % =  7.295082
*     Autoadjust: Lowering the temperature 2.250e-01 [a.u.]
*
**********************************************************************
*
*                 -- Autoadjust Metropolis Run --
*
*   autoadjust_temp_init  =  5.0000e-02
*   autoadjust_temp_step  =  2.2500e-01
*        autoadjust_runs  =        1230         configs per temp
*       autoadjust_count  =           4
*
**********************************************************************
*
* Metropolis: 3 temperature runs with these parameters:
*
*              runs  =      1230              loops per T
*               T_0  = 5.000e-02             initial temp
*               T_L  = 4.995e-02               final temp
*           T_alpha  = 7.996e+03          annealing alpha
*
*            T = T_0 * exp( -run_num**3 / T_alpha )
*
**********************************************************************
*H run      Temp       E_ion        E_ss   cel vol       SigPF       ar     ortho        pCnt          % Rejected Changes
*H                                                                                                 trn      rot      lat      swp
*T   1  5.00e-02  -8.479e-01  +0.000e+00    286.42   1.031e-01    1.959     0.998   2.753e+00    86.91     0.00    27.56     0.00
*T   2  5.00e-02  -8.667e-01  +0.000e+00    318.27   1.407e-01    1.405     0.890   3.670e+00    84.39     0.00    25.28     0.00
*T   3  5.00e-02  -7.583e-01  +0.000e+00    316.64   1.456e-01    1.624     0.681   2.607e+00    88.86     0.00    34.55     0.00
*
**********************************************************************
*
*                 -- AUTOADJUST [4] OUT --
*
*     target: lo % = 60.000000      hi % = 65.000000
*     Autoadjust % = 34.552846
*     Autoadjust: special case: (T-Tstep) = -1.750e-01 [a.u.]
*     Autoadjust: special case: ===> drop temp step to: 1.013e-01 [a.u.]
*     Autoadjust: special case: (T-Tstep) = -5.125e-02 [a.u.]
*     Autoadjust: special case: ===> drop temp step to: 4.556e-02 [a.u.]
*     Autoadjust: Lowering the temperature 4.556e-02 [a.u.]
*
**********************************************************************
*
*                 -- Autoadjust Metropolis Run --
*
*   autoadjust_temp_init  =  4.4375e-03
*   autoadjust_temp_step  =  4.5563e-02
*        autoadjust_runs  =        1240         configs per temp
*       autoadjust_count  =           5
*
**********************************************************************
*
* Metropolis: 3 temperature runs with these parameters:
*
*              runs  =      1240              loops per T
*               T_0  = 4.438e-03             initial temp
*               T_L  = 4.433e-03               final temp
*           T_alpha  = 7.996e+03          annealing alpha
*
*            T = T_0 * exp( -run_num**3 / T_alpha )
*
**********************************************************************
*H run      Temp       E_ion        E_ss   cel vol       SigPF       ar     ortho        pCnt          % Rejected Changes
*H                                                                                                 trn      rot      lat      swp
*T   1  4.44e-03  -1.056e+00  +0.000e+00     96.29   1.527e-01    1.460     0.453   1.166e+02    99.68     0.00    82.66     0.00
*T   2  4.44e-03  -1.053e+00  +0.000e+00    107.06   1.602e-01    1.267     0.478   2.037e+00   100.00     0.00    86.13     0.00
*T   3  4.43e-03  -1.055e+00  +0.000e+00    111.62   1.550e-01    1.292     0.449   1.750e+00   100.00     0.00    86.45     0.00
*
**********************************************************************
*
*                 -- AUTOADJUST [5] OUT --
*
*     target: lo % = 60.000000      hi % = 65.000000
*     Autoadjust % = 86.451613
*     Autoadjust: overshot! drop temp step to: 2.050e-02 [a.u.]
*     Autoadjust: Raising the temperature 2.050e-02 [a.u.]
*
**********************************************************************
*
*                 -- Autoadjust Metropolis Run --
*
*   autoadjust_temp_init  =  2.4941e-02
*   autoadjust_temp_step  =  2.0503e-02
*        autoadjust_runs  =        1250         configs per temp
*       autoadjust_count  =           6
*
**********************************************************************
*
* Metropolis: 3 temperature runs with these parameters:
*
*              runs  =      1250              loops per T
*               T_0  = 2.494e-02             initial temp
*               T_L  = 2.492e-02               final temp
*           T_alpha  = 7.996e+03          annealing alpha
*
*            T = T_0 * exp( -run_num**3 / T_alpha )
*
**********************************************************************
*H run      Temp       E_ion        E_ss   cel vol       SigPF       ar     ortho        pCnt          % Rejected Changes
*H                                                                                                 trn      rot      lat      swp
*T   1  2.49e-02  -1.061e+00  +0.000e+00     56.42   2.067e-01    1.902     0.622   5.230e+00    97.68     0.00    57.52     0.00
*T   2  2.49e-02  -1.037e+00  +0.000e+00     77.72   1.987e-01    1.383     0.774   2.879e+00    98.08     0.00    54.00     0.00
*T   3  2.49e-02  -1.006e+00  +0.000e+00     95.66   1.899e-01    2.354     0.602   4.679e+00    96.72     0.00    47.20     0.00
*
**********************************************************************
*
*                 -- AUTOADJUST [6] OUT --
*
*     target: lo % = 60.000000      hi % = 65.000000
*     Autoadjust % = 47.200000
*     Autoadjust: overshot! drop temp step to: 9.226e-03 [a.u.]
*     Autoadjust: Lowering the temperature 9.226e-03 [a.u.]
*
**********************************************************************
*
*                 -- Autoadjust Metropolis Run --
*
*   autoadjust_temp_init  =  1.5714e-02
*   autoadjust_temp_step  =  9.2264e-03
*        autoadjust_runs  =        1260         configs per temp
*       autoadjust_count  =           7
*
**********************************************************************
*
* Metropolis: 3 temperature runs with these parameters:
*
*              runs  =      1260              loops per T
*               T_0  = 1.571e-02             initial temp
*               T_L  = 1.570e-02               final temp
*           T_alpha  = 7.996e+03          annealing alpha
*
*            T = T_0 * exp( -run_num**3 / T_alpha )
*
**********************************************************************
*H run      Temp       E_ion        E_ss   cel vol       SigPF       ar     ortho        pCnt          % Rejected Changes
*H                                                                                                 trn      rot      lat      swp
*T   1  1.57e-02  -1.115e+00  +0.000e+00     56.36   2.148e-01    1.768     0.477   7.417e+00    99.44     0.00    60.48     0.00
*T   2  1.57e-02  -1.083e+00  +0.000e+00     75.14   2.489e-01    1.502     0.366   6.839e+00    99.21     0.00    62.70     0.00
*T   3  1.57e-02  -1.116e+00  +0.000e+00     58.95   2.257e-01    1.740     0.494   5.422e+00    98.97     0.00    63.73     0.00
*
**********************************************************************
*
*                 -- AUTOADJUST [7] OUT --
*
*     target: lo % = 60.000000      hi % = 65.000000
*     Autoadjust % = 63.730159
*     Autoadjust: temp = 1.571e-02  is good!  Exiting autoadjust.
*
**********************************************************************
*
* ------------------------------------------------------------
*              Autoadjust low temperatrure:
* ------------------------------------------------------------
*              Autoadjusting on 3 (1=trn,2=rot,3=lat,4=swp)
*
**********************************************************************
*
*                 -- Autoadjust Metropolis Run --
*
*   autoadjust_temp_init  =  2.0000e-02
*   autoadjust_temp_step  =  5.0000e-01
*        autoadjust_runs  =        1200         configs per temp
*       autoadjust_count  =           1
*
**********************************************************************
*
* Metropolis: 3 temperature runs with these parameters:
*
*              runs  =      1200              loops per T
*               T_0  = 2.000e-02             initial temp
*               T_L  = 2.000e-02               final temp
*           T_alpha  = 1.600e+08          annealing alpha
*
*            T = T_0 * exp( -run_num**3 / T_alpha )
*
**********************************************************************
*H run      Temp       E_ion        E_ss   cel vol       SigPF       ar     ortho        pCnt          % Rejected Changes
*H                                                                                                 trn      rot      lat      swp
*T   1  2.00e-02  -9.636e-01  +0.000e+00    103.32   1.940e-01    1.544     0.407   4.336e+00    97.17     0.00    57.92     0.00
*T   2  2.00e-02  -1.080e+00  +0.000e+00     70.87   1.444e-01    1.411     0.703   2.688e+00    97.42     0.00    55.83     0.00
*T   3  2.00e-02  -1.094e+00  +0.000e+00     55.59   2.354e-01    1.518     0.482   6.292e+00    98.58     0.00    62.58     0.00
*
**********************************************************************
*
*                 -- AUTOADJUST [1] OUT --
*
*     target: lo % = 95.000000      hi % = 99.900000
*     Autoadjust % = 62.583333
*     Autoadjust: special case: (T-Tstep) = -4.800e-01 [a.u.]
*     Autoadjust: special case: ===> drop temp step to: 2.250e-01 [a.u.]
*     Autoadjust: special case: (T-Tstep) = -2.050e-01 [a.u.]
*     Autoadjust: special case: ===> drop temp step to: 1.013e-01 [a.u.]
*     Autoadjust: special case: (T-Tstep) = -8.125e-02 [a.u.]
*     Autoadjust: special case: ===> drop temp step to: 4.556e-02 [a.u.]
*     Autoadjust: special case: (T-Tstep) = -2.556e-02 [a.u.]
*     Autoadjust: special case: ===> drop temp step to: 2.050e-02 [a.u.]
*     Autoadjust: special case: (T-Tstep) = -5.031e-04 [a.u.]
*     Autoadjust: special case: ===> drop temp step to: 9.226e-03 [a.u.]
*     Autoadjust: Lowering the temperature 9.226e-03 [a.u.]
*
**********************************************************************
*
*                 -- Autoadjust Metropolis Run --
*
*   autoadjust_temp_init  =  1.0774e-02
*   autoadjust_temp_step  =  9.2264e-03
*        autoadjust_runs  =        1210         configs per temp
*       autoadjust_count  =           2
*
**********************************************************************
*
* Metropolis: 3 temperature runs with these parameters:
*
*              runs  =      1210              loops per T
*               T_0  = 1.077e-02             initial temp
*               T_L  = 1.076e-02               final temp
*           T_alpha  = 7.996e+03          annealing alpha
*
*            T = T_0 * exp( -run_num**3 / T_alpha )
*
**********************************************************************
*H run      Temp       E_ion        E_ss   cel vol       SigPF       ar     ortho        pCnt          % Rejected Changes
*H                                                                                                 trn      rot      lat      swp
*T   1  1.08e-02  -1.135e+00  +0.000e+00     59.68   3.200e-01    1.360     0.671   1.229e+01    99.50     0.00    71.57     0.00
*T   2  1.08e-02  -1.110e+00  +0.000e+00     65.80   2.783e-01    1.760     0.653   3.078e+00    99.83     0.00    72.15     0.00
*T   3  1.08e-02  -1.127e+00  +0.000e+00     61.50   2.770e-01    1.643     0.588   3.291e+00   100.00     0.00    76.36     0.00
*
**********************************************************************
*
*                 -- AUTOADJUST [2] OUT --
*
*     target: lo % = 95.000000      hi % = 99.900000
*     Autoadjust % = 76.363636
*     Autoadjust: Lowering the temperature 9.226e-03 [a.u.]
*
**********************************************************************
*
*                 -- Autoadjust Metropolis Run --
*
*   autoadjust_temp_init  =  1.5472e-03
*   autoadjust_temp_step  =  9.2264e-03
*        autoadjust_runs  =        1220         configs per temp
*       autoadjust_count  =           3
*
**********************************************************************
*
* Metropolis: 3 temperature runs with these parameters:
*
*              runs  =      1220              loops per T
*               T_0  = 1.547e-03             initial temp
*               T_L  = 1.546e-03               final temp
*           T_alpha  = 7.996e+03          annealing alpha
*
*            T = T_0 * exp( -run_num**3 / T_alpha )
*
**********************************************************************
*H run      Temp       E_ion        E_ss   cel vol       SigPF       ar     ortho        pCnt          % Rejected Changes
*H                                                                                                 trn      rot      lat      swp
*T   1  1.55e-03  -1.156e+00  +0.000e+00     54.64   2.994e-01    1.564     0.555   3.274e+02   100.00     0.00    94.10     0.00
*T   2  1.55e-03  -1.159e+00  +0.000e+00     55.50   3.066e-01    1.596     0.569   6.771e+00    99.92     0.00    95.82     0.00
*T   3  1.55e-03  -1.160e+00  +0.000e+00     55.31   3.099e-01    1.590     0.565   2.023e+00   100.00     0.00    97.05     0.00
*
**********************************************************************
*
*                 -- AUTOADJUST [3] OUT --
*
*     target: lo % = 95.000000      hi % = 99.900000
*     Autoadjust % = 97.049180
*     Autoadjust: temp = 1.547e-03  is good!  Exiting autoadjust.
*
**********************************************************************
*
*
*          -- Initializing cell contents --
*
*
*
**********************************************************************
*
*            -- Starting Metropolis calculation --
*
*              temp_init  = 1.571e-02
*
**********************************************************************
*
* Metropolis: 15 temperature runs with these parameters:
*
*              runs  =      3600              loops per T
*               T_0  = 1.571e-02             initial temp
*               T_L  = 1.547e-03               final temp
*           T_alpha  = 1.184e+03          annealing alpha
*
*            T = T_0 * exp( -run_num**3 / T_alpha )
*
**********************************************************************
*H run      Temp       E_ion        E_ss   cel vol       SigPF       ar     ortho        pCnt          % Rejected Changes
*H                                                                                                 trn      rot      lat      swp
*M   1  1.57e-02  -1.127e+00  +0.000e+00     49.98   2.457e-01    1.391     0.744   1.006e+02    99.00     0.00    57.19     0.00
*M   2  1.57e-02  -1.118e+00  +0.000e+00     56.34   2.475e-01    1.359     0.633   6.265e+00    99.42     0.00    65.22     0.00
*M   3  1.56e-02  -1.146e+00  +0.000e+00     52.90   2.563e-01    1.561     0.455   3.942e+00    99.08     0.00    65.17     0.00
*M   4  1.54e-02  -1.054e+00  +0.000e+00     60.61   2.331e-01    2.048     0.553   1.047e+01    98.94     0.00    66.78     0.00
*M   5  1.49e-02  -1.148e+00  +0.000e+00     57.16   2.441e-01    1.714     0.418   6.787e+00    99.39     0.00    67.44     0.00
*M   6  1.41e-02  -1.104e+00  +0.000e+00     65.54   2.437e-01    1.033     0.790   4.862e+00    99.69     0.00    65.86     0.00
*M   7  1.31e-02  -1.153e+00  +0.000e+00     53.27   2.838e-01    1.139     0.781   5.763e+00    99.81     0.00    67.75     0.00
*M   8  1.18e-02  -1.130e+00  +0.000e+00     57.65   2.596e-01    1.280     0.832   1.097e+01    99.64     0.00    71.42     0.00
*M   9  1.02e-02  -1.150e+00  +0.000e+00     54.81   2.914e-01    1.187     0.688   4.873e+00    99.86     0.00    74.97     0.00
*M  10  8.49e-03  -1.156e+00  +0.000e+00     54.75   3.051e-01    1.091     0.741   2.925e+00    99.92     0.00    79.94     0.00
*M  11  6.75e-03  -1.189e+00  +0.000e+00     52.99   3.004e-01    1.094     0.763   3.543e+00    99.89     0.00    83.89     0.00
*M  12  5.10e-03  -1.143e+00  +0.000e+00     57.80   2.978e-01    1.189     0.669   2.886e+00   100.00     0.00    87.69     0.00
*M  13  3.65e-03  -1.184e+00  +0.000e+00     52.90   3.013e-01    1.170     0.754   4.153e+00   100.00     0.00    89.89     0.00
*M  14  2.46e-03  -1.190e+00  +0.000e+00     52.09   3.189e-01    1.158     0.761   3.977e+00   100.00     0.00    93.44     0.00
*M  15  1.55e-03  -1.179e+00  +0.000e+00     53.66   3.250e-01    1.206     0.768   7.159e+00   100.00     0.00    96.19     0.00
*
**********************************************************************
*
*
*          - Parameters at Post Ewald-Metro -
*
* Lattice parameters:
*
*             lat a  =    4.4620
*             lat b  =    4.2339
*             lat c  =    3.7000
*             alpha  =   89.0639
*             beta   =   62.6728
*             gamma  =   62.9776
*          cell vol  =   53.6615
*          cv/ortho  =    0.7677
*
* Energies:
*               ecc  = -1.1785e+00
*               eng  =  0.0000e+00
*
*
* Geometry:
*
*      packing frac  =    0.4854
*      aspect ratio  =    1.2059
*
* (dE/dV):
*                Px  =  5.1647e-03                    x-dir
*                Py  =  1.1435e-02                    y-dir
*                Pz  =  5.3627e-03                    z-dir
*
* Distances (PBC only):
*                                 min           hard           diff
*           ca1_ca1  =   1.000000e+06   2.320000e+00   9.999977e+05
*           ca1_ca2  =   1.000000e+06   1.160000e+00   9.999988e+05
*           ca1_ac1  =   2.909239e+00   2.830000e+00   7.923907e-02
*           ca1_av1  =   1.000000e+06  -1.000000e+00   1.000001e+06
*           ca1_ac2  =   1.000000e+06  -1.000000e+00   1.000001e+06
*           ca1_av2  =   1.000000e+06  -1.000000e+00   1.000001e+06
*           ca2_ca2  =   1.000000e+06   0.000000e+00   1.000000e+06
*           ca2_ac1  =   1.000000e+06   1.670000e+00   9.999983e+05
*           ca2_av1  =   1.000000e+06  -1.000000e+00   1.000001e+06
*           ca2_ac2  =   1.000000e+06  -1.000000e+00   1.000001e+06
*           ca2_av2  =   1.000000e+06  -1.000000e+00   1.000001e+06
*           ac1_ac1  =   1.000000e+06   3.340000e+00   9.999967e+05
*           ac1_av1  =   1.000000e+06  -1.000000e+00   1.000001e+06
*           ac1_ac2  =   1.000000e+06  -1.000000e+00   1.000001e+06
*           ac1_av2  =   1.000000e+06  -1.000000e+00   1.000001e+06
*           av1_av1  =   1.000000e+06  -1.000000e+00   1.000001e+06
*           av1_av2  =   1.000000e+06  -1.000000e+00   1.000001e+06
*           av2_av2  =   1.000000e+06  -1.000000e+00   1.000001e+06
*
*
*
**********************************************************************
*
*         - Comparing with 'best' structure -
*
****************************************************************
*
*          best ecc  = -1.2085e+00
*          best eng  =  0.0000e+00
*           ecc+eng  = -1.2085e+00
*          best vol  =  4.7657e+01
*           best pf  =  5.4656e-01
*
*     post_runs ecc  = -1.1785e+00
*     post_runs eng  =  0.0000e+00
*           ecc+eng  = -1.1785e+00
*     post_runs vol  =  5.3661e+01
*      post_runs pf  =  4.8540e-01
*
*       dV / V_runs  =  1.1189e-01
*
*          ecc_diff  = -2.9972e-02
*          eng_diff  =  0.0000e+00
*
*
****************************************************************
*
*  mag_ecc_diff > mag_eng_diff AND within BEST_VOL AND
* 'best' has lower energy than post runs! --> swapping.
*
****************************************************************
*
*
*          - Parameters at Post 'best-swap' -
*
* Lattice parameters:
*
*             lat a  =    3.9908
*             lat b  =    3.8254
*             lat c  =    4.2076
*             alpha  =   89.6633
*             beta   =   57.6263
*             gamma  =  113.6023
*          cell vol  =   47.6570
*          cv/ortho  =    0.7419
*
* Energies:
*               ecc  = -1.2085e+00
*               eng  =  0.0000e+00
*
*
* Geometry:
*
*      packing frac  =    0.5466
*      aspect ratio  =    1.0999
*
* (dE/dV):
*                Px  =  6.7241e-03                    x-dir
*                Py  =  8.1139e-03                    y-dir
*                Pz  =  1.0520e-02                    z-dir
*
* Distances (PBC only):
*                                 min           hard           diff
*           ca1_ca1  =   1.000000e+06   2.320000e+00   9.999977e+05
*           ca1_ca2  =   1.000000e+06   1.160000e+00   9.999988e+05
*           ca1_ac1  =   2.841562e+00   2.830000e+00   1.156213e-02
*           ca1_av1  =   1.000000e+06  -1.000000e+00   1.000001e+06
*           ca1_ac2  =   1.000000e+06  -1.000000e+00   1.000001e+06
*           ca1_av2  =   1.000000e+06  -1.000000e+00   1.000001e+06
*           ca2_ca2  =   1.000000e+06   0.000000e+00   1.000000e+06
*           ca2_ac1  =   1.000000e+06   1.670000e+00   9.999983e+05
*           ca2_av1  =   1.000000e+06  -1.000000e+00   1.000001e+06
*           ca2_ac2  =   1.000000e+06  -1.000000e+00   1.000001e+06
*           ca2_av2  =   1.000000e+06  -1.000000e+00   1.000001e+06
*           ac1_ac1  =   1.000000e+06   3.340000e+00   9.999967e+05
*           ac1_av1  =   1.000000e+06  -1.000000e+00   1.000001e+06
*           ac1_ac2  =   1.000000e+06  -1.000000e+00   1.000001e+06
*           ac1_av2  =   1.000000e+06  -1.000000e+00   1.000001e+06
*           av1_av1  =   1.000000e+06  -1.000000e+00   1.000001e+06
*           av1_av2  =   1.000000e+06  -1.000000e+00   1.000001e+06
*           av2_av2  =   1.000000e+06  -1.000000e+00   1.000001e+06
*
*
*
**********************************************************************
*
*         - Final Simplex relaxation with restarts -
*
**********************************************************************
*
*
****************************************************************
*
*
*        - Simplex Minimiziation Routine -
*
*
* Note: No aspect ratio constraint.
*
*
*            n_simp  =        15                   D.O.F.
*         simp_nmax  =      4500                max moves
*       simp_errlim  =  1.00e-08
*
*
*         - Initializing simplex arrays -
*
*
*      nfunk           rtol        pf        ar     ortho             e_ion              e_ss             e_tot
*X        12     1.4876e+00   0.54656   1.09992   0.74192    -1.2085132e+00     0.0000000e+00    -1.2085132e+00
*X      2001     2.7109e-05   0.56565   1.08157   0.71185    -1.2237253e+00     0.0000000e+00    -1.2237253e+00
*
*         simp_runs  =      3747               simp moves
*              rtol  =  9.90e-09               final rtol
*
* Simplex restart no. 1 of 10
*
*         - Initializing simplex arrays -
*
*
*      nfunk           rtol        pf        ar     ortho             e_ion              e_ss             e_tot
*X        12     1.4728e+00   0.56588   1.08118   0.71125    -1.2238896e+00     0.0000000e+00    -1.2238896e+00
*
*         simp_runs  =      1591               simp moves
*              rtol  =  9.75e-09               final rtol
*
* Simplex restart no. 2 of 10
*
*         - Initializing simplex arrays -
*
*
*      nfunk           rtol        pf        ar     ortho             e_ion              e_ss             e_tot
*X        11     1.5848e+00   0.56822   1.07163   0.70966    -1.2263216e+00     0.0000000e+00    -1.2263216e+00
*X      2000     3.7831e-08   0.57110   1.07608   0.70144    -1.2280664e+00     0.0000000e+00    -1.2280664e+00
*
*         simp_runs  =      2516               simp moves
*              rtol  =  9.43e-09               final rtol
*
* Simplex restart no. 3 of 10
*
*         - Initializing simplex arrays -
*
*
*      nfunk           rtol        pf        ar     ortho             e_ion              e_ss             e_tot
*X        12     1.5237e+00   0.57113   1.07625   0.70122    -1.2280739e+00     0.0000000e+00    -1.2280739e+00
*X      2000     2.6340e-05   0.57516   1.05383   0.70624    -1.2330652e+00     0.0000000e+00    -1.2330652e+00
*
*         simp_runs  =      3183               simp moves
*              rtol  =  9.33e-09               final rtol
*
* Simplex restart no. 4 of 10
*
*         - Initializing simplex arrays -
*
*
*      nfunk           rtol        pf        ar     ortho             e_ion              e_ss             e_tot
*X        11     1.5725e+00   0.57534   1.05346   0.70723    -1.2332725e+00     0.0000000e+00    -1.2332725e+00
*X      2001     7.4342e-08   0.57575   1.05303   0.70646    -1.2335928e+00     0.0000000e+00    -1.2335928e+00
*
*         simp_runs  =      3422               simp moves
*              rtol  =  9.10e-09               final rtol
*
* Simplex restart no. 5 of 10
*
*         - Initializing simplex arrays -
*
*
*      nfunk           rtol        pf        ar     ortho             e_ion              e_ss             e_tot
*X        12     1.5124e+00   0.57576   1.05300   0.70643    -1.2336084e+00     0.0000000e+00    -1.2336084e+00
*X      2000     1.6102e-07   0.57602   1.05321   0.70639    -1.2337340e+00     0.0000000e+00    -1.2337340e+00
*
*         simp_runs  =      2487               simp moves
*              rtol  =  9.38e-09               final rtol
*
* Simplex restart no. 6 of 10
*
*         - Initializing simplex arrays -
*
*
*      nfunk           rtol        pf        ar     ortho             e_ion              e_ss             e_tot
*X        11     1.5714e+00   0.57603   1.05321   0.70639    -1.2337360e+00     0.0000000e+00    -1.2337360e+00
*
*         simp_runs  =      1334               simp moves
*              rtol  =  9.75e-09               final rtol
*
* Simplex restart no. 7 of 10
*
*         - Initializing simplex arrays -
*
*
*      nfunk           rtol        pf        ar     ortho             e_ion              e_ss             e_tot
*X        11     1.5714e+00   0.57604   1.05321   0.70647    -1.2337410e+00     0.0000000e+00    -1.2337410e+00
*
*         simp_runs  =       845               simp moves
*              rtol  =  9.81e-09               final rtol
*
* Simplex restart no. 8 of 10
*
*         - Initializing simplex arrays -
*
*
*      nfunk           rtol        pf        ar     ortho             e_ion              e_ss             e_tot
*X        11     1.5714e+00   0.57604   1.05321   0.70647    -1.2337412e+00     0.0000000e+00    -1.2337412e+00
*
*         simp_runs  =       857               simp moves
*              rtol  =  9.78e-09               final rtol
*
* Simplex restart no. 9 of 10
*
*         - Initializing simplex arrays -
*
*
*      nfunk           rtol        pf        ar     ortho             e_ion              e_ss             e_tot
*X        11     1.5714e+00   0.57604   1.05321   0.70647    -1.2337412e+00     0.0000000e+00    -1.2337412e+00
*
*         simp_runs  =       898               simp moves
*              rtol  =  9.96e-09               final rtol
*
* Simplex restart no. 10 of 10
*
*         - Initializing simplex arrays -
*
*
*      nfunk           rtol        pf        ar     ortho             e_ion              e_ss             e_tot
*X        11     1.5714e+00   0.57604   1.05321   0.70647    -1.2337412e+00     0.0000000e+00    -1.2337412e+00
*
*         simp_runs  =       867               simp moves
*              rtol  =  9.87e-09               final rtol
*
****************************************************************
*
*          - Parameters at Post Simplex -
*
* Lattice parameters:
*
*             lat a  =    4.0012
*             lat b  =    3.8972
*             lat c  =    4.1046
*             alpha  =   89.9998
*             beta   =   57.5432
*             gamma  =  117.4776
*          cell vol  =   45.2178
*          cv/ortho  =    0.7065
*
* Energies:
*               ecc  = -1.2337e+00
*               eng  =  0.0000e+00
*
*
* Geometry:
*
*      packing frac  =    0.5760
*      aspect ratio  =    1.0532
*
* (dE/dV):
*                Px  =  9.1824e-03                    x-dir
*                Py  =  8.5105e-03                    y-dir
*                Pz  =  1.0000e+04                    z-dir
*
* Distances (PBC only):
*                                 min           hard           diff
*           ca1_ca1  =   1.000000e+06   2.320000e+00   9.999977e+05
*           ca1_ca2  =   1.000000e+06   1.160000e+00   9.999988e+05
*           ca1_ac1  =   2.830000e+00   2.830000e+00   9.603099e-09
*           ca1_av1  =   1.000000e+06  -1.000000e+00   1.000001e+06
*           ca1_ac2  =   1.000000e+06  -1.000000e+00   1.000001e+06
*           ca1_av2  =   1.000000e+06  -1.000000e+00   1.000001e+06
*           ca2_ca2  =   1.000000e+06   0.000000e+00   1.000000e+06
*           ca2_ac1  =   1.000000e+06   1.670000e+00   9.999983e+05
*           ca2_av1  =   1.000000e+06  -1.000000e+00   1.000001e+06
*           ca2_ac2  =   1.000000e+06  -1.000000e+00   1.000001e+06
*           ca2_av2  =   1.000000e+06  -1.000000e+00   1.000001e+06
*           ac1_ac1  =   1.000000e+06   3.340000e+00   9.999967e+05
*           ac1_av1  =   1.000000e+06  -1.000000e+00   1.000001e+06
*           ac1_ac2  =   1.000000e+06  -1.000000e+00   1.000001e+06
*           ac1_av2  =   1.000000e+06  -1.000000e+00   1.000001e+06
*           av1_av1  =   1.000000e+06  -1.000000e+00   1.000001e+06
*           av1_av2  =   1.000000e+06  -1.000000e+00   1.000001e+06
*           av2_av2  =   1.000000e+06  -1.000000e+00   1.000001e+06
*
*
***********************************************************
*        - Process and timing information -
*
* user time:   0 h 00 m 11.999498 s
* syst time:   0 h 00 m 00.018997 s
* signals: 0
* voluntary context switches: 7
* involuntary context switches: 12
*
***********************************************************
*SS symsearch output
*SS ( use:  | awk '($1=="*S"){print $0}' | sed 's/*S //' > temp.out )
*S Title
*S 1                 search type
*S 5.0 0.00001       displacement rms max min
*S 0.1 0.00001       strain rms max min
*S 1                 lattice input type
*S      4.00125     0.00000     0.00000
*S     -1.79817     3.45756     0.00000
*S      2.20278     1.14562     3.26847
*S 1 0 0
*S 0 1 0
*S 0 0 1
*S 2                 number of atoms
*S 11 0
*S      0.93207     0.22339     0.32128
*S      0.93214     0.72342     0.82124
*FF findsym output
*FF ( use:  | awk '($1=="*F"){print $0}' | sed 's/*F //' > temp.out )
*F Title
*F 0.001       displacement rms max min
*F 1                 lattice input type
*F      4.00125     0.00000     0.00000
*F     -1.79817     3.45756     0.00000
*F      2.20278     1.14562     3.26847
*F 1               basis vector in type
*F 1 0 0
*F 0 1 0
*F 0 0 1
*F 2                 number of atoms
*F 11 0
*F      0.93207     0.22339     0.32128
*F      0.93214     0.72342     0.82124
*DD powder output
*DD (use: | awk '($1=="*D"){print $0}' | sed 's/*D //' > temp.out )
*D 2
*D      4.00125     3.89719     4.10458
*D     89.99981    57.54319   117.47761
*D      0.93207     0.22339     0.32128        11
*D      0.93214     0.72342     0.82124         0
*PP poscar output
*PP (use: | awk '($1=="*P"){print $0}' | sed 's/*P //' > temp.out )
*P Z: 11 17 
*P 1.0 
*P      4.00124602     0.00000000     0.00000000
*P     -1.79817315     3.45755639     0.00000000
*P      2.20277965     1.14561591     3.26847181
*P 1 1 0 
*P Direct
*P       0.932065783526      0.223390632321      0.321276608222
*P       0.932139362991      0.723423764782      0.821236560764
*QQ poscar output
*QQ (use: | awk '($1=="*Q"){print $0}' | sed 's/*Q //' > temp.out )
*Q +1.000000000000 -1.000000000000 
*Q 1.0 
*Q      4.00124602     0.00000000     0.00000000
*Q     -1.79817315     3.45755639     0.00000000
*Q      2.20277965     1.14561591     3.26847181
*Q 1 1 0 
*Q Direct
*Q       0.932065783526      0.223390632321      0.321276608222
*Q       0.932139362991      0.723423764782      0.821236560764
*RR restart output
*RR (use: | awk '($1=="*R"){print $0}' | sed 's/*R //' > temp.out )
*R     4.001246022069    3.897194228108    4.104580608897
*R     1.570793051620    1.004318059737    2.050371127084
*R      1
*R      1     1
*R   -1.000000000000000   0.000000000000000
*R     0.000000000000    1.670000000000    0.000000000000    17     0
*R      1
*R      1   1.000000000000000
*R     1.160000000000    11
*R     0.932065783526    0.223390632321    0.321276608222
*R     0.932139362991    0.723423764782    0.821236560764
* XBS output
* CATION:
atom C     4.035431048    1.140445303    1.050083536
spec C     1.160000000    1.000000000    0.000000000    0.000000000
* ANION:
atom A     4.237880917    3.442100132    2.684188545
spec A     1.670000000    0.000000000    0.000000000    1.000000000
spec V     0.000000000    0.000000000    1.000000000    0.000000000
bonds A V  0.000000000    0.000000000    0.010000000    Black
* CELL PARAMETERS AND BORDER
atom 0    0.00000   0.00000   0.00000
atom 1    4.00125   0.00000   0.00000
atom 2    2.20307   3.45756   0.00000
atom 3   -1.79817   3.45756   0.00000
atom 4    2.20278   1.14562   3.26847
atom 5    6.20403   1.14562   3.26847
atom 6    4.40585   4.60317   3.26847
atom 7    0.40461   4.60317   3.26847
spec 0     0.050000000    0.000000000    0.000000000    0.000000000
spec 1     0.050000000    0.000000000    0.000000000    0.000000000
spec 2     0.050000000    0.000000000    0.000000000    0.000000000
spec 3     0.050000000    0.000000000    0.000000000    0.000000000
spec 4     0.050000000    0.000000000    0.000000000    0.000000000
spec 5     0.050000000    0.000000000    0.000000000    0.000000000
spec 6     0.050000000    0.000000000    0.000000000    0.000000000
spec 7     0.050000000    0.000000000    0.000000000    0.000000000
bonds 0 1  3.997244776    4.005247268    0.010000000    Black
bonds 3 2  3.997244776    4.005247268    0.010000000    Black
bonds 4 5  3.997244776    4.005247268    0.010000000    Black
bonds 6 7  3.997244776    4.005247268    0.010000000    Black
bonds 1 2  3.893297034    3.901091422    0.010000000    Black
bonds 0 3  3.893297034    3.901091422    0.010000000    Black
bonds 5 6  3.893297034    3.901091422    0.010000000    Black
bonds 4 7  3.893297034    3.901091422    0.010000000    Black
bonds 0 4  4.100476028    4.108685190    0.010000000    Black
bonds 1 5  4.100476028    4.108685190    0.010000000    Black
bonds 2 6  4.100476028    4.108685190    0.010000000    Black
bonds 3 7  4.100476028    4.108685190    0.010000000    Black
inc 5.000000
dup    4.00125   0.00000   0.00000
dup   -1.79817   3.45756   0.00000
dup    2.20278   1.14562   3.26847
