*************************************************
*	pack	(version 4.12.0.5)
*	Eric Majzoub
*	Sandia National Laboratories
*************************************************
*  Source file: main.c
*  Compile date: Dec 27 2012
*  Compile time: 17:19:04
*  commandline = /projects/e20438/bin/pack-4.12.0.5/pack_exe -f ../../NaCl_pegs.in -P -R -r 400 -t 20 -g 26379 
*  input file = ../../NaCl_pegs.in
**********************************************************************
**********************************************************************
**********************************************************************
* 
*       - General run comments -
* 
* WARN: no Rotations in Metropolis (-R flag).
* WARN: all anionic charge on center atom (-P flag).
*
**********************************************************************
*           - Input parameters -
*
*           restart  =         0         1 = restart calc
*        autoadjust  =         1   automatically set temp
*          aa_using  =         1        1=rej pct, 2=pCnt
*         basin hop  =         0           number of hops
*     non_per_ewald  =         0          1=nanopart calc
*
*             lat a  =   10.0000
*             lat b  =   10.0000
*             lat c  =   10.0000
*             alpha  =    1.5708
*             beta   =    1.5708
*             gamma  =    1.5708
*          cell vol  = 1000.0000
*      sqsh vol pct  =    0.2000
* 
*          cell_min  =    1.6700              min lat vec
*          cell_max  =  167.0000              max lat vec
* 
*         n_type_an  =         1          num type anions
*            num_an  =         1           tot num anions
* 
*          num_an_1  =         1        num anions type 1
*        num_vert_1  =         1     1=sph 2=dim 5=tet...
*       an_chrg_c_1  =   -1.0000      anion center charge
*       an_chrg_v_1  =    0.0000      anion vertex charge
*     tot_an_chrg_1  =   -1.0000       total anion charge
*           Rcent_1  =    1.6700         anion center rad
*           Rvert_1  =    0.0000         anion vertex rad
*             cvd_1  =    0.0000        cent to vert dist
*           Zcent_1  =        17           anion center Z
*           Zvert_1  =         0           anion vertex Z
* 
*          num_an_2  =         0        num anions type 2
*        num_vert_2  =         0     1=sph 2=dim 5=tet...
*       an_chrg_c_2  =    0.0000      anion center charge
*       an_chrg_v_2  =    0.0000      anion vertex charge
*     tot_an_chrg_2  =    0.0000       total anion charge
*           Rcent_2  =    0.0000         anion center rad
*           Rvert_2  =    0.0000         anion vertex rad
*             cvd_2  =    0.0000        cent to vert dist
*           Zcent_2  =         0           anion center Z
*           Zvert_2  =         0           anion vertex Z
* 
*         n_type_ca  =         1            num type cats
*            num_ca  =         1          tot num cations
* 
*          num_ca_1  =         1        num cations typ 1
*         ca_chrg_1  =    1.0000        cation chrg typ 1
*            Rcat_1  =    1.1600         cation rad typ 1
*            Zcat_1  =        11           cation Z typ 1
* 
*            C2VTOL  =  1.00e-08            c2v tolerance
*            ERRLIM  =  1.00e-06
*       REP_EPSILON  =  1.00e+00        soft sphere repul
*    TRANS_FRAC_MAX  =    0.5000                    fixed
*    TRANS_FRAC_MIN  =    0.0200
*      MAX_ANG_CHNG  =    9.9695                  degrees
*    VOLUM_FRAC_MAX  =    0.0700
*         EXT_PRESS  =  0.00e+00        external pressure
*      SQSH_VOL_PCT  =    0.2000             min orth val
*        ASPECT_MAX  =   20.0000                cell parm
*            dplane  =    1.6700            min plane sep
*      SCALE_FACTOR  =    1.2500         bhop max scaling
* 
*            d.o.f.  =        12       degrees of freedom
*          runs/dof  =       400         loops per d.o.f.
*              runs  =      4800              loops per T
*               ncc  =     19200     config changes per T
*            t_runs  =        20           num temp steps
*             efunc  =         0               0=SS  1=LJ
*       N_HALT_CHNG  =        15      halts after N 100%s
*
*      anneal_sched  =         3   0=lin or exp(-run_n^n)
*         temp_init  =  1.00e+00             initial temp
*         temp_finl  =  1.00e-03               final temp
* 
*          trn_chng  =         1              0=off  1=on
*          rot_chng  =         0              0=off  1=on
*          lat_chng  =         1              0=off  1=on
*          swp_chng  =         1              0=off  1=on
* 
*     SIMP_RESTARTS  =        11     no. simplex restarts
*  SIMP_RESTARTS BH  =        21  basin hop simp restarts
*         SIMP_NMAX  =      4500        max simplex iters
*          SIMP_DEG  =    1.0000          anion start deg
*         SIMP_LAMB  =    0.0100        vertex start frac
*       SIMP_ERRLIM  =  1.00e-08              error limit
* 
*           aa runs  =      1200           config changes
*      aa runs_step  =        10   config change increase
*       aa runs_max  =      1500  max auto config changes
*         aa t_runs  =         3            num temp runs
*      aa temp_step  =    0.5000                temp step
* 
*        aa chng hi  =         3  1=trn 2=rot 3=lat 4=swp
*        aa chng lo  =         3  1=trn 2=rot 3=lat 4=swp
* 
*      aa ht_pct_hi  =     0.650             high rej pct
*      aa ht_pct_lo  =     0.600             low  rej pct
* 
*      aa lt_pct_hi  =     0.999             high rej pct
*      aa lt_pct_lo  =     0.950             low  rej pct
* 
*            tmpfile =                   PR19901-best.tmp
* 
* Checking for out of bounds fractional coords.
*
**********************************************************************
*
*          - Parameters at START -
*
* Lattice parameters:
*
*             lat a  =   10.0000
*             lat b  =   10.0000
*             lat c  =   10.0000
*             alpha  =   90.0000
*             beta   =   90.0000
*             gamma  =   90.0000
*          cell vol  = 1000.0000
*          cv/ortho  =    1.0000
*
* Energies:
*               ecc  = -5.6759e-01
*               eng  =  0.0000e+00
*
*
* Geometry:
*
*      packing frac  =    0.0260
*      aspect ratio  =    1.0000
*
* (dE/dV):
*                Px  =  1.8167e-04                    x-dir
*                Py  =  1.5944e-04                    y-dir
*                Pz  =  2.2647e-04                    z-dir
*
* Distances (PBC only):
*                                 min           hard           diff
*           ca1_ca1  =   1.000000e+06   2.320000e+00   9.999977e+05
*           ca1_ca2  =   1.000000e+06   1.160000e+00   9.999988e+05
*           ca1_ac1  =   3.903062e+00   2.830000e+00   1.073062e+00
*           ca1_av1  =   1.000000e+06  -1.000000e+00   1.000001e+06
*           ca1_ac2  =   1.000000e+06  -1.000000e+00   1.000001e+06
*           ca1_av2  =   1.000000e+06  -1.000000e+00   1.000001e+06
*           ca2_ca2  =   1.000000e+06   0.000000e+00   1.000000e+06
*           ca2_ac1  =   1.000000e+06   1.670000e+00   9.999983e+05
*           ca2_av1  =   1.000000e+06  -1.000000e+00   1.000001e+06
*           ca2_ac2  =   1.000000e+06  -1.000000e+00   1.000001e+06
*           ca2_av2  =   1.000000e+06  -1.000000e+00   1.000001e+06
*           ac1_ac1  =   1.000000e+06   3.340000e+00   9.999967e+05
*           ac1_av1  =   1.000000e+06  -1.000000e+00   1.000001e+06
*           ac1_ac2  =   1.000000e+06  -1.000000e+00   1.000001e+06
*           ac1_av2  =   1.000000e+06  -1.000000e+00   1.000001e+06
*           av1_av1  =   1.000000e+06  -1.000000e+00   1.000001e+06
*           av1_av2  =   1.000000e+06  -1.000000e+00   1.000001e+06
*           av2_av2  =   1.000000e+06  -1.000000e+00   1.000001e+06
*
*
*
**********************************************************************
*
* ------------------------------------------------------------
*              Autoadjust high temperatrure:
* ------------------------------------------------------------
*              Autoadjusting on 3 (1=trn,2=rot,3=lat,4=swp)
*
**********************************************************************
*
*                 -- Autoadjust Metropolis Run --
*
*   autoadjust_temp_init  =  1.0000e+00
*   autoadjust_temp_step  =  5.0000e-01
*        autoadjust_runs  =        1200         configs per temp
*       autoadjust_count  =           1
*
**********************************************************************
*
* Metropolis: 3 temperature runs with these parameters:
*
*              runs  =      1200              loops per T
*               T_0  = 1.000e+00             initial temp
*               T_L  = 1.000e+00               final temp
*           T_alpha  = 8.000e+09          annealing alpha
*
*            T = T_0 * exp( -run_num**3 / T_alpha )
*
**********************************************************************
*H run      Temp       E_ion        E_ss   cel vol       SigPF       ar     ortho        pCnt          % Rejected Changes
*H                                                                                                 trn      rot      lat      swp
*T   1  1.00e+00  -3.420e-01  +0.000e+00    454.83   8.563e-02    2.486     0.824   2.314e-01    38.33     0.00     4.83     0.00
*T   2  1.00e+00  -6.615e-01  +0.000e+00    159.90   5.577e-02    3.306     0.605   1.908e-01    42.75     0.00     4.58     0.00
*T   3  1.00e+00  +1.737e-01  +0.000e+00    652.98   6.519e-02    2.911     0.805   1.613e-01    34.33     0.00     3.58     0.00
*
**********************************************************************
*
*                 -- AUTOADJUST [1] OUT --
*
*     target: lo % = 60.000000      hi % = 65.000000
*     Autoadjust % =  3.583333
*     Autoadjust: Lowering the temperature 5.000e-01 [a.u.]
*
**********************************************************************
*
*                 -- Autoadjust Metropolis Run --
*
*   autoadjust_temp_init  =  5.0000e-01
*   autoadjust_temp_step  =  5.0000e-01
*        autoadjust_runs  =        1210         configs per temp
*       autoadjust_count  =           2
*
**********************************************************************
*
* Metropolis: 3 temperature runs with these parameters:
*
*              runs  =      1210              loops per T
*               T_0  = 5.000e-01             initial temp
*               T_L  = 4.995e-01               final temp
*           T_alpha  = 7.996e+03          annealing alpha
*
*            T = T_0 * exp( -run_num**3 / T_alpha )
*
**********************************************************************
*H run      Temp       E_ion        E_ss   cel vol       SigPF       ar     ortho        pCnt          % Rejected Changes
*H                                                                                                 trn      rot      lat      swp
*T   1  5.00e-01  -8.855e-01  +0.000e+00    208.11   6.716e-02    1.594     0.615   5.680e-01    48.60     0.00     4.71     0.00
*T   2  5.00e-01  -8.315e-01  +0.000e+00    116.09   6.724e-02    3.158     0.478   3.327e-01    56.12     0.00     7.93     0.00
*T   3  4.99e-01  -7.874e-01  +0.000e+00    129.79   8.496e-02    1.730     0.838   1.272e-01    65.79     0.00     9.42     0.00
*
**********************************************************************
*
*                 -- AUTOADJUST [2] OUT --
*
*     target: lo % = 60.000000      hi % = 65.000000
*     Autoadjust % =  9.421488
*     Autoadjust: special case: (T-Tstep) = 0.000e+00 [a.u.]
*     Autoadjust: special case: ===> drop temp step to: 2.250e-01 [a.u.]
*     Autoadjust: Lowering the temperature 2.250e-01 [a.u.]
*
**********************************************************************
*
*                 -- Autoadjust Metropolis Run --
*
*   autoadjust_temp_init  =  2.7500e-01
*   autoadjust_temp_step  =  2.2500e-01
*        autoadjust_runs  =        1220         configs per temp
*       autoadjust_count  =           3
*
**********************************************************************
*
* Metropolis: 3 temperature runs with these parameters:
*
*              runs  =      1220              loops per T
*               T_0  = 2.750e-01             initial temp
*               T_L  = 2.747e-01               final temp
*           T_alpha  = 7.996e+03          annealing alpha
*
*            T = T_0 * exp( -run_num**3 / T_alpha )
*
**********************************************************************
*H run      Temp       E_ion        E_ss   cel vol       SigPF       ar     ortho        pCnt          % Rejected Changes
*H                                                                                                 trn      rot      lat      swp
*T   1  2.75e-01  -6.354e-01  +0.000e+00    371.11   9.633e-02    1.821     0.381   1.380e-01    67.87     0.00    11.56     0.00
*T   2  2.75e-01  -9.291e-01  +0.000e+00    224.06   4.843e-02    1.452     0.338   2.246e-01    45.90     0.00     6.07     0.00
*T   3  2.75e-01  -5.947e-01  +0.000e+00    464.00   3.575e-02    1.869     0.536   3.769e-01    28.85     0.00     4.43     0.00
*
**********************************************************************
*
*                 -- AUTOADJUST [3] OUT --
*
*     target: lo % = 60.000000      hi % = 65.000000
*     Autoadjust % =  4.426230
*     Autoadjust: Lowering the temperature 2.250e-01 [a.u.]
*
**********************************************************************
*
*                 -- Autoadjust Metropolis Run --
*
*   autoadjust_temp_init  =  5.0000e-02
*   autoadjust_temp_step  =  2.2500e-01
*        autoadjust_runs  =        1230         configs per temp
*       autoadjust_count  =           4
*
**********************************************************************
*
* Metropolis: 3 temperature runs with these parameters:
*
*              runs  =      1230              loops per T
*               T_0  = 5.000e-02             initial temp
*               T_L  = 4.995e-02               final temp
*           T_alpha  = 7.996e+03          annealing alpha
*
*            T = T_0 * exp( -run_num**3 / T_alpha )
*
**********************************************************************
*H run      Temp       E_ion        E_ss   cel vol       SigPF       ar     ortho        pCnt          % Rejected Changes
*H                                                                                                 trn      rot      lat      swp
*T   1  5.00e-02  -8.545e-01  +0.000e+00    155.86   7.430e-02    1.720     0.431   3.050e+00    82.11     0.00    24.23     0.00
*T   2  5.00e-02  -9.497e-01  +0.000e+00    161.50   9.532e-02    1.248     0.253   2.168e+00    85.12     0.00    32.36     0.00
*T   3  5.00e-02  -7.720e-01  +0.000e+00    147.22   7.775e-02    1.555     0.291   2.376e+00    87.64     0.00    32.60     0.00
*
**********************************************************************
*
*                 -- AUTOADJUST [4] OUT --
*
*     target: lo % = 60.000000      hi % = 65.000000
*     Autoadjust % = 32.601626
*     Autoadjust: special case: (T-Tstep) = -1.750e-01 [a.u.]
*     Autoadjust: special case: ===> drop temp step to: 1.013e-01 [a.u.]
*     Autoadjust: special case: (T-Tstep) = -5.125e-02 [a.u.]
*     Autoadjust: special case: ===> drop temp step to: 4.556e-02 [a.u.]
*     Autoadjust: Lowering the temperature 4.556e-02 [a.u.]
*
**********************************************************************
*
*                 -- Autoadjust Metropolis Run --
*
*   autoadjust_temp_init  =  4.4375e-03
*   autoadjust_temp_step  =  4.5563e-02
*        autoadjust_runs  =        1240         configs per temp
*       autoadjust_count  =           5
*
**********************************************************************
*
* Metropolis: 3 temperature runs with these parameters:
*
*              runs  =      1240              loops per T
*               T_0  = 4.438e-03             initial temp
*               T_L  = 4.433e-03               final temp
*           T_alpha  = 7.996e+03          annealing alpha
*
*            T = T_0 * exp( -run_num**3 / T_alpha )
*
**********************************************************************
*H run      Temp       E_ion        E_ss   cel vol       SigPF       ar     ortho        pCnt          % Rejected Changes
*H                                                                                                 trn      rot      lat      swp
*T   1  4.44e-03  -1.084e+00  +0.000e+00     98.99   1.586e-01    1.610     0.283   1.386e+02    99.76     0.00    79.52     0.00
*T   2  4.44e-03  -1.090e+00  +0.000e+00     97.53   1.642e-01    1.625     0.282   3.974e+00   100.00     0.00    86.05     0.00
*T   3  4.43e-03  -1.102e+00  +0.000e+00     97.77   1.601e-01    1.578     0.275   3.851e+00    99.92     0.00    85.40     0.00
*
**********************************************************************
*
*                 -- AUTOADJUST [5] OUT --
*
*     target: lo % = 60.000000      hi % = 65.000000
*     Autoadjust % = 85.403226
*     Autoadjust: overshot! drop temp step to: 2.050e-02 [a.u.]
*     Autoadjust: Raising the temperature 2.050e-02 [a.u.]
*
**********************************************************************
*
*                 -- Autoadjust Metropolis Run --
*
*   autoadjust_temp_init  =  2.4941e-02
*   autoadjust_temp_step  =  2.0503e-02
*        autoadjust_runs  =        1250         configs per temp
*       autoadjust_count  =           6
*
**********************************************************************
*
* Metropolis: 3 temperature runs with these parameters:
*
*              runs  =      1250              loops per T
*               T_0  = 2.494e-02             initial temp
*               T_L  = 2.492e-02               final temp
*           T_alpha  = 7.996e+03          annealing alpha
*
*            T = T_0 * exp( -run_num**3 / T_alpha )
*
**********************************************************************
*H run      Temp       E_ion        E_ss   cel vol       SigPF       ar     ortho        pCnt          % Rejected Changes
*H                                                                                                 trn      rot      lat      swp
*T   1  2.49e-02  -9.601e-01  +0.000e+00     71.32   1.640e-01    1.497     0.363   6.540e+00    93.60     0.00    50.08     0.00
*T   2  2.49e-02  -9.764e-01  +0.000e+00    122.04   1.639e-01    1.882     0.343   7.583e+00    94.56     0.00    52.96     0.00
*T   3  2.49e-02  -1.100e+00  +0.000e+00     67.51   1.308e-01    1.693     0.435   4.572e+00    94.40     0.00    53.84     0.00
*
**********************************************************************
*
*                 -- AUTOADJUST [6] OUT --
*
*     target: lo % = 60.000000      hi % = 65.000000
*     Autoadjust % = 53.840000
*     Autoadjust: overshot! drop temp step to: 9.226e-03 [a.u.]
*     Autoadjust: Lowering the temperature 9.226e-03 [a.u.]
*
**********************************************************************
*
*                 -- Autoadjust Metropolis Run --
*
*   autoadjust_temp_init  =  1.5714e-02
*   autoadjust_temp_step  =  9.2264e-03
*        autoadjust_runs  =        1260         configs per temp
*       autoadjust_count  =           7
*
**********************************************************************
*
* Metropolis: 3 temperature runs with these parameters:
*
*              runs  =      1260              loops per T
*               T_0  = 1.571e-02             initial temp
*               T_L  = 1.570e-02               final temp
*           T_alpha  = 7.996e+03          annealing alpha
*
*            T = T_0 * exp( -run_num**3 / T_alpha )
*
**********************************************************************
*H run      Temp       E_ion        E_ss   cel vol       SigPF       ar     ortho        pCnt          % Rejected Changes
*H                                                                                                 trn      rot      lat      swp
*T   1  1.57e-02  -1.046e+00  +0.000e+00     84.29   2.195e-01    1.773     0.461   3.246e+00    99.37     0.00    66.27     0.00
*T   2  1.57e-02  -1.137e+00  +0.000e+00     47.20   2.102e-01    1.495     0.475   4.727e+00    98.10     0.00    64.05     0.00
*T   3  1.57e-02  -1.159e+00  +0.000e+00     44.82   2.981e-01    1.391     0.558   2.988e+00    99.60     0.00    66.03     0.00
*
**********************************************************************
*
*                 -- AUTOADJUST [7] OUT --
*
*     target: lo % = 60.000000      hi % = 65.000000
*     Autoadjust % = 66.031746
*     Autoadjust: overshot! drop temp step to: 4.152e-03 [a.u.]
*     Autoadjust: Raising the temperature 4.152e-03 [a.u.]
*
**********************************************************************
*
*                 -- Autoadjust Metropolis Run --
*
*   autoadjust_temp_init  =  1.9866e-02
*   autoadjust_temp_step  =  4.1519e-03
*        autoadjust_runs  =        1270         configs per temp
*       autoadjust_count  =           8
*
**********************************************************************
*
* Metropolis: 3 temperature runs with these parameters:
*
*              runs  =      1270              loops per T
*               T_0  = 1.987e-02             initial temp
*               T_L  = 1.985e-02               final temp
*           T_alpha  = 7.996e+03          annealing alpha
*
*            T = T_0 * exp( -run_num**3 / T_alpha )
*
**********************************************************************
*H run      Temp       E_ion        E_ss   cel vol       SigPF       ar     ortho        pCnt          % Rejected Changes
*H                                                                                                 trn      rot      lat      swp
*T   1  1.99e-02  -1.124e+00  +0.000e+00     64.94   2.065e-01    1.302     0.581   2.963e+00    98.98     0.00    58.58     0.00
*T   2  1.99e-02  -1.112e+00  +0.000e+00     65.94   1.841e-01    1.222     0.522   6.660e+00    97.95     0.00    53.15     0.00
*T   3  1.98e-02  -1.002e+00  +0.000e+00    110.93   1.772e-01    1.292     0.377   4.479e+00    97.40     0.00    55.28     0.00
*
**********************************************************************
*
*                 -- AUTOADJUST [8] OUT --
*
*     target: lo % = 60.000000      hi % = 65.000000
*     Autoadjust % = 55.275591
*     Autoadjust: overshot! drop temp step to: 1.868e-03 [a.u.]
*     Autoadjust: Lowering the temperature 1.868e-03 [a.u.]
*
**********************************************************************
*
*                 -- Autoadjust Metropolis Run --
*
*   autoadjust_temp_init  =  1.7998e-02
*   autoadjust_temp_step  =  1.8683e-03
*        autoadjust_runs  =        1280         configs per temp
*       autoadjust_count  =           9
*
**********************************************************************
*
* Metropolis: 3 temperature runs with these parameters:
*
*              runs  =      1280              loops per T
*               T_0  = 1.800e-02             initial temp
*               T_L  = 1.798e-02               final temp
*           T_alpha  = 7.996e+03          annealing alpha
*
*            T = T_0 * exp( -run_num**3 / T_alpha )
*
**********************************************************************
*H run      Temp       E_ion        E_ss   cel vol       SigPF       ar     ortho        pCnt          % Rejected Changes
*H                                                                                                 trn      rot      lat      swp
*T   1  1.80e-02  -1.154e+00  +0.000e+00     52.84   2.317e-01    1.058     0.329   5.474e+00    98.91     0.00    61.25     0.00
*T   2  1.80e-02  -1.063e+00  +0.000e+00     66.57   2.355e-01    1.603     0.620   7.837e+00    99.22     0.00    58.44     0.00
*T   3  1.80e-02  -1.110e+00  +0.000e+00     69.43   2.027e-01    1.226     0.512   3.740e+00    98.59     0.00    62.97     0.00
*
**********************************************************************
*
*                 -- AUTOADJUST [9] OUT --
*
*     target: lo % = 60.000000      hi % = 65.000000
*     Autoadjust % = 62.968750
*     Autoadjust: temp = 1.800e-02  is good!  Exiting autoadjust.
*
**********************************************************************
*
* ------------------------------------------------------------
*              Autoadjust low temperatrure:
* ------------------------------------------------------------
*              Autoadjusting on 3 (1=trn,2=rot,3=lat,4=swp)
*
**********************************************************************
*
*                 -- Autoadjust Metropolis Run --
*
*   autoadjust_temp_init  =  2.0000e-02
*   autoadjust_temp_step  =  5.0000e-01
*        autoadjust_runs  =        1200         configs per temp
*       autoadjust_count  =           1
*
**********************************************************************
*
* Metropolis: 3 temperature runs with these parameters:
*
*              runs  =      1200              loops per T
*               T_0  = 2.000e-02             initial temp
*               T_L  = 2.000e-02               final temp
*           T_alpha  = 1.600e+08          annealing alpha
*
*            T = T_0 * exp( -run_num**3 / T_alpha )
*
**********************************************************************
*H run      Temp       E_ion        E_ss   cel vol       SigPF       ar     ortho        pCnt          % Rejected Changes
*H                                                                                                 trn      rot      lat      swp
*T   1  2.00e-02  -1.053e+00  +0.000e+00     79.41   1.990e-01    1.395     0.446   2.887e+00    98.92     0.00    63.00     0.00
*T   2  2.00e-02  -1.092e+00  +0.000e+00     63.02   2.090e-01    1.869     0.506   4.227e+00    98.83     0.00    61.67     0.00
*T   3  2.00e-02  -1.049e+00  +0.000e+00     81.92   2.028e-01    1.805     0.513   3.523e+00    98.33     0.00    56.33     0.00
*
**********************************************************************
*
*                 -- AUTOADJUST [1] OUT --
*
*     target: lo % = 95.000000      hi % = 99.900000
*     Autoadjust % = 56.333333
*     Autoadjust: special case: (T-Tstep) = -4.800e-01 [a.u.]
*     Autoadjust: special case: ===> drop temp step to: 2.250e-01 [a.u.]
*     Autoadjust: special case: (T-Tstep) = -2.050e-01 [a.u.]
*     Autoadjust: special case: ===> drop temp step to: 1.013e-01 [a.u.]
*     Autoadjust: special case: (T-Tstep) = -8.125e-02 [a.u.]
*     Autoadjust: special case: ===> drop temp step to: 4.556e-02 [a.u.]
*     Autoadjust: special case: (T-Tstep) = -2.556e-02 [a.u.]
*     Autoadjust: special case: ===> drop temp step to: 2.050e-02 [a.u.]
*     Autoadjust: special case: (T-Tstep) = -5.031e-04 [a.u.]
*     Autoadjust: special case: ===> drop temp step to: 9.226e-03 [a.u.]
*     Autoadjust: Lowering the temperature 9.226e-03 [a.u.]
*
**********************************************************************
*
*                 -- Autoadjust Metropolis Run --
*
*   autoadjust_temp_init  =  1.0774e-02
*   autoadjust_temp_step  =  9.2264e-03
*        autoadjust_runs  =        1210         configs per temp
*       autoadjust_count  =           2
*
**********************************************************************
*
* Metropolis: 3 temperature runs with these parameters:
*
*              runs  =      1210              loops per T
*               T_0  = 1.077e-02             initial temp
*               T_L  = 1.076e-02               final temp
*           T_alpha  = 7.996e+03          annealing alpha
*
*            T = T_0 * exp( -run_num**3 / T_alpha )
*
**********************************************************************
*H run      Temp       E_ion        E_ss   cel vol       SigPF       ar     ortho        pCnt          % Rejected Changes
*H                                                                                                 trn      rot      lat      swp
*T   1  1.08e-02  -1.120e+00  +0.000e+00     59.39   2.619e-01    1.467     0.595   3.219e+00    99.92     0.00    76.36     0.00
*T   2  1.08e-02  -1.138e+00  +0.000e+00     55.94   2.656e-01    1.552     0.603   4.144e+00    99.75     0.00    75.70     0.00
*T   3  1.08e-02  -1.154e+00  +0.000e+00     45.24   3.066e-01    1.515     0.724   7.700e+00    99.75     0.00    72.73     0.00
*
**********************************************************************
*
*                 -- AUTOADJUST [2] OUT --
*
*     target: lo % = 95.000000      hi % = 99.900000
*     Autoadjust % = 72.727273
*     Autoadjust: Lowering the temperature 9.226e-03 [a.u.]
*
**********************************************************************
*
*                 -- Autoadjust Metropolis Run --
*
*   autoadjust_temp_init  =  1.5472e-03
*   autoadjust_temp_step  =  9.2264e-03
*        autoadjust_runs  =        1220         configs per temp
*       autoadjust_count  =           3
*
**********************************************************************
*
* Metropolis: 3 temperature runs with these parameters:
*
*              runs  =      1220              loops per T
*               T_0  = 1.547e-03             initial temp
*               T_L  = 1.546e-03               final temp
*           T_alpha  = 7.996e+03          annealing alpha
*
*            T = T_0 * exp( -run_num**3 / T_alpha )
*
**********************************************************************
*H run      Temp       E_ion        E_ss   cel vol       SigPF       ar     ortho        pCnt          % Rejected Changes
*H                                                                                                 trn      rot      lat      swp
*T   1  1.55e-03  -1.165e+00  +0.000e+00     43.53   3.828e-01    1.500     0.724   3.211e+00   100.00     0.00    94.26     0.00
*T   2  1.55e-03  -1.167e+00  +0.000e+00     42.69   3.949e-01    1.528     0.725   3.275e+00   100.00     0.00    95.41     0.00
*T   3  1.55e-03  -1.198e+00  +0.000e+00     40.61   3.986e-01    1.438     0.715   1.711e+01    99.92     0.00    95.90     0.00
*
**********************************************************************
*
*                 -- AUTOADJUST [3] OUT --
*
*     target: lo % = 95.000000      hi % = 99.900000
*     Autoadjust % = 95.901639
*     Autoadjust: temp = 1.547e-03  is good!  Exiting autoadjust.
*
**********************************************************************
*
*
*          -- Initializing cell contents --
*
*
*
**********************************************************************
*
*            -- Starting Metropolis calculation --
*
*              temp_init  = 1.800e-02
*
**********************************************************************
*
* Metropolis: 20 temperature runs with these parameters:
*
*              runs  =      4800              loops per T
*               T_0  = 1.800e-02             initial temp
*               T_L  = 1.547e-03               final temp
*           T_alpha  = 2.795e+03          annealing alpha
*
*            T = T_0 * exp( -run_num**3 / T_alpha )
*
**********************************************************************
*H run      Temp       E_ion        E_ss   cel vol       SigPF       ar     ortho        pCnt          % Rejected Changes
*H                                                                                                 trn      rot      lat      swp
*M   1  1.80e-02  -1.067e+00  +0.000e+00     79.08   2.203e-01    1.073     0.742   2.615e+01    98.81     0.00    55.73     0.00
*M   2  1.80e-02  -1.041e+00  +0.000e+00     70.70   2.353e-01    1.358     0.542   4.255e+00    99.31     0.00    61.44     0.00
*M   3  1.79e-02  -1.151e+00  +0.000e+00     45.14   2.526e-01    1.496     0.697   1.202e+01    99.12     0.00    64.04     0.00
*M   4  1.78e-02  -1.144e+00  +0.000e+00     48.00   2.424e-01    1.216     0.736   6.808e+00    99.02     0.00    60.17     0.00
*M   5  1.76e-02  -1.097e+00  +0.000e+00     59.50   2.409e-01    1.596     0.623   3.396e+00    99.21     0.00    60.69     0.00
*M   6  1.72e-02  -1.100e+00  +0.000e+00     58.86   2.328e-01    1.176     0.857   4.338e+00    99.08     0.00    63.31     0.00
*M   7  1.67e-02  -1.134e+00  +0.000e+00     57.21   2.359e-01    1.200     0.879   5.925e+00    99.46     0.00    62.94     0.00
*M   8  1.59e-02  -1.147e+00  +0.000e+00     58.27   2.205e-01    1.293     0.815   8.414e+00    99.19     0.00    61.62     0.00
*M   9  1.50e-02  -1.059e+00  +0.000e+00     67.55   2.317e-01    1.528     0.650   7.181e+00    99.10     0.00    64.52     0.00
*M  10  1.39e-02  -1.112e+00  +0.000e+00     60.56   2.530e-01    1.394     0.601   5.487e+00    99.48     0.00    65.73     0.00
*M  11  1.26e-02  -1.145e+00  +0.000e+00     50.89   2.398e-01    1.510     0.490   1.073e+01    99.33     0.00    65.15     0.00
*M  12  1.12e-02  -1.127e+00  +0.000e+00     52.66   2.864e-01    1.656     0.601   4.543e+00    99.83     0.00    75.19     0.00
*M  13  9.70e-03  -1.109e+00  +0.000e+00     64.22   2.764e-01    1.438     0.526   7.708e+00    99.73     0.00    77.21     0.00
*M  14  8.20e-03  -1.170e+00  +0.000e+00     44.35   3.147e-01    1.701     0.647   4.545e+00    99.98     0.00    77.98     0.00
*M  15  6.74e-03  -1.155e+00  +0.000e+00     54.08   3.323e-01    1.447     0.634   4.850e+00    99.98     0.00    83.31     0.00
*M  16  5.38e-03  -1.164e+00  +0.000e+00     46.22   3.233e-01    1.710     0.644   7.407e+00   100.00     0.00    85.50     0.00
*M  17  4.16e-03  -1.173e+00  +0.000e+00     48.30   3.413e-01    1.620     0.623   4.784e+00    99.98     0.00    90.44     0.00
*M  18  3.10e-03  -1.178e+00  +0.000e+00     46.29   3.531e-01    1.640     0.587   4.865e+00   100.00     0.00    91.94     0.00
*M  19  2.23e-03  -1.185e+00  +0.000e+00     45.87   3.621e-01    1.634     0.594   3.589e+00   100.00     0.00    94.94     0.00
*M  20  1.55e-03  -1.184e+00  +0.000e+00     46.64   3.666e-01    1.601     0.592   2.425e+00   100.00     0.00    96.48     0.00
*
**********************************************************************
*
*
*          - Parameters at Post Ewald-Metro -
*
* Lattice parameters:
*
*             lat a  =    3.7282
*             lat b  =    5.8155
*             lat c  =    3.6330
*             alpha  =   61.7558
*             beta   =   84.2379
*             gamma  =   46.0694
*          cell vol  =   46.6370
*          cv/ortho  =    0.5921
*
* Energies:
*               ecc  = -1.1842e+00
*               eng  =  0.0000e+00
*
*
* Geometry:
*
*      packing frac  =    0.5585
*      aspect ratio  =    1.6007
*
* (dE/dV):
*                Px  =  1.2956e-02                    x-dir
*                Py  =  8.6921e-03                    y-dir
*                Pz  =  3.7447e-03                    z-dir
*
* Distances (PBC only):
*                                 min           hard           diff
*           ca1_ca1  =   1.000000e+06   2.320000e+00   9.999977e+05
*           ca1_ca2  =   1.000000e+06   1.160000e+00   9.999988e+05
*           ca1_ac1  =   3.210534e+00   2.830000e+00   3.805336e-01
*           ca1_av1  =   1.000000e+06  -1.000000e+00   1.000001e+06
*           ca1_ac2  =   1.000000e+06  -1.000000e+00   1.000001e+06
*           ca1_av2  =   1.000000e+06  -1.000000e+00   1.000001e+06
*           ca2_ca2  =   1.000000e+06   0.000000e+00   1.000000e+06
*           ca2_ac1  =   1.000000e+06   1.670000e+00   9.999983e+05
*           ca2_av1  =   1.000000e+06  -1.000000e+00   1.000001e+06
*           ca2_ac2  =   1.000000e+06  -1.000000e+00   1.000001e+06
*           ca2_av2  =   1.000000e+06  -1.000000e+00   1.000001e+06
*           ac1_ac1  =   1.000000e+06   3.340000e+00   9.999967e+05
*           ac1_av1  =   1.000000e+06  -1.000000e+00   1.000001e+06
*           ac1_ac2  =   1.000000e+06  -1.000000e+00   1.000001e+06
*           ac1_av2  =   1.000000e+06  -1.000000e+00   1.000001e+06
*           av1_av1  =   1.000000e+06  -1.000000e+00   1.000001e+06
*           av1_av2  =   1.000000e+06  -1.000000e+00   1.000001e+06
*           av2_av2  =   1.000000e+06  -1.000000e+00   1.000001e+06
*
*
*
**********************************************************************
*
*         - Comparing with 'best' structure -
*
****************************************************************
*
*          best ecc  = -1.2019e+00
*          best eng  =  0.0000e+00
*           ecc+eng  = -1.2019e+00
*          best vol  =  4.8509e+01
*           best pf  =  5.3695e-01
*
*     post_runs ecc  = -1.1842e+00
*     post_runs eng  =  0.0000e+00
*           ecc+eng  = -1.1842e+00
*     post_runs vol  =  4.6637e+01
*      post_runs pf  =  5.5851e-01
*
*       dV / V_runs  =  4.0149e-02
*
*          ecc_diff  = -1.7648e-02
*          eng_diff  =  0.0000e+00
*
*
****************************************************************
*
*  mag_ecc_diff > mag_eng_diff AND within BEST_VOL AND
* 'best' has lower energy than post runs! --> swapping.
*
****************************************************************
*
*
*          - Parameters at Post 'best-swap' -
*
* Lattice parameters:
*
*             lat a  =    3.8279
*             lat b  =    5.7452
*             lat c  =    4.0001
*             alpha  =   87.9283
*             beta   =  118.0680
*             gamma  =   47.8465
*          cell vol  =   48.5095
*          cv/ortho  =    0.5514
*
* Energies:
*               ecc  = -1.2019e+00
*               eng  =  0.0000e+00
*
*
* Geometry:
*
*      packing frac  =    0.5370
*      aspect ratio  =    1.5009
*
* (dE/dV):
*                Px  =  6.7361e-03                    x-dir
*                Py  =  1.1707e-02                    y-dir
*                Pz  =  6.3335e-03                    z-dir
*
* Distances (PBC only):
*                                 min           hard           diff
*           ca1_ca1  =   1.000000e+06   2.320000e+00   9.999977e+05
*           ca1_ca2  =   1.000000e+06   1.160000e+00   9.999988e+05
*           ca1_ac1  =   2.833463e+00   2.830000e+00   3.463429e-03
*           ca1_av1  =   1.000000e+06  -1.000000e+00   1.000001e+06
*           ca1_ac2  =   1.000000e+06  -1.000000e+00   1.000001e+06
*           ca1_av2  =   1.000000e+06  -1.000000e+00   1.000001e+06
*           ca2_ca2  =   1.000000e+06   0.000000e+00   1.000000e+06
*           ca2_ac1  =   1.000000e+06   1.670000e+00   9.999983e+05
*           ca2_av1  =   1.000000e+06  -1.000000e+00   1.000001e+06
*           ca2_ac2  =   1.000000e+06  -1.000000e+00   1.000001e+06
*           ca2_av2  =   1.000000e+06  -1.000000e+00   1.000001e+06
*           ac1_ac1  =   1.000000e+06   3.340000e+00   9.999967e+05
*           ac1_av1  =   1.000000e+06  -1.000000e+00   1.000001e+06
*           ac1_ac2  =   1.000000e+06  -1.000000e+00   1.000001e+06
*           ac1_av2  =   1.000000e+06  -1.000000e+00   1.000001e+06
*           av1_av1  =   1.000000e+06  -1.000000e+00   1.000001e+06
*           av1_av2  =   1.000000e+06  -1.000000e+00   1.000001e+06
*           av2_av2  =   1.000000e+06  -1.000000e+00   1.000001e+06
*
*
*
**********************************************************************
*
*         - Final Simplex relaxation with restarts -
*
**********************************************************************
*
*
****************************************************************
*
*
*        - Simplex Minimiziation Routine -
*
*
* Note: No aspect ratio constraint.
*
*
*            n_simp  =        15                   D.O.F.
*         simp_nmax  =      4500                max moves
*       simp_errlim  =  1.00e-08
*
*
*         - Initializing simplex arrays -
*
*
*      nfunk           rtol        pf        ar     ortho             e_ion              e_ss             e_tot
*X        12     6.2410e-03   0.53695   1.50086   0.55143    -1.2018906e+00     0.0000000e+00    -1.2018906e+00
*X      2001     6.7452e-06   0.56306   1.43102   0.49562    -1.2246661e+00     0.0000000e+00    -1.2246661e+00
*X      4000     2.2194e-06   0.56995   1.41521   0.47814    -1.2258007e+00     0.0000000e+00    -1.2258007e+00
*
*         simp_runs  =      4500               simp moves
*              rtol  =  5.67e-07               final rtol
*
* Simplex restart no. 1 of 10
*
*         - Initializing simplex arrays -
*
*
*      nfunk           rtol        pf        ar     ortho             e_ion              e_ss             e_tot
*X        11     1.4829e+00   0.56990   1.41540   0.47833    -1.2258168e+00     0.0000000e+00    -1.2258168e+00
*
*         simp_runs  =      1166               simp moves
*              rtol  =  9.58e-09               final rtol
*
* Simplex restart no. 2 of 10
*
*         - Initializing simplex arrays -
*
*
*      nfunk           rtol        pf        ar     ortho             e_ion              e_ss             e_tot
*X        11     1.4875e+00   0.57008   1.41526   0.47815    -1.2258968e+00     0.0000000e+00    -1.2258968e+00
*
*         simp_runs  =      1562               simp moves
*              rtol  =  9.89e-09               final rtol
*
* Simplex restart no. 3 of 10
*
*         - Initializing simplex arrays -
*
*
*      nfunk           rtol        pf        ar     ortho             e_ion              e_ss             e_tot
*X        11     1.4752e+00   0.57001   1.41506   0.47852    -1.2259493e+00     0.0000000e+00    -1.2259493e+00
*
*         simp_runs  =       985               simp moves
*              rtol  =  9.61e-09               final rtol
*
* Simplex restart no. 4 of 10
*
*         - Initializing simplex arrays -
*
*
*      nfunk           rtol        pf        ar     ortho             e_ion              e_ss             e_tot
*X        11     1.4642e+00   0.57007   1.41533   0.47850    -1.2260159e+00     0.0000000e+00    -1.2260159e+00
*
*         simp_runs  =      1676               simp moves
*              rtol  =  9.71e-09               final rtol
*
* Simplex restart no. 5 of 10
*
*         - Initializing simplex arrays -
*
*
*      nfunk           rtol        pf        ar     ortho             e_ion              e_ss             e_tot
*X        11     1.4643e+00   0.57018   1.41444   0.47877    -1.2261803e+00     0.0000000e+00    -1.2261803e+00
*
*         simp_runs  =      1731               simp moves
*              rtol  =  9.87e-09               final rtol
*
* Simplex restart no. 6 of 10
*
*         - Initializing simplex arrays -
*
*
*      nfunk           rtol        pf        ar     ortho             e_ion              e_ss             e_tot
*X        11     1.4604e+00   0.56883   1.41459   0.48248    -1.2263351e+00     0.0000000e+00    -1.2263351e+00
*X      2000     4.4494e-06   0.56695   1.43426   0.49562    -1.2272689e+00     0.0000000e+00    -1.2272689e+00
*
*         simp_runs  =      3440               simp moves
*              rtol  =  9.92e-09               final rtol
*
* Simplex restart no. 7 of 10
*
*         - Initializing simplex arrays -
*
*
*      nfunk           rtol        pf        ar     ortho             e_ion              e_ss             e_tot
*X        11     1.4744e+00   0.56674   1.43806   0.49810    -1.2273331e+00     0.0000000e+00    -1.2273331e+00
*X      2001     4.8632e-07   0.56718   1.43776   0.49601    -1.2274963e+00     0.0000000e+00    -1.2274963e+00
*
*         simp_runs  =      2380               simp moves
*              rtol  =  9.99e-09               final rtol
*
* Simplex restart no. 8 of 10
*
*         - Initializing simplex arrays -
*
*
*      nfunk           rtol        pf        ar     ortho             e_ion              e_ss             e_tot
*X        11     1.4735e+00   0.56718   1.43776   0.49601    -1.2274971e+00     0.0000000e+00    -1.2274971e+00
*
*         simp_runs  =      1611               simp moves
*              rtol  =  9.73e-09               final rtol
*
* Simplex restart no. 9 of 10
*
*         - Initializing simplex arrays -
*
*
*      nfunk           rtol        pf        ar     ortho             e_ion              e_ss             e_tot
*X        11     1.4311e+00   0.56719   1.43752   0.49750    -1.2278169e+00     0.0000000e+00    -1.2278169e+00
*X      2000     1.2354e-06   0.56842   1.43500   0.49789    -1.2287843e+00     0.0000000e+00    -1.2287843e+00
*
*         simp_runs  =      2765               simp moves
*              rtol  =  9.94e-09               final rtol
*
* Simplex restart no. 10 of 10
*
*         - Initializing simplex arrays -
*
*
*      nfunk           rtol        pf        ar     ortho             e_ion              e_ss             e_tot
*X        11     1.4560e+00   0.56843   1.43498   0.49786    -1.2287901e+00     0.0000000e+00    -1.2287901e+00
*X      2001     1.4038e-08   0.56877   1.43503   0.49732    -1.2289556e+00     0.0000000e+00    -1.2289556e+00
*
*         simp_runs  =      2384               simp moves
*              rtol  =  9.79e-09               final rtol
*
****************************************************************
*
*          - Parameters at Post Simplex -
*
* Lattice parameters:
*
*             lat a  =    3.9441
*             lat b  =    5.6599
*             lat c  =    4.1252
*             alpha  =   87.4161
*             beta   =  118.9676
*             gamma  =   45.8221
*          cell vol  =   45.7960
*          cv/ortho  =    0.4973
*
* Energies:
*               ecc  = -1.2290e+00
*               eng  =  0.0000e+00
*
*
* Geometry:
*
*      packing frac  =    0.5688
*      aspect ratio  =    1.4350
*
* (dE/dV):
*                Px  =  1.0000e+04                    x-dir
*                Py  =  1.0000e+04                    y-dir
*                Pz  =  9.5610e-03                    z-dir
*
* Distances (PBC only):
*                                 min           hard           diff
*           ca1_ca1  =   1.000000e+06   2.320000e+00   9.999977e+05
*           ca1_ca2  =   1.000000e+06   1.160000e+00   9.999988e+05
*           ca1_ac1  =   2.830258e+00   2.830000e+00   2.582986e-04
*           ca1_av1  =   1.000000e+06  -1.000000e+00   1.000001e+06
*           ca1_ac2  =   1.000000e+06  -1.000000e+00   1.000001e+06
*           ca1_av2  =   1.000000e+06  -1.000000e+00   1.000001e+06
*           ca2_ca2  =   1.000000e+06   0.000000e+00   1.000000e+06
*           ca2_ac1  =   1.000000e+06   1.670000e+00   9.999983e+05
*           ca2_av1  =   1.000000e+06  -1.000000e+00   1.000001e+06
*           ca2_ac2  =   1.000000e+06  -1.000000e+00   1.000001e+06
*           ca2_av2  =   1.000000e+06  -1.000000e+00   1.000001e+06
*           ac1_ac1  =   1.000000e+06   3.340000e+00   9.999967e+05
*           ac1_av1  =   1.000000e+06  -1.000000e+00   1.000001e+06
*           ac1_ac2  =   1.000000e+06  -1.000000e+00   1.000001e+06
*           ac1_av2  =   1.000000e+06  -1.000000e+00   1.000001e+06
*           av1_av1  =   1.000000e+06  -1.000000e+00   1.000001e+06
*           av1_av2  =   1.000000e+06  -1.000000e+00   1.000001e+06
*           av2_av2  =   1.000000e+06  -1.000000e+00   1.000001e+06
*
*
***********************************************************
*        - Process and timing information -
*
* user time:   0 h 00 m 19.062603 s
* syst time:   0 h 00 m 00.022999 s
* signals: 0
* voluntary context switches: 7
* involuntary context switches: 14
*
***********************************************************
*SS symsearch output
*SS ( use:  | awk '($1=="*S"){print $0}' | sed 's/*S //' > temp.out )
*S Title
*S 1                 search type
*S 5.0 0.00001       displacement rms max min
*S 0.1 0.00001       strain rms max min
*S 1                 lattice input type
*S      3.94407     0.00000     0.00000
*S      3.94430     4.05914     0.00000
*S     -1.99790     2.20069     2.86055
*S 1 0 0
*S 0 1 0
*S 0 0 1
*S 2                 number of atoms
*S 11 0
*S      0.74872     0.12563     0.32503
*S      0.76186     0.61885     0.33756
*FF findsym output
*FF ( use:  | awk '($1=="*F"){print $0}' | sed 's/*F //' > temp.out )
*F Title
*F 0.001       displacement rms max min
*F 1                 lattice input type
*F      3.94407     0.00000     0.00000
*F      3.94430     4.05914     0.00000
*F     -1.99790     2.20069     2.86055
*F 1               basis vector in type
*F 1 0 0
*F 0 1 0
*F 0 0 1
*F 2                 number of atoms
*F 11 0
*F      0.74872     0.12563     0.32503
*F      0.76186     0.61885     0.33756
*DD powder output
*DD (use: | awk '($1=="*D"){print $0}' | sed 's/*D //' > temp.out )
*D 2
*D      3.94407     5.65987     4.12521
*D     87.41613   118.96757    45.82207
*D      0.74872     0.12563     0.32503        11
*D      0.76186     0.61885     0.33756         0
*PP poscar output
*PP (use: | awk '($1=="*P"){print $0}' | sed 's/*P //' > temp.out )
*P Z: 11 17 
*P 1.0 
*P      3.94406889     0.00000000     0.00000000
*P      3.94429747     4.05913658     0.00000000
*P     -1.99789944     2.20068549     2.86055016
*P 1 1 0 
*P Direct
*P       0.748719260961      0.125629728753      0.325032435257
*P       0.761861661730      0.618853164293      0.337562956252
*QQ poscar output
*QQ (use: | awk '($1=="*Q"){print $0}' | sed 's/*Q //' > temp.out )
*Q +1.000000000000 -1.000000000000 
*Q 1.0 
*Q      3.94406889     0.00000000     0.00000000
*Q      3.94429747     4.05913658     0.00000000
*Q     -1.99789944     2.20068549     2.86055016
*Q 1 1 0 
*Q Direct
*Q       0.748719260961      0.125629728753      0.325032435257
*Q       0.761861661730      0.618853164293      0.337562956252
*RR restart output
*RR (use: | awk '($1=="*R"){print $0}' | sed 's/*R //' > temp.out )
*R     3.944068891882    5.659865038609    4.125211027002
*R     1.525699361247    2.076375778773    0.799745908424
*R      1
*R      1     1
*R   -1.000000000000000   0.000000000000000
*R     0.000000000000    1.670000000000    0.000000000000    17     0
*R      1
*R      1   1.000000000000000
*R     1.160000000000    11
*R     0.748719260961    0.125629728753    0.325032435257
*R     0.761861661730    0.618853164293    0.337562956252
* XBS output
* CATION:
atom C     2.799139248    1.225242392    0.929771585
spec C     1.160000000    1.000000000    0.000000000    0.000000000
* ANION:
atom A     4.771359008    3.254879416    0.965615769
spec A     1.670000000    0.000000000    0.000000000    1.000000000
spec V     0.000000000    0.000000000    1.000000000    0.000000000
bonds A V  0.000000000    0.000000000    0.010000000    Black
* CELL PARAMETERS AND BORDER
atom 0    0.00000   0.00000   0.00000
atom 1    3.94407   0.00000   0.00000
atom 2    7.88837   4.05914   0.00000
atom 3    3.94430   4.05914   0.00000
atom 4   -1.99790   2.20069   2.86055
atom 5    1.94617   2.20069   2.86055
atom 6    5.89047   6.25982   2.86055
atom 7    1.94640   6.25982   2.86055
spec 0     0.050000000    0.000000000    0.000000000    0.000000000
spec 1     0.050000000    0.000000000    0.000000000    0.000000000
spec 2     0.050000000    0.000000000    0.000000000    0.000000000
spec 3     0.050000000    0.000000000    0.000000000    0.000000000
spec 4     0.050000000    0.000000000    0.000000000    0.000000000
spec 5     0.050000000    0.000000000    0.000000000    0.000000000
spec 6     0.050000000    0.000000000    0.000000000    0.000000000
spec 7     0.050000000    0.000000000    0.000000000    0.000000000
bonds 0 1  3.940124823    3.948012961    0.010000000    Black
bonds 3 2  3.940124823    3.948012961    0.010000000    Black
bonds 4 5  3.940124823    3.948012961    0.010000000    Black
bonds 6 7  3.940124823    3.948012961    0.010000000    Black
bonds 1 2  5.654205174    5.665524904    0.010000000    Black
bonds 0 3  5.654205174    5.665524904    0.010000000    Black
bonds 5 6  5.654205174    5.665524904    0.010000000    Black
bonds 4 7  5.654205174    5.665524904    0.010000000    Black
bonds 0 4  4.121085816    4.129336238    0.010000000    Black
bonds 1 5  4.121085816    4.129336238    0.010000000    Black
bonds 2 6  4.121085816    4.129336238    0.010000000    Black
bonds 3 7  4.121085816    4.129336238    0.010000000    Black
inc 5.000000
dup    3.94407   0.00000   0.00000
dup    3.94430   4.05914   0.00000
dup   -1.99790   2.20069   2.86055
