*************************************************
*	pack	(version 4.12.0.5)
*	Eric Majzoub
*	Sandia National Laboratories
*************************************************
*  Source file: main.c
*  Compile date: Dec 27 2012
*  Compile time: 17:19:04
*  commandline = /projects/e20438/bin/pack-4.12.0.5/pack_exe -f ../../NaCl_pegs.in -P -R -r 400 -t 10 -g 5305 
*  input file = ../../NaCl_pegs.in
**********************************************************************
**********************************************************************
**********************************************************************
* 
*       - General run comments -
* 
* WARN: no Rotations in Metropolis (-R flag).
* WARN: all anionic charge on center atom (-P flag).
*
**********************************************************************
*           - Input parameters -
*
*           restart  =         0         1 = restart calc
*        autoadjust  =         1   automatically set temp
*          aa_using  =         1        1=rej pct, 2=pCnt
*         basin hop  =         0           number of hops
*     non_per_ewald  =         0          1=nanopart calc
*
*             lat a  =   10.0000
*             lat b  =   10.0000
*             lat c  =   10.0000
*             alpha  =    1.5708
*             beta   =    1.5708
*             gamma  =    1.5708
*          cell vol  = 1000.0000
*      sqsh vol pct  =    0.2000
* 
*          cell_min  =    1.6700              min lat vec
*          cell_max  =  167.0000              max lat vec
* 
*         n_type_an  =         1          num type anions
*            num_an  =         1           tot num anions
* 
*          num_an_1  =         1        num anions type 1
*        num_vert_1  =         1     1=sph 2=dim 5=tet...
*       an_chrg_c_1  =   -1.0000      anion center charge
*       an_chrg_v_1  =    0.0000      anion vertex charge
*     tot_an_chrg_1  =   -1.0000       total anion charge
*           Rcent_1  =    1.6700         anion center rad
*           Rvert_1  =    0.0000         anion vertex rad
*             cvd_1  =    0.0000        cent to vert dist
*           Zcent_1  =        17           anion center Z
*           Zvert_1  =         0           anion vertex Z
* 
*          num_an_2  =         0        num anions type 2
*        num_vert_2  =         0     1=sph 2=dim 5=tet...
*       an_chrg_c_2  =    0.0000      anion center charge
*       an_chrg_v_2  =    0.0000      anion vertex charge
*     tot_an_chrg_2  =    0.0000       total anion charge
*           Rcent_2  =    0.0000         anion center rad
*           Rvert_2  =    0.0000         anion vertex rad
*             cvd_2  =    0.0000        cent to vert dist
*           Zcent_2  =         0           anion center Z
*           Zvert_2  =         0           anion vertex Z
* 
*         n_type_ca  =         1            num type cats
*            num_ca  =         1          tot num cations
* 
*          num_ca_1  =         1        num cations typ 1
*         ca_chrg_1  =    1.0000        cation chrg typ 1
*            Rcat_1  =    1.1600         cation rad typ 1
*            Zcat_1  =        11           cation Z typ 1
* 
*            C2VTOL  =  1.00e-08            c2v tolerance
*            ERRLIM  =  1.00e-06
*       REP_EPSILON  =  1.00e+00        soft sphere repul
*    TRANS_FRAC_MAX  =    0.5000                    fixed
*    TRANS_FRAC_MIN  =    0.0200
*      MAX_ANG_CHNG  =    9.9695                  degrees
*    VOLUM_FRAC_MAX  =    0.0700
*         EXT_PRESS  =  0.00e+00        external pressure
*      SQSH_VOL_PCT  =    0.2000             min orth val
*        ASPECT_MAX  =   20.0000                cell parm
*            dplane  =    1.6700            min plane sep
*      SCALE_FACTOR  =    1.2500         bhop max scaling
* 
*            d.o.f.  =        12       degrees of freedom
*          runs/dof  =       400         loops per d.o.f.
*              runs  =      4800              loops per T
*               ncc  =     19200     config changes per T
*            t_runs  =        10           num temp steps
*             efunc  =         0               0=SS  1=LJ
*       N_HALT_CHNG  =        15      halts after N 100%s
*
*      anneal_sched  =         3   0=lin or exp(-run_n^n)
*         temp_init  =  1.00e+00             initial temp
*         temp_finl  =  1.00e-03               final temp
* 
*          trn_chng  =         1              0=off  1=on
*          rot_chng  =         0              0=off  1=on
*          lat_chng  =         1              0=off  1=on
*          swp_chng  =         1              0=off  1=on
* 
*     SIMP_RESTARTS  =        11     no. simplex restarts
*  SIMP_RESTARTS BH  =        21  basin hop simp restarts
*         SIMP_NMAX  =      4500        max simplex iters
*          SIMP_DEG  =    1.0000          anion start deg
*         SIMP_LAMB  =    0.0100        vertex start frac
*       SIMP_ERRLIM  =  1.00e-08              error limit
* 
*           aa runs  =      1200           config changes
*      aa runs_step  =        10   config change increase
*       aa runs_max  =      1500  max auto config changes
*         aa t_runs  =         3            num temp runs
*      aa temp_step  =    0.5000                temp step
* 
*        aa chng hi  =         3  1=trn 2=rot 3=lat 4=swp
*        aa chng lo  =         3  1=trn 2=rot 3=lat 4=swp
* 
*      aa ht_pct_hi  =     0.650             high rej pct
*      aa ht_pct_lo  =     0.600             low  rej pct
* 
*      aa lt_pct_hi  =     0.999             high rej pct
*      aa lt_pct_lo  =     0.950             low  rej pct
* 
*            tmpfile =                   PR19524-best.tmp
* 
* Checking for out of bounds fractional coords.
*
**********************************************************************
*
*          - Parameters at START -
*
* Lattice parameters:
*
*             lat a  =   10.0000
*             lat b  =   10.0000
*             lat c  =   10.0000
*             alpha  =   90.0000
*             beta   =   90.0000
*             gamma  =   90.0000
*          cell vol  = 1000.0000
*          cv/ortho  =    1.0000
*
* Energies:
*               ecc  = -5.2688e-01
*               eng  =  0.0000e+00
*
*
* Geometry:
*
*      packing frac  =    0.0260
*      aspect ratio  =    1.0000
*
* (dE/dV):
*                Px  =  2.8754e-04                    x-dir
*                Py  =  2.5647e-04                    y-dir
*                Pz  = -1.7129e-05                    z-dir
*
* Distances (PBC only):
*                                 min           hard           diff
*           ca1_ca1  =   1.000000e+06   2.320000e+00   9.999977e+05
*           ca1_ca2  =   1.000000e+06   1.160000e+00   9.999988e+05
*           ca1_ac1  =   4.420723e+00   2.830000e+00   1.590723e+00
*           ca1_av1  =   1.000000e+06  -1.000000e+00   1.000001e+06
*           ca1_ac2  =   1.000000e+06  -1.000000e+00   1.000001e+06
*           ca1_av2  =   1.000000e+06  -1.000000e+00   1.000001e+06
*           ca2_ca2  =   1.000000e+06   0.000000e+00   1.000000e+06
*           ca2_ac1  =   1.000000e+06   1.670000e+00   9.999983e+05
*           ca2_av1  =   1.000000e+06  -1.000000e+00   1.000001e+06
*           ca2_ac2  =   1.000000e+06  -1.000000e+00   1.000001e+06
*           ca2_av2  =   1.000000e+06  -1.000000e+00   1.000001e+06
*           ac1_ac1  =   1.000000e+06   3.340000e+00   9.999967e+05
*           ac1_av1  =   1.000000e+06  -1.000000e+00   1.000001e+06
*           ac1_ac2  =   1.000000e+06  -1.000000e+00   1.000001e+06
*           ac1_av2  =   1.000000e+06  -1.000000e+00   1.000001e+06
*           av1_av1  =   1.000000e+06  -1.000000e+00   1.000001e+06
*           av1_av2  =   1.000000e+06  -1.000000e+00   1.000001e+06
*           av2_av2  =   1.000000e+06  -1.000000e+00   1.000001e+06
*
*
*
**********************************************************************
*
* ------------------------------------------------------------
*              Autoadjust high temperatrure:
* ------------------------------------------------------------
*              Autoadjusting on 3 (1=trn,2=rot,3=lat,4=swp)
*
**********************************************************************
*
*                 -- Autoadjust Metropolis Run --
*
*   autoadjust_temp_init  =  1.0000e+00
*   autoadjust_temp_step  =  5.0000e-01
*        autoadjust_runs  =        1200         configs per temp
*       autoadjust_count  =           1
*
**********************************************************************
*
* Metropolis: 3 temperature runs with these parameters:
*
*              runs  =      1200              loops per T
*               T_0  = 1.000e+00             initial temp
*               T_L  = 1.000e+00               final temp
*           T_alpha  = 8.000e+09          annealing alpha
*
*            T = T_0 * exp( -run_num**3 / T_alpha )
*
**********************************************************************
*H run      Temp       E_ion        E_ss   cel vol       SigPF       ar     ortho        pCnt          % Rejected Changes
*H                                                                                                 trn      rot      lat      swp
*T   1  1.00e+00  -4.247e-01  +0.000e+00   2655.88   2.764e-02    2.277     0.480   2.890e-02    16.58     0.00     1.42     0.00
*T   2  1.00e+00  -1.707e-01  +0.000e+00   9101.38   2.937e-02    3.507     0.209   5.190e-02    15.00     0.00     3.25     0.00
*T   3  1.00e+00  -5.742e-02  +0.000e+00  21633.42   8.540e-04    6.388     0.254   8.855e-03     2.92     0.00     2.67     0.00
*
**********************************************************************
*
*                 -- AUTOADJUST [1] OUT --
*
*     target: lo % = 60.000000      hi % = 65.000000
*     Autoadjust % =  2.666667
*     Autoadjust: Lowering the temperature 5.000e-01 [a.u.]
*
**********************************************************************
*
*                 -- Autoadjust Metropolis Run --
*
*   autoadjust_temp_init  =  5.0000e-01
*   autoadjust_temp_step  =  5.0000e-01
*        autoadjust_runs  =        1210         configs per temp
*       autoadjust_count  =           2
*
**********************************************************************
*
* Metropolis: 3 temperature runs with these parameters:
*
*              runs  =      1210              loops per T
*               T_0  = 5.000e-01             initial temp
*               T_L  = 4.995e-01               final temp
*           T_alpha  = 7.996e+03          annealing alpha
*
*            T = T_0 * exp( -run_num**3 / T_alpha )
*
**********************************************************************
*H run      Temp       E_ion        E_ss   cel vol       SigPF       ar     ortho        pCnt          % Rejected Changes
*H                                                                                                 trn      rot      lat      swp
*T   1  5.00e-01  +7.837e-02  +0.000e+00  19105.46   1.927e-03    8.656     0.406   1.797e-01    18.76     0.00     4.79     0.00
*T   2  5.00e-01  +3.173e-01  +0.000e+00 122692.01   3.496e-04   11.196     0.620   2.304e-01    24.55     0.00     2.81     0.00
*T   3  4.99e-01  -2.400e-01  +0.000e+00  40978.44   2.438e-04    2.152     0.759   1.201e-01    14.96     0.00     0.83     0.00
*
**********************************************************************
*
*                 -- AUTOADJUST [2] OUT --
*
*     target: lo % = 60.000000      hi % = 65.000000
*     Autoadjust % =  0.826446
*     Autoadjust: special case: (T-Tstep) = 0.000e+00 [a.u.]
*     Autoadjust: special case: ===> drop temp step to: 2.250e-01 [a.u.]
*     Autoadjust: Lowering the temperature 2.250e-01 [a.u.]
*
**********************************************************************
*
*                 -- Autoadjust Metropolis Run --
*
*   autoadjust_temp_init  =  2.7500e-01
*   autoadjust_temp_step  =  2.2500e-01
*        autoadjust_runs  =        1220         configs per temp
*       autoadjust_count  =           3
*
**********************************************************************
*
* Metropolis: 3 temperature runs with these parameters:
*
*              runs  =      1220              loops per T
*               T_0  = 2.750e-01             initial temp
*               T_L  = 2.747e-01               final temp
*           T_alpha  = 7.996e+03          annealing alpha
*
*            T = T_0 * exp( -run_num**3 / T_alpha )
*
**********************************************************************
*H run      Temp       E_ion        E_ss   cel vol       SigPF       ar     ortho        pCnt          % Rejected Changes
*H                                                                                                 trn      rot      lat      swp
*T   1  2.75e-01  -1.075e-01  +0.000e+00  16240.97   1.219e-03    2.921     0.217   1.190e-01    12.30     0.00     1.97     0.00
*T   2  2.75e-01  -7.844e-01  +0.000e+00    616.34   1.382e-02    4.198     0.391   4.910e-01    29.02     0.00     3.61     0.00
*T   3  2.75e-01  -6.891e-01  +0.000e+00    481.96   5.582e-02    1.809     0.205   4.576e-01    41.80     0.00     6.15     0.00
*
**********************************************************************
*
*                 -- AUTOADJUST [3] OUT --
*
*     target: lo % = 60.000000      hi % = 65.000000
*     Autoadjust % =  6.147541
*     Autoadjust: Lowering the temperature 2.250e-01 [a.u.]
*
**********************************************************************
*
*                 -- Autoadjust Metropolis Run --
*
*   autoadjust_temp_init  =  5.0000e-02
*   autoadjust_temp_step  =  2.2500e-01
*        autoadjust_runs  =        1230         configs per temp
*       autoadjust_count  =           4
*
**********************************************************************
*
* Metropolis: 3 temperature runs with these parameters:
*
*              runs  =      1230              loops per T
*               T_0  = 5.000e-02             initial temp
*               T_L  = 4.995e-02               final temp
*           T_alpha  = 7.996e+03          annealing alpha
*
*            T = T_0 * exp( -run_num**3 / T_alpha )
*
**********************************************************************
*H run      Temp       E_ion        E_ss   cel vol       SigPF       ar     ortho        pCnt          % Rejected Changes
*H                                                                                                 trn      rot      lat      swp
*T   1  5.00e-02  -9.525e-01  +0.000e+00    207.41   3.233e-02    2.112     0.375   4.267e+00    85.04     0.00    21.46     0.00
*T   2  5.00e-02  -8.968e-01  +0.000e+00    135.46   7.409e-02    1.540     0.283   2.237e+00    89.51     0.00    24.72     0.00
*T   3  5.00e-02  -9.387e-01  +0.000e+00    107.80   1.215e-01    2.030     0.387   3.687e+00    82.93     0.00    27.56     0.00
*
**********************************************************************
*
*                 -- AUTOADJUST [4] OUT --
*
*     target: lo % = 60.000000      hi % = 65.000000
*     Autoadjust % = 27.560976
*     Autoadjust: special case: (T-Tstep) = -1.750e-01 [a.u.]
*     Autoadjust: special case: ===> drop temp step to: 1.013e-01 [a.u.]
*     Autoadjust: special case: (T-Tstep) = -5.125e-02 [a.u.]
*     Autoadjust: special case: ===> drop temp step to: 4.556e-02 [a.u.]
*     Autoadjust: Lowering the temperature 4.556e-02 [a.u.]
*
**********************************************************************
*
*                 -- Autoadjust Metropolis Run --
*
*   autoadjust_temp_init  =  4.4375e-03
*   autoadjust_temp_step  =  4.5563e-02
*        autoadjust_runs  =        1240         configs per temp
*       autoadjust_count  =           5
*
**********************************************************************
*
* Metropolis: 3 temperature runs with these parameters:
*
*              runs  =      1240              loops per T
*               T_0  = 4.438e-03             initial temp
*               T_L  = 4.433e-03               final temp
*           T_alpha  = 7.996e+03          annealing alpha
*
*            T = T_0 * exp( -run_num**3 / T_alpha )
*
**********************************************************************
*H run      Temp       E_ion        E_ss   cel vol       SigPF       ar     ortho        pCnt          % Rejected Changes
*H                                                                                                 trn      rot      lat      swp
*T   1  4.44e-03  -1.142e+00  +0.000e+00     63.06   2.491e-01    2.039     0.422   3.676e+01    99.76     0.00    87.74     0.00
*T   2  4.44e-03  -1.135e+00  +0.000e+00     63.63   2.548e-01    1.898     0.420   2.409e+00   100.00     0.00    87.98     0.00
*T   3  4.43e-03  -1.139e+00  +0.000e+00     61.89   2.579e-01    1.951     0.421   1.565e+00   100.00     0.00    91.05     0.00
*
**********************************************************************
*
*                 -- AUTOADJUST [5] OUT --
*
*     target: lo % = 60.000000      hi % = 65.000000
*     Autoadjust % = 91.048387
*     Autoadjust: overshot! drop temp step to: 2.050e-02 [a.u.]
*     Autoadjust: Raising the temperature 2.050e-02 [a.u.]
*
**********************************************************************
*
*                 -- Autoadjust Metropolis Run --
*
*   autoadjust_temp_init  =  2.4941e-02
*   autoadjust_temp_step  =  2.0503e-02
*        autoadjust_runs  =        1250         configs per temp
*       autoadjust_count  =           6
*
**********************************************************************
*
* Metropolis: 3 temperature runs with these parameters:
*
*              runs  =      1250              loops per T
*               T_0  = 2.494e-02             initial temp
*               T_L  = 2.492e-02               final temp
*           T_alpha  = 7.996e+03          annealing alpha
*
*            T = T_0 * exp( -run_num**3 / T_alpha )
*
**********************************************************************
*H run      Temp       E_ion        E_ss   cel vol       SigPF       ar     ortho        pCnt          % Rejected Changes
*H                                                                                                 trn      rot      lat      swp
*T   1  2.49e-02  -1.057e+00  +0.000e+00     82.44   1.751e-01    1.204     0.467   3.623e+00    97.28     0.00    42.96     0.00
*T   2  2.49e-02  -1.009e+00  +0.000e+00     80.79   2.040e-01    1.409     0.544   2.275e+00    97.68     0.00    51.36     0.00
*T   3  2.49e-02  -1.049e+00  +0.000e+00     73.97   1.560e-01    1.633     0.494   3.214e+00    96.48     0.00    46.24     0.00
*
**********************************************************************
*
*                 -- AUTOADJUST [6] OUT --
*
*     target: lo % = 60.000000      hi % = 65.000000
*     Autoadjust % = 46.240000
*     Autoadjust: overshot! drop temp step to: 9.226e-03 [a.u.]
*     Autoadjust: Lowering the temperature 9.226e-03 [a.u.]
*
**********************************************************************
*
*                 -- Autoadjust Metropolis Run --
*
*   autoadjust_temp_init  =  1.5714e-02
*   autoadjust_temp_step  =  9.2264e-03
*        autoadjust_runs  =        1260         configs per temp
*       autoadjust_count  =           7
*
**********************************************************************
*
* Metropolis: 3 temperature runs with these parameters:
*
*              runs  =      1260              loops per T
*               T_0  = 1.571e-02             initial temp
*               T_L  = 1.570e-02               final temp
*           T_alpha  = 7.996e+03          annealing alpha
*
*            T = T_0 * exp( -run_num**3 / T_alpha )
*
**********************************************************************
*H run      Temp       E_ion        E_ss   cel vol       SigPF       ar     ortho        pCnt          % Rejected Changes
*H                                                                                                 trn      rot      lat      swp
*T   1  1.57e-02  -1.028e+00  +0.000e+00     67.82   2.218e-01    1.539     0.467   6.736e+00    98.02     0.00    62.54     0.00
*T   2  1.57e-02  -1.123e+00  +0.000e+00     57.72   2.159e-01    1.395     0.484   1.085e+01    98.02     0.00    62.22     0.00
*T   3  1.57e-02  -1.116e+00  +0.000e+00     58.90   2.453e-01    1.553     0.509   2.297e+00    99.60     0.00    61.90     0.00
*
**********************************************************************
*
*                 -- AUTOADJUST [7] OUT --
*
*     target: lo % = 60.000000      hi % = 65.000000
*     Autoadjust % = 61.904762
*     Autoadjust: temp = 1.571e-02  is good!  Exiting autoadjust.
*
**********************************************************************
*
* ------------------------------------------------------------
*              Autoadjust low temperatrure:
* ------------------------------------------------------------
*              Autoadjusting on 3 (1=trn,2=rot,3=lat,4=swp)
*
**********************************************************************
*
*                 -- Autoadjust Metropolis Run --
*
*   autoadjust_temp_init  =  2.0000e-02
*   autoadjust_temp_step  =  5.0000e-01
*        autoadjust_runs  =        1200         configs per temp
*       autoadjust_count  =           1
*
**********************************************************************
*
* Metropolis: 3 temperature runs with these parameters:
*
*              runs  =      1200              loops per T
*               T_0  = 2.000e-02             initial temp
*               T_L  = 2.000e-02               final temp
*           T_alpha  = 1.600e+08          annealing alpha
*
*            T = T_0 * exp( -run_num**3 / T_alpha )
*
**********************************************************************
*H run      Temp       E_ion        E_ss   cel vol       SigPF       ar     ortho        pCnt          % Rejected Changes
*H                                                                                                 trn      rot      lat      swp
*T   1  2.00e-02  -1.095e+00  +0.000e+00     63.61   2.677e-01    1.770     0.631   4.325e+00    99.58     0.00    65.42     0.00
*T   2  2.00e-02  -1.117e+00  +0.000e+00     55.93   2.610e-01    1.143     0.747   3.494e+00    99.75     0.00    60.00     0.00
*T   3  2.00e-02  -1.106e+00  +0.000e+00     53.31   2.532e-01    1.314     0.832   3.049e+00    99.33     0.00    55.08     0.00
*
**********************************************************************
*
*                 -- AUTOADJUST [1] OUT --
*
*     target: lo % = 95.000000      hi % = 99.900000
*     Autoadjust % = 55.083333
*     Autoadjust: special case: (T-Tstep) = -4.800e-01 [a.u.]
*     Autoadjust: special case: ===> drop temp step to: 2.250e-01 [a.u.]
*     Autoadjust: special case: (T-Tstep) = -2.050e-01 [a.u.]
*     Autoadjust: special case: ===> drop temp step to: 1.013e-01 [a.u.]
*     Autoadjust: special case: (T-Tstep) = -8.125e-02 [a.u.]
*     Autoadjust: special case: ===> drop temp step to: 4.556e-02 [a.u.]
*     Autoadjust: special case: (T-Tstep) = -2.556e-02 [a.u.]
*     Autoadjust: special case: ===> drop temp step to: 2.050e-02 [a.u.]
*     Autoadjust: special case: (T-Tstep) = -5.031e-04 [a.u.]
*     Autoadjust: special case: ===> drop temp step to: 9.226e-03 [a.u.]
*     Autoadjust: Lowering the temperature 9.226e-03 [a.u.]
*
**********************************************************************
*
*                 -- Autoadjust Metropolis Run --
*
*   autoadjust_temp_init  =  1.0774e-02
*   autoadjust_temp_step  =  9.2264e-03
*        autoadjust_runs  =        1210         configs per temp
*       autoadjust_count  =           2
*
**********************************************************************
*
* Metropolis: 3 temperature runs with these parameters:
*
*              runs  =      1210              loops per T
*               T_0  = 1.077e-02             initial temp
*               T_L  = 1.076e-02               final temp
*           T_alpha  = 7.996e+03          annealing alpha
*
*            T = T_0 * exp( -run_num**3 / T_alpha )
*
**********************************************************************
*H run      Temp       E_ion        E_ss   cel vol       SigPF       ar     ortho        pCnt          % Rejected Changes
*H                                                                                                 trn      rot      lat      swp
*T   1  1.08e-02  -1.098e+00  +0.000e+00     50.07   2.819e-01    1.282     0.777   8.965e+00    99.75     0.00    68.68     0.00
*T   2  1.08e-02  -1.179e+00  +0.000e+00     50.99   2.769e-01    1.057     0.791   6.290e+00   100.00     0.00    69.01     0.00
*T   3  1.08e-02  -1.186e+00  +0.000e+00     50.81   2.956e-01    1.086     0.736   3.384e+00   100.00     0.00    73.31     0.00
*
**********************************************************************
*
*                 -- AUTOADJUST [2] OUT --
*
*     target: lo % = 95.000000      hi % = 99.900000
*     Autoadjust % = 73.305785
*     Autoadjust: Lowering the temperature 9.226e-03 [a.u.]
*
**********************************************************************
*
*                 -- Autoadjust Metropolis Run --
*
*   autoadjust_temp_init  =  1.5472e-03
*   autoadjust_temp_step  =  9.2264e-03
*        autoadjust_runs  =        1220         configs per temp
*       autoadjust_count  =           3
*
**********************************************************************
*
* Metropolis: 3 temperature runs with these parameters:
*
*              runs  =      1220              loops per T
*               T_0  = 1.547e-03             initial temp
*               T_L  = 1.546e-03               final temp
*           T_alpha  = 7.996e+03          annealing alpha
*
*            T = T_0 * exp( -run_num**3 / T_alpha )
*
**********************************************************************
*H run      Temp       E_ion        E_ss   cel vol       SigPF       ar     ortho        pCnt          % Rejected Changes
*H                                                                                                 trn      rot      lat      swp
*T   1  1.55e-03  -1.203e+00  +0.000e+00     47.52   3.574e-01    1.145     0.733   1.663e+02   100.00     0.00    96.72     0.00
*T   2  1.55e-03  -1.202e+00  +0.000e+00     48.60   3.556e-01    1.105     0.727   1.533e+00   100.00     0.00    96.89     0.00
*T   3  1.55e-03  -1.201e+00  +0.000e+00     48.28   3.511e-01    1.121     0.723   1.745e+00   100.00     0.00    96.23     0.00
*
**********************************************************************
*
*                 -- AUTOADJUST [3] OUT --
*
*     target: lo % = 95.000000      hi % = 99.900000
*     Autoadjust % = 96.229508
*     Autoadjust: temp = 1.547e-03  is good!  Exiting autoadjust.
*
**********************************************************************
*
*
*          -- Initializing cell contents --
*
*
*
**********************************************************************
*
*            -- Starting Metropolis calculation --
*
*              temp_init  = 1.571e-02
*
**********************************************************************
*
* Metropolis: 10 temperature runs with these parameters:
*
*              runs  =      4800              loops per T
*               T_0  = 1.571e-02             initial temp
*               T_L  = 1.547e-03               final temp
*           T_alpha  = 3.145e+02          annealing alpha
*
*            T = T_0 * exp( -run_num**3 / T_alpha )
*
**********************************************************************
*H run      Temp       E_ion        E_ss   cel vol       SigPF       ar     ortho        pCnt          % Rejected Changes
*H                                                                                                 trn      rot      lat      swp
*M   1  1.57e-02  -1.085e+00  +0.000e+00     61.91   2.446e-01    1.440     0.762   4.210e+01    99.04     0.00    63.75     0.00
*M   2  1.57e-02  -1.151e+00  +0.000e+00     52.55   2.528e-01    1.255     0.658   6.414e+00    99.56     0.00    63.27     0.00
*M   3  1.53e-02  -9.961e-01  +0.000e+00    102.07   2.687e-01    1.362     0.733   6.914e+00    99.85     0.00    63.67     0.00
*M   4  1.44e-02  -1.080e+00  +0.000e+00     61.13   2.262e-01    1.530     0.717   4.355e+00    99.50     0.00    63.12     0.00
*M   5  1.28e-02  -1.091e+00  +0.000e+00     65.96   2.271e-01    1.473     0.746   7.226e+00    99.67     0.00    66.48     0.00
*M   6  1.06e-02  -1.137e+00  +0.000e+00     53.90   2.711e-01    1.656     0.430   9.662e+00    99.81     0.00    71.69     0.00
*M   7  7.91e-03  -1.151e+00  +0.000e+00     57.15   2.843e-01    1.880     0.468   4.310e+00    99.98     0.00    76.58     0.00
*M   8  5.28e-03  -1.182e+00  +0.000e+00     50.67   3.094e-01    1.734     0.439   6.016e+00    99.98     0.00    85.02     0.00
*M   9  3.08e-03  -1.187e+00  +0.000e+00     50.76   3.252e-01    1.832     0.419   4.747e+00   100.00     0.00    90.23     0.00
*M  10  1.55e-03  -1.196e+00  +0.000e+00     49.52   3.371e-01    1.790     0.424   2.713e+00   100.00     0.00    94.38     0.00
*
**********************************************************************
*
*
*          - Parameters at Post Ewald-Metro -
*
* Lattice parameters:
*
*             lat a  =    4.0251
*             lat b  =    7.2048
*             lat c  =    4.0284
*             alpha  =   28.7354
*             beta   =   90.7941
*             gamma  =   77.6072
*          cell vol  =   49.5193
*          cv/ortho  =    0.4239
*
* Energies:
*               ecc  = -1.1960e+00
*               eng  =  0.0000e+00
*
*
* Geometry:
*
*      packing frac  =    0.5260
*      aspect ratio  =    1.7900
*
* (dE/dV):
*                Px  =  1.0168e-02                    x-dir
*                Py  =  8.2934e-03                    y-dir
*                Pz  =  5.6914e-03                    z-dir
*
* Distances (PBC only):
*                                 min           hard           diff
*           ca1_ca1  =   1.000000e+06   2.320000e+00   9.999977e+05
*           ca1_ca2  =   1.000000e+06   1.160000e+00   9.999988e+05
*           ca1_ac1  =   2.839687e+00   2.830000e+00   9.686984e-03
*           ca1_av1  =   1.000000e+06  -1.000000e+00   1.000001e+06
*           ca1_ac2  =   1.000000e+06  -1.000000e+00   1.000001e+06
*           ca1_av2  =   1.000000e+06  -1.000000e+00   1.000001e+06
*           ca2_ca2  =   1.000000e+06   0.000000e+00   1.000000e+06
*           ca2_ac1  =   1.000000e+06   1.670000e+00   9.999983e+05
*           ca2_av1  =   1.000000e+06  -1.000000e+00   1.000001e+06
*           ca2_ac2  =   1.000000e+06  -1.000000e+00   1.000001e+06
*           ca2_av2  =   1.000000e+06  -1.000000e+00   1.000001e+06
*           ac1_ac1  =   1.000000e+06   3.340000e+00   9.999967e+05
*           ac1_av1  =   1.000000e+06  -1.000000e+00   1.000001e+06
*           ac1_ac2  =   1.000000e+06  -1.000000e+00   1.000001e+06
*           ac1_av2  =   1.000000e+06  -1.000000e+00   1.000001e+06
*           av1_av1  =   1.000000e+06  -1.000000e+00   1.000001e+06
*           av1_av2  =   1.000000e+06  -1.000000e+00   1.000001e+06
*           av2_av2  =   1.000000e+06  -1.000000e+00   1.000001e+06
*
*
*
**********************************************************************
*
*         - Comparing with 'best' structure -
*
****************************************************************
*
*          best ecc  = -1.2096e+00
*          best eng  =  0.0000e+00
*           ecc+eng  = -1.2096e+00
*          best vol  =  4.7732e+01
*           best pf  =  5.4570e-01
*
*     post_runs ecc  = -1.1960e+00
*     post_runs eng  =  0.0000e+00
*           ecc+eng  = -1.1960e+00
*     post_runs vol  =  4.9519e+01
*      post_runs pf  =  5.2600e-01
*
*       dV / V_runs  =  3.6086e-02
*
*          ecc_diff  = -1.3582e-02
*          eng_diff  =  0.0000e+00
*
*
****************************************************************
*
*  mag_ecc_diff > mag_eng_diff AND within BEST_VOL AND
* 'best' has lower energy than post runs! --> swapping.
*
****************************************************************
*
*
*          - Parameters at Post 'best-swap' -
*
* Lattice parameters:
*
*             lat a  =    4.1778
*             lat b  =    6.6883
*             lat c  =    3.9568
*             alpha  =   31.5804
*             beta   =   89.9270
*             gamma  =   72.6920
*          cell vol  =   47.7324
*          cv/ortho  =    0.4317
*
* Energies:
*               ecc  = -1.2096e+00
*               eng  =  0.0000e+00
*
*
* Geometry:
*
*      packing frac  =    0.5457
*      aspect ratio  =    1.6903
*
* (dE/dV):
*                Px  =  1.0029e-02                    x-dir
*                Py  =  4.9036e-03                    y-dir
*                Pz  =  1.0408e-02                    z-dir
*
* Distances (PBC only):
*                                 min           hard           diff
*           ca1_ca1  =   1.000000e+06   2.320000e+00   9.999977e+05
*           ca1_ca2  =   1.000000e+06   1.160000e+00   9.999988e+05
*           ca1_ac1  =   2.839664e+00   2.830000e+00   9.663961e-03
*           ca1_av1  =   1.000000e+06  -1.000000e+00   1.000001e+06
*           ca1_ac2  =   1.000000e+06  -1.000000e+00   1.000001e+06
*           ca1_av2  =   1.000000e+06  -1.000000e+00   1.000001e+06
*           ca2_ca2  =   1.000000e+06   0.000000e+00   1.000000e+06
*           ca2_ac1  =   1.000000e+06   1.670000e+00   9.999983e+05
*           ca2_av1  =   1.000000e+06  -1.000000e+00   1.000001e+06
*           ca2_ac2  =   1.000000e+06  -1.000000e+00   1.000001e+06
*           ca2_av2  =   1.000000e+06  -1.000000e+00   1.000001e+06
*           ac1_ac1  =   1.000000e+06   3.340000e+00   9.999967e+05
*           ac1_av1  =   1.000000e+06  -1.000000e+00   1.000001e+06
*           ac1_ac2  =   1.000000e+06  -1.000000e+00   1.000001e+06
*           ac1_av2  =   1.000000e+06  -1.000000e+00   1.000001e+06
*           av1_av1  =   1.000000e+06  -1.000000e+00   1.000001e+06
*           av1_av2  =   1.000000e+06  -1.000000e+00   1.000001e+06
*           av2_av2  =   1.000000e+06  -1.000000e+00   1.000001e+06
*
*
*
**********************************************************************
*
*         - Final Simplex relaxation with restarts -
*
**********************************************************************
*
*
****************************************************************
*
*
*        - Simplex Minimiziation Routine -
*
*
* Note: No aspect ratio constraint.
*
*
*            n_simp  =        15                   D.O.F.
*         simp_nmax  =      4500                max moves
*       simp_errlim  =  1.00e-08
*
*
*         - Initializing simplex arrays -
*
*
*      nfunk           rtol        pf        ar     ortho             e_ion              e_ss             e_tot
*X        11     7.4971e-03   0.55001   1.72827   0.43450    -1.2134967e+00     0.0000000e+00    -1.2134967e+00
*X      2000     9.9574e-07   0.56775   1.74113   0.42788    -1.2275423e+00     0.0000000e+00    -1.2275423e+00
*
*         simp_runs  =      3287               simp moves
*              rtol  =  9.79e-09               final rtol
*
* Simplex restart no. 1 of 10
*
*         - Initializing simplex arrays -
*
*
*      nfunk           rtol        pf        ar     ortho             e_ion              e_ss             e_tot
*X        12     1.4876e+00   0.56779   1.74145   0.42789    -1.2275618e+00     0.0000000e+00    -1.2275618e+00
*
*         simp_runs  =      1228               simp moves
*              rtol  =  9.18e-09               final rtol
*
* Simplex restart no. 2 of 10
*
*         - Initializing simplex arrays -
*
*
*      nfunk           rtol        pf        ar     ortho             e_ion              e_ss             e_tot
*X        12     1.4876e+00   0.56782   1.74145   0.42787    -1.2275930e+00     0.0000000e+00    -1.2275930e+00
*X      2001     1.3716e-08   0.56783   1.74110   0.42788    -1.2276233e+00     0.0000000e+00    -1.2276233e+00
*
*         simp_runs  =      2756               simp moves
*              rtol  =  9.95e-09               final rtol
*
* Simplex restart no. 3 of 10
*
*         - Initializing simplex arrays -
*
*
*      nfunk           rtol        pf        ar     ortho             e_ion              e_ss             e_tot
*X        12     1.4875e+00   0.56784   1.74111   0.42788    -1.2276268e+00     0.0000000e+00    -1.2276268e+00
*
*         simp_runs  =       808               simp moves
*              rtol  =  9.93e-09               final rtol
*
* Simplex restart no. 4 of 10
*
*         - Initializing simplex arrays -
*
*
*      nfunk           rtol        pf        ar     ortho             e_ion              e_ss             e_tot
*X        12     1.4875e+00   0.56784   1.74111   0.42788    -1.2276270e+00     0.0000000e+00    -1.2276270e+00
*
*         simp_runs  =       841               simp moves
*              rtol  =  9.76e-09               final rtol
*
* Simplex restart no. 5 of 10
*
*         - Initializing simplex arrays -
*
*
*      nfunk           rtol        pf        ar     ortho             e_ion              e_ss             e_tot
*X        12     1.4875e+00   0.56784   1.74111   0.42788    -1.2276270e+00     0.0000000e+00    -1.2276270e+00
*
*         simp_runs  =       846               simp moves
*              rtol  =  9.82e-09               final rtol
*
* Simplex restart no. 6 of 10
*
*         - Initializing simplex arrays -
*
*
*      nfunk           rtol        pf        ar     ortho             e_ion              e_ss             e_tot
*X        12     1.4875e+00   0.56784   1.74111   0.42788    -1.2276270e+00     0.0000000e+00    -1.2276270e+00
*
*         simp_runs  =       841               simp moves
*              rtol  =  9.65e-09               final rtol
*
* Simplex restart no. 7 of 10
*
*         - Initializing simplex arrays -
*
*
*      nfunk           rtol        pf        ar     ortho             e_ion              e_ss             e_tot
*X        12     1.4875e+00   0.56784   1.74111   0.42788    -1.2276270e+00     0.0000000e+00    -1.2276270e+00
*
*         simp_runs  =       879               simp moves
*              rtol  =  9.79e-09               final rtol
*
* Simplex restart no. 8 of 10
*
*         - Initializing simplex arrays -
*
*
*      nfunk           rtol        pf        ar     ortho             e_ion              e_ss             e_tot
*X        12     1.4875e+00   0.56784   1.74111   0.42788    -1.2276270e+00     0.0000000e+00    -1.2276270e+00
*
*         simp_runs  =       866               simp moves
*              rtol  =  9.94e-09               final rtol
*
* Simplex restart no. 9 of 10
*
*         - Initializing simplex arrays -
*
*
*      nfunk           rtol        pf        ar     ortho             e_ion              e_ss             e_tot
*X        12     1.4875e+00   0.56784   1.74111   0.42788    -1.2276270e+00     0.0000000e+00    -1.2276270e+00
*
*         simp_runs  =       876               simp moves
*              rtol  =  9.96e-09               final rtol
*
* Simplex restart no. 10 of 10
*
*         - Initializing simplex arrays -
*
*
*      nfunk           rtol        pf        ar     ortho             e_ion              e_ss             e_tot
*X        12     1.4875e+00   0.56784   1.74111   0.42788    -1.2276270e+00     0.0000000e+00    -1.2276270e+00
*
*         simp_runs  =       871               simp moves
*              rtol  =  9.84e-09               final rtol
*
****************************************************************
*
*          - Parameters at Post Simplex -
*
* Lattice parameters:
*
*             lat a  =    4.1436
*             lat b  =    6.7117
*             lat c  =    3.8548
*             alpha  =   31.4475
*             beta   =   90.0024
*             gamma  =   72.6340
*          cell vol  =   45.8714
*          cv/ortho  =    0.4279
*
* Energies:
*               ecc  = -1.2276e+00
*               eng  =  0.0000e+00
*
*
* Geometry:
*
*      packing frac  =    0.5678
*      aspect ratio  =    1.7411
*
* (dE/dV):
*                Px  =  1.0915e-02                    x-dir
*                Py  =  1.0000e+04                    y-dir
*                Pz  =  8.2917e-03                    z-dir
*
* Distances (PBC only):
*                                 min           hard           diff
*           ca1_ca1  =   1.000000e+06   2.320000e+00   9.999977e+05
*           ca1_ca2  =   1.000000e+06   1.160000e+00   9.999988e+05
*           ca1_ac1  =   2.830000e+00   2.830000e+00   4.990853e-09
*           ca1_av1  =   1.000000e+06  -1.000000e+00   1.000001e+06
*           ca1_ac2  =   1.000000e+06  -1.000000e+00   1.000001e+06
*           ca1_av2  =   1.000000e+06  -1.000000e+00   1.000001e+06
*           ca2_ca2  =   1.000000e+06   0.000000e+00   1.000000e+06
*           ca2_ac1  =   1.000000e+06   1.670000e+00   9.999983e+05
*           ca2_av1  =   1.000000e+06  -1.000000e+00   1.000001e+06
*           ca2_ac2  =   1.000000e+06  -1.000000e+00   1.000001e+06
*           ca2_av2  =   1.000000e+06  -1.000000e+00   1.000001e+06
*           ac1_ac1  =   1.000000e+06   3.340000e+00   9.999967e+05
*           ac1_av1  =   1.000000e+06  -1.000000e+00   1.000001e+06
*           ac1_ac2  =   1.000000e+06  -1.000000e+00   1.000001e+06
*           ac1_av2  =   1.000000e+06  -1.000000e+00   1.000001e+06
*           av1_av1  =   1.000000e+06  -1.000000e+00   1.000001e+06
*           av1_av2  =   1.000000e+06  -1.000000e+00   1.000001e+06
*           av2_av2  =   1.000000e+06  -1.000000e+00   1.000001e+06
*
*
***********************************************************
*        - Process and timing information -
*
* user time:   0 h 00 m 12.270555 s
* syst time:   0 h 00 m 00.009000 s
* signals: 0
* voluntary context switches: 8
* involuntary context switches: 10
*
***********************************************************
*SS symsearch output
*SS ( use:  | awk '($1=="*S"){print $0}' | sed 's/*S //' > temp.out )
*S Title
*S 1                 search type
*S 5.0 0.00001       displacement rms max min
*S 0.1 0.00001       strain rms max min
*S 1                 lattice input type
*S      4.14364     0.00000     0.00000
*S      2.00327     6.40577     0.00000
*S     -0.00016     3.44576     1.72818
*S 1 0 0
*S 0 1 0
*S 0 0 1
*S 2                 number of atoms
*S 11 0
*S      0.42391     0.18007     0.66916
*S      0.93120     0.16504     0.19146
*FF findsym output
*FF ( use:  | awk '($1=="*F"){print $0}' | sed 's/*F //' > temp.out )
*F Title
*F 0.001       displacement rms max min
*F 1                 lattice input type
*F      4.14364     0.00000     0.00000
*F      2.00327     6.40577     0.00000
*F     -0.00016     3.44576     1.72818
*F 1               basis vector in type
*F 1 0 0
*F 0 1 0
*F 0 0 1
*F 2                 number of atoms
*F 11 0
*F      0.42391     0.18007     0.66916
*F      0.93120     0.16504     0.19146
*DD powder output
*DD (use: | awk '($1=="*D"){print $0}' | sed 's/*D //' > temp.out )
*D 2
*D      4.14364     6.71170     3.85484
*D     31.44746    90.00244    72.63400
*D      0.42391     0.18007     0.66916        11
*D      0.93120     0.16504     0.19146         0
*PP poscar output
*PP (use: | awk '($1=="*P"){print $0}' | sed 's/*P //' > temp.out )
*P Z: 11 17 
*P 1.0 
*P      4.14364445     0.00000000     0.00000000
*P      2.00327199     6.40576551     0.00000000
*P     -0.00016434     3.44575574     1.72817661
*P 1 1 0 
*P Direct
*P       0.423910959901      0.180069320405      0.669156728808
*P       0.931201081933      0.165036301915      0.191463777613
*QQ poscar output
*QQ (use: | awk '($1=="*Q"){print $0}' | sed 's/*Q //' > temp.out )
*Q +1.000000000000 -1.000000000000 
*Q 1.0 
*Q      4.14364445     0.00000000     0.00000000
*Q      2.00327199     6.40576551     0.00000000
*Q     -0.00016434     3.44575574     1.72817661
*Q 1 1 0 
*Q Direct
*Q       0.423910959901      0.180069320405      0.669156728808
*Q       0.931201081933      0.165036301915      0.191463777613
*RR restart output
*RR (use: | awk '($1=="*R"){print $0}' | sed 's/*R //' > temp.out )
*R     4.143644453450    6.711701012846    3.854844621443
*R     0.548861763431    1.570838958467    1.267702370266
*R      1
*R      1     1
*R   -1.000000000000000   0.000000000000000
*R     0.000000000000    1.670000000000    0.000000000000    17     0
*R      1
*R      1   1.000000000000000
*R     1.160000000000    11
*R     0.423910959901    0.180069320405    0.669156728808
*R     0.931201081933    0.165036301915    0.191463777613
* XBS output
* CATION:
atom C     2.117154155    3.459232485    1.156421004
spec C     1.160000000    1.000000000    0.000000000    0.000000000
* ANION:
atom A     4.189147334    1.716921263    0.330883221
spec A     1.670000000    0.000000000    0.000000000    1.000000000
spec V     0.000000000    0.000000000    1.000000000    0.000000000
bonds A V  0.000000000    0.000000000    0.010000000    Black
* CELL PARAMETERS AND BORDER
atom 0    0.00000   0.00000   0.00000
atom 1    4.14364   0.00000   0.00000
atom 2    6.14692   6.40577   0.00000
atom 3    2.00327   6.40577   0.00000
atom 4   -0.00016   3.44576   1.72818
atom 5    4.14348   3.44576   1.72818
atom 6    6.14675   9.85152   1.72818
atom 7    2.00311   9.85152   1.72818
spec 0     0.050000000    0.000000000    0.000000000    0.000000000
spec 1     0.050000000    0.000000000    0.000000000    0.000000000
spec 2     0.050000000    0.000000000    0.000000000    0.000000000
spec 3     0.050000000    0.000000000    0.000000000    0.000000000
spec 4     0.050000000    0.000000000    0.000000000    0.000000000
spec 5     0.050000000    0.000000000    0.000000000    0.000000000
spec 6     0.050000000    0.000000000    0.000000000    0.000000000
spec 7     0.050000000    0.000000000    0.000000000    0.000000000
bonds 0 1  4.139500809    4.147788098    0.010000000    Black
bonds 3 2  4.139500809    4.147788098    0.010000000    Black
bonds 4 5  4.139500809    4.147788098    0.010000000    Black
bonds 6 7  4.139500809    4.147788098    0.010000000    Black
bonds 1 2  6.704989312    6.718412714    0.010000000    Black
bonds 0 3  6.704989312    6.718412714    0.010000000    Black
bonds 5 6  6.704989312    6.718412714    0.010000000    Black
bonds 4 7  6.704989312    6.718412714    0.010000000    Black
bonds 0 4  3.850989777    3.858699466    0.010000000    Black
bonds 1 5  3.850989777    3.858699466    0.010000000    Black
bonds 2 6  3.850989777    3.858699466    0.010000000    Black
bonds 3 7  3.850989777    3.858699466    0.010000000    Black
inc 5.000000
dup    4.14364   0.00000   0.00000
dup    2.00327   6.40577   0.00000
dup   -0.00016   3.44576   1.72818
