*************************************************
*	pack	(version 4.12.0.5)
*	Eric Majzoub
*	Sandia National Laboratories
*************************************************
*  Source file: main.c
*  Compile date: Dec 27 2012
*  Compile time: 17:19:04
*  commandline = /projects/e20438/bin/pack-4.12.0.5/pack_exe -f ../../NaCl_pegs.in -P -R -r 400 -t 20 -g 24103 
*  input file = ../../NaCl_pegs.in
**********************************************************************
**********************************************************************
**********************************************************************
* 
*       - General run comments -
* 
* WARN: no Rotations in Metropolis (-R flag).
* WARN: all anionic charge on center atom (-P flag).
*
**********************************************************************
*           - Input parameters -
*
*           restart  =         0         1 = restart calc
*        autoadjust  =         1   automatically set temp
*          aa_using  =         1        1=rej pct, 2=pCnt
*         basin hop  =         0           number of hops
*     non_per_ewald  =         0          1=nanopart calc
*
*             lat a  =   10.0000
*             lat b  =   10.0000
*             lat c  =   10.0000
*             alpha  =    1.5708
*             beta   =    1.5708
*             gamma  =    1.5708
*          cell vol  = 1000.0000
*      sqsh vol pct  =    0.2000
* 
*          cell_min  =    1.6700              min lat vec
*          cell_max  =  167.0000              max lat vec
* 
*         n_type_an  =         1          num type anions
*            num_an  =         1           tot num anions
* 
*          num_an_1  =         1        num anions type 1
*        num_vert_1  =         1     1=sph 2=dim 5=tet...
*       an_chrg_c_1  =   -1.0000      anion center charge
*       an_chrg_v_1  =    0.0000      anion vertex charge
*     tot_an_chrg_1  =   -1.0000       total anion charge
*           Rcent_1  =    1.6700         anion center rad
*           Rvert_1  =    0.0000         anion vertex rad
*             cvd_1  =    0.0000        cent to vert dist
*           Zcent_1  =        17           anion center Z
*           Zvert_1  =         0           anion vertex Z
* 
*          num_an_2  =         0        num anions type 2
*        num_vert_2  =         0     1=sph 2=dim 5=tet...
*       an_chrg_c_2  =    0.0000      anion center charge
*       an_chrg_v_2  =    0.0000      anion vertex charge
*     tot_an_chrg_2  =    0.0000       total anion charge
*           Rcent_2  =    0.0000         anion center rad
*           Rvert_2  =    0.0000         anion vertex rad
*             cvd_2  =    0.0000        cent to vert dist
*           Zcent_2  =         0           anion center Z
*           Zvert_2  =         0           anion vertex Z
* 
*         n_type_ca  =         1            num type cats
*            num_ca  =         1          tot num cations
* 
*          num_ca_1  =         1        num cations typ 1
*         ca_chrg_1  =    1.0000        cation chrg typ 1
*            Rcat_1  =    1.1600         cation rad typ 1
*            Zcat_1  =        11           cation Z typ 1
* 
*            C2VTOL  =  1.00e-08            c2v tolerance
*            ERRLIM  =  1.00e-06
*       REP_EPSILON  =  1.00e+00        soft sphere repul
*    TRANS_FRAC_MAX  =    0.5000                    fixed
*    TRANS_FRAC_MIN  =    0.0200
*      MAX_ANG_CHNG  =    9.9695                  degrees
*    VOLUM_FRAC_MAX  =    0.0700
*         EXT_PRESS  =  0.00e+00        external pressure
*      SQSH_VOL_PCT  =    0.2000             min orth val
*        ASPECT_MAX  =   20.0000                cell parm
*            dplane  =    1.6700            min plane sep
*      SCALE_FACTOR  =    1.2500         bhop max scaling
* 
*            d.o.f.  =        12       degrees of freedom
*          runs/dof  =       400         loops per d.o.f.
*              runs  =      4800              loops per T
*               ncc  =     19200     config changes per T
*            t_runs  =        20           num temp steps
*             efunc  =         0               0=SS  1=LJ
*       N_HALT_CHNG  =        15      halts after N 100%s
*
*      anneal_sched  =         3   0=lin or exp(-run_n^n)
*         temp_init  =  1.00e+00             initial temp
*         temp_finl  =  1.00e-03               final temp
* 
*          trn_chng  =         1              0=off  1=on
*          rot_chng  =         0              0=off  1=on
*          lat_chng  =         1              0=off  1=on
*          swp_chng  =         1              0=off  1=on
* 
*     SIMP_RESTARTS  =        11     no. simplex restarts
*  SIMP_RESTARTS BH  =        21  basin hop simp restarts
*         SIMP_NMAX  =      4500        max simplex iters
*          SIMP_DEG  =    1.0000          anion start deg
*         SIMP_LAMB  =    0.0100        vertex start frac
*       SIMP_ERRLIM  =  1.00e-08              error limit
* 
*           aa runs  =      1200           config changes
*      aa runs_step  =        10   config change increase
*       aa runs_max  =      1500  max auto config changes
*         aa t_runs  =         3            num temp runs
*      aa temp_step  =    0.5000                temp step
* 
*        aa chng hi  =         3  1=trn 2=rot 3=lat 4=swp
*        aa chng lo  =         3  1=trn 2=rot 3=lat 4=swp
* 
*      aa ht_pct_hi  =     0.650             high rej pct
*      aa ht_pct_lo  =     0.600             low  rej pct
* 
*      aa lt_pct_hi  =     0.999             high rej pct
*      aa lt_pct_lo  =     0.950             low  rej pct
* 
*            tmpfile =                   PR20001-best.tmp
* 
* Checking for out of bounds fractional coords.
*
**********************************************************************
*
*          - Parameters at START -
*
* Lattice parameters:
*
*             lat a  =   10.0000
*             lat b  =   10.0000
*             lat c  =   10.0000
*             alpha  =   90.0000
*             beta   =   90.0000
*             gamma  =   90.0000
*          cell vol  = 1000.0000
*          cv/ortho  =    1.0000
*
* Energies:
*               ecc  = -4.6356e-01
*               eng  =  0.0000e+00
*
*
* Geometry:
*
*      packing frac  =    0.0260
*      aspect ratio  =    1.0000
*
* (dE/dV):
*                Px  =  4.6965e-05                    x-dir
*                Py  =  1.7017e-04                    y-dir
*                Pz  =  2.4642e-04                    z-dir
*
* Distances (PBC only):
*                                 min           hard           diff
*           ca1_ca1  =   1.000000e+06   2.320000e+00   9.999977e+05
*           ca1_ca2  =   1.000000e+06   1.160000e+00   9.999988e+05
*           ca1_ac1  =   5.576649e+00   2.830000e+00   2.746649e+00
*           ca1_av1  =   1.000000e+06  -1.000000e+00   1.000001e+06
*           ca1_ac2  =   1.000000e+06  -1.000000e+00   1.000001e+06
*           ca1_av2  =   1.000000e+06  -1.000000e+00   1.000001e+06
*           ca2_ca2  =   1.000000e+06   0.000000e+00   1.000000e+06
*           ca2_ac1  =   1.000000e+06   1.670000e+00   9.999983e+05
*           ca2_av1  =   1.000000e+06  -1.000000e+00   1.000001e+06
*           ca2_ac2  =   1.000000e+06  -1.000000e+00   1.000001e+06
*           ca2_av2  =   1.000000e+06  -1.000000e+00   1.000001e+06
*           ac1_ac1  =   1.000000e+06   3.340000e+00   9.999967e+05
*           ac1_av1  =   1.000000e+06  -1.000000e+00   1.000001e+06
*           ac1_ac2  =   1.000000e+06  -1.000000e+00   1.000001e+06
*           ac1_av2  =   1.000000e+06  -1.000000e+00   1.000001e+06
*           av1_av1  =   1.000000e+06  -1.000000e+00   1.000001e+06
*           av1_av2  =   1.000000e+06  -1.000000e+00   1.000001e+06
*           av2_av2  =   1.000000e+06  -1.000000e+00   1.000001e+06
*
*
*
**********************************************************************
*
* ------------------------------------------------------------
*              Autoadjust high temperatrure:
* ------------------------------------------------------------
*              Autoadjusting on 3 (1=trn,2=rot,3=lat,4=swp)
*
**********************************************************************
*
*                 -- Autoadjust Metropolis Run --
*
*   autoadjust_temp_init  =  1.0000e+00
*   autoadjust_temp_step  =  5.0000e-01
*        autoadjust_runs  =        1200         configs per temp
*       autoadjust_count  =           1
*
**********************************************************************
*
* Metropolis: 3 temperature runs with these parameters:
*
*              runs  =      1200              loops per T
*               T_0  = 1.000e+00             initial temp
*               T_L  = 1.000e+00               final temp
*           T_alpha  = 8.000e+09          annealing alpha
*
*            T = T_0 * exp( -run_num**3 / T_alpha )
*
**********************************************************************
*H run      Temp       E_ion        E_ss   cel vol       SigPF       ar     ortho        pCnt          % Rejected Changes
*H                                                                                                 trn      rot      lat      swp
*T   1  1.00e+00  -5.671e-01  +0.000e+00    190.28   6.483e-02    1.915     0.891   9.611e-02    41.92     0.00     3.25     0.00
*T   2  1.00e+00  -6.677e-01  +0.000e+00   1669.44   6.362e-02    3.773     0.529   1.703e-01    30.67     0.00     2.42     0.00
*T   3  1.00e+00  -5.088e-02  +0.000e+00   7075.48   8.830e-03    4.273     0.424   1.487e-01    20.50     0.00     1.58     0.00
*
**********************************************************************
*
*                 -- AUTOADJUST [1] OUT --
*
*     target: lo % = 60.000000      hi % = 65.000000
*     Autoadjust % =  1.583333
*     Autoadjust: Lowering the temperature 5.000e-01 [a.u.]
*
**********************************************************************
*
*                 -- Autoadjust Metropolis Run --
*
*   autoadjust_temp_init  =  5.0000e-01
*   autoadjust_temp_step  =  5.0000e-01
*        autoadjust_runs  =        1210         configs per temp
*       autoadjust_count  =           2
*
**********************************************************************
*
* Metropolis: 3 temperature runs with these parameters:
*
*              runs  =      1210              loops per T
*               T_0  = 5.000e-01             initial temp
*               T_L  = 4.995e-01               final temp
*           T_alpha  = 7.996e+03          annealing alpha
*
*            T = T_0 * exp( -run_num**3 / T_alpha )
*
**********************************************************************
*H run      Temp       E_ion        E_ss   cel vol       SigPF       ar     ortho        pCnt          % Rejected Changes
*H                                                                                                 trn      rot      lat      swp
*T   1  5.00e-01  +2.576e-01  +0.000e+00  56595.65   1.015e-03    9.934     0.573   5.947e-01    33.80     0.00     2.07     0.00
*T   2  5.00e-01  +3.529e-01  +0.000e+00  39358.54   3.212e-04    5.234     0.578   1.858e-01    21.49     0.00     0.99     0.00
*T   3  4.99e-01  -6.048e-02  +0.000e+00  76530.02   8.632e-04    2.620     0.496   8.517e-02    10.33     0.00     2.15     0.00
*
**********************************************************************
*
*                 -- AUTOADJUST [2] OUT --
*
*     target: lo % = 60.000000      hi % = 65.000000
*     Autoadjust % =  2.148760
*     Autoadjust: special case: (T-Tstep) = 0.000e+00 [a.u.]
*     Autoadjust: special case: ===> drop temp step to: 2.250e-01 [a.u.]
*     Autoadjust: Lowering the temperature 2.250e-01 [a.u.]
*
**********************************************************************
*
*                 -- Autoadjust Metropolis Run --
*
*   autoadjust_temp_init  =  2.7500e-01
*   autoadjust_temp_step  =  2.2500e-01
*        autoadjust_runs  =        1220         configs per temp
*       autoadjust_count  =           3
*
**********************************************************************
*
* Metropolis: 3 temperature runs with these parameters:
*
*              runs  =      1220              loops per T
*               T_0  = 2.750e-01             initial temp
*               T_L  = 2.747e-01               final temp
*           T_alpha  = 7.996e+03          annealing alpha
*
*            T = T_0 * exp( -run_num**3 / T_alpha )
*
**********************************************************************
*H run      Temp       E_ion        E_ss   cel vol       SigPF       ar     ortho        pCnt          % Rejected Changes
*H                                                                                                 trn      rot      lat      swp
*T   1  2.75e-01  -5.759e-01  +0.000e+00   5930.17   8.074e-03    3.962     0.209   3.345e-01    24.43     0.00     6.31     0.00
*T   2  2.75e-01  -3.466e-01  +0.000e+00   1531.38   4.330e-03    7.512     0.349   3.628e-01    22.13     0.00     3.93     0.00
*T   3  2.75e-01  -4.914e-01  +0.000e+00   3084.12   1.381e-02    5.578     0.376   1.275e+00    61.89     0.00     6.39     0.00
*
**********************************************************************
*
*                 -- AUTOADJUST [3] OUT --
*
*     target: lo % = 60.000000      hi % = 65.000000
*     Autoadjust % =  6.393443
*     Autoadjust: Lowering the temperature 2.250e-01 [a.u.]
*
**********************************************************************
*
*                 -- Autoadjust Metropolis Run --
*
*   autoadjust_temp_init  =  5.0000e-02
*   autoadjust_temp_step  =  2.2500e-01
*        autoadjust_runs  =        1230         configs per temp
*       autoadjust_count  =           4
*
**********************************************************************
*
* Metropolis: 3 temperature runs with these parameters:
*
*              runs  =      1230              loops per T
*               T_0  = 5.000e-02             initial temp
*               T_L  = 4.995e-02               final temp
*           T_alpha  = 7.996e+03          annealing alpha
*
*            T = T_0 * exp( -run_num**3 / T_alpha )
*
**********************************************************************
*H run      Temp       E_ion        E_ss   cel vol       SigPF       ar     ortho        pCnt          % Rejected Changes
*H                                                                                                 trn      rot      lat      swp
*T   1  5.00e-02  -9.003e-01  +0.000e+00   1093.97   1.313e-02    9.803     0.486   6.425e+00    96.18     0.00    25.45     0.00
*T   2  5.00e-02  -8.976e-01  +0.000e+00    415.77   1.936e-02   11.202     0.406   2.124e+00    98.37     0.00    23.01     0.00
*T   3  5.00e-02  -9.498e-01  +0.000e+00    386.49   2.238e-02    7.782     0.374   4.193e+00    98.37     0.00    25.77     0.00
*
**********************************************************************
*
*                 -- AUTOADJUST [4] OUT --
*
*     target: lo % = 60.000000      hi % = 65.000000
*     Autoadjust % = 25.772358
*     Autoadjust: special case: (T-Tstep) = -1.750e-01 [a.u.]
*     Autoadjust: special case: ===> drop temp step to: 1.013e-01 [a.u.]
*     Autoadjust: special case: (T-Tstep) = -5.125e-02 [a.u.]
*     Autoadjust: special case: ===> drop temp step to: 4.556e-02 [a.u.]
*     Autoadjust: Lowering the temperature 4.556e-02 [a.u.]
*
**********************************************************************
*
*                 -- Autoadjust Metropolis Run --
*
*   autoadjust_temp_init  =  4.4375e-03
*   autoadjust_temp_step  =  4.5563e-02
*        autoadjust_runs  =        1240         configs per temp
*       autoadjust_count  =           5
*
**********************************************************************
*
* Metropolis: 3 temperature runs with these parameters:
*
*              runs  =      1240              loops per T
*               T_0  = 4.438e-03             initial temp
*               T_L  = 4.433e-03               final temp
*           T_alpha  = 7.996e+03          annealing alpha
*
*            T = T_0 * exp( -run_num**3 / T_alpha )
*
**********************************************************************
*H run      Temp       E_ion        E_ss   cel vol       SigPF       ar     ortho        pCnt          % Rejected Changes
*H                                                                                                 trn      rot      lat      swp
*T   1  4.44e-03  -1.062e+00  +0.000e+00    518.34   3.551e-02    8.653     0.586   1.157e+01    99.92     0.00    69.84     0.00
*T   2  4.44e-03  -1.073e+00  +0.000e+00    255.63   5.552e-02    4.849     0.488   1.653e+00   100.00     0.00    67.10     0.00
*T   3  4.43e-03  -1.068e+00  +0.000e+00    151.52   1.041e-01    2.649     0.528   1.765e+00   100.00     0.00    63.15     0.00
*
**********************************************************************
*
*                 -- AUTOADJUST [5] OUT --
*
*     target: lo % = 60.000000      hi % = 65.000000
*     Autoadjust % = 63.145161
*     Autoadjust: temp = 4.438e-03  is good!  Exiting autoadjust.
*
**********************************************************************
*
* ------------------------------------------------------------
*              Autoadjust low temperatrure:
* ------------------------------------------------------------
*              Autoadjusting on 3 (1=trn,2=rot,3=lat,4=swp)
*
**********************************************************************
*
*                 -- Autoadjust Metropolis Run --
*
*   autoadjust_temp_init  =  2.0000e-02
*   autoadjust_temp_step  =  5.0000e-01
*        autoadjust_runs  =        1200         configs per temp
*       autoadjust_count  =           1
*
**********************************************************************
*
* Metropolis: 3 temperature runs with these parameters:
*
*              runs  =      1200              loops per T
*               T_0  = 2.000e-02             initial temp
*               T_L  = 2.000e-02               final temp
*           T_alpha  = 1.600e+08          annealing alpha
*
*            T = T_0 * exp( -run_num**3 / T_alpha )
*
**********************************************************************
*H run      Temp       E_ion        E_ss   cel vol       SigPF       ar     ortho        pCnt          % Rejected Changes
*H                                                                                                 trn      rot      lat      swp
*T   1  2.00e-02  -1.020e+00  +0.000e+00     92.99   1.520e-01    1.399     0.376   4.073e+00    97.58     0.00    48.08     0.00
*T   2  2.00e-02  -1.061e+00  +0.000e+00     78.23   2.096e-01    1.829     0.398   3.752e+00    98.50     0.00    62.00     0.00
*T   3  2.00e-02  -1.132e+00  +0.000e+00     60.17   2.258e-01    1.530     0.467   3.707e+00    99.08     0.00    62.08     0.00
*
**********************************************************************
*
*                 -- AUTOADJUST [1] OUT --
*
*     target: lo % = 95.000000      hi % = 99.900000
*     Autoadjust % = 62.083333
*     Autoadjust: special case: (T-Tstep) = -4.800e-01 [a.u.]
*     Autoadjust: special case: ===> drop temp step to: 2.250e-01 [a.u.]
*     Autoadjust: special case: (T-Tstep) = -2.050e-01 [a.u.]
*     Autoadjust: special case: ===> drop temp step to: 1.013e-01 [a.u.]
*     Autoadjust: special case: (T-Tstep) = -8.125e-02 [a.u.]
*     Autoadjust: special case: ===> drop temp step to: 4.556e-02 [a.u.]
*     Autoadjust: special case: (T-Tstep) = -2.556e-02 [a.u.]
*     Autoadjust: special case: ===> drop temp step to: 2.050e-02 [a.u.]
*     Autoadjust: special case: (T-Tstep) = -5.031e-04 [a.u.]
*     Autoadjust: special case: ===> drop temp step to: 9.226e-03 [a.u.]
*     Autoadjust: Lowering the temperature 9.226e-03 [a.u.]
*
**********************************************************************
*
*                 -- Autoadjust Metropolis Run --
*
*   autoadjust_temp_init  =  1.0774e-02
*   autoadjust_temp_step  =  9.2264e-03
*        autoadjust_runs  =        1210         configs per temp
*       autoadjust_count  =           2
*
**********************************************************************
*
* Metropolis: 3 temperature runs with these parameters:
*
*              runs  =      1210              loops per T
*               T_0  = 1.077e-02             initial temp
*               T_L  = 1.076e-02               final temp
*           T_alpha  = 7.996e+03          annealing alpha
*
*            T = T_0 * exp( -run_num**3 / T_alpha )
*
**********************************************************************
*H run      Temp       E_ion        E_ss   cel vol       SigPF       ar     ortho        pCnt          % Rejected Changes
*H                                                                                                 trn      rot      lat      swp
*T   1  1.08e-02  -1.125e+00  +0.000e+00     60.99   2.628e-01    1.857     0.528   1.832e+00    99.92     0.00    77.36     0.00
*T   2  1.08e-02  -1.149e+00  +0.000e+00     57.82   2.555e-01    1.820     0.493   4.236e+00    99.75     0.00    76.28     0.00
*T   3  1.08e-02  -1.156e+00  +0.000e+00     54.79   2.763e-01    1.719     0.493   1.051e+00   100.00     0.00    79.67     0.00
*
**********************************************************************
*
*                 -- AUTOADJUST [2] OUT --
*
*     target: lo % = 95.000000      hi % = 99.900000
*     Autoadjust % = 79.669421
*     Autoadjust: Lowering the temperature 9.226e-03 [a.u.]
*
**********************************************************************
*
*                 -- Autoadjust Metropolis Run --
*
*   autoadjust_temp_init  =  1.5472e-03
*   autoadjust_temp_step  =  9.2264e-03
*        autoadjust_runs  =        1220         configs per temp
*       autoadjust_count  =           3
*
**********************************************************************
*
* Metropolis: 3 temperature runs with these parameters:
*
*              runs  =      1220              loops per T
*               T_0  = 1.547e-03             initial temp
*               T_L  = 1.546e-03               final temp
*           T_alpha  = 7.996e+03          annealing alpha
*
*            T = T_0 * exp( -run_num**3 / T_alpha )
*
**********************************************************************
*H run      Temp       E_ion        E_ss   cel vol       SigPF       ar     ortho        pCnt          % Rejected Changes
*H                                                                                                 trn      rot      lat      swp
*T   1  1.55e-03  -1.174e+00  +0.000e+00     52.86   3.186e-01    1.705     0.496   1.639e+02   100.00     0.00    95.33     0.00
*T   2  1.55e-03  -1.177e+00  +0.000e+00     52.05   3.267e-01    1.699     0.490   1.125e+00   100.00     0.00    97.38     0.00
*T   3  1.55e-03  -1.177e+00  +0.000e+00     52.49   3.231e-01    1.743     0.488   4.899e+00   100.00     0.00    96.56     0.00
*
**********************************************************************
*
*                 -- AUTOADJUST [3] OUT --
*
*     target: lo % = 95.000000      hi % = 99.900000
*     Autoadjust % = 96.557377
*     Autoadjust: temp = 1.547e-03  is good!  Exiting autoadjust.
*
**********************************************************************
*
*
*          -- Initializing cell contents --
*
*
*
**********************************************************************
*
*            -- Starting Metropolis calculation --
*
*              temp_init  = 4.438e-03
*
**********************************************************************
*
* Metropolis: 20 temperature runs with these parameters:
*
*              runs  =      4800              loops per T
*               T_0  = 4.438e-03             initial temp
*               T_L  = 1.547e-03               final temp
*           T_alpha  = 6.510e+03          annealing alpha
*
*            T = T_0 * exp( -run_num**3 / T_alpha )
*
**********************************************************************
*H run      Temp       E_ion        E_ss   cel vol       SigPF       ar     ortho        pCnt          % Rejected Changes
*H                                                                                                 trn      rot      lat      swp
*M   1  4.44e-03  -1.143e+00  +0.000e+00     51.29   1.897e-01    1.697     0.531   3.428e+02    99.54     0.00    88.79     0.00
*M   2  4.44e-03  -1.155e+00  +0.000e+00     50.38   3.304e-01    1.760     0.503   3.297e+00   100.00     0.00    91.77     0.00
*M   3  4.43e-03  -1.172e+00  +0.000e+00     49.95   3.306e-01    1.743     0.470   3.700e+00    99.98     0.00    90.73     0.00
*M   4  4.42e-03  -1.138e+00  +0.000e+00     53.77   3.152e-01    1.716     0.485   5.145e+00    99.96     0.00    89.83     0.00
*M   5  4.39e-03  -1.176e+00  +0.000e+00     49.07   3.323e-01    1.754     0.462   5.206e+00    99.98     0.00    89.60     0.00
*M   6  4.35e-03  -1.190e+00  +0.000e+00     47.76   3.424e-01    1.715     0.470   3.296e+00    99.96     0.00    90.83     0.00
*M   7  4.29e-03  -1.186e+00  +0.000e+00     48.88   3.443e-01    1.659     0.463   1.299e+01    99.98     0.00    90.58     0.00
*M   8  4.21e-03  -1.190e+00  +0.000e+00     48.78   3.374e-01    1.629     0.439   2.539e+00   100.00     0.00    90.77     0.00
*M   9  4.10e-03  -1.217e+00  +0.000e+00     46.25   3.347e-01    1.616     0.418   6.608e+00    99.96     0.00    89.94     0.00
*M  10  3.97e-03  -1.215e+00  +0.000e+00     46.10   3.557e-01    1.609     0.426   4.238e+00   100.00     0.00    91.73     0.00
*M  11  3.81e-03  -1.207e+00  +0.000e+00     46.27   3.573e-01    1.708     0.462   2.959e+00   100.00     0.00    92.19     0.00
*M  12  3.62e-03  -1.219e+00  +0.000e+00     45.45   3.606e-01    1.666     0.452   3.945e+00    99.98     0.00    92.40     0.00
*M  13  3.40e-03  -1.203e+00  +0.000e+00     44.36   3.662e-01    1.772     0.495   4.936e+00   100.00     0.00    93.38     0.00
*M  14  3.17e-03  -1.212e+00  +0.000e+00     44.85   3.680e-01    1.741     0.479   5.265e+00   100.00     0.00    93.38     0.00
*M  15  2.91e-03  -1.214e+00  +0.000e+00     45.18   3.707e-01    1.731     0.471   3.663e+00   100.00     0.00    94.81     0.00
*M  16  2.64e-03  -1.218e+00  +0.000e+00     45.35   3.738e-01    1.696     0.461   3.227e+00   100.00     0.00    95.75     0.00
*M  17  2.37e-03  -1.218e+00  +0.000e+00     45.88   3.693e-01    1.664     0.443   1.957e+00   100.00     0.00    94.88     0.00
*M  18  2.09e-03  -1.222e+00  +0.000e+00     45.63   3.709e-01    1.672     0.441   1.816e+00   100.00     0.00    95.60     0.00
*M  19  1.81e-03  -1.220e+00  +0.000e+00     45.64   3.742e-01    1.680     0.447   1.338e+00   100.00     0.00    96.85     0.00
*M  20  1.55e-03  -1.220e+00  +0.000e+00     45.73   3.745e-01    1.667     0.443   2.427e+00   100.00     0.00    96.79     0.00
*
**********************************************************************
*
*
*          - Parameters at Post Ewald-Metro -
*
* Lattice parameters:
*
*             lat a  =    3.8548
*             lat b  =    6.4244
*             lat c  =    4.1709
*             alpha  =  108.5674
*             beta   =   56.4376
*             gamma  =   61.4346
*          cell vol  =   45.7276
*          cv/ortho  =    0.4427
*
* Energies:
*               ecc  = -1.2204e+00
*               eng  =  0.0000e+00
*
*
* Geometry:
*
*      packing frac  =    0.5696
*      aspect ratio  =    1.6666
*
* (dE/dV):
*                Px  =  8.7040e-03                    x-dir
*                Py  =  8.3185e-03                    y-dir
*                Pz  =  9.6670e-03                    z-dir
*
* Distances (PBC only):
*                                 min           hard           diff
*           ca1_ca1  =   1.000000e+06   2.320000e+00   9.999977e+05
*           ca1_ca2  =   1.000000e+06   1.160000e+00   9.999988e+05
*           ca1_ac1  =   2.837036e+00   2.830000e+00   7.036369e-03
*           ca1_av1  =   1.000000e+06  -1.000000e+00   1.000001e+06
*           ca1_ac2  =   1.000000e+06  -1.000000e+00   1.000001e+06
*           ca1_av2  =   1.000000e+06  -1.000000e+00   1.000001e+06
*           ca2_ca2  =   1.000000e+06   0.000000e+00   1.000000e+06
*           ca2_ac1  =   1.000000e+06   1.670000e+00   9.999983e+05
*           ca2_av1  =   1.000000e+06  -1.000000e+00   1.000001e+06
*           ca2_ac2  =   1.000000e+06  -1.000000e+00   1.000001e+06
*           ca2_av2  =   1.000000e+06  -1.000000e+00   1.000001e+06
*           ac1_ac1  =   1.000000e+06   3.340000e+00   9.999967e+05
*           ac1_av1  =   1.000000e+06  -1.000000e+00   1.000001e+06
*           ac1_ac2  =   1.000000e+06  -1.000000e+00   1.000001e+06
*           ac1_av2  =   1.000000e+06  -1.000000e+00   1.000001e+06
*           av1_av1  =   1.000000e+06  -1.000000e+00   1.000001e+06
*           av1_av2  =   1.000000e+06  -1.000000e+00   1.000001e+06
*           av2_av2  =   1.000000e+06  -1.000000e+00   1.000001e+06
*
*
*
**********************************************************************
*
*         - Comparing with 'best' structure -
*
****************************************************************
*
*          best ecc  = -1.2238e+00
*          best eng  =  0.0000e+00
*           ecc+eng  = -1.2238e+00
*          best vol  =  4.5351e+01
*           best pf  =  5.7435e-01
*
*     post_runs ecc  = -1.2204e+00
*     post_runs eng  =  0.0000e+00
*           ecc+eng  = -1.2204e+00
*     post_runs vol  =  4.5728e+01
*      post_runs pf  =  5.6962e-01
*
*       dV / V_runs  =  8.2370e-03
*
*          ecc_diff  = -3.3126e-03
*          eng_diff  =  0.0000e+00
*
*
****************************************************************
*
*  mag_ecc_diff > mag_eng_diff AND within BEST_VOL AND
* 'best' has lower energy than post runs! --> swapping.
*
****************************************************************
*
*
*          - Parameters at Post 'best-swap' -
*
* Lattice parameters:
*
*             lat a  =    3.8371
*             lat b  =    6.4151
*             lat c  =    4.1575
*             alpha  =  108.5355
*             beta   =   56.4309
*             gamma  =   61.4306
*          cell vol  =   45.3510
*          cv/ortho  =    0.4431
*
* Energies:
*               ecc  = -1.2238e+00
*               eng  =  0.0000e+00
*
*
* Geometry:
*
*      packing frac  =    0.5744
*      aspect ratio  =    1.6718
*
* (dE/dV):
*                Px  =  8.8476e-03                    x-dir
*                Py  =  8.4878e-03                    y-dir
*                Pz  =  9.6486e-03                    z-dir
*
* Distances (PBC only):
*                                 min           hard           diff
*           ca1_ca1  =   1.000000e+06   2.320000e+00   9.999977e+05
*           ca1_ca2  =   1.000000e+06   1.160000e+00   9.999988e+05
*           ca1_ac1  =   2.831943e+00   2.830000e+00   1.942761e-03
*           ca1_av1  =   1.000000e+06  -1.000000e+00   1.000001e+06
*           ca1_ac2  =   1.000000e+06  -1.000000e+00   1.000001e+06
*           ca1_av2  =   1.000000e+06  -1.000000e+00   1.000001e+06
*           ca2_ca2  =   1.000000e+06   0.000000e+00   1.000000e+06
*           ca2_ac1  =   1.000000e+06   1.670000e+00   9.999983e+05
*           ca2_av1  =   1.000000e+06  -1.000000e+00   1.000001e+06
*           ca2_ac2  =   1.000000e+06  -1.000000e+00   1.000001e+06
*           ca2_av2  =   1.000000e+06  -1.000000e+00   1.000001e+06
*           ac1_ac1  =   1.000000e+06   3.340000e+00   9.999967e+05
*           ac1_av1  =   1.000000e+06  -1.000000e+00   1.000001e+06
*           ac1_ac2  =   1.000000e+06  -1.000000e+00   1.000001e+06
*           ac1_av2  =   1.000000e+06  -1.000000e+00   1.000001e+06
*           av1_av1  =   1.000000e+06  -1.000000e+00   1.000001e+06
*           av1_av2  =   1.000000e+06  -1.000000e+00   1.000001e+06
*           av2_av2  =   1.000000e+06  -1.000000e+00   1.000001e+06
*
*
*
**********************************************************************
*
*         - Final Simplex relaxation with restarts -
*
**********************************************************************
*
*
****************************************************************
*
*
*        - Simplex Minimiziation Routine -
*
*
* Note: No aspect ratio constraint.
*
*
*            n_simp  =        15                   D.O.F.
*         simp_nmax  =      4500                max moves
*       simp_errlim  =  1.00e-08
*
*
*         - Initializing simplex arrays -
*
*
*      nfunk           rtol        pf        ar     ortho             e_ion              e_ss             e_tot
*X        11     1.4127e+00   0.57435   1.67184   0.44315    -1.2237594e+00     0.0000000e+00    -1.2237594e+00
*X      2001     1.5429e-07   0.58019   1.64792   0.42567    -1.2272041e+00     0.0000000e+00    -1.2272041e+00
*
*         simp_runs  =      2240               simp moves
*              rtol  =  9.82e-09               final rtol
*
* Simplex restart no. 1 of 10
*
*         - Initializing simplex arrays -
*
*
*      nfunk           rtol        pf        ar     ortho             e_ion              e_ss             e_tot
*X        11     1.4470e+00   0.58025   1.64772   0.42552    -1.2272045e+00     0.0000000e+00    -1.2272045e+00
*
*         simp_runs  =      1817               simp moves
*              rtol  =  9.55e-09               final rtol
*
* Simplex restart no. 2 of 10
*
*         - Initializing simplex arrays -
*
*
*      nfunk           rtol        pf        ar     ortho             e_ion              e_ss             e_tot
*X        11     1.4576e+00   0.58075   1.64632   0.42589    -1.2275931e+00     0.0000000e+00    -1.2275931e+00
*X      2001     4.2972e-07   0.58083   1.65105   0.42616    -1.2278568e+00     0.0000000e+00    -1.2278568e+00
*
*         simp_runs  =      2700               simp moves
*              rtol  =  9.81e-09               final rtol
*
* Simplex restart no. 3 of 10
*
*         - Initializing simplex arrays -
*
*
*      nfunk           rtol        pf        ar     ortho             e_ion              e_ss             e_tot
*X        11     1.4331e+00   0.58083   1.65105   0.42616    -1.2278597e+00     0.0000000e+00    -1.2278597e+00
*
*         simp_runs  =      1337               simp moves
*              rtol  =  9.06e-09               final rtol
*
* Simplex restart no. 4 of 10
*
*         - Initializing simplex arrays -
*
*
*      nfunk           rtol        pf        ar     ortho             e_ion              e_ss             e_tot
*X        11     1.4367e+00   0.58104   1.65075   0.42594    -1.2279828e+00     0.0000000e+00    -1.2279828e+00
*X      2000     9.8314e-08   0.58204   1.64557   0.42444    -1.2281861e+00     0.0000000e+00    -1.2281861e+00
*
*         simp_runs  =      2474               simp moves
*              rtol  =  9.88e-09               final rtol
*
* Simplex restart no. 5 of 10
*
*         - Initializing simplex arrays -
*
*
*      nfunk           rtol        pf        ar     ortho             e_ion              e_ss             e_tot
*X        11     1.4569e+00   0.58204   1.64560   0.42446    -1.2281872e+00     0.0000000e+00    -1.2281872e+00
*X      2001     3.4276e-08   0.58225   1.64549   0.42425    -1.2283318e+00     0.0000000e+00    -1.2283318e+00
*
*         simp_runs  =      2373               simp moves
*              rtol  =  9.98e-09               final rtol
*
* Simplex restart no. 6 of 10
*
*         - Initializing simplex arrays -
*
*
*      nfunk           rtol        pf        ar     ortho             e_ion              e_ss             e_tot
*X        11     1.4565e+00   0.58225   1.64549   0.42425    -1.2283333e+00     0.0000000e+00    -1.2283333e+00
*
*         simp_runs  =       869               simp moves
*              rtol  =  9.14e-09               final rtol
*
* Simplex restart no. 7 of 10
*
*         - Initializing simplex arrays -
*
*
*      nfunk           rtol        pf        ar     ortho             e_ion              e_ss             e_tot
*X        11     1.4567e+00   0.58225   1.64549   0.42425    -1.2283357e+00     0.0000000e+00    -1.2283357e+00
*
*         simp_runs  =       918               simp moves
*              rtol  =  9.98e-09               final rtol
*
* Simplex restart no. 8 of 10
*
*         - Initializing simplex arrays -
*
*
*      nfunk           rtol        pf        ar     ortho             e_ion              e_ss             e_tot
*X        11     1.4567e+00   0.58225   1.64550   0.42426    -1.2283361e+00     0.0000000e+00    -1.2283361e+00
*
*         simp_runs  =       853               simp moves
*              rtol  =  9.76e-09               final rtol
*
* Simplex restart no. 9 of 10
*
*         - Initializing simplex arrays -
*
*
*      nfunk           rtol        pf        ar     ortho             e_ion              e_ss             e_tot
*X        11     1.4567e+00   0.58225   1.64550   0.42426    -1.2283361e+00     0.0000000e+00    -1.2283361e+00
*
*         simp_runs  =       879               simp moves
*              rtol  =  9.95e-09               final rtol
*
* Simplex restart no. 10 of 10
*
*         - Initializing simplex arrays -
*
*
*      nfunk           rtol        pf        ar     ortho             e_ion              e_ss             e_tot
*X        11     1.4567e+00   0.58225   1.64550   0.42426    -1.2283361e+00     0.0000000e+00    -1.2283361e+00
*
*         simp_runs  =       903               simp moves
*              rtol  =  9.84e-09               final rtol
*
****************************************************************
*
*          - Parameters at Post Simplex -
*
* Lattice parameters:
*
*             lat a  =    3.8727
*             lat b  =    6.3725
*             lat c  =    4.2728
*             alpha  =  109.6186
*             beta   =   56.6161
*             gamma  =   61.4747
*          cell vol  =   44.7356
*          cv/ortho  =    0.4243
*
* Energies:
*               ecc  = -1.2283e+00
*               eng  =  0.0000e+00
*
*
* Geometry:
*
*      packing frac  =    0.5823
*      aspect ratio  =    1.6455
*
* (dE/dV):
*                Px  =  1.0225e-02                    x-dir
*                Py  =  1.0000e+04                    y-dir
*                Pz  =  1.0000e+04                    z-dir
*
* Distances (PBC only):
*                                 min           hard           diff
*           ca1_ca1  =   1.000000e+06   2.320000e+00   9.999977e+05
*           ca1_ca2  =   1.000000e+06   1.160000e+00   9.999988e+05
*           ca1_ac1  =   2.830000e+00   2.830000e+00   5.346926e-09
*           ca1_av1  =   1.000000e+06  -1.000000e+00   1.000001e+06
*           ca1_ac2  =   1.000000e+06  -1.000000e+00   1.000001e+06
*           ca1_av2  =   1.000000e+06  -1.000000e+00   1.000001e+06
*           ca2_ca2  =   1.000000e+06   0.000000e+00   1.000000e+06
*           ca2_ac1  =   1.000000e+06   1.670000e+00   9.999983e+05
*           ca2_av1  =   1.000000e+06  -1.000000e+00   1.000001e+06
*           ca2_ac2  =   1.000000e+06  -1.000000e+00   1.000001e+06
*           ca2_av2  =   1.000000e+06  -1.000000e+00   1.000001e+06
*           ac1_ac1  =   1.000000e+06   3.340000e+00   9.999967e+05
*           ac1_av1  =   1.000000e+06  -1.000000e+00   1.000001e+06
*           ac1_ac2  =   1.000000e+06  -1.000000e+00   1.000001e+06
*           ac1_av2  =   1.000000e+06  -1.000000e+00   1.000001e+06
*           av1_av1  =   1.000000e+06  -1.000000e+00   1.000001e+06
*           av1_av2  =   1.000000e+06  -1.000000e+00   1.000001e+06
*           av2_av2  =   1.000000e+06  -1.000000e+00   1.000001e+06
*
*
***********************************************************
*        - Process and timing information -
*
* user time:   0 h 00 m 19.594441 s
* syst time:   0 h 00 m 00.019998 s
* signals: 0
* voluntary context switches: 8
* involuntary context switches: 16
*
***********************************************************
*SS symsearch output
*SS ( use:  | awk '($1=="*S"){print $0}' | sed 's/*S //' > temp.out )
*S Title
*S 1                 search type
*S 5.0 0.00001       displacement rms max min
*S 0.1 0.00001       strain rms max min
*S 1                 lattice input type
*S      3.87266     0.00000     0.00000
*S      3.04314     5.59888     0.00000
*S      2.35107    -2.91069     2.06321
*S 1 0 0
*S 0 1 0
*S 0 0 1
*S 2                 number of atoms
*S 11 0
*S      0.65541     0.77580     0.25470
*S      0.15656     0.27521     0.25357
*FF findsym output
*FF ( use:  | awk '($1=="*F"){print $0}' | sed 's/*F //' > temp.out )
*F Title
*F 0.001       displacement rms max min
*F 1                 lattice input type
*F      3.87266     0.00000     0.00000
*F      3.04314     5.59888     0.00000
*F      2.35107    -2.91069     2.06321
*F 1               basis vector in type
*F 1 0 0
*F 0 1 0
*F 0 0 1
*F 2                 number of atoms
*F 11 0
*F      0.65541     0.77580     0.25470
*F      0.15656     0.27521     0.25357
*DD powder output
*DD (use: | awk '($1=="*D"){print $0}' | sed 's/*D //' > temp.out )
*D 2
*D      3.87266     6.37246     4.27276
*D    109.61857    56.61611    61.47472
*D      0.65541     0.77580     0.25470        11
*D      0.15656     0.27521     0.25357         0
*PP poscar output
*PP (use: | awk '($1=="*P"){print $0}' | sed 's/*P //' > temp.out )
*P Z: 11 17 
*P 1.0 
*P      3.87265796     0.00000000     0.00000000
*P      3.04314474     5.59888258     0.00000000
*P      2.35106658    -2.91068955     2.06320550
*P 1 1 0 
*P Direct
*P       0.655408944179      0.775795587298      0.254703515239
*P       0.156564803773      0.275207992537      0.253571843556
*QQ poscar output
*QQ (use: | awk '($1=="*Q"){print $0}' | sed 's/*Q //' > temp.out )
*Q +1.000000000000 -1.000000000000 
*Q 1.0 
*Q      3.87265796     0.00000000     0.00000000
*Q      3.04314474     5.59888258     0.00000000
*Q      2.35106658    -2.91068955     2.06320550
*Q 1 1 0 
*Q Direct
*Q       0.655408944179      0.775795587298      0.254703515239
*Q       0.156564803773      0.275207992537      0.253571843556
*RR restart output
*RR (use: | awk '($1=="*R"){print $0}' | sed 's/*R //' > temp.out )
*R     3.872657959781    6.372457615579    4.272756099273
*R     1.913204935906    0.988137611945    1.072936246398
*R      1
*R      1     1
*R   -1.000000000000000   0.000000000000000
*R     0.000000000000    1.670000000000    0.000000000000    17     0
*R      1
*R      1   1.000000000000000
*R     1.160000000000    11
*R     0.655408944179    0.775795587298    0.254703515239
*R     0.156564803773    0.275207992537    0.253571843556
* XBS output
* CATION:
atom C     5.497857850    3.602225538    0.525505694
spec C     1.160000000    1.000000000    0.000000000    0.000000000
* ANION:
atom A     2.039983976    0.802788319    0.523170823
spec A     1.670000000    0.000000000    0.000000000    1.000000000
spec V     0.000000000    0.000000000    1.000000000    0.000000000
bonds A V  0.000000000    0.000000000    0.010000000    Black
* CELL PARAMETERS AND BORDER
atom 0    0.00000   0.00000   0.00000
atom 1    3.87266   0.00000   0.00000
atom 2    6.91580   5.59888   0.00000
atom 3    3.04314   5.59888   0.00000
atom 4    2.35107  -2.91069   2.06321
atom 5    6.22372  -2.91069   2.06321
atom 6    9.26687   2.68819   2.06321
atom 7    5.39421   2.68819   2.06321
spec 0     0.050000000    0.000000000    0.000000000    0.000000000
spec 1     0.050000000    0.000000000    0.000000000    0.000000000
spec 2     0.050000000    0.000000000    0.000000000    0.000000000
spec 3     0.050000000    0.000000000    0.000000000    0.000000000
spec 4     0.050000000    0.000000000    0.000000000    0.000000000
spec 5     0.050000000    0.000000000    0.000000000    0.000000000
spec 6     0.050000000    0.000000000    0.000000000    0.000000000
spec 7     0.050000000    0.000000000    0.000000000    0.000000000
bonds 0 1  3.868785302    3.876530618    0.010000000    Black
bonds 3 2  3.868785302    3.876530618    0.010000000    Black
bonds 4 5  3.868785302    3.876530618    0.010000000    Black
bonds 6 7  3.868785302    3.876530618    0.010000000    Black
bonds 1 2  6.366085158    6.378830073    0.010000000    Black
bonds 0 3  6.366085158    6.378830073    0.010000000    Black
bonds 5 6  6.366085158    6.378830073    0.010000000    Black
bonds 4 7  6.366085158    6.378830073    0.010000000    Black
bonds 0 4  4.268483343    4.277028855    0.010000000    Black
bonds 1 5  4.268483343    4.277028855    0.010000000    Black
bonds 2 6  4.268483343    4.277028855    0.010000000    Black
bonds 3 7  4.268483343    4.277028855    0.010000000    Black
inc 5.000000
dup    3.87266   0.00000   0.00000
dup    3.04314   5.59888   0.00000
dup    2.35107  -2.91069   2.06321
