*************************************************
*	pack	(version 4.12.0.5)
*	Eric Majzoub
*	Sandia National Laboratories
*************************************************
*  Source file: main.c
*  Compile date: Dec 27 2012
*  Compile time: 17:19:04
*  commandline = /projects/e20438/bin/pack-4.12.0.5/pack_exe -f ../../NaCl_pegs.in -P -R -r 400 -t 5 -g 1312 
*  input file = ../../NaCl_pegs.in
**********************************************************************
**********************************************************************
**********************************************************************
* 
*       - General run comments -
* 
* WARN: no Rotations in Metropolis (-R flag).
* WARN: all anionic charge on center atom (-P flag).
*
**********************************************************************
*           - Input parameters -
*
*           restart  =         0         1 = restart calc
*        autoadjust  =         1   automatically set temp
*          aa_using  =         1        1=rej pct, 2=pCnt
*         basin hop  =         0           number of hops
*     non_per_ewald  =         0          1=nanopart calc
*
*             lat a  =   10.0000
*             lat b  =   10.0000
*             lat c  =   10.0000
*             alpha  =    1.5708
*             beta   =    1.5708
*             gamma  =    1.5708
*          cell vol  = 1000.0000
*      sqsh vol pct  =    0.2000
* 
*          cell_min  =    1.6700              min lat vec
*          cell_max  =  167.0000              max lat vec
* 
*         n_type_an  =         1          num type anions
*            num_an  =         1           tot num anions
* 
*          num_an_1  =         1        num anions type 1
*        num_vert_1  =         1     1=sph 2=dim 5=tet...
*       an_chrg_c_1  =   -1.0000      anion center charge
*       an_chrg_v_1  =    0.0000      anion vertex charge
*     tot_an_chrg_1  =   -1.0000       total anion charge
*           Rcent_1  =    1.6700         anion center rad
*           Rvert_1  =    0.0000         anion vertex rad
*             cvd_1  =    0.0000        cent to vert dist
*           Zcent_1  =        17           anion center Z
*           Zvert_1  =         0           anion vertex Z
* 
*          num_an_2  =         0        num anions type 2
*        num_vert_2  =         0     1=sph 2=dim 5=tet...
*       an_chrg_c_2  =    0.0000      anion center charge
*       an_chrg_v_2  =    0.0000      anion vertex charge
*     tot_an_chrg_2  =    0.0000       total anion charge
*           Rcent_2  =    0.0000         anion center rad
*           Rvert_2  =    0.0000         anion vertex rad
*             cvd_2  =    0.0000        cent to vert dist
*           Zcent_2  =         0           anion center Z
*           Zvert_2  =         0           anion vertex Z
* 
*         n_type_ca  =         1            num type cats
*            num_ca  =         1          tot num cations
* 
*          num_ca_1  =         1        num cations typ 1
*         ca_chrg_1  =    1.0000        cation chrg typ 1
*            Rcat_1  =    1.1600         cation rad typ 1
*            Zcat_1  =        11           cation Z typ 1
* 
*            C2VTOL  =  1.00e-08            c2v tolerance
*            ERRLIM  =  1.00e-06
*       REP_EPSILON  =  1.00e+00        soft sphere repul
*    TRANS_FRAC_MAX  =    0.5000                    fixed
*    TRANS_FRAC_MIN  =    0.0200
*      MAX_ANG_CHNG  =    9.9695                  degrees
*    VOLUM_FRAC_MAX  =    0.0700
*         EXT_PRESS  =  0.00e+00        external pressure
*      SQSH_VOL_PCT  =    0.2000             min orth val
*        ASPECT_MAX  =   20.0000                cell parm
*            dplane  =    1.6700            min plane sep
*      SCALE_FACTOR  =    1.2500         bhop max scaling
* 
*            d.o.f.  =        12       degrees of freedom
*          runs/dof  =       400         loops per d.o.f.
*              runs  =      4800              loops per T
*               ncc  =     19200     config changes per T
*            t_runs  =         5           num temp steps
*             efunc  =         0               0=SS  1=LJ
*       N_HALT_CHNG  =        15      halts after N 100%s
*
*      anneal_sched  =         3   0=lin or exp(-run_n^n)
*         temp_init  =  1.00e+00             initial temp
*         temp_finl  =  1.00e-03               final temp
* 
*          trn_chng  =         1              0=off  1=on
*          rot_chng  =         0              0=off  1=on
*          lat_chng  =         1              0=off  1=on
*          swp_chng  =         1              0=off  1=on
* 
*     SIMP_RESTARTS  =        11     no. simplex restarts
*  SIMP_RESTARTS BH  =        21  basin hop simp restarts
*         SIMP_NMAX  =      4500        max simplex iters
*          SIMP_DEG  =    1.0000          anion start deg
*         SIMP_LAMB  =    0.0100        vertex start frac
*       SIMP_ERRLIM  =  1.00e-08              error limit
* 
*           aa runs  =      1200           config changes
*      aa runs_step  =        10   config change increase
*       aa runs_max  =      1500  max auto config changes
*         aa t_runs  =         3            num temp runs
*      aa temp_step  =    0.5000                temp step
* 
*        aa chng hi  =         3  1=trn 2=rot 3=lat 4=swp
*        aa chng lo  =         3  1=trn 2=rot 3=lat 4=swp
* 
*      aa ht_pct_hi  =     0.650             high rej pct
*      aa ht_pct_lo  =     0.600             low  rej pct
* 
*      aa lt_pct_hi  =     0.999             high rej pct
*      aa lt_pct_lo  =     0.950             low  rej pct
* 
*            tmpfile =                   PR19292-best.tmp
* 
* Checking for out of bounds fractional coords.
*
**********************************************************************
*
*          - Parameters at START -
*
* Lattice parameters:
*
*             lat a  =   10.0000
*             lat b  =   10.0000
*             lat c  =   10.0000
*             alpha  =   90.0000
*             beta   =   90.0000
*             gamma  =   90.0000
*          cell vol  = 1000.0000
*          cv/ortho  =    1.0000
*
* Energies:
*               ecc  = -9.2124e-01
*               eng  =  1.8273e+01
*
*
* Geometry:
*
*      packing frac  =    0.0260
*      aspect ratio  =    1.0000
*
* (dE/dV):
*                Px  = -3.9113e-03                    x-dir
*                Py  = -4.0266e-02                    y-dir
*                Pz  = -1.7417e-01                    z-dir
*
* Distances (PBC only):
*                                 min           hard           diff
*           ca1_ca1  =   1.000000e+06   2.320000e+00   9.999977e+05
*           ca1_ca2  =   1.000000e+06   1.160000e+00   9.999988e+05
*           ca1_ac1  =   2.221449e+00   2.830000e+00  -6.085512e-01
*           ca1_av1  =   1.000000e+06  -1.000000e+00   1.000001e+06
*           ca1_ac2  =   1.000000e+06  -1.000000e+00   1.000001e+06
*           ca1_av2  =   1.000000e+06  -1.000000e+00   1.000001e+06
*           ca2_ca2  =   1.000000e+06   0.000000e+00   1.000000e+06
*           ca2_ac1  =   1.000000e+06   1.670000e+00   9.999983e+05
*           ca2_av1  =   1.000000e+06  -1.000000e+00   1.000001e+06
*           ca2_ac2  =   1.000000e+06  -1.000000e+00   1.000001e+06
*           ca2_av2  =   1.000000e+06  -1.000000e+00   1.000001e+06
*           ac1_ac1  =   1.000000e+06   3.340000e+00   9.999967e+05
*           ac1_av1  =   1.000000e+06  -1.000000e+00   1.000001e+06
*           ac1_ac2  =   1.000000e+06  -1.000000e+00   1.000001e+06
*           ac1_av2  =   1.000000e+06  -1.000000e+00   1.000001e+06
*           av1_av1  =   1.000000e+06  -1.000000e+00   1.000001e+06
*           av1_av2  =   1.000000e+06  -1.000000e+00   1.000001e+06
*           av2_av2  =   1.000000e+06  -1.000000e+00   1.000001e+06
*
*
*
**********************************************************************
*
* ------------------------------------------------------------
*              Autoadjust high temperatrure:
* ------------------------------------------------------------
*              Autoadjusting on 3 (1=trn,2=rot,3=lat,4=swp)
*
**********************************************************************
*
*                 -- Autoadjust Metropolis Run --
*
*   autoadjust_temp_init  =  1.0000e+00
*   autoadjust_temp_step  =  5.0000e-01
*        autoadjust_runs  =        1200         configs per temp
*       autoadjust_count  =           1
*
**********************************************************************
*
* Metropolis: 3 temperature runs with these parameters:
*
*              runs  =      1200              loops per T
*               T_0  = 1.000e+00             initial temp
*               T_L  = 1.000e+00               final temp
*           T_alpha  = 8.000e+09          annealing alpha
*
*            T = T_0 * exp( -run_num**3 / T_alpha )
*
**********************************************************************
*H run      Temp       E_ion        E_ss   cel vol       SigPF       ar     ortho        pCnt          % Rejected Changes
*H                                                                                                 trn      rot      lat      swp
*T   1  1.00e+00  +4.416e-02  +0.000e+00   4443.91   6.258e-03    3.986     0.782   2.106e-01     7.42     0.00     0.50     0.00
*T   2  1.00e+00  -4.682e-01  +0.000e+00   1001.39   4.165e-02    2.126     0.662   1.164e-01    25.83     0.00     3.25     0.00
*T   3  1.00e+00  -5.114e-01  +0.000e+00    462.05   3.058e-02    1.461     0.245   3.158e-02    11.25     0.00     2.58     0.00
*
**********************************************************************
*
*                 -- AUTOADJUST [1] OUT --
*
*     target: lo % = 60.000000      hi % = 65.000000
*     Autoadjust % =  2.583333
*     Autoadjust: Lowering the temperature 5.000e-01 [a.u.]
*
**********************************************************************
*
*                 -- Autoadjust Metropolis Run --
*
*   autoadjust_temp_init  =  5.0000e-01
*   autoadjust_temp_step  =  5.0000e-01
*        autoadjust_runs  =        1210         configs per temp
*       autoadjust_count  =           2
*
**********************************************************************
*
* Metropolis: 3 temperature runs with these parameters:
*
*              runs  =      1210              loops per T
*               T_0  = 5.000e-01             initial temp
*               T_L  = 4.995e-01               final temp
*           T_alpha  = 7.996e+03          annealing alpha
*
*            T = T_0 * exp( -run_num**3 / T_alpha )
*
**********************************************************************
*H run      Temp       E_ion        E_ss   cel vol       SigPF       ar     ortho        pCnt          % Rejected Changes
*H                                                                                                 trn      rot      lat      swp
*T   1  5.00e-01  -3.410e-01  +0.000e+00    797.66   3.017e-02    1.205     0.237   1.060e-01    22.81     0.00     2.40     0.00
*T   2  5.00e-01  -2.505e-01  +0.000e+00   6257.94   2.509e-02    1.660     0.312   1.544e-01    16.86     0.00     4.71     0.00
*T   3  4.99e-01  -1.368e-01  +0.000e+00   3879.66   3.001e-03    2.412     0.495   6.486e-02    11.07     0.00     3.22     0.00
*
**********************************************************************
*
*                 -- AUTOADJUST [2] OUT --
*
*     target: lo % = 60.000000      hi % = 65.000000
*     Autoadjust % =  3.223140
*     Autoadjust: special case: (T-Tstep) = 0.000e+00 [a.u.]
*     Autoadjust: special case: ===> drop temp step to: 2.250e-01 [a.u.]
*     Autoadjust: Lowering the temperature 2.250e-01 [a.u.]
*
**********************************************************************
*
*                 -- Autoadjust Metropolis Run --
*
*   autoadjust_temp_init  =  2.7500e-01
*   autoadjust_temp_step  =  2.2500e-01
*        autoadjust_runs  =        1220         configs per temp
*       autoadjust_count  =           3
*
**********************************************************************
*
* Metropolis: 3 temperature runs with these parameters:
*
*              runs  =      1220              loops per T
*               T_0  = 2.750e-01             initial temp
*               T_L  = 2.747e-01               final temp
*           T_alpha  = 7.996e+03          annealing alpha
*
*            T = T_0 * exp( -run_num**3 / T_alpha )
*
**********************************************************************
*H run      Temp       E_ion        E_ss   cel vol       SigPF       ar     ortho        pCnt          % Rejected Changes
*H                                                                                                 trn      rot      lat      swp
*T   1  2.75e-01  -7.437e-01  +0.000e+00    333.33   1.253e-02    1.830     0.261   4.658e-01    31.48     0.00     3.36     0.00
*T   2  2.75e-01  -6.220e-01  +0.000e+00    421.42   7.186e-02    1.321     0.326   2.396e-01    53.28     0.00     9.67     0.00
*T   3  2.75e-01  -4.764e-01  +0.000e+00   1668.47   4.453e-02    2.197     0.208   2.430e-01    42.21     0.00     6.56     0.00
*
**********************************************************************
*
*                 -- AUTOADJUST [3] OUT --
*
*     target: lo % = 60.000000      hi % = 65.000000
*     Autoadjust % =  6.557377
*     Autoadjust: Lowering the temperature 2.250e-01 [a.u.]
*
**********************************************************************
*
*                 -- Autoadjust Metropolis Run --
*
*   autoadjust_temp_init  =  5.0000e-02
*   autoadjust_temp_step  =  2.2500e-01
*        autoadjust_runs  =        1230         configs per temp
*       autoadjust_count  =           4
*
**********************************************************************
*
* Metropolis: 3 temperature runs with these parameters:
*
*              runs  =      1230              loops per T
*               T_0  = 5.000e-02             initial temp
*               T_L  = 4.995e-02               final temp
*           T_alpha  = 7.996e+03          annealing alpha
*
*            T = T_0 * exp( -run_num**3 / T_alpha )
*
**********************************************************************
*H run      Temp       E_ion        E_ss   cel vol       SigPF       ar     ortho        pCnt          % Rejected Changes
*H                                                                                                 trn      rot      lat      swp
*T   1  5.00e-02  -1.011e+00  +0.000e+00     88.84   1.019e-01    1.475     0.306   5.924e+00    86.67     0.00    25.45     0.00
*T   2  5.00e-02  -9.211e-01  +0.000e+00    162.75   7.935e-02    1.872     0.397   3.002e+00    83.82     0.00    22.44     0.00
*T   3  5.00e-02  -8.363e-01  +0.000e+00    290.60   6.680e-02    3.004     0.486   3.076e+00    81.95     0.00    23.41     0.00
*
**********************************************************************
*
*                 -- AUTOADJUST [4] OUT --
*
*     target: lo % = 60.000000      hi % = 65.000000
*     Autoadjust % = 23.414634
*     Autoadjust: special case: (T-Tstep) = -1.750e-01 [a.u.]
*     Autoadjust: special case: ===> drop temp step to: 1.013e-01 [a.u.]
*     Autoadjust: special case: (T-Tstep) = -5.125e-02 [a.u.]
*     Autoadjust: special case: ===> drop temp step to: 4.556e-02 [a.u.]
*     Autoadjust: Lowering the temperature 4.556e-02 [a.u.]
*
**********************************************************************
*
*                 -- Autoadjust Metropolis Run --
*
*   autoadjust_temp_init  =  4.4375e-03
*   autoadjust_temp_step  =  4.5563e-02
*        autoadjust_runs  =        1240         configs per temp
*       autoadjust_count  =           5
*
**********************************************************************
*
* Metropolis: 3 temperature runs with these parameters:
*
*              runs  =      1240              loops per T
*               T_0  = 4.438e-03             initial temp
*               T_L  = 4.433e-03               final temp
*           T_alpha  = 7.996e+03          annealing alpha
*
*            T = T_0 * exp( -run_num**3 / T_alpha )
*
**********************************************************************
*H run      Temp       E_ion        E_ss   cel vol       SigPF       ar     ortho        pCnt          % Rejected Changes
*H                                                                                                 trn      rot      lat      swp
*T   1  4.44e-03  -1.056e+00  +0.000e+00    113.74   1.142e-01    2.572     0.340   5.726e+01    99.92     0.00    76.85     0.00
*T   2  4.44e-03  -1.056e+00  +0.000e+00    130.45   1.366e-01    2.535     0.405   2.688e+00   100.00     0.00    76.29     0.00
*T   3  4.43e-03  -1.069e+00  +0.000e+00    120.43   1.392e-01    2.371     0.409   3.146e+00   100.00     0.00    82.26     0.00
*
**********************************************************************
*
*                 -- AUTOADJUST [5] OUT --
*
*     target: lo % = 60.000000      hi % = 65.000000
*     Autoadjust % = 82.258065
*     Autoadjust: overshot! drop temp step to: 2.050e-02 [a.u.]
*     Autoadjust: Raising the temperature 2.050e-02 [a.u.]
*
**********************************************************************
*
*                 -- Autoadjust Metropolis Run --
*
*   autoadjust_temp_init  =  2.4941e-02
*   autoadjust_temp_step  =  2.0503e-02
*        autoadjust_runs  =        1250         configs per temp
*       autoadjust_count  =           6
*
**********************************************************************
*
* Metropolis: 3 temperature runs with these parameters:
*
*              runs  =      1250              loops per T
*               T_0  = 2.494e-02             initial temp
*               T_L  = 2.492e-02               final temp
*           T_alpha  = 7.996e+03          annealing alpha
*
*            T = T_0 * exp( -run_num**3 / T_alpha )
*
**********************************************************************
*H run      Temp       E_ion        E_ss   cel vol       SigPF       ar     ortho        pCnt          % Rejected Changes
*H                                                                                                 trn      rot      lat      swp
*T   1  2.49e-02  -1.001e+00  +0.000e+00    126.48   1.279e-01    2.099     0.550   5.821e+00    97.68     0.00    49.44     0.00
*T   2  2.49e-02  -9.838e-01  +0.000e+00     75.88   1.860e-01    1.701     0.454   4.317e+00    97.60     0.00    51.68     0.00
*T   3  2.49e-02  -8.770e-01  +0.000e+00    146.89   1.605e-01    1.572     0.421   3.747e+00    95.68     0.00    54.32     0.00
*
**********************************************************************
*
*                 -- AUTOADJUST [6] OUT --
*
*     target: lo % = 60.000000      hi % = 65.000000
*     Autoadjust % = 54.320000
*     Autoadjust: overshot! drop temp step to: 9.226e-03 [a.u.]
*     Autoadjust: Lowering the temperature 9.226e-03 [a.u.]
*
**********************************************************************
*
*                 -- Autoadjust Metropolis Run --
*
*   autoadjust_temp_init  =  1.5714e-02
*   autoadjust_temp_step  =  9.2264e-03
*        autoadjust_runs  =        1260         configs per temp
*       autoadjust_count  =           7
*
**********************************************************************
*
* Metropolis: 3 temperature runs with these parameters:
*
*              runs  =      1260              loops per T
*               T_0  = 1.571e-02             initial temp
*               T_L  = 1.570e-02               final temp
*           T_alpha  = 7.996e+03          annealing alpha
*
*            T = T_0 * exp( -run_num**3 / T_alpha )
*
**********************************************************************
*H run      Temp       E_ion        E_ss   cel vol       SigPF       ar     ortho        pCnt          % Rejected Changes
*H                                                                                                 trn      rot      lat      swp
*T   1  1.57e-02  -1.072e+00  +0.000e+00     77.91   1.396e-01    1.858     0.394   8.245e+00    99.44     0.00    54.05     0.00
*T   2  1.57e-02  -1.174e+00  +0.000e+00     52.63   2.338e-01    1.422     0.459   8.359e+00    99.37     0.00    58.02     0.00
*T   3  1.57e-02  -1.119e+00  +0.000e+00     56.56   2.478e-01    1.460     0.394   4.333e+00    99.60     0.00    59.76     0.00
*
**********************************************************************
*
*                 -- AUTOADJUST [7] OUT --
*
*     target: lo % = 60.000000      hi % = 65.000000
*     Autoadjust % = 59.761905
*     Autoadjust: Lowering the temperature 9.226e-03 [a.u.]
*
**********************************************************************
*
*                 -- Autoadjust Metropolis Run --
*
*   autoadjust_temp_init  =  6.4878e-03
*   autoadjust_temp_step  =  9.2264e-03
*        autoadjust_runs  =        1270         configs per temp
*       autoadjust_count  =           8
*
**********************************************************************
*
* Metropolis: 3 temperature runs with these parameters:
*
*              runs  =      1270              loops per T
*               T_0  = 6.488e-03             initial temp
*               T_L  = 6.481e-03               final temp
*           T_alpha  = 7.996e+03          annealing alpha
*
*            T = T_0 * exp( -run_num**3 / T_alpha )
*
**********************************************************************
*H run      Temp       E_ion        E_ss   cel vol       SigPF       ar     ortho        pCnt          % Rejected Changes
*H                                                                                                 trn      rot      lat      swp
*T   1  6.49e-03  -1.133e+00  +0.000e+00     55.11   2.653e-01    1.378     0.420   2.539e+00    99.92     0.00    83.23     0.00
*T   2  6.49e-03  -1.131e+00  +0.000e+00     67.13   2.474e-01    1.617     0.381   6.652e+00    99.76     0.00    81.89     0.00
*T   3  6.48e-03  -1.132e+00  +0.000e+00     68.35   2.307e-01    1.767     0.386   2.704e+00    99.92     0.00    81.73     0.00
*
**********************************************************************
*
*                 -- AUTOADJUST [8] OUT --
*
*     target: lo % = 60.000000      hi % = 65.000000
*     Autoadjust % = 81.732283
*     Autoadjust: overshot! drop temp step to: 4.152e-03 [a.u.]
*     Autoadjust: Raising the temperature 4.152e-03 [a.u.]
*
**********************************************************************
*
*                 -- Autoadjust Metropolis Run --
*
*   autoadjust_temp_init  =  1.0640e-02
*   autoadjust_temp_step  =  4.1519e-03
*        autoadjust_runs  =        1280         configs per temp
*       autoadjust_count  =           9
*
**********************************************************************
*
* Metropolis: 3 temperature runs with these parameters:
*
*              runs  =      1280              loops per T
*               T_0  = 1.064e-02             initial temp
*               T_L  = 1.063e-02               final temp
*           T_alpha  = 7.996e+03          annealing alpha
*
*            T = T_0 * exp( -run_num**3 / T_alpha )
*
**********************************************************************
*H run      Temp       E_ion        E_ss   cel vol       SigPF       ar     ortho        pCnt          % Rejected Changes
*H                                                                                                 trn      rot      lat      swp
*T   1  1.06e-02  -1.130e+00  +0.000e+00     59.60   2.046e-01    1.428     0.361   1.012e+01    99.61     0.00    63.83     0.00
*T   2  1.06e-02  -1.153e+00  +0.000e+00     53.88   2.622e-01    1.482     0.474   6.221e+00    99.69     0.00    65.86     0.00
*T   3  1.06e-02  -1.162e+00  +0.000e+00     47.29   2.936e-01    1.545     0.418   2.448e+00    99.92     0.00    76.72     0.00
*
**********************************************************************
*
*                 -- AUTOADJUST [9] OUT --
*
*     target: lo % = 60.000000      hi % = 65.000000
*     Autoadjust % = 76.718750
*     Autoadjust: Raising the temperature 4.152e-03 [a.u.]
*
**********************************************************************
*
*                 -- Autoadjust Metropolis Run --
*
*   autoadjust_temp_init  =  1.4792e-02
*   autoadjust_temp_step  =  4.1519e-03
*        autoadjust_runs  =        1290         configs per temp
*       autoadjust_count  =          10
*
**********************************************************************
*
* Metropolis: 3 temperature runs with these parameters:
*
*              runs  =      1290              loops per T
*               T_0  = 1.479e-02             initial temp
*               T_L  = 1.478e-02               final temp
*           T_alpha  = 7.996e+03          annealing alpha
*
*            T = T_0 * exp( -run_num**3 / T_alpha )
*
**********************************************************************
*H run      Temp       E_ion        E_ss   cel vol       SigPF       ar     ortho        pCnt          % Rejected Changes
*H                                                                                                 trn      rot      lat      swp
*T   1  1.48e-02  -1.109e+00  +0.000e+00     61.36   2.367e-01    1.268     0.524   6.849e+00    99.46     0.00    61.09     0.00
*T   2  1.48e-02  -1.131e+00  +0.000e+00     48.72   2.531e-01    1.599     0.642   2.630e+00    99.69     0.00    63.88     0.00
*T   3  1.48e-02  -1.113e+00  +0.000e+00     63.00   2.631e-01    1.231     0.559   3.738e+00    99.84     0.00    64.73     0.00
*
**********************************************************************
*
*                 -- AUTOADJUST [10] OUT --
*
*     target: lo % = 60.000000      hi % = 65.000000
*     Autoadjust % = 64.728682
*     Autoadjust: temp = 1.479e-02  is good!  Exiting autoadjust.
*
**********************************************************************
*
* ------------------------------------------------------------
*              Autoadjust low temperatrure:
* ------------------------------------------------------------
*              Autoadjusting on 3 (1=trn,2=rot,3=lat,4=swp)
*
**********************************************************************
*
*                 -- Autoadjust Metropolis Run --
*
*   autoadjust_temp_init  =  2.0000e-02
*   autoadjust_temp_step  =  5.0000e-01
*        autoadjust_runs  =        1200         configs per temp
*       autoadjust_count  =           1
*
**********************************************************************
*
* Metropolis: 3 temperature runs with these parameters:
*
*              runs  =      1200              loops per T
*               T_0  = 2.000e-02             initial temp
*               T_L  = 2.000e-02               final temp
*           T_alpha  = 1.600e+08          annealing alpha
*
*            T = T_0 * exp( -run_num**3 / T_alpha )
*
**********************************************************************
*H run      Temp       E_ion        E_ss   cel vol       SigPF       ar     ortho        pCnt          % Rejected Changes
*H                                                                                                 trn      rot      lat      swp
*T   1  2.00e-02  -1.084e+00  +0.000e+00     59.47   2.389e-01    1.237     0.459   5.902e+00    98.58     0.00    56.58     0.00
*T   2  2.00e-02  -1.096e+00  +0.000e+00     66.66   2.173e-01    1.236     0.597   3.921e+00    98.25     0.00    60.33     0.00
*T   3  2.00e-02  -1.113e+00  +0.000e+00     60.55   2.187e-01    1.366     0.648   3.070e+00    98.17     0.00    62.08     0.00
*
**********************************************************************
*
*                 -- AUTOADJUST [1] OUT --
*
*     target: lo % = 95.000000      hi % = 99.900000
*     Autoadjust % = 62.083333
*     Autoadjust: special case: (T-Tstep) = -4.800e-01 [a.u.]
*     Autoadjust: special case: ===> drop temp step to: 2.250e-01 [a.u.]
*     Autoadjust: special case: (T-Tstep) = -2.050e-01 [a.u.]
*     Autoadjust: special case: ===> drop temp step to: 1.013e-01 [a.u.]
*     Autoadjust: special case: (T-Tstep) = -8.125e-02 [a.u.]
*     Autoadjust: special case: ===> drop temp step to: 4.556e-02 [a.u.]
*     Autoadjust: special case: (T-Tstep) = -2.556e-02 [a.u.]
*     Autoadjust: special case: ===> drop temp step to: 2.050e-02 [a.u.]
*     Autoadjust: special case: (T-Tstep) = -5.031e-04 [a.u.]
*     Autoadjust: special case: ===> drop temp step to: 9.226e-03 [a.u.]
*     Autoadjust: Lowering the temperature 9.226e-03 [a.u.]
*
**********************************************************************
*
*                 -- Autoadjust Metropolis Run --
*
*   autoadjust_temp_init  =  1.0774e-02
*   autoadjust_temp_step  =  9.2264e-03
*        autoadjust_runs  =        1210         configs per temp
*       autoadjust_count  =           2
*
**********************************************************************
*
* Metropolis: 3 temperature runs with these parameters:
*
*              runs  =      1210              loops per T
*               T_0  = 1.077e-02             initial temp
*               T_L  = 1.076e-02               final temp
*           T_alpha  = 7.996e+03          annealing alpha
*
*            T = T_0 * exp( -run_num**3 / T_alpha )
*
**********************************************************************
*H run      Temp       E_ion        E_ss   cel vol       SigPF       ar     ortho        pCnt          % Rejected Changes
*H                                                                                                 trn      rot      lat      swp
*T   1  1.08e-02  -1.122e+00  +0.000e+00     58.57   2.572e-01    1.307     0.756   2.626e+00    99.67     0.00    75.95     0.00
*T   2  1.08e-02  -1.108e+00  +0.000e+00     61.14   2.525e-01    1.067     0.873   1.127e+01    99.83     0.00    71.24     0.00
*T   3  1.08e-02  -1.138e+00  +0.000e+00     51.88   2.630e-01    1.097     0.936   3.918e+00    99.75     0.00    71.90     0.00
*
**********************************************************************
*
*                 -- AUTOADJUST [2] OUT --
*
*     target: lo % = 95.000000      hi % = 99.900000
*     Autoadjust % = 71.900826
*     Autoadjust: Lowering the temperature 9.226e-03 [a.u.]
*
**********************************************************************
*
*                 -- Autoadjust Metropolis Run --
*
*   autoadjust_temp_init  =  1.5472e-03
*   autoadjust_temp_step  =  9.2264e-03
*        autoadjust_runs  =        1220         configs per temp
*       autoadjust_count  =           3
*
**********************************************************************
*
* Metropolis: 3 temperature runs with these parameters:
*
*              runs  =      1220              loops per T
*               T_0  = 1.547e-03             initial temp
*               T_L  = 1.546e-03               final temp
*           T_alpha  = 7.996e+03          annealing alpha
*
*            T = T_0 * exp( -run_num**3 / T_alpha )
*
**********************************************************************
*H run      Temp       E_ion        E_ss   cel vol       SigPF       ar     ortho        pCnt          % Rejected Changes
*H                                                                                                 trn      rot      lat      swp
*T   1  1.55e-03  -1.146e+00  +0.000e+00     51.12   3.351e-01    1.103     0.933   1.537e+02   100.00     0.00    95.49     0.00
*T   2  1.55e-03  -1.146e+00  +0.000e+00     50.65   3.341e-01    1.134     0.932   2.848e+00   100.00     0.00    94.43     0.00
*T   3  1.55e-03  -1.152e+00  +0.000e+00     50.08   3.422e-01    1.124     0.933   1.440e+00   100.00     0.00    97.21     0.00
*
**********************************************************************
*
*                 -- AUTOADJUST [3] OUT --
*
*     target: lo % = 95.000000      hi % = 99.900000
*     Autoadjust % = 97.213115
*     Autoadjust: temp = 1.547e-03  is good!  Exiting autoadjust.
*
**********************************************************************
*
*
*          -- Initializing cell contents --
*
*
*
**********************************************************************
*
*            -- Starting Metropolis calculation --
*
*              temp_init  = 1.479e-02
*
**********************************************************************
*
* Metropolis: 5 temperature runs with these parameters:
*
*              runs  =      4800              loops per T
*               T_0  = 1.479e-02             initial temp
*               T_L  = 1.547e-03               final temp
*           T_alpha  = 2.835e+01          annealing alpha
*
*            T = T_0 * exp( -run_num**3 / T_alpha )
*
**********************************************************************
*H run      Temp       E_ion        E_ss   cel vol       SigPF       ar     ortho        pCnt          % Rejected Changes
*H                                                                                                 trn      rot      lat      swp
*M   1  1.48e-02  -1.060e+00  +0.000e+00    102.68   1.268e-01    1.568     0.291   1.104e+02    99.50     0.00    48.67     0.00
*M   2  1.43e-02  -1.032e+00  +0.000e+00    103.72   2.162e-01    2.284     0.497   1.215e+01    98.85     0.00    63.77     0.00
*M   3  1.12e-02  -1.092e+00  +0.000e+00     61.41   2.255e-01    2.317     0.456   1.025e+01    99.42     0.00    69.62     0.00
*M   4  5.71e-03  -1.160e+00  +0.000e+00     53.42   2.898e-01    2.169     0.461   7.038e+00    99.85     0.00    82.90     0.00
*M   5  1.55e-03  -1.170e+00  +0.000e+00     50.76   3.270e-01    2.259     0.472   4.036e+00   100.00     0.00    93.83     0.00
*
**********************************************************************
*
*
*          - Parameters at Post Ewald-Metro -
*
* Lattice parameters:
*
*             lat a  =    7.9973
*             lat b  =    3.5396
*             lat c  =    3.7964
*             alpha  =   89.8833
*             beta   =  107.5500
*             gamma  =   34.1470
*          cell vol  =   50.7625
*          cv/ortho  =    0.4724
*
* Energies:
*               ecc  = -1.1705e+00
*               eng  =  0.0000e+00
*
*
* Geometry:
*
*      packing frac  =    0.5131
*      aspect ratio  =    2.2594
*
* (dE/dV):
*                Px  =  1.0817e-02                    x-dir
*                Py  =  5.0949e-03                    y-dir
*                Pz  =  7.1449e-03                    z-dir
*
* Distances (PBC only):
*                                 min           hard           diff
*           ca1_ca1  =   1.000000e+06   2.320000e+00   9.999977e+05
*           ca1_ca2  =   1.000000e+06   1.160000e+00   9.999988e+05
*           ca1_ac1  =   2.837874e+00   2.830000e+00   7.873821e-03
*           ca1_av1  =   1.000000e+06  -1.000000e+00   1.000001e+06
*           ca1_ac2  =   1.000000e+06  -1.000000e+00   1.000001e+06
*           ca1_av2  =   1.000000e+06  -1.000000e+00   1.000001e+06
*           ca2_ca2  =   1.000000e+06   0.000000e+00   1.000000e+06
*           ca2_ac1  =   1.000000e+06   1.670000e+00   9.999983e+05
*           ca2_av1  =   1.000000e+06  -1.000000e+00   1.000001e+06
*           ca2_ac2  =   1.000000e+06  -1.000000e+00   1.000001e+06
*           ca2_av2  =   1.000000e+06  -1.000000e+00   1.000001e+06
*           ac1_ac1  =   1.000000e+06   3.340000e+00   9.999967e+05
*           ac1_av1  =   1.000000e+06  -1.000000e+00   1.000001e+06
*           ac1_ac2  =   1.000000e+06  -1.000000e+00   1.000001e+06
*           ac1_av2  =   1.000000e+06  -1.000000e+00   1.000001e+06
*           av1_av1  =   1.000000e+06  -1.000000e+00   1.000001e+06
*           av1_av2  =   1.000000e+06  -1.000000e+00   1.000001e+06
*           av2_av2  =   1.000000e+06  -1.000000e+00   1.000001e+06
*
*
*
**********************************************************************
*
*         - Comparing with 'best' structure -
*
****************************************************************
*
*          best ecc  = -1.1940e+00
*          best eng  =  0.0000e+00
*           ecc+eng  = -1.1940e+00
*          best vol  =  4.9215e+01
*           best pf  =  5.2925e-01
*
*     post_runs ecc  = -1.1705e+00
*     post_runs eng  =  0.0000e+00
*           ecc+eng  = -1.1705e+00
*     post_runs vol  =  5.0762e+01
*      post_runs pf  =  5.1312e-01
*
*       dV / V_runs  =  3.0475e-02
*
*          ecc_diff  = -2.3583e-02
*          eng_diff  =  0.0000e+00
*
*
****************************************************************
*
*  mag_ecc_diff > mag_eng_diff AND within BEST_VOL AND
* 'best' has lower energy than post runs! --> swapping.
*
****************************************************************
*
*
*          - Parameters at Post 'best-swap' -
*
* Lattice parameters:
*
*             lat a  =    6.9015
*             lat b  =    4.1110
*             lat c  =    4.1746
*             alpha  =   90.0762
*             beta   =  104.4467
*             gamma  =   28.9517
*          cell vol  =   49.2155
*          cv/ortho  =    0.4155
*
* Energies:
*               ecc  = -1.1940e+00
*               eng  =  0.0000e+00
*
*
* Geometry:
*
*      packing frac  =    0.5293
*      aspect ratio  =    1.6788
*
* (dE/dV):
*                Px  =  4.7338e-03                    x-dir
*                Py  =  9.2781e-03                    y-dir
*                Pz  =  1.0250e-02                    z-dir
*
* Distances (PBC only):
*                                 min           hard           diff
*           ca1_ca1  =   1.000000e+06   2.320000e+00   9.999977e+05
*           ca1_ca2  =   1.000000e+06   1.160000e+00   9.999988e+05
*           ca1_ac1  =   2.831110e+00   2.830000e+00   1.110368e-03
*           ca1_av1  =   1.000000e+06  -1.000000e+00   1.000001e+06
*           ca1_ac2  =   1.000000e+06  -1.000000e+00   1.000001e+06
*           ca1_av2  =   1.000000e+06  -1.000000e+00   1.000001e+06
*           ca2_ca2  =   1.000000e+06   0.000000e+00   1.000000e+06
*           ca2_ac1  =   1.000000e+06   1.670000e+00   9.999983e+05
*           ca2_av1  =   1.000000e+06  -1.000000e+00   1.000001e+06
*           ca2_ac2  =   1.000000e+06  -1.000000e+00   1.000001e+06
*           ca2_av2  =   1.000000e+06  -1.000000e+00   1.000001e+06
*           ac1_ac1  =   1.000000e+06   3.340000e+00   9.999967e+05
*           ac1_av1  =   1.000000e+06  -1.000000e+00   1.000001e+06
*           ac1_ac2  =   1.000000e+06  -1.000000e+00   1.000001e+06
*           ac1_av2  =   1.000000e+06  -1.000000e+00   1.000001e+06
*           av1_av1  =   1.000000e+06  -1.000000e+00   1.000001e+06
*           av1_av2  =   1.000000e+06  -1.000000e+00   1.000001e+06
*           av2_av2  =   1.000000e+06  -1.000000e+00   1.000001e+06
*
*
*
**********************************************************************
*
*         - Final Simplex relaxation with restarts -
*
**********************************************************************
*
*
****************************************************************
*
*
*        - Simplex Minimiziation Routine -
*
*
* Note: No aspect ratio constraint.
*
*
*            n_simp  =        15                   D.O.F.
*         simp_nmax  =      4500                max moves
*       simp_errlim  =  1.00e-08
*
*
*         - Initializing simplex arrays -
*
*
*      nfunk           rtol        pf        ar     ortho             e_ion              e_ss             e_tot
*X        12     1.1638e-02   0.53462   1.67879   0.40995    -1.2006546e+00     0.0000000e+00    -1.2006546e+00
*X      2000     3.1163e-05   0.57149   1.77906   0.40455    -1.2298177e+00     0.0000000e+00    -1.2298177e+00
*
*         simp_runs  =      2797               simp moves
*              rtol  =  9.94e-09               final rtol
*
* Simplex restart no. 1 of 10
*
*         - Initializing simplex arrays -
*
*
*      nfunk           rtol        pf        ar     ortho             e_ion              e_ss             e_tot
*X        11     1.4801e+00   0.57143   1.78063   0.40464    -1.2299588e+00     0.0000000e+00    -1.2299588e+00
*X      2000     5.1979e-06   0.57286   1.76051   0.40277    -1.2322397e+00     0.0000000e+00    -1.2322397e+00
*
*         simp_runs  =      2845               simp moves
*              rtol  =  9.76e-09               final rtol
*
* Simplex restart no. 2 of 10
*
*         - Initializing simplex arrays -
*
*
*      nfunk           rtol        pf        ar     ortho             e_ion              e_ss             e_tot
*X        11     1.4528e+00   0.57291   1.75828   0.40265    -1.2323084e+00     0.0000000e+00    -1.2323084e+00
*X      2000     4.0805e-08   0.57400   1.75605   0.40388    -1.2331265e+00     0.0000000e+00    -1.2331265e+00
*
*         simp_runs  =      2282               simp moves
*              rtol  =  9.55e-09               final rtol
*
* Simplex restart no. 3 of 10
*
*         - Initializing simplex arrays -
*
*
*      nfunk           rtol        pf        ar     ortho             e_ion              e_ss             e_tot
*X        11     1.4800e+00   0.57400   1.75605   0.40389    -1.2331279e+00     0.0000000e+00    -1.2331279e+00
*
*         simp_runs  =       975               simp moves
*              rtol  =  8.97e-09               final rtol
*
* Simplex restart no. 4 of 10
*
*         - Initializing simplex arrays -
*
*
*      nfunk           rtol        pf        ar     ortho             e_ion              e_ss             e_tot
*X        11     1.4800e+00   0.57403   1.75628   0.40381    -1.2331404e+00     0.0000000e+00    -1.2331404e+00
*
*         simp_runs  =      1437               simp moves
*              rtol  =  9.99e-09               final rtol
*
* Simplex restart no. 5 of 10
*
*         - Initializing simplex arrays -
*
*
*      nfunk           rtol        pf        ar     ortho             e_ion              e_ss             e_tot
*X        11     1.4800e+00   0.57404   1.75616   0.40383    -1.2331467e+00     0.0000000e+00    -1.2331467e+00
*
*         simp_runs  =      1004               simp moves
*              rtol  =  9.82e-09               final rtol
*
* Simplex restart no. 6 of 10
*
*         - Initializing simplex arrays -
*
*
*      nfunk           rtol        pf        ar     ortho             e_ion              e_ss             e_tot
*X        11     1.4800e+00   0.57404   1.75618   0.40383    -1.2331471e+00     0.0000000e+00    -1.2331471e+00
*
*         simp_runs  =       923               simp moves
*              rtol  =  9.51e-09               final rtol
*
* Simplex restart no. 7 of 10
*
*         - Initializing simplex arrays -
*
*
*      nfunk           rtol        pf        ar     ortho             e_ion              e_ss             e_tot
*X        11     1.4800e+00   0.57404   1.75618   0.40383    -1.2331472e+00     0.0000000e+00    -1.2331472e+00
*
*         simp_runs  =       888               simp moves
*              rtol  =  9.85e-09               final rtol
*
* Simplex restart no. 8 of 10
*
*         - Initializing simplex arrays -
*
*
*      nfunk           rtol        pf        ar     ortho             e_ion              e_ss             e_tot
*X        11     1.4800e+00   0.57404   1.75618   0.40383    -1.2331472e+00     0.0000000e+00    -1.2331472e+00
*
*         simp_runs  =       874               simp moves
*              rtol  =  9.70e-09               final rtol
*
* Simplex restart no. 9 of 10
*
*         - Initializing simplex arrays -
*
*
*      nfunk           rtol        pf        ar     ortho             e_ion              e_ss             e_tot
*X        11     1.4800e+00   0.57404   1.75618   0.40383    -1.2331472e+00     0.0000000e+00    -1.2331472e+00
*
*         simp_runs  =       886               simp moves
*              rtol  =  9.78e-09               final rtol
*
* Simplex restart no. 10 of 10
*
*         - Initializing simplex arrays -
*
*
*      nfunk           rtol        pf        ar     ortho             e_ion              e_ss             e_tot
*X        11     1.4800e+00   0.57404   1.75618   0.40383    -1.2331472e+00     0.0000000e+00    -1.2331472e+00
*
*         simp_runs  =       895               simp moves
*              rtol  =  9.16e-09               final rtol
*
****************************************************************
*
*          - Parameters at Post Simplex -
*
* Lattice parameters:
*
*             lat a  =    7.0148
*             lat b  =    3.9944
*             lat c  =    4.0101
*             alpha  =   89.9985
*             beta   =  105.8301
*             gamma  =   29.1660
*          cell vol  =   45.3757
*          cv/ortho  =    0.4038
*
* Energies:
*               ecc  = -1.2331e+00
*               eng  =  0.0000e+00
*
*
* Geometry:
*
*      packing frac  =    0.5740
*      aspect ratio  =    1.7562
*
* (dE/dV):
*                Px  =  1.0471e-02                    x-dir
*                Py  =  1.0000e+04                    y-dir
*                Pz  =  9.6189e-03                    z-dir
*
* Distances (PBC only):
*                                 min           hard           diff
*           ca1_ca1  =   1.000000e+06   2.320000e+00   9.999977e+05
*           ca1_ca2  =   1.000000e+06   1.160000e+00   9.999988e+05
*           ca1_ac1  =   2.830000e+00   2.830000e+00   5.826176e-09
*           ca1_av1  =   1.000000e+06  -1.000000e+00   1.000001e+06
*           ca1_ac2  =   1.000000e+06  -1.000000e+00   1.000001e+06
*           ca1_av2  =   1.000000e+06  -1.000000e+00   1.000001e+06
*           ca2_ca2  =   1.000000e+06   0.000000e+00   1.000000e+06
*           ca2_ac1  =   1.000000e+06   1.670000e+00   9.999983e+05
*           ca2_av1  =   1.000000e+06  -1.000000e+00   1.000001e+06
*           ca2_ac2  =   1.000000e+06  -1.000000e+00   1.000001e+06
*           ca2_av2  =   1.000000e+06  -1.000000e+00   1.000001e+06
*           ac1_ac1  =   1.000000e+06   3.340000e+00   9.999967e+05
*           ac1_av1  =   1.000000e+06  -1.000000e+00   1.000001e+06
*           ac1_ac2  =   1.000000e+06  -1.000000e+00   1.000001e+06
*           ac1_av2  =   1.000000e+06  -1.000000e+00   1.000001e+06
*           av1_av1  =   1.000000e+06  -1.000000e+00   1.000001e+06
*           av1_av2  =   1.000000e+06  -1.000000e+00   1.000001e+06
*           av2_av2  =   1.000000e+06  -1.000000e+00   1.000001e+06
*
*
***********************************************************
*        - Process and timing information -
*
* user time:   0 h 00 m 11.053970 s
* syst time:   0 h 00 m 00.012001 s
* signals: 0
* voluntary context switches: 8
* involuntary context switches: 5
*
***********************************************************
*SS symsearch output
*SS ( use:  | awk '($1=="*S"){print $0}' | sed 's/*S //' > temp.out )
*S Title
*S 1                 search type
*S 5.0 0.00001       displacement rms max min
*S 0.1 0.00001       strain rms max min
*S 1                 lattice input type
*S      7.01484     0.00000     0.00000
*S      3.48794     1.94663     0.00000
*S     -1.09390     1.96025     3.32294
*S 1 0 0
*S 0 1 0
*S 0 0 1
*S 2                 number of atoms
*S 11 0
*S      0.08062     0.39945     0.80080
*S      0.08325     0.89540     0.30205
*FF findsym output
*FF ( use:  | awk '($1=="*F"){print $0}' | sed 's/*F //' > temp.out )
*F Title
*F 0.001       displacement rms max min
*F 1                 lattice input type
*F      7.01484     0.00000     0.00000
*F      3.48794     1.94663     0.00000
*F     -1.09390     1.96025     3.32294
*F 1               basis vector in type
*F 1 0 0
*F 0 1 0
*F 0 0 1
*F 2                 number of atoms
*F 11 0
*F      0.08062     0.39945     0.80080
*F      0.08325     0.89540     0.30205
*DD powder output
*DD (use: | awk '($1=="*D"){print $0}' | sed 's/*D //' > temp.out )
*D 2
*D      7.01484     3.99438     4.01013
*D     89.99855   105.83006    29.16602
*D      0.08062     0.39945     0.80080        11
*D      0.08325     0.89540     0.30205         0
*PP poscar output
*PP (use: | awk '($1=="*P"){print $0}' | sed 's/*P //' > temp.out )
*P Z: 11 17 
*P 1.0 
*P      7.01484259     0.00000000     0.00000000
*P      3.48793621     1.94662814     0.00000000
*P     -1.09390289     1.96024597     3.32294197
*P 1 1 0 
*P Direct
*P       0.080618546479      0.399445716327      0.800802904056
*P       0.083249513005      0.895398316187      0.302045809067
*QQ poscar output
*QQ (use: | awk '($1=="*Q"){print $0}' | sed 's/*Q //' > temp.out )
*Q +1.000000000000 -1.000000000000 
*Q 1.0 
*Q      7.01484259     0.00000000     0.00000000
*Q      3.48793621     1.94662814     0.00000000
*Q     -1.09390289     1.96024597     3.32294197
*Q 1 1 0 
*Q Direct
*Q       0.080618546479      0.399445716327      0.800802904056
*Q       0.083249513005      0.895398316187      0.302045809067
*RR restart output
*RR (use: | awk '($1=="*R"){print $0}' | sed 's/*R //' > temp.out )
*R     7.014842592466    3.994378560398    4.010128572085
*R     1.570770951483    1.847082951954    0.509043134806
*R      1
*R      1     1
*R   -1.000000000000000   0.000000000000000
*R     0.000000000000    1.670000000000    0.000000000000    17     0
*R      1
*R      1   1.000000000000000
*R     1.160000000000    11
*R     0.080618546479    0.399445716327    0.800802904056
*R     0.083249513005    0.895398316187    0.302045809067
* XBS output
* CATION:
atom C     1.082766978    2.347342938    2.661021581
spec C     1.160000000    1.000000000    0.000000000    0.000000000
* ANION:
atom A     3.376665653    2.335091636    1.003680697
spec A     1.670000000    0.000000000    0.000000000    1.000000000
spec V     0.000000000    0.000000000    1.000000000    0.000000000
bonds A V  0.000000000    0.000000000    0.010000000    Black
* CELL PARAMETERS AND BORDER
atom 0    0.00000   0.00000   0.00000
atom 1    7.01484   0.00000   0.00000
atom 2   10.50278   1.94663   0.00000
atom 3    3.48794   1.94663   0.00000
atom 4   -1.09390   1.96025   3.32294
atom 5    5.92094   1.96025   3.32294
atom 6    9.40888   3.90687   3.32294
atom 7    2.39403   3.90687   3.32294
spec 0     0.050000000    0.000000000    0.000000000    0.000000000
spec 1     0.050000000    0.000000000    0.000000000    0.000000000
spec 2     0.050000000    0.000000000    0.000000000    0.000000000
spec 3     0.050000000    0.000000000    0.000000000    0.000000000
spec 4     0.050000000    0.000000000    0.000000000    0.000000000
spec 5     0.050000000    0.000000000    0.000000000    0.000000000
spec 6     0.050000000    0.000000000    0.000000000    0.000000000
spec 7     0.050000000    0.000000000    0.000000000    0.000000000
bonds 0 1  7.007827750    7.021857435    0.010000000    Black
bonds 3 2  7.007827750    7.021857435    0.010000000    Black
bonds 4 5  7.007827750    7.021857435    0.010000000    Black
bonds 6 7  7.007827750    7.021857435    0.010000000    Black
bonds 1 2  3.990384182    3.998372939    0.010000000    Black
bonds 0 3  3.990384182    3.998372939    0.010000000    Black
bonds 5 6  3.990384182    3.998372939    0.010000000    Black
bonds 4 7  3.990384182    3.998372939    0.010000000    Black
bonds 0 4  4.006118444    4.014138701    0.010000000    Black
bonds 1 5  4.006118444    4.014138701    0.010000000    Black
bonds 2 6  4.006118444    4.014138701    0.010000000    Black
bonds 3 7  4.006118444    4.014138701    0.010000000    Black
inc 5.000000
dup    7.01484   0.00000   0.00000
dup    3.48794   1.94663   0.00000
dup   -1.09390   1.96025   3.32294
