*************************************************
*	pack	(version 4.12.0.5)
*	Eric Majzoub
*	Sandia National Laboratories
*************************************************
*  Source file: main.c
*  Compile date: Dec 27 2012
*  Compile time: 17:19:04
*  commandline = /projects/e20438/bin/pack-4.12.0.5/pack_exe -f ../../NaCl_pegs.in -P -R -r 500 -t 15 -g 25789 
*  input file = ../../NaCl_pegs.in
**********************************************************************
**********************************************************************
**********************************************************************
* 
*       - General run comments -
* 
* WARN: no Rotations in Metropolis (-R flag).
* WARN: all anionic charge on center atom (-P flag).
*
**********************************************************************
*           - Input parameters -
*
*           restart  =         0         1 = restart calc
*        autoadjust  =         1   automatically set temp
*          aa_using  =         1        1=rej pct, 2=pCnt
*         basin hop  =         0           number of hops
*     non_per_ewald  =         0          1=nanopart calc
*
*             lat a  =   10.0000
*             lat b  =   10.0000
*             lat c  =   10.0000
*             alpha  =    1.5708
*             beta   =    1.5708
*             gamma  =    1.5708
*          cell vol  = 1000.0000
*      sqsh vol pct  =    0.2000
* 
*          cell_min  =    1.6700              min lat vec
*          cell_max  =  167.0000              max lat vec
* 
*         n_type_an  =         1          num type anions
*            num_an  =         1           tot num anions
* 
*          num_an_1  =         1        num anions type 1
*        num_vert_1  =         1     1=sph 2=dim 5=tet...
*       an_chrg_c_1  =   -1.0000      anion center charge
*       an_chrg_v_1  =    0.0000      anion vertex charge
*     tot_an_chrg_1  =   -1.0000       total anion charge
*           Rcent_1  =    1.6700         anion center rad
*           Rvert_1  =    0.0000         anion vertex rad
*             cvd_1  =    0.0000        cent to vert dist
*           Zcent_1  =        17           anion center Z
*           Zvert_1  =         0           anion vertex Z
* 
*          num_an_2  =         0        num anions type 2
*        num_vert_2  =         0     1=sph 2=dim 5=tet...
*       an_chrg_c_2  =    0.0000      anion center charge
*       an_chrg_v_2  =    0.0000      anion vertex charge
*     tot_an_chrg_2  =    0.0000       total anion charge
*           Rcent_2  =    0.0000         anion center rad
*           Rvert_2  =    0.0000         anion vertex rad
*             cvd_2  =    0.0000        cent to vert dist
*           Zcent_2  =         0           anion center Z
*           Zvert_2  =         0           anion vertex Z
* 
*         n_type_ca  =         1            num type cats
*            num_ca  =         1          tot num cations
* 
*          num_ca_1  =         1        num cations typ 1
*         ca_chrg_1  =    1.0000        cation chrg typ 1
*            Rcat_1  =    1.1600         cation rad typ 1
*            Zcat_1  =        11           cation Z typ 1
* 
*            C2VTOL  =  1.00e-08            c2v tolerance
*            ERRLIM  =  1.00e-06
*       REP_EPSILON  =  1.00e+00        soft sphere repul
*    TRANS_FRAC_MAX  =    0.5000                    fixed
*    TRANS_FRAC_MIN  =    0.0200
*      MAX_ANG_CHNG  =    9.9695                  degrees
*    VOLUM_FRAC_MAX  =    0.0700
*         EXT_PRESS  =  0.00e+00        external pressure
*      SQSH_VOL_PCT  =    0.2000             min orth val
*        ASPECT_MAX  =   20.0000                cell parm
*            dplane  =    1.6700            min plane sep
*      SCALE_FACTOR  =    1.2500         bhop max scaling
* 
*            d.o.f.  =        12       degrees of freedom
*          runs/dof  =       500         loops per d.o.f.
*              runs  =      6000              loops per T
*               ncc  =     24000     config changes per T
*            t_runs  =        15           num temp steps
*             efunc  =         0               0=SS  1=LJ
*       N_HALT_CHNG  =        15      halts after N 100%s
*
*      anneal_sched  =         3   0=lin or exp(-run_n^n)
*         temp_init  =  1.00e+00             initial temp
*         temp_finl  =  1.00e-03               final temp
* 
*          trn_chng  =         1              0=off  1=on
*          rot_chng  =         0              0=off  1=on
*          lat_chng  =         1              0=off  1=on
*          swp_chng  =         1              0=off  1=on
* 
*     SIMP_RESTARTS  =        11     no. simplex restarts
*  SIMP_RESTARTS BH  =        21  basin hop simp restarts
*         SIMP_NMAX  =      4500        max simplex iters
*          SIMP_DEG  =    1.0000          anion start deg
*         SIMP_LAMB  =    0.0100        vertex start frac
*       SIMP_ERRLIM  =  1.00e-08              error limit
* 
*           aa runs  =      1200           config changes
*      aa runs_step  =        10   config change increase
*       aa runs_max  =      1500  max auto config changes
*         aa t_runs  =         3            num temp runs
*      aa temp_step  =    0.5000                temp step
* 
*        aa chng hi  =         3  1=trn 2=rot 3=lat 4=swp
*        aa chng lo  =         3  1=trn 2=rot 3=lat 4=swp
* 
*      aa ht_pct_hi  =     0.650             high rej pct
*      aa ht_pct_lo  =     0.600             low  rej pct
* 
*      aa lt_pct_hi  =     0.999             high rej pct
*      aa lt_pct_lo  =     0.950             low  rej pct
* 
*            tmpfile =                   PR21013-best.tmp
* 
* Checking for out of bounds fractional coords.
*
**********************************************************************
*
*          - Parameters at START -
*
* Lattice parameters:
*
*             lat a  =   10.0000
*             lat b  =   10.0000
*             lat c  =   10.0000
*             alpha  =   90.0000
*             beta   =   90.0000
*             gamma  =   90.0000
*          cell vol  = 1000.0000
*          cv/ortho  =    1.0000
*
* Energies:
*               ecc  = -4.4696e-01
*               eng  =  0.0000e+00
*
*
* Geometry:
*
*      packing frac  =    0.0260
*      aspect ratio  =    1.0000
*
* (dE/dV):
*                Px  = -1.8038e-05                    x-dir
*                Py  =  2.3058e-04                    y-dir
*                Pz  =  2.3441e-04                    z-dir
*
* Distances (PBC only):
*                                 min           hard           diff
*           ca1_ca1  =   1.000000e+06   2.320000e+00   9.999977e+05
*           ca1_ca2  =   1.000000e+06   1.160000e+00   9.999988e+05
*           ca1_ac1  =   6.894706e+00   2.830000e+00   4.064706e+00
*           ca1_av1  =   1.000000e+06  -1.000000e+00   1.000001e+06
*           ca1_ac2  =   1.000000e+06  -1.000000e+00   1.000001e+06
*           ca1_av2  =   1.000000e+06  -1.000000e+00   1.000001e+06
*           ca2_ca2  =   1.000000e+06   0.000000e+00   1.000000e+06
*           ca2_ac1  =   1.000000e+06   1.670000e+00   9.999983e+05
*           ca2_av1  =   1.000000e+06  -1.000000e+00   1.000001e+06
*           ca2_ac2  =   1.000000e+06  -1.000000e+00   1.000001e+06
*           ca2_av2  =   1.000000e+06  -1.000000e+00   1.000001e+06
*           ac1_ac1  =   1.000000e+06   3.340000e+00   9.999967e+05
*           ac1_av1  =   1.000000e+06  -1.000000e+00   1.000001e+06
*           ac1_ac2  =   1.000000e+06  -1.000000e+00   1.000001e+06
*           ac1_av2  =   1.000000e+06  -1.000000e+00   1.000001e+06
*           av1_av1  =   1.000000e+06  -1.000000e+00   1.000001e+06
*           av1_av2  =   1.000000e+06  -1.000000e+00   1.000001e+06
*           av2_av2  =   1.000000e+06  -1.000000e+00   1.000001e+06
*
*
*
**********************************************************************
*
* ------------------------------------------------------------
*              Autoadjust high temperatrure:
* ------------------------------------------------------------
*              Autoadjusting on 3 (1=trn,2=rot,3=lat,4=swp)
*
**********************************************************************
*
*                 -- Autoadjust Metropolis Run --
*
*   autoadjust_temp_init  =  1.0000e+00
*   autoadjust_temp_step  =  5.0000e-01
*        autoadjust_runs  =        1200         configs per temp
*       autoadjust_count  =           1
*
**********************************************************************
*
* Metropolis: 3 temperature runs with these parameters:
*
*              runs  =      1200              loops per T
*               T_0  = 1.000e+00             initial temp
*               T_L  = 1.000e+00               final temp
*           T_alpha  = 8.000e+09          annealing alpha
*
*            T = T_0 * exp( -run_num**3 / T_alpha )
*
**********************************************************************
*H run      Temp       E_ion        E_ss   cel vol       SigPF       ar     ortho        pCnt          % Rejected Changes
*H                                                                                                 trn      rot      lat      swp
*T   1  1.00e+00  -5.039e-01  +0.000e+00    471.07   1.257e-02    2.337     0.486   2.915e-02     8.00     0.00     1.17     0.00
*T   2  1.00e+00  -1.816e-01  +0.000e+00    247.27   2.772e-02    2.649     0.392   1.317e-01    27.92     0.00     2.92     0.00
*T   3  1.00e+00  -5.885e-01  +0.000e+00    613.14   3.554e-02    1.911     0.272   5.324e-02    22.25     0.00     1.92     0.00
*
**********************************************************************
*
*                 -- AUTOADJUST [1] OUT --
*
*     target: lo % = 60.000000      hi % = 65.000000
*     Autoadjust % =  1.916667
*     Autoadjust: Lowering the temperature 5.000e-01 [a.u.]
*
**********************************************************************
*
*                 -- Autoadjust Metropolis Run --
*
*   autoadjust_temp_init  =  5.0000e-01
*   autoadjust_temp_step  =  5.0000e-01
*        autoadjust_runs  =        1210         configs per temp
*       autoadjust_count  =           2
*
**********************************************************************
*
* Metropolis: 3 temperature runs with these parameters:
*
*              runs  =      1210              loops per T
*               T_0  = 5.000e-01             initial temp
*               T_L  = 4.995e-01               final temp
*           T_alpha  = 7.996e+03          annealing alpha
*
*            T = T_0 * exp( -run_num**3 / T_alpha )
*
**********************************************************************
*H run      Temp       E_ion        E_ss   cel vol       SigPF       ar     ortho        pCnt          % Rejected Changes
*H                                                                                                 trn      rot      lat      swp
*T   1  5.00e-01  -7.826e-01  +0.000e+00    577.11   5.229e-02    2.022     0.514   1.375e-01    31.98     0.00     4.38     0.00
*T   2  5.00e-01  -3.267e-02  +0.000e+00  43803.99   9.852e-03    6.097     0.700   1.710e-01    16.86     0.00     0.83     0.00
*T   3  4.99e-01  -1.680e-01  +0.000e+00   2790.37   5.162e-03   10.003     0.245   2.552e-01    25.12     0.00     1.82     0.00
*
**********************************************************************
*
*                 -- AUTOADJUST [2] OUT --
*
*     target: lo % = 60.000000      hi % = 65.000000
*     Autoadjust % =  1.818182
*     Autoadjust: special case: (T-Tstep) = 0.000e+00 [a.u.]
*     Autoadjust: special case: ===> drop temp step to: 2.250e-01 [a.u.]
*     Autoadjust: Lowering the temperature 2.250e-01 [a.u.]
*
**********************************************************************
*
*                 -- Autoadjust Metropolis Run --
*
*   autoadjust_temp_init  =  2.7500e-01
*   autoadjust_temp_step  =  2.2500e-01
*        autoadjust_runs  =        1220         configs per temp
*       autoadjust_count  =           3
*
**********************************************************************
*
* Metropolis: 3 temperature runs with these parameters:
*
*              runs  =      1220              loops per T
*               T_0  = 2.750e-01             initial temp
*               T_L  = 2.747e-01               final temp
*           T_alpha  = 7.996e+03          annealing alpha
*
*            T = T_0 * exp( -run_num**3 / T_alpha )
*
**********************************************************************
*H run      Temp       E_ion        E_ss   cel vol       SigPF       ar     ortho        pCnt          % Rejected Changes
*H                                                                                                 trn      rot      lat      swp
*T   1  2.75e-01  -5.755e-01  +0.000e+00  10409.16   3.473e-03    9.896     0.234   1.104e+00    59.43     0.00     6.31     0.00
*T   2  2.75e-01  +2.236e-01  +0.000e+00   4116.67   3.938e-03   11.328     0.483   1.430e+00    75.74     0.00     4.10     0.00
*T   3  2.75e-01  -6.051e-01  +0.000e+00   1668.79   5.419e-03    4.975     0.216   8.360e-01    51.48     0.00     5.25     0.00
*
**********************************************************************
*
*                 -- AUTOADJUST [3] OUT --
*
*     target: lo % = 60.000000      hi % = 65.000000
*     Autoadjust % =  5.245902
*     Autoadjust: Lowering the temperature 2.250e-01 [a.u.]
*
**********************************************************************
*
*                 -- Autoadjust Metropolis Run --
*
*   autoadjust_temp_init  =  5.0000e-02
*   autoadjust_temp_step  =  2.2500e-01
*        autoadjust_runs  =        1230         configs per temp
*       autoadjust_count  =           4
*
**********************************************************************
*
* Metropolis: 3 temperature runs with these parameters:
*
*              runs  =      1230              loops per T
*               T_0  = 5.000e-02             initial temp
*               T_L  = 4.995e-02               final temp
*           T_alpha  = 7.996e+03          annealing alpha
*
*            T = T_0 * exp( -run_num**3 / T_alpha )
*
**********************************************************************
*H run      Temp       E_ion        E_ss   cel vol       SigPF       ar     ortho        pCnt          % Rejected Changes
*H                                                                                                 trn      rot      lat      swp
*T   1  5.00e-02  -8.199e-01  +0.000e+00   1314.76   1.631e-02    8.883     0.312   4.079e+00    93.82     0.00    20.33     0.00
*T   2  5.00e-02  -9.572e-01  +0.000e+00    437.24   2.143e-02    5.529     0.425   5.376e+00    97.48     0.00    19.92     0.00
*T   3  5.00e-02  -9.622e-01  +0.000e+00    552.91   3.398e-02    5.588     0.605   9.080e-01    99.92     0.00    23.90     0.00
*
**********************************************************************
*
*                 -- AUTOADJUST [4] OUT --
*
*     target: lo % = 60.000000      hi % = 65.000000
*     Autoadjust % = 23.902439
*     Autoadjust: special case: (T-Tstep) = -1.750e-01 [a.u.]
*     Autoadjust: special case: ===> drop temp step to: 1.013e-01 [a.u.]
*     Autoadjust: special case: (T-Tstep) = -5.125e-02 [a.u.]
*     Autoadjust: special case: ===> drop temp step to: 4.556e-02 [a.u.]
*     Autoadjust: Lowering the temperature 4.556e-02 [a.u.]
*
**********************************************************************
*
*                 -- Autoadjust Metropolis Run --
*
*   autoadjust_temp_init  =  4.4375e-03
*   autoadjust_temp_step  =  4.5563e-02
*        autoadjust_runs  =        1240         configs per temp
*       autoadjust_count  =           5
*
**********************************************************************
*
* Metropolis: 3 temperature runs with these parameters:
*
*              runs  =      1240              loops per T
*               T_0  = 4.438e-03             initial temp
*               T_L  = 4.433e-03               final temp
*           T_alpha  = 7.996e+03          annealing alpha
*
*            T = T_0 * exp( -run_num**3 / T_alpha )
*
**********************************************************************
*H run      Temp       E_ion        E_ss   cel vol       SigPF       ar     ortho        pCnt          % Rejected Changes
*H                                                                                                 trn      rot      lat      swp
*T   1  4.44e-03  -1.071e+00  +0.000e+00    213.26   5.213e-02    2.823     0.602   1.411e+01    99.92     0.00    68.47     0.00
*T   2  4.44e-03  -1.101e+00  +0.000e+00    260.54   6.711e-02    4.114     0.562   5.110e+00   100.00     0.00    69.68     0.00
*T   3  4.43e-03  -1.096e+00  +0.000e+00    128.59   1.084e-01    1.823     0.586   1.595e+00   100.00     0.00    72.42     0.00
*
**********************************************************************
*
*                 -- AUTOADJUST [5] OUT --
*
*     target: lo % = 60.000000      hi % = 65.000000
*     Autoadjust % = 72.419355
*     Autoadjust: overshot! drop temp step to: 2.050e-02 [a.u.]
*     Autoadjust: Raising the temperature 2.050e-02 [a.u.]
*
**********************************************************************
*
*                 -- Autoadjust Metropolis Run --
*
*   autoadjust_temp_init  =  2.4941e-02
*   autoadjust_temp_step  =  2.0503e-02
*        autoadjust_runs  =        1250         configs per temp
*       autoadjust_count  =           6
*
**********************************************************************
*
* Metropolis: 3 temperature runs with these parameters:
*
*              runs  =      1250              loops per T
*               T_0  = 2.494e-02             initial temp
*               T_L  = 2.492e-02               final temp
*           T_alpha  = 7.996e+03          annealing alpha
*
*            T = T_0 * exp( -run_num**3 / T_alpha )
*
**********************************************************************
*H run      Temp       E_ion        E_ss   cel vol       SigPF       ar     ortho        pCnt          % Rejected Changes
*H                                                                                                 trn      rot      lat      swp
*T   1  2.49e-02  -1.010e+00  +0.000e+00     84.20   1.516e-01    1.558     0.422   3.145e+00    97.12     0.00    53.76     0.00
*T   2  2.49e-02  -9.977e-01  +0.000e+00     96.11   1.653e-01    1.750     0.580   5.073e+00    95.68     0.00    44.72     0.00
*T   3  2.49e-02  -9.981e-01  +0.000e+00     93.57   1.433e-01    1.556     0.404   3.025e+00    96.16     0.00    49.36     0.00
*
**********************************************************************
*
*                 -- AUTOADJUST [6] OUT --
*
*     target: lo % = 60.000000      hi % = 65.000000
*     Autoadjust % = 49.360000
*     Autoadjust: overshot! drop temp step to: 9.226e-03 [a.u.]
*     Autoadjust: Lowering the temperature 9.226e-03 [a.u.]
*
**********************************************************************
*
*                 -- Autoadjust Metropolis Run --
*
*   autoadjust_temp_init  =  1.5714e-02
*   autoadjust_temp_step  =  9.2264e-03
*        autoadjust_runs  =        1260         configs per temp
*       autoadjust_count  =           7
*
**********************************************************************
*
* Metropolis: 3 temperature runs with these parameters:
*
*              runs  =      1260              loops per T
*               T_0  = 1.571e-02             initial temp
*               T_L  = 1.570e-02               final temp
*           T_alpha  = 7.996e+03          annealing alpha
*
*            T = T_0 * exp( -run_num**3 / T_alpha )
*
**********************************************************************
*H run      Temp       E_ion        E_ss   cel vol       SigPF       ar     ortho        pCnt          % Rejected Changes
*H                                                                                                 trn      rot      lat      swp
*T   1  1.57e-02  -1.139e+00  +0.000e+00     51.83   2.433e-01    1.599     0.591   2.150e+01    99.29     0.00    56.75     0.00
*T   2  1.57e-02  -1.118e+00  +0.000e+00     55.65   2.692e-01    1.597     0.498   3.213e+00   100.00     0.00    56.90     0.00
*T   3  1.57e-02  -1.105e+00  +0.000e+00     54.89   2.685e-01    1.680     0.613   2.744e+00    99.92     0.00    59.60     0.00
*
**********************************************************************
*
*                 -- AUTOADJUST [7] OUT --
*
*     target: lo % = 60.000000      hi % = 65.000000
*     Autoadjust % = 59.603175
*     Autoadjust: Lowering the temperature 9.226e-03 [a.u.]
*
**********************************************************************
*
*                 -- Autoadjust Metropolis Run --
*
*   autoadjust_temp_init  =  6.4878e-03
*   autoadjust_temp_step  =  9.2264e-03
*        autoadjust_runs  =        1270         configs per temp
*       autoadjust_count  =           8
*
**********************************************************************
*
* Metropolis: 3 temperature runs with these parameters:
*
*              runs  =      1270              loops per T
*               T_0  = 6.488e-03             initial temp
*               T_L  = 6.481e-03               final temp
*           T_alpha  = 7.996e+03          annealing alpha
*
*            T = T_0 * exp( -run_num**3 / T_alpha )
*
**********************************************************************
*H run      Temp       E_ion        E_ss   cel vol       SigPF       ar     ortho        pCnt          % Rejected Changes
*H                                                                                                 trn      rot      lat      swp
*T   1  6.49e-03  -1.154e+00  +0.000e+00     54.43   3.005e-01    1.542     0.601   2.031e+01    99.92     0.00    78.50     0.00
*T   2  6.49e-03  -1.184e+00  +0.000e+00     51.50   2.918e-01    1.544     0.578   4.493e+00   100.00     0.00    80.71     0.00
*T   3  6.48e-03  -1.157e+00  +0.000e+00     51.81   2.946e-01    1.615     0.587   5.376e+00    99.92     0.00    77.64     0.00
*
**********************************************************************
*
*                 -- AUTOADJUST [8] OUT --
*
*     target: lo % = 60.000000      hi % = 65.000000
*     Autoadjust % = 77.637795
*     Autoadjust: overshot! drop temp step to: 4.152e-03 [a.u.]
*     Autoadjust: Raising the temperature 4.152e-03 [a.u.]
*
**********************************************************************
*
*                 -- Autoadjust Metropolis Run --
*
*   autoadjust_temp_init  =  1.0640e-02
*   autoadjust_temp_step  =  4.1519e-03
*        autoadjust_runs  =        1280         configs per temp
*       autoadjust_count  =           9
*
**********************************************************************
*
* Metropolis: 3 temperature runs with these parameters:
*
*              runs  =      1280              loops per T
*               T_0  = 1.064e-02             initial temp
*               T_L  = 1.063e-02               final temp
*           T_alpha  = 7.996e+03          annealing alpha
*
*            T = T_0 * exp( -run_num**3 / T_alpha )
*
**********************************************************************
*H run      Temp       E_ion        E_ss   cel vol       SigPF       ar     ortho        pCnt          % Rejected Changes
*H                                                                                                 trn      rot      lat      swp
*T   1  1.06e-02  -1.177e+00  +0.000e+00     52.43   2.657e-01    1.510     0.585   1.151e+01   100.00     0.00    65.86     0.00
*T   2  1.06e-02  -1.168e+00  +0.000e+00     49.65   2.730e-01    1.646     0.626   2.634e+00   100.00     0.00    70.16     0.00
*T   3  1.06e-02  -1.079e+00  +0.000e+00     60.70   2.597e-01    1.393     0.424   3.836e+00    99.84     0.00    66.09     0.00
*
**********************************************************************
*
*                 -- AUTOADJUST [9] OUT --
*
*     target: lo % = 60.000000      hi % = 65.000000
*     Autoadjust % = 66.093750
*     Autoadjust: Raising the temperature 4.152e-03 [a.u.]
*
**********************************************************************
*
*                 -- Autoadjust Metropolis Run --
*
*   autoadjust_temp_init  =  1.4792e-02
*   autoadjust_temp_step  =  4.1519e-03
*        autoadjust_runs  =        1290         configs per temp
*       autoadjust_count  =          10
*
**********************************************************************
*
* Metropolis: 3 temperature runs with these parameters:
*
*              runs  =      1290              loops per T
*               T_0  = 1.479e-02             initial temp
*               T_L  = 1.478e-02               final temp
*           T_alpha  = 7.996e+03          annealing alpha
*
*            T = T_0 * exp( -run_num**3 / T_alpha )
*
**********************************************************************
*H run      Temp       E_ion        E_ss   cel vol       SigPF       ar     ortho        pCnt          % Rejected Changes
*H                                                                                                 trn      rot      lat      swp
*T   1  1.48e-02  -1.112e+00  +0.000e+00     52.85   2.529e-01    1.382     0.499   4.984e+00    99.77     0.00    60.70     0.00
*T   2  1.48e-02  -1.128e+00  +0.000e+00     52.21   2.506e-01    1.085     0.491   2.526e+00    99.77     0.00    63.02     0.00
*T   3  1.48e-02  -1.134e+00  +0.000e+00     58.46   2.424e-01    1.353     0.608   5.491e+00    99.22     0.00    60.31     0.00
*
**********************************************************************
*
*                 -- AUTOADJUST [10] OUT --
*
*     target: lo % = 60.000000      hi % = 65.000000
*     Autoadjust % = 60.310078
*     Autoadjust: temp = 1.479e-02  is good!  Exiting autoadjust.
*
**********************************************************************
*
* ------------------------------------------------------------
*              Autoadjust low temperatrure:
* ------------------------------------------------------------
*              Autoadjusting on 3 (1=trn,2=rot,3=lat,4=swp)
*
**********************************************************************
*
*                 -- Autoadjust Metropolis Run --
*
*   autoadjust_temp_init  =  2.0000e-02
*   autoadjust_temp_step  =  5.0000e-01
*        autoadjust_runs  =        1200         configs per temp
*       autoadjust_count  =           1
*
**********************************************************************
*
* Metropolis: 3 temperature runs with these parameters:
*
*              runs  =      1200              loops per T
*               T_0  = 2.000e-02             initial temp
*               T_L  = 2.000e-02               final temp
*           T_alpha  = 1.600e+08          annealing alpha
*
*            T = T_0 * exp( -run_num**3 / T_alpha )
*
**********************************************************************
*H run      Temp       E_ion        E_ss   cel vol       SigPF       ar     ortho        pCnt          % Rejected Changes
*H                                                                                                 trn      rot      lat      swp
*T   1  2.00e-02  -1.049e+00  +0.000e+00     60.94   2.037e-01    1.193     0.371   4.055e+00    98.50     0.00    55.50     0.00
*T   2  2.00e-02  -1.071e+00  +0.000e+00     73.73   1.929e-01    1.364     0.704   7.425e+00    98.50     0.00    50.83     0.00
*T   3  2.00e-02  -1.108e+00  +0.000e+00     63.19   2.054e-01    1.071     0.817   6.462e+00    98.25     0.00    52.08     0.00
*
**********************************************************************
*
*                 -- AUTOADJUST [1] OUT --
*
*     target: lo % = 95.000000      hi % = 99.900000
*     Autoadjust % = 52.083333
*     Autoadjust: special case: (T-Tstep) = -4.800e-01 [a.u.]
*     Autoadjust: special case: ===> drop temp step to: 2.250e-01 [a.u.]
*     Autoadjust: special case: (T-Tstep) = -2.050e-01 [a.u.]
*     Autoadjust: special case: ===> drop temp step to: 1.013e-01 [a.u.]
*     Autoadjust: special case: (T-Tstep) = -8.125e-02 [a.u.]
*     Autoadjust: special case: ===> drop temp step to: 4.556e-02 [a.u.]
*     Autoadjust: special case: (T-Tstep) = -2.556e-02 [a.u.]
*     Autoadjust: special case: ===> drop temp step to: 2.050e-02 [a.u.]
*     Autoadjust: special case: (T-Tstep) = -5.031e-04 [a.u.]
*     Autoadjust: special case: ===> drop temp step to: 9.226e-03 [a.u.]
*     Autoadjust: Lowering the temperature 9.226e-03 [a.u.]
*
**********************************************************************
*
*                 -- Autoadjust Metropolis Run --
*
*   autoadjust_temp_init  =  1.0774e-02
*   autoadjust_temp_step  =  9.2264e-03
*        autoadjust_runs  =        1210         configs per temp
*       autoadjust_count  =           2
*
**********************************************************************
*
* Metropolis: 3 temperature runs with these parameters:
*
*              runs  =      1210              loops per T
*               T_0  = 1.077e-02             initial temp
*               T_L  = 1.076e-02               final temp
*           T_alpha  = 7.996e+03          annealing alpha
*
*            T = T_0 * exp( -run_num**3 / T_alpha )
*
**********************************************************************
*H run      Temp       E_ion        E_ss   cel vol       SigPF       ar     ortho        pCnt          % Rejected Changes
*H                                                                                                 trn      rot      lat      swp
*T   1  1.08e-02  -1.154e+00  +0.000e+00     57.93   2.589e-01    1.161     0.823   6.449e+00    99.67     0.00    73.14     0.00
*T   2  1.08e-02  -1.084e+00  +0.000e+00     70.85   2.745e-01    1.245     0.852   2.634e+00   100.00     0.00    74.38     0.00
*T   3  1.08e-02  -1.073e+00  +0.000e+00     64.27   2.565e-01    1.334     0.763   3.483e+00    99.59     0.00    72.15     0.00
*
**********************************************************************
*
*                 -- AUTOADJUST [2] OUT --
*
*     target: lo % = 95.000000      hi % = 99.900000
*     Autoadjust % = 72.148760
*     Autoadjust: Lowering the temperature 9.226e-03 [a.u.]
*
**********************************************************************
*
*                 -- Autoadjust Metropolis Run --
*
*   autoadjust_temp_init  =  1.5472e-03
*   autoadjust_temp_step  =  9.2264e-03
*        autoadjust_runs  =        1220         configs per temp
*       autoadjust_count  =           3
*
**********************************************************************
*
* Metropolis: 3 temperature runs with these parameters:
*
*              runs  =      1220              loops per T
*               T_0  = 1.547e-03             initial temp
*               T_L  = 1.546e-03               final temp
*           T_alpha  = 7.996e+03          annealing alpha
*
*            T = T_0 * exp( -run_num**3 / T_alpha )
*
**********************************************************************
*H run      Temp       E_ion        E_ss   cel vol       SigPF       ar     ortho        pCnt          % Rejected Changes
*H                                                                                                 trn      rot      lat      swp
*T   1  1.55e-03  -1.123e+00  +0.000e+00     53.89   3.179e-01    1.383     0.732   6.461e+00   100.00     0.00    96.07     0.00
*T   2  1.55e-03  -1.125e+00  +0.000e+00     54.39   3.170e-01    1.362     0.734   7.640e-01   100.00     0.00    96.80     0.00
*T   3  1.55e-03  -1.154e+00  +0.000e+00     51.41   3.235e-01    1.390     0.725   6.691e+01    99.92     0.00    95.98     0.00
*
**********************************************************************
*
*                 -- AUTOADJUST [3] OUT --
*
*     target: lo % = 95.000000      hi % = 99.900000
*     Autoadjust % = 95.983607
*     Autoadjust: temp = 1.547e-03  is good!  Exiting autoadjust.
*
**********************************************************************
*
*
*          -- Initializing cell contents --
*
*
*
**********************************************************************
*
*            -- Starting Metropolis calculation --
*
*              temp_init  = 1.479e-02
*
**********************************************************************
*
* Metropolis: 15 temperature runs with these parameters:
*
*              runs  =      6000              loops per T
*               T_0  = 1.479e-02             initial temp
*               T_L  = 1.547e-03               final temp
*           T_alpha  = 1.215e+03          annealing alpha
*
*            T = T_0 * exp( -run_num**3 / T_alpha )
*
**********************************************************************
*H run      Temp       E_ion        E_ss   cel vol       SigPF       ar     ortho        pCnt          % Rejected Changes
*H                                                                                                 trn      rot      lat      swp
*M   1  1.48e-02  -1.033e+00  +0.000e+00     74.52   2.605e-01    1.877     0.524   5.096e+01    99.57     0.00    64.52     0.00
*M   2  1.48e-02  -1.064e+00  +0.000e+00     67.87   2.305e-01    1.378     0.603   9.260e+00    98.78     0.00    69.67     0.00
*M   3  1.47e-02  -1.140e+00  +0.000e+00     51.51   2.537e-01    1.343     0.858   8.002e+00    99.42     0.00    65.90     0.00
*M   4  1.45e-02  -1.132e+00  +0.000e+00     62.49   2.684e-01    1.194     0.795   1.193e+01    99.17     0.00    64.58     0.00
*M   5  1.40e-02  -1.099e+00  +0.000e+00     58.48   2.425e-01    1.505     0.696   4.718e+00    99.63     0.00    66.33     0.00
*M   6  1.33e-02  -1.110e+00  +0.000e+00     56.22   2.359e-01    1.364     0.668   6.946e+00    99.47     0.00    68.58     0.00
*M   7  1.24e-02  -1.162e+00  +0.000e+00     48.94   2.587e-01    1.237     0.531   9.972e+00    99.63     0.00    69.70     0.00
*M   8  1.12e-02  -1.097e+00  +0.000e+00     59.27   2.744e-01    1.455     0.564   6.889e+00    99.70     0.00    75.63     0.00
*M   9  9.71e-03  -1.167e+00  +0.000e+00     52.77   2.991e-01    1.414     0.530   6.120e+00    99.78     0.00    75.83     0.00
*M  10  8.12e-03  -1.149e+00  +0.000e+00     54.66   2.714e-01    1.533     0.607   7.036e+00    99.90     0.00    75.37     0.00
*M  11  6.50e-03  -1.171e+00  +0.000e+00     47.23   2.860e-01    1.635     0.630   5.444e+00    99.95     0.00    77.77     0.00
*M  12  4.95e-03  -1.179e+00  +0.000e+00     42.64   3.642e-01    1.668     0.619   6.308e+00   100.00     0.00    86.23     0.00
*M  13  3.57e-03  -1.188e+00  +0.000e+00     41.89   3.966e-01    1.655     0.610   3.232e+00   100.00     0.00    92.83     0.00
*M  14  2.43e-03  -1.193e+00  +0.000e+00     41.09   4.069e-01    1.664     0.600   5.026e+00    99.98     0.00    94.17     0.00
*M  15  1.55e-03  -1.198e+00  +0.000e+00     40.17   4.223e-01    1.702     0.595   1.841e+00   100.00     0.00    96.77     0.00
*
**********************************************************************
*
*
*          - Parameters at Post Ewald-Metro -
*
* Lattice parameters:
*
*             lat a  =    3.3407
*             lat b  =    5.6873
*             lat c  =    3.5561
*             alpha  =   51.4642
*             beta   =   90.5708
*             gamma  =   59.8658
*          cell vol  =   40.1704
*          cv/ortho  =    0.5946
*
* Energies:
*               ecc  = -1.1982e+00
*               eng  =  0.0000e+00
*
*
* Geometry:
*
*      packing frac  =    0.6484
*      aspect ratio  =    1.7024
*
* (dE/dV):
*                Px  =  5.3569e-03                    x-dir
*                Py  =  1.0695e-02                    y-dir
*                Pz  =  1.3776e-02                    z-dir
*
* Distances (PBC only):
*                                 min           hard           diff
*           ca1_ca1  =   1.000000e+06   2.320000e+00   9.999977e+05
*           ca1_ca2  =   1.000000e+06   1.160000e+00   9.999988e+05
*           ca1_ac1  =   2.874996e+00   2.830000e+00   4.499586e-02
*           ca1_av1  =   1.000000e+06  -1.000000e+00   1.000001e+06
*           ca1_ac2  =   1.000000e+06  -1.000000e+00   1.000001e+06
*           ca1_av2  =   1.000000e+06  -1.000000e+00   1.000001e+06
*           ca2_ca2  =   1.000000e+06   0.000000e+00   1.000000e+06
*           ca2_ac1  =   1.000000e+06   1.670000e+00   9.999983e+05
*           ca2_av1  =   1.000000e+06  -1.000000e+00   1.000001e+06
*           ca2_ac2  =   1.000000e+06  -1.000000e+00   1.000001e+06
*           ca2_av2  =   1.000000e+06  -1.000000e+00   1.000001e+06
*           ac1_ac1  =   1.000000e+06   3.340000e+00   9.999967e+05
*           ac1_av1  =   1.000000e+06  -1.000000e+00   1.000001e+06
*           ac1_ac2  =   1.000000e+06  -1.000000e+00   1.000001e+06
*           ac1_av2  =   1.000000e+06  -1.000000e+00   1.000001e+06
*           av1_av1  =   1.000000e+06  -1.000000e+00   1.000001e+06
*           av1_av2  =   1.000000e+06  -1.000000e+00   1.000001e+06
*           av2_av2  =   1.000000e+06  -1.000000e+00   1.000001e+06
*
*
*
**********************************************************************
*
*         - Comparing with 'best' structure -
*
****************************************************************
*
*          best ecc  = -1.2157e+00
*          best eng  =  0.0000e+00
*           ecc+eng  = -1.2157e+00
*          best vol  =  4.6631e+01
*           best pf  =  5.5859e-01
*
*     post_runs ecc  = -1.1982e+00
*     post_runs eng  =  0.0000e+00
*           ecc+eng  = -1.1982e+00
*     post_runs vol  =  4.0170e+01
*      post_runs pf  =  6.4842e-01
*
*       dV / V_runs  =  1.6083e-01
*
*          ecc_diff  = -1.7470e-02
*          eng_diff  =  0.0000e+00
*
* volume difference is unsatisfactory OR
* post runs has lower energy than 'best' --> not swapping.
*
****************************************************************
*
*
**********************************************************************
*
*         - Final Simplex relaxation with restarts -
*
**********************************************************************
*
*
****************************************************************
*
*
*        - Simplex Minimiziation Routine -
*
*
* Note: No aspect ratio constraint.
*
*
*            n_simp  =        15                   D.O.F.
*         simp_nmax  =      4500                max moves
*       simp_errlim  =  1.00e-08
*
*
*         - Initializing simplex arrays -
*
*
*      nfunk           rtol        pf        ar     ortho             e_ion              e_ss             e_tot
*X        11     4.0993e-03   0.64842   1.70244   0.59456    -1.1984125e+00     0.0000000e+00    -1.1984125e+00
*
*         simp_runs  =      1590               simp moves
*              rtol  =  9.35e-09               final rtol
*
* Simplex restart no. 1 of 10
*
*         - Initializing simplex arrays -
*
*
*      nfunk           rtol        pf        ar     ortho             e_ion              e_ss             e_tot
*X        11     1.4844e+00   0.66612   1.66929   0.58971    -1.2100143e+00     0.0000000e+00    -1.2100143e+00
*X      2001     1.3775e-08   0.66850   1.68104   0.59281    -1.2109918e+00     0.0000000e+00    -1.2109918e+00
*
*         simp_runs  =      2023               simp moves
*              rtol  =  9.55e-09               final rtol
*
* Simplex restart no. 2 of 10
*
*         - Initializing simplex arrays -
*
*
*      nfunk           rtol        pf        ar     ortho             e_ion              e_ss             e_tot
*X        11     1.4819e+00   0.66850   1.68104   0.59281    -1.2109918e+00     0.0000000e+00    -1.2109918e+00
*
*         simp_runs  =      1141               simp moves
*              rtol  =  9.86e-09               final rtol
*
* Simplex restart no. 3 of 10
*
*         - Initializing simplex arrays -
*
*
*      nfunk           rtol        pf        ar     ortho             e_ion              e_ss             e_tot
*X        11     1.4816e+00   0.66899   1.68146   0.59248    -1.2111796e+00     0.0000000e+00    -1.2111796e+00
*
*         simp_runs  =       917               simp moves
*              rtol  =  9.27e-09               final rtol
*
* Simplex restart no. 4 of 10
*
*         - Initializing simplex arrays -
*
*
*      nfunk           rtol        pf        ar     ortho             e_ion              e_ss             e_tot
*X        11     1.4815e+00   0.66899   1.68151   0.59253    -1.2111877e+00     0.0000000e+00    -1.2111877e+00
*
*         simp_runs  =      1090               simp moves
*              rtol  =  9.70e-09               final rtol
*
* Simplex restart no. 5 of 10
*
*         - Initializing simplex arrays -
*
*
*      nfunk           rtol        pf        ar     ortho             e_ion              e_ss             e_tot
*X        11     1.4815e+00   0.66900   1.68151   0.59253    -1.2111931e+00     0.0000000e+00    -1.2111931e+00
*
*         simp_runs  =       819               simp moves
*              rtol  =  9.96e-09               final rtol
*
* Simplex restart no. 6 of 10
*
*         - Initializing simplex arrays -
*
*
*      nfunk           rtol        pf        ar     ortho             e_ion              e_ss             e_tot
*X        11     1.4815e+00   0.66900   1.68151   0.59253    -1.2111931e+00     0.0000000e+00    -1.2111931e+00
*
*         simp_runs  =       850               simp moves
*              rtol  =  9.78e-09               final rtol
*
* Simplex restart no. 7 of 10
*
*         - Initializing simplex arrays -
*
*
*      nfunk           rtol        pf        ar     ortho             e_ion              e_ss             e_tot
*X        11     1.4815e+00   0.66900   1.68151   0.59253    -1.2111931e+00     0.0000000e+00    -1.2111931e+00
*
*         simp_runs  =       847               simp moves
*              rtol  =  9.89e-09               final rtol
*
* Simplex restart no. 8 of 10
*
*         - Initializing simplex arrays -
*
*
*      nfunk           rtol        pf        ar     ortho             e_ion              e_ss             e_tot
*X        11     1.4815e+00   0.66900   1.68151   0.59253    -1.2111931e+00     0.0000000e+00    -1.2111931e+00
*
*         simp_runs  =       859               simp moves
*              rtol  =  9.68e-09               final rtol
*
* Simplex restart no. 9 of 10
*
*         - Initializing simplex arrays -
*
*
*      nfunk           rtol        pf        ar     ortho             e_ion              e_ss             e_tot
*X        11     1.4815e+00   0.66900   1.68151   0.59253    -1.2111931e+00     0.0000000e+00    -1.2111931e+00
*
*         simp_runs  =       859               simp moves
*              rtol  =  9.68e-09               final rtol
*
* Simplex restart no. 10 of 10
*
*         - Initializing simplex arrays -
*
*
*      nfunk           rtol        pf        ar     ortho             e_ion              e_ss             e_tot
*X        11     1.4815e+00   0.66900   1.68151   0.59253    -1.2111931e+00     0.0000000e+00    -1.2111931e+00
*
*         simp_runs  =       859               simp moves
*              rtol  =  9.68e-09               final rtol
*
****************************************************************
*
*          - Parameters at Post Simplex -
*
* Lattice parameters:
*
*             lat a  =    3.3483
*             lat b  =    5.6303
*             lat c  =    3.4855
*             alpha  =   51.9534
*             beta   =   90.2631
*             gamma  =   58.9432
*          cell vol  =   38.9346
*          cv/ortho  =    0.5925
*
* Energies:
*               ecc  = -1.2112e+00
*               eng  =  0.0000e+00
*
*
* Geometry:
*
*      packing frac  =    0.6690
*      aspect ratio  =    1.6815
*
* (dE/dV):
*                Px  =  1.0000e+04                    x-dir
*                Py  =  1.1155e-02                    y-dir
*                Pz  =  1.0000e+04                    z-dir
*
* Distances (PBC only):
*                                 min           hard           diff
*           ca1_ca1  =   1.000000e+06   2.320000e+00   9.999977e+05
*           ca1_ca2  =   1.000000e+06   1.160000e+00   9.999988e+05
*           ca1_ac1  =   2.830000e+00   2.830000e+00   2.823955e-09
*           ca1_av1  =   1.000000e+06  -1.000000e+00   1.000001e+06
*           ca1_ac2  =   1.000000e+06  -1.000000e+00   1.000001e+06
*           ca1_av2  =   1.000000e+06  -1.000000e+00   1.000001e+06
*           ca2_ca2  =   1.000000e+06   0.000000e+00   1.000000e+06
*           ca2_ac1  =   1.000000e+06   1.670000e+00   9.999983e+05
*           ca2_av1  =   1.000000e+06  -1.000000e+00   1.000001e+06
*           ca2_ac2  =   1.000000e+06  -1.000000e+00   1.000001e+06
*           ca2_av2  =   1.000000e+06  -1.000000e+00   1.000001e+06
*           ac1_ac1  =   1.000000e+06   3.340000e+00   9.999967e+05
*           ac1_av1  =   1.000000e+06  -1.000000e+00   1.000001e+06
*           ac1_ac2  =   1.000000e+06  -1.000000e+00   1.000001e+06
*           ac1_av2  =   1.000000e+06  -1.000000e+00   1.000001e+06
*           av1_av1  =   1.000000e+06  -1.000000e+00   1.000001e+06
*           av1_av2  =   1.000000e+06  -1.000000e+00   1.000001e+06
*           av2_av2  =   1.000000e+06  -1.000000e+00   1.000001e+06
*
*
***********************************************************
*        - Process and timing information -
*
* user time:   0 h 00 m 18.917320 s
* syst time:   0 h 00 m 00.001999 s
* signals: 0
* voluntary context switches: 7
* involuntary context switches: 21
*
***********************************************************
*SS symsearch output
*SS ( use:  | awk '($1=="*S"){print $0}' | sed 's/*S //' > temp.out )
*S Title
*S 1                 search type
*S 5.0 0.00001       displacement rms max min
*S 0.1 0.00001       strain rms max min
*S 1                 lattice input type
*S      3.34834     0.00000     0.00000
*S      2.90458     4.82321     0.00000
*S     -0.01600     2.51720     2.41085
*S 1 0 0
*S 0 1 0
*S 0 0 1
*S 2                 number of atoms
*S 11 0
*S      0.05891     0.17815     0.47261
*S      0.17382     0.62236     0.52643
*FF findsym output
*FF ( use:  | awk '($1=="*F"){print $0}' | sed 's/*F //' > temp.out )
*F Title
*F 0.001       displacement rms max min
*F 1                 lattice input type
*F      3.34834     0.00000     0.00000
*F      2.90458     4.82321     0.00000
*F     -0.01600     2.51720     2.41085
*F 1               basis vector in type
*F 1 0 0
*F 0 1 0
*F 0 0 1
*F 2                 number of atoms
*F 11 0
*F      0.05891     0.17815     0.47261
*F      0.17382     0.62236     0.52643
*DD powder output
*DD (use: | awk '($1=="*D"){print $0}' | sed 's/*D //' > temp.out )
*D 2
*D      3.34834     5.63027     3.48550
*D     51.95344    90.26309    58.94324
*D      0.05891     0.17815     0.47261        11
*D      0.17382     0.62236     0.52643         0
*PP poscar output
*PP (use: | awk '($1=="*P"){print $0}' | sed 's/*P //' > temp.out )
*P Z: 11 17 
*P 1.0 
*P      3.34834483     0.00000000     0.00000000
*P      2.90458217     4.82320772     0.00000000
*P     -0.01600436     2.51720245     2.41084542
*P 1 1 0 
*P Direct
*P       0.058905995156      0.178153665104      0.472612326129
*P       0.173824208207      0.622364835463      0.526426852820
*QQ poscar output
*QQ (use: | awk '($1=="*Q"){print $0}' | sed 's/*Q //' > temp.out )
*Q +1.000000000000 -1.000000000000 
*Q 1.0 
*Q      3.34834483     0.00000000     0.00000000
*Q      2.90458217     4.82320772     0.00000000
*Q     -0.01600436     2.51720245     2.41084542
*Q 1 1 0 
*Q Direct
*Q       0.058905995156      0.178153665104      0.472612326129
*Q       0.173824208207      0.622364835463      0.526426852820
*RR restart output
*RR (use: | awk '($1=="*R"){print $0}' | sed 's/*R //' > temp.out )
*R     3.348344828381    5.630269113003    3.485504260479
*R     0.906758609149    1.575388033037    1.028753676938
*R      1
*R      1     1
*R   -1.000000000000000   0.000000000000000
*R     0.000000000000    1.670000000000    0.000000000000    17     0
*R      1
*R      1   1.000000000000000
*R     1.160000000000    11
*R     0.058905995156    0.178153665104    0.472612326129
*R     0.173824208207    0.622364835463    0.526426852820
* XBS output
* CATION:
atom C     0.707135688    2.048933039    1.139395260
spec C     1.160000000    1.000000000    0.000000000    0.000000000
* ANION:
atom A     2.381308071    4.326917843    1.269133765
spec A     1.670000000    0.000000000    0.000000000    1.000000000
spec V     0.000000000    0.000000000    1.000000000    0.000000000
bonds A V  0.000000000    0.000000000    0.010000000    Black
* CELL PARAMETERS AND BORDER
atom 0    0.00000   0.00000   0.00000
atom 1    3.34834   0.00000   0.00000
atom 2    6.25293   4.82321   0.00000
atom 3    2.90458   4.82321   0.00000
atom 4   -0.01600   2.51720   2.41085
atom 5    3.33234   2.51720   2.41085
atom 6    6.23692   7.34041   2.41085
atom 7    2.88858   7.34041   2.41085
spec 0     0.050000000    0.000000000    0.000000000    0.000000000
spec 1     0.050000000    0.000000000    0.000000000    0.000000000
spec 2     0.050000000    0.000000000    0.000000000    0.000000000
spec 3     0.050000000    0.000000000    0.000000000    0.000000000
spec 4     0.050000000    0.000000000    0.000000000    0.000000000
spec 5     0.050000000    0.000000000    0.000000000    0.000000000
spec 6     0.050000000    0.000000000    0.000000000    0.000000000
spec 7     0.050000000    0.000000000    0.000000000    0.000000000
bonds 0 1  3.344996484    3.351693173    0.010000000    Black
bonds 3 2  3.344996484    3.351693173    0.010000000    Black
bonds 4 5  3.344996484    3.351693173    0.010000000    Black
bonds 6 7  3.344996484    3.351693173    0.010000000    Black
bonds 1 2  5.624638844    5.635899382    0.010000000    Black
bonds 0 3  5.624638844    5.635899382    0.010000000    Black
bonds 5 6  5.624638844    5.635899382    0.010000000    Black
bonds 4 7  5.624638844    5.635899382    0.010000000    Black
bonds 0 4  3.482018756    3.488989765    0.010000000    Black
bonds 1 5  3.482018756    3.488989765    0.010000000    Black
bonds 2 6  3.482018756    3.488989765    0.010000000    Black
bonds 3 7  3.482018756    3.488989765    0.010000000    Black
inc 5.000000
dup    3.34834   0.00000   0.00000
dup    2.90458   4.82321   0.00000
dup   -0.01600   2.51720   2.41085
