*************************************************
*	pack	(version 4.12.0.5)
*	Eric Majzoub
*	Sandia National Laboratories
*************************************************
*  Source file: main.c
*  Compile date: Dec 27 2012
*  Compile time: 17:19:04
*  commandline = /projects/e20438/bin/pack-4.12.0.5/pack_exe -f ../../NaCl_pegs.in -P -R -r 400 -t 15 -g 1537 
*  input file = ../../NaCl_pegs.in
**********************************************************************
**********************************************************************
**********************************************************************
* 
*       - General run comments -
* 
* WARN: no Rotations in Metropolis (-R flag).
* WARN: all anionic charge on center atom (-P flag).
*
**********************************************************************
*           - Input parameters -
*
*           restart  =         0         1 = restart calc
*        autoadjust  =         1   automatically set temp
*          aa_using  =         1        1=rej pct, 2=pCnt
*         basin hop  =         0           number of hops
*     non_per_ewald  =         0          1=nanopart calc
*
*             lat a  =   10.0000
*             lat b  =   10.0000
*             lat c  =   10.0000
*             alpha  =    1.5708
*             beta   =    1.5708
*             gamma  =    1.5708
*          cell vol  = 1000.0000
*      sqsh vol pct  =    0.2000
* 
*          cell_min  =    1.6700              min lat vec
*          cell_max  =  167.0000              max lat vec
* 
*         n_type_an  =         1          num type anions
*            num_an  =         1           tot num anions
* 
*          num_an_1  =         1        num anions type 1
*        num_vert_1  =         1     1=sph 2=dim 5=tet...
*       an_chrg_c_1  =   -1.0000      anion center charge
*       an_chrg_v_1  =    0.0000      anion vertex charge
*     tot_an_chrg_1  =   -1.0000       total anion charge
*           Rcent_1  =    1.6700         anion center rad
*           Rvert_1  =    0.0000         anion vertex rad
*             cvd_1  =    0.0000        cent to vert dist
*           Zcent_1  =        17           anion center Z
*           Zvert_1  =         0           anion vertex Z
* 
*          num_an_2  =         0        num anions type 2
*        num_vert_2  =         0     1=sph 2=dim 5=tet...
*       an_chrg_c_2  =    0.0000      anion center charge
*       an_chrg_v_2  =    0.0000      anion vertex charge
*     tot_an_chrg_2  =    0.0000       total anion charge
*           Rcent_2  =    0.0000         anion center rad
*           Rvert_2  =    0.0000         anion vertex rad
*             cvd_2  =    0.0000        cent to vert dist
*           Zcent_2  =         0           anion center Z
*           Zvert_2  =         0           anion vertex Z
* 
*         n_type_ca  =         1            num type cats
*            num_ca  =         1          tot num cations
* 
*          num_ca_1  =         1        num cations typ 1
*         ca_chrg_1  =    1.0000        cation chrg typ 1
*            Rcat_1  =    1.1600         cation rad typ 1
*            Zcat_1  =        11           cation Z typ 1
* 
*            C2VTOL  =  1.00e-08            c2v tolerance
*            ERRLIM  =  1.00e-06
*       REP_EPSILON  =  1.00e+00        soft sphere repul
*    TRANS_FRAC_MAX  =    0.5000                    fixed
*    TRANS_FRAC_MIN  =    0.0200
*      MAX_ANG_CHNG  =    9.9695                  degrees
*    VOLUM_FRAC_MAX  =    0.0700
*         EXT_PRESS  =  0.00e+00        external pressure
*      SQSH_VOL_PCT  =    0.2000             min orth val
*        ASPECT_MAX  =   20.0000                cell parm
*            dplane  =    1.6700            min plane sep
*      SCALE_FACTOR  =    1.2500         bhop max scaling
* 
*            d.o.f.  =        12       degrees of freedom
*          runs/dof  =       400         loops per d.o.f.
*              runs  =      4800              loops per T
*               ncc  =     19200     config changes per T
*            t_runs  =        15           num temp steps
*             efunc  =         0               0=SS  1=LJ
*       N_HALT_CHNG  =        15      halts after N 100%s
*
*      anneal_sched  =         3   0=lin or exp(-run_n^n)
*         temp_init  =  1.00e+00             initial temp
*         temp_finl  =  1.00e-03               final temp
* 
*          trn_chng  =         1              0=off  1=on
*          rot_chng  =         0              0=off  1=on
*          lat_chng  =         1              0=off  1=on
*          swp_chng  =         1              0=off  1=on
* 
*     SIMP_RESTARTS  =        11     no. simplex restarts
*  SIMP_RESTARTS BH  =        21  basin hop simp restarts
*         SIMP_NMAX  =      4500        max simplex iters
*          SIMP_DEG  =    1.0000          anion start deg
*         SIMP_LAMB  =    0.0100        vertex start frac
*       SIMP_ERRLIM  =  1.00e-08              error limit
* 
*           aa runs  =      1200           config changes
*      aa runs_step  =        10   config change increase
*       aa runs_max  =      1500  max auto config changes
*         aa t_runs  =         3            num temp runs
*      aa temp_step  =    0.5000                temp step
* 
*        aa chng hi  =         3  1=trn 2=rot 3=lat 4=swp
*        aa chng lo  =         3  1=trn 2=rot 3=lat 4=swp
* 
*      aa ht_pct_hi  =     0.650             high rej pct
*      aa ht_pct_lo  =     0.600             low  rej pct
* 
*      aa lt_pct_hi  =     0.999             high rej pct
*      aa lt_pct_lo  =     0.950             low  rej pct
* 
*            tmpfile =                   PR20913-best.tmp
* 
* Checking for out of bounds fractional coords.
*
**********************************************************************
*
*          - Parameters at START -
*
* Lattice parameters:
*
*             lat a  =   10.0000
*             lat b  =   10.0000
*             lat c  =   10.0000
*             alpha  =   90.0000
*             beta   =   90.0000
*             gamma  =   90.0000
*          cell vol  = 1000.0000
*          cv/ortho  =    1.0000
*
* Energies:
*               ecc  = -4.8162e-01
*               eng  =  0.0000e+00
*
*
* Geometry:
*
*      packing frac  =    0.0260
*      aspect ratio  =    1.0000
*
* (dE/dV):
*                Px  =  7.9941e-05                    x-dir
*                Py  =  1.5560e-04                    y-dir
*                Pz  =  2.4608e-04                    z-dir
*
* Distances (PBC only):
*                                 min           hard           diff
*           ca1_ca1  =   1.000000e+06   2.320000e+00   9.999977e+05
*           ca1_ca2  =   1.000000e+06   1.160000e+00   9.999988e+05
*           ca1_ac1  =   5.084701e+00   2.830000e+00   2.254701e+00
*           ca1_av1  =   1.000000e+06  -1.000000e+00   1.000001e+06
*           ca1_ac2  =   1.000000e+06  -1.000000e+00   1.000001e+06
*           ca1_av2  =   1.000000e+06  -1.000000e+00   1.000001e+06
*           ca2_ca2  =   1.000000e+06   0.000000e+00   1.000000e+06
*           ca2_ac1  =   1.000000e+06   1.670000e+00   9.999983e+05
*           ca2_av1  =   1.000000e+06  -1.000000e+00   1.000001e+06
*           ca2_ac2  =   1.000000e+06  -1.000000e+00   1.000001e+06
*           ca2_av2  =   1.000000e+06  -1.000000e+00   1.000001e+06
*           ac1_ac1  =   1.000000e+06   3.340000e+00   9.999967e+05
*           ac1_av1  =   1.000000e+06  -1.000000e+00   1.000001e+06
*           ac1_ac2  =   1.000000e+06  -1.000000e+00   1.000001e+06
*           ac1_av2  =   1.000000e+06  -1.000000e+00   1.000001e+06
*           av1_av1  =   1.000000e+06  -1.000000e+00   1.000001e+06
*           av1_av2  =   1.000000e+06  -1.000000e+00   1.000001e+06
*           av2_av2  =   1.000000e+06  -1.000000e+00   1.000001e+06
*
*
*
**********************************************************************
*
* ------------------------------------------------------------
*              Autoadjust high temperatrure:
* ------------------------------------------------------------
*              Autoadjusting on 3 (1=trn,2=rot,3=lat,4=swp)
*
**********************************************************************
*
*                 -- Autoadjust Metropolis Run --
*
*   autoadjust_temp_init  =  1.0000e+00
*   autoadjust_temp_step  =  5.0000e-01
*        autoadjust_runs  =        1200         configs per temp
*       autoadjust_count  =           1
*
**********************************************************************
*
* Metropolis: 3 temperature runs with these parameters:
*
*              runs  =      1200              loops per T
*               T_0  = 1.000e+00             initial temp
*               T_L  = 1.000e+00               final temp
*           T_alpha  = 8.000e+09          annealing alpha
*
*            T = T_0 * exp( -run_num**3 / T_alpha )
*
**********************************************************************
*H run      Temp       E_ion        E_ss   cel vol       SigPF       ar     ortho        pCnt          % Rejected Changes
*H                                                                                                 trn      rot      lat      swp
*T   1  1.00e+00  -5.722e-01  +0.000e+00    285.00   1.186e-01    1.696     0.563   2.229e-01    33.00     0.00     4.92     0.00
*T   2  1.00e+00  -5.071e-01  +0.000e+00    628.44   1.798e-02    2.600     0.279   7.802e-02    15.25     0.00     3.50     0.00
*T   3  1.00e+00  -9.121e-02  +0.000e+00   3114.95   3.818e-02    3.001     0.229   2.165e-01    30.00     0.00     5.00     0.00
*
**********************************************************************
*
*                 -- AUTOADJUST [1] OUT --
*
*     target: lo % = 60.000000      hi % = 65.000000
*     Autoadjust % =  5.000000
*     Autoadjust: Lowering the temperature 5.000e-01 [a.u.]
*
**********************************************************************
*
*                 -- Autoadjust Metropolis Run --
*
*   autoadjust_temp_init  =  5.0000e-01
*   autoadjust_temp_step  =  5.0000e-01
*        autoadjust_runs  =        1210         configs per temp
*       autoadjust_count  =           2
*
**********************************************************************
*
* Metropolis: 3 temperature runs with these parameters:
*
*              runs  =      1210              loops per T
*               T_0  = 5.000e-01             initial temp
*               T_L  = 4.995e-01               final temp
*           T_alpha  = 7.996e+03          annealing alpha
*
*            T = T_0 * exp( -run_num**3 / T_alpha )
*
**********************************************************************
*H run      Temp       E_ion        E_ss   cel vol       SigPF       ar     ortho        pCnt          % Rejected Changes
*H                                                                                                 trn      rot      lat      swp
*T   1  5.00e-01  -1.680e-01  +0.000e+00    935.65   5.561e-03    4.729     0.282   2.989e-01    28.84     0.00     1.74     0.00
*T   2  5.00e-01  -4.895e-01  +0.000e+00    936.68   2.423e-02    5.122     0.341   3.000e-01    37.60     0.00     3.31     0.00
*T   3  4.99e-01  -4.426e-01  +0.000e+00   1545.06   1.756e-02    2.776     0.220   9.192e-02    19.59     0.00     3.80     0.00
*
**********************************************************************
*
*                 -- AUTOADJUST [2] OUT --
*
*     target: lo % = 60.000000      hi % = 65.000000
*     Autoadjust % =  3.801653
*     Autoadjust: special case: (T-Tstep) = 0.000e+00 [a.u.]
*     Autoadjust: special case: ===> drop temp step to: 2.250e-01 [a.u.]
*     Autoadjust: Lowering the temperature 2.250e-01 [a.u.]
*
**********************************************************************
*
*                 -- Autoadjust Metropolis Run --
*
*   autoadjust_temp_init  =  2.7500e-01
*   autoadjust_temp_step  =  2.2500e-01
*        autoadjust_runs  =        1220         configs per temp
*       autoadjust_count  =           3
*
**********************************************************************
*
* Metropolis: 3 temperature runs with these parameters:
*
*              runs  =      1220              loops per T
*               T_0  = 2.750e-01             initial temp
*               T_L  = 2.747e-01               final temp
*           T_alpha  = 7.996e+03          annealing alpha
*
*            T = T_0 * exp( -run_num**3 / T_alpha )
*
**********************************************************************
*H run      Temp       E_ion        E_ss   cel vol       SigPF       ar     ortho        pCnt          % Rejected Changes
*H                                                                                                 trn      rot      lat      swp
*T   1  2.75e-01  -2.282e-01  +0.000e+00   3918.27   6.107e-03    5.144     0.313   3.478e-01    25.41     0.00     7.62     0.00
*T   2  2.75e-01  -6.220e-01  +0.000e+00   1671.32   5.546e-03    6.304     0.284   5.069e-01    38.93     0.00     4.84     0.00
*T   3  2.75e-01  -3.241e-01  +0.000e+00    864.43   1.327e-02    6.599     0.440   6.137e-01    43.93     0.00     5.49     0.00
*
**********************************************************************
*
*                 -- AUTOADJUST [3] OUT --
*
*     target: lo % = 60.000000      hi % = 65.000000
*     Autoadjust % =  5.491803
*     Autoadjust: Lowering the temperature 2.250e-01 [a.u.]
*
**********************************************************************
*
*                 -- Autoadjust Metropolis Run --
*
*   autoadjust_temp_init  =  5.0000e-02
*   autoadjust_temp_step  =  2.2500e-01
*        autoadjust_runs  =        1230         configs per temp
*       autoadjust_count  =           4
*
**********************************************************************
*
* Metropolis: 3 temperature runs with these parameters:
*
*              runs  =      1230              loops per T
*               T_0  = 5.000e-02             initial temp
*               T_L  = 4.995e-02               final temp
*           T_alpha  = 7.996e+03          annealing alpha
*
*            T = T_0 * exp( -run_num**3 / T_alpha )
*
**********************************************************************
*H run      Temp       E_ion        E_ss   cel vol       SigPF       ar     ortho        pCnt          % Rejected Changes
*H                                                                                                 trn      rot      lat      swp
*T   1  5.00e-02  -7.138e-01  +0.000e+00   1751.77   2.076e-02    8.747     0.267   3.266e+00    96.91     0.00    19.59     0.00
*T   2  5.00e-02  -7.303e-01  +0.000e+00   1043.85   6.217e-03    3.694     0.226   2.998e+00    95.12     0.00    21.87     0.00
*T   3  5.00e-02  -8.327e-01  +0.000e+00    249.95   4.275e-02    1.576     0.275   4.139e+00    82.93     0.00    22.11     0.00
*
**********************************************************************
*
*                 -- AUTOADJUST [4] OUT --
*
*     target: lo % = 60.000000      hi % = 65.000000
*     Autoadjust % = 22.113821
*     Autoadjust: special case: (T-Tstep) = -1.750e-01 [a.u.]
*     Autoadjust: special case: ===> drop temp step to: 1.013e-01 [a.u.]
*     Autoadjust: special case: (T-Tstep) = -5.125e-02 [a.u.]
*     Autoadjust: special case: ===> drop temp step to: 4.556e-02 [a.u.]
*     Autoadjust: Lowering the temperature 4.556e-02 [a.u.]
*
**********************************************************************
*
*                 -- Autoadjust Metropolis Run --
*
*   autoadjust_temp_init  =  4.4375e-03
*   autoadjust_temp_step  =  4.5563e-02
*        autoadjust_runs  =        1240         configs per temp
*       autoadjust_count  =           5
*
**********************************************************************
*
* Metropolis: 3 temperature runs with these parameters:
*
*              runs  =      1240              loops per T
*               T_0  = 4.438e-03             initial temp
*               T_L  = 4.433e-03               final temp
*           T_alpha  = 7.996e+03          annealing alpha
*
*            T = T_0 * exp( -run_num**3 / T_alpha )
*
**********************************************************************
*H run      Temp       E_ion        E_ss   cel vol       SigPF       ar     ortho        pCnt          % Rejected Changes
*H                                                                                                 trn      rot      lat      swp
*T   1  4.44e-03  -1.033e+00  +0.000e+00    139.01   8.325e-02    1.908     0.298   3.966e+01    99.68     0.00    72.18     0.00
*T   2  4.44e-03  -1.076e+00  +0.000e+00    108.36   1.494e-01    1.686     0.310   8.204e+00    99.76     0.00    84.44     0.00
*T   3  4.43e-03  -1.075e+00  +0.000e+00     93.74   1.613e-01    1.579     0.331   1.832e+00   100.00     0.00    88.31     0.00
*
**********************************************************************
*
*                 -- AUTOADJUST [5] OUT --
*
*     target: lo % = 60.000000      hi % = 65.000000
*     Autoadjust % = 88.306452
*     Autoadjust: overshot! drop temp step to: 2.050e-02 [a.u.]
*     Autoadjust: Raising the temperature 2.050e-02 [a.u.]
*
**********************************************************************
*
*                 -- Autoadjust Metropolis Run --
*
*   autoadjust_temp_init  =  2.4941e-02
*   autoadjust_temp_step  =  2.0503e-02
*        autoadjust_runs  =        1250         configs per temp
*       autoadjust_count  =           6
*
**********************************************************************
*
* Metropolis: 3 temperature runs with these parameters:
*
*              runs  =      1250              loops per T
*               T_0  = 2.494e-02             initial temp
*               T_L  = 2.492e-02               final temp
*           T_alpha  = 7.996e+03          annealing alpha
*
*            T = T_0 * exp( -run_num**3 / T_alpha )
*
**********************************************************************
*H run      Temp       E_ion        E_ss   cel vol       SigPF       ar     ortho        pCnt          % Rejected Changes
*H                                                                                                 trn      rot      lat      swp
*T   1  2.49e-02  -1.019e+00  +0.000e+00     76.61   1.979e-01    2.218     0.526   4.748e+00    98.24     0.00    54.88     0.00
*T   2  2.49e-02  -1.080e+00  +0.000e+00     81.00   1.541e-01    1.787     0.394   6.045e+00    95.52     0.00    49.76     0.00
*T   3  2.49e-02  -1.081e+00  +0.000e+00     66.79   1.899e-01    1.597     0.514   2.563e+00    97.60     0.00    48.40     0.00
*
**********************************************************************
*
*                 -- AUTOADJUST [6] OUT --
*
*     target: lo % = 60.000000      hi % = 65.000000
*     Autoadjust % = 48.400000
*     Autoadjust: overshot! drop temp step to: 9.226e-03 [a.u.]
*     Autoadjust: Lowering the temperature 9.226e-03 [a.u.]
*
**********************************************************************
*
*                 -- Autoadjust Metropolis Run --
*
*   autoadjust_temp_init  =  1.5714e-02
*   autoadjust_temp_step  =  9.2264e-03
*        autoadjust_runs  =        1260         configs per temp
*       autoadjust_count  =           7
*
**********************************************************************
*
* Metropolis: 3 temperature runs with these parameters:
*
*              runs  =      1260              loops per T
*               T_0  = 1.571e-02             initial temp
*               T_L  = 1.570e-02               final temp
*           T_alpha  = 7.996e+03          annealing alpha
*
*            T = T_0 * exp( -run_num**3 / T_alpha )
*
**********************************************************************
*H run      Temp       E_ion        E_ss   cel vol       SigPF       ar     ortho        pCnt          % Rejected Changes
*H                                                                                                 trn      rot      lat      swp
*T   1  1.57e-02  -1.121e+00  +0.000e+00     57.71   2.345e-01    1.358     0.419   8.342e+00    99.05     0.00    58.17     0.00
*T   2  1.57e-02  -1.037e+00  +0.000e+00     70.54   2.351e-01    1.279     0.358   6.771e+00    98.89     0.00    62.86     0.00
*T   3  1.57e-02  -1.059e+00  +0.000e+00     61.35   2.288e-01    1.423     0.512   3.598e+00    99.76     0.00    59.13     0.00
*
**********************************************************************
*
*                 -- AUTOADJUST [7] OUT --
*
*     target: lo % = 60.000000      hi % = 65.000000
*     Autoadjust % = 59.126984
*     Autoadjust: Lowering the temperature 9.226e-03 [a.u.]
*
**********************************************************************
*
*                 -- Autoadjust Metropolis Run --
*
*   autoadjust_temp_init  =  6.4878e-03
*   autoadjust_temp_step  =  9.2264e-03
*        autoadjust_runs  =        1270         configs per temp
*       autoadjust_count  =           8
*
**********************************************************************
*
* Metropolis: 3 temperature runs with these parameters:
*
*              runs  =      1270              loops per T
*               T_0  = 6.488e-03             initial temp
*               T_L  = 6.481e-03               final temp
*           T_alpha  = 7.996e+03          annealing alpha
*
*            T = T_0 * exp( -run_num**3 / T_alpha )
*
**********************************************************************
*H run      Temp       E_ion        E_ss   cel vol       SigPF       ar     ortho        pCnt          % Rejected Changes
*H                                                                                                 trn      rot      lat      swp
*T   1  6.49e-03  -1.155e+00  +0.000e+00     58.03   2.688e-01    1.357     0.635   1.118e+01    99.84     0.00    79.29     0.00
*T   2  6.49e-03  -1.156e+00  +0.000e+00     59.08   2.736e-01    1.207     0.675   2.703e+00    99.92     0.00    84.49     0.00
*T   3  6.48e-03  -1.147e+00  +0.000e+00     57.32   2.696e-01    1.118     0.586   1.877e+00    99.92     0.00    80.08     0.00
*
**********************************************************************
*
*                 -- AUTOADJUST [8] OUT --
*
*     target: lo % = 60.000000      hi % = 65.000000
*     Autoadjust % = 80.078740
*     Autoadjust: overshot! drop temp step to: 4.152e-03 [a.u.]
*     Autoadjust: Raising the temperature 4.152e-03 [a.u.]
*
**********************************************************************
*
*                 -- Autoadjust Metropolis Run --
*
*   autoadjust_temp_init  =  1.0640e-02
*   autoadjust_temp_step  =  4.1519e-03
*        autoadjust_runs  =        1280         configs per temp
*       autoadjust_count  =           9
*
**********************************************************************
*
* Metropolis: 3 temperature runs with these parameters:
*
*              runs  =      1280              loops per T
*               T_0  = 1.064e-02             initial temp
*               T_L  = 1.063e-02               final temp
*           T_alpha  = 7.996e+03          annealing alpha
*
*            T = T_0 * exp( -run_num**3 / T_alpha )
*
**********************************************************************
*H run      Temp       E_ion        E_ss   cel vol       SigPF       ar     ortho        pCnt          % Rejected Changes
*H                                                                                                 trn      rot      lat      swp
*T   1  1.06e-02  -1.123e+00  +0.000e+00     60.28   2.413e-01    1.309     0.601   4.207e+00    99.92     0.00    69.77     0.00
*T   2  1.06e-02  -1.153e+00  +0.000e+00     53.43   2.732e-01    1.118     0.534   1.686e+00    99.77     0.00    73.59     0.00
*T   3  1.06e-02  -1.197e+00  +0.000e+00     49.36   2.788e-01    1.398     0.478   5.670e+00    99.84     0.00    68.36     0.00
*
**********************************************************************
*
*                 -- AUTOADJUST [9] OUT --
*
*     target: lo % = 60.000000      hi % = 65.000000
*     Autoadjust % = 68.359375
*     Autoadjust: Raising the temperature 4.152e-03 [a.u.]
*
**********************************************************************
*
*                 -- Autoadjust Metropolis Run --
*
*   autoadjust_temp_init  =  1.4792e-02
*   autoadjust_temp_step  =  4.1519e-03
*        autoadjust_runs  =        1290         configs per temp
*       autoadjust_count  =          10
*
**********************************************************************
*
* Metropolis: 3 temperature runs with these parameters:
*
*              runs  =      1290              loops per T
*               T_0  = 1.479e-02             initial temp
*               T_L  = 1.478e-02               final temp
*           T_alpha  = 7.996e+03          annealing alpha
*
*            T = T_0 * exp( -run_num**3 / T_alpha )
*
**********************************************************************
*H run      Temp       E_ion        E_ss   cel vol       SigPF       ar     ortho        pCnt          % Rejected Changes
*H                                                                                                 trn      rot      lat      swp
*T   1  1.48e-02  -1.112e+00  +0.000e+00     59.97   2.562e-01    1.594     0.681   5.807e+00    99.69     0.00    62.25     0.00
*T   2  1.48e-02  -1.181e+00  +0.000e+00     53.19   2.500e-01    1.142     0.705   4.121e+00    99.84     0.00    66.59     0.00
*T   3  1.48e-02  -1.134e+00  +0.000e+00     64.57   2.345e-01    1.202     0.755   7.721e+00    99.77     0.00    64.42     0.00
*
**********************************************************************
*
*                 -- AUTOADJUST [10] OUT --
*
*     target: lo % = 60.000000      hi % = 65.000000
*     Autoadjust % = 64.418605
*     Autoadjust: temp = 1.479e-02  is good!  Exiting autoadjust.
*
**********************************************************************
*
* ------------------------------------------------------------
*              Autoadjust low temperatrure:
* ------------------------------------------------------------
*              Autoadjusting on 3 (1=trn,2=rot,3=lat,4=swp)
*
**********************************************************************
*
*                 -- Autoadjust Metropolis Run --
*
*   autoadjust_temp_init  =  2.0000e-02
*   autoadjust_temp_step  =  5.0000e-01
*        autoadjust_runs  =        1200         configs per temp
*       autoadjust_count  =           1
*
**********************************************************************
*
* Metropolis: 3 temperature runs with these parameters:
*
*              runs  =      1200              loops per T
*               T_0  = 2.000e-02             initial temp
*               T_L  = 2.000e-02               final temp
*           T_alpha  = 1.600e+08          annealing alpha
*
*            T = T_0 * exp( -run_num**3 / T_alpha )
*
**********************************************************************
*H run      Temp       E_ion        E_ss   cel vol       SigPF       ar     ortho        pCnt          % Rejected Changes
*H                                                                                                 trn      rot      lat      swp
*T   1  2.00e-02  -1.024e+00  +0.000e+00     96.86   1.810e-01    1.308     0.719   6.127e+00    96.75     0.00    57.25     0.00
*T   2  2.00e-02  -1.051e+00  +0.000e+00     79.50   1.784e-01    1.333     0.688   7.379e+00    96.92     0.00    60.33     0.00
*T   3  2.00e-02  -1.071e+00  +0.000e+00     67.61   1.941e-01    1.195     0.554   3.882e+00    97.75     0.00    60.25     0.00
*
**********************************************************************
*
*                 -- AUTOADJUST [1] OUT --
*
*     target: lo % = 95.000000      hi % = 99.900000
*     Autoadjust % = 60.250000
*     Autoadjust: special case: (T-Tstep) = -4.800e-01 [a.u.]
*     Autoadjust: special case: ===> drop temp step to: 2.250e-01 [a.u.]
*     Autoadjust: special case: (T-Tstep) = -2.050e-01 [a.u.]
*     Autoadjust: special case: ===> drop temp step to: 1.013e-01 [a.u.]
*     Autoadjust: special case: (T-Tstep) = -8.125e-02 [a.u.]
*     Autoadjust: special case: ===> drop temp step to: 4.556e-02 [a.u.]
*     Autoadjust: special case: (T-Tstep) = -2.556e-02 [a.u.]
*     Autoadjust: special case: ===> drop temp step to: 2.050e-02 [a.u.]
*     Autoadjust: special case: (T-Tstep) = -5.031e-04 [a.u.]
*     Autoadjust: special case: ===> drop temp step to: 9.226e-03 [a.u.]
*     Autoadjust: Lowering the temperature 9.226e-03 [a.u.]
*
**********************************************************************
*
*                 -- Autoadjust Metropolis Run --
*
*   autoadjust_temp_init  =  1.0774e-02
*   autoadjust_temp_step  =  9.2264e-03
*        autoadjust_runs  =        1210         configs per temp
*       autoadjust_count  =           2
*
**********************************************************************
*
* Metropolis: 3 temperature runs with these parameters:
*
*              runs  =      1210              loops per T
*               T_0  = 1.077e-02             initial temp
*               T_L  = 1.076e-02               final temp
*           T_alpha  = 7.996e+03          annealing alpha
*
*            T = T_0 * exp( -run_num**3 / T_alpha )
*
**********************************************************************
*H run      Temp       E_ion        E_ss   cel vol       SigPF       ar     ortho        pCnt          % Rejected Changes
*H                                                                                                 trn      rot      lat      swp
*T   1  1.08e-02  -1.124e+00  +0.000e+00     65.54   2.310e-01    1.395     0.544   5.503e+00    99.75     0.00    74.79     0.00
*T   2  1.08e-02  -1.103e+00  +0.000e+00     63.77   2.291e-01    1.219     0.544   5.432e+00    99.34     0.00    75.87     0.00
*T   3  1.08e-02  -1.057e+00  +0.000e+00     77.27   2.704e-01    1.311     0.642   4.711e+00    99.92     0.00    75.87     0.00
*
**********************************************************************
*
*                 -- AUTOADJUST [2] OUT --
*
*     target: lo % = 95.000000      hi % = 99.900000
*     Autoadjust % = 75.867769
*     Autoadjust: Lowering the temperature 9.226e-03 [a.u.]
*
**********************************************************************
*
*                 -- Autoadjust Metropolis Run --
*
*   autoadjust_temp_init  =  1.5472e-03
*   autoadjust_temp_step  =  9.2264e-03
*        autoadjust_runs  =        1220         configs per temp
*       autoadjust_count  =           3
*
**********************************************************************
*
* Metropolis: 3 temperature runs with these parameters:
*
*              runs  =      1220              loops per T
*               T_0  = 1.547e-03             initial temp
*               T_L  = 1.546e-03               final temp
*           T_alpha  = 7.996e+03          annealing alpha
*
*            T = T_0 * exp( -run_num**3 / T_alpha )
*
**********************************************************************
*H run      Temp       E_ion        E_ss   cel vol       SigPF       ar     ortho        pCnt          % Rejected Changes
*H                                                                                                 trn      rot      lat      swp
*T   1  1.55e-03  -1.114e+00  +0.000e+00     60.85   2.752e-01    1.403     0.595   3.030e+02   100.00     0.00    95.66     0.00
*T   2  1.55e-03  -1.155e+00  +0.000e+00     55.81   3.057e-01    1.322     0.578   2.731e+01    99.92     0.00    95.08     0.00
*T   3  1.55e-03  -1.153e+00  +0.000e+00     55.96   3.050e-01    1.324     0.586   2.988e+00   100.00     0.00    95.41     0.00
*
**********************************************************************
*
*                 -- AUTOADJUST [3] OUT --
*
*     target: lo % = 95.000000      hi % = 99.900000
*     Autoadjust % = 95.409836
*     Autoadjust: temp = 1.547e-03  is good!  Exiting autoadjust.
*
**********************************************************************
*
*
*          -- Initializing cell contents --
*
*
*
**********************************************************************
*
*            -- Starting Metropolis calculation --
*
*              temp_init  = 1.479e-02
*
**********************************************************************
*
* Metropolis: 15 temperature runs with these parameters:
*
*              runs  =      4800              loops per T
*               T_0  = 1.479e-02             initial temp
*               T_L  = 1.547e-03               final temp
*           T_alpha  = 1.215e+03          annealing alpha
*
*            T = T_0 * exp( -run_num**3 / T_alpha )
*
**********************************************************************
*H run      Temp       E_ion        E_ss   cel vol       SigPF       ar     ortho        pCnt          % Rejected Changes
*H                                                                                                 trn      rot      lat      swp
*M   1  1.48e-02  -1.150e+00  +0.000e+00     55.32   2.239e-01    1.588     0.672   5.437e+01    99.08     0.00    68.38     0.00
*M   2  1.48e-02  -1.058e+00  +0.000e+00     63.41   2.530e-01    1.591     0.667   7.755e+00    99.42     0.00    67.79     0.00
*M   3  1.47e-02  -1.067e+00  +0.000e+00     59.31   2.561e-01    1.231     0.417   6.994e+00    99.60     0.00    66.79     0.00
*M   4  1.45e-02  -1.037e+00  +0.000e+00     65.48   2.722e-01    1.516     0.537   4.935e+00    99.75     0.00    66.50     0.00
*M   5  1.40e-02  -1.047e+00  +0.000e+00     60.01   2.472e-01    1.434     0.583   4.367e+00    99.60     0.00    63.33     0.00
*M   6  1.33e-02  -1.112e+00  +0.000e+00     67.70   2.446e-01    1.695     0.497   5.448e+00    99.35     0.00    71.33     0.00
*M   7  1.24e-02  -1.129e+00  +0.000e+00     56.93   2.479e-01    1.193     0.552   3.360e+00    99.79     0.00    67.98     0.00
*M   8  1.12e-02  -1.141e+00  +0.000e+00     54.81   2.784e-01    1.356     0.413   6.492e+00    99.81     0.00    75.06     0.00
*M   9  9.71e-03  -1.107e+00  +0.000e+00     64.06   2.819e-01    1.483     0.531   5.219e+00    99.69     0.00    76.04     0.00
*M  10  8.12e-03  -1.197e+00  +0.000e+00     49.22   2.917e-01    1.501     0.532   1.395e+01    99.85     0.00    83.35     0.00
*M  11  6.50e-03  -1.183e+00  +0.000e+00     50.10   3.252e-01    1.528     0.566   3.706e+00   100.00     0.00    85.33     0.00
*M  12  4.95e-03  -1.199e+00  +0.000e+00     48.46   3.382e-01    1.514     0.546   2.991e+00   100.00     0.00    88.75     0.00
*M  13  3.57e-03  -1.195e+00  +0.000e+00     49.59   3.444e-01    1.490     0.514   3.874e+00   100.00     0.00    92.29     0.00
*M  14  2.43e-03  -1.208e+00  +0.000e+00     47.86   3.504e-01    1.502     0.536   3.155e+00   100.00     0.00    94.56     0.00
*M  15  1.55e-03  -1.209e+00  +0.000e+00     47.91   3.556e-01    1.493     0.532   4.654e+00   100.00     0.00    96.54     0.00
*
**********************************************************************
*
*
*          - Parameters at Post Ewald-Metro -
*
* Lattice parameters:
*
*             lat a  =    5.8287
*             lat b  =    3.9612
*             lat c  =    3.9038
*             alpha  =   63.1868
*             beta   =   46.6753
*             gamma  =   93.6265
*          cell vol  =   47.9138
*          cv/ortho  =    0.5316
*
* Energies:
*               ecc  = -1.2092e+00
*               eng  =  0.0000e+00
*
*
* Geometry:
*
*      packing frac  =    0.5436
*      aspect ratio  =    1.4931
*
* (dE/dV):
*                Px  =  9.7320e-03                    x-dir
*                Py  =  7.4007e-03                    y-dir
*                Pz  =  8.1038e-03                    z-dir
*
* Distances (PBC only):
*                                 min           hard           diff
*           ca1_ca1  =   1.000000e+06   2.320000e+00   9.999977e+05
*           ca1_ca2  =   1.000000e+06   1.160000e+00   9.999988e+05
*           ca1_ac1  =   2.845058e+00   2.830000e+00   1.505825e-02
*           ca1_av1  =   1.000000e+06  -1.000000e+00   1.000001e+06
*           ca1_ac2  =   1.000000e+06  -1.000000e+00   1.000001e+06
*           ca1_av2  =   1.000000e+06  -1.000000e+00   1.000001e+06
*           ca2_ca2  =   1.000000e+06   0.000000e+00   1.000000e+06
*           ca2_ac1  =   1.000000e+06   1.670000e+00   9.999983e+05
*           ca2_av1  =   1.000000e+06  -1.000000e+00   1.000001e+06
*           ca2_ac2  =   1.000000e+06  -1.000000e+00   1.000001e+06
*           ca2_av2  =   1.000000e+06  -1.000000e+00   1.000001e+06
*           ac1_ac1  =   1.000000e+06   3.340000e+00   9.999967e+05
*           ac1_av1  =   1.000000e+06  -1.000000e+00   1.000001e+06
*           ac1_ac2  =   1.000000e+06  -1.000000e+00   1.000001e+06
*           ac1_av2  =   1.000000e+06  -1.000000e+00   1.000001e+06
*           av1_av1  =   1.000000e+06  -1.000000e+00   1.000001e+06
*           av1_av2  =   1.000000e+06  -1.000000e+00   1.000001e+06
*           av2_av2  =   1.000000e+06  -1.000000e+00   1.000001e+06
*
*
*
**********************************************************************
*
*         - Comparing with 'best' structure -
*
****************************************************************
*
*          best ecc  = -1.2123e+00
*          best eng  =  0.0000e+00
*           ecc+eng  = -1.2123e+00
*          best vol  =  4.7361e+01
*           best pf  =  5.4997e-01
*
*     post_runs ecc  = -1.2092e+00
*     post_runs eng  =  0.0000e+00
*           ecc+eng  = -1.2092e+00
*     post_runs vol  =  4.7914e+01
*      post_runs pf  =  5.4363e-01
*
*       dV / V_runs  =  1.1533e-02
*
*          ecc_diff  = -3.0941e-03
*          eng_diff  =  0.0000e+00
*
*
****************************************************************
*
*  mag_ecc_diff > mag_eng_diff AND within BEST_VOL AND
* 'best' has lower energy than post runs! --> swapping.
*
****************************************************************
*
*
*          - Parameters at Post 'best-swap' -
*
* Lattice parameters:
*
*             lat a  =    5.7993
*             lat b  =    3.8962
*             lat c  =    3.8916
*             alpha  =   63.5312
*             beta   =   46.7979
*             gamma  =   93.6265
*          cell vol  =   47.3612
*          cv/ortho  =    0.5386
*
* Energies:
*               ecc  = -1.2123e+00
*               eng  =  0.0000e+00
*
*
* Geometry:
*
*      packing frac  =    0.5500
*      aspect ratio  =    1.4902
*
* (dE/dV):
*                Px  =  1.0047e-02                    x-dir
*                Py  =  7.0059e-03                    y-dir
*                Pz  =  8.5438e-03                    z-dir
*
* Distances (PBC only):
*                                 min           hard           diff
*           ca1_ca1  =   1.000000e+06   2.320000e+00   9.999977e+05
*           ca1_ca2  =   1.000000e+06   1.160000e+00   9.999988e+05
*           ca1_ac1  =   2.830762e+00   2.830000e+00   7.616720e-04
*           ca1_av1  =   1.000000e+06  -1.000000e+00   1.000001e+06
*           ca1_ac2  =   1.000000e+06  -1.000000e+00   1.000001e+06
*           ca1_av2  =   1.000000e+06  -1.000000e+00   1.000001e+06
*           ca2_ca2  =   1.000000e+06   0.000000e+00   1.000000e+06
*           ca2_ac1  =   1.000000e+06   1.670000e+00   9.999983e+05
*           ca2_av1  =   1.000000e+06  -1.000000e+00   1.000001e+06
*           ca2_ac2  =   1.000000e+06  -1.000000e+00   1.000001e+06
*           ca2_av2  =   1.000000e+06  -1.000000e+00   1.000001e+06
*           ac1_ac1  =   1.000000e+06   3.340000e+00   9.999967e+05
*           ac1_av1  =   1.000000e+06  -1.000000e+00   1.000001e+06
*           ac1_ac2  =   1.000000e+06  -1.000000e+00   1.000001e+06
*           ac1_av2  =   1.000000e+06  -1.000000e+00   1.000001e+06
*           av1_av1  =   1.000000e+06  -1.000000e+00   1.000001e+06
*           av1_av2  =   1.000000e+06  -1.000000e+00   1.000001e+06
*           av2_av2  =   1.000000e+06  -1.000000e+00   1.000001e+06
*
*
*
**********************************************************************
*
*         - Final Simplex relaxation with restarts -
*
**********************************************************************
*
*
****************************************************************
*
*
*        - Simplex Minimiziation Routine -
*
*
* Note: No aspect ratio constraint.
*
*
*            n_simp  =        15                   D.O.F.
*         simp_nmax  =      4500                max moves
*       simp_errlim  =  1.00e-08
*
*
*         - Initializing simplex arrays -
*
*
*      nfunk           rtol        pf        ar     ortho             e_ion              e_ss             e_tot
*X        12     7.0236e-03   0.54997   1.49023   0.53861    -1.2122779e+00     0.0000000e+00    -1.2122779e+00
*X      2001     8.9312e-08   0.57074   1.46128   0.52706    -1.2294711e+00     0.0000000e+00    -1.2294711e+00
*
*         simp_runs  =      2990               simp moves
*              rtol  =  9.63e-09               final rtol
*
* Simplex restart no. 1 of 10
*
*         - Initializing simplex arrays -
*
*
*      nfunk           rtol        pf        ar     ortho             e_ion              e_ss             e_tot
*X        12     1.5245e+00   0.57074   1.46129   0.52706    -1.2294763e+00     0.0000000e+00    -1.2294763e+00
*
*         simp_runs  =       844               simp moves
*              rtol  =  8.97e-09               final rtol
*
* Simplex restart no. 2 of 10
*
*         - Initializing simplex arrays -
*
*
*      nfunk           rtol        pf        ar     ortho             e_ion              e_ss             e_tot
*X        12     1.5245e+00   0.57076   1.46129   0.52703    -1.2294888e+00     0.0000000e+00    -1.2294888e+00
*
*         simp_runs  =       879               simp moves
*              rtol  =  9.08e-09               final rtol
*
* Simplex restart no. 3 of 10
*
*         - Initializing simplex arrays -
*
*
*      nfunk           rtol        pf        ar     ortho             e_ion              e_ss             e_tot
*X        12     1.5245e+00   0.57076   1.46129   0.52703    -1.2294888e+00     0.0000000e+00    -1.2294888e+00
*
*         simp_runs  =       869               simp moves
*              rtol  =  9.85e-09               final rtol
*
* Simplex restart no. 4 of 10
*
*         - Initializing simplex arrays -
*
*
*      nfunk           rtol        pf        ar     ortho             e_ion              e_ss             e_tot
*X        12     1.5245e+00   0.57076   1.46129   0.52703    -1.2294888e+00     0.0000000e+00    -1.2294888e+00
*
*         simp_runs  =       877               simp moves
*              rtol  =  9.89e-09               final rtol
*
* Simplex restart no. 5 of 10
*
*         - Initializing simplex arrays -
*
*
*      nfunk           rtol        pf        ar     ortho             e_ion              e_ss             e_tot
*X        12     1.5245e+00   0.57076   1.46129   0.52703    -1.2294888e+00     0.0000000e+00    -1.2294888e+00
*
*         simp_runs  =       879               simp moves
*              rtol  =  9.85e-09               final rtol
*
* Simplex restart no. 6 of 10
*
*         - Initializing simplex arrays -
*
*
*      nfunk           rtol        pf        ar     ortho             e_ion              e_ss             e_tot
*X        12     1.5245e+00   0.57076   1.46129   0.52703    -1.2294888e+00     0.0000000e+00    -1.2294888e+00
*
*         simp_runs  =       879               simp moves
*              rtol  =  9.85e-09               final rtol
*
* Simplex restart no. 7 of 10
*
*         - Initializing simplex arrays -
*
*
*      nfunk           rtol        pf        ar     ortho             e_ion              e_ss             e_tot
*X        12     1.5245e+00   0.57076   1.46129   0.52703    -1.2294888e+00     0.0000000e+00    -1.2294888e+00
*
*         simp_runs  =       879               simp moves
*              rtol  =  9.85e-09               final rtol
*
* Simplex restart no. 8 of 10
*
*         - Initializing simplex arrays -
*
*
*      nfunk           rtol        pf        ar     ortho             e_ion              e_ss             e_tot
*X        12     1.5245e+00   0.57076   1.46129   0.52703    -1.2294888e+00     0.0000000e+00    -1.2294888e+00
*
*         simp_runs  =       879               simp moves
*              rtol  =  9.85e-09               final rtol
*
* Simplex restart no. 9 of 10
*
*         - Initializing simplex arrays -
*
*
*      nfunk           rtol        pf        ar     ortho             e_ion              e_ss             e_tot
*X        12     1.5245e+00   0.57076   1.46129   0.52703    -1.2294888e+00     0.0000000e+00    -1.2294888e+00
*
*         simp_runs  =       879               simp moves
*              rtol  =  9.85e-09               final rtol
*
* Simplex restart no. 10 of 10
*
*         - Initializing simplex arrays -
*
*
*      nfunk           rtol        pf        ar     ortho             e_ion              e_ss             e_tot
*X        12     1.5245e+00   0.57076   1.46129   0.52703    -1.2294888e+00     0.0000000e+00    -1.2294888e+00
*
*         simp_runs  =       879               simp moves
*              rtol  =  9.85e-09               final rtol
*
****************************************************************
*
*          - Parameters at Post Simplex -
*
* Lattice parameters:
*
*             lat a  =    5.6598
*             lat b  =    3.9502
*             lat c  =    3.8731
*             alpha  =   63.0730
*             beta   =   46.8167
*             gamma  =   94.0561
*          cell vol  =   45.6364
*          cv/ortho  =    0.5270
*
* Energies:
*               ecc  = -1.2295e+00
*               eng  =  0.0000e+00
*
*
* Geometry:
*
*      packing frac  =    0.5708
*      aspect ratio  =    1.4613
*
* (dE/dV):
*                Px  =  1.0000e+04                    x-dir
*                Py  =  1.0000e+04                    y-dir
*                Pz  =  9.0752e-03                    z-dir
*
* Distances (PBC only):
*                                 min           hard           diff
*           ca1_ca1  =   1.000000e+06   2.320000e+00   9.999977e+05
*           ca1_ca2  =   1.000000e+06   1.160000e+00   9.999988e+05
*           ca1_ac1  =   2.830000e+00   2.830000e+00   2.461042e-08
*           ca1_av1  =   1.000000e+06  -1.000000e+00   1.000001e+06
*           ca1_ac2  =   1.000000e+06  -1.000000e+00   1.000001e+06
*           ca1_av2  =   1.000000e+06  -1.000000e+00   1.000001e+06
*           ca2_ca2  =   1.000000e+06   0.000000e+00   1.000000e+06
*           ca2_ac1  =   1.000000e+06   1.670000e+00   9.999983e+05
*           ca2_av1  =   1.000000e+06  -1.000000e+00   1.000001e+06
*           ca2_ac2  =   1.000000e+06  -1.000000e+00   1.000001e+06
*           ca2_av2  =   1.000000e+06  -1.000000e+00   1.000001e+06
*           ac1_ac1  =   1.000000e+06   3.340000e+00   9.999967e+05
*           ac1_av1  =   1.000000e+06  -1.000000e+00   1.000001e+06
*           ac1_ac2  =   1.000000e+06  -1.000000e+00   1.000001e+06
*           ac1_av2  =   1.000000e+06  -1.000000e+00   1.000001e+06
*           av1_av1  =   1.000000e+06  -1.000000e+00   1.000001e+06
*           av1_av2  =   1.000000e+06  -1.000000e+00   1.000001e+06
*           av2_av2  =   1.000000e+06  -1.000000e+00   1.000001e+06
*
*
***********************************************************
*        - Process and timing information -
*
* user time:   0 h 00 m 16.863463 s
* syst time:   0 h 00 m 00.004000 s
* signals: 0
* voluntary context switches: 8
* involuntary context switches: 6
*
***********************************************************
*SS symsearch output
*SS ( use:  | awk '($1=="*S"){print $0}' | sed 's/*S //' > temp.out )
*S Title
*S 1                 search type
*S 5.0 0.00001       displacement rms max min
*S 0.1 0.00001       strain rms max min
*S 1                 lattice input type
*S      5.65975     0.00000     0.00000
*S     -0.27941     3.94026     0.00000
*S      2.65052     1.94633     2.04639
*S 1 0 0
*S 0 1 0
*S 0 0 1
*S 2                 number of atoms
*S 11 0
*S      0.15204     0.87856     0.76107
*S      0.65711     0.88871     0.75131
*FF findsym output
*FF ( use:  | awk '($1=="*F"){print $0}' | sed 's/*F //' > temp.out )
*F Title
*F 0.001       displacement rms max min
*F 1                 lattice input type
*F      5.65975     0.00000     0.00000
*F     -0.27941     3.94026     0.00000
*F      2.65052     1.94633     2.04639
*F 1               basis vector in type
*F 1 0 0
*F 0 1 0
*F 0 0 1
*F 2                 number of atoms
*F 11 0
*F      0.15204     0.87856     0.76107
*F      0.65711     0.88871     0.75131
*DD powder output
*DD (use: | awk '($1=="*D"){print $0}' | sed 's/*D //' > temp.out )
*D 2
*D      5.65975     3.95015     3.87313
*D     63.07296    46.81672    94.05614
*D      0.15204     0.87856     0.76107        11
*D      0.65711     0.88871     0.75131         0
*PP poscar output
*PP (use: | awk '($1=="*P"){print $0}' | sed 's/*P //' > temp.out )
*P Z: 11 17 
*P 1.0 
*P      5.65975324     0.00000000     0.00000000
*P     -0.27940963     3.94025639     0.00000000
*P      2.65051676     1.94632529     2.04639297
*P 1 1 0 
*P Direct
*P       0.152039199936      0.878559307187      0.761067526593
*P       0.657113236825      0.888706955729      0.751311867124
*QQ poscar output
*QQ (use: | awk '($1=="*Q"){print $0}' | sed 's/*Q //' > temp.out )
*Q +1.000000000000 -1.000000000000 
*Q 1.0 
*Q      5.65975324     0.00000000     0.00000000
*Q     -0.27940963     3.94025639     0.00000000
*Q      2.65051676     1.94632529     2.04639297
*Q 1 1 0 
*Q Direct
*Q       0.152039199936      0.878559307187      0.761067526593
*Q       0.657113236825      0.888706955729      0.751311867124
*RR restart output
*RR (use: | awk '($1=="*R"){print $0}' | sed 's/*R //' > temp.out )
*R     5.659753241819    3.950150647202    3.873131214261
*R     1.100830866350    0.817105899553    1.641589361197
*R      1
*R      1     1
*R   -1.000000000000000   0.000000000000000
*R     0.000000000000    1.670000000000    0.000000000000    17     0
*R      1
*R      1   1.000000000000000
*R     1.160000000000    11
*R     0.152039199936    0.878559307187    0.761067526593
*R     0.657113236825    0.888706955729    0.751311867124
* XBS output
* CATION:
atom C     2.632248657    4.943033894    1.557443237
spec C     1.160000000    1.000000000    0.000000000    0.000000000
* ANION:
atom A     5.462150185    4.964030545    1.537479324
spec A     1.670000000    0.000000000    0.000000000    1.000000000
spec V     0.000000000    0.000000000    1.000000000    0.000000000
bonds A V  0.000000000    0.000000000    0.010000000    Black
* CELL PARAMETERS AND BORDER
atom 0    0.00000   0.00000   0.00000
atom 1    5.65975   0.00000   0.00000
atom 2    5.38034   3.94026   0.00000
atom 3   -0.27941   3.94026   0.00000
atom 4    2.65052   1.94633   2.04639
atom 5    8.31027   1.94633   2.04639
atom 6    8.03086   5.88658   2.04639
atom 7    2.37111   5.88658   2.04639
spec 0     0.050000000    0.000000000    0.000000000    0.000000000
spec 1     0.050000000    0.000000000    0.000000000    0.000000000
spec 2     0.050000000    0.000000000    0.000000000    0.000000000
spec 3     0.050000000    0.000000000    0.000000000    0.000000000
spec 4     0.050000000    0.000000000    0.000000000    0.000000000
spec 5     0.050000000    0.000000000    0.000000000    0.000000000
spec 6     0.050000000    0.000000000    0.000000000    0.000000000
spec 7     0.050000000    0.000000000    0.000000000    0.000000000
bonds 0 1  5.654093489    5.665412995    0.010000000    Black
bonds 3 2  5.654093489    5.665412995    0.010000000    Black
bonds 4 5  5.654093489    5.665412995    0.010000000    Black
bonds 6 7  5.654093489    5.665412995    0.010000000    Black
bonds 1 2  3.946200497    3.954100798    0.010000000    Black
bonds 0 3  3.946200497    3.954100798    0.010000000    Black
bonds 5 6  3.946200497    3.954100798    0.010000000    Black
bonds 4 7  3.946200497    3.954100798    0.010000000    Black
bonds 0 4  3.869258083    3.877004345    0.010000000    Black
bonds 1 5  3.869258083    3.877004345    0.010000000    Black
bonds 2 6  3.869258083    3.877004345    0.010000000    Black
bonds 3 7  3.869258083    3.877004345    0.010000000    Black
inc 5.000000
dup    5.65975   0.00000   0.00000
dup   -0.27941   3.94026   0.00000
dup    2.65052   1.94633   2.04639
