*************************************************
*	pack	(version 4.12.0.5)
*	Eric Majzoub
*	Sandia National Laboratories
*************************************************
*  Source file: main.c
*  Compile date: Dec 27 2012
*  Compile time: 17:19:04
*  commandline = /projects/e20438/bin/pack-4.12.0.5/pack_exe -f ../../NaCl_pegs.in -P -R -r 400 -t 25 -g 12393 
*  input file = ../../NaCl_pegs.in
**********************************************************************
**********************************************************************
**********************************************************************
* 
*       - General run comments -
* 
* WARN: no Rotations in Metropolis (-R flag).
* WARN: all anionic charge on center atom (-P flag).
*
**********************************************************************
*           - Input parameters -
*
*           restart  =         0         1 = restart calc
*        autoadjust  =         1   automatically set temp
*          aa_using  =         1        1=rej pct, 2=pCnt
*         basin hop  =         0           number of hops
*     non_per_ewald  =         0          1=nanopart calc
*
*             lat a  =   10.0000
*             lat b  =   10.0000
*             lat c  =   10.0000
*             alpha  =    1.5708
*             beta   =    1.5708
*             gamma  =    1.5708
*          cell vol  = 1000.0000
*      sqsh vol pct  =    0.2000
* 
*          cell_min  =    1.6700              min lat vec
*          cell_max  =  167.0000              max lat vec
* 
*         n_type_an  =         1          num type anions
*            num_an  =         1           tot num anions
* 
*          num_an_1  =         1        num anions type 1
*        num_vert_1  =         1     1=sph 2=dim 5=tet...
*       an_chrg_c_1  =   -1.0000      anion center charge
*       an_chrg_v_1  =    0.0000      anion vertex charge
*     tot_an_chrg_1  =   -1.0000       total anion charge
*           Rcent_1  =    1.6700         anion center rad
*           Rvert_1  =    0.0000         anion vertex rad
*             cvd_1  =    0.0000        cent to vert dist
*           Zcent_1  =        17           anion center Z
*           Zvert_1  =         0           anion vertex Z
* 
*          num_an_2  =         0        num anions type 2
*        num_vert_2  =         0     1=sph 2=dim 5=tet...
*       an_chrg_c_2  =    0.0000      anion center charge
*       an_chrg_v_2  =    0.0000      anion vertex charge
*     tot_an_chrg_2  =    0.0000       total anion charge
*           Rcent_2  =    0.0000         anion center rad
*           Rvert_2  =    0.0000         anion vertex rad
*             cvd_2  =    0.0000        cent to vert dist
*           Zcent_2  =         0           anion center Z
*           Zvert_2  =         0           anion vertex Z
* 
*         n_type_ca  =         1            num type cats
*            num_ca  =         1          tot num cations
* 
*          num_ca_1  =         1        num cations typ 1
*         ca_chrg_1  =    1.0000        cation chrg typ 1
*            Rcat_1  =    1.1600         cation rad typ 1
*            Zcat_1  =        11           cation Z typ 1
* 
*            C2VTOL  =  1.00e-08            c2v tolerance
*            ERRLIM  =  1.00e-06
*       REP_EPSILON  =  1.00e+00        soft sphere repul
*    TRANS_FRAC_MAX  =    0.5000                    fixed
*    TRANS_FRAC_MIN  =    0.0200
*      MAX_ANG_CHNG  =    9.9695                  degrees
*    VOLUM_FRAC_MAX  =    0.0700
*         EXT_PRESS  =  0.00e+00        external pressure
*      SQSH_VOL_PCT  =    0.2000             min orth val
*        ASPECT_MAX  =   20.0000                cell parm
*            dplane  =    1.6700            min plane sep
*      SCALE_FACTOR  =    1.2500         bhop max scaling
* 
*            d.o.f.  =        12       degrees of freedom
*          runs/dof  =       400         loops per d.o.f.
*              runs  =      4800              loops per T
*               ncc  =     19200     config changes per T
*            t_runs  =        25           num temp steps
*             efunc  =         0               0=SS  1=LJ
*       N_HALT_CHNG  =        15      halts after N 100%s
*
*      anneal_sched  =         3   0=lin or exp(-run_n^n)
*         temp_init  =  1.00e+00             initial temp
*         temp_finl  =  1.00e-03               final temp
* 
*          trn_chng  =         1              0=off  1=on
*          rot_chng  =         0              0=off  1=on
*          lat_chng  =         1              0=off  1=on
*          swp_chng  =         1              0=off  1=on
* 
*     SIMP_RESTARTS  =        11     no. simplex restarts
*  SIMP_RESTARTS BH  =        21  basin hop simp restarts
*         SIMP_NMAX  =      4500        max simplex iters
*          SIMP_DEG  =    1.0000          anion start deg
*         SIMP_LAMB  =    0.0100        vertex start frac
*       SIMP_ERRLIM  =  1.00e-08              error limit
* 
*           aa runs  =      1200           config changes
*      aa runs_step  =        10   config change increase
*       aa runs_max  =      1500  max auto config changes
*         aa t_runs  =         3            num temp runs
*      aa temp_step  =    0.5000                temp step
* 
*        aa chng hi  =         3  1=trn 2=rot 3=lat 4=swp
*        aa chng lo  =         3  1=trn 2=rot 3=lat 4=swp
* 
*      aa ht_pct_hi  =     0.650             high rej pct
*      aa ht_pct_lo  =     0.600             low  rej pct
* 
*      aa lt_pct_hi  =     0.999             high rej pct
*      aa lt_pct_lo  =     0.950             low  rej pct
* 
*            tmpfile =                   PR20315-best.tmp
* 
* Checking for out of bounds fractional coords.
*
**********************************************************************
*
*          - Parameters at START -
*
* Lattice parameters:
*
*             lat a  =   10.0000
*             lat b  =   10.0000
*             lat c  =   10.0000
*             alpha  =   90.0000
*             beta   =   90.0000
*             gamma  =   90.0000
*          cell vol  = 1000.0000
*          cv/ortho  =    1.0000
*
* Energies:
*               ecc  = -4.6778e-01
*               eng  =  0.0000e+00
*
*
* Geometry:
*
*      packing frac  =    0.0260
*      aspect ratio  =    1.0000
*
* (dE/dV):
*                Px  = -3.0220e-05                    x-dir
*                Py  =  2.6980e-04                    y-dir
*                Pz  =  2.2819e-04                    z-dir
*
* Distances (PBC only):
*                                 min           hard           diff
*           ca1_ca1  =   1.000000e+06   2.320000e+00   9.999977e+05
*           ca1_ca2  =   1.000000e+06   1.160000e+00   9.999988e+05
*           ca1_ac1  =   5.719357e+00   2.830000e+00   2.889357e+00
*           ca1_av1  =   1.000000e+06  -1.000000e+00   1.000001e+06
*           ca1_ac2  =   1.000000e+06  -1.000000e+00   1.000001e+06
*           ca1_av2  =   1.000000e+06  -1.000000e+00   1.000001e+06
*           ca2_ca2  =   1.000000e+06   0.000000e+00   1.000000e+06
*           ca2_ac1  =   1.000000e+06   1.670000e+00   9.999983e+05
*           ca2_av1  =   1.000000e+06  -1.000000e+00   1.000001e+06
*           ca2_ac2  =   1.000000e+06  -1.000000e+00   1.000001e+06
*           ca2_av2  =   1.000000e+06  -1.000000e+00   1.000001e+06
*           ac1_ac1  =   1.000000e+06   3.340000e+00   9.999967e+05
*           ac1_av1  =   1.000000e+06  -1.000000e+00   1.000001e+06
*           ac1_ac2  =   1.000000e+06  -1.000000e+00   1.000001e+06
*           ac1_av2  =   1.000000e+06  -1.000000e+00   1.000001e+06
*           av1_av1  =   1.000000e+06  -1.000000e+00   1.000001e+06
*           av1_av2  =   1.000000e+06  -1.000000e+00   1.000001e+06
*           av2_av2  =   1.000000e+06  -1.000000e+00   1.000001e+06
*
*
*
**********************************************************************
*
* ------------------------------------------------------------
*              Autoadjust high temperatrure:
* ------------------------------------------------------------
*              Autoadjusting on 3 (1=trn,2=rot,3=lat,4=swp)
*
**********************************************************************
*
*                 -- Autoadjust Metropolis Run --
*
*   autoadjust_temp_init  =  1.0000e+00
*   autoadjust_temp_step  =  5.0000e-01
*        autoadjust_runs  =        1200         configs per temp
*       autoadjust_count  =           1
*
**********************************************************************
*
* Metropolis: 3 temperature runs with these parameters:
*
*              runs  =      1200              loops per T
*               T_0  = 1.000e+00             initial temp
*               T_L  = 1.000e+00               final temp
*           T_alpha  = 8.000e+09          annealing alpha
*
*            T = T_0 * exp( -run_num**3 / T_alpha )
*
**********************************************************************
*H run      Temp       E_ion        E_ss   cel vol       SigPF       ar     ortho        pCnt          % Rejected Changes
*H                                                                                                 trn      rot      lat      swp
*T   1  1.00e+00  -5.367e-01  +0.000e+00    557.32   2.005e-02    1.944     0.268   3.795e-02    16.67     0.00     2.17     0.00
*T   2  1.00e+00  -6.688e-01  +0.000e+00    574.95   5.873e-02    1.615     0.522   1.317e-01    38.58     0.00     3.50     0.00
*T   3  1.00e+00  -2.380e-01  +0.000e+00   2902.24   3.771e-02    1.335     0.204   5.457e-02    18.00     0.00     3.33     0.00
*
**********************************************************************
*
*                 -- AUTOADJUST [1] OUT --
*
*     target: lo % = 60.000000      hi % = 65.000000
*     Autoadjust % =  3.333333
*     Autoadjust: Lowering the temperature 5.000e-01 [a.u.]
*
**********************************************************************
*
*                 -- Autoadjust Metropolis Run --
*
*   autoadjust_temp_init  =  5.0000e-01
*   autoadjust_temp_step  =  5.0000e-01
*        autoadjust_runs  =        1210         configs per temp
*       autoadjust_count  =           2
*
**********************************************************************
*
* Metropolis: 3 temperature runs with these parameters:
*
*              runs  =      1210              loops per T
*               T_0  = 5.000e-01             initial temp
*               T_L  = 4.995e-01               final temp
*           T_alpha  = 7.996e+03          annealing alpha
*
*            T = T_0 * exp( -run_num**3 / T_alpha )
*
**********************************************************************
*H run      Temp       E_ion        E_ss   cel vol       SigPF       ar     ortho        pCnt          % Rejected Changes
*H                                                                                                 trn      rot      lat      swp
*T   1  5.00e-01  -4.522e-01  +0.000e+00   1008.57   9.633e-03    2.367     0.378   9.223e-02    19.26     0.00     3.47     0.00
*T   2  5.00e-01  +1.905e-02  +0.000e+00    821.64   1.279e-02    4.971     0.404   2.915e-01    25.21     0.00     1.40     0.00
*T   3  4.99e-01  -5.559e-01  +0.000e+00    281.66   2.574e-02    3.341     0.731   4.719e-01    43.06     0.00     3.39     0.00
*
**********************************************************************
*
*                 -- AUTOADJUST [2] OUT --
*
*     target: lo % = 60.000000      hi % = 65.000000
*     Autoadjust % =  3.388430
*     Autoadjust: special case: (T-Tstep) = 0.000e+00 [a.u.]
*     Autoadjust: special case: ===> drop temp step to: 2.250e-01 [a.u.]
*     Autoadjust: Lowering the temperature 2.250e-01 [a.u.]
*
**********************************************************************
*
*                 -- Autoadjust Metropolis Run --
*
*   autoadjust_temp_init  =  2.7500e-01
*   autoadjust_temp_step  =  2.2500e-01
*        autoadjust_runs  =        1220         configs per temp
*       autoadjust_count  =           3
*
**********************************************************************
*
* Metropolis: 3 temperature runs with these parameters:
*
*              runs  =      1220              loops per T
*               T_0  = 2.750e-01             initial temp
*               T_L  = 2.747e-01               final temp
*           T_alpha  = 7.996e+03          annealing alpha
*
*            T = T_0 * exp( -run_num**3 / T_alpha )
*
**********************************************************************
*H run      Temp       E_ion        E_ss   cel vol       SigPF       ar     ortho        pCnt          % Rejected Changes
*H                                                                                                 trn      rot      lat      swp
*T   1  2.75e-01  -4.795e-01  +0.000e+00   4775.44   3.113e-02    5.202     0.471   5.605e-01    39.43     0.00     4.84     0.00
*T   2  2.75e-01  -7.171e-01  +0.000e+00   3273.79   7.901e-03    6.413     0.261   6.942e-01    43.03     0.00     5.00     0.00
*T   3  2.75e-01  -3.820e-01  +0.000e+00  10940.01   4.410e-03    4.238     0.302   9.830e-01    67.21     0.00     4.43     0.00
*
**********************************************************************
*
*                 -- AUTOADJUST [3] OUT --
*
*     target: lo % = 60.000000      hi % = 65.000000
*     Autoadjust % =  4.426230
*     Autoadjust: Lowering the temperature 2.250e-01 [a.u.]
*
**********************************************************************
*
*                 -- Autoadjust Metropolis Run --
*
*   autoadjust_temp_init  =  5.0000e-02
*   autoadjust_temp_step  =  2.2500e-01
*        autoadjust_runs  =        1230         configs per temp
*       autoadjust_count  =           4
*
**********************************************************************
*
* Metropolis: 3 temperature runs with these parameters:
*
*              runs  =      1230              loops per T
*               T_0  = 5.000e-02             initial temp
*               T_L  = 4.995e-02               final temp
*           T_alpha  = 7.996e+03          annealing alpha
*
*            T = T_0 * exp( -run_num**3 / T_alpha )
*
**********************************************************************
*H run      Temp       E_ion        E_ss   cel vol       SigPF       ar     ortho        pCnt          % Rejected Changes
*H                                                                                                 trn      rot      lat      swp
*T   1  5.00e-02  -7.043e-01  +0.000e+00  21722.12   1.048e-03    3.879     0.222   2.144e+00    99.11     0.00    36.59     0.00
*T   2  5.00e-02  -6.700e-01  +0.000e+00   1889.94   4.632e-03    2.038     0.232   1.277e+00    97.97     0.00    29.76     0.00
*T   3  5.00e-02  -8.370e-01  +0.000e+00    239.62   6.723e-02    2.944     0.337   5.478e+00    78.70     0.00    24.47     0.00
*
**********************************************************************
*
*                 -- AUTOADJUST [4] OUT --
*
*     target: lo % = 60.000000      hi % = 65.000000
*     Autoadjust % = 24.471545
*     Autoadjust: special case: (T-Tstep) = -1.750e-01 [a.u.]
*     Autoadjust: special case: ===> drop temp step to: 1.013e-01 [a.u.]
*     Autoadjust: special case: (T-Tstep) = -5.125e-02 [a.u.]
*     Autoadjust: special case: ===> drop temp step to: 4.556e-02 [a.u.]
*     Autoadjust: Lowering the temperature 4.556e-02 [a.u.]
*
**********************************************************************
*
*                 -- Autoadjust Metropolis Run --
*
*   autoadjust_temp_init  =  4.4375e-03
*   autoadjust_temp_step  =  4.5563e-02
*        autoadjust_runs  =        1240         configs per temp
*       autoadjust_count  =           5
*
**********************************************************************
*
* Metropolis: 3 temperature runs with these parameters:
*
*              runs  =      1240              loops per T
*               T_0  = 4.438e-03             initial temp
*               T_L  = 4.433e-03               final temp
*           T_alpha  = 7.996e+03          annealing alpha
*
*            T = T_0 * exp( -run_num**3 / T_alpha )
*
**********************************************************************
*H run      Temp       E_ion        E_ss   cel vol       SigPF       ar     ortho        pCnt          % Rejected Changes
*H                                                                                                 trn      rot      lat      swp
*T   1  4.44e-03  -1.160e+00  +0.000e+00     53.60   2.188e-01    1.666     0.386   3.146e+02    99.76     0.00    78.39     0.00
*T   2  4.44e-03  -1.155e+00  +0.000e+00     57.04   2.810e-01    1.755     0.382   3.964e+00   100.00     0.00    82.50     0.00
*T   3  4.43e-03  -1.163e+00  +0.000e+00     54.70   2.888e-01    1.662     0.382   3.028e+00   100.00     0.00    83.55     0.00
*
**********************************************************************
*
*                 -- AUTOADJUST [5] OUT --
*
*     target: lo % = 60.000000      hi % = 65.000000
*     Autoadjust % = 83.548387
*     Autoadjust: overshot! drop temp step to: 2.050e-02 [a.u.]
*     Autoadjust: Raising the temperature 2.050e-02 [a.u.]
*
**********************************************************************
*
*                 -- Autoadjust Metropolis Run --
*
*   autoadjust_temp_init  =  2.4941e-02
*   autoadjust_temp_step  =  2.0503e-02
*        autoadjust_runs  =        1250         configs per temp
*       autoadjust_count  =           6
*
**********************************************************************
*
* Metropolis: 3 temperature runs with these parameters:
*
*              runs  =      1250              loops per T
*               T_0  = 2.494e-02             initial temp
*               T_L  = 2.492e-02               final temp
*           T_alpha  = 7.996e+03          annealing alpha
*
*            T = T_0 * exp( -run_num**3 / T_alpha )
*
**********************************************************************
*H run      Temp       E_ion        E_ss   cel vol       SigPF       ar     ortho        pCnt          % Rejected Changes
*H                                                                                                 trn      rot      lat      swp
*T   1  2.49e-02  -9.969e-01  +0.000e+00     78.79   1.934e-01    1.693     0.688   4.740e+00    96.80     0.00    49.28     0.00
*T   2  2.49e-02  -1.075e+00  +0.000e+00     95.49   1.850e-01    1.867     0.451   4.612e+00    96.08     0.00    42.80     0.00
*T   3  2.49e-02  -1.053e+00  +0.000e+00    146.77   1.458e-01    2.279     0.508   3.765e+00    98.00     0.00    45.28     0.00
*
**********************************************************************
*
*                 -- AUTOADJUST [6] OUT --
*
*     target: lo % = 60.000000      hi % = 65.000000
*     Autoadjust % = 45.280000
*     Autoadjust: overshot! drop temp step to: 9.226e-03 [a.u.]
*     Autoadjust: Lowering the temperature 9.226e-03 [a.u.]
*
**********************************************************************
*
*                 -- Autoadjust Metropolis Run --
*
*   autoadjust_temp_init  =  1.5714e-02
*   autoadjust_temp_step  =  9.2264e-03
*        autoadjust_runs  =        1260         configs per temp
*       autoadjust_count  =           7
*
**********************************************************************
*
* Metropolis: 3 temperature runs with these parameters:
*
*              runs  =      1260              loops per T
*               T_0  = 1.571e-02             initial temp
*               T_L  = 1.570e-02               final temp
*           T_alpha  = 7.996e+03          annealing alpha
*
*            T = T_0 * exp( -run_num**3 / T_alpha )
*
**********************************************************************
*H run      Temp       E_ion        E_ss   cel vol       SigPF       ar     ortho        pCnt          % Rejected Changes
*H                                                                                                 trn      rot      lat      swp
*T   1  1.57e-02  -1.072e+00  +0.000e+00     69.09   1.167e-01    1.586     0.412   3.443e+00    99.92     0.00    47.14     0.00
*T   2  1.57e-02  -1.040e+00  +0.000e+00    104.57   1.834e-01    1.817     0.356   3.437e+00    97.94     0.00    53.49     0.00
*T   3  1.57e-02  -1.091e+00  +0.000e+00     73.17   1.817e-01    1.578     0.344   6.302e+00    98.89     0.00    51.83     0.00
*
**********************************************************************
*
*                 -- AUTOADJUST [7] OUT --
*
*     target: lo % = 60.000000      hi % = 65.000000
*     Autoadjust % = 51.825397
*     Autoadjust: Lowering the temperature 9.226e-03 [a.u.]
*
**********************************************************************
*
*                 -- Autoadjust Metropolis Run --
*
*   autoadjust_temp_init  =  6.4878e-03
*   autoadjust_temp_step  =  9.2264e-03
*        autoadjust_runs  =        1270         configs per temp
*       autoadjust_count  =           8
*
**********************************************************************
*
* Metropolis: 3 temperature runs with these parameters:
*
*              runs  =      1270              loops per T
*               T_0  = 6.488e-03             initial temp
*               T_L  = 6.481e-03               final temp
*           T_alpha  = 7.996e+03          annealing alpha
*
*            T = T_0 * exp( -run_num**3 / T_alpha )
*
**********************************************************************
*H run      Temp       E_ion        E_ss   cel vol       SigPF       ar     ortho        pCnt          % Rejected Changes
*H                                                                                                 trn      rot      lat      swp
*T   1  6.49e-03  -1.132e+00  +0.000e+00     68.88   2.137e-01    1.593     0.382   1.224e+01    99.69     0.00    74.09     0.00
*T   2  6.49e-03  -1.148e+00  +0.000e+00     63.92   2.348e-01    1.622     0.374   4.505e+00    99.92     0.00    80.39     0.00
*T   3  6.48e-03  -1.135e+00  +0.000e+00     65.18   2.291e-01    1.562     0.388   4.672e+00   100.00     0.00    81.42     0.00
*
**********************************************************************
*
*                 -- AUTOADJUST [8] OUT --
*
*     target: lo % = 60.000000      hi % = 65.000000
*     Autoadjust % = 81.417323
*     Autoadjust: overshot! drop temp step to: 4.152e-03 [a.u.]
*     Autoadjust: Raising the temperature 4.152e-03 [a.u.]
*
**********************************************************************
*
*                 -- Autoadjust Metropolis Run --
*
*   autoadjust_temp_init  =  1.0640e-02
*   autoadjust_temp_step  =  4.1519e-03
*        autoadjust_runs  =        1280         configs per temp
*       autoadjust_count  =           9
*
**********************************************************************
*
* Metropolis: 3 temperature runs with these parameters:
*
*              runs  =      1280              loops per T
*               T_0  = 1.064e-02             initial temp
*               T_L  = 1.063e-02               final temp
*           T_alpha  = 7.996e+03          annealing alpha
*
*            T = T_0 * exp( -run_num**3 / T_alpha )
*
**********************************************************************
*H run      Temp       E_ion        E_ss   cel vol       SigPF       ar     ortho        pCnt          % Rejected Changes
*H                                                                                                 trn      rot      lat      swp
*T   1  1.06e-02  -1.085e+00  +0.000e+00    105.69   1.938e-01    2.383     0.392   9.798e+00    99.22     0.00    65.16     0.00
*T   2  1.06e-02  -1.061e+00  +0.000e+00    142.28   9.148e-02    3.588     0.380   4.659e+00   100.00     0.00    58.67     0.00
*T   3  1.06e-02  -1.053e+00  +0.000e+00    143.62   7.490e-02    2.820     0.438   3.052e+00    99.92     0.00    58.36     0.00
*
**********************************************************************
*
*                 -- AUTOADJUST [9] OUT --
*
*     target: lo % = 60.000000      hi % = 65.000000
*     Autoadjust % = 58.359375
*     Autoadjust: overshot! drop temp step to: 1.868e-03 [a.u.]
*     Autoadjust: Lowering the temperature 1.868e-03 [a.u.]
*
**********************************************************************
*
*                 -- Autoadjust Metropolis Run --
*
*   autoadjust_temp_init  =  8.7713e-03
*   autoadjust_temp_step  =  1.8683e-03
*        autoadjust_runs  =        1290         configs per temp
*       autoadjust_count  =          10
*
**********************************************************************
*
* Metropolis: 3 temperature runs with these parameters:
*
*              runs  =      1290              loops per T
*               T_0  = 8.771e-03             initial temp
*               T_L  = 8.763e-03               final temp
*           T_alpha  = 7.996e+03          annealing alpha
*
*            T = T_0 * exp( -run_num**3 / T_alpha )
*
**********************************************************************
*H run      Temp       E_ion        E_ss   cel vol       SigPF       ar     ortho        pCnt          % Rejected Changes
*H                                                                                                 trn      rot      lat      swp
*T   1  8.77e-03  -1.049e+00  +0.000e+00    176.44   9.940e-02    3.255     0.431   3.532e+00   100.00     0.00    60.16     0.00
*T   2  8.77e-03  -1.060e+00  +0.000e+00    199.84   7.826e-02    4.271     0.393   2.111e+00   100.00     0.00    59.30     0.00
*T   3  8.76e-03  -1.069e+00  +0.000e+00    267.18   6.897e-02    5.220     0.411   1.894e+00   100.00     0.00    62.17     0.00
*
**********************************************************************
*
*                 -- AUTOADJUST [10] OUT --
*
*     target: lo % = 60.000000      hi % = 65.000000
*     Autoadjust % = 62.170543
*     Autoadjust: temp = 8.771e-03  is good!  Exiting autoadjust.
*
**********************************************************************
*
* ------------------------------------------------------------
*              Autoadjust low temperatrure:
* ------------------------------------------------------------
*              Autoadjusting on 3 (1=trn,2=rot,3=lat,4=swp)
*
**********************************************************************
*
*                 -- Autoadjust Metropolis Run --
*
*   autoadjust_temp_init  =  2.0000e-02
*   autoadjust_temp_step  =  5.0000e-01
*        autoadjust_runs  =        1200         configs per temp
*       autoadjust_count  =           1
*
**********************************************************************
*
* Metropolis: 3 temperature runs with these parameters:
*
*              runs  =      1200              loops per T
*               T_0  = 2.000e-02             initial temp
*               T_L  = 2.000e-02               final temp
*           T_alpha  = 1.600e+08          annealing alpha
*
*            T = T_0 * exp( -run_num**3 / T_alpha )
*
**********************************************************************
*H run      Temp       E_ion        E_ss   cel vol       SigPF       ar     ortho        pCnt          % Rejected Changes
*H                                                                                                 trn      rot      lat      swp
*T   1  2.00e-02  -9.293e-01  +0.000e+00    255.18   3.963e-02    4.132     0.386   5.510e+00    99.33     0.00    43.08     0.00
*T   2  2.00e-02  -1.023e+00  +0.000e+00    103.97   8.837e-02    2.694     0.407   2.887e+00    98.75     0.00    50.75     0.00
*T   3  2.00e-02  -1.024e+00  +0.000e+00    116.51   9.168e-02    2.868     0.399   2.786e+00    99.33     0.00    52.92     0.00
*
**********************************************************************
*
*                 -- AUTOADJUST [1] OUT --
*
*     target: lo % = 95.000000      hi % = 99.900000
*     Autoadjust % = 52.916667
*     Autoadjust: special case: (T-Tstep) = -4.800e-01 [a.u.]
*     Autoadjust: special case: ===> drop temp step to: 2.250e-01 [a.u.]
*     Autoadjust: special case: (T-Tstep) = -2.050e-01 [a.u.]
*     Autoadjust: special case: ===> drop temp step to: 1.013e-01 [a.u.]
*     Autoadjust: special case: (T-Tstep) = -8.125e-02 [a.u.]
*     Autoadjust: special case: ===> drop temp step to: 4.556e-02 [a.u.]
*     Autoadjust: special case: (T-Tstep) = -2.556e-02 [a.u.]
*     Autoadjust: special case: ===> drop temp step to: 2.050e-02 [a.u.]
*     Autoadjust: special case: (T-Tstep) = -5.031e-04 [a.u.]
*     Autoadjust: special case: ===> drop temp step to: 9.226e-03 [a.u.]
*     Autoadjust: Lowering the temperature 9.226e-03 [a.u.]
*
**********************************************************************
*
*                 -- Autoadjust Metropolis Run --
*
*   autoadjust_temp_init  =  1.0774e-02
*   autoadjust_temp_step  =  9.2264e-03
*        autoadjust_runs  =        1210         configs per temp
*       autoadjust_count  =           2
*
**********************************************************************
*
* Metropolis: 3 temperature runs with these parameters:
*
*              runs  =      1210              loops per T
*               T_0  = 1.077e-02             initial temp
*               T_L  = 1.076e-02               final temp
*           T_alpha  = 7.996e+03          annealing alpha
*
*            T = T_0 * exp( -run_num**3 / T_alpha )
*
**********************************************************************
*H run      Temp       E_ion        E_ss   cel vol       SigPF       ar     ortho        pCnt          % Rejected Changes
*H                                                                                                 trn      rot      lat      swp
*T   1  1.08e-02  -1.065e+00  +0.000e+00    138.71   9.859e-02    3.410     0.404   1.349e+01    99.83     0.00    60.25     0.00
*T   2  1.08e-02  -1.060e+00  +0.000e+00    130.55   8.171e-02    2.893     0.360   2.645e+00   100.00     0.00    58.10     0.00
*T   3  1.08e-02  -1.122e+00  +0.000e+00     63.13   1.982e-01    1.611     0.440   1.250e+01    99.34     0.00    65.29     0.00
*
**********************************************************************
*
*                 -- AUTOADJUST [2] OUT --
*
*     target: lo % = 95.000000      hi % = 99.900000
*     Autoadjust % = 65.289256
*     Autoadjust: Lowering the temperature 9.226e-03 [a.u.]
*
**********************************************************************
*
*                 -- Autoadjust Metropolis Run --
*
*   autoadjust_temp_init  =  1.5472e-03
*   autoadjust_temp_step  =  9.2264e-03
*        autoadjust_runs  =        1220         configs per temp
*       autoadjust_count  =           3
*
**********************************************************************
*
* Metropolis: 3 temperature runs with these parameters:
*
*              runs  =      1220              loops per T
*               T_0  = 1.547e-03             initial temp
*               T_L  = 1.546e-03               final temp
*           T_alpha  = 7.996e+03          annealing alpha
*
*            T = T_0 * exp( -run_num**3 / T_alpha )
*
**********************************************************************
*H run      Temp       E_ion        E_ss   cel vol       SigPF       ar     ortho        pCnt          % Rejected Changes
*H                                                                                                 trn      rot      lat      swp
*T   1  1.55e-03  -1.147e+00  +0.000e+00     58.45   2.868e-01    1.624     0.443   1.022e+01    99.92     0.00    95.41     0.00
*T   2  1.55e-03  -1.148e+00  +0.000e+00     59.04   2.885e-01    1.608     0.437   3.544e+00   100.00     0.00    96.23     0.00
*T   3  1.55e-03  -1.148e+00  +0.000e+00     58.93   2.894e-01    1.616     0.435   2.192e+00   100.00     0.00    96.31     0.00
*
**********************************************************************
*
*                 -- AUTOADJUST [3] OUT --
*
*     target: lo % = 95.000000      hi % = 99.900000
*     Autoadjust % = 96.311475
*     Autoadjust: temp = 1.547e-03  is good!  Exiting autoadjust.
*
**********************************************************************
*
*
*          -- Initializing cell contents --
*
*
*
**********************************************************************
*
*            -- Starting Metropolis calculation --
*
*              temp_init  = 8.771e-03
*
**********************************************************************
*
* Metropolis: 25 temperature runs with these parameters:
*
*              runs  =      4800              loops per T
*               T_0  = 8.771e-03             initial temp
*               T_L  = 1.547e-03               final temp
*           T_alpha  = 7.967e+03          annealing alpha
*
*            T = T_0 * exp( -run_num**3 / T_alpha )
*
**********************************************************************
*H run      Temp       E_ion        E_ss   cel vol       SigPF       ar     ortho        pCnt          % Rejected Changes
*H                                                                                                 trn      rot      lat      swp
*M   1  8.77e-03  -1.131e+00  +0.000e+00     63.95   2.360e-01    1.185     0.507   8.241e+01    99.50     0.00    75.73     0.00
*M   2  8.77e-03  -1.141e+00  +0.000e+00     51.92   2.626e-01    1.444     0.608   4.442e+00    99.92     0.00    79.81     0.00
*M   3  8.76e-03  -1.135e+00  +0.000e+00     56.00   3.012e-01    1.258     0.559   3.324e+00    99.94     0.00    82.79     0.00
*M   4  8.74e-03  -1.169e+00  +0.000e+00     49.52   3.028e-01    1.272     0.714   6.622e+00    99.81     0.00    80.62     0.00
*M   5  8.70e-03  -1.153e+00  +0.000e+00     45.29   2.954e-01    1.428     0.546   6.465e+00    99.92     0.00    79.12     0.00
*M   6  8.63e-03  -1.173e+00  +0.000e+00     41.78   3.044e-01    1.436     0.747   5.358e+00    99.94     0.00    78.12     0.00
*M   7  8.54e-03  -1.154e+00  +0.000e+00     43.71   3.261e-01    1.581     0.701   4.984e+00    99.88     0.00    78.44     0.00
*M   8  8.40e-03  -1.199e+00  +0.000e+00     39.32   3.743e-01    1.423     0.714   4.635e+00   100.00     0.00    80.44     0.00
*M   9  8.23e-03  -1.181e+00  +0.000e+00     48.99   3.364e-01    1.250     0.686   5.522e+00    99.98     0.00    79.73     0.00
*M  10  8.00e-03  -1.166e+00  +0.000e+00     54.84   3.288e-01    1.144     0.726   1.185e+01    99.85     0.00    79.73     0.00
*M  11  7.74e-03  -1.169e+00  +0.000e+00     50.64   2.975e-01    1.223     0.638   9.617e+00    99.98     0.00    79.48     0.00
*M  12  7.42e-03  -1.164e+00  +0.000e+00     53.42   3.052e-01    1.119     0.704   3.714e+00    99.94     0.00    81.46     0.00
*M  13  7.06e-03  -1.163e+00  +0.000e+00     43.30   3.466e-01    1.401     0.696   4.240e+00    99.96     0.00    82.56     0.00
*M  14  6.66e-03  -1.157e+00  +0.000e+00     45.25   3.540e-01    1.457     0.716   4.136e+00    99.98     0.00    84.06     0.00
*M  15  6.22e-03  -1.150e+00  +0.000e+00     44.25   3.859e-01    1.526     0.696   4.800e+00   100.00     0.00    84.62     0.00
*M  16  5.74e-03  -1.184e+00  +0.000e+00     40.97   3.959e-01    1.493     0.686   6.030e+00   100.00     0.00    84.73     0.00
*M  17  5.25e-03  -1.206e+00  +0.000e+00     39.14   3.955e-01    1.405     0.717   4.893e+00    99.98     0.00    86.44     0.00
*M  18  4.73e-03  -1.194e+00  +0.000e+00     39.83   4.082e-01    1.447     0.704   1.018e+01    99.98     0.00    87.83     0.00
*M  19  4.22e-03  -1.191e+00  +0.000e+00     46.56   3.903e-01    1.226     0.751   6.259e+00   100.00     0.00    89.52     0.00
*M  20  3.71e-03  -1.188e+00  +0.000e+00     44.00   3.549e-01    1.254     0.787   2.965e+00    99.98     0.00    91.92     0.00
*M  21  3.21e-03  -1.208e+00  +0.000e+00     45.85   3.604e-01    1.147     0.720   4.628e+00   100.00     0.00    91.94     0.00
*M  22  2.74e-03  -1.189e+00  +0.000e+00     44.41   3.690e-01    1.288     0.769   3.059e+00   100.00     0.00    93.62     0.00
*M  23  2.30e-03  -1.195e+00  +0.000e+00     44.52   3.798e-01    1.219     0.748   2.238e+00   100.00     0.00    93.98     0.00
*M  24  1.90e-03  -1.198e+00  +0.000e+00     44.51   3.798e-01    1.252     0.768   3.531e+00   100.00     0.00    95.75     0.00
*M  25  1.55e-03  -1.197e+00  +0.000e+00     44.54   3.824e-01    1.221     0.750   1.616e+00   100.00     0.00    96.73     0.00
*
**********************************************************************
*
*
*          - Parameters at Post Ewald-Metro -
*
* Lattice parameters:
*
*             lat a  =    3.8065
*             lat b  =    4.3665
*             lat c  =    3.5747
*             alpha  =   52.9306
*             beta   =   75.0977
*             gamma  =   91.4461
*          cell vol  =   44.5441
*          cv/ortho  =    0.7497
*
* Energies:
*               ecc  = -1.1973e+00
*               eng  =  0.0000e+00
*
*
* Geometry:
*
*      packing frac  =    0.5848
*      aspect ratio  =    1.2215
*
* (dE/dV):
*                Px  =  1.1328e-02                    x-dir
*                Py  =  9.5943e-03                    y-dir
*                Pz  =  5.9580e-03                    z-dir
*
* Distances (PBC only):
*                                 min           hard           diff
*           ca1_ca1  =   1.000000e+06   2.320000e+00   9.999977e+05
*           ca1_ca2  =   1.000000e+06   1.160000e+00   9.999988e+05
*           ca1_ac1  =   2.833074e+00   2.830000e+00   3.073783e-03
*           ca1_av1  =   1.000000e+06  -1.000000e+00   1.000001e+06
*           ca1_ac2  =   1.000000e+06  -1.000000e+00   1.000001e+06
*           ca1_av2  =   1.000000e+06  -1.000000e+00   1.000001e+06
*           ca2_ca2  =   1.000000e+06   0.000000e+00   1.000000e+06
*           ca2_ac1  =   1.000000e+06   1.670000e+00   9.999983e+05
*           ca2_av1  =   1.000000e+06  -1.000000e+00   1.000001e+06
*           ca2_ac2  =   1.000000e+06  -1.000000e+00   1.000001e+06
*           ca2_av2  =   1.000000e+06  -1.000000e+00   1.000001e+06
*           ac1_ac1  =   1.000000e+06   3.340000e+00   9.999967e+05
*           ac1_av1  =   1.000000e+06  -1.000000e+00   1.000001e+06
*           ac1_ac2  =   1.000000e+06  -1.000000e+00   1.000001e+06
*           ac1_av2  =   1.000000e+06  -1.000000e+00   1.000001e+06
*           av1_av1  =   1.000000e+06  -1.000000e+00   1.000001e+06
*           av1_av2  =   1.000000e+06  -1.000000e+00   1.000001e+06
*           av2_av2  =   1.000000e+06  -1.000000e+00   1.000001e+06
*
*
*
**********************************************************************
*
*         - Comparing with 'best' structure -
*
****************************************************************
*
*          best ecc  = -1.2187e+00
*          best eng  =  0.0000e+00
*           ecc+eng  = -1.2187e+00
*          best vol  =  3.7501e+01
*           best pf  =  6.9458e-01
*
*     post_runs ecc  = -1.1973e+00
*     post_runs eng  =  0.0000e+00
*           ecc+eng  = -1.1973e+00
*     post_runs vol  =  4.4544e+01
*      post_runs pf  =  5.8476e-01
*
*       dV / V_runs  =  1.5812e-01
*
*          ecc_diff  = -2.1391e-02
*          eng_diff  =  0.0000e+00
*
*
****************************************************************
*
*  mag_ecc_diff > mag_eng_diff AND within BEST_VOL AND
* 'best' has lower energy than post runs! --> swapping.
*
****************************************************************
*
*
*          - Parameters at Post 'best-swap' -
*
* Lattice parameters:
*
*             lat a  =    3.3442
*             lat b  =    4.8601
*             lat c  =    3.3634
*             alpha  =   43.3539
*             beta   =   91.5874
*             gamma  =   92.1664
*          cell vol  =   37.5008
*          cv/ortho  =    0.6860
*
* Energies:
*               ecc  = -1.2187e+00
*               eng  =  0.0000e+00
*
*
* Geometry:
*
*      packing frac  =    0.6946
*      aspect ratio  =    1.4533
*
* (dE/dV):
*                Px  =  1.0792e-02                    x-dir
*                Py  =  9.4664e-03                    y-dir
*                Pz  =  1.2241e-02                    z-dir
*
* Distances (PBC only):
*                                 min           hard           diff
*           ca1_ca1  =   1.000000e+06   2.320000e+00   9.999977e+05
*           ca1_ca2  =   1.000000e+06   1.160000e+00   9.999988e+05
*           ca1_ac1  =   2.903988e+00   2.830000e+00   7.398846e-02
*           ca1_av1  =   1.000000e+06  -1.000000e+00   1.000001e+06
*           ca1_ac2  =   1.000000e+06  -1.000000e+00   1.000001e+06
*           ca1_av2  =   1.000000e+06  -1.000000e+00   1.000001e+06
*           ca2_ca2  =   1.000000e+06   0.000000e+00   1.000000e+06
*           ca2_ac1  =   1.000000e+06   1.670000e+00   9.999983e+05
*           ca2_av1  =   1.000000e+06  -1.000000e+00   1.000001e+06
*           ca2_ac2  =   1.000000e+06  -1.000000e+00   1.000001e+06
*           ca2_av2  =   1.000000e+06  -1.000000e+00   1.000001e+06
*           ac1_ac1  =   1.000000e+06   3.340000e+00   9.999967e+05
*           ac1_av1  =   1.000000e+06  -1.000000e+00   1.000001e+06
*           ac1_ac2  =   1.000000e+06  -1.000000e+00   1.000001e+06
*           ac1_av2  =   1.000000e+06  -1.000000e+00   1.000001e+06
*           av1_av1  =   1.000000e+06  -1.000000e+00   1.000001e+06
*           av1_av2  =   1.000000e+06  -1.000000e+00   1.000001e+06
*           av2_av2  =   1.000000e+06  -1.000000e+00   1.000001e+06
*
*
*
**********************************************************************
*
*         - Final Simplex relaxation with restarts -
*
**********************************************************************
*
*
****************************************************************
*
*
*        - Simplex Minimiziation Routine -
*
*
* Note: No aspect ratio constraint.
*
*
*            n_simp  =        15                   D.O.F.
*         simp_nmax  =      4500                max moves
*       simp_errlim  =  1.00e-08
*
*
*         - Initializing simplex arrays -
*
*
*      nfunk           rtol        pf        ar     ortho             e_ion              e_ss             e_tot
*X        11     1.4723e+00   0.69458   1.45332   0.68601    -1.2187348e+00     0.0000000e+00    -1.2187348e+00
*X      2001     3.0386e-08   0.70051   1.45526   0.68515    -1.2223849e+00     0.0000000e+00    -1.2223849e+00
*
*         simp_runs  =      2237               simp moves
*              rtol  =  8.71e-09               final rtol
*
* Simplex restart no. 1 of 10
*
*         - Initializing simplex arrays -
*
*
*      nfunk           rtol        pf        ar     ortho             e_ion              e_ss             e_tot
*X        11     1.4835e+00   0.70051   1.45526   0.68515    -1.2223851e+00     0.0000000e+00    -1.2223851e+00
*
*         simp_runs  =      1344               simp moves
*              rtol  =  9.89e-09               final rtol
*
* Simplex restart no. 2 of 10
*
*         - Initializing simplex arrays -
*
*
*      nfunk           rtol        pf        ar     ortho             e_ion              e_ss             e_tot
*X        11     1.4863e+00   0.70112   1.45529   0.68514    -1.2227237e+00     0.0000000e+00    -1.2227237e+00
*
*         simp_runs  =       783               simp moves
*              rtol  =  9.09e-09               final rtol
*
* Simplex restart no. 3 of 10
*
*         - Initializing simplex arrays -
*
*
*      nfunk           rtol        pf        ar     ortho             e_ion              e_ss             e_tot
*X        11     1.4863e+00   0.70112   1.45529   0.68514    -1.2227237e+00     0.0000000e+00    -1.2227237e+00
*
*         simp_runs  =       787               simp moves
*              rtol  =  9.99e-09               final rtol
*
* Simplex restart no. 4 of 10
*
*         - Initializing simplex arrays -
*
*
*      nfunk           rtol        pf        ar     ortho             e_ion              e_ss             e_tot
*X        11     1.4863e+00   0.70112   1.45529   0.68514    -1.2227237e+00     0.0000000e+00    -1.2227237e+00
*
*         simp_runs  =       787               simp moves
*              rtol  =  9.99e-09               final rtol
*
* Simplex restart no. 5 of 10
*
*         - Initializing simplex arrays -
*
*
*      nfunk           rtol        pf        ar     ortho             e_ion              e_ss             e_tot
*X        11     1.4863e+00   0.70112   1.45529   0.68514    -1.2227237e+00     0.0000000e+00    -1.2227237e+00
*
*         simp_runs  =       787               simp moves
*              rtol  =  9.99e-09               final rtol
*
* Simplex restart no. 6 of 10
*
*         - Initializing simplex arrays -
*
*
*      nfunk           rtol        pf        ar     ortho             e_ion              e_ss             e_tot
*X        11     1.4863e+00   0.70112   1.45529   0.68514    -1.2227237e+00     0.0000000e+00    -1.2227237e+00
*
*         simp_runs  =       787               simp moves
*              rtol  =  9.99e-09               final rtol
*
* Simplex restart no. 7 of 10
*
*         - Initializing simplex arrays -
*
*
*      nfunk           rtol        pf        ar     ortho             e_ion              e_ss             e_tot
*X        11     1.4863e+00   0.70112   1.45529   0.68514    -1.2227237e+00     0.0000000e+00    -1.2227237e+00
*
*         simp_runs  =       787               simp moves
*              rtol  =  9.99e-09               final rtol
*
* Simplex restart no. 8 of 10
*
*         - Initializing simplex arrays -
*
*
*      nfunk           rtol        pf        ar     ortho             e_ion              e_ss             e_tot
*X        11     1.4863e+00   0.70112   1.45529   0.68514    -1.2227237e+00     0.0000000e+00    -1.2227237e+00
*
*         simp_runs  =       787               simp moves
*              rtol  =  9.99e-09               final rtol
*
* Simplex restart no. 9 of 10
*
*         - Initializing simplex arrays -
*
*
*      nfunk           rtol        pf        ar     ortho             e_ion              e_ss             e_tot
*X        11     1.4863e+00   0.70112   1.45529   0.68514    -1.2227237e+00     0.0000000e+00    -1.2227237e+00
*
*         simp_runs  =       787               simp moves
*              rtol  =  9.99e-09               final rtol
*
* Simplex restart no. 10 of 10
*
*         - Initializing simplex arrays -
*
*
*      nfunk           rtol        pf        ar     ortho             e_ion              e_ss             e_tot
*X        11     1.4863e+00   0.70112   1.45529   0.68514    -1.2227237e+00     0.0000000e+00    -1.2227237e+00
*
*         simp_runs  =       787               simp moves
*              rtol  =  9.99e-09               final rtol
*
****************************************************************
*
*          - Parameters at Post Simplex -
*
* Lattice parameters:
*
*             lat a  =    3.3400
*             lat b  =    4.8607
*             lat c  =    3.3400
*             alpha  =   43.3108
*             beta   =   91.9350
*             gamma  =   92.7855
*          cell vol  =   37.1514
*          cv/ortho  =    0.6851
*
* Energies:
*               ecc  = -1.2227e+00
*               eng  =  0.0000e+00
*
*
* Geometry:
*
*      packing frac  =    0.7011
*      aspect ratio  =    1.4553
*
* (dE/dV):
*                Px  =  1.1067e-02                    x-dir
*                Py  =  9.6589e-03                    y-dir
*                Pz  =  1.0000e+04                    z-dir
*
* Distances (PBC only):
*                                 min           hard           diff
*           ca1_ca1  =   1.000000e+06   2.320000e+00   9.999977e+05
*           ca1_ca2  =   1.000000e+06   1.160000e+00   9.999988e+05
*           ca1_ac1  =   2.957487e+00   2.830000e+00   1.274875e-01
*           ca1_av1  =   1.000000e+06  -1.000000e+00   1.000001e+06
*           ca1_ac2  =   1.000000e+06  -1.000000e+00   1.000001e+06
*           ca1_av2  =   1.000000e+06  -1.000000e+00   1.000001e+06
*           ca2_ca2  =   1.000000e+06   0.000000e+00   1.000000e+06
*           ca2_ac1  =   1.000000e+06   1.670000e+00   9.999983e+05
*           ca2_av1  =   1.000000e+06  -1.000000e+00   1.000001e+06
*           ca2_ac2  =   1.000000e+06  -1.000000e+00   1.000001e+06
*           ca2_av2  =   1.000000e+06  -1.000000e+00   1.000001e+06
*           ac1_ac1  =   1.000000e+06   3.340000e+00   9.999967e+05
*           ac1_av1  =   1.000000e+06  -1.000000e+00   1.000001e+06
*           ac1_ac2  =   1.000000e+06  -1.000000e+00   1.000001e+06
*           ac1_av2  =   1.000000e+06  -1.000000e+00   1.000001e+06
*           av1_av1  =   1.000000e+06  -1.000000e+00   1.000001e+06
*           av1_av2  =   1.000000e+06  -1.000000e+00   1.000001e+06
*           av2_av2  =   1.000000e+06  -1.000000e+00   1.000001e+06
*
*
***********************************************************
*        - Process and timing information -
*
* user time:   0 h 00 m 22.328007 s
* syst time:   0 h 00 m 00.010000 s
* signals: 0
* voluntary context switches: 8
* involuntary context switches: 16
*
***********************************************************
*SS symsearch output
*SS ( use:  | awk '($1=="*S"){print $0}' | sed 's/*S //' > temp.out )
*S Title
*S 1                 search type
*S 5.0 0.00001       displacement rms max min
*S 0.1 0.00001       strain rms max min
*S 1                 lattice input type
*S      3.34000     0.00000     0.00000
*S     -0.23621     4.85492     0.00000
*S     -0.11278     2.42774     2.29111
*S 1 0 0
*S 0 1 0
*S 0 0 1
*S 2                 number of atoms
*S 11 0
*S      0.08353     0.48452     0.81008
*S      0.58485     0.97019     0.81159
*FF findsym output
*FF ( use:  | awk '($1=="*F"){print $0}' | sed 's/*F //' > temp.out )
*F Title
*F 0.001       displacement rms max min
*F 1                 lattice input type
*F      3.34000     0.00000     0.00000
*F     -0.23621     4.85492     0.00000
*F     -0.11278     2.42774     2.29111
*F 1               basis vector in type
*F 1 0 0
*F 0 1 0
*F 0 0 1
*F 2                 number of atoms
*F 11 0
*F      0.08353     0.48452     0.81008
*F      0.58485     0.97019     0.81159
*DD powder output
*DD (use: | awk '($1=="*D"){print $0}' | sed 's/*D //' > temp.out )
*D 2
*D      3.34000     4.86066     3.34004
*D     43.31084    91.93502    92.78546
*D      0.08353     0.48452     0.81008        11
*D      0.58485     0.97019     0.81159         0
*PP poscar output
*PP (use: | awk '($1=="*P"){print $0}' | sed 's/*P //' > temp.out )
*P Z: 11 17 
*P 1.0 
*P      3.34000011     0.00000000     0.00000000
*P     -0.23620966     4.85491537     0.00000000
*P     -0.11277962     2.42774274     2.29111285
*P 1 1 0 
*P Direct
*P       0.083526663818      0.484524376729      0.810079289626
*P       0.584854210325      0.970185846656      0.811586561376
*QQ poscar output
*QQ (use: | awk '($1=="*Q"){print $0}' | sed 's/*Q //' > temp.out )
*Q +1.000000000000 -1.000000000000 
*Q 1.0 
*Q      3.34000011     0.00000000     0.00000000
*Q     -0.23620966     4.85491537     0.00000000
*Q     -0.11277962     2.42774274     2.29111285
*Q 1 1 0 
*Q Direct
*Q       0.083526663818      0.484524376729      0.810079289626
*Q       0.584854210325      0.970185846656      0.811586561376
*RR restart output
*RR (use: | awk '($1=="*R"){print $0}' | sed 's/*R //' > temp.out )
*R     3.340000114410    4.860658207228    3.340037742709
*R     0.755916768310    1.604568717195    1.619411704314
*R      1
*R      1     1
*R   -1.000000000000000   0.000000000000000
*R     0.000000000000    1.670000000000    0.000000000000    17     0
*R      1
*R      1   1.000000000000000
*R     1.160000000000    11
*R     0.083526663818    0.484524376729    0.810079289626
*R     0.584854210325    0.970185846656    0.811586561376
* XBS output
* CATION:
atom C     0.073169295    4.318988954    1.855983067
spec C     1.160000000    1.000000000    0.000000000    0.000000000
* ANION:
atom A     1.632715436    6.680493555    1.859436397
spec A     1.670000000    0.000000000    0.000000000    1.000000000
spec V     0.000000000    0.000000000    1.000000000    0.000000000
bonds A V  0.000000000    0.000000000    0.010000000    Black
* CELL PARAMETERS AND BORDER
atom 0    0.00000   0.00000   0.00000
atom 1    3.34000   0.00000   0.00000
atom 2    3.10379   4.85492   0.00000
atom 3   -0.23621   4.85492   0.00000
atom 4   -0.11278   2.42774   2.29111
atom 5    3.22722   2.42774   2.29111
atom 6    2.99101   7.28266   2.29111
atom 7   -0.34899   7.28266   2.29111
spec 0     0.050000000    0.000000000    0.000000000    0.000000000
spec 1     0.050000000    0.000000000    0.000000000    0.000000000
spec 2     0.050000000    0.000000000    0.000000000    0.000000000
spec 3     0.050000000    0.000000000    0.000000000    0.000000000
spec 4     0.050000000    0.000000000    0.000000000    0.000000000
spec 5     0.050000000    0.000000000    0.000000000    0.000000000
spec 6     0.050000000    0.000000000    0.000000000    0.000000000
spec 7     0.050000000    0.000000000    0.000000000    0.000000000
bonds 0 1  3.336660114    3.343340115    0.010000000    Black
bonds 3 2  3.336660114    3.343340115    0.010000000    Black
bonds 4 5  3.336660114    3.343340115    0.010000000    Black
bonds 6 7  3.336660114    3.343340115    0.010000000    Black
bonds 1 2  4.855797549    4.865518865    0.010000000    Black
bonds 0 3  4.855797549    4.865518865    0.010000000    Black
bonds 5 6  4.855797549    4.865518865    0.010000000    Black
bonds 4 7  4.855797549    4.865518865    0.010000000    Black
bonds 0 4  3.336697705    3.343377780    0.010000000    Black
bonds 1 5  3.336697705    3.343377780    0.010000000    Black
bonds 2 6  3.336697705    3.343377780    0.010000000    Black
bonds 3 7  3.336697705    3.343377780    0.010000000    Black
inc 5.000000
dup    3.34000   0.00000   0.00000
dup   -0.23621   4.85492   0.00000
dup   -0.11278   2.42774   2.29111
