*************************************************
*	pack	(version 4.12.0.5)
*	Eric Majzoub
*	Sandia National Laboratories
*************************************************
*  Source file: main.c
*  Compile date: Dec 27 2012
*  Compile time: 17:19:04
*  commandline = /projects/e20438/bin/pack-4.12.0.5/pack_exe -f ../../NaCl_pegs.in -P -R -r 300 -t 15 -g 27965 
*  input file = ../../NaCl_pegs.in
**********************************************************************
**********************************************************************
**********************************************************************
* 
*       - General run comments -
* 
* WARN: no Rotations in Metropolis (-R flag).
* WARN: all anionic charge on center atom (-P flag).
*
**********************************************************************
*           - Input parameters -
*
*           restart  =         0         1 = restart calc
*        autoadjust  =         1   automatically set temp
*          aa_using  =         1        1=rej pct, 2=pCnt
*         basin hop  =         0           number of hops
*     non_per_ewald  =         0          1=nanopart calc
*
*             lat a  =   10.0000
*             lat b  =   10.0000
*             lat c  =   10.0000
*             alpha  =    1.5708
*             beta   =    1.5708
*             gamma  =    1.5708
*          cell vol  = 1000.0000
*      sqsh vol pct  =    0.2000
* 
*          cell_min  =    1.6700              min lat vec
*          cell_max  =  167.0000              max lat vec
* 
*         n_type_an  =         1          num type anions
*            num_an  =         1           tot num anions
* 
*          num_an_1  =         1        num anions type 1
*        num_vert_1  =         1     1=sph 2=dim 5=tet...
*       an_chrg_c_1  =   -1.0000      anion center charge
*       an_chrg_v_1  =    0.0000      anion vertex charge
*     tot_an_chrg_1  =   -1.0000       total anion charge
*           Rcent_1  =    1.6700         anion center rad
*           Rvert_1  =    0.0000         anion vertex rad
*             cvd_1  =    0.0000        cent to vert dist
*           Zcent_1  =        17           anion center Z
*           Zvert_1  =         0           anion vertex Z
* 
*          num_an_2  =         0        num anions type 2
*        num_vert_2  =         0     1=sph 2=dim 5=tet...
*       an_chrg_c_2  =    0.0000      anion center charge
*       an_chrg_v_2  =    0.0000      anion vertex charge
*     tot_an_chrg_2  =    0.0000       total anion charge
*           Rcent_2  =    0.0000         anion center rad
*           Rvert_2  =    0.0000         anion vertex rad
*             cvd_2  =    0.0000        cent to vert dist
*           Zcent_2  =         0           anion center Z
*           Zvert_2  =         0           anion vertex Z
* 
*         n_type_ca  =         1            num type cats
*            num_ca  =         1          tot num cations
* 
*          num_ca_1  =         1        num cations typ 1
*         ca_chrg_1  =    1.0000        cation chrg typ 1
*            Rcat_1  =    1.1600         cation rad typ 1
*            Zcat_1  =        11           cation Z typ 1
* 
*            C2VTOL  =  1.00e-08            c2v tolerance
*            ERRLIM  =  1.00e-06
*       REP_EPSILON  =  1.00e+00        soft sphere repul
*    TRANS_FRAC_MAX  =    0.5000                    fixed
*    TRANS_FRAC_MIN  =    0.0200
*      MAX_ANG_CHNG  =    9.9695                  degrees
*    VOLUM_FRAC_MAX  =    0.0700
*         EXT_PRESS  =  0.00e+00        external pressure
*      SQSH_VOL_PCT  =    0.2000             min orth val
*        ASPECT_MAX  =   20.0000                cell parm
*            dplane  =    1.6700            min plane sep
*      SCALE_FACTOR  =    1.2500         bhop max scaling
* 
*            d.o.f.  =        12       degrees of freedom
*          runs/dof  =       300         loops per d.o.f.
*              runs  =      3600              loops per T
*               ncc  =     14400     config changes per T
*            t_runs  =        15           num temp steps
*             efunc  =         0               0=SS  1=LJ
*       N_HALT_CHNG  =        15      halts after N 100%s
*
*      anneal_sched  =         3   0=lin or exp(-run_n^n)
*         temp_init  =  1.00e+00             initial temp
*         temp_finl  =  1.00e-03               final temp
* 
*          trn_chng  =         1              0=off  1=on
*          rot_chng  =         0              0=off  1=on
*          lat_chng  =         1              0=off  1=on
*          swp_chng  =         1              0=off  1=on
* 
*     SIMP_RESTARTS  =        11     no. simplex restarts
*  SIMP_RESTARTS BH  =        21  basin hop simp restarts
*         SIMP_NMAX  =      4500        max simplex iters
*          SIMP_DEG  =    1.0000          anion start deg
*         SIMP_LAMB  =    0.0100        vertex start frac
*       SIMP_ERRLIM  =  1.00e-08              error limit
* 
*           aa runs  =      1200           config changes
*      aa runs_step  =        10   config change increase
*       aa runs_max  =      1500  max auto config changes
*         aa t_runs  =         3            num temp runs
*      aa temp_step  =    0.5000                temp step
* 
*        aa chng hi  =         3  1=trn 2=rot 3=lat 4=swp
*        aa chng lo  =         3  1=trn 2=rot 3=lat 4=swp
* 
*      aa ht_pct_hi  =     0.650             high rej pct
*      aa ht_pct_lo  =     0.600             low  rej pct
* 
*      aa lt_pct_hi  =     0.999             high rej pct
*      aa lt_pct_lo  =     0.950             low  rej pct
* 
*            tmpfile =                   PR20591-best.tmp
* 
* Checking for out of bounds fractional coords.
*
**********************************************************************
*
*          - Parameters at START -
*
* Lattice parameters:
*
*             lat a  =   10.0000
*             lat b  =   10.0000
*             lat c  =   10.0000
*             alpha  =   90.0000
*             beta   =   90.0000
*             gamma  =   90.0000
*          cell vol  = 1000.0000
*          cv/ortho  =    1.0000
*
* Energies:
*               ecc  = -4.6381e-01
*               eng  =  0.0000e+00
*
*
* Geometry:
*
*      packing frac  =    0.0260
*      aspect ratio  =    1.0000
*
* (dE/dV):
*                Px  = -3.5469e-05                    x-dir
*                Py  =  2.5792e-04                    y-dir
*                Pz  =  2.4135e-04                    z-dir
*
* Distances (PBC only):
*                                 min           hard           diff
*           ca1_ca1  =   1.000000e+06   2.320000e+00   9.999977e+05
*           ca1_ca2  =   1.000000e+06   1.160000e+00   9.999988e+05
*           ca1_ac1  =   5.882404e+00   2.830000e+00   3.052404e+00
*           ca1_av1  =   1.000000e+06  -1.000000e+00   1.000001e+06
*           ca1_ac2  =   1.000000e+06  -1.000000e+00   1.000001e+06
*           ca1_av2  =   1.000000e+06  -1.000000e+00   1.000001e+06
*           ca2_ca2  =   1.000000e+06   0.000000e+00   1.000000e+06
*           ca2_ac1  =   1.000000e+06   1.670000e+00   9.999983e+05
*           ca2_av1  =   1.000000e+06  -1.000000e+00   1.000001e+06
*           ca2_ac2  =   1.000000e+06  -1.000000e+00   1.000001e+06
*           ca2_av2  =   1.000000e+06  -1.000000e+00   1.000001e+06
*           ac1_ac1  =   1.000000e+06   3.340000e+00   9.999967e+05
*           ac1_av1  =   1.000000e+06  -1.000000e+00   1.000001e+06
*           ac1_ac2  =   1.000000e+06  -1.000000e+00   1.000001e+06
*           ac1_av2  =   1.000000e+06  -1.000000e+00   1.000001e+06
*           av1_av1  =   1.000000e+06  -1.000000e+00   1.000001e+06
*           av1_av2  =   1.000000e+06  -1.000000e+00   1.000001e+06
*           av2_av2  =   1.000000e+06  -1.000000e+00   1.000001e+06
*
*
*
**********************************************************************
*
* ------------------------------------------------------------
*              Autoadjust high temperatrure:
* ------------------------------------------------------------
*              Autoadjusting on 3 (1=trn,2=rot,3=lat,4=swp)
*
**********************************************************************
*
*                 -- Autoadjust Metropolis Run --
*
*   autoadjust_temp_init  =  1.0000e+00
*   autoadjust_temp_step  =  5.0000e-01
*        autoadjust_runs  =        1200         configs per temp
*       autoadjust_count  =           1
*
**********************************************************************
*
* Metropolis: 3 temperature runs with these parameters:
*
*              runs  =      1200              loops per T
*               T_0  = 1.000e+00             initial temp
*               T_L  = 1.000e+00               final temp
*           T_alpha  = 8.000e+09          annealing alpha
*
*            T = T_0 * exp( -run_num**3 / T_alpha )
*
**********************************************************************
*H run      Temp       E_ion        E_ss   cel vol       SigPF       ar     ortho        pCnt          % Rejected Changes
*H                                                                                                 trn      rot      lat      swp
*T   1  1.00e+00  -4.716e-01  +0.000e+00    679.11   4.625e-02    2.173     0.774   8.628e-02    19.08     0.00     1.17     0.00
*T   2  1.00e+00  -5.327e-01  +0.000e+00   1008.31   5.924e-02    2.845     0.274   7.197e-02    32.33     0.00     2.33     0.00
*T   3  1.00e+00  -2.481e-01  +0.000e+00   6252.80   1.888e-02    1.230     0.318   3.752e-02    12.83     0.00     1.42     0.00
*
**********************************************************************
*
*                 -- AUTOADJUST [1] OUT --
*
*     target: lo % = 60.000000      hi % = 65.000000
*     Autoadjust % =  1.416667
*     Autoadjust: Lowering the temperature 5.000e-01 [a.u.]
*
**********************************************************************
*
*                 -- Autoadjust Metropolis Run --
*
*   autoadjust_temp_init  =  5.0000e-01
*   autoadjust_temp_step  =  5.0000e-01
*        autoadjust_runs  =        1210         configs per temp
*       autoadjust_count  =           2
*
**********************************************************************
*
* Metropolis: 3 temperature runs with these parameters:
*
*              runs  =      1210              loops per T
*               T_0  = 5.000e-01             initial temp
*               T_L  = 4.995e-01               final temp
*           T_alpha  = 7.996e+03          annealing alpha
*
*            T = T_0 * exp( -run_num**3 / T_alpha )
*
**********************************************************************
*H run      Temp       E_ion        E_ss   cel vol       SigPF       ar     ortho        pCnt          % Rejected Changes
*H                                                                                                 trn      rot      lat      swp
*T   1  5.00e-01  -2.300e-01  +0.000e+00  20665.26   4.161e-03    1.349     0.332   4.686e-02     9.26     0.00     4.71     0.00
*T   2  5.00e-01  -2.999e-01  +0.000e+00  29609.72   6.389e-04    2.056     0.368   3.194e-02     7.44     0.00     2.64     0.00
*T   3  4.99e-01  -3.587e-02  +0.000e+00  78254.82   1.605e-03    4.124     0.489   5.263e-02     9.83     0.00     1.24     0.00
*
**********************************************************************
*
*                 -- AUTOADJUST [2] OUT --
*
*     target: lo % = 60.000000      hi % = 65.000000
*     Autoadjust % =  1.239669
*     Autoadjust: special case: (T-Tstep) = 0.000e+00 [a.u.]
*     Autoadjust: special case: ===> drop temp step to: 2.250e-01 [a.u.]
*     Autoadjust: Lowering the temperature 2.250e-01 [a.u.]
*
**********************************************************************
*
*                 -- Autoadjust Metropolis Run --
*
*   autoadjust_temp_init  =  2.7500e-01
*   autoadjust_temp_step  =  2.2500e-01
*        autoadjust_runs  =        1220         configs per temp
*       autoadjust_count  =           3
*
**********************************************************************
*
* Metropolis: 3 temperature runs with these parameters:
*
*              runs  =      1220              loops per T
*               T_0  = 2.750e-01             initial temp
*               T_L  = 2.747e-01               final temp
*           T_alpha  = 7.996e+03          annealing alpha
*
*            T = T_0 * exp( -run_num**3 / T_alpha )
*
**********************************************************************
*H run      Temp       E_ion        E_ss   cel vol       SigPF       ar     ortho        pCnt          % Rejected Changes
*H                                                                                                 trn      rot      lat      swp
*T   1  2.75e-01  -7.123e-01  +0.000e+00    732.18   1.697e-02    2.931     0.214   7.397e-01    34.02     0.00     3.36     0.00
*T   2  2.75e-01  -7.318e-01  +0.000e+00    148.72   3.090e-02    2.602     0.418   3.535e-01    38.03     0.00     4.75     0.00
*T   3  2.75e-01  -6.878e-01  +0.000e+00    550.56   5.833e-02    1.784     0.307   1.881e-01    48.03     0.00     7.87     0.00
*
**********************************************************************
*
*                 -- AUTOADJUST [3] OUT --
*
*     target: lo % = 60.000000      hi % = 65.000000
*     Autoadjust % =  7.868852
*     Autoadjust: Lowering the temperature 2.250e-01 [a.u.]
*
**********************************************************************
*
*                 -- Autoadjust Metropolis Run --
*
*   autoadjust_temp_init  =  5.0000e-02
*   autoadjust_temp_step  =  2.2500e-01
*        autoadjust_runs  =        1230         configs per temp
*       autoadjust_count  =           4
*
**********************************************************************
*
* Metropolis: 3 temperature runs with these parameters:
*
*              runs  =      1230              loops per T
*               T_0  = 5.000e-02             initial temp
*               T_L  = 4.995e-02               final temp
*           T_alpha  = 7.996e+03          annealing alpha
*
*            T = T_0 * exp( -run_num**3 / T_alpha )
*
**********************************************************************
*H run      Temp       E_ion        E_ss   cel vol       SigPF       ar     ortho        pCnt          % Rejected Changes
*H                                                                                                 trn      rot      lat      swp
*T   1  5.00e-02  -1.042e+00  +0.000e+00     72.24   1.464e-01    1.454     0.429   4.307e+00    86.10     0.00    24.88     0.00
*T   2  5.00e-02  -1.064e+00  +0.000e+00     68.57   1.538e-01    1.613     0.550   2.477e+00    89.35     0.00    34.23     0.00
*T   3  5.00e-02  -1.002e+00  +0.000e+00     75.28   1.648e-01    1.299     0.791   9.678e-01    94.96     0.00    35.04     0.00
*
**********************************************************************
*
*                 -- AUTOADJUST [4] OUT --
*
*     target: lo % = 60.000000      hi % = 65.000000
*     Autoadjust % = 35.040650
*     Autoadjust: special case: (T-Tstep) = -1.750e-01 [a.u.]
*     Autoadjust: special case: ===> drop temp step to: 1.013e-01 [a.u.]
*     Autoadjust: special case: (T-Tstep) = -5.125e-02 [a.u.]
*     Autoadjust: special case: ===> drop temp step to: 4.556e-02 [a.u.]
*     Autoadjust: Lowering the temperature 4.556e-02 [a.u.]
*
**********************************************************************
*
*                 -- Autoadjust Metropolis Run --
*
*   autoadjust_temp_init  =  4.4375e-03
*   autoadjust_temp_step  =  4.5563e-02
*        autoadjust_runs  =        1240         configs per temp
*       autoadjust_count  =           5
*
**********************************************************************
*
* Metropolis: 3 temperature runs with these parameters:
*
*              runs  =      1240              loops per T
*               T_0  = 4.438e-03             initial temp
*               T_L  = 4.433e-03               final temp
*           T_alpha  = 7.996e+03          annealing alpha
*
*            T = T_0 * exp( -run_num**3 / T_alpha )
*
**********************************************************************
*H run      Temp       E_ion        E_ss   cel vol       SigPF       ar     ortho        pCnt          % Rejected Changes
*H                                                                                                 trn      rot      lat      swp
*T   1  4.44e-03  -1.128e+00  +0.000e+00     52.92   3.034e-01    1.268     0.561   1.383e+01    99.92     0.00    87.02     0.00
*T   2  4.44e-03  -1.135e+00  +0.000e+00     53.73   3.069e-01    1.348     0.593   1.624e+00   100.00     0.00    88.31     0.00
*T   3  4.43e-03  -1.109e+00  +0.000e+00     57.63   2.931e-01    1.376     0.616   6.007e+00   100.00     0.00    86.85     0.00
*
**********************************************************************
*
*                 -- AUTOADJUST [5] OUT --
*
*     target: lo % = 60.000000      hi % = 65.000000
*     Autoadjust % = 86.854839
*     Autoadjust: overshot! drop temp step to: 2.050e-02 [a.u.]
*     Autoadjust: Raising the temperature 2.050e-02 [a.u.]
*
**********************************************************************
*
*                 -- Autoadjust Metropolis Run --
*
*   autoadjust_temp_init  =  2.4941e-02
*   autoadjust_temp_step  =  2.0503e-02
*        autoadjust_runs  =        1250         configs per temp
*       autoadjust_count  =           6
*
**********************************************************************
*
* Metropolis: 3 temperature runs with these parameters:
*
*              runs  =      1250              loops per T
*               T_0  = 2.494e-02             initial temp
*               T_L  = 2.492e-02               final temp
*           T_alpha  = 7.996e+03          annealing alpha
*
*            T = T_0 * exp( -run_num**3 / T_alpha )
*
**********************************************************************
*H run      Temp       E_ion        E_ss   cel vol       SigPF       ar     ortho        pCnt          % Rejected Changes
*H                                                                                                 trn      rot      lat      swp
*T   1  2.49e-02  -9.469e-01  +0.000e+00     86.20   1.894e-01    1.707     0.692   4.213e+00    96.48     0.00    49.84     0.00
*T   2  2.49e-02  -1.067e+00  +0.000e+00     67.75   2.214e-01    1.570     0.627   3.667e+00    98.56     0.00    53.04     0.00
*T   3  2.49e-02  -1.052e+00  +0.000e+00     72.19   2.190e-01    2.086     0.467   2.697e+00    98.88     0.00    49.92     0.00
*
**********************************************************************
*
*                 -- AUTOADJUST [6] OUT --
*
*     target: lo % = 60.000000      hi % = 65.000000
*     Autoadjust % = 49.920000
*     Autoadjust: overshot! drop temp step to: 9.226e-03 [a.u.]
*     Autoadjust: Lowering the temperature 9.226e-03 [a.u.]
*
**********************************************************************
*
*                 -- Autoadjust Metropolis Run --
*
*   autoadjust_temp_init  =  1.5714e-02
*   autoadjust_temp_step  =  9.2264e-03
*        autoadjust_runs  =        1260         configs per temp
*       autoadjust_count  =           7
*
**********************************************************************
*
* Metropolis: 3 temperature runs with these parameters:
*
*              runs  =      1260              loops per T
*               T_0  = 1.571e-02             initial temp
*               T_L  = 1.570e-02               final temp
*           T_alpha  = 7.996e+03          annealing alpha
*
*            T = T_0 * exp( -run_num**3 / T_alpha )
*
**********************************************************************
*H run      Temp       E_ion        E_ss   cel vol       SigPF       ar     ortho        pCnt          % Rejected Changes
*H                                                                                                 trn      rot      lat      swp
*T   1  1.57e-02  -1.116e+00  +0.000e+00     64.54   2.160e-01    1.966     0.422   2.798e+00    98.89     0.00    65.16     0.00
*T   2  1.57e-02  -1.077e+00  +0.000e+00     58.10   2.380e-01    2.013     0.521   5.570e+00    98.81     0.00    64.37     0.00
*T   3  1.57e-02  -1.057e+00  +0.000e+00     64.12   2.131e-01    2.310     0.475   4.947e+00    98.57     0.00    65.08     0.00
*
**********************************************************************
*
*                 -- AUTOADJUST [7] OUT --
*
*     target: lo % = 60.000000      hi % = 65.000000
*     Autoadjust % = 65.079365
*     Autoadjust: overshot! drop temp step to: 4.152e-03 [a.u.]
*     Autoadjust: Raising the temperature 4.152e-03 [a.u.]
*
**********************************************************************
*
*                 -- Autoadjust Metropolis Run --
*
*   autoadjust_temp_init  =  1.9866e-02
*   autoadjust_temp_step  =  4.1519e-03
*        autoadjust_runs  =        1270         configs per temp
*       autoadjust_count  =           8
*
**********************************************************************
*
* Metropolis: 3 temperature runs with these parameters:
*
*              runs  =      1270              loops per T
*               T_0  = 1.987e-02             initial temp
*               T_L  = 1.985e-02               final temp
*           T_alpha  = 7.996e+03          annealing alpha
*
*            T = T_0 * exp( -run_num**3 / T_alpha )
*
**********************************************************************
*H run      Temp       E_ion        E_ss   cel vol       SigPF       ar     ortho        pCnt          % Rejected Changes
*H                                                                                                 trn      rot      lat      swp
*T   1  1.99e-02  -1.122e+00  +0.000e+00     55.56   2.139e-01    1.985     0.465   2.732e+00    98.74     0.00    58.90     0.00
*T   2  1.99e-02  -1.103e+00  +0.000e+00     56.97   2.321e-01    1.154     0.838   3.380e+00    98.50     0.00    58.27     0.00
*T   3  1.98e-02  -1.008e+00  +0.000e+00     84.03   2.383e-01    1.112     0.747   2.264e+00    98.98     0.00    59.06     0.00
*
**********************************************************************
*
*                 -- AUTOADJUST [8] OUT --
*
*     target: lo % = 60.000000      hi % = 65.000000
*     Autoadjust % = 59.055118
*     Autoadjust: overshot! drop temp step to: 1.868e-03 [a.u.]
*     Autoadjust: Lowering the temperature 1.868e-03 [a.u.]
*
**********************************************************************
*
*                 -- Autoadjust Metropolis Run --
*
*   autoadjust_temp_init  =  1.7998e-02
*   autoadjust_temp_step  =  1.8683e-03
*        autoadjust_runs  =        1280         configs per temp
*       autoadjust_count  =           9
*
**********************************************************************
*
* Metropolis: 3 temperature runs with these parameters:
*
*              runs  =      1280              loops per T
*               T_0  = 1.800e-02             initial temp
*               T_L  = 1.798e-02               final temp
*           T_alpha  = 7.996e+03          annealing alpha
*
*            T = T_0 * exp( -run_num**3 / T_alpha )
*
**********************************************************************
*H run      Temp       E_ion        E_ss   cel vol       SigPF       ar     ortho        pCnt          % Rejected Changes
*H                                                                                                 trn      rot      lat      swp
*T   1  1.80e-02  -1.106e+00  +0.000e+00     63.93   2.127e-01    1.152     0.858   4.318e+00    98.83     0.00    58.67     0.00
*T   2  1.80e-02  -1.045e+00  +0.000e+00     76.22   2.782e-01    1.165     0.801   2.543e+00    99.53     0.00    62.11     0.00
*T   3  1.80e-02  -1.116e+00  +0.000e+00     55.51   2.296e-01    1.161     0.904   3.580e+00    98.52     0.00    58.12     0.00
*
**********************************************************************
*
*                 -- AUTOADJUST [9] OUT --
*
*     target: lo % = 60.000000      hi % = 65.000000
*     Autoadjust % = 58.125000
*     Autoadjust: Lowering the temperature 1.868e-03 [a.u.]
*
**********************************************************************
*
*                 -- Autoadjust Metropolis Run --
*
*   autoadjust_temp_init  =  1.6129e-02
*   autoadjust_temp_step  =  1.8683e-03
*        autoadjust_runs  =        1290         configs per temp
*       autoadjust_count  =          10
*
**********************************************************************
*
* Metropolis: 3 temperature runs with these parameters:
*
*              runs  =      1290              loops per T
*               T_0  = 1.613e-02             initial temp
*               T_L  = 1.611e-02               final temp
*           T_alpha  = 7.996e+03          annealing alpha
*
*            T = T_0 * exp( -run_num**3 / T_alpha )
*
**********************************************************************
*H run      Temp       E_ion        E_ss   cel vol       SigPF       ar     ortho        pCnt          % Rejected Changes
*H                                                                                                 trn      rot      lat      swp
*T   1  1.61e-02  -1.132e+00  +0.000e+00     57.62   2.163e-01    1.096     0.778   1.791e+00    98.76     0.00    62.64     0.00
*T   2  1.61e-02  -1.139e+00  +0.000e+00     55.04   2.578e-01    1.193     0.803   3.550e+00    99.38     0.00    66.82     0.00
*T   3  1.61e-02  -1.090e+00  +0.000e+00     67.70   2.504e-01    1.126     0.858   4.049e+00    99.53     0.00    65.43     0.00
*
**********************************************************************
*
*                 -- AUTOADJUST [10] OUT --
*
*     target: lo % = 60.000000      hi % = 65.000000
*     Autoadjust % = 65.426357
*     Autoadjust: overshot! drop temp step to: 8.408e-04 [a.u.]
*     Autoadjust: Raising the temperature 8.408e-04 [a.u.]
*
**********************************************************************
*
*                 -- Autoadjust Metropolis Run --
*
*   autoadjust_temp_init  =  1.6970e-02
*   autoadjust_temp_step  =  8.4076e-04
*        autoadjust_runs  =        1300         configs per temp
*       autoadjust_count  =          11
*
**********************************************************************
*
* Metropolis: 3 temperature runs with these parameters:
*
*              runs  =      1300              loops per T
*               T_0  = 1.697e-02             initial temp
*               T_L  = 1.695e-02               final temp
*           T_alpha  = 7.996e+03          annealing alpha
*
*            T = T_0 * exp( -run_num**3 / T_alpha )
*
**********************************************************************
*H run      Temp       E_ion        E_ss   cel vol       SigPF       ar     ortho        pCnt          % Rejected Changes
*H                                                                                                 trn      rot      lat      swp
*T   1  1.70e-02  -1.103e+00  +0.000e+00     72.64   1.929e-01    1.157     0.716   2.654e+00    98.46     0.00    59.08     0.00
*T   2  1.70e-02  -1.108e+00  +0.000e+00     58.53   2.029e-01    1.127     0.737   2.579e+00    99.00     0.00    59.77     0.00
*T   3  1.70e-02  -1.144e+00  +0.000e+00     58.44   2.284e-01    1.159     0.731   5.391e+00    99.54     0.00    57.92     0.00
*
**********************************************************************
*
*                 -- AUTOADJUST [11] OUT --
*
*     target: lo % = 60.000000      hi % = 65.000000
*     Autoadjust % = 57.923077
*     Autoadjust: overshot! drop temp step to: 3.783e-04 [a.u.]
*     Autoadjust: Lowering the temperature 3.783e-04 [a.u.]
*
**********************************************************************
*
*                 -- Autoadjust Metropolis Run --
*
*   autoadjust_temp_init  =  1.6592e-02
*   autoadjust_temp_step  =  3.7834e-04
*        autoadjust_runs  =        1310         configs per temp
*       autoadjust_count  =          12
*
**********************************************************************
*
* Metropolis: 3 temperature runs with these parameters:
*
*              runs  =      1310              loops per T
*               T_0  = 1.659e-02             initial temp
*               T_L  = 1.658e-02               final temp
*           T_alpha  = 7.996e+03          annealing alpha
*
*            T = T_0 * exp( -run_num**3 / T_alpha )
*
**********************************************************************
*H run      Temp       E_ion        E_ss   cel vol       SigPF       ar     ortho        pCnt          % Rejected Changes
*H                                                                                                 trn      rot      lat      swp
*T   1  1.66e-02  -1.040e+00  +0.000e+00     60.80   2.401e-01    1.406     0.850   3.355e+00    99.47     0.00    63.97     0.00
*T   2  1.66e-02  -1.101e+00  +0.000e+00     58.91   2.394e-01    1.247     0.900   3.605e+00    99.01     0.00    62.44     0.00
*T   3  1.66e-02  -1.052e+00  +0.000e+00     71.03   2.246e-01    1.426     0.668   5.274e+00    98.93     0.00    58.02     0.00
*
**********************************************************************
*
*                 -- AUTOADJUST [12] OUT --
*
*     target: lo % = 60.000000      hi % = 65.000000
*     Autoadjust % = 58.015267
*     Autoadjust: Lowering the temperature 3.783e-04 [a.u.]
*
**********************************************************************
*
*                 -- Autoadjust Metropolis Run --
*
*   autoadjust_temp_init  =  1.6213e-02
*   autoadjust_temp_step  =  3.7834e-04
*        autoadjust_runs  =        1320         configs per temp
*       autoadjust_count  =          13
*
**********************************************************************
*
* Metropolis: 3 temperature runs with these parameters:
*
*              runs  =      1320              loops per T
*               T_0  = 1.621e-02             initial temp
*               T_L  = 1.620e-02               final temp
*           T_alpha  = 7.996e+03          annealing alpha
*
*            T = T_0 * exp( -run_num**3 / T_alpha )
*
**********************************************************************
*H run      Temp       E_ion        E_ss   cel vol       SigPF       ar     ortho        pCnt          % Rejected Changes
*H                                                                                                 trn      rot      lat      swp
*T   1  1.62e-02  -1.103e+00  +0.000e+00     67.86   2.068e-01    1.197     0.684   1.998e+00    99.32     0.00    64.70     0.00
*T   2  1.62e-02  -1.105e+00  +0.000e+00     68.32   2.166e-01    1.372     0.609   3.482e+00    99.39     0.00    64.32     0.00
*T   3  1.62e-02  -1.100e+00  +0.000e+00     65.24   2.022e-01    1.297     0.766   6.914e+00    98.41     0.00    64.09     0.00
*
**********************************************************************
*
*                 -- AUTOADJUST [13] OUT --
*
*     target: lo % = 60.000000      hi % = 65.000000
*     Autoadjust % = 64.090909
*     Autoadjust: temp = 1.621e-02  is good!  Exiting autoadjust.
*
**********************************************************************
*
* ------------------------------------------------------------
*              Autoadjust low temperatrure:
* ------------------------------------------------------------
*              Autoadjusting on 3 (1=trn,2=rot,3=lat,4=swp)
*
**********************************************************************
*
*                 -- Autoadjust Metropolis Run --
*
*   autoadjust_temp_init  =  2.0000e-02
*   autoadjust_temp_step  =  5.0000e-01
*        autoadjust_runs  =        1200         configs per temp
*       autoadjust_count  =           1
*
**********************************************************************
*
* Metropolis: 3 temperature runs with these parameters:
*
*              runs  =      1200              loops per T
*               T_0  = 2.000e-02             initial temp
*               T_L  = 2.000e-02               final temp
*           T_alpha  = 1.600e+08          annealing alpha
*
*            T = T_0 * exp( -run_num**3 / T_alpha )
*
**********************************************************************
*H run      Temp       E_ion        E_ss   cel vol       SigPF       ar     ortho        pCnt          % Rejected Changes
*H                                                                                                 trn      rot      lat      swp
*T   1  2.00e-02  -1.147e+00  +0.000e+00     55.71   2.269e-01    1.204     0.699   4.612e+00    99.67     0.00    58.50     0.00
*T   2  2.00e-02  -1.069e+00  +0.000e+00     56.13   2.128e-01    1.348     0.821   4.367e+00    98.25     0.00    59.33     0.00
*T   3  2.00e-02  -1.068e+00  +0.000e+00     68.04   2.118e-01    1.206     0.831   3.067e+00    98.08     0.00    53.67     0.00
*
**********************************************************************
*
*                 -- AUTOADJUST [1] OUT --
*
*     target: lo % = 95.000000      hi % = 99.900000
*     Autoadjust % = 53.666667
*     Autoadjust: special case: (T-Tstep) = -4.800e-01 [a.u.]
*     Autoadjust: special case: ===> drop temp step to: 2.250e-01 [a.u.]
*     Autoadjust: special case: (T-Tstep) = -2.050e-01 [a.u.]
*     Autoadjust: special case: ===> drop temp step to: 1.013e-01 [a.u.]
*     Autoadjust: special case: (T-Tstep) = -8.125e-02 [a.u.]
*     Autoadjust: special case: ===> drop temp step to: 4.556e-02 [a.u.]
*     Autoadjust: special case: (T-Tstep) = -2.556e-02 [a.u.]
*     Autoadjust: special case: ===> drop temp step to: 2.050e-02 [a.u.]
*     Autoadjust: special case: (T-Tstep) = -5.031e-04 [a.u.]
*     Autoadjust: special case: ===> drop temp step to: 9.226e-03 [a.u.]
*     Autoadjust: Lowering the temperature 9.226e-03 [a.u.]
*
**********************************************************************
*
*                 -- Autoadjust Metropolis Run --
*
*   autoadjust_temp_init  =  1.0774e-02
*   autoadjust_temp_step  =  9.2264e-03
*        autoadjust_runs  =        1210         configs per temp
*       autoadjust_count  =           2
*
**********************************************************************
*
* Metropolis: 3 temperature runs with these parameters:
*
*              runs  =      1210              loops per T
*               T_0  = 1.077e-02             initial temp
*               T_L  = 1.076e-02               final temp
*           T_alpha  = 7.996e+03          annealing alpha
*
*            T = T_0 * exp( -run_num**3 / T_alpha )
*
**********************************************************************
*H run      Temp       E_ion        E_ss   cel vol       SigPF       ar     ortho        pCnt          % Rejected Changes
*H                                                                                                 trn      rot      lat      swp
*T   1  1.08e-02  -1.099e+00  +0.000e+00     59.61   2.261e-01    1.269     0.867   1.491e+01    99.67     0.00    66.36     0.00
*T   2  1.08e-02  -1.170e+00  +0.000e+00     51.52   2.604e-01    1.133     0.814   7.713e+00    99.75     0.00    71.90     0.00
*T   3  1.08e-02  -1.105e+00  +0.000e+00     67.93   2.682e-01    1.320     0.706   6.571e+00    99.83     0.00    73.80     0.00
*
**********************************************************************
*
*                 -- AUTOADJUST [2] OUT --
*
*     target: lo % = 95.000000      hi % = 99.900000
*     Autoadjust % = 73.801653
*     Autoadjust: Lowering the temperature 9.226e-03 [a.u.]
*
**********************************************************************
*
*                 -- Autoadjust Metropolis Run --
*
*   autoadjust_temp_init  =  1.5472e-03
*   autoadjust_temp_step  =  9.2264e-03
*        autoadjust_runs  =        1220         configs per temp
*       autoadjust_count  =           3
*
**********************************************************************
*
* Metropolis: 3 temperature runs with these parameters:
*
*              runs  =      1220              loops per T
*               T_0  = 1.547e-03             initial temp
*               T_L  = 1.546e-03               final temp
*           T_alpha  = 7.996e+03          annealing alpha
*
*            T = T_0 * exp( -run_num**3 / T_alpha )
*
**********************************************************************
*H run      Temp       E_ion        E_ss   cel vol       SigPF       ar     ortho        pCnt          % Rejected Changes
*H                                                                                                 trn      rot      lat      swp
*T   1  1.55e-03  -1.158e+00  +0.000e+00     61.15   2.705e-01    1.246     0.674   3.413e+02    99.92     0.00    95.25     0.00
*T   2  1.55e-03  -1.162e+00  +0.000e+00     60.18   2.807e-01    1.239     0.671   1.020e+00   100.00     0.00    96.31     0.00
*T   3  1.55e-03  -1.153e+00  +0.000e+00     61.51   2.809e-01    1.200     0.673   2.282e+00   100.00     0.00    96.23     0.00
*
**********************************************************************
*
*                 -- AUTOADJUST [3] OUT --
*
*     target: lo % = 95.000000      hi % = 99.900000
*     Autoadjust % = 96.229508
*     Autoadjust: temp = 1.547e-03  is good!  Exiting autoadjust.
*
**********************************************************************
*
*
*          -- Initializing cell contents --
*
*
*
**********************************************************************
*
*            -- Starting Metropolis calculation --
*
*              temp_init  = 1.621e-02
*
**********************************************************************
*
* Metropolis: 15 temperature runs with these parameters:
*
*              runs  =      3600              loops per T
*               T_0  = 1.621e-02             initial temp
*               T_L  = 1.547e-03               final temp
*           T_alpha  = 1.168e+03          annealing alpha
*
*            T = T_0 * exp( -run_num**3 / T_alpha )
*
**********************************************************************
*H run      Temp       E_ion        E_ss   cel vol       SigPF       ar     ortho        pCnt          % Rejected Changes
*H                                                                                                 trn      rot      lat      swp
*M   1  1.62e-02  -1.095e+00  +0.000e+00     55.33   2.208e-01    1.508     0.721   5.081e+01    98.78     0.00    55.36     0.00
*M   2  1.62e-02  -1.148e+00  +0.000e+00     53.77   2.661e-01    1.389     0.609   5.590e+00    99.78     0.00    65.67     0.00
*M   3  1.61e-02  -1.090e+00  +0.000e+00     60.16   2.474e-01    1.405     0.610   4.991e+00    99.08     0.00    62.19     0.00
*M   4  1.58e-02  -1.112e+00  +0.000e+00     59.75   2.353e-01    1.702     0.525   4.274e+00    99.33     0.00    63.08     0.00
*M   5  1.53e-02  -1.139e+00  +0.000e+00     53.49   2.676e-01    1.918     0.488   5.738e+00    99.67     0.00    68.53     0.00
*M   6  1.46e-02  -1.135e+00  +0.000e+00     55.60   2.188e-01    1.794     0.555   8.021e+00    98.92     0.00    66.06     0.00
*M   7  1.35e-02  -1.107e+00  +0.000e+00     60.59   2.410e-01    1.483     0.498   6.290e+00    99.33     0.00    72.97     0.00
*M   8  1.21e-02  -1.127e+00  +0.000e+00     57.41   2.781e-01    1.589     0.506   4.855e+00    99.81     0.00    71.39     0.00
*M   9  1.05e-02  -1.074e+00  +0.000e+00     64.34   2.685e-01    1.320     0.735   7.230e+00    99.64     0.00    74.06     0.00
*M  10  8.69e-03  -1.112e+00  +0.000e+00     60.53   2.689e-01    2.059     0.500   8.001e+00    99.78     0.00    79.61     0.00
*M  11  6.89e-03  -1.165e+00  +0.000e+00     53.27   2.697e-01    1.876     0.555   7.391e+00    99.86     0.00    84.06     0.00
*M  12  5.19e-03  -1.175e+00  +0.000e+00     51.20   3.091e-01    1.787     0.574   3.336e+00   100.00     0.00    88.78     0.00
*M  13  3.69e-03  -1.174e+00  +0.000e+00     51.58   3.214e-01    1.788     0.566   3.785e+00   100.00     0.00    92.14     0.00
*M  14  2.47e-03  -1.174e+00  +0.000e+00     51.91   3.299e-01    1.851     0.556   1.822e+00   100.00     0.00    95.06     0.00
*M  15  1.55e-03  -1.179e+00  +0.000e+00     51.22   3.323e-01    1.882     0.556   1.399e+00   100.00     0.00    96.81     0.00
*
**********************************************************************
*
*
*          - Parameters at Post Ewald-Metro -
*
* Lattice parameters:
*
*             lat a  =    3.5850
*             lat b  =    6.7463
*             lat c  =    3.8066
*             alpha  =   34.4940
*             beta   =   89.2995
*             gamma  =   83.3574
*          cell vol  =   51.2196
*          cv/ortho  =    0.5563
*
* Energies:
*               ecc  = -1.1788e+00
*               eng  =  0.0000e+00
*
*
* Geometry:
*
*      packing frac  =    0.5085
*      aspect ratio  =    1.8818
*
* (dE/dV):
*                Px  =  7.1873e-03                    x-dir
*                Py  =  7.8628e-03                    y-dir
*                Pz  =  7.9652e-03                    z-dir
*
* Distances (PBC only):
*                                 min           hard           diff
*           ca1_ca1  =   1.000000e+06   2.320000e+00   9.999977e+05
*           ca1_ca2  =   1.000000e+06   1.160000e+00   9.999988e+05
*           ca1_ac1  =   2.884848e+00   2.830000e+00   5.484770e-02
*           ca1_av1  =   1.000000e+06  -1.000000e+00   1.000001e+06
*           ca1_ac2  =   1.000000e+06  -1.000000e+00   1.000001e+06
*           ca1_av2  =   1.000000e+06  -1.000000e+00   1.000001e+06
*           ca2_ca2  =   1.000000e+06   0.000000e+00   1.000000e+06
*           ca2_ac1  =   1.000000e+06   1.670000e+00   9.999983e+05
*           ca2_av1  =   1.000000e+06  -1.000000e+00   1.000001e+06
*           ca2_ac2  =   1.000000e+06  -1.000000e+00   1.000001e+06
*           ca2_av2  =   1.000000e+06  -1.000000e+00   1.000001e+06
*           ac1_ac1  =   1.000000e+06   3.340000e+00   9.999967e+05
*           ac1_av1  =   1.000000e+06  -1.000000e+00   1.000001e+06
*           ac1_ac2  =   1.000000e+06  -1.000000e+00   1.000001e+06
*           ac1_av2  =   1.000000e+06  -1.000000e+00   1.000001e+06
*           av1_av1  =   1.000000e+06  -1.000000e+00   1.000001e+06
*           av1_av2  =   1.000000e+06  -1.000000e+00   1.000001e+06
*           av2_av2  =   1.000000e+06  -1.000000e+00   1.000001e+06
*
*
*
**********************************************************************
*
*         - Comparing with 'best' structure -
*
****************************************************************
*
*          best ecc  = -1.1981e+00
*          best eng  =  0.0000e+00
*           ecc+eng  = -1.1981e+00
*          best vol  =  4.9590e+01
*           best pf  =  5.2525e-01
*
*     post_runs ecc  = -1.1788e+00
*     post_runs eng  =  0.0000e+00
*           ecc+eng  = -1.1788e+00
*     post_runs vol  =  5.1220e+01
*      post_runs pf  =  5.0854e-01
*
*       dV / V_runs  =  3.1815e-02
*
*          ecc_diff  = -1.9270e-02
*          eng_diff  =  0.0000e+00
*
*
****************************************************************
*
*  mag_ecc_diff > mag_eng_diff AND within BEST_VOL AND
* 'best' has lower energy than post runs! --> swapping.
*
****************************************************************
*
*
*          - Parameters at Post 'best-swap' -
*
* Lattice parameters:
*
*             lat a  =    4.1194
*             lat b  =    4.2785
*             lat c  =    3.7835
*             alpha  =  116.7000
*             beta   =  117.0025
*             gamma  =   94.5800
*          cell vol  =   49.5901
*          cv/ortho  =    0.7436
*
* Energies:
*               ecc  = -1.1981e+00
*               eng  =  0.0000e+00
*
*
* Geometry:
*
*      packing frac  =    0.5253
*      aspect ratio  =    1.1308
*
* (dE/dV):
*                Px  =  7.9371e-03                    x-dir
*                Py  =  9.8710e-03                    y-dir
*                Pz  =  6.3520e-03                    z-dir
*
* Distances (PBC only):
*                                 min           hard           diff
*           ca1_ca1  =   1.000000e+06   2.320000e+00   9.999977e+05
*           ca1_ca2  =   1.000000e+06   1.160000e+00   9.999988e+05
*           ca1_ac1  =   2.832679e+00   2.830000e+00   2.678763e-03
*           ca1_av1  =   1.000000e+06  -1.000000e+00   1.000001e+06
*           ca1_ac2  =   1.000000e+06  -1.000000e+00   1.000001e+06
*           ca1_av2  =   1.000000e+06  -1.000000e+00   1.000001e+06
*           ca2_ca2  =   1.000000e+06   0.000000e+00   1.000000e+06
*           ca2_ac1  =   1.000000e+06   1.670000e+00   9.999983e+05
*           ca2_av1  =   1.000000e+06  -1.000000e+00   1.000001e+06
*           ca2_ac2  =   1.000000e+06  -1.000000e+00   1.000001e+06
*           ca2_av2  =   1.000000e+06  -1.000000e+00   1.000001e+06
*           ac1_ac1  =   1.000000e+06   3.340000e+00   9.999967e+05
*           ac1_av1  =   1.000000e+06  -1.000000e+00   1.000001e+06
*           ac1_ac2  =   1.000000e+06  -1.000000e+00   1.000001e+06
*           ac1_av2  =   1.000000e+06  -1.000000e+00   1.000001e+06
*           av1_av1  =   1.000000e+06  -1.000000e+00   1.000001e+06
*           av1_av2  =   1.000000e+06  -1.000000e+00   1.000001e+06
*           av2_av2  =   1.000000e+06  -1.000000e+00   1.000001e+06
*
*
*
**********************************************************************
*
*         - Final Simplex relaxation with restarts -
*
**********************************************************************
*
*
****************************************************************
*
*
*        - Simplex Minimiziation Routine -
*
*
* Note: No aspect ratio constraint.
*
*
*            n_simp  =        15                   D.O.F.
*         simp_nmax  =      4500                max moves
*       simp_errlim  =  1.00e-08
*
*
*         - Initializing simplex arrays -
*
*
*      nfunk           rtol        pf        ar     ortho             e_ion              e_ss             e_tot
*X        11     9.3962e-03   0.52453   1.13084   0.74238    -1.1984765e+00     0.0000000e+00    -1.1984765e+00
*X      2000     2.9138e-06   0.53647   1.10219   0.73376    -1.2098705e+00     0.0000000e+00    -1.2098705e+00
*
*         simp_runs  =      3706               simp moves
*              rtol  =  9.98e-09               final rtol
*
* Simplex restart no. 1 of 10
*
*         - Initializing simplex arrays -
*
*
*      nfunk           rtol        pf        ar     ortho             e_ion              e_ss             e_tot
*X        12     1.4979e+00   0.53648   1.10218   0.73375    -1.2098803e+00     0.0000000e+00    -1.2098803e+00
*X      2001     1.3707e-06   0.57177   1.09643   0.75573    -1.2233224e+00     0.0000000e+00    -1.2233224e+00
*
*         simp_runs  =      3493               simp moves
*              rtol  =  9.49e-09               final rtol
*
* Simplex restart no. 2 of 10
*
*         - Initializing simplex arrays -
*
*
*      nfunk           rtol        pf        ar     ortho             e_ion              e_ss             e_tot
*X        11     1.4328e+00   0.57217   1.09642   0.75592    -1.2235332e+00     0.0000000e+00    -1.2235332e+00
*X      2000     5.1124e-08   0.57404   1.08061   0.74602    -1.2275863e+00     0.0000000e+00    -1.2275863e+00
*
*         simp_runs  =      2491               simp moves
*              rtol  =  9.57e-09               final rtol
*
* Simplex restart no. 3 of 10
*
*         - Initializing simplex arrays -
*
*
*      nfunk           rtol        pf        ar     ortho             e_ion              e_ss             e_tot
*X        11     1.4473e+00   0.57412   1.08308   0.74436    -1.2277030e+00     0.0000000e+00    -1.2277030e+00
*
*         simp_runs  =      1230               simp moves
*              rtol  =  9.38e-09               final rtol
*
* Simplex restart no. 4 of 10
*
*         - Initializing simplex arrays -
*
*
*      nfunk           rtol        pf        ar     ortho             e_ion              e_ss             e_tot
*X        11     1.4627e+00   0.57476   1.08036   0.74348    -1.2284712e+00     0.0000000e+00    -1.2284712e+00
*X      2000     4.1872e-06   0.57306   1.03774   0.72322    -1.2325310e+00     0.0000000e+00    -1.2325310e+00
*
*         simp_runs  =      3261               simp moves
*              rtol  =  9.70e-09               final rtol
*
* Simplex restart no. 5 of 10
*
*         - Initializing simplex arrays -
*
*
*      nfunk           rtol        pf        ar     ortho             e_ion              e_ss             e_tot
*X        11     1.4389e+00   0.57309   1.03790   0.72331    -1.2325418e+00     0.0000000e+00    -1.2325418e+00
*X      2001     9.5658e-07   0.57442   1.03308   0.71530    -1.2339820e+00     0.0000000e+00    -1.2339820e+00
*
*         simp_runs  =      3017               simp moves
*              rtol  =  9.72e-09               final rtol
*
* Simplex restart no. 6 of 10
*
*         - Initializing simplex arrays -
*
*
*      nfunk           rtol        pf        ar     ortho             e_ion              e_ss             e_tot
*X        11     1.4454e+00   0.57450   1.03358   0.71523    -1.2340312e+00     0.0000000e+00    -1.2340312e+00
*
*         simp_runs  =      1158               simp moves
*              rtol  =  9.74e-09               final rtol
*
* Simplex restart no. 7 of 10
*
*         - Initializing simplex arrays -
*
*
*      nfunk           rtol        pf        ar     ortho             e_ion              e_ss             e_tot
*X        12     1.4360e+00   0.57474   1.03395   0.71534    -1.2341827e+00     0.0000000e+00    -1.2341827e+00
*
*         simp_runs  =       868               simp moves
*              rtol  =  8.90e-09               final rtol
*
* Simplex restart no. 8 of 10
*
*         - Initializing simplex arrays -
*
*
*      nfunk           rtol        pf        ar     ortho             e_ion              e_ss             e_tot
*X        12     1.4360e+00   0.57474   1.03395   0.71534    -1.2341827e+00     0.0000000e+00    -1.2341827e+00
*
*         simp_runs  =       896               simp moves
*              rtol  =  9.83e-09               final rtol
*
* Simplex restart no. 9 of 10
*
*         - Initializing simplex arrays -
*
*
*      nfunk           rtol        pf        ar     ortho             e_ion              e_ss             e_tot
*X        12     1.4360e+00   0.57474   1.03395   0.71534    -1.2341827e+00     0.0000000e+00    -1.2341827e+00
*
*         simp_runs  =       879               simp moves
*              rtol  =  9.70e-09               final rtol
*
* Simplex restart no. 10 of 10
*
*         - Initializing simplex arrays -
*
*
*      nfunk           rtol        pf        ar     ortho             e_ion              e_ss             e_tot
*X        12     1.4360e+00   0.57474   1.03395   0.71534    -1.2341827e+00     0.0000000e+00    -1.2341827e+00
*
*         simp_runs  =       873               simp moves
*              rtol  =  9.82e-09               final rtol
*
****************************************************************
*
*          - Parameters at Post Simplex -
*
* Lattice parameters:
*
*             lat a  =    4.0697
*             lat b  =    3.9361
*             lat c  =    3.9551
*             alpha  =  119.6828
*             beta   =  119.5199
*             gamma  =   90.0345
*          cell vol  =   45.3206
*          cv/ortho  =    0.7153
*
* Energies:
*               ecc  = -1.2342e+00
*               eng  =  0.0000e+00
*
*
* Geometry:
*
*      packing frac  =    0.5747
*      aspect ratio  =    1.0340
*
* (dE/dV):
*                Px  =  1.0204e-02                    x-dir
*                Py  =  8.4309e-03                    y-dir
*                Pz  =  8.5976e-03                    z-dir
*
* Distances (PBC only):
*                                 min           hard           diff
*           ca1_ca1  =   1.000000e+06   2.320000e+00   9.999977e+05
*           ca1_ca2  =   1.000000e+06   1.160000e+00   9.999988e+05
*           ca1_ac1  =   2.830000e+00   2.830000e+00   3.340727e-08
*           ca1_av1  =   1.000000e+06  -1.000000e+00   1.000001e+06
*           ca1_ac2  =   1.000000e+06  -1.000000e+00   1.000001e+06
*           ca1_av2  =   1.000000e+06  -1.000000e+00   1.000001e+06
*           ca2_ca2  =   1.000000e+06   0.000000e+00   1.000000e+06
*           ca2_ac1  =   1.000000e+06   1.670000e+00   9.999983e+05
*           ca2_av1  =   1.000000e+06  -1.000000e+00   1.000001e+06
*           ca2_ac2  =   1.000000e+06  -1.000000e+00   1.000001e+06
*           ca2_av2  =   1.000000e+06  -1.000000e+00   1.000001e+06
*           ac1_ac1  =   1.000000e+06   3.340000e+00   9.999967e+05
*           ac1_av1  =   1.000000e+06  -1.000000e+00   1.000001e+06
*           ac1_ac2  =   1.000000e+06  -1.000000e+00   1.000001e+06
*           ac1_av2  =   1.000000e+06  -1.000000e+00   1.000001e+06
*           av1_av1  =   1.000000e+06  -1.000000e+00   1.000001e+06
*           av1_av2  =   1.000000e+06  -1.000000e+00   1.000001e+06
*           av2_av2  =   1.000000e+06  -1.000000e+00   1.000001e+06
*
*
***********************************************************
*        - Process and timing information -
*
* user time:   0 h 00 m 16.176192 s
* syst time:   0 h 00 m 00.014999 s
* signals: 0
* voluntary context switches: 8
* involuntary context switches: 18
*
***********************************************************
*SS symsearch output
*SS ( use:  | awk '($1=="*S"){print $0}' | sed 's/*S //' > temp.out )
*S Title
*S 1                 search type
*S 5.0 0.00001       displacement rms max min
*S 0.1 0.00001       strain rms max min
*S 1                 lattice input type
*S      4.06969     0.00000     0.00000
*S     -0.00237     3.93606     0.00000
*S     -1.94880    -1.95975     2.82926
*S 1 0 0
*S 0 1 0
*S 0 0 1
*S 2                 number of atoms
*S 11 0
*S      0.25073     0.67944     0.13033
*S      0.75035     0.17966     0.13015
*FF findsym output
*FF ( use:  | awk '($1=="*F"){print $0}' | sed 's/*F //' > temp.out )
*F Title
*F 0.001       displacement rms max min
*F 1                 lattice input type
*F      4.06969     0.00000     0.00000
*F     -0.00237     3.93606     0.00000
*F     -1.94880    -1.95975     2.82926
*F 1               basis vector in type
*F 1 0 0
*F 0 1 0
*F 0 0 1
*F 2                 number of atoms
*F 11 0
*F      0.25073     0.67944     0.13033
*F      0.75035     0.17966     0.13015
*DD powder output
*DD (use: | awk '($1=="*D"){print $0}' | sed 's/*D //' > temp.out )
*D 2
*D      4.06969     3.93606     3.95514
*D    119.68278   119.51986    90.03455
*D      0.25073     0.67944     0.13033        11
*D      0.75035     0.17966     0.13015         0
*PP poscar output
*PP (use: | awk '($1=="*P"){print $0}' | sed 's/*P //' > temp.out )
*P Z: 11 17 
*P 1.0 
*P      4.06968829     0.00000000     0.00000000
*P     -0.00237347     3.93605611     0.00000000
*P     -1.94879962    -1.95975390     2.82926074
*P 1 1 0 
*P Direct
*P       0.250727054609      0.679441964912      0.130333162665
*P       0.750348611806      0.179663089137      0.130151539875
*QQ poscar output
*QQ (use: | awk '($1=="*Q"){print $0}' | sed 's/*Q //' > temp.out )
*Q +1.000000000000 -1.000000000000 
*Q 1.0 
*Q      4.06968829     0.00000000     0.00000000
*Q     -0.00237347     3.93605611     0.00000000
*Q     -1.94879962    -1.95975390     2.82926074
*Q 1 1 0 
*Q Direct
*Q       0.250727054609      0.679441964912      0.130333162665
*Q       0.750348611806      0.179663089137      0.130151539875
*RR restart output
*RR (use: | awk '($1=="*R"){print $0}' | sed 's/*R //' > temp.out )
*R     4.069688293168    3.936056827304    3.955144960558
*R     2.088858620422    2.086015070577    1.571399333983
*R      1
*R      1     1
*R   -1.000000000000000   0.000000000000000
*R     0.000000000000    1.670000000000    0.000000000000    17     0
*R      1
*R      1   1.000000000000000
*R     1.160000000000    11
*R     0.250727054609    0.679441964912    0.130333162665
*R     0.750348611806    0.179663089137    0.130151539875
* XBS output
* CATION:
atom C     0.764775105    2.418900775    0.368746501
spec C     1.160000000    1.000000000    0.000000000    0.000000000
* ANION:
atom A     2.799619264    0.452099013    0.368232642
spec A     1.670000000    0.000000000    0.000000000    1.000000000
spec V     0.000000000    0.000000000    1.000000000    0.000000000
bonds A V  0.000000000    0.000000000    0.010000000    Black
* CELL PARAMETERS AND BORDER
atom 0    0.00000   0.00000   0.00000
atom 1    4.06969   0.00000   0.00000
atom 2    4.06731   3.93606   0.00000
atom 3   -0.00237   3.93606   0.00000
atom 4   -1.94880  -1.95975   2.82926
atom 5    2.12089  -1.95975   2.82926
atom 6    2.11852   1.97630   2.82926
atom 7   -1.95117   1.97630   2.82926
spec 0     0.050000000    0.000000000    0.000000000    0.000000000
spec 1     0.050000000    0.000000000    0.000000000    0.000000000
spec 2     0.050000000    0.000000000    0.000000000    0.000000000
spec 3     0.050000000    0.000000000    0.000000000    0.000000000
spec 4     0.050000000    0.000000000    0.000000000    0.000000000
spec 5     0.050000000    0.000000000    0.000000000    0.000000000
spec 6     0.050000000    0.000000000    0.000000000    0.000000000
spec 7     0.050000000    0.000000000    0.000000000    0.000000000
bonds 0 1  4.065618605    4.073757981    0.010000000    Black
bonds 3 2  4.065618605    4.073757981    0.010000000    Black
bonds 4 5  4.065618605    4.073757981    0.010000000    Black
bonds 6 7  4.065618605    4.073757981    0.010000000    Black
bonds 1 2  3.932120770    3.939992884    0.010000000    Black
bonds 0 3  3.932120770    3.939992884    0.010000000    Black
bonds 5 6  3.932120770    3.939992884    0.010000000    Black
bonds 4 7  3.932120770    3.939992884    0.010000000    Black
bonds 0 4  3.951189816    3.959100106    0.010000000    Black
bonds 1 5  3.951189816    3.959100106    0.010000000    Black
bonds 2 6  3.951189816    3.959100106    0.010000000    Black
bonds 3 7  3.951189816    3.959100106    0.010000000    Black
inc 5.000000
dup    4.06969   0.00000   0.00000
dup   -0.00237   3.93606   0.00000
dup   -1.94880  -1.95975   2.82926
