*************************************************
*	pack	(version 4.12.0.5)
*	Eric Majzoub
*	Sandia National Laboratories
*************************************************
*  Source file: main.c
*  Compile date: Dec 27 2012
*  Compile time: 17:19:04
*  commandline = /projects/e20438/bin/pack-4.12.0.5/pack_exe -f ../../NaCl_pegs.in -P -R -r 200 -t 15 -g 25411 
*  input file = ../../NaCl_pegs.in
**********************************************************************
**********************************************************************
**********************************************************************
* 
*       - General run comments -
* 
* WARN: no Rotations in Metropolis (-R flag).
* WARN: all anionic charge on center atom (-P flag).
*
**********************************************************************
*           - Input parameters -
*
*           restart  =         0         1 = restart calc
*        autoadjust  =         1   automatically set temp
*          aa_using  =         1        1=rej pct, 2=pCnt
*         basin hop  =         0           number of hops
*     non_per_ewald  =         0          1=nanopart calc
*
*             lat a  =   10.0000
*             lat b  =   10.0000
*             lat c  =   10.0000
*             alpha  =    1.5708
*             beta   =    1.5708
*             gamma  =    1.5708
*          cell vol  = 1000.0000
*      sqsh vol pct  =    0.2000
* 
*          cell_min  =    1.6700              min lat vec
*          cell_max  =  167.0000              max lat vec
* 
*         n_type_an  =         1          num type anions
*            num_an  =         1           tot num anions
* 
*          num_an_1  =         1        num anions type 1
*        num_vert_1  =         1     1=sph 2=dim 5=tet...
*       an_chrg_c_1  =   -1.0000      anion center charge
*       an_chrg_v_1  =    0.0000      anion vertex charge
*     tot_an_chrg_1  =   -1.0000       total anion charge
*           Rcent_1  =    1.6700         anion center rad
*           Rvert_1  =    0.0000         anion vertex rad
*             cvd_1  =    0.0000        cent to vert dist
*           Zcent_1  =        17           anion center Z
*           Zvert_1  =         0           anion vertex Z
* 
*          num_an_2  =         0        num anions type 2
*        num_vert_2  =         0     1=sph 2=dim 5=tet...
*       an_chrg_c_2  =    0.0000      anion center charge
*       an_chrg_v_2  =    0.0000      anion vertex charge
*     tot_an_chrg_2  =    0.0000       total anion charge
*           Rcent_2  =    0.0000         anion center rad
*           Rvert_2  =    0.0000         anion vertex rad
*             cvd_2  =    0.0000        cent to vert dist
*           Zcent_2  =         0           anion center Z
*           Zvert_2  =         0           anion vertex Z
* 
*         n_type_ca  =         1            num type cats
*            num_ca  =         1          tot num cations
* 
*          num_ca_1  =         1        num cations typ 1
*         ca_chrg_1  =    1.0000        cation chrg typ 1
*            Rcat_1  =    1.1600         cation rad typ 1
*            Zcat_1  =        11           cation Z typ 1
* 
*            C2VTOL  =  1.00e-08            c2v tolerance
*            ERRLIM  =  1.00e-06
*       REP_EPSILON  =  1.00e+00        soft sphere repul
*    TRANS_FRAC_MAX  =    0.5000                    fixed
*    TRANS_FRAC_MIN  =    0.0200
*      MAX_ANG_CHNG  =    9.9695                  degrees
*    VOLUM_FRAC_MAX  =    0.0700
*         EXT_PRESS  =  0.00e+00        external pressure
*      SQSH_VOL_PCT  =    0.2000             min orth val
*        ASPECT_MAX  =   20.0000                cell parm
*            dplane  =    1.6700            min plane sep
*      SCALE_FACTOR  =    1.2500         bhop max scaling
* 
*            d.o.f.  =        12       degrees of freedom
*          runs/dof  =       200         loops per d.o.f.
*              runs  =      2400              loops per T
*               ncc  =      9600     config changes per T
*            t_runs  =        15           num temp steps
*             efunc  =         0               0=SS  1=LJ
*       N_HALT_CHNG  =        15      halts after N 100%s
*
*      anneal_sched  =         3   0=lin or exp(-run_n^n)
*         temp_init  =  1.00e+00             initial temp
*         temp_finl  =  1.00e-03               final temp
* 
*          trn_chng  =         1              0=off  1=on
*          rot_chng  =         0              0=off  1=on
*          lat_chng  =         1              0=off  1=on
*          swp_chng  =         1              0=off  1=on
* 
*     SIMP_RESTARTS  =        11     no. simplex restarts
*  SIMP_RESTARTS BH  =        21  basin hop simp restarts
*         SIMP_NMAX  =      4500        max simplex iters
*          SIMP_DEG  =    1.0000          anion start deg
*         SIMP_LAMB  =    0.0100        vertex start frac
*       SIMP_ERRLIM  =  1.00e-08              error limit
* 
*           aa runs  =      1200           config changes
*      aa runs_step  =        10   config change increase
*       aa runs_max  =      1500  max auto config changes
*         aa t_runs  =         3            num temp runs
*      aa temp_step  =    0.5000                temp step
* 
*        aa chng hi  =         3  1=trn 2=rot 3=lat 4=swp
*        aa chng lo  =         3  1=trn 2=rot 3=lat 4=swp
* 
*      aa ht_pct_hi  =     0.650             high rej pct
*      aa ht_pct_lo  =     0.600             low  rej pct
* 
*      aa lt_pct_hi  =     0.999             high rej pct
*      aa lt_pct_lo  =     0.950             low  rej pct
* 
*            tmpfile =                   PR20426-best.tmp
* 
* Checking for out of bounds fractional coords.
*
**********************************************************************
*
*          - Parameters at START -
*
* Lattice parameters:
*
*             lat a  =   10.0000
*             lat b  =   10.0000
*             lat c  =   10.0000
*             alpha  =   90.0000
*             beta   =   90.0000
*             gamma  =   90.0000
*          cell vol  = 1000.0000
*          cv/ortho  =    1.0000
*
* Energies:
*               ecc  = -7.3598e-01
*               eng  =  0.0000e+00
*
*
* Geometry:
*
*      packing frac  =    0.0260
*      aspect ratio  =    1.0000
*
* (dE/dV):
*                Px  =  6.6063e-05                    x-dir
*                Py  =  6.8359e-04                    y-dir
*                Pz  = -1.3678e-05                    z-dir
*
* Distances (PBC only):
*                                 min           hard           diff
*           ca1_ca1  =   1.000000e+06   2.320000e+00   9.999977e+05
*           ca1_ca2  =   1.000000e+06   1.160000e+00   9.999988e+05
*           ca1_ac1  =   2.859257e+00   2.830000e+00   2.925743e-02
*           ca1_av1  =   1.000000e+06  -1.000000e+00   1.000001e+06
*           ca1_ac2  =   1.000000e+06  -1.000000e+00   1.000001e+06
*           ca1_av2  =   1.000000e+06  -1.000000e+00   1.000001e+06
*           ca2_ca2  =   1.000000e+06   0.000000e+00   1.000000e+06
*           ca2_ac1  =   1.000000e+06   1.670000e+00   9.999983e+05
*           ca2_av1  =   1.000000e+06  -1.000000e+00   1.000001e+06
*           ca2_ac2  =   1.000000e+06  -1.000000e+00   1.000001e+06
*           ca2_av2  =   1.000000e+06  -1.000000e+00   1.000001e+06
*           ac1_ac1  =   1.000000e+06   3.340000e+00   9.999967e+05
*           ac1_av1  =   1.000000e+06  -1.000000e+00   1.000001e+06
*           ac1_ac2  =   1.000000e+06  -1.000000e+00   1.000001e+06
*           ac1_av2  =   1.000000e+06  -1.000000e+00   1.000001e+06
*           av1_av1  =   1.000000e+06  -1.000000e+00   1.000001e+06
*           av1_av2  =   1.000000e+06  -1.000000e+00   1.000001e+06
*           av2_av2  =   1.000000e+06  -1.000000e+00   1.000001e+06
*
*
*
**********************************************************************
*
* ------------------------------------------------------------
*              Autoadjust high temperatrure:
* ------------------------------------------------------------
*              Autoadjusting on 3 (1=trn,2=rot,3=lat,4=swp)
*
**********************************************************************
*
*                 -- Autoadjust Metropolis Run --
*
*   autoadjust_temp_init  =  1.0000e+00
*   autoadjust_temp_step  =  5.0000e-01
*        autoadjust_runs  =        1200         configs per temp
*       autoadjust_count  =           1
*
**********************************************************************
*
* Metropolis: 3 temperature runs with these parameters:
*
*              runs  =      1200              loops per T
*               T_0  = 1.000e+00             initial temp
*               T_L  = 1.000e+00               final temp
*           T_alpha  = 8.000e+09          annealing alpha
*
*            T = T_0 * exp( -run_num**3 / T_alpha )
*
**********************************************************************
*H run      Temp       E_ion        E_ss   cel vol       SigPF       ar     ortho        pCnt          % Rejected Changes
*H                                                                                                 trn      rot      lat      swp
*T   1  1.00e+00  -7.399e-01  +0.000e+00    296.34   2.974e-02    2.910     0.465   3.456e-02    19.33     0.00     2.08     0.00
*T   2  1.00e+00  -1.746e-01  +0.000e+00    844.36   1.964e-02    3.432     0.763   6.733e-02    21.33     0.00     2.08     0.00
*T   3  1.00e+00  -7.960e-01  +0.000e+00    536.06   4.974e-02    1.991     0.526   7.066e-02    23.42     0.00     2.58     0.00
*
**********************************************************************
*
*                 -- AUTOADJUST [1] OUT --
*
*     target: lo % = 60.000000      hi % = 65.000000
*     Autoadjust % =  2.583333
*     Autoadjust: Lowering the temperature 5.000e-01 [a.u.]
*
**********************************************************************
*
*                 -- Autoadjust Metropolis Run --
*
*   autoadjust_temp_init  =  5.0000e-01
*   autoadjust_temp_step  =  5.0000e-01
*        autoadjust_runs  =        1210         configs per temp
*       autoadjust_count  =           2
*
**********************************************************************
*
* Metropolis: 3 temperature runs with these parameters:
*
*              runs  =      1210              loops per T
*               T_0  = 5.000e-01             initial temp
*               T_L  = 4.995e-01               final temp
*           T_alpha  = 7.996e+03          annealing alpha
*
*            T = T_0 * exp( -run_num**3 / T_alpha )
*
**********************************************************************
*H run      Temp       E_ion        E_ss   cel vol       SigPF       ar     ortho        pCnt          % Rejected Changes
*H                                                                                                 trn      rot      lat      swp
*T   1  5.00e-01  -3.031e-02  +0.000e+00    335.82   2.858e-02    3.344     0.409   1.946e-01    27.77     0.00     2.89     0.00
*T   2  5.00e-01  -2.971e-01  +0.000e+00   2647.81   2.320e-02    3.406     0.519   2.989e-01    25.62     0.00     2.23     0.00
*T   3  4.99e-01  -4.014e-01  +0.000e+00   1471.40   3.430e-02    1.716     0.271   1.474e-01    29.92     0.00     3.97     0.00
*
**********************************************************************
*
*                 -- AUTOADJUST [2] OUT --
*
*     target: lo % = 60.000000      hi % = 65.000000
*     Autoadjust % =  3.966942
*     Autoadjust: special case: (T-Tstep) = 0.000e+00 [a.u.]
*     Autoadjust: special case: ===> drop temp step to: 2.250e-01 [a.u.]
*     Autoadjust: Lowering the temperature 2.250e-01 [a.u.]
*
**********************************************************************
*
*                 -- Autoadjust Metropolis Run --
*
*   autoadjust_temp_init  =  2.7500e-01
*   autoadjust_temp_step  =  2.2500e-01
*        autoadjust_runs  =        1220         configs per temp
*       autoadjust_count  =           3
*
**********************************************************************
*
* Metropolis: 3 temperature runs with these parameters:
*
*              runs  =      1220              loops per T
*               T_0  = 2.750e-01             initial temp
*               T_L  = 2.747e-01               final temp
*           T_alpha  = 7.996e+03          annealing alpha
*
*            T = T_0 * exp( -run_num**3 / T_alpha )
*
**********************************************************************
*H run      Temp       E_ion        E_ss   cel vol       SigPF       ar     ortho        pCnt          % Rejected Changes
*H                                                                                                 trn      rot      lat      swp
*T   1  2.75e-01  -7.457e-01  +0.000e+00    342.89   3.615e-02    3.164     0.514   4.779e-01    49.75     0.00     7.79     0.00
*T   2  2.75e-01  -1.819e-01  +0.000e+00   3903.09   1.573e-02    3.505     0.231   3.545e-01    35.82     0.00     5.16     0.00
*T   3  2.75e-01  -3.817e-01  +0.000e+00  11431.22   9.842e-03    6.249     0.352   3.418e-01    24.18     0.00     4.92     0.00
*
**********************************************************************
*
*                 -- AUTOADJUST [3] OUT --
*
*     target: lo % = 60.000000      hi % = 65.000000
*     Autoadjust % =  4.918033
*     Autoadjust: Lowering the temperature 2.250e-01 [a.u.]
*
**********************************************************************
*
*                 -- Autoadjust Metropolis Run --
*
*   autoadjust_temp_init  =  5.0000e-02
*   autoadjust_temp_step  =  2.2500e-01
*        autoadjust_runs  =        1230         configs per temp
*       autoadjust_count  =           4
*
**********************************************************************
*
* Metropolis: 3 temperature runs with these parameters:
*
*              runs  =      1230              loops per T
*               T_0  = 5.000e-02             initial temp
*               T_L  = 4.995e-02               final temp
*           T_alpha  = 7.996e+03          annealing alpha
*
*            T = T_0 * exp( -run_num**3 / T_alpha )
*
**********************************************************************
*H run      Temp       E_ion        E_ss   cel vol       SigPF       ar     ortho        pCnt          % Rejected Changes
*H                                                                                                 trn      rot      lat      swp
*T   1  5.00e-02  -7.945e-01  +0.000e+00   2881.86   2.253e-03    3.873     0.688   2.992e+00    97.72     0.00    21.87     0.00
*T   2  5.00e-02  -8.591e-01  +0.000e+00    310.26   2.684e-02    2.987     0.409   3.628e+00    94.96     0.00    28.70     0.00
*T   3  5.00e-02  -7.567e-01  +0.000e+00    257.65   1.043e-01    2.845     0.309   3.605e+00    81.87     0.00    27.07     0.00
*
**********************************************************************
*
*                 -- AUTOADJUST [4] OUT --
*
*     target: lo % = 60.000000      hi % = 65.000000
*     Autoadjust % = 27.073171
*     Autoadjust: special case: (T-Tstep) = -1.750e-01 [a.u.]
*     Autoadjust: special case: ===> drop temp step to: 1.013e-01 [a.u.]
*     Autoadjust: special case: (T-Tstep) = -5.125e-02 [a.u.]
*     Autoadjust: special case: ===> drop temp step to: 4.556e-02 [a.u.]
*     Autoadjust: Lowering the temperature 4.556e-02 [a.u.]
*
**********************************************************************
*
*                 -- Autoadjust Metropolis Run --
*
*   autoadjust_temp_init  =  4.4375e-03
*   autoadjust_temp_step  =  4.5563e-02
*        autoadjust_runs  =        1240         configs per temp
*       autoadjust_count  =           5
*
**********************************************************************
*
* Metropolis: 3 temperature runs with these parameters:
*
*              runs  =      1240              loops per T
*               T_0  = 4.438e-03             initial temp
*               T_L  = 4.433e-03               final temp
*           T_alpha  = 7.996e+03          annealing alpha
*
*            T = T_0 * exp( -run_num**3 / T_alpha )
*
**********************************************************************
*H run      Temp       E_ion        E_ss   cel vol       SigPF       ar     ortho        pCnt          % Rejected Changes
*H                                                                                                 trn      rot      lat      swp
*T   1  4.44e-03  -9.673e-01  +0.000e+00    190.20   8.282e-02    2.701     0.361   5.599e+01    99.76     0.00    83.95     0.00
*T   2  4.44e-03  -9.636e-01  +0.000e+00    158.11   9.375e-02    2.564     0.359   1.619e+00   100.00     0.00    89.03     0.00
*T   3  4.43e-03  -1.030e+00  +0.000e+00     90.47   1.563e-01    2.506     0.371   3.034e+01    99.84     0.00    78.95     0.00
*
**********************************************************************
*
*                 -- AUTOADJUST [5] OUT --
*
*     target: lo % = 60.000000      hi % = 65.000000
*     Autoadjust % = 78.951613
*     Autoadjust: overshot! drop temp step to: 2.050e-02 [a.u.]
*     Autoadjust: Raising the temperature 2.050e-02 [a.u.]
*
**********************************************************************
*
*                 -- Autoadjust Metropolis Run --
*
*   autoadjust_temp_init  =  2.4941e-02
*   autoadjust_temp_step  =  2.0503e-02
*        autoadjust_runs  =        1250         configs per temp
*       autoadjust_count  =           6
*
**********************************************************************
*
* Metropolis: 3 temperature runs with these parameters:
*
*              runs  =      1250              loops per T
*               T_0  = 2.494e-02             initial temp
*               T_L  = 2.492e-02               final temp
*           T_alpha  = 7.996e+03          annealing alpha
*
*            T = T_0 * exp( -run_num**3 / T_alpha )
*
**********************************************************************
*H run      Temp       E_ion        E_ss   cel vol       SigPF       ar     ortho        pCnt          % Rejected Changes
*H                                                                                                 trn      rot      lat      swp
*T   1  2.49e-02  -9.946e-01  +0.000e+00     97.40   1.221e-01    1.743     0.320   2.590e+00    96.88     0.00    46.48     0.00
*T   2  2.49e-02  -9.781e-01  +0.000e+00    145.89   1.407e-01    1.812     0.353   6.255e+00    94.80     0.00    41.92     0.00
*T   3  2.49e-02  -9.453e-01  +0.000e+00    140.06   1.662e-01    1.374     0.465   4.646e+00    95.04     0.00    45.36     0.00
*
**********************************************************************
*
*                 -- AUTOADJUST [6] OUT --
*
*     target: lo % = 60.000000      hi % = 65.000000
*     Autoadjust % = 45.360000
*     Autoadjust: overshot! drop temp step to: 9.226e-03 [a.u.]
*     Autoadjust: Lowering the temperature 9.226e-03 [a.u.]
*
**********************************************************************
*
*                 -- Autoadjust Metropolis Run --
*
*   autoadjust_temp_init  =  1.5714e-02
*   autoadjust_temp_step  =  9.2264e-03
*        autoadjust_runs  =        1260         configs per temp
*       autoadjust_count  =           7
*
**********************************************************************
*
* Metropolis: 3 temperature runs with these parameters:
*
*              runs  =      1260              loops per T
*               T_0  = 1.571e-02             initial temp
*               T_L  = 1.570e-02               final temp
*           T_alpha  = 7.996e+03          annealing alpha
*
*            T = T_0 * exp( -run_num**3 / T_alpha )
*
**********************************************************************
*H run      Temp       E_ion        E_ss   cel vol       SigPF       ar     ortho        pCnt          % Rejected Changes
*H                                                                                                 trn      rot      lat      swp
*T   1  1.57e-02  -1.001e+00  +0.000e+00    164.28   1.039e-01    2.394     0.569   7.150e+00    98.81     0.00    53.89     0.00
*T   2  1.57e-02  -1.080e+00  +0.000e+00     98.65   1.294e-01    1.758     0.612   4.200e+00    99.68     0.00    49.60     0.00
*T   3  1.57e-02  -1.064e+00  +0.000e+00     71.11   1.052e-01    1.492     0.404   3.801e+00   100.00     0.00    47.94     0.00
*
**********************************************************************
*
*                 -- AUTOADJUST [7] OUT --
*
*     target: lo % = 60.000000      hi % = 65.000000
*     Autoadjust % = 47.936508
*     Autoadjust: Lowering the temperature 9.226e-03 [a.u.]
*
**********************************************************************
*
*                 -- Autoadjust Metropolis Run --
*
*   autoadjust_temp_init  =  6.4878e-03
*   autoadjust_temp_step  =  9.2264e-03
*        autoadjust_runs  =        1270         configs per temp
*       autoadjust_count  =           8
*
**********************************************************************
*
* Metropolis: 3 temperature runs with these parameters:
*
*              runs  =      1270              loops per T
*               T_0  = 6.488e-03             initial temp
*               T_L  = 6.481e-03               final temp
*           T_alpha  = 7.996e+03          annealing alpha
*
*            T = T_0 * exp( -run_num**3 / T_alpha )
*
**********************************************************************
*H run      Temp       E_ion        E_ss   cel vol       SigPF       ar     ortho        pCnt          % Rejected Changes
*H                                                                                                 trn      rot      lat      swp
*T   1  6.49e-03  -1.149e+00  +0.000e+00     55.74   2.849e-01    1.377     0.508   1.259e+01    99.92     0.00    79.45     0.00
*T   2  6.49e-03  -1.126e+00  +0.000e+00     58.62   2.595e-01    1.238     0.497   3.032e+00   100.00     0.00    78.19     0.00
*T   3  6.48e-03  -1.167e+00  +0.000e+00     50.07   2.619e-01    1.404     0.472   5.544e+00    99.84     0.00    74.65     0.00
*
**********************************************************************
*
*                 -- AUTOADJUST [8] OUT --
*
*     target: lo % = 60.000000      hi % = 65.000000
*     Autoadjust % = 74.645669
*     Autoadjust: overshot! drop temp step to: 4.152e-03 [a.u.]
*     Autoadjust: Raising the temperature 4.152e-03 [a.u.]
*
**********************************************************************
*
*                 -- Autoadjust Metropolis Run --
*
*   autoadjust_temp_init  =  1.0640e-02
*   autoadjust_temp_step  =  4.1519e-03
*        autoadjust_runs  =        1280         configs per temp
*       autoadjust_count  =           9
*
**********************************************************************
*
* Metropolis: 3 temperature runs with these parameters:
*
*              runs  =      1280              loops per T
*               T_0  = 1.064e-02             initial temp
*               T_L  = 1.063e-02               final temp
*           T_alpha  = 7.996e+03          annealing alpha
*
*            T = T_0 * exp( -run_num**3 / T_alpha )
*
**********************************************************************
*H run      Temp       E_ion        E_ss   cel vol       SigPF       ar     ortho        pCnt          % Rejected Changes
*H                                                                                                 trn      rot      lat      swp
*T   1  1.06e-02  -1.149e+00  +0.000e+00     50.31   2.790e-01    1.327     0.422   2.364e+00    99.92     0.00    70.70     0.00
*T   2  1.06e-02  -1.095e+00  +0.000e+00     64.95   2.323e-01    1.147     0.501   5.915e+00    99.45     0.00    68.98     0.00
*T   3  1.06e-02  -1.108e+00  +0.000e+00     59.52   2.325e-01    1.396     0.514   4.179e+00    99.38     0.00    72.89     0.00
*
**********************************************************************
*
*                 -- AUTOADJUST [9] OUT --
*
*     target: lo % = 60.000000      hi % = 65.000000
*     Autoadjust % = 72.890625
*     Autoadjust: Raising the temperature 4.152e-03 [a.u.]
*
**********************************************************************
*
*                 -- Autoadjust Metropolis Run --
*
*   autoadjust_temp_init  =  1.4792e-02
*   autoadjust_temp_step  =  4.1519e-03
*        autoadjust_runs  =        1290         configs per temp
*       autoadjust_count  =          10
*
**********************************************************************
*
* Metropolis: 3 temperature runs with these parameters:
*
*              runs  =      1290              loops per T
*               T_0  = 1.479e-02             initial temp
*               T_L  = 1.478e-02               final temp
*           T_alpha  = 7.996e+03          annealing alpha
*
*            T = T_0 * exp( -run_num**3 / T_alpha )
*
**********************************************************************
*H run      Temp       E_ion        E_ss   cel vol       SigPF       ar     ortho        pCnt          % Rejected Changes
*H                                                                                                 trn      rot      lat      swp
*T   1  1.48e-02  -1.132e+00  +0.000e+00     55.26   2.096e-01    1.273     0.410   8.645e+00    99.22     0.00    65.43     0.00
*T   2  1.48e-02  -1.035e+00  +0.000e+00     67.03   2.453e-01    1.664     0.438   5.145e+00    99.77     0.00    57.67     0.00
*T   3  1.48e-02  -1.044e+00  +0.000e+00     83.17   1.818e-01    1.712     0.378   9.635e+00    98.22     0.00    55.81     0.00
*
**********************************************************************
*
*                 -- AUTOADJUST [10] OUT --
*
*     target: lo % = 60.000000      hi % = 65.000000
*     Autoadjust % = 55.813953
*     Autoadjust: overshot! drop temp step to: 1.868e-03 [a.u.]
*     Autoadjust: Lowering the temperature 1.868e-03 [a.u.]
*
**********************************************************************
*
*                 -- Autoadjust Metropolis Run --
*
*   autoadjust_temp_init  =  1.2923e-02
*   autoadjust_temp_step  =  1.8683e-03
*        autoadjust_runs  =        1300         configs per temp
*       autoadjust_count  =          11
*
**********************************************************************
*
* Metropolis: 3 temperature runs with these parameters:
*
*              runs  =      1300              loops per T
*               T_0  = 1.292e-02             initial temp
*               T_L  = 1.291e-02               final temp
*           T_alpha  = 7.996e+03          annealing alpha
*
*            T = T_0 * exp( -run_num**3 / T_alpha )
*
**********************************************************************
*H run      Temp       E_ion        E_ss   cel vol       SigPF       ar     ortho        pCnt          % Rejected Changes
*H                                                                                                 trn      rot      lat      swp
*T   1  1.29e-02  -1.018e+00  +0.000e+00    191.34   1.454e-01    2.164     0.403   3.441e+00    99.23     0.00    61.85     0.00
*T   2  1.29e-02  -1.006e+00  +0.000e+00    208.32   9.657e-02    2.026     0.434   3.852e+00    99.92     0.00    55.69     0.00
*T   3  1.29e-02  -1.016e+00  +0.000e+00    230.63   9.649e-02    1.883     0.474   5.121e+00    99.92     0.00    54.23     0.00
*
**********************************************************************
*
*                 -- AUTOADJUST [11] OUT --
*
*     target: lo % = 60.000000      hi % = 65.000000
*     Autoadjust % = 54.230769
*     Autoadjust: Lowering the temperature 1.868e-03 [a.u.]
*
**********************************************************************
*
*                 -- Autoadjust Metropolis Run --
*
*   autoadjust_temp_init  =  1.1055e-02
*   autoadjust_temp_step  =  1.8683e-03
*        autoadjust_runs  =        1310         configs per temp
*       autoadjust_count  =          12
*
**********************************************************************
*
* Metropolis: 3 temperature runs with these parameters:
*
*              runs  =      1310              loops per T
*               T_0  = 1.105e-02             initial temp
*               T_L  = 1.104e-02               final temp
*           T_alpha  = 7.996e+03          annealing alpha
*
*            T = T_0 * exp( -run_num**3 / T_alpha )
*
**********************************************************************
*H run      Temp       E_ion        E_ss   cel vol       SigPF       ar     ortho        pCnt          % Rejected Changes
*H                                                                                                 trn      rot      lat      swp
*T   1  1.11e-02  -1.089e+00  +0.000e+00     71.16   2.328e-01    1.633     0.453   2.637e+01    99.39     0.00    68.85     0.00
*T   2  1.11e-02  -1.108e+00  +0.000e+00     66.95   2.549e-01    1.625     0.440   3.258e+00    99.69     0.00    73.97     0.00
*T   3  1.10e-02  -1.100e+00  +0.000e+00     68.65   2.448e-01    1.871     0.429   5.465e+00    99.39     0.00    72.37     0.00
*
**********************************************************************
*
*                 -- AUTOADJUST [12] OUT --
*
*     target: lo % = 60.000000      hi % = 65.000000
*     Autoadjust % = 72.366412
*     Autoadjust: overshot! drop temp step to: 8.408e-04 [a.u.]
*     Autoadjust: Raising the temperature 8.408e-04 [a.u.]
*
**********************************************************************
*
*                 -- Autoadjust Metropolis Run --
*
*   autoadjust_temp_init  =  1.1896e-02
*   autoadjust_temp_step  =  8.4076e-04
*        autoadjust_runs  =        1320         configs per temp
*       autoadjust_count  =          13
*
**********************************************************************
*
* Metropolis: 3 temperature runs with these parameters:
*
*              runs  =      1320              loops per T
*               T_0  = 1.190e-02             initial temp
*               T_L  = 1.188e-02               final temp
*           T_alpha  = 7.996e+03          annealing alpha
*
*            T = T_0 * exp( -run_num**3 / T_alpha )
*
**********************************************************************
*H run      Temp       E_ion        E_ss   cel vol       SigPF       ar     ortho        pCnt          % Rejected Changes
*H                                                                                                 trn      rot      lat      swp
*T   1  1.19e-02  -1.085e+00  +0.000e+00     60.33   2.383e-01    1.516     0.513   5.956e+00    99.70     0.00    66.89     0.00
*T   2  1.19e-02  -1.059e+00  +0.000e+00     69.93   2.501e-01    1.363     0.502   2.220e+00    99.55     0.00    70.45     0.00
*T   3  1.19e-02  -1.147e+00  +0.000e+00     54.60   2.365e-01    1.465     0.415   3.579e+00    99.09     0.00    69.09     0.00
*
**********************************************************************
*
*                 -- AUTOADJUST [13] OUT --
*
*     target: lo % = 60.000000      hi % = 65.000000
*     Autoadjust % = 69.090909
*     Autoadjust: Raising the temperature 8.408e-04 [a.u.]
*
**********************************************************************
*
*                 -- Autoadjust Metropolis Run --
*
*   autoadjust_temp_init  =  1.2736e-02
*   autoadjust_temp_step  =  8.4076e-04
*        autoadjust_runs  =        1330         configs per temp
*       autoadjust_count  =          14
*
**********************************************************************
*
* Metropolis: 3 temperature runs with these parameters:
*
*              runs  =      1330              loops per T
*               T_0  = 1.274e-02             initial temp
*               T_L  = 1.272e-02               final temp
*           T_alpha  = 7.996e+03          annealing alpha
*
*            T = T_0 * exp( -run_num**3 / T_alpha )
*
**********************************************************************
*H run      Temp       E_ion        E_ss   cel vol       SigPF       ar     ortho        pCnt          % Rejected Changes
*H                                                                                                 trn      rot      lat      swp
*T   1  1.27e-02  -1.131e+00  +0.000e+00     56.44   2.514e-01    1.576     0.507   4.209e+00    99.55     0.00    74.59     0.00
*T   2  1.27e-02  -1.060e+00  +0.000e+00     73.37   2.451e-01    1.522     0.436   5.006e+00    99.55     0.00    73.16     0.00
*T   3  1.27e-02  -1.118e+00  +0.000e+00     62.33   2.099e-01    1.405     0.578   8.046e+00    98.65     0.00    70.15     0.00
*
**********************************************************************
*
*                 -- AUTOADJUST [14] OUT --
*
*     target: lo % = 60.000000      hi % = 65.000000
*     Autoadjust % = 70.150376
*     Autoadjust: Raising the temperature 8.408e-04 [a.u.]
*
**********************************************************************
*
*                 -- Autoadjust Metropolis Run --
*
*   autoadjust_temp_init  =  1.3577e-02
*   autoadjust_temp_step  =  8.4076e-04
*        autoadjust_runs  =        1340         configs per temp
*       autoadjust_count  =          15
*
**********************************************************************
*
* Metropolis: 3 temperature runs with these parameters:
*
*              runs  =      1340              loops per T
*               T_0  = 1.358e-02             initial temp
*               T_L  = 1.356e-02               final temp
*           T_alpha  = 7.996e+03          annealing alpha
*
*            T = T_0 * exp( -run_num**3 / T_alpha )
*
**********************************************************************
*H run      Temp       E_ion        E_ss   cel vol       SigPF       ar     ortho        pCnt          % Rejected Changes
*H                                                                                                 trn      rot      lat      swp
*T   1  1.36e-02  -1.138e+00  +0.000e+00     49.46   2.576e-01    1.670     0.679   4.456e+00    99.48     0.00    67.69     0.00
*T   2  1.36e-02  -1.149e+00  +0.000e+00     52.55   2.893e-01    1.517     0.671   3.269e+00    99.93     0.00    69.40     0.00
*T   3  1.36e-02  -1.110e+00  +0.000e+00     62.04   2.799e-01    1.491     0.659   4.462e+00    99.78     0.00    67.84     0.00
*
**********************************************************************
*
*                 -- AUTOADJUST [15] OUT --
*
*     target: lo % = 60.000000      hi % = 65.000000
*     Autoadjust % = 67.835821
*     Autoadjust: Raising the temperature 8.408e-04 [a.u.]
*
**********************************************************************
*
*                 -- Autoadjust Metropolis Run --
*
*   autoadjust_temp_init  =  1.4418e-02
*   autoadjust_temp_step  =  8.4076e-04
*        autoadjust_runs  =        1350         configs per temp
*       autoadjust_count  =          16
*
**********************************************************************
*
* Metropolis: 3 temperature runs with these parameters:
*
*              runs  =      1350              loops per T
*               T_0  = 1.442e-02             initial temp
*               T_L  = 1.440e-02               final temp
*           T_alpha  = 7.996e+03          annealing alpha
*
*            T = T_0 * exp( -run_num**3 / T_alpha )
*
**********************************************************************
*H run      Temp       E_ion        E_ss   cel vol       SigPF       ar     ortho        pCnt          % Rejected Changes
*H                                                                                                 trn      rot      lat      swp
*T   1  1.44e-02  -1.149e+00  +0.000e+00     53.86   2.762e-01    1.491     0.707   2.921e+00   100.00     0.00    66.44     0.00
*T   2  1.44e-02  -1.106e+00  +0.000e+00     60.08   2.713e-01    1.314     0.736   2.962e+00    99.93     0.00    69.56     0.00
*T   3  1.44e-02  -1.082e+00  +0.000e+00     63.58   2.590e-01    1.469     0.550   6.604e+00    99.41     0.00    69.04     0.00
*
**********************************************************************
*
*                 -- AUTOADJUST [16] OUT --
*
*     target: lo % = 60.000000      hi % = 65.000000
*     Autoadjust % = 69.037037
*     Autoadjust: Raising the temperature 8.408e-04 [a.u.]
*
**********************************************************************
*
*                 -- Autoadjust Metropolis Run --
*
*   autoadjust_temp_init  =  1.5259e-02
*   autoadjust_temp_step  =  8.4076e-04
*        autoadjust_runs  =        1360         configs per temp
*       autoadjust_count  =          17
*
**********************************************************************
*
* Metropolis: 3 temperature runs with these parameters:
*
*              runs  =      1360              loops per T
*               T_0  = 1.526e-02             initial temp
*               T_L  = 1.524e-02               final temp
*           T_alpha  = 7.996e+03          annealing alpha
*
*            T = T_0 * exp( -run_num**3 / T_alpha )
*
**********************************************************************
*H run      Temp       E_ion        E_ss   cel vol       SigPF       ar     ortho        pCnt          % Rejected Changes
*H                                                                                                 trn      rot      lat      swp
*T   1  1.53e-02  -1.084e+00  +0.000e+00     55.29   2.738e-01    1.305     0.486   6.020e+00    99.63     0.00    68.31     0.00
*T   2  1.53e-02  -1.078e+00  +0.000e+00     68.19   2.101e-01    1.228     0.485   3.610e+00    98.68     0.00    60.59     0.00
*T   3  1.52e-02  -1.138e+00  +0.000e+00     60.96   2.192e-01    1.438     0.493   3.916e+00    99.26     0.00    59.56     0.00
*
**********************************************************************
*
*                 -- AUTOADJUST [17] OUT --
*
*     target: lo % = 60.000000      hi % = 65.000000
*     Autoadjust % = 59.558824
*     Autoadjust: overshot! drop temp step to: 3.783e-04 [a.u.]
*     Autoadjust: Lowering the temperature 3.783e-04 [a.u.]
*
**********************************************************************
*
*                 -- Autoadjust Metropolis Run --
*
*   autoadjust_temp_init  =  1.4880e-02
*   autoadjust_temp_step  =  3.7834e-04
*        autoadjust_runs  =        1370         configs per temp
*       autoadjust_count  =          18
*
**********************************************************************
*
* Metropolis: 3 temperature runs with these parameters:
*
*              runs  =      1370              loops per T
*               T_0  = 1.488e-02             initial temp
*               T_L  = 1.487e-02               final temp
*           T_alpha  = 7.996e+03          annealing alpha
*
*            T = T_0 * exp( -run_num**3 / T_alpha )
*
**********************************************************************
*H run      Temp       E_ion        E_ss   cel vol       SigPF       ar     ortho        pCnt          % Rejected Changes
*H                                                                                                 trn      rot      lat      swp
*T   1  1.49e-02  -1.082e+00  +0.000e+00     62.12   1.990e-01    1.450     0.387   6.492e+00    97.81     0.00    53.43     0.00
*T   2  1.49e-02  -1.104e+00  +0.000e+00     66.59   2.094e-01    1.343     0.521   4.447e+00    99.34     0.00    64.53     0.00
*T   3  1.49e-02  -1.061e+00  +0.000e+00     75.51   2.118e-01    1.408     0.525   5.736e+00    99.05     0.00    63.80     0.00
*
**********************************************************************
*
*                 -- AUTOADJUST [18] OUT --
*
*     target: lo % = 60.000000      hi % = 65.000000
*     Autoadjust % = 63.795620
*     Autoadjust: temp = 1.488e-02  is good!  Exiting autoadjust.
*
**********************************************************************
*
* ------------------------------------------------------------
*              Autoadjust low temperatrure:
* ------------------------------------------------------------
*              Autoadjusting on 3 (1=trn,2=rot,3=lat,4=swp)
*
**********************************************************************
*
*                 -- Autoadjust Metropolis Run --
*
*   autoadjust_temp_init  =  2.0000e-02
*   autoadjust_temp_step  =  5.0000e-01
*        autoadjust_runs  =        1200         configs per temp
*       autoadjust_count  =           1
*
**********************************************************************
*
* Metropolis: 3 temperature runs with these parameters:
*
*              runs  =      1200              loops per T
*               T_0  = 2.000e-02             initial temp
*               T_L  = 2.000e-02               final temp
*           T_alpha  = 1.600e+08          annealing alpha
*
*            T = T_0 * exp( -run_num**3 / T_alpha )
*
**********************************************************************
*H run      Temp       E_ion        E_ss   cel vol       SigPF       ar     ortho        pCnt          % Rejected Changes
*H                                                                                                 trn      rot      lat      swp
*T   1  2.00e-02  -1.066e+00  +0.000e+00     70.79   1.866e-01    1.306     0.531   6.398e+00    97.92     0.00    56.42     0.00
*T   2  2.00e-02  -1.059e+00  +0.000e+00     62.51   1.932e-01    1.321     0.511   3.959e+00    96.67     0.00    52.83     0.00
*T   3  2.00e-02  -1.076e+00  +0.000e+00     64.90   2.266e-01    1.092     0.711   4.147e+00    99.25     0.00    59.83     0.00
*
**********************************************************************
*
*                 -- AUTOADJUST [1] OUT --
*
*     target: lo % = 95.000000      hi % = 99.900000
*     Autoadjust % = 59.833333
*     Autoadjust: special case: (T-Tstep) = -4.800e-01 [a.u.]
*     Autoadjust: special case: ===> drop temp step to: 2.250e-01 [a.u.]
*     Autoadjust: special case: (T-Tstep) = -2.050e-01 [a.u.]
*     Autoadjust: special case: ===> drop temp step to: 1.013e-01 [a.u.]
*     Autoadjust: special case: (T-Tstep) = -8.125e-02 [a.u.]
*     Autoadjust: special case: ===> drop temp step to: 4.556e-02 [a.u.]
*     Autoadjust: special case: (T-Tstep) = -2.556e-02 [a.u.]
*     Autoadjust: special case: ===> drop temp step to: 2.050e-02 [a.u.]
*     Autoadjust: special case: (T-Tstep) = -5.031e-04 [a.u.]
*     Autoadjust: special case: ===> drop temp step to: 9.226e-03 [a.u.]
*     Autoadjust: Lowering the temperature 9.226e-03 [a.u.]
*
**********************************************************************
*
*                 -- Autoadjust Metropolis Run --
*
*   autoadjust_temp_init  =  1.0774e-02
*   autoadjust_temp_step  =  9.2264e-03
*        autoadjust_runs  =        1210         configs per temp
*       autoadjust_count  =           2
*
**********************************************************************
*
* Metropolis: 3 temperature runs with these parameters:
*
*              runs  =      1210              loops per T
*               T_0  = 1.077e-02             initial temp
*               T_L  = 1.076e-02               final temp
*           T_alpha  = 7.996e+03          annealing alpha
*
*            T = T_0 * exp( -run_num**3 / T_alpha )
*
**********************************************************************
*H run      Temp       E_ion        E_ss   cel vol       SigPF       ar     ortho        pCnt          % Rejected Changes
*H                                                                                                 trn      rot      lat      swp
*T   1  1.08e-02  -1.147e+00  +0.000e+00     45.39   2.801e-01    1.476     0.724   1.332e+01    99.75     0.00    71.24     0.00
*T   2  1.08e-02  -1.159e+00  +0.000e+00     44.92   3.462e-01    1.372     0.712   2.987e+00    99.92     0.00    77.19     0.00
*T   3  1.08e-02  -1.136e+00  +0.000e+00     57.48   2.908e-01    1.220     0.802   7.873e+00    99.92     0.00    74.21     0.00
*
**********************************************************************
*
*                 -- AUTOADJUST [2] OUT --
*
*     target: lo % = 95.000000      hi % = 99.900000
*     Autoadjust % = 74.214876
*     Autoadjust: Lowering the temperature 9.226e-03 [a.u.]
*
**********************************************************************
*
*                 -- Autoadjust Metropolis Run --
*
*   autoadjust_temp_init  =  1.5472e-03
*   autoadjust_temp_step  =  9.2264e-03
*        autoadjust_runs  =        1220         configs per temp
*       autoadjust_count  =           3
*
**********************************************************************
*
* Metropolis: 3 temperature runs with these parameters:
*
*              runs  =      1220              loops per T
*               T_0  = 1.547e-03             initial temp
*               T_L  = 1.546e-03               final temp
*           T_alpha  = 7.996e+03          annealing alpha
*
*            T = T_0 * exp( -run_num**3 / T_alpha )
*
**********************************************************************
*H run      Temp       E_ion        E_ss   cel vol       SigPF       ar     ortho        pCnt          % Rejected Changes
*H                                                                                                 trn      rot      lat      swp
*T   1  1.55e-03  -1.161e+00  +0.000e+00     53.74   3.152e-01    1.175     0.792   3.095e+02   100.00     0.00    96.23     0.00
*T   2  1.55e-03  -1.164e+00  +0.000e+00     52.97   3.190e-01    1.145     0.799   1.114e+00   100.00     0.00    95.41     0.00
*T   3  1.55e-03  -1.154e+00  +0.000e+00     54.23   3.160e-01    1.155     0.784   7.779e+00   100.00     0.00    95.33     0.00
*
**********************************************************************
*
*                 -- AUTOADJUST [3] OUT --
*
*     target: lo % = 95.000000      hi % = 99.900000
*     Autoadjust % = 95.327869
*     Autoadjust: temp = 1.547e-03  is good!  Exiting autoadjust.
*
**********************************************************************
*
*
*          -- Initializing cell contents --
*
*
*
**********************************************************************
*
*            -- Starting Metropolis calculation --
*
*              temp_init  = 1.488e-02
*
**********************************************************************
*
* Metropolis: 15 temperature runs with these parameters:
*
*              runs  =      2400              loops per T
*               T_0  = 1.488e-02             initial temp
*               T_L  = 1.547e-03               final temp
*           T_alpha  = 1.212e+03          annealing alpha
*
*            T = T_0 * exp( -run_num**3 / T_alpha )
*
**********************************************************************
*H run      Temp       E_ion        E_ss   cel vol       SigPF       ar     ortho        pCnt          % Rejected Changes
*H                                                                                                 trn      rot      lat      swp
*M   1  1.49e-02  -1.098e+00  +0.000e+00     59.64   2.316e-01    1.530     0.515   6.000e+01    98.88     0.00    59.79     0.00
*M   2  1.49e-02  -1.094e+00  +0.000e+00     67.31   2.267e-01    1.435     0.561   5.252e+00    98.75     0.00    67.00     0.00
*M   3  1.48e-02  -1.145e+00  +0.000e+00     50.48   2.523e-01    1.395     0.508   4.056e+00    99.54     0.00    67.42     0.00
*M   4  1.46e-02  -1.066e+00  +0.000e+00     66.43   2.181e-01    1.809     0.572   6.277e+00    98.58     0.00    62.62     0.00
*M   5  1.41e-02  -1.120e+00  +0.000e+00     58.49   2.412e-01    1.687     0.455   2.335e+00    99.88     0.00    61.29     0.00
*M   6  1.34e-02  -1.141e+00  +0.000e+00     58.57   2.307e-01    1.299     0.550   5.248e+00    99.12     0.00    64.83     0.00
*M   7  1.25e-02  -1.101e+00  +0.000e+00     61.18   2.434e-01    1.944     0.516   5.737e+00    99.75     0.00    73.04     0.00
*M   8  1.12e-02  -1.136e+00  +0.000e+00     60.13   2.807e-01    1.673     0.482   2.890e+00    99.92     0.00    80.50     0.00
*M   9  9.75e-03  -1.133e+00  +0.000e+00     55.74   2.811e-01    1.813     0.512   2.821e+00   100.00     0.00    80.42     0.00
*M  10  8.16e-03  -1.115e+00  +0.000e+00     53.75   3.021e-01    1.578     0.565   9.560e+00    99.96     0.00    83.92     0.00
*M  11  6.52e-03  -1.134e+00  +0.000e+00     54.85   3.109e-01    1.631     0.453   6.529e+00    99.92     0.00    82.00     0.00
*M  12  4.96e-03  -1.164e+00  +0.000e+00     51.64   3.051e-01    1.520     0.467   5.094e+00    99.96     0.00    84.92     0.00
*M  13  3.58e-03  -1.160e+00  +0.000e+00     51.62   3.202e-01    1.624     0.474   2.188e+00   100.00     0.00    90.62     0.00
*M  14  2.43e-03  -1.164e+00  +0.000e+00     51.32   3.268e-01    1.587     0.461   3.573e+00   100.00     0.00    92.29     0.00
*M  15  1.55e-03  -1.168e+00  +0.000e+00     50.47   3.372e-01    1.557     0.461   1.948e+00   100.00     0.00    96.12     0.00
*
**********************************************************************
*
*
*          - Parameters at Post Ewald-Metro -
*
* Lattice parameters:
*
*             lat a  =    3.7109
*             lat b  =    5.7777
*             lat c  =    5.1067
*             alpha  =   71.6626
*             beta   =   45.7550
*             gamma  =   43.9967
*          cell vol  =   50.4746
*          cv/ortho  =    0.4610
*
* Energies:
*               ecc  = -1.1681e+00
*               eng  =  0.0000e+00
*
*
* Geometry:
*
*      packing frac  =    0.5161
*      aspect ratio  =    1.5570
*
* (dE/dV):
*                Px  =  1.0602e-02                    x-dir
*                Py  =  7.4229e-03                    y-dir
*                Pz  =  5.1168e-03                    z-dir
*
* Distances (PBC only):
*                                 min           hard           diff
*           ca1_ca1  =   1.000000e+06   2.320000e+00   9.999977e+05
*           ca1_ca2  =   1.000000e+06   1.160000e+00   9.999988e+05
*           ca1_ac1  =   2.836033e+00   2.830000e+00   6.033395e-03
*           ca1_av1  =   1.000000e+06  -1.000000e+00   1.000001e+06
*           ca1_ac2  =   1.000000e+06  -1.000000e+00   1.000001e+06
*           ca1_av2  =   1.000000e+06  -1.000000e+00   1.000001e+06
*           ca2_ca2  =   1.000000e+06   0.000000e+00   1.000000e+06
*           ca2_ac1  =   1.000000e+06   1.670000e+00   9.999983e+05
*           ca2_av1  =   1.000000e+06  -1.000000e+00   1.000001e+06
*           ca2_ac2  =   1.000000e+06  -1.000000e+00   1.000001e+06
*           ca2_av2  =   1.000000e+06  -1.000000e+00   1.000001e+06
*           ac1_ac1  =   1.000000e+06   3.340000e+00   9.999967e+05
*           ac1_av1  =   1.000000e+06  -1.000000e+00   1.000001e+06
*           ac1_ac2  =   1.000000e+06  -1.000000e+00   1.000001e+06
*           ac1_av2  =   1.000000e+06  -1.000000e+00   1.000001e+06
*           av1_av1  =   1.000000e+06  -1.000000e+00   1.000001e+06
*           av1_av2  =   1.000000e+06  -1.000000e+00   1.000001e+06
*           av2_av2  =   1.000000e+06  -1.000000e+00   1.000001e+06
*
*
*
**********************************************************************
*
*         - Comparing with 'best' structure -
*
****************************************************************
*
*          best ecc  = -1.1965e+00
*          best eng  =  0.0000e+00
*           ecc+eng  = -1.1965e+00
*          best vol  =  4.5481e+01
*           best pf  =  5.7270e-01
*
*     post_runs ecc  = -1.1681e+00
*     post_runs eng  =  0.0000e+00
*           ecc+eng  = -1.1681e+00
*     post_runs vol  =  5.0475e+01
*      post_runs pf  =  5.1605e-01
*
*       dV / V_runs  =  9.8924e-02
*
*          ecc_diff  = -2.8440e-02
*          eng_diff  =  0.0000e+00
*
*
****************************************************************
*
*  mag_ecc_diff > mag_eng_diff AND within BEST_VOL AND
* 'best' has lower energy than post runs! --> swapping.
*
****************************************************************
*
*
*          - Parameters at Post 'best-swap' -
*
* Lattice parameters:
*
*             lat a  =    5.4172
*             lat b  =    3.7291
*             lat c  =    3.6481
*             alpha  =   91.8757
*             beta   =   49.4475
*             gamma  =   65.0859
*          cell vol  =   45.4814
*          cv/ortho  =    0.6171
*
* Energies:
*               ecc  = -1.1965e+00
*               eng  =  0.0000e+00
*
*
* Geometry:
*
*      packing frac  =    0.5727
*      aspect ratio  =    1.4849
*
* (dE/dV):
*                Px  =  8.8709e-03                    x-dir
*                Py  =  5.4166e-03                    y-dir
*                Pz  =  1.2020e-02                    z-dir
*
* Distances (PBC only):
*                                 min           hard           diff
*           ca1_ca1  =   1.000000e+06   2.320000e+00   9.999977e+05
*           ca1_ca2  =   1.000000e+06   1.160000e+00   9.999988e+05
*           ca1_ac1  =   2.851849e+00   2.830000e+00   2.184939e-02
*           ca1_av1  =   1.000000e+06  -1.000000e+00   1.000001e+06
*           ca1_ac2  =   1.000000e+06  -1.000000e+00   1.000001e+06
*           ca1_av2  =   1.000000e+06  -1.000000e+00   1.000001e+06
*           ca2_ca2  =   1.000000e+06   0.000000e+00   1.000000e+06
*           ca2_ac1  =   1.000000e+06   1.670000e+00   9.999983e+05
*           ca2_av1  =   1.000000e+06  -1.000000e+00   1.000001e+06
*           ca2_ac2  =   1.000000e+06  -1.000000e+00   1.000001e+06
*           ca2_av2  =   1.000000e+06  -1.000000e+00   1.000001e+06
*           ac1_ac1  =   1.000000e+06   3.340000e+00   9.999967e+05
*           ac1_av1  =   1.000000e+06  -1.000000e+00   1.000001e+06
*           ac1_ac2  =   1.000000e+06  -1.000000e+00   1.000001e+06
*           ac1_av2  =   1.000000e+06  -1.000000e+00   1.000001e+06
*           av1_av1  =   1.000000e+06  -1.000000e+00   1.000001e+06
*           av1_av2  =   1.000000e+06  -1.000000e+00   1.000001e+06
*           av2_av2  =   1.000000e+06  -1.000000e+00   1.000001e+06
*
*
*
**********************************************************************
*
*         - Final Simplex relaxation with restarts -
*
**********************************************************************
*
*
****************************************************************
*
*
*        - Simplex Minimiziation Routine -
*
*
* Note: No aspect ratio constraint.
*
*
*            n_simp  =        15                   D.O.F.
*         simp_nmax  =      4500                max moves
*       simp_errlim  =  1.00e-08
*
*
*         - Initializing simplex arrays -
*
*
*      nfunk           rtol        pf        ar     ortho             e_ion              e_ss             e_tot
*X        11     1.4438e+00   0.57270   1.48493   0.61713    -1.1965075e+00     0.0000000e+00    -1.1965075e+00
*X      2001     2.8753e-07   0.58675   1.53931   0.63260    -1.2125042e+00     0.0000000e+00    -1.2125042e+00
*
*         simp_runs  =      3643               simp moves
*              rtol  =  9.16e-09               final rtol
*
* Simplex restart no. 1 of 10
*
*         - Initializing simplex arrays -
*
*
*      nfunk           rtol        pf        ar     ortho             e_ion              e_ss             e_tot
*X        11     1.4936e+00   0.58680   1.53930   0.63258    -1.2125421e+00     0.0000000e+00    -1.2125421e+00
*X      2000     1.0307e-06   0.58677   1.54353   0.63338    -1.2134755e+00     0.0000000e+00    -1.2134755e+00
*
*         simp_runs  =      3314               simp moves
*              rtol  =  9.92e-09               final rtol
*
* Simplex restart no. 2 of 10
*
*         - Initializing simplex arrays -
*
*
*      nfunk           rtol        pf        ar     ortho             e_ion              e_ss             e_tot
*X        11     1.4866e+00   0.58687   1.54590   0.63417    -1.2135949e+00     0.0000000e+00    -1.2135949e+00
*
*         simp_runs  =      1235               simp moves
*              rtol  =  8.97e-09               final rtol
*
* Simplex restart no. 3 of 10
*
*         - Initializing simplex arrays -
*
*
*      nfunk           rtol        pf        ar     ortho             e_ion              e_ss             e_tot
*X        11     1.4861e+00   0.58715   1.54488   0.63428    -1.2138187e+00     0.0000000e+00    -1.2138187e+00
*
*         simp_runs  =       800               simp moves
*              rtol  =  9.53e-09               final rtol
*
* Simplex restart no. 4 of 10
*
*         - Initializing simplex arrays -
*
*
*      nfunk           rtol        pf        ar     ortho             e_ion              e_ss             e_tot
*X        11     1.4861e+00   0.58715   1.54488   0.63428    -1.2138187e+00     0.0000000e+00    -1.2138187e+00
*
*         simp_runs  =       832               simp moves
*              rtol  =  9.98e-09               final rtol
*
* Simplex restart no. 5 of 10
*
*         - Initializing simplex arrays -
*
*
*      nfunk           rtol        pf        ar     ortho             e_ion              e_ss             e_tot
*X        11     1.4861e+00   0.58715   1.54488   0.63428    -1.2138187e+00     0.0000000e+00    -1.2138187e+00
*
*         simp_runs  =       848               simp moves
*              rtol  =  9.94e-09               final rtol
*
* Simplex restart no. 6 of 10
*
*         - Initializing simplex arrays -
*
*
*      nfunk           rtol        pf        ar     ortho             e_ion              e_ss             e_tot
*X        11     1.4861e+00   0.58715   1.54488   0.63428    -1.2138187e+00     0.0000000e+00    -1.2138187e+00
*
*         simp_runs  =       831               simp moves
*              rtol  =  9.77e-09               final rtol
*
* Simplex restart no. 7 of 10
*
*         - Initializing simplex arrays -
*
*
*      nfunk           rtol        pf        ar     ortho             e_ion              e_ss             e_tot
*X        11     1.4861e+00   0.58715   1.54488   0.63428    -1.2138187e+00     0.0000000e+00    -1.2138187e+00
*
*         simp_runs  =       841               simp moves
*              rtol  =  9.74e-09               final rtol
*
* Simplex restart no. 8 of 10
*
*         - Initializing simplex arrays -
*
*
*      nfunk           rtol        pf        ar     ortho             e_ion              e_ss             e_tot
*X        11     1.4861e+00   0.58715   1.54488   0.63428    -1.2138187e+00     0.0000000e+00    -1.2138187e+00
*
*         simp_runs  =       841               simp moves
*              rtol  =  9.74e-09               final rtol
*
* Simplex restart no. 9 of 10
*
*         - Initializing simplex arrays -
*
*
*      nfunk           rtol        pf        ar     ortho             e_ion              e_ss             e_tot
*X        11     1.4861e+00   0.58715   1.54488   0.63428    -1.2138187e+00     0.0000000e+00    -1.2138187e+00
*
*         simp_runs  =       841               simp moves
*              rtol  =  9.74e-09               final rtol
*
* Simplex restart no. 10 of 10
*
*         - Initializing simplex arrays -
*
*
*      nfunk           rtol        pf        ar     ortho             e_ion              e_ss             e_tot
*X        11     1.4861e+00   0.58715   1.54488   0.63428    -1.2138187e+00     0.0000000e+00    -1.2138187e+00
*
*         simp_runs  =       841               simp moves
*              rtol  =  9.74e-09               final rtol
*
****************************************************************
*
*          - Parameters at Post Simplex -
*
* Lattice parameters:
*
*             lat a  =    5.3867
*             lat b  =    3.7237
*             lat c  =    3.4868
*             alpha  =   89.9902
*             beta   =   49.6568
*             gamma  =   64.9932
*          cell vol  =   44.3621
*          cv/ortho  =    0.6343
*
* Energies:
*               ecc  = -1.2138e+00
*               eng  =  0.0000e+00
*
*
* Geometry:
*
*      packing frac  =    0.5872
*      aspect ratio  =    1.5449
*
* (dE/dV):
*                Px  =  1.0441e-02                    x-dir
*                Py  =  1.0000e+04                    y-dir
*                Pz  =  1.0000e+04                    z-dir
*
* Distances (PBC only):
*                                 min           hard           diff
*           ca1_ca1  =   1.000000e+06   2.320000e+00   9.999977e+05
*           ca1_ca2  =   1.000000e+06   1.160000e+00   9.999988e+05
*           ca1_ac1  =   2.830437e+00   2.830000e+00   4.373098e-04
*           ca1_av1  =   1.000000e+06  -1.000000e+00   1.000001e+06
*           ca1_ac2  =   1.000000e+06  -1.000000e+00   1.000001e+06
*           ca1_av2  =   1.000000e+06  -1.000000e+00   1.000001e+06
*           ca2_ca2  =   1.000000e+06   0.000000e+00   1.000000e+06
*           ca2_ac1  =   1.000000e+06   1.670000e+00   9.999983e+05
*           ca2_av1  =   1.000000e+06  -1.000000e+00   1.000001e+06
*           ca2_ac2  =   1.000000e+06  -1.000000e+00   1.000001e+06
*           ca2_av2  =   1.000000e+06  -1.000000e+00   1.000001e+06
*           ac1_ac1  =   1.000000e+06   3.340000e+00   9.999967e+05
*           ac1_av1  =   1.000000e+06  -1.000000e+00   1.000001e+06
*           ac1_ac2  =   1.000000e+06  -1.000000e+00   1.000001e+06
*           ac1_av2  =   1.000000e+06  -1.000000e+00   1.000001e+06
*           av1_av1  =   1.000000e+06  -1.000000e+00   1.000001e+06
*           av1_av2  =   1.000000e+06  -1.000000e+00   1.000001e+06
*           av2_av2  =   1.000000e+06  -1.000000e+00   1.000001e+06
*
*
***********************************************************
*        - Process and timing information -
*
* user time:   0 h 00 m 17.062767 s
* syst time:   0 h 00 m 00.013998 s
* signals: 0
* voluntary context switches: 7
* involuntary context switches: 8
*
***********************************************************
*SS symsearch output
*SS ( use:  | awk '($1=="*S"){print $0}' | sed 's/*S //' > temp.out )
*S Title
*S 1                 search type
*S 5.0 0.00001       displacement rms max min
*S 0.1 0.00001       strain rms max min
*S 1                 lattice input type
*S      5.38674     0.00000     0.00000
*S      1.57410     3.37462     0.00000
*S      2.25725    -1.05224     2.44041
*S 1 0 0
*S 0 1 0
*S 0 0 1
*S 2                 number of atoms
*S 11 0
*S      0.03551     0.31185     0.56077
*S      0.67657     0.03128     0.41970
*FF findsym output
*FF ( use:  | awk '($1=="*F"){print $0}' | sed 's/*F //' > temp.out )
*F Title
*F 0.001       displacement rms max min
*F 1                 lattice input type
*F      5.38674     0.00000     0.00000
*F      1.57410     3.37462     0.00000
*F      2.25725    -1.05224     2.44041
*F 1               basis vector in type
*F 1 0 0
*F 0 1 0
*F 0 0 1
*F 2                 number of atoms
*F 11 0
*F      0.03551     0.31185     0.56077
*F      0.67657     0.03128     0.41970
*DD powder output
*DD (use: | awk '($1=="*D"){print $0}' | sed 's/*D //' > temp.out )
*D 2
*D      5.38674     3.72369     3.48683
*D     89.99019    49.65680    64.99318
*D      0.03551     0.31185     0.56077        11
*D      0.67657     0.03128     0.41970         0
*PP poscar output
*PP (use: | awk '($1=="*P"){print $0}' | sed 's/*P //' > temp.out )
*P Z: 11 17 
*P 1.0 
*P      5.38673554     0.00000000     0.00000000
*P      1.57409958     3.37461938     0.00000000
*P      2.25724887    -1.05224073     2.44040612
*P 1 1 0 
*P Direct
*P       0.035506524813      0.311850327937      0.560773568025
*P       0.676565207870      0.031283898809      0.419700914631
*QQ poscar output
*QQ (use: | awk '($1=="*Q"){print $0}' | sed 's/*Q //' > temp.out )
*Q +1.000000000000 -1.000000000000 
*Q 1.0 
*Q      5.38673554     0.00000000     0.00000000
*Q      1.57409958     3.37461938     0.00000000
*Q      2.25724887    -1.05224073     2.44040612
*Q 1 1 0 
*Q Direct
*Q       0.035506524813      0.311850327937      0.560773568025
*Q       0.676565207870      0.031283898809      0.419700914631
*RR restart output
*RR (use: | awk '($1=="*R"){print $0}' | sed 's/*R //' > temp.out )
*R     5.386735542392    3.723687077449    3.486827362011
*R     1.570625150652    0.866674599771    1.134345065039
*R      1
*R      1     1
*R   -1.000000000000000   0.000000000000000
*R     0.000000000000    1.670000000000    0.000000000000    17     0
*R      1
*R      1   1.000000000000000
*R     1.160000000000    11
*R     0.035506524813    0.311850327937    0.560773568025
*R     0.676565207870    0.031283898809    0.419700914631
* XBS output
* CATION:
atom C     1.947953231    0.462307372    1.368515249
spec C     1.160000000    1.000000000    0.000000000    0.000000000
* ANION:
atom A     4.641091239   -0.336055146    1.024240682
spec A     1.670000000    0.000000000    0.000000000    1.000000000
spec V     0.000000000    0.000000000    1.000000000    0.000000000
bonds A V  0.000000000    0.000000000    0.010000000    Black
* CELL PARAMETERS AND BORDER
atom 0    0.00000   0.00000   0.00000
atom 1    5.38674   0.00000   0.00000
atom 2    6.96084   3.37462   0.00000
atom 3    1.57410   3.37462   0.00000
atom 4    2.25725  -1.05224   2.44041
atom 5    7.64398  -1.05224   2.44041
atom 6    9.21808   2.32238   2.44041
atom 7    3.83135   2.32238   2.44041
spec 0     0.050000000    0.000000000    0.000000000    0.000000000
spec 1     0.050000000    0.000000000    0.000000000    0.000000000
spec 2     0.050000000    0.000000000    0.000000000    0.000000000
spec 3     0.050000000    0.000000000    0.000000000    0.000000000
spec 4     0.050000000    0.000000000    0.000000000    0.000000000
spec 5     0.050000000    0.000000000    0.000000000    0.000000000
spec 6     0.050000000    0.000000000    0.000000000    0.000000000
spec 7     0.050000000    0.000000000    0.000000000    0.000000000
bonds 0 1  5.381348807    5.392122278    0.010000000    Black
bonds 3 2  5.381348807    5.392122278    0.010000000    Black
bonds 4 5  5.381348807    5.392122278    0.010000000    Black
bonds 6 7  5.381348807    5.392122278    0.010000000    Black
bonds 1 2  3.719963390    3.727410765    0.010000000    Black
bonds 0 3  3.719963390    3.727410765    0.010000000    Black
bonds 5 6  3.719963390    3.727410765    0.010000000    Black
bonds 4 7  3.719963390    3.727410765    0.010000000    Black
bonds 0 4  3.483340535    3.490314189    0.010000000    Black
bonds 1 5  3.483340535    3.490314189    0.010000000    Black
bonds 2 6  3.483340535    3.490314189    0.010000000    Black
bonds 3 7  3.483340535    3.490314189    0.010000000    Black
inc 5.000000
dup    5.38674   0.00000   0.00000
dup    1.57410   3.37462   0.00000
dup    2.25725  -1.05224   2.44041
